2025-05-20T09:02:22.407843+0800 INFO INLONG CONNECT FAILED!
2025-05-20T09:02:24.504646+0800 INFO 获取播放库句柄成功
2025-05-20T09:02:24.732799+0800 INFO Login device succesed
2025-05-20T09:02:25.673032+0800 INFO Open preview successed
2025-05-20T09:02:25.748816+0800 INFO 播放库播放成功
2025-05-20T09:02:28.046307+0800 INFO 打印开始
2025-05-20T09:02:28.046307+0800 ERROR 'Ui_mainwindow' object has no attribute 'fgcode'
error file:D:\INLONG20250501301\AMPS1200.py
error line:2363
2025-05-20T09:02:28.674332+0800 INFO 打印开始
2025-05-20T09:02:28.674332+0800 ERROR 'Ui_mainwindow' object has no attribute 'fgcode'
error file:D:\INLONG20250501301\AMPS1200.py
error line:2363
2025-05-20T09:02:30.152771+0800 INFO UPDATE gcode:100方块.gcodeSUCCESS!
2025-05-20T09:02:31.180543+0800 INFO LOAD GCODE SUCCESS!
2025-05-20T09:02:31.562091+0800 ERROR 'NoneType' object has no attribute 'replace'
error file:D:\INLONG20250501301\AMPS1200.py
error line:2654
2025-05-20T09:02:31.585086+0800 INFO total E:45677118.389779635
2025-05-20T09:02:32.189239+0800 INFO 打印开始
2025-05-20T09:02:32.189239+0800 INFO Not connected to printer.
2025-05-20T09:02:32.753327+0800 INFO 打印开始
2025-05-20T09:02:32.754328+0800 INFO Not connected to printer.
2025-05-20T09:02:32.961386+0800 INFO 打印开始
2025-05-20T09:02:32.961386+0800 INFO Not connected to printer.
2025-05-20T09:02:33.130656+0800 INFO 打印开始
2025-05-20T09:02:33.131656+0800 INFO Not connected to printer.
2025-05-20T09:02:33.433706+0800 INFO 打印开始
2025-05-20T09:02:33.433706+0800 INFO Not connected to printer.
2025-05-20T09:02:33.727376+0800 INFO 打印开始
2025-05-20T09:02:33.727376+0800 INFO Not connected to printer.
2025-05-20T09:02:34.595145+0800 INFO 打印开始
2025-05-20T09:02:34.595145+0800 INFO Not connected to printer.
