2025-05-20T09:50:42.616290+0800 INFO INLONG CONNECT FAILED!
2025-05-20T09:50:44.392210+0800 INFO 获取播放库句柄成功
2025-05-20T09:50:45.092861+0800 INFO Login device succesed
2025-05-20T09:50:45.747912+0800 INFO Open preview successed
2025-05-20T09:50:45.878952+0800 INFO 播放库播放成功
2025-05-20T09:50:48.455240+0800 INFO 打印开始
2025-05-20T09:50:48.456235+0800 ERROR 'Ui_mainwindow' object has no attribute 'fgcode'
error file:D:\INLONG20250501301\AMPS1200.py
error line:2422
2025-05-20T09:50:49.153372+0800 INFO 打印开始
2025-05-20T09:50:49.154371+0800 ERROR 'Ui_mainwindow' object has no attribute 'fgcode'
error file:D:\INLONG20250501301\AMPS1200.py
error line:2422
2025-05-20T09:50:50.618276+0800 INFO UPDATE gcode:100方块.gcodeSUCCESS!
2025-05-20T09:50:51.538788+0800 INFO LOAD GCODE SUCCESS!
2025-05-20T09:50:51.918370+0800 ERROR 'NoneType' object has no attribute 'replace'
error file:D:\INLONG20250501301\AMPS1200.py
error line:2719
2025-05-20T09:50:51.941364+0800 INFO total E:45677118.389779635
2025-05-20T09:50:53.055063+0800 INFO 打印开始
2025-05-20T09:50:53.056062+0800 INFO Not connected to printer.
2025-05-20T09:50:54.561371+0800 INFO START PRINT SUCCESS!
2025-05-20T09:50:56.473535+0800 INFO 打印暂停
2025-05-20T09:50:57.635311+0800 INFO PAUSE PRINT SUCCESS!
2025-05-20T09:50:58.689598+0800 INFO 打印恢复
2025-05-20T09:50:59.458671+0800 INFO RESUME PRINT SUCCESS!
