2025-05-20T08:57:03.474854+0800 INFO INLONG CONNECT FAILED!
2025-05-20T08:57:05.481251+0800 INFO 获取播放库句柄成功
2025-05-20T08:57:06.582612+0800 INFO Login device succesed
2025-05-20T08:57:07.309939+0800 INFO Open preview successed
2025-05-20T08:57:07.417650+0800 INFO 播放库播放成功
2025-05-20T08:57:10.146197+0800 INFO 打印开始
2025-05-20T08:57:10.146197+0800 ERROR 'Ui_mainwindow' object has no attribute 'fgcode'
error file:D:\INLONG20250501301\AMPS1200.py
error line:2363
2025-05-20T08:57:10.745909+0800 INFO 打印开始
2025-05-20T08:57:10.745909+0800 ERROR 'Ui_mainwindow' object has no attribute 'fgcode'
error file:D:\INLONG20250501301\AMPS1200.py
error line:2363
2025-05-20T08:57:11.161812+0800 INFO 打印开始
2025-05-20T08:57:11.161812+0800 ERROR 'Ui_mainwindow' object has no attribute 'fgcode'
error file:D:\INLONG20250501301\AMPS1200.py
error line:2363
2025-05-20T08:57:12.813636+0800 INFO UPDATE gcode:100方块.gcodeSUCCESS!
2025-05-20T08:57:14.075910+0800 INFO LOAD GCODE SUCCESS!
2025-05-20T08:57:14.749604+0800 ERROR 'NoneType' object has no attribute 'replace'
error file:D:\INLONG20250501301\AMPS1200.py
error line:2653
2025-05-20T08:57:14.793618+0800 INFO total E:45677118.389779635
2025-05-20T08:57:15.690466+0800 INFO 打印开始
2025-05-20T08:57:15.690466+0800 INFO Not connected to printer.
2025-05-20T08:57:16.377100+0800 INFO 打印开始
2025-05-20T08:57:16.378109+0800 INFO Not connected to printer.
2025-05-20T08:57:16.786189+0800 INFO 打印开始
2025-05-20T08:57:16.786189+0800 INFO Not connected to printer.
2025-05-20T08:57:17.051088+0800 INFO 打印开始
2025-05-20T08:57:17.051088+0800 INFO Not connected to printer.
2025-05-20T08:57:53.082844+0800 INFO 打印开始
2025-05-20T08:57:53.083844+0800 INFO Not connected to printer.
2025-05-20T08:57:56.522232+0800 INFO UPDATE gcode:100方块.gcodeSUCCESS!
2025-05-20T08:57:56.522232+0800 INFO UPDATE gcode:100方块.gcodeSUCCESS!
2025-05-20T08:57:56.522232+0800 INFO UPDATE gcode:100方块.gcodeSUCCESS!
2025-05-20T08:57:57.208530+0800 INFO LOAD GCODE SUCCESS!
2025-05-20T08:57:57.614108+0800 ERROR 'NoneType' object has no attribute 'replace'
error file:D:\INLONG20250501301\AMPS1200.py
error line:2653
2025-05-20T08:57:57.638727+0800 INFO total E:45677118.389779635
2025-05-20T08:57:59.122529+0800 INFO 打印开始
2025-05-20T08:57:59.122529+0800 INFO Not connected to printer.
2025-05-20T08:58:00.705358+0800 INFO 打印开始
2025-05-20T08:58:00.706357+0800 INFO Not connected to printer.
2025-05-20T08:58:01.026699+0800 INFO 打印开始
2025-05-20T08:58:01.027699+0800 INFO Not connected to printer.
2025-05-20T08:58:01.202336+0800 INFO 打印开始
2025-05-20T08:58:01.202336+0800 INFO Not connected to printer.
2025-05-20T08:58:01.797457+0800 INFO 打印开始
2025-05-20T08:58:01.797457+0800 INFO Not connected to printer.
2025-05-20T08:58:02.013513+0800 INFO 打印开始
2025-05-20T08:58:02.013513+0800 INFO Not connected to printer.
