2025-04-06T21:50:59.501888+0800 INFO INLONG CONNECT FAILED!
2025-04-06T21:51:01.223550+0800 INFO INLONG CONNECT FAILED!
2025-04-06T21:51:01.803436+0800 INFO INLONG CONNECT FAILED!
2025-04-06T21:51:02.401500+0800 INFO INLONG CONNECT FAILED!
2025-04-06T21:51:02.920272+0800 INFO INLONG CONNECT FAILED!
2025-04-06T21:51:03.782498+0800 INFO INLONG CONNECT FAILED!
2025-04-06T21:51:04.222903+0800 INFO INLONG CONNECT FAILED!
2025-04-06T21:51:07.312282+0800 INFO INLONG CONNECT FAILED!
2025-04-06T21:51:08.089016+0800 INFO INLONG CONNECT FAILED!
2025-04-06T21:51:09.224352+0800 INFO INLONG CONNECT FAILED!
2025-04-06T21:51:09.743186+0800 INFO INLONG CONNECT FAILED!
2025-04-06T21:51:09.976507+0800 INFO INLONG CONNECT FAILED!
2025-04-06T21:51:10.159328+0800 INFO INLONG CONNECT FAILED!
2025-04-06T21:51:10.342672+0800 INFO INLONG CONNECT FAILED!
2025-04-06T21:51:10.513902+0800 INFO INLONG CONNECT FAILED!
2025-04-06T21:51:10.686849+0800 INFO INLONG CONNECT FAILED!
2025-04-06T21:51:10.858012+0800 INFO INLONG CONNECT FAILED!
2025-04-06T21:51:11.025098+0800 INFO INLONG CONNECT FAILED!
2025-04-06T21:51:11.177225+0800 INFO INLONG CONNECT FAILED!
2025-04-06T21:51:11.326857+0800 INFO INLONG CONNECT FAILED!
2025-04-06T21:51:11.509996+0800 INFO INLONG CONNECT FAILED!
2025-04-06T21:51:19.533755+0800 INFO UPDATE gcode:2个550圆圈.gcodeSUCCESS!
2025-04-06T21:51:20.348302+0800 INFO LOAD GCODE SUCCESS!
2025-04-06T21:52:15.042928+0800 ERROR 'NoneType' object has no attribute 'replace'
error file:D:\DY\INLONG20250320\AMPS1200.py
error line:740
2025-04-06T21:52:20.089943+0800 INFO total E:438781060.0853535
2025-04-06T21:53:22.167859+0800 INFO SENDG28 XSUCCESS!
