2025-05-22T16:25:42.105361+0800 INFO INLONG CONNECT FAILED!
2025-05-22T16:25:44.343264+0800 INFO 获取播放库句柄成功
2025-05-22T16:25:44.673197+0800 INFO Login device succesed
2025-05-22T16:25:45.429951+0800 INFO Open preview successed
2025-05-22T16:25:45.535679+0800 INFO 播放库播放成功
2025-05-22T16:25:48.204962+0800 INFO 打印开始
2025-05-22T16:25:48.204962+0800 ERROR 'Ui_mainwindow' object has no attribute 'fgcode'
error file:D:\INLONG2025052101(UI)\AMPS1200.py
error line:2673
2025-05-22T16:25:50.155882+0800 INFO UPDATE gcode:100方块.gcodeSUCCESS!
2025-05-22T16:25:50.864146+0800 INFO LOAD GCODE SUCCESS!
2025-05-22T16:25:51.283187+0800 ERROR 'NoneType' object has no attribute 'replace'
error file:D:\INLONG2025052101(UI)\AMPS1200.py
error line:2973
2025-05-22T16:25:51.305202+0800 INFO total E:45677118.389779635
2025-05-22T16:25:51.918963+0800 INFO 打印开始
2025-05-22T16:25:51.919958+0800 INFO Not connected to printer.
2025-05-22T16:25:53.277409+0800 INFO START PRINT SUCCESS!
2025-05-22T16:25:55.421855+0800 INFO 打印暂停
2025-05-22T16:25:56.438807+0800 INFO PAUSE PRINT SUCCESS!
