2025-05-20T10:01:22.213708+0800 INFO INLONG CONNECT FAILED!
2025-05-20T10:01:24.060520+0800 INFO 获取播放库句柄成功
2025-05-20T10:01:27.566144+0800 INFO Login device fail, error code is: 7
2025-05-20T10:01:27.612291+0800 INFO Login device succesed
2025-05-20T10:01:28.248999+0800 INFO Open preview fail, error code is: 3
2025-05-20T10:01:28.248999+0800 INFO Open preview successed
2025-05-20T10:01:31.497707+0800 INFO UPDATE gcode:100方块.gcodeSUCCESS!
2025-05-20T10:01:32.206014+0800 INFO LOAD GCODE SUCCESS!
2025-05-20T10:01:32.576941+0800 ERROR 'NoneType' object has no attribute 'replace'
error file:D:\INLONG20250501301\AMPS1200.py
error line:2720
2025-05-20T10:01:32.602023+0800 INFO total E:45677118.389779635
2025-05-20T10:01:33.779931+0800 INFO 打印开始
2025-05-20T10:01:33.780929+0800 INFO Not connected to printer.
2025-05-20T10:01:35.322411+0800 INFO START PRINT SUCCESS!
2025-05-20T10:01:36.642943+0800 INFO 打印暂停
2025-05-20T10:01:38.017164+0800 INFO PAUSE PRINT SUCCESS!
2025-05-20T10:01:42.809686+0800 INFO 打印恢复
2025-05-20T10:01:43.898523+0800 INFO RESUME PRINT SUCCESS!
2025-05-20T10:01:45.266609+0800 INFO 打印暂停
2025-05-20T10:01:46.399382+0800 INFO PAUSE PRINT SUCCESS!
2025-05-20T10:01:47.613896+0800 INFO 打印恢复
2025-05-20T10:01:49.052484+0800 INFO RESUME PRINT SUCCESS!
2025-05-20T10:01:49.994667+0800 INFO 打印暂停
2025-05-20T10:01:50.855069+0800 INFO PAUSE PRINT SUCCESS!
2025-05-20T10:01:59.731307+0800 INFO 打印恢复
2025-05-20T10:02:00.831074+0800 INFO RESUME PRINT SUCCESS!
2025-05-20T10:02:01.880243+0800 INFO 打印暂停
2025-05-20T10:02:02.618494+0800 INFO PAUSE PRINT SUCCESS!
2025-05-20T10:02:03.703188+0800 INFO 打印恢复
2025-05-20T10:02:04.539979+0800 INFO RESUME PRINT SUCCESS!
2025-05-20T10:02:07.978992+0800 INFO 打印暂停
2025-05-20T10:02:09.142221+0800 INFO PAUSE PRINT SUCCESS!
2025-05-20T10:02:13.968211+0800 INFO 打印恢复
2025-05-20T10:02:15.247416+0800 INFO RESUME PRINT SUCCESS!
