2025-05-20T09:52:27.918349+0800 INFO INLONG CONNECT FAILED!
2025-05-20T09:52:29.691199+0800 INFO 获取播放库句柄成功
2025-05-20T09:52:30.884820+0800 INFO Login device succesed
2025-05-20T09:52:31.505785+0800 INFO Open preview successed
2025-05-20T09:52:31.619159+0800 INFO 播放库播放成功
2025-05-20T09:52:34.623270+0800 INFO 打印开始
2025-05-20T09:52:34.623270+0800 ERROR 'Ui_mainwindow' object has no attribute 'fgcode'
error file:D:\INLONG20250501301\AMPS1200.py
error line:2422
2025-05-20T09:52:36.161971+0800 INFO UPDATE gcode:100方块.gcodeSUCCESS!
2025-05-20T09:52:36.880306+0800 INFO LOAD GCODE SUCCESS!
2025-05-20T09:52:37.251044+0800 ERROR 'NoneType' object has no attribute 'replace'
error file:D:\INLONG20250501301\AMPS1200.py
error line:2719
2025-05-20T09:52:37.273038+0800 INFO total E:45677118.389779635
2025-05-20T09:52:38.326540+0800 INFO 打印开始
2025-05-20T09:52:38.327542+0800 INFO Not connected to printer.
2025-05-20T09:52:40.854935+0800 INFO START PRINT SUCCESS!
2025-05-20T09:52:43.531434+0800 INFO 打印暂停
2025-05-20T09:52:45.019401+0800 INFO PAUSE PRINT SUCCESS!
2025-05-20T09:52:46.225621+0800 INFO 打印恢复
2025-05-20T09:52:47.138197+0800 INFO RESUME PRINT SUCCESS!
