2025-05-09T16:25:40.039889+0800 INFO INLONG CONNECT FAILED!
2025-05-09T16:26:27.106351+0800 INFO 获取播放库句柄成功
2025-05-09T16:27:15.121040+0800 INFO Login device fail, error code is: 7
2025-05-09T16:27:42.504874+0800 INFO Login device succesed
2025-05-09T16:27:48.068640+0800 INFO Open preview fail, error code is: 3
2025-05-09T16:27:49.867242+0800 INFO Open preview successed
2025-05-09T16:28:16.300126+0800 INFO 获取播放库句柄成功
2025-05-09T16:28:24.271832+0800 INFO Login device fail, error code is: 7
2025-05-09T16:28:26.028251+0800 INFO Login device succesed
2025-05-09T16:28:35.610899+0800 INFO Open preview fail, error code is: 3
2025-05-09T16:28:38.114856+0800 INFO Open preview successed
2025-05-09T16:29:03.966855+0800 INFO 获取播放库句柄成功
2025-05-09T16:29:07.484466+0800 INFO Login device fail, error code is: 7
2025-05-09T16:29:07.533335+0800 INFO Login device succesed
2025-05-09T16:29:07.535348+0800 INFO Open preview fail, error code is: 3
2025-05-09T16:29:07.535348+0800 INFO Open preview successed
2025-05-09T16:29:11.578096+0800 INFO 获取播放库句柄成功
2025-05-09T16:29:15.081150+0800 INFO Login device fail, error code is: 7
2025-05-09T16:29:15.129500+0800 INFO Login device succesed
2025-05-09T16:29:15.134681+0800 INFO Open preview fail, error code is: 3
2025-05-09T16:29:15.134681+0800 INFO Open preview successed
