2025-05-15T14:10:56.241167+0800 INFO INLONG CONNECT FAILED!
2025-05-15T14:10:57.972219+0800 INFO 获取播放库句柄成功
2025-05-15T14:10:58.536375+0800 INFO Login device succesed
2025-05-15T14:10:58.775046+0800 INFO Open preview successed
2025-05-15T14:10:58.875573+0800 INFO 播放库播放成功
2025-05-15T14:11:01.534562+0800 INFO INLONG CONNECT FAILED!
2025-05-15T14:11:02.588115+0800 INFO INLONG CONNECT FAILED!
2025-05-15T14:11:03.205109+0800 INFO INLONG CONNECT FAILED!
2025-05-15T14:11:03.529383+0800 INFO INLONG CONNECT FAILED!
2025-05-15T14:11:03.756383+0800 INFO INLONG CONNECT FAILED!
2025-05-15T14:11:11.137630+0800 INFO UPDATE gcode:100方块.gcodeSUCCESS!
2025-05-15T14:11:12.287878+0800 INFO LOAD GCODE SUCCESS!
2025-05-15T14:11:13.230556+0800 ERROR 'NoneType' object has no attribute 'replace'
error file:D:\INLONG20250501301\AMPS1200.py
error line:2589
2025-05-15T14:11:13.297072+0800 INFO total E:45677118.389779635
2025-05-15T14:11:16.906391+0800 INFO 打印开始
2025-05-15T14:11:16.906391+0800 INFO Not connected to printer.
2025-05-15T14:11:17.286330+0800 INFO 打印开始
2025-05-15T14:11:17.286330+0800 INFO Not connected to printer.
2025-05-15T14:11:17.751090+0800 INFO 打印开始
2025-05-15T14:11:17.751090+0800 INFO Not connected to printer.
2025-05-15T14:11:17.970138+0800 INFO 打印开始
2025-05-15T14:11:17.970138+0800 INFO Not connected to printer.
2025-05-15T14:11:18.158110+0800 INFO 打印开始
2025-05-15T14:11:18.159107+0800 INFO Not connected to printer.
