2025-05-16T14:18:54.542279+0800 INFO INLONG CONNECT FAILED!
2025-05-16T14:18:56.024796+0800 INFO 获取播放库句柄成功
2025-05-16T14:18:56.419217+0800 INFO Login device succesed
2025-05-16T14:18:57.050406+0800 INFO Open preview successed
2025-05-16T14:18:57.167918+0800 INFO 播放库播放成功
2025-05-16T14:19:09.580623+0800 INFO SET EXTRU TEMP:88999M success!
2025-05-16T14:19:14.019826+0800 INFO SET BED TEMP:77 success!
2025-05-16T14:19:15.390351+0800 INFO INLONG CONNECT FAILED!
2025-05-16T14:19:19.227574+0800 INFO SEND 
2025-05-16T14:19:19.444685+0800 INFO SEND 
2025-05-16T14:19:19.926360+0800 INFO SENDG28 XSUCCESS!
2025-05-16T14:19:21.614160+0800 INFO UPDATE gcode:100方块.gcodeSUCCESS!
2025-05-16T14:19:22.703105+0800 INFO LOAD GCODE SUCCESS!
2025-05-16T14:19:23.075113+0800 ERROR 'NoneType' object has no attribute 'replace'
error file:D:\INLONG20250501301\AMPS1200.py
error line:2618
2025-05-16T14:19:23.097114+0800 INFO total E:45677118.389779635
2025-05-16T14:19:24.359722+0800 INFO 打印开始
2025-05-16T14:19:24.360719+0800 INFO Not connected to printer.
2025-05-16T14:19:24.591800+0800 INFO 打印开始
2025-05-16T14:19:24.591800+0800 INFO Not connected to printer.
