2025-04-07T08:59:11.677541+0800 ERROR 'Ui_mainwindow' object has no attribute 'statuschecker'
error file:D:\DY\INLONG20250320\AMPS1200.py
error line:315
2025-04-07T08:59:15.952573+0800 INFO Login device fail, error code is: 7
2025-04-07T08:59:16.041063+0800 INFO Open preview fail, error code is: 3
2025-04-07T08:59:20.564853+0800 INFO UPDATE gcode:100方块.gcodeSUCCESS!
2025-04-07T08:59:21.439803+0800 INFO LOAD GCODE SUCCESS!
2025-04-07T08:59:21.934177+0800 ERROR 'NoneType' object has no attribute 'replace'
error file:D:\DY\INLONG20250320\AMPS1200.py
error line:1017
2025-04-07T08:59:21.964941+0800 INFO total E:45677118.389779635
2025-04-07T08:59:23.581572+0800 ERROR 'Ui_mainwindow' object has no attribute 'label_start'
error file:D:\DY\INLONG20250320\AMPS1200.py
error line:915
2025-04-07T08:59:26.493882+0800 ERROR 'Ui_mainwindow' object has no attribute 'label_start'
error file:D:\DY\INLONG20250320\AMPS1200.py
error line:915
2025-04-07T08:59:31.619788+0800 ERROR 'Ui_mainwindow' object has no attribute 'label_start'
error file:D:\DY\INLONG20250320\AMPS1200.py
error line:915
