2025-05-20T10:11:26.251696+0800 INFO INLONG CONNECT FAILED!
2025-05-20T10:11:28.068288+0800 INFO 获取播放库句柄成功
2025-05-20T10:11:28.387494+0800 INFO Login device succesed
2025-05-20T10:11:29.151483+0800 INFO Open preview successed
2025-05-20T10:11:29.232143+0800 INFO 播放库播放成功
2025-05-20T10:11:31.701831+0800 INFO UPDATE gcode:100方块.gcodeSUCCESS!
2025-05-20T10:11:32.377740+0800 INFO LOAD GCODE SUCCESS!
2025-05-20T10:11:32.793050+0800 ERROR 'NoneType' object has no attribute 'replace'
error file:D:\INLONG20250501301\AMPS1200.py
error line:2724
2025-05-20T10:11:32.818360+0800 INFO total E:45677118.389779635
2025-05-20T10:11:33.822656+0800 INFO 打印开始
2025-05-20T10:11:33.822656+0800 INFO Not connected to printer.
2025-05-20T10:11:35.333641+0800 INFO START PRINT SUCCESS!
2025-05-20T10:11:37.390803+0800 INFO 打印暂停
2025-05-20T10:11:38.326915+0800 INFO PAUSE PRINT SUCCESS!
2025-05-20T10:11:40.286555+0800 INFO 打印恢复
2025-05-20T10:11:41.146938+0800 INFO RESUME PRINT SUCCESS!
2025-05-20T10:11:42.258670+0800 INFO 打印暂停
2025-05-20T10:11:44.912801+0800 INFO 打印暂停
2025-05-20T10:11:46.417114+0800 INFO PAUSE PRINT SUCCESS!
2025-05-20T10:11:47.387019+0800 INFO 打印恢复
2025-05-20T10:11:53.469449+0800 INFO 打印恢复
2025-05-20T10:11:55.777873+0800 INFO 打印恢复
2025-05-20T10:11:56.554515+0800 INFO RESUME PRINT SUCCESS!
2025-05-20T10:11:57.650747+0800 INFO 打印暂停
2025-05-20T10:12:00.168892+0800 INFO PAUSE PRINT SUCCESS!
2025-05-20T10:12:01.106735+0800 INFO 打印恢复
2025-05-20T10:12:02.516430+0800 INFO RESUME PRINT SUCCESS!
2025-05-20T10:12:03.550788+0800 INFO 打印暂停
2025-05-20T10:12:04.442782+0800 INFO PAUSE PRINT SUCCESS!
2025-05-20T10:12:05.446229+0800 INFO 打印恢复
2025-05-20T10:12:06.638410+0800 INFO RESUME PRINT SUCCESS!
