2025-05-20T09:14:20.750908+0800 INFO INLONG CONNECT FAILED!
2025-05-20T09:14:22.726120+0800 INFO 获取播放库句柄成功
2025-05-20T09:14:23.373892+0800 INFO Login device succesed
2025-05-20T09:14:24.034795+0800 INFO Open preview successed
2025-05-20T09:14:24.111326+0800 INFO 播放库播放成功
2025-05-20T09:14:28.557601+0800 INFO UPDATE gcode:100方块.gcodeSUCCESS!
2025-05-20T09:14:29.421588+0800 INFO LOAD GCODE SUCCESS!
2025-05-20T09:14:29.836514+0800 ERROR 'NoneType' object has no attribute 'replace'
error file:D:\INLONG20250501301\AMPS1200.py
error line:2670
2025-05-20T09:14:29.860038+0800 INFO total E:45677118.389779635
2025-05-20T09:14:30.643217+0800 INFO 打印开始
2025-05-20T09:14:30.644210+0800 INFO Not connected to printer.
2025-05-20T09:14:36.112517+0800 INFO START PRINT SUCCESS!
2025-05-20T09:14:38.370065+0800 INFO 打印暂停
2025-05-20T09:14:40.262589+0800 INFO PAUSE PRINT SUCCESS!
2025-05-20T09:14:41.370453+0800 INFO 打印恢复
2025-05-20T09:14:42.847857+0800 INFO RESUME PRINT SUCCESS!
2025-05-20T09:14:44.120706+0800 INFO 打印暂停
2025-05-20T09:14:45.128698+0800 INFO PAUSE PRINT SUCCESS!
2025-05-20T09:14:45.990865+0800 INFO 打印恢复
2025-05-20T09:14:46.912311+0800 INFO RESUME PRINT SUCCESS!
2025-05-20T09:14:48.012280+0800 INFO 打印暂停
2025-05-20T09:14:49.019862+0800 INFO PAUSE PRINT SUCCESS!
2025-05-20T09:14:50.598419+0800 INFO 打印恢复
