2025-05-09T14:51:51.660161+0800 INFO INLONG CONNECT FAILED!
2025-05-09T14:51:52.903186+0800 INFO 获取播放库句柄成功
2025-05-09T14:51:56.414785+0800 INFO Login device fail, error code is: 7
2025-05-09T14:51:56.461382+0800 INFO Login device succesed
2025-05-09T14:51:56.700865+0800 INFO Open preview fail, error code is: 3
2025-05-09T14:51:56.700865+0800 INFO Open preview successed
2025-05-09T14:51:58.652870+0800 INFO 获取播放库句柄成功
2025-05-09T14:52:02.153091+0800 INFO Login device fail, error code is: 7
2025-05-09T14:52:02.199650+0800 INFO Login device succesed
2025-05-09T14:52:02.207220+0800 INFO Open preview fail, error code is: 3
2025-05-09T14:52:02.208225+0800 INFO Open preview successed
2025-05-09T14:52:16.686025+0800 INFO 获取播放库句柄成功
2025-05-09T14:52:20.198185+0800 INFO Login device fail, error code is: 7
2025-05-09T14:52:20.244074+0800 INFO Login device succesed
2025-05-09T14:52:20.250450+0800 INFO Open preview fail, error code is: 3
2025-05-09T14:52:20.250450+0800 INFO Open preview successed
2025-05-09T14:52:29.605449+0800 INFO 获取播放库句柄成功
2025-05-09T14:52:33.110262+0800 INFO Login device fail, error code is: 7
2025-05-09T14:52:33.155923+0800 INFO Login device succesed
2025-05-09T14:52:33.163495+0800 INFO Open preview fail, error code is: 3
2025-05-09T14:52:33.163495+0800 INFO Open preview successed
