2025-05-15T13:15:29.131490+0800 INFO INLONG CONNECT FAILED!
2025-05-15T13:15:31.210989+0800 INFO 获取播放库句柄成功
2025-05-15T13:15:31.827169+0800 INFO Login device succesed
2025-05-15T13:15:32.088756+0800 INFO Open preview successed
2025-05-15T13:15:32.189283+0800 INFO 播放库播放成功
2025-05-15T13:16:22.329526+0800 INFO INLONG CONNECT FAILED!
2025-05-15T13:16:22.572454+0800 INFO INLONG CONNECT FAILED!
2025-05-15T13:16:22.739356+0800 INFO INLONG CONNECT FAILED!
2025-05-15T13:16:22.929913+0800 INFO INLONG CONNECT FAILED!
2025-05-15T13:16:23.138048+0800 INFO INLONG CONNECT FAILED!
2025-05-15T13:16:24.254190+0800 INFO SEND 
2025-05-15T13:16:24.553316+0800 INFO SEND 
2025-05-15T13:16:24.765548+0800 INFO SEND 
2025-05-15T13:19:03.353806+0800 INFO SET EXTRU TEMP:22222 success!
2025-05-15T13:19:08.829556+0800 INFO SET EXTRU TEMP:222 success!
2025-05-15T13:19:22.416353+0800 INFO SET EXTRU TEMP:11777 success!
2025-05-15T13:19:27.216961+0800 INFO SET EXTRU TEMP:11 success!
2025-05-15T13:19:34.189354+0800 INFO SET EXTRU TEMP:1277 success!
2025-05-15T13:19:38.708945+0800 INFO SET BED TEMP:90 success!
2025-05-15T13:19:42.697328+0800 INFO SET EXTRU TEMP:444 success!
2025-05-15T13:19:56.701870+0800 INFO UPDATE gcode:100方块.gcodeSUCCESS!
2025-05-15T13:19:58.429649+0800 INFO UPDATE gcode:100方块.gcodeSUCCESS!
2025-05-15T13:19:59.654365+0800 INFO LOAD GCODE SUCCESS!
2025-05-15T13:20:00.009995+0800 ERROR 'NoneType' object has no attribute 'replace'
error file:D:\INLONG20250501301\AMPS1200.py
error line:2589
2025-05-15T13:20:00.032034+0800 INFO total E:45677118.389779635
2025-05-15T13:20:06.469950+0800 INFO UPDATE gcode:100方块.gcodeSUCCESS!
2025-05-15T13:20:06.470950+0800 INFO UPDATE gcode:100方块.gcodeSUCCESS!
2025-05-15T13:20:08.008119+0800 INFO UPDATE gcode:100方块.gcodeSUCCESS!
2025-05-15T13:20:08.008119+0800 INFO UPDATE gcode:100方块.gcodeSUCCESS!
2025-05-15T13:20:08.838706+0800 INFO UPDATE gcode:100方块.gcodeSUCCESS!
2025-05-15T13:20:08.838706+0800 INFO UPDATE gcode:100方块.gcodeSUCCESS!
2025-05-15T13:20:10.332140+0800 INFO LOAD GCODE SUCCESS!
2025-05-15T13:20:10.678365+0800 ERROR 'NoneType' object has no attribute 'replace'
error file:D:\INLONG20250501301\AMPS1200.py
error line:2589
2025-05-15T13:20:10.700711+0800 INFO total E:45677118.389779635
