2025-05-09T14:41:17.485930+0800 INFO INLONG CONNECT FAILED!
2025-05-09T14:41:19.238719+0800 INFO 获取播放库句柄成功
2025-05-09T14:41:22.748042+0800 INFO Login device fail, error code is: 7
2025-05-09T14:41:22.794019+0800 INFO Login device succesed
2025-05-09T14:41:23.044925+0800 INFO Open preview fail, error code is: 3
2025-05-09T14:41:23.045925+0800 INFO Open preview successed
2025-05-09T14:41:24.956656+0800 INFO 获取播放库句柄成功
2025-05-09T14:41:28.464883+0800 INFO Login device fail, error code is: 7
2025-05-09T14:41:28.512046+0800 INFO Login device succesed
2025-05-09T14:41:28.519706+0800 INFO Open preview fail, error code is: 3
2025-05-09T14:41:28.519706+0800 INFO Open preview successed
2025-05-09T14:41:32.083753+0800 INFO 获取播放库句柄成功
2025-05-09T14:41:35.592145+0800 INFO Login device fail, error code is: 7
2025-05-09T14:41:35.638622+0800 INFO Login device succesed
2025-05-09T14:41:35.645129+0800 INFO Open preview fail, error code is: 3
2025-05-09T14:41:35.646599+0800 INFO Open preview successed
2025-05-09T14:41:38.321390+0800 INFO 获取播放库句柄成功
2025-05-09T14:41:41.825002+0800 INFO Login device fail, error code is: 7
2025-05-09T14:41:41.871917+0800 INFO Login device succesed
2025-05-09T14:41:41.878133+0800 INFO Open preview fail, error code is: 3
2025-05-09T14:41:41.878133+0800 INFO Open preview successed
2025-05-09T14:41:51.462048+0800 INFO 获取播放库句柄成功
2025-05-09T14:41:54.978915+0800 INFO Login device fail, error code is: 7
2025-05-09T14:41:55.049912+0800 INFO Login device succesed
2025-05-09T14:41:55.086268+0800 INFO Open preview fail, error code is: 3
2025-05-09T14:41:55.086268+0800 INFO Open preview successed
2025-05-09T14:42:12.777735+0800 INFO 获取播放库句柄成功
2025-05-09T14:42:16.285002+0800 INFO Login device fail, error code is: 7
2025-05-09T14:42:16.331732+0800 INFO Login device succesed
2025-05-09T14:42:16.335772+0800 INFO Open preview fail, error code is: 3
2025-05-09T14:42:16.337074+0800 INFO Open preview successed
2025-05-09T14:42:54.916915+0800 INFO 获取播放库句柄成功
2025-05-09T14:42:58.423332+0800 INFO Login device fail, error code is: 7
2025-05-09T14:42:58.470523+0800 INFO Login device succesed
2025-05-09T14:42:58.474458+0800 INFO Open preview fail, error code is: 3
2025-05-09T14:42:58.474458+0800 INFO Open preview successed
2025-05-09T14:43:02.144016+0800 INFO 获取播放库句柄成功
2025-05-09T14:43:05.648198+0800 INFO Login device fail, error code is: 7
2025-05-09T14:43:05.692973+0800 INFO Login device succesed
2025-05-09T14:43:05.700979+0800 INFO Open preview fail, error code is: 3
2025-05-09T14:43:05.700979+0800 INFO Open preview successed
