2025-05-20T09:15:29.600674+0800 INFO INLONG CONNECT FAILED!
2025-05-20T09:15:31.866068+0800 INFO 获取播放库句柄成功
2025-05-20T09:15:32.115187+0800 INFO Login device succesed
2025-05-20T09:15:32.765388+0800 INFO Open preview successed
2025-05-20T09:15:32.857804+0800 INFO 播放库播放成功
2025-05-20T09:15:35.607043+0800 INFO 打印开始
2025-05-20T09:15:35.607043+0800 ERROR 'Ui_mainwindow' object has no attribute 'fgcode'
error file:D:\INLONG20250501301\AMPS1200.py
error line:2363
2025-05-20T09:15:37.442365+0800 INFO UPDATE gcode:100方块.gcodeSUCCESS!
2025-05-20T09:15:38.142546+0800 INFO LOAD GCODE SUCCESS!
2025-05-20T09:15:38.538309+0800 ERROR 'NoneType' object has no attribute 'replace'
error file:D:\INLONG20250501301\AMPS1200.py
error line:2670
2025-05-20T09:15:38.560833+0800 INFO total E:45677118.389779635
2025-05-20T09:15:39.815306+0800 INFO 打印开始
2025-05-20T09:15:39.816308+0800 INFO Not connected to printer.
2025-05-20T09:15:41.461606+0800 INFO 打印开始
2025-05-20T09:15:41.462608+0800 INFO Not connected to printer.
2025-05-20T09:15:42.489072+0800 INFO START PRINT SUCCESS!
2025-05-20T09:15:44.328121+0800 INFO 打印暂停
2025-05-20T09:15:46.742064+0800 INFO PAUSE PRINT SUCCESS!
2025-05-20T09:15:48.082828+0800 INFO 打印恢复
2025-05-20T09:15:49.716695+0800 INFO RESUME PRINT SUCCESS!
2025-05-20T09:15:51.126769+0800 INFO 打印暂停
2025-05-20T09:15:52.427944+0800 INFO PAUSE PRINT SUCCESS!
2025-05-20T09:15:53.523246+0800 INFO 打印恢复
2025-05-20T09:15:54.595376+0800 INFO RESUME PRINT SUCCESS!
2025-05-20T09:15:56.746980+0800 INFO 打印暂停
2025-05-20T09:15:57.651777+0800 INFO PAUSE PRINT SUCCESS!
