2025-05-20T09:54:12.342230+0800 INFO INLONG CONNECT FAILED!
2025-05-20T09:54:14.008086+0800 INFO 获取播放库句柄成功
2025-05-20T09:54:14.193738+0800 INFO Login device succesed
2025-05-20T09:54:14.838609+0800 INFO Open preview successed
2025-05-20T09:54:14.894277+0800 INFO 播放库播放成功
2025-05-20T09:54:18.130448+0800 INFO 打印开始
2025-05-20T09:54:18.130448+0800 ERROR 'Ui_mainwindow' object has no attribute 'fgcode'
error file:D:\INLONG20250501301\AMPS1200.py
error line:2422
2025-05-20T09:54:19.794388+0800 INFO UPDATE gcode:100方块.gcodeSUCCESS!
2025-05-20T09:54:20.539690+0800 INFO LOAD GCODE SUCCESS!
2025-05-20T09:54:20.916296+0800 ERROR 'NoneType' object has no attribute 'replace'
error file:D:\INLONG20250501301\AMPS1200.py
error line:2719
2025-05-20T09:54:20.939815+0800 INFO total E:45677118.389779635
2025-05-20T09:54:21.994097+0800 INFO 打印开始
2025-05-20T09:54:21.995097+0800 INFO Not connected to printer.
2025-05-20T09:54:25.229686+0800 INFO START PRINT SUCCESS!
2025-05-20T09:54:30.563351+0800 INFO 打印暂停
2025-05-20T09:54:36.651640+0800 INFO PAUSE PRINT SUCCESS!
2025-05-20T09:54:38.674202+0800 INFO 打印恢复
2025-05-20T09:54:40.102161+0800 INFO RESUME PRINT SUCCESS!
2025-05-20T09:54:41.138254+0800 INFO 打印暂停
2025-05-20T09:54:42.030691+0800 INFO PAUSE PRINT SUCCESS!
2025-05-20T09:54:43.046405+0800 INFO 打印恢复
2025-05-20T09:54:45.006434+0800 INFO RESUME PRINT SUCCESS!
2025-05-20T09:54:46.131457+0800 INFO 打印暂停
2025-05-20T09:54:47.199837+0800 INFO PAUSE PRINT SUCCESS!
2025-05-20T09:54:48.267466+0800 INFO 打印恢复
2025-05-20T09:54:49.638651+0800 INFO RESUME PRINT SUCCESS!
2025-05-20T09:54:50.677870+0800 INFO 打印暂停
2025-05-20T09:54:52.023757+0800 INFO PAUSE PRINT SUCCESS!
2025-05-20T09:54:52.869021+0800 INFO 打印恢复
2025-05-20T09:54:53.602634+0800 INFO RESUME PRINT SUCCESS!
2025-05-20T09:54:55.678975+0800 INFO 打印暂停
2025-05-20T09:54:56.454466+0800 INFO PAUSE PRINT SUCCESS!
2025-05-20T09:54:57.530798+0800 INFO 打印恢复
2025-05-20T09:54:58.597634+0800 INFO RESUME PRINT SUCCESS!
2025-05-20T09:54:59.791297+0800 INFO 打印暂停
2025-05-20T09:55:01.770332+0800 INFO PAUSE PRINT SUCCESS!
2025-05-20T09:55:06.965458+0800 INFO 打印恢复
2025-05-20T09:55:07.847483+0800 INFO RESUME PRINT SUCCESS!
