2025-05-20T10:03:33.638726+0800 INFO INLONG CONNECT FAILED!
2025-05-20T10:03:35.248914+0800 INFO 获取播放库句柄成功
2025-05-20T10:03:36.050319+0800 INFO Login device succesed
2025-05-20T10:03:36.673489+0800 INFO Open preview successed
2025-05-20T10:03:36.756129+0800 INFO 播放库播放成功
2025-05-20T10:03:39.765770+0800 INFO UPDATE gcode:100方块.gcodeSUCCESS!
2025-05-20T10:03:40.459411+0800 INFO LOAD GCODE SUCCESS!
2025-05-20T10:03:40.831280+0800 ERROR 'NoneType' object has no attribute 'replace'
error file:D:\INLONG20250501301\AMPS1200.py
error line:2720
2025-05-20T10:03:40.853276+0800 INFO total E:45677118.389779635
2025-05-20T10:03:41.410427+0800 INFO 打印开始
2025-05-20T10:03:41.410427+0800 INFO Not connected to printer.
2025-05-20T10:03:42.821224+0800 INFO START PRINT SUCCESS!
2025-05-20T10:03:44.155214+0800 INFO 打印暂停
2025-05-20T10:03:46.264419+0800 INFO PAUSE PRINT SUCCESS!
2025-05-20T10:03:48.766114+0800 INFO 打印恢复
2025-05-20T10:03:50.012067+0800 INFO RESUME PRINT SUCCESS!
2025-05-20T10:03:51.854932+0800 INFO 打印暂停
2025-05-20T10:03:52.930702+0800 INFO PAUSE PRINT SUCCESS!
2025-05-20T10:03:56.362243+0800 INFO 打印恢复
2025-05-20T10:03:57.392370+0800 INFO RESUME PRINT SUCCESS!
2025-05-20T10:04:03.046282+0800 INFO 打印暂停
2025-05-20T10:04:04.576053+0800 INFO PAUSE PRINT SUCCESS!
2025-05-20T10:04:18.322558+0800 INFO 打印恢复
2025-05-20T10:04:21.223607+0800 INFO RESUME PRINT SUCCESS!
2025-05-20T10:04:28.238317+0800 INFO 打印暂停
2025-05-20T10:04:29.698323+0800 INFO PAUSE PRINT SUCCESS!
2025-05-20T10:04:33.446283+0800 INFO 打印恢复
2025-05-20T10:04:35.215098+0800 INFO RESUME PRINT SUCCESS!
