2025-05-15T11:22:57.278577+0800 INFO INLONG CONNECT FAILED!
2025-05-15T11:22:59.413393+0800 INFO 获取播放库句柄成功
2025-05-15T11:22:59.969151+0800 INFO Login device succesed
2025-05-15T11:23:00.212774+0800 INFO Open preview successed
2025-05-15T11:23:00.275724+0800 INFO 播放库播放成功
2025-05-15T11:23:03.421540+0800 INFO INLONG CONNECT FAILED!
2025-05-15T11:23:10.249425+0800 INFO SET EXTRU TEMP:111 success!
2025-05-15T11:23:15.846200+0800 INFO SET BED TEMP:90 success!
2025-05-15T11:23:19.984310+0800 INFO INLONG CONNECT FAILED!
2025-05-15T11:23:20.268754+0800 INFO INLONG CONNECT FAILED!
2025-05-15T11:23:25.865688+0800 INFO SET EXTRU TEMP:88 success!
2025-05-15T11:23:45.134144+0800 INFO HOME ALL SUCCESS!
2025-05-15T11:23:45.885831+0800 INFO SENDG28 ZSUCCESS!
2025-05-15T11:23:46.350446+0800 INFO SENDG28 YSUCCESS!
2025-05-15T11:23:46.800543+0800 INFO SENDG28 XSUCCESS!
2025-05-15T11:23:47.389679+0800 INFO SEND 
2025-05-15T11:23:52.285825+0800 INFO 打印开始
2025-05-15T11:23:52.286824+0800 ERROR 'Ui_mainwindow' object has no attribute 'fgcode'
error file:D:\INLONG20250501301\AMPS1200.py
error line:2252
