2025-04-07T09:00:02.414611+0800 ERROR 'Ui_mainwindow' object has no attribute 'statuschecker'
error file:D:\DY\INLONG20250320\AMPS1200.py
error line:315
2025-04-07T09:00:06.620643+0800 INFO Login device fail, error code is: 7
2025-04-07T09:00:06.710127+0800 INFO Open preview fail, error code is: 3
2025-04-07T09:00:10.059347+0800 INFO UPDATE gcode:100方块.gcodeSUCCESS!
2025-04-07T09:00:11.186065+0800 INFO LOAD GCODE SUCCESS!
2025-04-07T09:00:11.983072+0800 ERROR 'NoneType' object has no attribute 'replace'
error file:D:\DY\INLONG20250320\AMPS1200.py
error line:1017
2025-04-07T09:00:12.013064+0800 INFO total E:45677118.389779635
2025-04-07T09:00:13.077055+0800 INFO 打印开始
2025-04-07T09:00:13.077055+0800 INFO Not connected to printer.
2025-04-07T09:00:15.093715+0800 INFO 打印开始
2025-04-07T09:00:15.094725+0800 INFO Not connected to printer.
2025-04-07T09:00:21.990343+0800 INFO 打印开始
2025-04-07T09:00:21.990343+0800 INFO Not connected to printer.
2025-04-07T09:00:24.036738+0800 INFO 打印开始
2025-04-07T09:00:24.036738+0800 INFO Not connected to printer.
2025-04-07T09:00:24.477842+0800 INFO 打印开始
2025-04-07T09:00:24.478921+0800 INFO Not connected to printer.
2025-04-07T09:00:24.630846+0800 INFO 打印开始
2025-04-07T09:00:24.631922+0800 INFO Not connected to printer.
2025-04-07T09:00:24.779524+0800 INFO 打印开始
2025-04-07T09:00:24.779524+0800 INFO Not connected to printer.
2025-04-07T09:00:24.915615+0800 INFO 打印开始
2025-04-07T09:00:24.915615+0800 INFO Not connected to printer.
2025-04-07T09:00:25.060920+0800 INFO 打印开始
2025-04-07T09:00:25.060920+0800 INFO Not connected to printer.
2025-04-07T09:00:25.221806+0800 INFO 打印开始
2025-04-07T09:00:25.221806+0800 INFO Not connected to printer.
2025-04-07T09:00:27.446334+0800 INFO 打印开始
2025-04-07T09:00:27.446334+0800 INFO Not connected to printer.
2025-04-07T09:00:27.613332+0800 INFO 打印开始
2025-04-07T09:00:27.613332+0800 INFO Not connected to printer.
2025-04-07T09:00:27.771334+0800 INFO 打印开始
2025-04-07T09:00:27.771334+0800 INFO Not connected to printer.
