2025-05-20T09:03:23.959438+0800 INFO INLONG CONNECT FAILED!
2025-05-20T09:03:25.714969+0800 INFO 获取播放库句柄成功
2025-05-20T09:03:26.470663+0800 INFO Login device succesed
2025-05-20T09:03:27.185620+0800 INFO Open preview successed
2025-05-20T09:03:27.300229+0800 INFO 播放库播放成功
2025-05-20T09:03:30.623474+0800 INFO 打印开始
2025-05-20T09:03:30.624473+0800 ERROR 'Ui_mainwindow' object has no attribute 'fgcode'
error file:D:\INLONG20250501301\AMPS1200.py
error line:2363
2025-05-20T09:03:32.680829+0800 INFO UPDATE gcode:100方块.gcodeSUCCESS!
2025-05-20T09:03:33.352051+0800 INFO LOAD GCODE SUCCESS!
2025-05-20T09:03:33.764159+0800 ERROR 'NoneType' object has no attribute 'replace'
error file:D:\INLONG20250501301\AMPS1200.py
error line:2654
2025-05-20T09:03:33.789171+0800 INFO total E:45677118.389779635
2025-05-20T09:03:35.045730+0800 INFO 打印开始
2025-05-20T09:03:35.045730+0800 INFO Not connected to printer.
2025-05-20T09:03:43.297549+0800 INFO START PRINT SUCCESS!
2025-05-20T09:03:49.586161+0800 INFO 打印暂停
2025-05-20T09:04:06.235103+0800 INFO 打印暂停
2025-05-20T09:04:08.510568+0800 INFO PAUSE PRINT SUCCESS!
2025-05-20T09:04:12.070117+0800 INFO 打印恢复
2025-05-20T09:04:13.531072+0800 INFO RESUME PRINT SUCCESS!
2025-05-20T09:04:14.722190+0800 INFO 打印暂停
2025-05-20T09:04:15.645794+0800 INFO PAUSE PRINT SUCCESS!
2025-05-20T09:04:17.090730+0800 INFO 打印恢复
2025-05-20T09:04:17.921942+0800 INFO RESUME PRINT SUCCESS!
2025-05-20T09:04:18.865978+0800 INFO 打印暂停
2025-05-20T09:04:20.034987+0800 INFO PAUSE PRINT SUCCESS!
