2025-05-22T16:23:09.104540+0800 INFO INLONG CONNECT FAILED!
2025-05-22T16:23:11.003474+0800 INFO 获取播放库句柄成功
2025-05-22T16:23:11.445328+0800 INFO Login device succesed
2025-05-22T16:23:12.135917+0800 INFO Open preview successed
2025-05-22T16:23:12.236455+0800 INFO 播放库播放成功
2025-05-22T16:23:22.860906+0800 INFO 打印开始
2025-05-22T16:23:22.860906+0800 ERROR 'Ui_mainwindow' object has no attribute 'fgcode'
error file:D:\INLONG2025052101(UI)\AMPS1200.py
error line:2673
2025-05-22T16:23:24.475700+0800 INFO UPDATE gcode:100方块.gcodeSUCCESS!
2025-05-22T16:23:25.165651+0800 INFO LOAD GCODE SUCCESS!
2025-05-22T16:23:25.538687+0800 ERROR 'NoneType' object has no attribute 'replace'
error file:D:\INLONG2025052101(UI)\AMPS1200.py
error line:2973
2025-05-22T16:23:25.560683+0800 INFO total E:45677118.389779635
2025-05-22T16:23:26.228993+0800 INFO 打印开始
2025-05-22T16:23:26.228993+0800 INFO Not connected to printer.
2025-05-22T16:23:28.337835+0800 INFO START PRINT SUCCESS!
2025-05-22T16:23:29.498232+0800 INFO 打印暂停
2025-05-22T16:23:30.807766+0800 INFO PAUSE PRINT SUCCESS!
2025-05-22T16:23:32.032423+0800 INFO 打印恢复
2025-05-22T16:23:32.996766+0800 INFO RESUME PRINT SUCCESS!
