2025-05-11T07:15:32.559402+0800 INFO INLONG CONNECT FAILED!
2025-05-11T07:15:33.409233+0800 INFO 获取播放库句柄成功
2025-05-11T07:15:34.237766+0800 INFO Login device succesed
2025-05-11T07:15:34.529987+0800 INFO Open preview successed
2025-05-11T07:15:34.672470+0800 INFO 播放库播放成功
2025-05-11T07:15:35.686420+0800 INFO INLONG CONNECT FAILED!
2025-05-11T07:15:36.155614+0800 INFO INLONG CONNECT FAILED!
2025-05-11T07:15:56.244182+0800 INFO SENDG28 XSUCCESS!
2025-05-11T07:15:56.820377+0800 INFO SENDG28 YSUCCESS!
2025-05-11T07:15:57.436772+0800 INFO SENDG28 ZSUCCESS!
2025-05-11T07:15:57.943644+0800 INFO HOME ALL SUCCESS!
2025-05-11T07:15:58.765581+0800 INFO SENDG1 E0.1 F200SUCCESS!
2025-05-11T07:15:59.731295+0800 INFO SEND 
2025-05-11T07:16:01.069258+0800 INFO SEND 
2025-05-11T07:16:02.339113+0800 INFO SENDG1 Y-0.1 F3000SUCCESS!
2025-05-11T07:16:02.707543+0800 INFO SENDG1 Y-0.1 F3000SUCCESS!
2025-05-11T07:16:02.900391+0800 INFO SENDG1 Y-0.1 F3000SUCCESS!
2025-05-11T07:16:03.067342+0800 INFO SENDG1 Y-0.1 F3000SUCCESS!
2025-05-11T07:16:03.213444+0800 INFO SENDG1 Y-0.1 F3000SUCCESS!
2025-05-11T07:16:24.805008+0800 INFO HOME ALL SUCCESS!
2025-05-11T07:16:25.277240+0800 INFO HOME ALL SUCCESS!
2025-05-11T07:16:25.468825+0800 INFO HOME ALL SUCCESS!
