2025-04-06T21:53:53.566836+0800 ERROR 'Ui_mainwindow' object has no attribute 'statuschecker'
error file:D:\DY\INLONG20250320\AMPS1200.py
error line:116
2025-04-06T21:53:55.984535+0800 INFO SENDG28 XSUCCESS!
2025-04-06T21:54:11.208154+0800 INFO SENDG28 XSUCCESS!
2025-04-06T21:54:13.879750+0800 INFO SENDG28 XSUCCESS!
2025-04-06T21:54:18.439756+0800 INFO SENDG28 XSUCCESS!
2025-04-06T21:54:26.331603+0800 INFO SENDG28 XSUCCESS!
2025-04-06T21:54:27.040253+0800 INFO SENDG28 XSUCCESS!
2025-04-06T21:54:27.289384+0800 INFO SENDG28 XSUCCESS!
2025-04-06T21:54:28.065235+0800 INFO SENDG28 YSUCCESS!
2025-04-06T21:54:30.720248+0800 INFO SENDG28 YSUCCESS!
2025-04-06T21:54:40.978029+0800 INFO SENDG28 YSUCCESS!
2025-04-06T21:54:43.257209+0800 INFO SENDG28 YSUCCESS!
2025-04-06T21:54:44.358889+0800 INFO SENDG28 ZSUCCESS!
2025-04-06T21:54:44.823168+0800 INFO SENDG28 ZSUCCESS!
2025-04-06T21:54:45.008875+0800 INFO SENDG28 ZSUCCESS!
2025-04-06T21:54:45.167722+0800 INFO SENDG28 ZSUCCESS!
2025-04-06T21:54:45.337515+0800 INFO SENDG28 ZSUCCESS!
2025-04-06T21:54:45.494539+0800 INFO SENDG28 ZSUCCESS!
2025-04-06T21:54:45.647522+0800 INFO SENDG28 ZSUCCESS!
2025-04-06T21:54:45.791571+0800 INFO SENDG28 ZSUCCESS!
2025-04-06T21:54:45.986924+0800 INFO SENDG28 ZSUCCESS!
2025-04-06T21:54:47.608817+0800 INFO SENDG28 XSUCCESS!
2025-04-06T21:54:56.224544+0800 INFO SENDG28 XSUCCESS!
