2025-05-22T16:32:50.019132+0800 INFO INLONG CONNECT FAILED!
2025-05-22T16:32:51.648839+0800 INFO 获取播放库句柄成功
2025-05-22T16:32:51.949715+0800 INFO Login device succesed
2025-05-22T16:32:52.604587+0800 INFO Open preview successed
2025-05-22T16:32:52.678051+0800 INFO 播放库播放成功
2025-05-22T16:32:55.492142+0800 INFO 打印开始
2025-05-22T16:32:55.492142+0800 ERROR 'Ui_mainwindow' object has no attribute 'fgcode'
error file:D:\INLONG2025052101(UI)\AMPS1200.py
error line:2673
2025-05-22T16:32:56.900989+0800 INFO UPDATE gcode:100方块.gcodeSUCCESS!
2025-05-22T16:32:57.551130+0800 INFO LOAD GCODE SUCCESS!
2025-05-22T16:32:57.982862+0800 ERROR 'NoneType' object has no attribute 'replace'
error file:D:\INLONG2025052101(UI)\AMPS1200.py
error line:2973
2025-05-22T16:32:58.004854+0800 INFO total E:45677118.389779635
2025-05-22T16:32:58.806736+0800 INFO 打印开始
2025-05-22T16:32:58.806736+0800 INFO Not connected to printer.
2025-05-22T16:33:00.534612+0800 INFO START PRINT SUCCESS!
2025-05-22T16:33:01.657722+0800 INFO 打印暂停
2025-05-22T16:33:02.418882+0800 INFO PAUSE PRINT SUCCESS!
