2025-05-20T08:48:34.752155+0800 INFO INLONG CONNECT FAILED!
2025-05-20T08:48:36.487737+0800 INFO 获取播放库句柄成功
2025-05-20T08:48:36.872271+0800 INFO Login device succesed
2025-05-20T08:48:37.738691+0800 INFO Open preview successed
2025-05-20T08:48:37.871040+0800 INFO 播放库播放成功
2025-05-20T08:48:39.742823+0800 INFO 打印开始
2025-05-20T08:48:40.108505+0800 INFO 打印开始
2025-05-20T08:48:40.337703+0800 INFO 打印开始
2025-05-20T08:48:40.538970+0800 INFO 打印开始
2025-05-20T08:48:41.023520+0800 INFO 打印开始
2025-05-20T08:48:41.413915+0800 INFO 打印开始
2025-05-20T08:48:42.083236+0800 INFO 打印开始
2025-05-20T08:48:46.356725+0800 INFO UPDATE gcode:100方块.gcodeSUCCESS!
2025-05-20T08:48:47.157657+0800 INFO LOAD GCODE SUCCESS!
2025-05-20T08:48:48.135340+0800 ERROR 'NoneType' object has no attribute 'replace'
error file:D:\INLONG20250501301\AMPS1200.py
error line:2653
2025-05-20T08:48:48.179343+0800 INFO total E:45677118.389779635
2025-05-20T08:48:49.682300+0800 INFO 打印开始
2025-05-20T08:48:49.682300+0800 INFO Not connected to printer.
2025-05-20T08:48:50.101468+0800 INFO 打印开始
2025-05-20T08:48:50.102467+0800 INFO Not connected to printer.
2025-05-20T08:48:50.330762+0800 INFO 打印开始
2025-05-20T08:48:50.331772+0800 INFO Not connected to printer.
2025-05-20T08:48:50.517373+0800 INFO 打印开始
2025-05-20T08:48:50.517373+0800 INFO Not connected to printer.
2025-05-20T08:48:51.512976+0800 INFO 打印开始
2025-05-20T08:48:51.513976+0800 INFO Not connected to printer.
2025-05-20T08:48:52.004747+0800 INFO 打印开始
2025-05-20T08:48:52.007740+0800 INFO Not connected to printer.
2025-05-20T08:48:52.177083+0800 INFO 打印开始
2025-05-20T08:48:52.177083+0800 INFO Not connected to printer.
2025-05-20T08:48:52.330611+0800 INFO 打印开始
2025-05-20T08:48:52.331610+0800 INFO Not connected to printer.
