2025-05-14T17:16:54.335490+0800 INFO INLONG CONNECT FAILED!
2025-05-14T17:16:56.111822+0800 INFO 获取播放库句柄成功
2025-05-14T17:16:56.535059+0800 INFO Login device succesed
2025-05-14T17:16:56.901742+0800 INFO Open preview successed
2025-05-14T17:16:57.002943+0800 INFO 播放库播放成功
2025-05-14T17:17:02.229582+0800 INFO SEND 
2025-05-14T17:17:02.441891+0800 INFO SEND 
2025-05-14T17:17:02.669495+0800 INFO SEND 
2025-05-14T17:17:02.840204+0800 INFO SEND 
2025-05-14T17:17:03.041883+0800 INFO SEND 
2025-05-14T17:17:03.394231+0800 INFO SEND 
2025-05-14T17:17:03.581198+0800 INFO SEND 
2025-05-14T17:17:03.731970+0800 INFO SEND 
2025-05-14T17:17:05.563304+0800 INFO UPDATE gcode:100方块.gcodeSUCCESS!
2025-05-14T17:17:06.831585+0800 INFO LOAD GCODE SUCCESS!
2025-05-14T17:17:07.202586+0800 ERROR 'NoneType' object has no attribute 'replace'
error file:D:\INLONG20250501301\AMPS1200.py
error line:2508
2025-05-14T17:17:07.226090+0800 INFO total E:45677118.389779635
2025-05-14T17:17:15.862892+0800 INFO UPDATE gcode:100方块.gcodeSUCCESS!
2025-05-14T17:17:15.862892+0800 INFO UPDATE gcode:100方块.gcodeSUCCESS!
2025-05-14T17:17:17.177342+0800 INFO LOAD GCODE SUCCESS!
2025-05-14T17:17:17.537803+0800 ERROR 'NoneType' object has no attribute 'replace'
error file:D:\INLONG20250501301\AMPS1200.py
error line:2508
2025-05-14T17:17:17.558843+0800 INFO total E:45677118.389779635
