2025-05-15T11:15:37.940807+0800 INFO INLONG CONNECT FAILED!
2025-05-15T11:15:39.737687+0800 INFO 获取播放库句柄成功
2025-05-15T11:15:40.860947+0800 INFO Login device succesed
2025-05-15T11:15:41.106992+0800 INFO Open preview successed
2025-05-15T11:15:41.249048+0800 INFO 播放库播放成功
2025-05-15T11:16:00.141708+0800 INFO 打印开始
2025-05-15T11:16:00.141708+0800 ERROR 'Ui_mainwindow' object has no attribute 'fgcode'
error file:D:\INLONG20250501301\AMPS1200.py
error line:2252
2025-05-15T11:16:00.497223+0800 INFO 打印开始
2025-05-15T11:16:00.497223+0800 ERROR 'Ui_mainwindow' object has no attribute 'fgcode'
error file:D:\INLONG20250501301\AMPS1200.py
error line:2252
2025-05-15T11:16:00.717378+0800 INFO 打印开始
2025-05-15T11:16:00.717378+0800 ERROR 'Ui_mainwindow' object has no attribute 'fgcode'
error file:D:\INLONG20250501301\AMPS1200.py
error line:2252
2025-05-15T11:16:02.165991+0800 INFO 打印开始
2025-05-15T11:16:02.165991+0800 ERROR 'Ui_mainwindow' object has no attribute 'fgcode'
error file:D:\INLONG20250501301\AMPS1200.py
error line:2252
2025-05-15T11:16:14.367876+0800 INFO UPDATE gcode:100方块.gcodeSUCCESS!
2025-05-15T11:16:16.124927+0800 INFO LOAD GCODE SUCCESS!
2025-05-15T11:16:16.523434+0800 ERROR 'NoneType' object has no attribute 'replace'
error file:D:\INLONG20250501301\AMPS1200.py
error line:2542
2025-05-15T11:16:16.547435+0800 INFO total E:45677118.389779635
