2025-05-13T12:26:14.661605+0800 INFO INLONG CONNECT FAILED!
2025-05-13T12:26:18.272493+0800 INFO 获取播放库句柄成功
2025-05-13T12:26:21.778101+0800 INFO Login device fail, error code is: 7
2025-05-13T12:26:21.824935+0800 INFO Login device succesed
2025-05-13T12:26:21.848955+0800 INFO Open preview fail, error code is: 3
2025-05-13T12:26:21.848955+0800 INFO Open preview successed
2025-05-13T12:26:27.905895+0800 INFO 打印开始
2025-05-13T12:26:27.910075+0800 ERROR 'Ui_mainwindow' object has no attribute 'fgcode'
error file:D:\INLONG20250501301\AMPS1200.py
error line:2215
2025-05-13T12:26:29.728864+0800 INFO 打印开始
2025-05-13T12:26:29.728864+0800 ERROR 'Ui_mainwindow' object has no attribute 'fgcode'
error file:D:\INLONG20250501301\AMPS1200.py
error line:2215
2025-05-13T12:26:30.310192+0800 INFO 打印开始
2025-05-13T12:26:30.310192+0800 ERROR 'Ui_mainwindow' object has no attribute 'fgcode'
error file:D:\INLONG20250501301\AMPS1200.py
error line:2215
2025-05-13T12:26:30.600445+0800 INFO 打印开始
2025-05-13T12:26:30.601440+0800 ERROR 'Ui_mainwindow' object has no attribute 'fgcode'
error file:D:\INLONG20250501301\AMPS1200.py
error line:2215
2025-05-13T12:26:31.413785+0800 INFO 打印开始
2025-05-13T12:26:31.414783+0800 ERROR 'Ui_mainwindow' object has no attribute 'fgcode'
error file:D:\INLONG20250501301\AMPS1200.py
error line:2215
