2025-05-08T13:21:33.190228+0800 INFO INLONG CONNECT FAILED!
2025-05-08T13:21:34.320507+0800 INFO 获取播放库句柄成功
2025-05-08T13:21:37.827279+0800 INFO Login device fail, error code is: 7
2025-05-08T13:21:37.875678+0800 INFO Login device succesed
2025-05-08T13:21:38.752566+0800 INFO Open preview fail, error code is: 3
2025-05-08T13:21:38.752566+0800 INFO Open preview successed
2025-05-08T13:21:38.898027+0800 INFO INLONG CONNECT FAILED!
2025-05-08T13:21:38.913948+0800 INFO INLONG CONNECT FAILED!
2025-05-08T13:21:39.647343+0800 INFO INLONG CONNECT FAILED!
2025-05-08T13:21:41.954689+0800 INFO INLONG CONNECT FAILED!
2025-05-08T13:21:49.342554+0800 INFO INLONG CONNECT FAILED!
2025-05-08T13:21:51.254525+0800 INFO INLONG CONNECT FAILED!
2025-05-08T13:22:26.794190+0800 INFO INLONG CONNECT FAILED!
2025-05-08T13:22:27.025046+0800 INFO INLONG CONNECT FAILED!
2025-05-08T13:22:27.224884+0800 INFO INLONG CONNECT FAILED!
2025-05-08T13:22:27.426382+0800 INFO INLONG CONNECT FAILED!
2025-05-08T13:22:34.935319+0800 INFO INLONG CONNECT FAILED!
2025-05-08T13:22:35.191086+0800 INFO INLONG CONNECT FAILED!
2025-05-08T13:22:35.390958+0800 INFO INLONG CONNECT FAILED!
2025-05-08T13:22:35.624782+0800 INFO INLONG CONNECT FAILED!
