2025-05-20T10:11:33.824656+0800 INFO L109 time:2025/05/20 10:11:33#./GCODE/100方块.gcode#
2025-05-20T10:11:33.824656+0800 INFO Not connected to printer.
2025-05-20T10:11:35.331643+0800 ERROR SENT: G250 S31
2025-05-20T10:11:35.332639+0800 ERROR write command G250 S31
2025-05-20T10:11:35.332639+0800 ERROR socket error Attempting to use a port that is not opencommand G250 S31
2025-05-20T10:11:35.333641+0800 ERROR Can't write to printer (disconnected ?):
Traceback (most recent call last):
  File "D:\INLONG20250501301\printcore.py", line 944, in _send
    self.printer.write((command_temp + "\n").encode('gbk'))
  File "D:\INLONG2025050801\.venv\lib\site-packages\serial\serialwin32.py", line 306, in write
    raise PortNotOpenError()
serial.serialutil.PortNotOpenError: Attempting to use a port that is not open

2025-05-20T10:11:35.334646+0800 INFO M257 S1
2025-05-20T10:11:35.334646+0800 INFO Not connected to printer.
2025-05-20T10:11:35.334646+0800 INFO L110 S81
2025-05-20T10:11:35.334646+0800 INFO Not connected to printer.
2025-05-20T10:11:38.325912+0800 INFO G250 S888

2025-05-20T10:11:38.326915+0800 INFO Not connected to printer.
2025-05-20T10:11:38.326915+0800 INFO M257 S0
2025-05-20T10:11:38.326915+0800 INFO Not connected to printer.
2025-05-20T10:11:41.146938+0800 INFO L109
2025-05-20T10:11:41.146938+0800 INFO Not connected to printer.
2025-05-20T10:11:41.146938+0800 INFO M109 S0
2025-05-20T10:11:41.146938+0800 INFO Not connected to printer.
2025-05-20T10:11:41.146938+0800 INFO M257 S1
2025-05-20T10:11:41.146938+0800 INFO Not connected to printer.
2025-05-20T10:11:46.416118+0800 INFO G250 S888

2025-05-20T10:11:46.417114+0800 INFO Not connected to printer.
2025-05-20T10:11:46.417114+0800 INFO M257 S0
2025-05-20T10:11:46.417114+0800 INFO Not connected to printer.
2025-05-20T10:11:56.553516+0800 INFO L109
2025-05-20T10:11:56.553516+0800 INFO Not connected to printer.
2025-05-20T10:11:56.553516+0800 INFO M109 S0
2025-05-20T10:11:56.553516+0800 INFO Not connected to printer.
2025-05-20T10:11:56.553516+0800 INFO M257 S1
2025-05-20T10:11:56.553516+0800 INFO Not connected to printer.
2025-05-20T10:12:00.167891+0800 INFO G250 S888

2025-05-20T10:12:00.167891+0800 INFO Not connected to printer.
2025-05-20T10:12:00.168892+0800 INFO M257 S0
2025-05-20T10:12:00.168892+0800 INFO Not connected to printer.
2025-05-20T10:12:02.515428+0800 INFO L109
2025-05-20T10:12:02.515428+0800 INFO Not connected to printer.
2025-05-20T10:12:02.516430+0800 INFO M109 S0
2025-05-20T10:12:02.516430+0800 INFO Not connected to printer.
2025-05-20T10:12:02.516430+0800 INFO M257 S1
2025-05-20T10:12:02.516430+0800 INFO Not connected to printer.
2025-05-20T10:12:04.442782+0800 INFO G250 S888

2025-05-20T10:12:04.442782+0800 INFO Not connected to printer.
2025-05-20T10:12:04.442782+0800 INFO M257 S0
2025-05-20T10:12:04.442782+0800 INFO Not connected to printer.
2025-05-20T10:12:06.638410+0800 INFO L109
2025-05-20T10:12:06.638410+0800 INFO Not connected to printer.
2025-05-20T10:12:06.638410+0800 INFO M109 S0
2025-05-20T10:12:06.638410+0800 INFO Not connected to printer.
2025-05-20T10:12:06.638410+0800 INFO M257 S1
2025-05-20T10:12:06.638410+0800 INFO Not connected to printer.
