2025-04-11T10:48:51.407392+0800 INFO 设备已成功连接
2025-04-11T10:48:51.408392+0800 ERROR SENT: M105
2025-04-11T10:48:51.408392+0800 ERROR write command M105
2025-04-11T10:48:51.409392+0800 ERROR second command M105
2025-04-11T10:48:51.409392+0800 ERROR finish command M105
2025-04-11T10:48:51.410393+0800 ERROR SENT: G250 S21
2025-04-11T10:48:51.410393+0800 ERROR write command G250 S21
2025-04-11T10:48:51.410393+0800 ERROR second command G250 S21
2025-04-11T10:48:51.410393+0800 ERROR finish command G250 S21
2025-04-11T10:48:51.411393+0800 ERROR SENT: G250 S800
2025-04-11T10:48:51.411393+0800 ERROR write command G250 S800
2025-04-11T10:48:51.411393+0800 ERROR second command G250 S800
2025-04-11T10:48:51.412396+0800 ERROR finish command G250 S800
2025-04-11T10:48:51.412396+0800 ERROR SENT: M154 S1
2025-04-11T10:48:51.412396+0800 ERROR write command M154 S1
2025-04-11T10:48:51.413393+0800 ERROR second command M154 S1
2025-04-11T10:48:51.413393+0800 ERROR finish command M154 S1
2025-04-11T10:48:55.296384+0800 ERROR SENT: M105
2025-04-11T10:48:55.296384+0800 ERROR write command M105
2025-04-11T10:48:55.297374+0800 ERROR second command M105
2025-04-11T10:48:55.297374+0800 ERROR finish command M105
2025-04-11T10:48:55.297374+0800 ERROR SENT: G250 S21
2025-04-11T10:48:55.298375+0800 ERROR write command G250 S21
2025-04-11T10:48:55.298375+0800 ERROR second command G250 S21
2025-04-11T10:48:55.298375+0800 ERROR finish command G250 S21
2025-04-11T10:48:55.298375+0800 ERROR SENT: G250 S800
2025-04-11T10:48:55.298375+0800 ERROR write command G250 S800
2025-04-11T10:48:55.298375+0800 ERROR second command G250 S800
2025-04-11T10:48:55.299376+0800 ERROR finish command G250 S800
2025-04-11T10:48:55.299376+0800 ERROR SENT: M154 S1
2025-04-11T10:48:55.299376+0800 ERROR write command M154 S1
2025-04-11T10:48:55.299376+0800 ERROR second command M154 S1
2025-04-11T10:48:55.299376+0800 ERROR finish command M154 S1
2025-04-11T10:48:59.621249+0800 ERROR SENT: M105
2025-04-11T10:48:59.621249+0800 ERROR write command M105
2025-04-11T10:48:59.621249+0800 ERROR second command M105
2025-04-11T10:48:59.621249+0800 ERROR finish command M105
2025-04-11T10:48:59.622252+0800 ERROR SENT: G250 S21
2025-04-11T10:48:59.622252+0800 ERROR write command G250 S21
2025-04-11T10:48:59.622252+0800 ERROR second command G250 S21
2025-04-11T10:48:59.622252+0800 ERROR finish command G250 S21
2025-04-11T10:48:59.622252+0800 ERROR SENT: G250 S800
2025-04-11T10:48:59.622252+0800 ERROR write command G250 S800
2025-04-11T10:48:59.622252+0800 ERROR second command G250 S800
2025-04-11T10:48:59.622252+0800 ERROR finish command G250 S800
2025-04-11T10:48:59.622252+0800 ERROR SENT: M154 S1
2025-04-11T10:48:59.623252+0800 ERROR write command M154 S1
2025-04-11T10:48:59.623252+0800 ERROR second command M154 S1
2025-04-11T10:48:59.623252+0800 ERROR finish command M154 S1
2025-04-11T10:49:03.491200+0800 ERROR SENT: M105
2025-04-11T10:49:03.491200+0800 ERROR write command M105
2025-04-11T10:49:03.491200+0800 ERROR second command M105
2025-04-11T10:49:03.491200+0800 ERROR finish command M105
2025-04-11T10:49:03.492203+0800 ERROR SENT: G250 S21
2025-04-11T10:49:03.492203+0800 ERROR write command G250 S21
2025-04-11T10:49:03.492203+0800 ERROR second command G250 S21
2025-04-11T10:49:03.492203+0800 ERROR finish command G250 S21
2025-04-11T10:49:03.492203+0800 ERROR SENT: G250 S800
2025-04-11T10:49:03.492203+0800 ERROR write command G250 S800
2025-04-11T10:49:03.493192+0800 ERROR second command G250 S800
2025-04-11T10:49:03.493192+0800 ERROR finish command G250 S800
2025-04-11T10:49:03.493192+0800 ERROR SENT: M154 S1
2025-04-11T10:49:03.493192+0800 ERROR write command M154 S1
2025-04-11T10:49:03.493192+0800 ERROR second command M154 S1
2025-04-11T10:49:03.493192+0800 ERROR finish command M154 S1
2025-04-11T10:49:08.377942+0800 ERROR SENT: M105
2025-04-11T10:49:08.378944+0800 ERROR write command M105
2025-04-11T10:49:08.378944+0800 ERROR second command M105
2025-04-11T10:49:08.378944+0800 ERROR finish command M105
2025-04-11T10:49:08.379945+0800 ERROR SENT: G250 S21
2025-04-11T10:49:08.379945+0800 ERROR write command G250 S21
2025-04-11T10:49:08.379945+0800 ERROR second command G250 S21
2025-04-11T10:49:08.380944+0800 ERROR finish command G250 S21
2025-04-11T10:49:08.380944+0800 ERROR SENT: G250 S800
2025-04-11T10:49:08.380944+0800 ERROR write command G250 S800
2025-04-11T10:49:08.380944+0800 ERROR second command G250 S800
2025-04-11T10:49:08.381943+0800 ERROR finish command G250 S800
2025-04-11T10:49:08.381943+0800 ERROR SENT: M154 S1
2025-04-11T10:49:08.381943+0800 ERROR write command M154 S1
2025-04-11T10:49:08.381943+0800 ERROR second command M154 S1
2025-04-11T10:49:08.382942+0800 ERROR finish command M154 S1
2025-04-11T10:49:12.832251+0800 ERROR SENT: M105
2025-04-11T10:49:12.832251+0800 ERROR write command M105
2025-04-11T10:49:12.832251+0800 ERROR second command M105
2025-04-11T10:49:12.833250+0800 ERROR finish command M105
2025-04-11T10:49:12.833250+0800 ERROR SENT: G250 S21
2025-04-11T10:49:12.833250+0800 ERROR write command G250 S21
2025-04-11T10:49:12.833250+0800 ERROR second command G250 S21
2025-04-11T10:49:12.833250+0800 ERROR finish command G250 S21
2025-04-11T10:49:12.834251+0800 ERROR SENT: G250 S800
2025-04-11T10:49:12.834251+0800 ERROR write command G250 S800
2025-04-11T10:49:12.834251+0800 ERROR second command G250 S800
2025-04-11T10:49:12.834251+0800 ERROR finish command G250 S800
2025-04-11T10:49:12.834251+0800 ERROR SENT: M154 S1
2025-04-11T10:49:12.834251+0800 ERROR write command M154 S1
2025-04-11T10:49:12.835250+0800 ERROR second command M154 S1
2025-04-11T10:49:12.835250+0800 ERROR finish command M154 S1
