2025-04-11T11:34:16.768073+0800 INFO 设备已成功连接
2025-04-11T11:34:16.769073+0800 ERROR SENT: M105
2025-04-11T11:34:16.769073+0800 ERROR write command M105
2025-04-11T11:34:16.770073+0800 ERROR second command M105
2025-04-11T11:34:16.770073+0800 ERROR finish command M105
2025-04-11T11:34:16.770073+0800 ERROR SENT: G250 S21
2025-04-11T11:34:16.771074+0800 ERROR write command G250 S21
2025-04-11T11:34:16.771074+0800 ERROR second command G250 S21
2025-04-11T11:34:16.772073+0800 ERROR finish command G250 S21
2025-04-11T11:34:16.773073+0800 ERROR SENT: G250 S800
2025-04-11T11:34:16.773073+0800 ERROR write command G250 S800
2025-04-11T11:34:16.774073+0800 ERROR second command G250 S800
2025-04-11T11:34:16.774073+0800 ERROR finish command G250 S800
2025-04-11T11:34:16.774073+0800 ERROR SENT: M154 S1
2025-04-11T11:34:16.774073+0800 ERROR write command M154 S1
2025-04-11T11:34:16.775073+0800 ERROR second command M154 S1
2025-04-11T11:34:16.775073+0800 ERROR finish command M154 S1
2025-04-11T11:34:20.610641+0800 ERROR SENT: M105
2025-04-11T11:34:20.610641+0800 ERROR write command M105
2025-04-11T11:34:20.610641+0800 ERROR second command M105
2025-04-11T11:34:20.610641+0800 ERROR finish command M105
2025-04-11T11:34:20.611633+0800 ERROR SENT: G250 S21
2025-04-11T11:34:20.611633+0800 ERROR write command G250 S21
2025-04-11T11:34:20.611633+0800 ERROR second command G250 S21
2025-04-11T11:34:20.611633+0800 ERROR finish command G250 S21
2025-04-11T11:34:20.611633+0800 ERROR SENT: G250 S800
2025-04-11T11:34:20.611633+0800 ERROR write command G250 S800
2025-04-11T11:34:20.611633+0800 ERROR second command G250 S800
2025-04-11T11:34:20.611633+0800 ERROR finish command G250 S800
2025-04-11T11:34:20.611633+0800 ERROR SENT: M154 S1
2025-04-11T11:34:20.612632+0800 ERROR write command M154 S1
2025-04-11T11:34:20.612632+0800 ERROR second command M154 S1
2025-04-11T11:34:20.612632+0800 ERROR finish command M154 S1
2025-04-11T11:34:24.764231+0800 ERROR SENT: M105
2025-04-11T11:34:24.764231+0800 ERROR write command M105
2025-04-11T11:34:24.764231+0800 ERROR second command M105
2025-04-11T11:34:24.764231+0800 ERROR finish command M105
2025-04-11T11:34:24.764231+0800 ERROR SENT: G250 S21
2025-04-11T11:34:24.765232+0800 ERROR write command G250 S21
2025-04-11T11:34:24.765232+0800 ERROR second command G250 S21
2025-04-11T11:34:24.765232+0800 ERROR finish command G250 S21
2025-04-11T11:34:24.765232+0800 ERROR SENT: G250 S800
2025-04-11T11:34:24.765232+0800 ERROR write command G250 S800
2025-04-11T11:34:24.765232+0800 ERROR second command G250 S800
2025-04-11T11:34:24.765232+0800 ERROR finish command G250 S800
2025-04-11T11:34:24.765232+0800 ERROR SENT: M154 S1
2025-04-11T11:34:24.765232+0800 ERROR write command M154 S1
2025-04-11T11:34:24.766231+0800 ERROR second command M154 S1
2025-04-11T11:34:24.766231+0800 ERROR finish command M154 S1
2025-04-11T11:34:28.567588+0800 ERROR SENT: M105
2025-04-11T11:34:28.567588+0800 ERROR write command M105
2025-04-11T11:34:28.567588+0800 ERROR second command M105
2025-04-11T11:34:28.567588+0800 ERROR finish command M105
2025-04-11T11:34:28.567588+0800 ERROR SENT: G250 S21
2025-04-11T11:34:28.567588+0800 ERROR write command G250 S21
2025-04-11T11:34:28.568520+0800 ERROR second command G250 S21
2025-04-11T11:34:28.568520+0800 ERROR finish command G250 S21
2025-04-11T11:34:28.568520+0800 ERROR SENT: G250 S800
2025-04-11T11:34:28.568520+0800 ERROR write command G250 S800
2025-04-11T11:34:28.568520+0800 ERROR second command G250 S800
2025-04-11T11:34:28.568520+0800 ERROR finish command G250 S800
2025-04-11T11:34:28.568520+0800 ERROR SENT: M154 S1
2025-04-11T11:34:28.569520+0800 ERROR write command M154 S1
2025-04-11T11:34:28.569520+0800 ERROR second command M154 S1
2025-04-11T11:34:28.569520+0800 ERROR finish command M154 S1
2025-04-11T11:34:32.370614+0800 ERROR SENT: M105
2025-04-11T11:34:32.370887+0800 ERROR write command M105
2025-04-11T11:34:32.370887+0800 ERROR second command M105
2025-04-11T11:34:32.371614+0800 ERROR finish command M105
2025-04-11T11:34:32.371614+0800 ERROR SENT: G250 S21
2025-04-11T11:34:32.371614+0800 ERROR write command G250 S21
2025-04-11T11:34:32.371614+0800 ERROR second command G250 S21
2025-04-11T11:34:32.371614+0800 ERROR finish command G250 S21
2025-04-11T11:34:32.371614+0800 ERROR SENT: G250 S800
2025-04-11T11:34:32.371614+0800 ERROR write command G250 S800
2025-04-11T11:34:32.371614+0800 ERROR second command G250 S800
2025-04-11T11:34:32.371614+0800 ERROR finish command G250 S800
2025-04-11T11:34:32.371614+0800 ERROR SENT: M154 S1
2025-04-11T11:34:32.372613+0800 ERROR write command M154 S1
2025-04-11T11:34:32.372613+0800 ERROR second command M154 S1
2025-04-11T11:34:32.372613+0800 ERROR finish command M154 S1
2025-04-11T11:34:36.187409+0800 ERROR SENT: M105
2025-04-11T11:34:36.187409+0800 ERROR write command M105
2025-04-11T11:34:36.187409+0800 ERROR second command M105
2025-04-11T11:34:36.187409+0800 ERROR finish command M105
2025-04-11T11:34:36.188341+0800 ERROR SENT: G250 S21
2025-04-11T11:34:36.188341+0800 ERROR write command G250 S21
2025-04-11T11:34:36.188341+0800 ERROR second command G250 S21
2025-04-11T11:34:36.188341+0800 ERROR finish command G250 S21
2025-04-11T11:34:36.188341+0800 ERROR SENT: G250 S800
2025-04-11T11:34:36.188341+0800 ERROR write command G250 S800
2025-04-11T11:34:36.188341+0800 ERROR second command G250 S800
2025-04-11T11:34:36.188341+0800 ERROR finish command G250 S800
2025-04-11T11:34:36.188341+0800 ERROR SENT: M154 S1
2025-04-11T11:34:36.189358+0800 ERROR write command M154 S1
2025-04-11T11:34:36.189358+0800 ERROR second command M154 S1
2025-04-11T11:34:36.189358+0800 ERROR finish command M154 S1
2025-04-11T11:34:39.996163+0800 ERROR SENT: M105
2025-04-11T11:34:39.996163+0800 ERROR write command M105
2025-04-11T11:34:39.996163+0800 ERROR second command M105
2025-04-11T11:34:39.996163+0800 ERROR finish command M105
2025-04-11T11:34:39.997164+0800 ERROR SENT: G250 S21
2025-04-11T11:34:39.997164+0800 ERROR write command G250 S21
2025-04-11T11:34:39.997164+0800 ERROR second command G250 S21
2025-04-11T11:34:39.997164+0800 ERROR finish command G250 S21
2025-04-11T11:34:39.997164+0800 ERROR SENT: G250 S800
2025-04-11T11:34:39.997164+0800 ERROR write command G250 S800
2025-04-11T11:34:39.997164+0800 ERROR second command G250 S800
2025-04-11T11:34:39.997164+0800 ERROR finish command G250 S800
2025-04-11T11:34:39.998165+0800 ERROR SENT: M154 S1
2025-04-11T11:34:39.998165+0800 ERROR write command M154 S1
2025-04-11T11:34:39.998165+0800 ERROR second command M154 S1
2025-04-11T11:34:39.998165+0800 ERROR finish command M154 S1
2025-04-11T11:34:43.813875+0800 ERROR SENT: M105
2025-04-11T11:34:43.813875+0800 ERROR write command M105
2025-04-11T11:34:43.813875+0800 ERROR second command M105
2025-04-11T11:34:43.813875+0800 ERROR finish command M105
2025-04-11T11:34:43.813875+0800 ERROR SENT: G250 S21
2025-04-11T11:34:43.814807+0800 ERROR write command G250 S21
2025-04-11T11:34:43.814807+0800 ERROR second command G250 S21
2025-04-11T11:34:43.814807+0800 ERROR finish command G250 S21
2025-04-11T11:34:43.814807+0800 ERROR SENT: G250 S800
2025-04-11T11:34:43.814807+0800 ERROR write command G250 S800
2025-04-11T11:34:43.814807+0800 ERROR second command G250 S800
2025-04-11T11:34:43.814807+0800 ERROR finish command G250 S800
2025-04-11T11:34:43.814807+0800 ERROR SENT: M154 S1
2025-04-11T11:34:43.815888+0800 ERROR write command M154 S1
2025-04-11T11:34:43.815888+0800 ERROR second command M154 S1
2025-04-11T11:34:43.815888+0800 ERROR finish command M154 S1
2025-04-11T11:34:47.648508+0800 ERROR SENT: M105
2025-04-11T11:34:47.648508+0800 ERROR write command M105
2025-04-11T11:34:47.648508+0800 ERROR second command M105
2025-04-11T11:34:47.648508+0800 ERROR finish command M105
2025-04-11T11:34:47.648508+0800 ERROR SENT: G250 S21
2025-04-11T11:34:47.649439+0800 ERROR write command G250 S21
2025-04-11T11:34:47.649439+0800 ERROR second command G250 S21
2025-04-11T11:34:47.649439+0800 ERROR finish command G250 S21
2025-04-11T11:34:47.649439+0800 ERROR SENT: G250 S800
2025-04-11T11:34:47.649439+0800 ERROR write command G250 S800
2025-04-11T11:34:47.649439+0800 ERROR second command G250 S800
2025-04-11T11:34:47.649439+0800 ERROR finish command G250 S800
2025-04-11T11:34:47.649439+0800 ERROR SENT: M154 S1
2025-04-11T11:34:47.650439+0800 ERROR write command M154 S1
2025-04-11T11:34:47.650439+0800 ERROR second command M154 S1
2025-04-11T11:34:47.650439+0800 ERROR finish command M154 S1
2025-04-11T11:34:51.473765+0800 ERROR SENT: M105
2025-04-11T11:34:51.473765+0800 ERROR write command M105
2025-04-11T11:34:51.473765+0800 ERROR second command M105
2025-04-11T11:34:51.473765+0800 ERROR finish command M105
2025-04-11T11:34:51.473765+0800 ERROR SENT: G250 S21
2025-04-11T11:34:51.473765+0800 ERROR write command G250 S21
2025-04-11T11:34:51.474682+0800 ERROR second command G250 S21
2025-04-11T11:34:51.474682+0800 ERROR finish command G250 S21
2025-04-11T11:34:51.474682+0800 ERROR SENT: G250 S800
2025-04-11T11:34:51.474682+0800 ERROR write command G250 S800
2025-04-11T11:34:51.474682+0800 ERROR second command G250 S800
2025-04-11T11:34:51.474682+0800 ERROR finish command G250 S800
2025-04-11T11:34:51.474682+0800 ERROR SENT: M154 S1
2025-04-11T11:34:51.474682+0800 ERROR write command M154 S1
2025-04-11T11:34:51.475683+0800 ERROR second command M154 S1
2025-04-11T11:34:51.475683+0800 ERROR finish command M154 S1
2025-04-11T11:34:55.323716+0800 ERROR SENT: M105
2025-04-11T11:34:55.323716+0800 ERROR write command M105
2025-04-11T11:34:55.323716+0800 ERROR second command M105
2025-04-11T11:34:55.323716+0800 ERROR finish command M105
2025-04-11T11:34:55.323716+0800 ERROR SENT: G250 S21
2025-04-11T11:34:55.323716+0800 ERROR write command G250 S21
2025-04-11T11:34:55.324717+0800 ERROR second command G250 S21
2025-04-11T11:34:55.324717+0800 ERROR finish command G250 S21
2025-04-11T11:34:55.324717+0800 ERROR SENT: G250 S800
2025-04-11T11:34:55.324717+0800 ERROR write command G250 S800
2025-04-11T11:34:55.324717+0800 ERROR second command G250 S800
2025-04-11T11:34:55.324717+0800 ERROR finish command G250 S800
2025-04-11T11:34:55.324717+0800 ERROR SENT: M154 S1
2025-04-11T11:34:55.324717+0800 ERROR write command M154 S1
2025-04-11T11:34:55.324717+0800 ERROR second command M154 S1
2025-04-11T11:34:55.325716+0800 ERROR finish command M154 S1
2025-04-11T11:34:59.185420+0800 ERROR SENT: M105
2025-04-11T11:34:59.185420+0800 ERROR write command M105
2025-04-11T11:34:59.185420+0800 ERROR second command M105
2025-04-11T11:34:59.186453+0800 ERROR finish command M105
2025-04-11T11:34:59.186453+0800 ERROR SENT: G250 S21
2025-04-11T11:34:59.186453+0800 ERROR write command G250 S21
2025-04-11T11:34:59.186453+0800 ERROR second command G250 S21
2025-04-11T11:34:59.186453+0800 ERROR finish command G250 S21
2025-04-11T11:34:59.186453+0800 ERROR SENT: G250 S800
2025-04-11T11:34:59.186453+0800 ERROR write command G250 S800
2025-04-11T11:34:59.186453+0800 ERROR second command G250 S800
2025-04-11T11:34:59.187347+0800 ERROR finish command G250 S800
2025-04-11T11:34:59.187347+0800 ERROR SENT: M154 S1
2025-04-11T11:34:59.187347+0800 ERROR write command M154 S1
2025-04-11T11:34:59.187347+0800 ERROR second command M154 S1
2025-04-11T11:34:59.188347+0800 ERROR finish command M154 S1
2025-04-11T11:35:03.017797+0800 ERROR SENT: M105
2025-04-11T11:35:03.017797+0800 ERROR write command M105
2025-04-11T11:35:03.017797+0800 ERROR second command M105
2025-04-11T11:35:03.017797+0800 ERROR finish command M105
2025-04-11T11:35:03.017797+0800 ERROR SENT: G250 S21
2025-04-11T11:35:03.018797+0800 ERROR write command G250 S21
2025-04-11T11:35:03.018797+0800 ERROR second command G250 S21
2025-04-11T11:35:03.018797+0800 ERROR finish command G250 S21
2025-04-11T11:35:03.018797+0800 ERROR SENT: G250 S800
2025-04-11T11:35:03.018797+0800 ERROR write command G250 S800
2025-04-11T11:35:03.018797+0800 ERROR second command G250 S800
2025-04-11T11:35:03.018797+0800 ERROR finish command G250 S800
2025-04-11T11:35:03.018797+0800 ERROR SENT: M154 S1
2025-04-11T11:35:03.018797+0800 ERROR write command M154 S1
2025-04-11T11:35:03.018797+0800 ERROR second command M154 S1
2025-04-11T11:35:03.019796+0800 ERROR finish command M154 S1
2025-04-11T11:35:06.822339+0800 ERROR SENT: M105
2025-04-11T11:35:06.822339+0800 ERROR write command M105
2025-04-11T11:35:06.822339+0800 ERROR second command M105
2025-04-11T11:35:06.822339+0800 ERROR finish command M105
2025-04-11T11:35:06.823271+0800 ERROR SENT: G250 S21
2025-04-11T11:35:06.823271+0800 ERROR write command G250 S21
2025-04-11T11:35:06.823271+0800 ERROR second command G250 S21
2025-04-11T11:35:06.823271+0800 ERROR finish command G250 S21
2025-04-11T11:35:06.823271+0800 ERROR SENT: G250 S800
2025-04-11T11:35:06.823271+0800 ERROR write command G250 S800
2025-04-11T11:35:06.823271+0800 ERROR second command G250 S800
2025-04-11T11:35:06.823271+0800 ERROR finish command G250 S800
2025-04-11T11:35:06.824270+0800 ERROR SENT: M154 S1
2025-04-11T11:35:06.824270+0800 ERROR write command M154 S1
2025-04-11T11:35:06.824270+0800 ERROR second command M154 S1
2025-04-11T11:35:06.824270+0800 ERROR finish command M154 S1
2025-04-11T11:35:10.634742+0800 ERROR SENT: M105
2025-04-11T11:35:10.634742+0800 ERROR write command M105
2025-04-11T11:35:10.634742+0800 ERROR second command M105
2025-04-11T11:35:10.634742+0800 ERROR finish command M105
2025-04-11T11:35:10.634742+0800 ERROR SENT: G250 S21
2025-04-11T11:35:10.634742+0800 ERROR write command G250 S21
2025-04-11T11:35:10.635673+0800 ERROR second command G250 S21
2025-04-11T11:35:10.635673+0800 ERROR finish command G250 S21
2025-04-11T11:35:10.635673+0800 ERROR SENT: G250 S800
2025-04-11T11:35:10.635673+0800 ERROR write command G250 S800
2025-04-11T11:35:10.635673+0800 ERROR second command G250 S800
2025-04-11T11:35:10.635673+0800 ERROR finish command G250 S800
2025-04-11T11:35:10.635673+0800 ERROR SENT: M154 S1
2025-04-11T11:35:10.635673+0800 ERROR write command M154 S1
2025-04-11T11:35:10.636673+0800 ERROR second command M154 S1
2025-04-11T11:35:10.636673+0800 ERROR finish command M154 S1
2025-04-11T11:35:14.460089+0800 ERROR SENT: M105
2025-04-11T11:35:14.460089+0800 ERROR write command M105
2025-04-11T11:35:14.460089+0800 ERROR second command M105
2025-04-11T11:35:14.460089+0800 ERROR finish command M105
2025-04-11T11:35:14.460089+0800 ERROR SENT: G250 S21
2025-04-11T11:35:14.461022+0800 ERROR write command G250 S21
2025-04-11T11:35:14.461022+0800 ERROR second command G250 S21
2025-04-11T11:35:14.461022+0800 ERROR finish command G250 S21
2025-04-11T11:35:14.461022+0800 ERROR SENT: G250 S800
2025-04-11T11:35:14.461022+0800 ERROR write command G250 S800
2025-04-11T11:35:14.461022+0800 ERROR second command G250 S800
2025-04-11T11:35:14.461022+0800 ERROR finish command G250 S800
2025-04-11T11:35:14.461022+0800 ERROR SENT: M154 S1
2025-04-11T11:35:14.461022+0800 ERROR write command M154 S1
2025-04-11T11:35:14.462021+0800 ERROR second command M154 S1
2025-04-11T11:35:14.462021+0800 ERROR finish command M154 S1
2025-04-11T11:35:18.271090+0800 ERROR SENT: M105
2025-04-11T11:35:18.271090+0800 ERROR write command M105
2025-04-11T11:35:18.271090+0800 ERROR second command M105
2025-04-11T11:35:18.271090+0800 ERROR finish command M105
2025-04-11T11:35:18.271090+0800 ERROR SENT: G250 S21
2025-04-11T11:35:18.271090+0800 ERROR write command G250 S21
2025-04-11T11:35:18.272004+0800 ERROR second command G250 S21
2025-04-11T11:35:18.272004+0800 ERROR finish command G250 S21
2025-04-11T11:35:18.272004+0800 ERROR SENT: G250 S800
2025-04-11T11:35:18.272004+0800 ERROR write command G250 S800
2025-04-11T11:35:18.272004+0800 ERROR second command G250 S800
2025-04-11T11:35:18.272004+0800 ERROR finish command G250 S800
2025-04-11T11:35:18.272004+0800 ERROR SENT: M154 S1
2025-04-11T11:35:18.273004+0800 ERROR write command M154 S1
2025-04-11T11:35:18.273004+0800 ERROR second command M154 S1
2025-04-11T11:35:18.273004+0800 ERROR finish command M154 S1
2025-04-11T11:35:22.110820+0800 ERROR SENT: M105
2025-04-11T11:35:22.110820+0800 ERROR write command M105
2025-04-11T11:35:22.110820+0800 ERROR second command M105
2025-04-11T11:35:22.110820+0800 ERROR finish command M105
2025-04-11T11:35:22.110820+0800 ERROR SENT: G250 S21
2025-04-11T11:35:22.110820+0800 ERROR write command G250 S21
2025-04-11T11:35:22.111820+0800 ERROR second command G250 S21
2025-04-11T11:35:22.111820+0800 ERROR finish command G250 S21
2025-04-11T11:35:22.111820+0800 ERROR SENT: G250 S800
2025-04-11T11:35:22.111820+0800 ERROR write command G250 S800
2025-04-11T11:35:22.111820+0800 ERROR second command G250 S800
2025-04-11T11:35:22.111820+0800 ERROR finish command G250 S800
2025-04-11T11:35:22.112820+0800 ERROR SENT: M154 S1
2025-04-11T11:35:22.112820+0800 ERROR write command M154 S1
2025-04-11T11:35:22.112820+0800 ERROR second command M154 S1
2025-04-11T11:35:22.112820+0800 ERROR finish command M154 S1
2025-04-11T11:35:25.936597+0800 ERROR SENT: M105
2025-04-11T11:35:25.936597+0800 ERROR write command M105
2025-04-11T11:35:25.936597+0800 ERROR second command M105
2025-04-11T11:35:25.937526+0800 ERROR finish command M105
2025-04-11T11:35:25.937526+0800 ERROR SENT: G250 S21
2025-04-11T11:35:25.937526+0800 ERROR write command G250 S21
2025-04-11T11:35:25.937526+0800 ERROR second command G250 S21
2025-04-11T11:35:25.937526+0800 ERROR finish command G250 S21
2025-04-11T11:35:25.937526+0800 ERROR SENT: G250 S800
2025-04-11T11:35:25.938526+0800 ERROR write command G250 S800
2025-04-11T11:35:25.938526+0800 ERROR second command G250 S800
2025-04-11T11:35:25.938526+0800 ERROR finish command G250 S800
2025-04-11T11:35:25.938526+0800 ERROR SENT: M154 S1
2025-04-11T11:35:25.938526+0800 ERROR write command M154 S1
2025-04-11T11:35:25.938526+0800 ERROR second command M154 S1
2025-04-11T11:35:25.938526+0800 ERROR finish command M154 S1
2025-04-11T11:35:29.767555+0800 ERROR SENT: M105
2025-04-11T11:35:29.767555+0800 ERROR write command M105
2025-04-11T11:35:29.767555+0800 ERROR second command M105
2025-04-11T11:35:29.767555+0800 ERROR finish command M105
2025-04-11T11:35:29.767555+0800 ERROR SENT: G250 S21
2025-04-11T11:35:29.768484+0800 ERROR write command G250 S21
2025-04-11T11:35:29.768484+0800 ERROR second command G250 S21
2025-04-11T11:35:29.768484+0800 ERROR finish command G250 S21
2025-04-11T11:35:29.768484+0800 ERROR SENT: G250 S800
2025-04-11T11:35:29.768484+0800 ERROR write command G250 S800
2025-04-11T11:35:29.768484+0800 ERROR second command G250 S800
2025-04-11T11:35:29.768484+0800 ERROR finish command G250 S800
2025-04-11T11:35:29.768484+0800 ERROR SENT: M154 S1
2025-04-11T11:35:29.769483+0800 ERROR write command M154 S1
2025-04-11T11:35:29.769483+0800 ERROR second command M154 S1
2025-04-11T11:35:29.769483+0800 ERROR finish command M154 S1
2025-04-11T11:35:33.579250+0800 ERROR SENT: M105
2025-04-11T11:35:33.579250+0800 ERROR write command M105
2025-04-11T11:35:33.579250+0800 ERROR second command M105
2025-04-11T11:35:33.579250+0800 ERROR finish command M105
2025-04-11T11:35:33.580169+0800 ERROR SENT: G250 S21
2025-04-11T11:35:33.580169+0800 ERROR write command G250 S21
2025-04-11T11:35:33.580169+0800 ERROR second command G250 S21
2025-04-11T11:35:33.580169+0800 ERROR finish command G250 S21
2025-04-11T11:35:33.580169+0800 ERROR SENT: G250 S800
2025-04-11T11:35:33.581169+0800 ERROR write command G250 S800
2025-04-11T11:35:33.581169+0800 ERROR second command G250 S800
2025-04-11T11:35:33.581169+0800 ERROR finish command G250 S800
2025-04-11T11:35:33.581169+0800 ERROR SENT: M154 S1
2025-04-11T11:35:33.581169+0800 ERROR write command M154 S1
2025-04-11T11:35:33.581169+0800 ERROR second command M154 S1
2025-04-11T11:35:33.581169+0800 ERROR finish command M154 S1
2025-04-11T11:35:37.423650+0800 ERROR SENT: M105
2025-04-11T11:35:37.423650+0800 ERROR write command M105
2025-04-11T11:35:37.423650+0800 ERROR second command M105
2025-04-11T11:35:37.423650+0800 ERROR finish command M105
2025-04-11T11:35:37.424580+0800 ERROR SENT: G250 S21
2025-04-11T11:35:37.424580+0800 ERROR write command G250 S21
2025-04-11T11:35:37.424580+0800 ERROR second command G250 S21
2025-04-11T11:35:37.424580+0800 ERROR finish command G250 S21
2025-04-11T11:35:37.424580+0800 ERROR SENT: G250 S800
2025-04-11T11:35:37.424580+0800 ERROR write command G250 S800
2025-04-11T11:35:37.424580+0800 ERROR second command G250 S800
2025-04-11T11:35:37.424580+0800 ERROR finish command G250 S800
2025-04-11T11:35:37.424580+0800 ERROR SENT: M154 S1
2025-04-11T11:35:37.425579+0800 ERROR write command M154 S1
2025-04-11T11:35:37.425579+0800 ERROR second command M154 S1
2025-04-11T11:35:37.425579+0800 ERROR finish command M154 S1
2025-04-11T11:35:41.243930+0800 ERROR SENT: M105
2025-04-11T11:35:41.243930+0800 ERROR write command M105
2025-04-11T11:35:41.243930+0800 ERROR second command M105
2025-04-11T11:35:41.243930+0800 ERROR finish command M105
2025-04-11T11:35:41.243930+0800 ERROR SENT: G250 S21
2025-04-11T11:35:41.244922+0800 ERROR write command G250 S21
2025-04-11T11:35:41.244922+0800 ERROR second command G250 S21
2025-04-11T11:35:41.244922+0800 ERROR finish command G250 S21
2025-04-11T11:35:41.244922+0800 ERROR SENT: G250 S800
2025-04-11T11:35:41.244922+0800 ERROR write command G250 S800
2025-04-11T11:35:41.245923+0800 ERROR second command G250 S800
2025-04-11T11:35:41.245923+0800 ERROR finish command G250 S800
2025-04-11T11:35:41.245923+0800 ERROR SENT: M154 S1
2025-04-11T11:35:41.245923+0800 ERROR write command M154 S1
2025-04-11T11:35:41.245923+0800 ERROR second command M154 S1
2025-04-11T11:35:41.245923+0800 ERROR finish command M154 S1
2025-04-11T11:35:45.078542+0800 ERROR SENT: M105
2025-04-11T11:35:45.078542+0800 ERROR write command M105
2025-04-11T11:35:45.078542+0800 ERROR second command M105
2025-04-11T11:35:45.078542+0800 ERROR finish command M105
2025-04-11T11:35:45.078542+0800 ERROR SENT: G250 S21
2025-04-11T11:35:45.078542+0800 ERROR write command G250 S21
2025-04-11T11:35:45.079475+0800 ERROR second command G250 S21
2025-04-11T11:35:45.079475+0800 ERROR finish command G250 S21
2025-04-11T11:35:45.079475+0800 ERROR SENT: G250 S800
2025-04-11T11:35:45.079475+0800 ERROR write command G250 S800
2025-04-11T11:35:45.079475+0800 ERROR second command G250 S800
2025-04-11T11:35:45.079475+0800 ERROR finish command G250 S800
2025-04-11T11:35:45.079475+0800 ERROR SENT: M154 S1
2025-04-11T11:35:45.080473+0800 ERROR write command M154 S1
2025-04-11T11:35:45.080473+0800 ERROR second command M154 S1
2025-04-11T11:35:45.080473+0800 ERROR finish command M154 S1
2025-04-11T11:35:48.886571+0800 ERROR SENT: M105
2025-04-11T11:35:48.886571+0800 ERROR write command M105
2025-04-11T11:35:48.886571+0800 ERROR second command M105
2025-04-11T11:35:48.886571+0800 ERROR finish command M105
2025-04-11T11:35:48.887571+0800 ERROR SENT: G250 S21
2025-04-11T11:35:48.887571+0800 ERROR write command G250 S21
2025-04-11T11:35:48.887571+0800 ERROR second command G250 S21
2025-04-11T11:35:48.887571+0800 ERROR finish command G250 S21
2025-04-11T11:35:48.887571+0800 ERROR SENT: G250 S800
2025-04-11T11:35:48.887571+0800 ERROR write command G250 S800
2025-04-11T11:35:48.887571+0800 ERROR second command G250 S800
2025-04-11T11:35:48.887571+0800 ERROR finish command G250 S800
2025-04-11T11:35:48.887571+0800 ERROR SENT: M154 S1
2025-04-11T11:35:48.888571+0800 ERROR write command M154 S1
2025-04-11T11:35:48.888571+0800 ERROR second command M154 S1
2025-04-11T11:35:48.888571+0800 ERROR finish command M154 S1
2025-04-11T11:35:52.705297+0800 ERROR SENT: M105
2025-04-11T11:35:52.705297+0800 ERROR write command M105
2025-04-11T11:35:52.705297+0800 ERROR second command M105
2025-04-11T11:35:52.705297+0800 ERROR finish command M105
2025-04-11T11:35:52.705297+0800 ERROR SENT: G250 S21
2025-04-11T11:35:52.706217+0800 ERROR write command G250 S21
2025-04-11T11:35:52.706217+0800 ERROR second command G250 S21
2025-04-11T11:35:52.706217+0800 ERROR finish command G250 S21
2025-04-11T11:35:52.706217+0800 ERROR SENT: G250 S800
2025-04-11T11:35:52.706217+0800 ERROR write command G250 S800
2025-04-11T11:35:52.707217+0800 ERROR second command G250 S800
2025-04-11T11:35:52.707217+0800 ERROR finish command G250 S800
2025-04-11T11:35:52.707217+0800 ERROR SENT: M154 S1
2025-04-11T11:35:52.707217+0800 ERROR write command M154 S1
2025-04-11T11:35:52.707217+0800 ERROR second command M154 S1
2025-04-11T11:35:52.707217+0800 ERROR finish command M154 S1
2025-04-11T11:35:56.521381+0800 ERROR SENT: M105
2025-04-11T11:35:56.521381+0800 ERROR write command M105
2025-04-11T11:35:56.521381+0800 ERROR second command M105
2025-04-11T11:35:56.521381+0800 ERROR finish command M105
2025-04-11T11:35:56.521381+0800 ERROR SENT: G250 S21
2025-04-11T11:35:56.521381+0800 ERROR write command G250 S21
2025-04-11T11:35:56.521381+0800 ERROR second command G250 S21
2025-04-11T11:35:56.522382+0800 ERROR finish command G250 S21
2025-04-11T11:35:56.522382+0800 ERROR SENT: G250 S800
2025-04-11T11:35:56.522382+0800 ERROR write command G250 S800
2025-04-11T11:35:56.522382+0800 ERROR second command G250 S800
2025-04-11T11:35:56.522382+0800 ERROR finish command G250 S800
2025-04-11T11:35:56.522382+0800 ERROR SENT: M154 S1
2025-04-11T11:35:56.522382+0800 ERROR write command M154 S1
2025-04-11T11:35:56.522382+0800 ERROR second command M154 S1
2025-04-11T11:35:56.523383+0800 ERROR finish command M154 S1
2025-04-11T11:36:00.330584+0800 ERROR SENT: M105
2025-04-11T11:36:00.330584+0800 ERROR write command M105
2025-04-11T11:36:00.330584+0800 ERROR second command M105
2025-04-11T11:36:00.330584+0800 ERROR finish command M105
2025-04-11T11:36:00.330584+0800 ERROR SENT: G250 S21
2025-04-11T11:36:00.330584+0800 ERROR write command G250 S21
2025-04-11T11:36:00.331577+0800 ERROR second command G250 S21
2025-04-11T11:36:00.331577+0800 ERROR finish command G250 S21
2025-04-11T11:36:00.331577+0800 ERROR SENT: G250 S800
2025-04-11T11:36:00.331577+0800 ERROR write command G250 S800
2025-04-11T11:36:00.331577+0800 ERROR second command G250 S800
2025-04-11T11:36:00.331577+0800 ERROR finish command G250 S800
2025-04-11T11:36:00.331577+0800 ERROR SENT: M154 S1
2025-04-11T11:36:00.331577+0800 ERROR write command M154 S1
2025-04-11T11:36:00.332576+0800 ERROR second command M154 S1
2025-04-11T11:36:00.332576+0800 ERROR finish command M154 S1
2025-04-11T11:36:04.151735+0800 ERROR SENT: M105
2025-04-11T11:36:04.151735+0800 ERROR write command M105
2025-04-11T11:36:04.151735+0800 ERROR second command M105
2025-04-11T11:36:04.151735+0800 ERROR finish command M105
2025-04-11T11:36:04.151735+0800 ERROR SENT: G250 S21
2025-04-11T11:36:04.151735+0800 ERROR write command G250 S21
2025-04-11T11:36:04.151735+0800 ERROR second command G250 S21
2025-04-11T11:36:04.151735+0800 ERROR finish command G250 S21
2025-04-11T11:36:04.151735+0800 ERROR SENT: G250 S800
2025-04-11T11:36:04.152735+0800 ERROR write command G250 S800
2025-04-11T11:36:04.152735+0800 ERROR second command G250 S800
2025-04-11T11:36:04.152735+0800 ERROR finish command G250 S800
2025-04-11T11:36:04.152735+0800 ERROR SENT: M154 S1
2025-04-11T11:36:04.152735+0800 ERROR write command M154 S1
2025-04-11T11:36:04.152735+0800 ERROR second command M154 S1
2025-04-11T11:36:04.153734+0800 ERROR finish command M154 S1
2025-04-11T11:36:07.969099+0800 ERROR SENT: M105
2025-04-11T11:36:07.969099+0800 ERROR write command M105
2025-04-11T11:36:07.969099+0800 ERROR second command M105
2025-04-11T11:36:07.969099+0800 ERROR finish command M105
2025-04-11T11:36:07.969099+0800 ERROR SENT: G250 S21
2025-04-11T11:36:07.969099+0800 ERROR write command G250 S21
2025-04-11T11:36:07.970021+0800 ERROR second command G250 S21
2025-04-11T11:36:07.970021+0800 ERROR finish command G250 S21
2025-04-11T11:36:07.970021+0800 ERROR SENT: G250 S800
2025-04-11T11:36:07.970021+0800 ERROR write command G250 S800
2025-04-11T11:36:07.970021+0800 ERROR second command G250 S800
2025-04-11T11:36:07.970021+0800 ERROR finish command G250 S800
2025-04-11T11:36:07.970021+0800 ERROR SENT: M154 S1
2025-04-11T11:36:07.970021+0800 ERROR write command M154 S1
2025-04-11T11:36:07.971020+0800 ERROR second command M154 S1
2025-04-11T11:36:07.971020+0800 ERROR finish command M154 S1
2025-04-11T11:36:11.782346+0800 ERROR SENT: M105
2025-04-11T11:36:11.782346+0800 ERROR write command M105
2025-04-11T11:36:11.782346+0800 ERROR second command M105
2025-04-11T11:36:11.782346+0800 ERROR finish command M105
2025-04-11T11:36:11.782346+0800 ERROR SENT: G250 S21
2025-04-11T11:36:11.782346+0800 ERROR write command G250 S21
2025-04-11T11:36:11.783279+0800 ERROR second command G250 S21
2025-04-11T11:36:11.783279+0800 ERROR finish command G250 S21
2025-04-11T11:36:11.783279+0800 ERROR SENT: G250 S800
2025-04-11T11:36:11.783279+0800 ERROR write command G250 S800
2025-04-11T11:36:11.783279+0800 ERROR second command G250 S800
2025-04-11T11:36:11.783279+0800 ERROR finish command G250 S800
2025-04-11T11:36:11.783279+0800 ERROR SENT: M154 S1
2025-04-11T11:36:11.784279+0800 ERROR write command M154 S1
2025-04-11T11:36:11.784279+0800 ERROR second command M154 S1
2025-04-11T11:36:11.784279+0800 ERROR finish command M154 S1
2025-04-11T11:36:15.584914+0800 ERROR SENT: M105
2025-04-11T11:36:15.584914+0800 ERROR write command M105
2025-04-11T11:36:15.584914+0800 ERROR second command M105
2025-04-11T11:36:15.584914+0800 ERROR finish command M105
2025-04-11T11:36:15.584914+0800 ERROR SENT: G250 S21
2025-04-11T11:36:15.585915+0800 ERROR write command G250 S21
2025-04-11T11:36:15.585915+0800 ERROR second command G250 S21
2025-04-11T11:36:15.585915+0800 ERROR finish command G250 S21
2025-04-11T11:36:15.585915+0800 ERROR SENT: G250 S800
2025-04-11T11:36:15.585915+0800 ERROR write command G250 S800
2025-04-11T11:36:15.585915+0800 ERROR second command G250 S800
2025-04-11T11:36:15.585915+0800 ERROR finish command G250 S800
2025-04-11T11:36:15.585915+0800 ERROR SENT: M154 S1
2025-04-11T11:36:15.586984+0800 ERROR write command M154 S1
2025-04-11T11:36:15.586984+0800 ERROR second command M154 S1
2025-04-11T11:36:15.586984+0800 ERROR finish command M154 S1
2025-04-11T11:36:19.404740+0800 ERROR SENT: M105
2025-04-11T11:36:19.404740+0800 ERROR write command M105
2025-04-11T11:36:19.404740+0800 ERROR second command M105
2025-04-11T11:36:19.404740+0800 ERROR finish command M105
2025-04-11T11:36:19.405663+0800 ERROR SENT: G250 S21
2025-04-11T11:36:19.405663+0800 ERROR write command G250 S21
2025-04-11T11:36:19.405663+0800 ERROR second command G250 S21
2025-04-11T11:36:19.405663+0800 ERROR finish command G250 S21
2025-04-11T11:36:19.405663+0800 ERROR SENT: G250 S800
2025-04-11T11:36:19.405663+0800 ERROR write command G250 S800
2025-04-11T11:36:19.405663+0800 ERROR second command G250 S800
2025-04-11T11:36:19.405663+0800 ERROR finish command G250 S800
2025-04-11T11:36:19.406663+0800 ERROR SENT: M154 S1
2025-04-11T11:36:19.406663+0800 ERROR write command M154 S1
2025-04-11T11:36:19.406663+0800 ERROR second command M154 S1
2025-04-11T11:36:19.407663+0800 ERROR finish command M154 S1
2025-04-11T11:36:23.220620+0800 ERROR SENT: M105
2025-04-11T11:36:23.220620+0800 ERROR write command M105
2025-04-11T11:36:23.220620+0800 ERROR second command M105
2025-04-11T11:36:23.221619+0800 ERROR finish command M105
2025-04-11T11:36:23.221619+0800 ERROR SENT: G250 S21
2025-04-11T11:36:23.221619+0800 ERROR write command G250 S21
2025-04-11T11:36:23.221619+0800 ERROR second command G250 S21
2025-04-11T11:36:23.221619+0800 ERROR finish command G250 S21
2025-04-11T11:36:23.221619+0800 ERROR SENT: G250 S800
2025-04-11T11:36:23.221619+0800 ERROR write command G250 S800
2025-04-11T11:36:23.221619+0800 ERROR second command G250 S800
2025-04-11T11:36:23.222619+0800 ERROR finish command G250 S800
2025-04-11T11:36:23.222619+0800 ERROR SENT: M154 S1
2025-04-11T11:36:23.222619+0800 ERROR write command M154 S1
2025-04-11T11:36:23.222619+0800 ERROR second command M154 S1
2025-04-11T11:36:23.222619+0800 ERROR finish command M154 S1
2025-04-11T11:36:27.047728+0800 ERROR SENT: M105
2025-04-11T11:36:27.047728+0800 ERROR write command M105
2025-04-11T11:36:27.047728+0800 ERROR second command M105
2025-04-11T11:36:27.047728+0800 ERROR finish command M105
2025-04-11T11:36:27.048727+0800 ERROR SENT: G250 S21
2025-04-11T11:36:27.048727+0800 ERROR write command G250 S21
2025-04-11T11:36:27.048727+0800 ERROR second command G250 S21
2025-04-11T11:36:27.048727+0800 ERROR finish command G250 S21
2025-04-11T11:36:27.048727+0800 ERROR SENT: G250 S800
2025-04-11T11:36:27.048727+0800 ERROR write command G250 S800
2025-04-11T11:36:27.048727+0800 ERROR second command G250 S800
2025-04-11T11:36:27.048727+0800 ERROR finish command G250 S800
2025-04-11T11:36:27.048727+0800 ERROR SENT: M154 S1
2025-04-11T11:36:27.049726+0800 ERROR write command M154 S1
2025-04-11T11:36:27.049726+0800 ERROR second command M154 S1
2025-04-11T11:36:27.049726+0800 ERROR finish command M154 S1
2025-04-11T11:36:30.869312+0800 ERROR SENT: M105
2025-04-11T11:36:30.869312+0800 ERROR write command M105
2025-04-11T11:36:30.869312+0800 ERROR second command M105
2025-04-11T11:36:30.870314+0800 ERROR finish command M105
2025-04-11T11:36:30.870314+0800 ERROR SENT: G250 S21
2025-04-11T11:36:30.870314+0800 ERROR write command G250 S21
2025-04-11T11:36:30.870314+0800 ERROR second command G250 S21
2025-04-11T11:36:30.870314+0800 ERROR finish command G250 S21
2025-04-11T11:36:30.870314+0800 ERROR SENT: G250 S800
2025-04-11T11:36:30.870314+0800 ERROR write command G250 S800
2025-04-11T11:36:30.871312+0800 ERROR second command G250 S800
2025-04-11T11:36:30.871312+0800 ERROR finish command G250 S800
2025-04-11T11:36:30.871312+0800 ERROR SENT: M154 S1
2025-04-11T11:36:30.871312+0800 ERROR write command M154 S1
2025-04-11T11:36:30.871312+0800 ERROR second command M154 S1
2025-04-11T11:36:30.871312+0800 ERROR finish command M154 S1
2025-04-11T11:36:34.669782+0800 ERROR SENT: M105
2025-04-11T11:36:34.669782+0800 ERROR write command M105
2025-04-11T11:36:34.669782+0800 ERROR second command M105
2025-04-11T11:36:34.669782+0800 ERROR finish command M105
2025-04-11T11:36:34.669782+0800 ERROR SENT: G250 S21
2025-04-11T11:36:34.669782+0800 ERROR write command G250 S21
2025-04-11T11:36:34.670784+0800 ERROR second command G250 S21
2025-04-11T11:36:34.670784+0800 ERROR finish command G250 S21
2025-04-11T11:36:34.670784+0800 ERROR SENT: G250 S800
2025-04-11T11:36:34.670784+0800 ERROR write command G250 S800
2025-04-11T11:36:34.670784+0800 ERROR second command G250 S800
2025-04-11T11:36:34.670784+0800 ERROR finish command G250 S800
2025-04-11T11:36:34.670784+0800 ERROR SENT: M154 S1
2025-04-11T11:36:34.670784+0800 ERROR write command M154 S1
2025-04-11T11:36:34.671863+0800 ERROR second command M154 S1
2025-04-11T11:36:34.671863+0800 ERROR finish command M154 S1
2025-04-11T11:36:38.476497+0800 ERROR SENT: M105
2025-04-11T11:36:38.476497+0800 ERROR write command M105
2025-04-11T11:36:38.476497+0800 ERROR second command M105
2025-04-11T11:36:38.476497+0800 ERROR finish command M105
2025-04-11T11:36:38.476497+0800 ERROR SENT: G250 S21
2025-04-11T11:36:38.476497+0800 ERROR write command G250 S21
2025-04-11T11:36:38.477428+0800 ERROR second command G250 S21
2025-04-11T11:36:38.477428+0800 ERROR finish command G250 S21
2025-04-11T11:36:38.477428+0800 ERROR SENT: G250 S800
2025-04-11T11:36:38.477428+0800 ERROR write command G250 S800
2025-04-11T11:36:38.477428+0800 ERROR second command G250 S800
2025-04-11T11:36:38.477428+0800 ERROR finish command G250 S800
2025-04-11T11:36:38.477428+0800 ERROR SENT: M154 S1
2025-04-11T11:36:38.478523+0800 ERROR write command M154 S1
2025-04-11T11:36:38.478523+0800 ERROR second command M154 S1
2025-04-11T11:36:38.478523+0800 ERROR finish command M154 S1
2025-04-11T11:36:42.312614+0800 ERROR SENT: M105
2025-04-11T11:36:42.312614+0800 ERROR write command M105
2025-04-11T11:36:42.312614+0800 ERROR second command M105
2025-04-11T11:36:42.312614+0800 ERROR finish command M105
2025-04-11T11:36:42.313531+0800 ERROR SENT: G250 S21
2025-04-11T11:36:42.313531+0800 ERROR write command G250 S21
2025-04-11T11:36:42.313531+0800 ERROR second command G250 S21
2025-04-11T11:36:42.313531+0800 ERROR finish command G250 S21
2025-04-11T11:36:42.313531+0800 ERROR SENT: G250 S800
2025-04-11T11:36:42.313531+0800 ERROR write command G250 S800
2025-04-11T11:36:42.313531+0800 ERROR second command G250 S800
2025-04-11T11:36:42.313531+0800 ERROR finish command G250 S800
2025-04-11T11:36:42.313531+0800 ERROR SENT: M154 S1
2025-04-11T11:36:42.314531+0800 ERROR write command M154 S1
2025-04-11T11:36:42.314531+0800 ERROR second command M154 S1
2025-04-11T11:36:42.314531+0800 ERROR finish command M154 S1
2025-04-11T11:36:46.128875+0800 ERROR SENT: M105
2025-04-11T11:36:46.128875+0800 ERROR write command M105
2025-04-11T11:36:46.128875+0800 ERROR second command M105
2025-04-11T11:36:46.128875+0800 ERROR finish command M105
2025-04-11T11:36:46.128875+0800 ERROR SENT: G250 S21
2025-04-11T11:36:46.128875+0800 ERROR write command G250 S21
2025-04-11T11:36:46.129800+0800 ERROR second command G250 S21
2025-04-11T11:36:46.129800+0800 ERROR finish command G250 S21
2025-04-11T11:36:46.129800+0800 ERROR SENT: G250 S800
2025-04-11T11:36:46.129800+0800 ERROR write command G250 S800
2025-04-11T11:36:46.129800+0800 ERROR second command G250 S800
2025-04-11T11:36:46.129800+0800 ERROR finish command G250 S800
2025-04-11T11:36:46.129800+0800 ERROR SENT: M154 S1
2025-04-11T11:36:46.129800+0800 ERROR write command M154 S1
2025-04-11T11:36:46.129800+0800 ERROR second command M154 S1
2025-04-11T11:36:46.130800+0800 ERROR finish command M154 S1
2025-04-11T11:36:49.944866+0800 ERROR SENT: M105
2025-04-11T11:36:49.944866+0800 ERROR write command M105
2025-04-11T11:36:49.944866+0800 ERROR second command M105
2025-04-11T11:36:49.944866+0800 ERROR finish command M105
2025-04-11T11:36:49.945796+0800 ERROR SENT: G250 S21
2025-04-11T11:36:49.945796+0800 ERROR write command G250 S21
2025-04-11T11:36:49.945796+0800 ERROR second command G250 S21
2025-04-11T11:36:49.945796+0800 ERROR finish command G250 S21
2025-04-11T11:36:49.945796+0800 ERROR SENT: G250 S800
2025-04-11T11:36:49.945796+0800 ERROR write command G250 S800
2025-04-11T11:36:49.945796+0800 ERROR second command G250 S800
2025-04-11T11:36:49.945796+0800 ERROR finish command G250 S800
2025-04-11T11:36:49.946797+0800 ERROR SENT: M154 S1
2025-04-11T11:36:49.946797+0800 ERROR write command M154 S1
2025-04-11T11:36:49.946797+0800 ERROR second command M154 S1
2025-04-11T11:36:49.946797+0800 ERROR finish command M154 S1
2025-04-11T11:36:53.796317+0800 ERROR SENT: M105
2025-04-11T11:36:53.796317+0800 ERROR write command M105
2025-04-11T11:36:53.796317+0800 ERROR second command M105
2025-04-11T11:36:53.797318+0800 ERROR finish command M105
2025-04-11T11:36:53.797318+0800 ERROR SENT: G250 S21
2025-04-11T11:36:53.797318+0800 ERROR write command G250 S21
2025-04-11T11:36:53.797318+0800 ERROR second command G250 S21
2025-04-11T11:36:53.797318+0800 ERROR finish command G250 S21
2025-04-11T11:36:53.797318+0800 ERROR SENT: G250 S800
2025-04-11T11:36:53.797318+0800 ERROR write command G250 S800
2025-04-11T11:36:53.797318+0800 ERROR second command G250 S800
2025-04-11T11:36:53.798320+0800 ERROR finish command G250 S800
2025-04-11T11:36:53.798320+0800 ERROR SENT: M154 S1
2025-04-11T11:36:53.798320+0800 ERROR write command M154 S1
2025-04-11T11:36:53.799324+0800 ERROR second command M154 S1
2025-04-11T11:36:53.799324+0800 ERROR finish command M154 S1
2025-04-11T11:36:57.669825+0800 ERROR SENT: M105
2025-04-11T11:36:57.669825+0800 ERROR write command M105
2025-04-11T11:36:57.669825+0800 ERROR second command M105
2025-04-11T11:36:57.670826+0800 ERROR finish command M105
2025-04-11T11:36:57.670826+0800 ERROR SENT: G250 S21
2025-04-11T11:36:57.670826+0800 ERROR write command G250 S21
2025-04-11T11:36:57.670826+0800 ERROR second command G250 S21
2025-04-11T11:36:57.670826+0800 ERROR finish command G250 S21
2025-04-11T11:36:57.670826+0800 ERROR SENT: G250 S800
2025-04-11T11:36:57.671825+0800 ERROR write command G250 S800
2025-04-11T11:36:57.671825+0800 ERROR second command G250 S800
2025-04-11T11:36:57.671825+0800 ERROR finish command G250 S800
2025-04-11T11:36:57.671825+0800 ERROR SENT: M154 S1
2025-04-11T11:36:57.671825+0800 ERROR write command M154 S1
2025-04-11T11:36:57.671825+0800 ERROR second command M154 S1
2025-04-11T11:36:57.672825+0800 ERROR finish command M154 S1
2025-04-11T11:37:01.491360+0800 ERROR SENT: M105
2025-04-11T11:37:01.491360+0800 ERROR write command M105
2025-04-11T11:37:01.491360+0800 ERROR second command M105
2025-04-11T11:37:01.491360+0800 ERROR finish command M105
2025-04-11T11:37:01.492361+0800 ERROR SENT: G250 S21
2025-04-11T11:37:01.492361+0800 ERROR write command G250 S21
2025-04-11T11:37:01.492361+0800 ERROR second command G250 S21
2025-04-11T11:37:01.492361+0800 ERROR finish command G250 S21
2025-04-11T11:37:01.492361+0800 ERROR SENT: G250 S800
2025-04-11T11:37:01.492361+0800 ERROR write command G250 S800
2025-04-11T11:37:01.492361+0800 ERROR second command G250 S800
2025-04-11T11:37:01.492361+0800 ERROR finish command G250 S800
2025-04-11T11:37:01.493361+0800 ERROR SENT: M154 S1
2025-04-11T11:37:01.493361+0800 ERROR write command M154 S1
2025-04-11T11:37:01.493361+0800 ERROR second command M154 S1
2025-04-11T11:37:01.493361+0800 ERROR finish command M154 S1
2025-04-11T11:37:05.467127+0800 ERROR SENT: M105
2025-04-11T11:37:05.467127+0800 ERROR write command M105
2025-04-11T11:37:05.467127+0800 ERROR second command M105
2025-04-11T11:37:05.468128+0800 ERROR finish command M105
2025-04-11T11:37:05.468128+0800 ERROR SENT: G250 S21
2025-04-11T11:37:05.468128+0800 ERROR write command G250 S21
2025-04-11T11:37:05.468128+0800 ERROR second command G250 S21
2025-04-11T11:37:05.468128+0800 ERROR finish command G250 S21
2025-04-11T11:37:05.468128+0800 ERROR SENT: G250 S800
2025-04-11T11:37:05.469128+0800 ERROR write command G250 S800
2025-04-11T11:37:05.469128+0800 ERROR second command G250 S800
2025-04-11T11:37:05.469128+0800 ERROR finish command G250 S800
2025-04-11T11:37:05.470128+0800 ERROR SENT: M154 S1
2025-04-11T11:37:05.470128+0800 ERROR write command M154 S1
2025-04-11T11:37:05.470128+0800 ERROR second command M154 S1
2025-04-11T11:37:05.471128+0800 ERROR finish command M154 S1
2025-04-11T11:37:09.424351+0800 ERROR SENT: M105
2025-04-11T11:37:09.425351+0800 ERROR write command M105
2025-04-11T11:37:09.425351+0800 ERROR second command M105
2025-04-11T11:37:09.425351+0800 ERROR finish command M105
2025-04-11T11:37:09.425351+0800 ERROR SENT: G250 S21
2025-04-11T11:37:09.425351+0800 ERROR write command G250 S21
2025-04-11T11:37:09.425351+0800 ERROR second command G250 S21
2025-04-11T11:37:09.425351+0800 ERROR finish command G250 S21
2025-04-11T11:37:09.426352+0800 ERROR SENT: G250 S800
2025-04-11T11:37:09.426352+0800 ERROR write command G250 S800
2025-04-11T11:37:09.426352+0800 ERROR second command G250 S800
2025-04-11T11:37:09.426352+0800 ERROR finish command G250 S800
2025-04-11T11:37:09.462352+0800 ERROR SENT: M154 S1
2025-04-11T11:37:09.463352+0800 ERROR write command M154 S1
2025-04-11T11:37:09.463352+0800 ERROR second command M154 S1
2025-04-11T11:37:09.463352+0800 ERROR finish command M154 S1
2025-04-11T11:37:13.377153+0800 ERROR SENT: M105
2025-04-11T11:37:13.377153+0800 ERROR write command M105
2025-04-11T11:37:13.377153+0800 ERROR second command M105
2025-04-11T11:37:13.377153+0800 ERROR finish command M105
2025-04-11T11:37:13.377153+0800 ERROR SENT: G250 S21
2025-04-11T11:37:13.377153+0800 ERROR write command G250 S21
2025-04-11T11:37:13.378152+0800 ERROR second command G250 S21
2025-04-11T11:37:13.378152+0800 ERROR finish command G250 S21
2025-04-11T11:37:13.378152+0800 ERROR SENT: G250 S800
2025-04-11T11:37:13.378152+0800 ERROR write command G250 S800
2025-04-11T11:37:13.378152+0800 ERROR second command G250 S800
2025-04-11T11:37:13.378152+0800 ERROR finish command G250 S800
2025-04-11T11:37:13.379152+0800 ERROR SENT: M154 S1
2025-04-11T11:37:13.379152+0800 ERROR write command M154 S1
2025-04-11T11:37:13.380152+0800 ERROR second command M154 S1
2025-04-11T11:37:13.380152+0800 ERROR finish command M154 S1
2025-04-11T11:37:17.283790+0800 ERROR SENT: M105
2025-04-11T11:37:17.283790+0800 ERROR write command M105
2025-04-11T11:37:17.283790+0800 ERROR second command M105
2025-04-11T11:37:17.284789+0800 ERROR finish command M105
2025-04-11T11:37:17.284789+0800 ERROR SENT: G250 S21
2025-04-11T11:37:17.284789+0800 ERROR write command G250 S21
2025-04-11T11:37:17.284789+0800 ERROR second command G250 S21
2025-04-11T11:37:17.284789+0800 ERROR finish command G250 S21
2025-04-11T11:37:17.284789+0800 ERROR SENT: G250 S800
2025-04-11T11:37:17.285789+0800 ERROR write command G250 S800
2025-04-11T11:37:17.285789+0800 ERROR second command G250 S800
2025-04-11T11:37:17.285789+0800 ERROR finish command G250 S800
2025-04-11T11:37:17.285789+0800 ERROR SENT: M154 S1
2025-04-11T11:37:17.286790+0800 ERROR write command M154 S1
2025-04-11T11:37:17.286790+0800 ERROR second command M154 S1
2025-04-11T11:37:17.286790+0800 ERROR finish command M154 S1
2025-04-11T11:37:21.172376+0800 ERROR SENT: M105
2025-04-11T11:37:21.172376+0800 ERROR write command M105
2025-04-11T11:37:21.173377+0800 ERROR second command M105
2025-04-11T11:37:21.173377+0800 ERROR finish command M105
2025-04-11T11:37:21.173377+0800 ERROR SENT: G250 S21
2025-04-11T11:37:21.173377+0800 ERROR write command G250 S21
2025-04-11T11:37:21.173377+0800 ERROR second command G250 S21
2025-04-11T11:37:21.174377+0800 ERROR finish command G250 S21
2025-04-11T11:37:21.174377+0800 ERROR SENT: G250 S800
2025-04-11T11:37:21.174377+0800 ERROR write command G250 S800
2025-04-11T11:37:21.174377+0800 ERROR second command G250 S800
2025-04-11T11:37:21.174377+0800 ERROR finish command G250 S800
2025-04-11T11:37:21.174377+0800 ERROR SENT: M154 S1
2025-04-11T11:37:21.174377+0800 ERROR write command M154 S1
2025-04-11T11:37:21.174377+0800 ERROR second command M154 S1
2025-04-11T11:37:21.174377+0800 ERROR finish command M154 S1
2025-04-11T11:37:25.161817+0800 ERROR SENT: M105
2025-04-11T11:37:25.161817+0800 ERROR write command M105
2025-04-11T11:37:25.161817+0800 ERROR second command M105
2025-04-11T11:37:25.161817+0800 ERROR finish command M105
2025-04-11T11:37:25.162817+0800 ERROR SENT: G250 S21
2025-04-11T11:37:25.162817+0800 ERROR write command G250 S21
2025-04-11T11:37:25.162817+0800 ERROR second command G250 S21
2025-04-11T11:37:25.162817+0800 ERROR finish command G250 S21
2025-04-11T11:37:25.162817+0800 ERROR SENT: G250 S800
2025-04-11T11:37:25.162817+0800 ERROR write command G250 S800
2025-04-11T11:37:25.162817+0800 ERROR second command G250 S800
2025-04-11T11:37:25.163817+0800 ERROR finish command G250 S800
2025-04-11T11:37:25.164817+0800 ERROR SENT: M154 S1
2025-04-11T11:37:25.164817+0800 ERROR write command M154 S1
2025-04-11T11:37:25.165817+0800 ERROR second command M154 S1
2025-04-11T11:37:25.165817+0800 ERROR finish command M154 S1
2025-04-11T11:37:29.132136+0800 ERROR SENT: M105
2025-04-11T11:37:29.132136+0800 ERROR write command M105
2025-04-11T11:37:29.132136+0800 ERROR second command M105
2025-04-11T11:37:29.132136+0800 ERROR finish command M105
2025-04-11T11:37:29.132136+0800 ERROR SENT: G250 S21
2025-04-11T11:37:29.133136+0800 ERROR write command G250 S21
2025-04-11T11:37:29.133136+0800 ERROR second command G250 S21
2025-04-11T11:37:29.133136+0800 ERROR finish command G250 S21
2025-04-11T11:37:29.133136+0800 ERROR SENT: G250 S800
2025-04-11T11:37:29.133136+0800 ERROR write command G250 S800
2025-04-11T11:37:29.133136+0800 ERROR second command G250 S800
2025-04-11T11:37:29.133136+0800 ERROR finish command G250 S800
2025-04-11T11:37:29.209136+0800 ERROR SENT: M154 S1
2025-04-11T11:37:29.209136+0800 ERROR write command M154 S1
2025-04-11T11:37:29.209136+0800 ERROR second command M154 S1
2025-04-11T11:37:29.209136+0800 ERROR finish command M154 S1
2025-04-11T11:37:33.052593+0800 ERROR SENT: M105
2025-04-11T11:37:33.052593+0800 ERROR write command M105
2025-04-11T11:37:33.052593+0800 ERROR second command M105
2025-04-11T11:37:33.052593+0800 ERROR finish command M105
2025-04-11T11:37:33.052593+0800 ERROR SENT: G250 S21
2025-04-11T11:37:33.052593+0800 ERROR write command G250 S21
2025-04-11T11:37:33.053580+0800 ERROR second command G250 S21
2025-04-11T11:37:33.053580+0800 ERROR finish command G250 S21
2025-04-11T11:37:33.053580+0800 ERROR SENT: G250 S800
2025-04-11T11:37:33.053580+0800 ERROR write command G250 S800
2025-04-11T11:37:33.053580+0800 ERROR second command G250 S800
2025-04-11T11:37:33.053580+0800 ERROR finish command G250 S800
2025-04-11T11:37:33.054580+0800 ERROR SENT: M154 S1
2025-04-11T11:37:33.054580+0800 ERROR write command M154 S1
2025-04-11T11:37:33.054580+0800 ERROR second command M154 S1
2025-04-11T11:37:33.054580+0800 ERROR finish command M154 S1
2025-04-11T11:37:36.855614+0800 ERROR SENT: M105
2025-04-11T11:37:36.855614+0800 ERROR write command M105
2025-04-11T11:37:36.855614+0800 ERROR second command M105
2025-04-11T11:37:36.856568+0800 ERROR finish command M105
2025-04-11T11:37:36.856568+0800 ERROR SENT: G250 S21
2025-04-11T11:37:36.856568+0800 ERROR write command G250 S21
2025-04-11T11:37:36.856568+0800 ERROR second command G250 S21
2025-04-11T11:37:36.856568+0800 ERROR finish command G250 S21
2025-04-11T11:37:36.856568+0800 ERROR SENT: G250 S800
2025-04-11T11:37:36.856568+0800 ERROR write command G250 S800
2025-04-11T11:37:36.856568+0800 ERROR second command G250 S800
2025-04-11T11:37:36.856568+0800 ERROR finish command G250 S800
2025-04-11T11:37:36.857567+0800 ERROR SENT: M154 S1
2025-04-11T11:37:36.857567+0800 ERROR write command M154 S1
2025-04-11T11:37:36.857567+0800 ERROR second command M154 S1
2025-04-11T11:37:36.857567+0800 ERROR finish command M154 S1
2025-04-11T11:37:40.763492+0800 ERROR SENT: M105
2025-04-11T11:37:40.763492+0800 ERROR write command M105
2025-04-11T11:37:40.764492+0800 ERROR second command M105
2025-04-11T11:37:40.764492+0800 ERROR finish command M105
2025-04-11T11:37:40.764492+0800 ERROR SENT: G250 S21
2025-04-11T11:37:40.764492+0800 ERROR write command G250 S21
2025-04-11T11:37:40.764492+0800 ERROR second command G250 S21
2025-04-11T11:37:40.764492+0800 ERROR finish command G250 S21
2025-04-11T11:37:40.764492+0800 ERROR SENT: G250 S800
2025-04-11T11:37:40.765491+0800 ERROR write command G250 S800
2025-04-11T11:37:40.765491+0800 ERROR second command G250 S800
2025-04-11T11:37:40.765491+0800 ERROR finish command G250 S800
2025-04-11T11:37:40.766491+0800 ERROR SENT: M154 S1
2025-04-11T11:37:40.766491+0800 ERROR write command M154 S1
2025-04-11T11:37:40.766491+0800 ERROR second command M154 S1
2025-04-11T11:37:40.766491+0800 ERROR finish command M154 S1
2025-04-11T11:37:44.818192+0800 ERROR SENT: M105
2025-04-11T11:37:44.818192+0800 ERROR write command M105
2025-04-11T11:37:44.819190+0800 ERROR second command M105
2025-04-11T11:37:44.819190+0800 ERROR finish command M105
2025-04-11T11:37:44.819190+0800 ERROR SENT: G250 S21
2025-04-11T11:37:44.819190+0800 ERROR write command G250 S21
2025-04-11T11:37:44.819190+0800 ERROR second command G250 S21
2025-04-11T11:37:44.819190+0800 ERROR finish command G250 S21
2025-04-11T11:37:44.820189+0800 ERROR SENT: G250 S800
2025-04-11T11:37:44.820189+0800 ERROR write command G250 S800
2025-04-11T11:37:44.820189+0800 ERROR second command G250 S800
2025-04-11T11:37:44.820189+0800 ERROR finish command G250 S800
2025-04-11T11:37:44.820189+0800 ERROR SENT: M154 S1
2025-04-11T11:37:44.820189+0800 ERROR write command M154 S1
2025-04-11T11:37:44.821190+0800 ERROR second command M154 S1
2025-04-11T11:37:44.821190+0800 ERROR finish command M154 S1
2025-04-11T11:37:48.778814+0800 ERROR SENT: M105
2025-04-11T11:37:48.778814+0800 ERROR write command M105
2025-04-11T11:37:48.779815+0800 ERROR second command M105
2025-04-11T11:37:48.779815+0800 ERROR finish command M105
2025-04-11T11:37:48.779815+0800 ERROR SENT: G250 S21
2025-04-11T11:37:48.779815+0800 ERROR write command G250 S21
2025-04-11T11:37:48.779815+0800 ERROR second command G250 S21
2025-04-11T11:37:48.779815+0800 ERROR finish command G250 S21
2025-04-11T11:37:48.779815+0800 ERROR SENT: G250 S800
2025-04-11T11:37:48.780815+0800 ERROR write command G250 S800
2025-04-11T11:37:48.780815+0800 ERROR second command G250 S800
2025-04-11T11:37:48.780815+0800 ERROR finish command G250 S800
2025-04-11T11:37:48.780815+0800 ERROR SENT: M154 S1
2025-04-11T11:37:48.780815+0800 ERROR write command M154 S1
2025-04-11T11:37:48.780815+0800 ERROR second command M154 S1
2025-04-11T11:37:48.780815+0800 ERROR finish command M154 S1
2025-04-11T11:37:52.858180+0800 ERROR SENT: M105
2025-04-11T11:37:52.858180+0800 ERROR write command M105
2025-04-11T11:37:52.858180+0800 ERROR second command M105
2025-04-11T11:37:52.859180+0800 ERROR finish command M105
2025-04-11T11:37:52.859180+0800 ERROR SENT: G250 S21
2025-04-11T11:37:52.859180+0800 ERROR write command G250 S21
2025-04-11T11:37:52.859180+0800 ERROR second command G250 S21
2025-04-11T11:37:52.859180+0800 ERROR finish command G250 S21
2025-04-11T11:37:52.859180+0800 ERROR SENT: G250 S800
2025-04-11T11:37:52.859180+0800 ERROR write command G250 S800
2025-04-11T11:37:52.860180+0800 ERROR second command G250 S800
2025-04-11T11:37:52.860180+0800 ERROR finish command G250 S800
2025-04-11T11:37:52.870179+0800 ERROR SENT: M154 S1
2025-04-11T11:37:52.870179+0800 ERROR write command M154 S1
2025-04-11T11:37:52.870179+0800 ERROR second command M154 S1
2025-04-11T11:37:52.870179+0800 ERROR finish command M154 S1
2025-04-11T11:37:56.816574+0800 ERROR SENT: M105
2025-04-11T11:37:56.817575+0800 ERROR write command M105
2025-04-11T11:37:56.817575+0800 ERROR second command M105
2025-04-11T11:37:56.817575+0800 ERROR finish command M105
2025-04-11T11:37:56.817575+0800 ERROR SENT: G250 S21
2025-04-11T11:37:56.818574+0800 ERROR write command G250 S21
2025-04-11T11:37:56.818574+0800 ERROR second command G250 S21
2025-04-11T11:37:56.818574+0800 ERROR finish command G250 S21
2025-04-11T11:37:56.818574+0800 ERROR SENT: G250 S800
2025-04-11T11:37:56.818574+0800 ERROR write command G250 S800
2025-04-11T11:37:56.819574+0800 ERROR second command G250 S800
2025-04-11T11:37:56.819574+0800 ERROR finish command G250 S800
2025-04-11T11:37:56.819574+0800 ERROR SENT: M154 S1
2025-04-11T11:37:56.825574+0800 ERROR write command M154 S1
2025-04-11T11:37:56.825574+0800 ERROR second command M154 S1
2025-04-11T11:37:56.825574+0800 ERROR finish command M154 S1
2025-04-11T11:38:00.906945+0800 ERROR SENT: M105
2025-04-11T11:38:00.906945+0800 ERROR write command M105
2025-04-11T11:38:00.906945+0800 ERROR second command M105
2025-04-11T11:38:00.907946+0800 ERROR finish command M105
2025-04-11T11:38:00.907946+0800 ERROR SENT: G250 S21
2025-04-11T11:38:00.907946+0800 ERROR write command G250 S21
2025-04-11T11:38:00.907946+0800 ERROR second command G250 S21
2025-04-11T11:38:00.907946+0800 ERROR finish command G250 S21
2025-04-11T11:38:00.907946+0800 ERROR SENT: G250 S800
2025-04-11T11:38:00.908946+0800 ERROR write command G250 S800
2025-04-11T11:38:00.908946+0800 ERROR second command G250 S800
2025-04-11T11:38:00.908946+0800 ERROR finish command G250 S800
2025-04-11T11:38:00.913946+0800 ERROR SENT: M154 S1
2025-04-11T11:38:00.914947+0800 ERROR write command M154 S1
2025-04-11T11:38:00.937819+0800 ERROR second command M154 S1
2025-04-11T11:38:00.937819+0800 ERROR finish command M154 S1
2025-04-11T11:38:04.866243+0800 ERROR SENT: M105
2025-04-11T11:38:04.866243+0800 ERROR write command M105
2025-04-11T11:38:04.866243+0800 ERROR second command M105
2025-04-11T11:38:04.867243+0800 ERROR finish command M105
2025-04-11T11:38:04.867243+0800 ERROR SENT: G250 S21
2025-04-11T11:38:04.867243+0800 ERROR write command G250 S21
2025-04-11T11:38:04.867243+0800 ERROR second command G250 S21
2025-04-11T11:38:04.867243+0800 ERROR finish command G250 S21
2025-04-11T11:38:04.867243+0800 ERROR SENT: G250 S800
2025-04-11T11:38:04.868243+0800 ERROR write command G250 S800
2025-04-11T11:38:04.868243+0800 ERROR second command G250 S800
2025-04-11T11:38:04.868243+0800 ERROR finish command G250 S800
2025-04-11T11:38:04.870243+0800 ERROR SENT: M154 S1
2025-04-11T11:38:04.870243+0800 ERROR write command M154 S1
2025-04-11T11:38:04.871243+0800 ERROR second command M154 S1
2025-04-11T11:38:04.871243+0800 ERROR finish command M154 S1
2025-04-11T11:38:08.855323+0800 ERROR SENT: M105
2025-04-11T11:38:08.855323+0800 ERROR write command M105
2025-04-11T11:38:08.855323+0800 ERROR second command M105
2025-04-11T11:38:08.856323+0800 ERROR finish command M105
2025-04-11T11:38:08.856323+0800 ERROR SENT: G250 S21
2025-04-11T11:38:08.856323+0800 ERROR write command G250 S21
2025-04-11T11:38:08.856323+0800 ERROR second command G250 S21
2025-04-11T11:38:08.856323+0800 ERROR finish command G250 S21
2025-04-11T11:38:08.856323+0800 ERROR SENT: G250 S800
2025-04-11T11:38:08.856323+0800 ERROR write command G250 S800
2025-04-11T11:38:08.857324+0800 ERROR second command G250 S800
2025-04-11T11:38:08.857324+0800 ERROR finish command G250 S800
2025-04-11T11:38:08.857324+0800 ERROR SENT: M154 S1
2025-04-11T11:38:08.857324+0800 ERROR write command M154 S1
2025-04-11T11:38:08.857324+0800 ERROR second command M154 S1
2025-04-11T11:38:08.857324+0800 ERROR finish command M154 S1
2025-04-11T11:38:12.661920+0800 ERROR SENT: M105
2025-04-11T11:38:12.661920+0800 ERROR write command M105
2025-04-11T11:38:12.661920+0800 ERROR second command M105
2025-04-11T11:38:12.661920+0800 ERROR finish command M105
2025-04-11T11:38:12.662919+0800 ERROR SENT: G250 S21
2025-04-11T11:38:12.662919+0800 ERROR write command G250 S21
2025-04-11T11:38:12.662919+0800 ERROR second command G250 S21
2025-04-11T11:38:12.662919+0800 ERROR finish command G250 S21
2025-04-11T11:38:12.662919+0800 ERROR SENT: G250 S800
2025-04-11T11:38:12.662919+0800 ERROR write command G250 S800
2025-04-11T11:38:12.662919+0800 ERROR second command G250 S800
2025-04-11T11:38:12.663919+0800 ERROR finish command G250 S800
2025-04-11T11:38:12.663919+0800 ERROR SENT: M154 S1
2025-04-11T11:38:12.663919+0800 ERROR write command M154 S1
2025-04-11T11:38:12.663919+0800 ERROR second command M154 S1
2025-04-11T11:38:12.664920+0800 ERROR finish command M154 S1
2025-04-11T11:38:16.701155+0800 ERROR SENT: M105
2025-04-11T11:38:16.701155+0800 ERROR write command M105
2025-04-11T11:38:16.702155+0800 ERROR second command M105
2025-04-11T11:38:16.702155+0800 ERROR finish command M105
2025-04-11T11:38:16.702155+0800 ERROR SENT: G250 S21
2025-04-11T11:38:16.702155+0800 ERROR write command G250 S21
2025-04-11T11:38:16.703155+0800 ERROR second command G250 S21
2025-04-11T11:38:16.703155+0800 ERROR finish command G250 S21
2025-04-11T11:38:16.703155+0800 ERROR SENT: G250 S800
2025-04-11T11:38:16.703155+0800 ERROR write command G250 S800
2025-04-11T11:38:16.704155+0800 ERROR second command G250 S800
2025-04-11T11:38:16.704155+0800 ERROR finish command G250 S800
2025-04-11T11:38:16.704155+0800 ERROR SENT: M154 S1
2025-04-11T11:38:16.704155+0800 ERROR write command M154 S1
2025-04-11T11:38:16.704155+0800 ERROR second command M154 S1
2025-04-11T11:38:16.704155+0800 ERROR finish command M154 S1
2025-04-11T11:38:20.602333+0800 ERROR SENT: M105
2025-04-11T11:38:20.602333+0800 ERROR write command M105
2025-04-11T11:38:20.602333+0800 ERROR second command M105
2025-04-11T11:38:20.603335+0800 ERROR finish command M105
2025-04-11T11:38:20.603335+0800 ERROR SENT: G250 S21
2025-04-11T11:38:20.603335+0800 ERROR write command G250 S21
2025-04-11T11:38:20.603335+0800 ERROR second command G250 S21
2025-04-11T11:38:20.603335+0800 ERROR finish command G250 S21
2025-04-11T11:38:20.603335+0800 ERROR SENT: G250 S800
2025-04-11T11:38:20.603335+0800 ERROR write command G250 S800
2025-04-11T11:38:20.604333+0800 ERROR second command G250 S800
2025-04-11T11:38:20.604333+0800 ERROR finish command G250 S800
2025-04-11T11:38:20.604333+0800 ERROR SENT: M154 S1
2025-04-11T11:38:20.604333+0800 ERROR write command M154 S1
2025-04-11T11:38:20.604333+0800 ERROR second command M154 S1
2025-04-11T11:38:20.604333+0800 ERROR finish command M154 S1
2025-04-11T11:38:24.834562+0800 ERROR SENT: M105
2025-04-11T11:38:24.834562+0800 ERROR write command M105
2025-04-11T11:38:24.834562+0800 ERROR second command M105
2025-04-11T11:38:24.835562+0800 ERROR finish command M105
2025-04-11T11:38:24.835562+0800 ERROR SENT: G250 S21
2025-04-11T11:38:24.835562+0800 ERROR write command G250 S21
2025-04-11T11:38:24.835562+0800 ERROR second command G250 S21
2025-04-11T11:38:24.835562+0800 ERROR finish command G250 S21
2025-04-11T11:38:24.835562+0800 ERROR SENT: G250 S800
2025-04-11T11:38:24.835562+0800 ERROR write command G250 S800
2025-04-11T11:38:24.836562+0800 ERROR second command G250 S800
2025-04-11T11:38:24.836562+0800 ERROR finish command G250 S800
2025-04-11T11:38:24.837562+0800 ERROR SENT: M154 S1
2025-04-11T11:38:24.837562+0800 ERROR write command M154 S1
2025-04-11T11:38:24.837562+0800 ERROR second command M154 S1
2025-04-11T11:38:24.838562+0800 ERROR finish command M154 S1
2025-04-11T11:38:28.661191+0800 ERROR SENT: M105
2025-04-11T11:38:28.661191+0800 ERROR write command M105
2025-04-11T11:38:28.662193+0800 ERROR second command M105
2025-04-11T11:38:28.662193+0800 ERROR finish command M105
2025-04-11T11:38:28.662193+0800 ERROR SENT: G250 S21
2025-04-11T11:38:28.662193+0800 ERROR write command G250 S21
2025-04-11T11:38:28.662193+0800 ERROR second command G250 S21
2025-04-11T11:38:28.663192+0800 ERROR finish command G250 S21
2025-04-11T11:38:28.663192+0800 ERROR SENT: G250 S800
2025-04-11T11:38:28.663192+0800 ERROR write command G250 S800
2025-04-11T11:38:28.663192+0800 ERROR second command G250 S800
2025-04-11T11:38:28.663192+0800 ERROR finish command G250 S800
2025-04-11T11:38:28.663192+0800 ERROR SENT: M154 S1
2025-04-11T11:38:28.664192+0800 ERROR write command M154 S1
2025-04-11T11:38:28.664192+0800 ERROR second command M154 S1
2025-04-11T11:38:28.664192+0800 ERROR finish command M154 S1
2025-04-11T11:38:32.523728+0800 ERROR SENT: M105
2025-04-11T11:38:32.523728+0800 ERROR write command M105
2025-04-11T11:38:32.523728+0800 ERROR second command M105
2025-04-11T11:38:32.524730+0800 ERROR finish command M105
2025-04-11T11:38:32.524730+0800 ERROR SENT: G250 S21
2025-04-11T11:38:32.524730+0800 ERROR write command G250 S21
2025-04-11T11:38:32.524730+0800 ERROR second command G250 S21
2025-04-11T11:38:32.524730+0800 ERROR finish command G250 S21
2025-04-11T11:38:32.524730+0800 ERROR SENT: G250 S800
2025-04-11T11:38:32.525728+0800 ERROR write command G250 S800
2025-04-11T11:38:32.525728+0800 ERROR second command G250 S800
2025-04-11T11:38:32.525728+0800 ERROR finish command G250 S800
2025-04-11T11:38:32.525728+0800 ERROR SENT: M154 S1
2025-04-11T11:38:32.526728+0800 ERROR write command M154 S1
2025-04-11T11:38:32.526728+0800 ERROR second command M154 S1
2025-04-11T11:38:32.526728+0800 ERROR finish command M154 S1
2025-04-11T11:38:36.611019+0800 ERROR SENT: M105
2025-04-11T11:38:36.612020+0800 ERROR write command M105
2025-04-11T11:38:36.612020+0800 ERROR second command M105
2025-04-11T11:38:36.612020+0800 ERROR finish command M105
2025-04-11T11:38:36.612020+0800 ERROR SENT: G250 S21
2025-04-11T11:38:36.612020+0800 ERROR write command G250 S21
2025-04-11T11:38:36.613020+0800 ERROR second command G250 S21
2025-04-11T11:38:36.613020+0800 ERROR finish command G250 S21
2025-04-11T11:38:36.613020+0800 ERROR SENT: G250 S800
2025-04-11T11:38:36.613020+0800 ERROR write command G250 S800
2025-04-11T11:38:36.613020+0800 ERROR second command G250 S800
2025-04-11T11:38:36.613020+0800 ERROR finish command G250 S800
2025-04-11T11:38:36.617020+0800 ERROR SENT: M154 S1
2025-04-11T11:38:36.617020+0800 ERROR write command M154 S1
2025-04-11T11:38:36.617020+0800 ERROR second command M154 S1
2025-04-11T11:38:36.618020+0800 ERROR finish command M154 S1
2025-04-11T11:38:40.539964+0800 ERROR SENT: M105
2025-04-11T11:38:40.539964+0800 ERROR write command M105
2025-04-11T11:38:40.540963+0800 ERROR second command M105
2025-04-11T11:38:40.540963+0800 ERROR finish command M105
2025-04-11T11:38:40.540963+0800 ERROR SENT: G250 S21
2025-04-11T11:38:40.540963+0800 ERROR write command G250 S21
2025-04-11T11:38:40.541965+0800 ERROR second command G250 S21
2025-04-11T11:38:40.541965+0800 ERROR finish command G250 S21
2025-04-11T11:38:40.541965+0800 ERROR SENT: G250 S800
2025-04-11T11:38:40.541965+0800 ERROR write command G250 S800
2025-04-11T11:38:40.541965+0800 ERROR second command G250 S800
2025-04-11T11:38:40.541965+0800 ERROR finish command G250 S800
2025-04-11T11:38:40.576964+0800 ERROR SENT: M154 S1
2025-04-11T11:38:40.576964+0800 ERROR write command M154 S1
2025-04-11T11:38:40.576964+0800 ERROR second command M154 S1
2025-04-11T11:38:40.576964+0800 ERROR finish command M154 S1
2025-04-11T11:38:44.627724+0800 ERROR SENT: M105
2025-04-11T11:38:44.627724+0800 ERROR write command M105
2025-04-11T11:38:44.627724+0800 ERROR second command M105
2025-04-11T11:38:44.628723+0800 ERROR finish command M105
2025-04-11T11:38:44.628723+0800 ERROR SENT: G250 S21
2025-04-11T11:38:44.628723+0800 ERROR write command G250 S21
2025-04-11T11:38:44.628723+0800 ERROR second command G250 S21
2025-04-11T11:38:44.628723+0800 ERROR finish command G250 S21
2025-04-11T11:38:44.628723+0800 ERROR SENT: G250 S800
2025-04-11T11:38:44.629724+0800 ERROR write command G250 S800
2025-04-11T11:38:44.629724+0800 ERROR second command G250 S800
2025-04-11T11:38:44.629724+0800 ERROR finish command G250 S800
2025-04-11T11:38:44.629724+0800 ERROR SENT: M154 S1
2025-04-11T11:38:44.629724+0800 ERROR write command M154 S1
2025-04-11T11:38:44.630724+0800 ERROR second command M154 S1
2025-04-11T11:38:44.630724+0800 ERROR finish command M154 S1
2025-04-11T11:38:48.489732+0800 ERROR SENT: M105
2025-04-11T11:38:48.489732+0800 ERROR write command M105
2025-04-11T11:38:48.490732+0800 ERROR second command M105
2025-04-11T11:38:48.490732+0800 ERROR finish command M105
2025-04-11T11:38:48.490732+0800 ERROR SENT: G250 S21
2025-04-11T11:38:48.490732+0800 ERROR write command G250 S21
2025-04-11T11:38:48.491732+0800 ERROR second command G250 S21
2025-04-11T11:38:48.491732+0800 ERROR finish command G250 S21
2025-04-11T11:38:48.491732+0800 ERROR SENT: G250 S800
2025-04-11T11:38:48.491732+0800 ERROR write command G250 S800
2025-04-11T11:38:48.491732+0800 ERROR second command G250 S800
2025-04-11T11:38:48.492733+0800 ERROR finish command G250 S800
2025-04-11T11:38:48.492733+0800 ERROR SENT: M154 S1
2025-04-11T11:38:48.492733+0800 ERROR write command M154 S1
2025-04-11T11:38:48.492733+0800 ERROR second command M154 S1
2025-04-11T11:38:48.492733+0800 ERROR finish command M154 S1
2025-04-11T11:38:52.316302+0800 ERROR SENT: M105
2025-04-11T11:38:52.316302+0800 ERROR write command M105
2025-04-11T11:38:52.317302+0800 ERROR second command M105
2025-04-11T11:38:52.317302+0800 ERROR finish command M105
2025-04-11T11:38:52.317302+0800 ERROR SENT: G250 S21
2025-04-11T11:38:52.317302+0800 ERROR write command G250 S21
2025-04-11T11:38:52.318302+0800 ERROR second command G250 S21
2025-04-11T11:38:52.318302+0800 ERROR finish command G250 S21
2025-04-11T11:38:52.318302+0800 ERROR SENT: G250 S800
2025-04-11T11:38:52.318302+0800 ERROR write command G250 S800
2025-04-11T11:38:52.318302+0800 ERROR second command G250 S800
2025-04-11T11:38:52.318302+0800 ERROR finish command G250 S800
2025-04-11T11:38:52.319301+0800 ERROR SENT: M154 S1
2025-04-11T11:38:52.319301+0800 ERROR write command M154 S1
2025-04-11T11:38:52.319301+0800 ERROR second command M154 S1
2025-04-11T11:38:52.319301+0800 ERROR finish command M154 S1
2025-04-11T11:38:56.154450+0800 ERROR SENT: M105
2025-04-11T11:38:56.154450+0800 ERROR write command M105
2025-04-11T11:38:56.159451+0800 ERROR second command M105
2025-04-11T11:38:56.159451+0800 ERROR finish command M105
2025-04-11T11:38:56.159451+0800 ERROR SENT: G250 S21
2025-04-11T11:38:56.160450+0800 ERROR write command G250 S21
2025-04-11T11:38:56.160450+0800 ERROR second command G250 S21
2025-04-11T11:38:56.160450+0800 ERROR finish command G250 S21
2025-04-11T11:38:56.160450+0800 ERROR SENT: G250 S800
2025-04-11T11:38:56.160450+0800 ERROR write command G250 S800
2025-04-11T11:38:56.160450+0800 ERROR second command G250 S800
2025-04-11T11:38:56.160450+0800 ERROR finish command G250 S800
2025-04-11T11:38:56.160450+0800 ERROR SENT: M154 S1
2025-04-11T11:38:56.160450+0800 ERROR write command M154 S1
2025-04-11T11:38:56.162450+0800 ERROR second command M154 S1
2025-04-11T11:38:56.162450+0800 ERROR finish command M154 S1
2025-04-11T11:39:00.143749+0800 ERROR SENT: M105
2025-04-11T11:39:00.143749+0800 ERROR write command M105
2025-04-11T11:39:00.144749+0800 ERROR second command M105
2025-04-11T11:39:00.144749+0800 ERROR finish command M105
2025-04-11T11:39:00.144749+0800 ERROR SENT: G250 S21
2025-04-11T11:39:00.144749+0800 ERROR write command G250 S21
2025-04-11T11:39:00.144749+0800 ERROR second command G250 S21
2025-04-11T11:39:00.145750+0800 ERROR finish command G250 S21
2025-04-11T11:39:00.145750+0800 ERROR SENT: G250 S800
2025-04-11T11:39:00.145750+0800 ERROR write command G250 S800
2025-04-11T11:39:00.145750+0800 ERROR second command G250 S800
2025-04-11T11:39:00.145750+0800 ERROR finish command G250 S800
2025-04-11T11:39:00.178748+0800 ERROR SENT: M154 S1
2025-04-11T11:39:00.179749+0800 ERROR write command M154 S1
2025-04-11T11:39:00.179749+0800 ERROR second command M154 S1
2025-04-11T11:39:00.179749+0800 ERROR finish command M154 S1
2025-04-11T11:39:04.192129+0800 ERROR SENT: M105
2025-04-11T11:39:04.192129+0800 ERROR write command M105
2025-04-11T11:39:04.192129+0800 ERROR second command M105
2025-04-11T11:39:04.193130+0800 ERROR finish command M105
2025-04-11T11:39:04.193130+0800 ERROR SENT: G250 S21
2025-04-11T11:39:04.193130+0800 ERROR write command G250 S21
2025-04-11T11:39:04.193130+0800 ERROR second command G250 S21
2025-04-11T11:39:04.193130+0800 ERROR finish command G250 S21
2025-04-11T11:39:04.194130+0800 ERROR SENT: G250 S800
2025-04-11T11:39:04.194130+0800 ERROR write command G250 S800
2025-04-11T11:39:04.194130+0800 ERROR second command G250 S800
2025-04-11T11:39:04.194130+0800 ERROR finish command G250 S800
2025-04-11T11:39:04.194130+0800 ERROR SENT: M154 S1
2025-04-11T11:39:04.196130+0800 ERROR write command M154 S1
2025-04-11T11:39:04.196130+0800 ERROR second command M154 S1
2025-04-11T11:39:04.196130+0800 ERROR finish command M154 S1
2025-04-11T11:39:08.181078+0800 ERROR SENT: M105
2025-04-11T11:39:08.181078+0800 ERROR write command M105
2025-04-11T11:39:08.182079+0800 ERROR second command M105
2025-04-11T11:39:08.182079+0800 ERROR finish command M105
2025-04-11T11:39:08.182079+0800 ERROR SENT: G250 S21
2025-04-11T11:39:08.182079+0800 ERROR write command G250 S21
2025-04-11T11:39:08.182079+0800 ERROR second command G250 S21
2025-04-11T11:39:08.182079+0800 ERROR finish command G250 S21
2025-04-11T11:39:08.182079+0800 ERROR SENT: G250 S800
2025-04-11T11:39:08.183078+0800 ERROR write command G250 S800
2025-04-11T11:39:08.183078+0800 ERROR second command G250 S800
2025-04-11T11:39:08.183078+0800 ERROR finish command G250 S800
2025-04-11T11:39:08.186079+0800 ERROR SENT: M154 S1
2025-04-11T11:39:08.186079+0800 ERROR write command M154 S1
2025-04-11T11:39:08.187080+0800 ERROR second command M154 S1
2025-04-11T11:39:08.187080+0800 ERROR finish command M154 S1
2025-04-11T11:39:12.030827+0800 ERROR SENT: M105
2025-04-11T11:39:12.030827+0800 ERROR write command M105
2025-04-11T11:39:12.031827+0800 ERROR second command M105
2025-04-11T11:39:12.031827+0800 ERROR finish command M105
2025-04-11T11:39:12.031827+0800 ERROR SENT: G250 S21
2025-04-11T11:39:12.031827+0800 ERROR write command G250 S21
2025-04-11T11:39:12.031827+0800 ERROR second command G250 S21
2025-04-11T11:39:12.032827+0800 ERROR finish command G250 S21
2025-04-11T11:39:12.032827+0800 ERROR SENT: G250 S800
2025-04-11T11:39:12.032827+0800 ERROR write command G250 S800
2025-04-11T11:39:12.032827+0800 ERROR second command G250 S800
2025-04-11T11:39:12.032827+0800 ERROR finish command G250 S800
2025-04-11T11:39:12.033827+0800 ERROR SENT: M154 S1
2025-04-11T11:39:12.033827+0800 ERROR write command M154 S1
2025-04-11T11:39:12.033827+0800 ERROR second command M154 S1
2025-04-11T11:39:12.033827+0800 ERROR finish command M154 S1
2025-04-11T11:39:16.149769+0800 ERROR SENT: M105
2025-04-11T11:39:16.149769+0800 ERROR write command M105
2025-04-11T11:39:16.150768+0800 ERROR second command M105
2025-04-11T11:39:16.150768+0800 ERROR finish command M105
2025-04-11T11:39:16.150768+0800 ERROR SENT: G250 S21
2025-04-11T11:39:16.150768+0800 ERROR write command G250 S21
2025-04-11T11:39:16.150768+0800 ERROR second command G250 S21
2025-04-11T11:39:16.150768+0800 ERROR finish command G250 S21
2025-04-11T11:39:16.150768+0800 ERROR SENT: G250 S800
2025-04-11T11:39:16.151769+0800 ERROR write command G250 S800
2025-04-11T11:39:16.151769+0800 ERROR second command G250 S800
2025-04-11T11:39:16.151769+0800 ERROR finish command G250 S800
2025-04-11T11:39:16.153769+0800 ERROR SENT: M154 S1
2025-04-11T11:39:16.154768+0800 ERROR write command M154 S1
2025-04-11T11:39:16.155769+0800 ERROR second command M154 S1
2025-04-11T11:39:16.155769+0800 ERROR finish command M154 S1
2025-04-11T11:39:20.171808+0800 ERROR SENT: M105
2025-04-11T11:39:20.171808+0800 ERROR write command M105
2025-04-11T11:39:20.172807+0800 ERROR second command M105
2025-04-11T11:39:20.172807+0800 ERROR finish command M105
2025-04-11T11:39:20.172807+0800 ERROR SENT: G250 S21
2025-04-11T11:39:20.172807+0800 ERROR write command G250 S21
2025-04-11T11:39:20.172807+0800 ERROR second command G250 S21
2025-04-11T11:39:20.173806+0800 ERROR finish command G250 S21
2025-04-11T11:39:20.173806+0800 ERROR SENT: G250 S800
2025-04-11T11:39:20.174806+0800 ERROR write command G250 S800
2025-04-11T11:39:20.174806+0800 ERROR second command G250 S800
2025-04-11T11:39:20.174806+0800 ERROR finish command G250 S800
2025-04-11T11:39:20.174806+0800 ERROR SENT: M154 S1
2025-04-11T11:39:20.174806+0800 ERROR write command M154 S1
2025-04-11T11:39:20.175807+0800 ERROR second command M154 S1
2025-04-11T11:39:20.175807+0800 ERROR finish command M154 S1
