2025-05-20T09:14:30.645216+0800 INFO L109 time:2025/05/20 09:14:30#./GCODE/100方块.gcode#
2025-05-20T09:14:30.645216+0800 INFO Not connected to printer.
2025-05-20T09:14:36.107516+0800 ERROR SENT: G250 S31
2025-05-20T09:14:36.108517+0800 ERROR write command G250 S31
2025-05-20T09:14:36.108517+0800 ERROR socket error Attempting to use a port that is not opencommand G250 S31
2025-05-20T09:14:36.112517+0800 ERROR Can't write to printer (disconnected ?):
Traceback (most recent call last):
  File "D:\INLONG20250501301\printcore.py", line 944, in _send
    self.printer.write((command_temp + "\n").encode('gbk'))
  File "D:\INLONG2025050801\.venv\lib\site-packages\serial\serialwin32.py", line 306, in write
    raise PortNotOpenError()
serial.serialutil.PortNotOpenError: Attempting to use a port that is not open

2025-05-20T09:14:36.112517+0800 INFO M257 S1
2025-05-20T09:14:36.113516+0800 INFO Not connected to printer.
2025-05-20T09:14:36.113516+0800 INFO L110 S81
2025-05-20T09:14:36.113516+0800 INFO Not connected to printer.
2025-05-20T09:14:40.262589+0800 INFO G250 S888

2025-05-20T09:14:40.262589+0800 INFO Not connected to printer.
2025-05-20T09:14:40.262589+0800 INFO M257 S0
2025-05-20T09:14:40.262589+0800 INFO Not connected to printer.
2025-05-20T09:14:42.847857+0800 INFO L109
2025-05-20T09:14:42.847857+0800 INFO Not connected to printer.
2025-05-20T09:14:42.847857+0800 INFO M109 S0
2025-05-20T09:14:42.847857+0800 INFO Not connected to printer.
2025-05-20T09:14:42.847857+0800 INFO M257 S1
2025-05-20T09:14:42.847857+0800 INFO Not connected to printer.
2025-05-20T09:14:45.128698+0800 INFO G250 S888

2025-05-20T09:14:45.128698+0800 INFO Not connected to printer.
2025-05-20T09:14:45.128698+0800 INFO M257 S0
2025-05-20T09:14:45.128698+0800 INFO Not connected to printer.
2025-05-20T09:14:46.911311+0800 INFO L109
2025-05-20T09:14:46.911311+0800 INFO Not connected to printer.
2025-05-20T09:14:46.912311+0800 INFO M109 S0
2025-05-20T09:14:46.912311+0800 INFO Not connected to printer.
2025-05-20T09:14:46.912311+0800 INFO M257 S1
2025-05-20T09:14:46.912311+0800 INFO Not connected to printer.
2025-05-20T09:14:49.018867+0800 INFO G250 S888

2025-05-20T09:14:49.018867+0800 INFO Not connected to printer.
2025-05-20T09:14:49.018867+0800 INFO M257 S0
2025-05-20T09:14:49.018867+0800 INFO Not connected to printer.
