2025-04-07T09:51:13.766137+0800 INFO 设备已成功连接
2025-04-07T09:51:13.767137+0800 ERROR SENT: M105
2025-04-07T09:51:13.767137+0800 ERROR write command M105
2025-04-07T09:51:13.767137+0800 ERROR second command M105
2025-04-07T09:51:13.767137+0800 ERROR finish command M105
2025-04-07T09:51:13.767137+0800 ERROR SENT: G250 S21
2025-04-07T09:51:13.767137+0800 ERROR write command G250 S21
2025-04-07T09:51:13.767137+0800 ERROR second command G250 S21
2025-04-07T09:51:13.767137+0800 ERROR finish command G250 S21
2025-04-07T09:51:13.768137+0800 ERROR SENT: G250 S800
2025-04-07T09:51:13.768137+0800 ERROR write command G250 S800
2025-04-07T09:51:13.768137+0800 ERROR second command G250 S800
2025-04-07T09:51:13.768137+0800 ERROR finish command G250 S800
2025-04-07T09:51:13.768137+0800 ERROR SENT: M154 S1
2025-04-07T09:51:13.768137+0800 ERROR write command M154 S1
2025-04-07T09:51:13.768137+0800 ERROR second command M154 S1
2025-04-07T09:51:13.768137+0800 ERROR finish command M154 S1
2025-04-07T09:51:17.694452+0800 ERROR SENT: M105
2025-04-07T09:51:17.694452+0800 ERROR write command M105
2025-04-07T09:51:17.694452+0800 ERROR second command M105
2025-04-07T09:51:17.694452+0800 ERROR finish command M105
2025-04-07T09:51:17.695377+0800 ERROR SENT: G250 S21
2025-04-07T09:51:17.695377+0800 ERROR write command G250 S21
2025-04-07T09:51:17.695377+0800 ERROR second command G250 S21
2025-04-07T09:51:17.695377+0800 ERROR finish command G250 S21
2025-04-07T09:51:17.695377+0800 ERROR SENT: G250 S800
2025-04-07T09:51:17.695377+0800 ERROR write command G250 S800
2025-04-07T09:51:17.695377+0800 ERROR second command G250 S800
2025-04-07T09:51:17.695377+0800 ERROR finish command G250 S800
2025-04-07T09:51:17.696377+0800 ERROR SENT: M154 S1
2025-04-07T09:51:17.696377+0800 ERROR write command M154 S1
2025-04-07T09:51:17.696377+0800 ERROR second command M154 S1
2025-04-07T09:51:17.696377+0800 ERROR finish command M154 S1
2025-04-07T09:51:21.911489+0800 ERROR SENT: M105
2025-04-07T09:51:21.911489+0800 ERROR write command M105
2025-04-07T09:51:21.911489+0800 ERROR second command M105
2025-04-07T09:51:21.911489+0800 ERROR finish command M105
2025-04-07T09:51:21.911489+0800 ERROR SENT: G250 S21
2025-04-07T09:51:21.912489+0800 ERROR write command G250 S21
2025-04-07T09:51:21.912489+0800 ERROR second command G250 S21
2025-04-07T09:51:21.912489+0800 ERROR finish command G250 S21
2025-04-07T09:51:21.912489+0800 ERROR SENT: G250 S800
2025-04-07T09:51:21.912489+0800 ERROR write command G250 S800
2025-04-07T09:51:21.912489+0800 ERROR second command G250 S800
2025-04-07T09:51:21.912489+0800 ERROR finish command G250 S800
2025-04-07T09:51:21.919488+0800 ERROR SENT: M154 S1
2025-04-07T09:51:21.920528+0800 ERROR write command M154 S1
2025-04-07T09:51:21.920528+0800 ERROR second command M154 S1
2025-04-07T09:51:21.920528+0800 ERROR finish command M154 S1
2025-04-07T09:51:22.980148+0800 INFO L109 time:2025/04/07 09:51:22#./GCODE/100方块.gcode#
2025-04-07T09:51:22.980148+0800 INFO Not connected to printer.
2025-04-07T09:51:24.392563+0800 ERROR SENT: G250 S31
2025-04-07T09:51:24.392563+0800 ERROR write command G250 S31
2025-04-07T09:51:24.392563+0800 ERROR second command G250 S31
2025-04-07T09:51:24.392563+0800 ERROR finish command G250 S31
2025-04-07T09:51:25.767918+0800 ERROR SENT: M105
2025-04-07T09:51:25.767918+0800 ERROR write command M105
2025-04-07T09:51:25.768850+0800 ERROR second command M105
2025-04-07T09:51:25.768850+0800 ERROR finish command M105
2025-04-07T09:51:25.768850+0800 ERROR SENT: G250 S21
2025-04-07T09:51:25.768850+0800 ERROR write command G250 S21
2025-04-07T09:51:25.768850+0800 ERROR second command G250 S21
2025-04-07T09:51:25.768850+0800 ERROR finish command G250 S21
2025-04-07T09:51:25.768850+0800 ERROR SENT: G250 S800
2025-04-07T09:51:25.769850+0800 ERROR write command G250 S800
2025-04-07T09:51:25.769850+0800 ERROR second command G250 S800
2025-04-07T09:51:25.769850+0800 ERROR finish command G250 S800
2025-04-07T09:51:25.769850+0800 ERROR SENT: M154 S1
2025-04-07T09:51:25.769850+0800 ERROR write command M154 S1
2025-04-07T09:51:25.769850+0800 ERROR second command M154 S1
2025-04-07T09:51:25.770849+0800 ERROR finish command M154 S1
2025-04-07T09:51:29.760693+0800 ERROR SENT: M105
2025-04-07T09:51:29.760693+0800 ERROR write command M105
2025-04-07T09:51:29.760693+0800 ERROR second command M105
2025-04-07T09:51:29.760693+0800 ERROR finish command M105
2025-04-07T09:51:29.761692+0800 ERROR SENT: G250 S21
2025-04-07T09:51:29.761692+0800 ERROR write command G250 S21
2025-04-07T09:51:29.761692+0800 ERROR second command G250 S21
2025-04-07T09:51:29.761692+0800 ERROR finish command G250 S21
2025-04-07T09:51:29.761692+0800 ERROR SENT: G250 S800
2025-04-07T09:51:29.761692+0800 ERROR write command G250 S800
2025-04-07T09:51:29.761692+0800 ERROR second command G250 S800
2025-04-07T09:51:29.761692+0800 ERROR finish command G250 S800
2025-04-07T09:51:29.788692+0800 ERROR SENT: M154 S1
2025-04-07T09:51:29.789692+0800 ERROR write command M154 S1
2025-04-07T09:51:29.790692+0800 ERROR second command M154 S1
2025-04-07T09:51:29.790692+0800 ERROR finish command M154 S1
2025-04-07T09:51:33.700262+0800 ERROR SENT: M105
2025-04-07T09:51:33.700262+0800 ERROR write command M105
2025-04-07T09:51:33.700262+0800 ERROR second command M105
2025-04-07T09:51:33.700262+0800 ERROR finish command M105
2025-04-07T09:51:33.701272+0800 ERROR SENT: G250 S21
2025-04-07T09:51:33.701272+0800 ERROR write command G250 S21
2025-04-07T09:51:33.701272+0800 ERROR second command G250 S21
2025-04-07T09:51:33.701272+0800 ERROR finish command G250 S21
2025-04-07T09:51:33.701272+0800 ERROR SENT: G250 S800
2025-04-07T09:51:33.701272+0800 ERROR write command G250 S800
2025-04-07T09:51:33.702272+0800 ERROR second command G250 S800
2025-04-07T09:51:33.702272+0800 ERROR finish command G250 S800
2025-04-07T09:51:33.702272+0800 ERROR SENT: M154 S1
2025-04-07T09:51:33.702272+0800 ERROR write command M154 S1
2025-04-07T09:51:33.702272+0800 ERROR second command M154 S1
2025-04-07T09:51:33.702272+0800 ERROR finish command M154 S1
2025-04-07T09:51:37.599052+0800 ERROR SENT: M105
2025-04-07T09:51:37.599052+0800 ERROR write command M105
2025-04-07T09:51:37.599052+0800 ERROR second command M105
2025-04-07T09:51:37.599052+0800 ERROR finish command M105
2025-04-07T09:51:37.599052+0800 ERROR SENT: G250 S21
2025-04-07T09:51:37.600053+0800 ERROR write command G250 S21
2025-04-07T09:51:37.600053+0800 ERROR second command G250 S21
2025-04-07T09:51:37.600053+0800 ERROR finish command G250 S21
2025-04-07T09:51:37.600053+0800 ERROR SENT: G250 S800
2025-04-07T09:51:37.600053+0800 ERROR write command G250 S800
2025-04-07T09:51:37.600053+0800 ERROR second command G250 S800
2025-04-07T09:51:37.600053+0800 ERROR finish command G250 S800
2025-04-07T09:51:37.600053+0800 ERROR SENT: M154 S1
2025-04-07T09:51:37.601052+0800 ERROR write command M154 S1
2025-04-07T09:51:37.601052+0800 ERROR second command M154 S1
2025-04-07T09:51:37.601052+0800 ERROR finish command M154 S1
2025-04-07T09:51:41.536716+0800 ERROR SENT: M105
2025-04-07T09:51:41.536716+0800 ERROR write command M105
2025-04-07T09:51:41.536716+0800 ERROR second command M105
2025-04-07T09:51:41.536716+0800 ERROR finish command M105
2025-04-07T09:51:41.536716+0800 ERROR SENT: G250 S21
2025-04-07T09:51:41.537673+0800 ERROR write command G250 S21
2025-04-07T09:51:41.537673+0800 ERROR second command G250 S21
2025-04-07T09:51:41.537673+0800 ERROR finish command G250 S21
2025-04-07T09:51:41.537673+0800 ERROR SENT: G250 S800
2025-04-07T09:51:41.537673+0800 ERROR write command G250 S800
2025-04-07T09:51:41.537673+0800 ERROR second command G250 S800
2025-04-07T09:51:41.537673+0800 ERROR finish command G250 S800
2025-04-07T09:51:41.537673+0800 ERROR SENT: M154 S1
2025-04-07T09:51:41.538672+0800 ERROR write command M154 S1
2025-04-07T09:51:41.538847+0800 ERROR second command M154 S1
2025-04-07T09:51:41.538847+0800 ERROR finish command M154 S1
2025-04-07T09:51:45.450074+0800 ERROR SENT: M105
2025-04-07T09:51:45.450074+0800 ERROR write command M105
2025-04-07T09:51:45.450074+0800 ERROR second command M105
2025-04-07T09:51:45.450074+0800 ERROR finish command M105
2025-04-07T09:51:45.451084+0800 ERROR SENT: G250 S21
2025-04-07T09:51:45.451084+0800 ERROR write command G250 S21
2025-04-07T09:51:45.451084+0800 ERROR second command G250 S21
2025-04-07T09:51:45.451084+0800 ERROR finish command G250 S21
2025-04-07T09:51:45.451084+0800 ERROR SENT: G250 S800
2025-04-07T09:51:45.451084+0800 ERROR write command G250 S800
2025-04-07T09:51:45.451084+0800 ERROR second command G250 S800
2025-04-07T09:51:45.451084+0800 ERROR finish command G250 S800
2025-04-07T09:51:45.452084+0800 ERROR SENT: M154 S1
2025-04-07T09:51:45.452084+0800 ERROR write command M154 S1
2025-04-07T09:51:45.452084+0800 ERROR second command M154 S1
2025-04-07T09:51:45.452084+0800 ERROR finish command M154 S1
2025-04-07T09:51:49.382268+0800 ERROR SENT: M105
2025-04-07T09:51:49.382268+0800 ERROR write command M105
2025-04-07T09:51:49.382268+0800 ERROR second command M105
2025-04-07T09:51:49.382268+0800 ERROR finish command M105
2025-04-07T09:51:49.382268+0800 ERROR SENT: G250 S21
2025-04-07T09:51:49.383180+0800 ERROR write command G250 S21
2025-04-07T09:51:49.383180+0800 ERROR second command G250 S21
2025-04-07T09:51:49.383180+0800 ERROR finish command G250 S21
2025-04-07T09:51:49.383180+0800 ERROR SENT: G250 S800
2025-04-07T09:51:49.383180+0800 ERROR write command G250 S800
2025-04-07T09:51:49.383180+0800 ERROR second command G250 S800
2025-04-07T09:51:49.383180+0800 ERROR finish command G250 S800
2025-04-07T09:51:49.383180+0800 ERROR SENT: M154 S1
2025-04-07T09:51:49.384180+0800 ERROR write command M154 S1
2025-04-07T09:51:49.384180+0800 ERROR second command M154 S1
2025-04-07T09:51:49.384180+0800 ERROR finish command M154 S1
2025-04-07T09:51:53.313340+0800 ERROR SENT: M105
2025-04-07T09:51:53.313340+0800 ERROR write command M105
2025-04-07T09:51:53.313340+0800 ERROR second command M105
2025-04-07T09:51:53.313340+0800 ERROR finish command M105
2025-04-07T09:51:53.313340+0800 ERROR SENT: G250 S21
2025-04-07T09:51:53.314256+0800 ERROR write command G250 S21
2025-04-07T09:51:53.314256+0800 ERROR second command G250 S21
2025-04-07T09:51:53.314256+0800 ERROR finish command G250 S21
2025-04-07T09:51:53.314256+0800 ERROR SENT: G250 S800
2025-04-07T09:51:53.314256+0800 ERROR write command G250 S800
2025-04-07T09:51:53.314256+0800 ERROR second command G250 S800
2025-04-07T09:51:53.314256+0800 ERROR finish command G250 S800
2025-04-07T09:51:53.314256+0800 ERROR SENT: M154 S1
2025-04-07T09:51:53.315254+0800 ERROR write command M154 S1
2025-04-07T09:51:53.315254+0800 ERROR second command M154 S1
2025-04-07T09:51:53.315254+0800 ERROR finish command M154 S1
2025-04-07T09:51:57.200654+0800 ERROR SENT: M105
2025-04-07T09:51:57.200654+0800 ERROR write command M105
2025-04-07T09:51:57.200654+0800 ERROR second command M105
2025-04-07T09:51:57.200654+0800 ERROR finish command M105
2025-04-07T09:51:57.200654+0800 ERROR SENT: G250 S21
2025-04-07T09:51:57.200654+0800 ERROR write command G250 S21
2025-04-07T09:51:57.201666+0800 ERROR second command G250 S21
2025-04-07T09:51:57.201666+0800 ERROR finish command G250 S21
2025-04-07T09:51:57.201666+0800 ERROR SENT: G250 S800
2025-04-07T09:51:57.201666+0800 ERROR write command G250 S800
2025-04-07T09:51:57.201666+0800 ERROR second command G250 S800
2025-04-07T09:51:57.201666+0800 ERROR finish command G250 S800
2025-04-07T09:51:57.201666+0800 ERROR SENT: M154 S1
2025-04-07T09:51:57.201666+0800 ERROR write command M154 S1
2025-04-07T09:51:57.202666+0800 ERROR second command M154 S1
2025-04-07T09:51:57.202666+0800 ERROR finish command M154 S1
2025-04-07T09:52:01.093223+0800 ERROR SENT: M105
2025-04-07T09:52:01.093223+0800 ERROR write command M105
2025-04-07T09:52:01.093223+0800 ERROR second command M105
2025-04-07T09:52:01.093223+0800 ERROR finish command M105
2025-04-07T09:52:01.093223+0800 ERROR SENT: G250 S21
2025-04-07T09:52:01.093223+0800 ERROR write command G250 S21
2025-04-07T09:52:01.094149+0800 ERROR second command G250 S21
2025-04-07T09:52:01.094149+0800 ERROR finish command G250 S21
2025-04-07T09:52:01.094149+0800 ERROR SENT: G250 S800
2025-04-07T09:52:01.094149+0800 ERROR write command G250 S800
2025-04-07T09:52:01.094149+0800 ERROR second command G250 S800
2025-04-07T09:52:01.094149+0800 ERROR finish command G250 S800
2025-04-07T09:52:01.094149+0800 ERROR SENT: M154 S1
2025-04-07T09:52:01.094149+0800 ERROR write command M154 S1
2025-04-07T09:52:01.095149+0800 ERROR second command M154 S1
2025-04-07T09:52:01.095149+0800 ERROR finish command M154 S1
2025-04-07T09:52:04.986837+0800 ERROR SENT: M105
2025-04-07T09:52:04.986837+0800 ERROR write command M105
2025-04-07T09:52:04.986837+0800 ERROR second command M105
2025-04-07T09:52:04.986837+0800 ERROR finish command M105
2025-04-07T09:52:04.986837+0800 ERROR SENT: G250 S21
2025-04-07T09:52:04.987756+0800 ERROR write command G250 S21
2025-04-07T09:52:04.987756+0800 ERROR second command G250 S21
2025-04-07T09:52:04.987756+0800 ERROR finish command G250 S21
2025-04-07T09:52:04.987756+0800 ERROR SENT: G250 S800
2025-04-07T09:52:04.987756+0800 ERROR write command G250 S800
2025-04-07T09:52:04.987756+0800 ERROR second command G250 S800
2025-04-07T09:52:04.987756+0800 ERROR finish command G250 S800
2025-04-07T09:52:04.987756+0800 ERROR SENT: M154 S1
2025-04-07T09:52:04.987756+0800 ERROR write command M154 S1
2025-04-07T09:52:04.988757+0800 ERROR second command M154 S1
2025-04-07T09:52:04.988757+0800 ERROR finish command M154 S1
