2025-04-07T17:34:55.760863+0800 INFO 设备已成功连接
2025-04-07T17:34:55.761323+0800 ERROR SENT: M105
2025-04-07T17:34:55.761323+0800 ERROR write command M105
2025-04-07T17:34:55.761323+0800 ERROR second command M105
2025-04-07T17:34:55.761323+0800 ERROR finish command M105
2025-04-07T17:34:55.761323+0800 ERROR SENT: G250 S21
2025-04-07T17:34:55.762431+0800 ERROR write command G250 S21
2025-04-07T17:34:55.762431+0800 ERROR second command G250 S21
2025-04-07T17:34:55.762431+0800 ERROR finish command G250 S21
2025-04-07T17:34:55.762431+0800 ERROR SENT: G250 S800
2025-04-07T17:34:55.762431+0800 ERROR write command G250 S800
2025-04-07T17:34:55.762431+0800 ERROR second command G250 S800
2025-04-07T17:34:55.762431+0800 ERROR finish command G250 S800
2025-04-07T17:34:55.763333+0800 ERROR SENT: M154 S1
2025-04-07T17:34:55.763333+0800 ERROR write command M154 S1
2025-04-07T17:34:55.764333+0800 ERROR second command M154 S1
2025-04-07T17:34:55.764333+0800 ERROR finish command M154 S1
2025-04-07T17:34:59.639976+0800 ERROR SENT: M105
2025-04-07T17:34:59.639976+0800 ERROR write command M105
2025-04-07T17:34:59.639976+0800 ERROR second command M105
2025-04-07T17:34:59.639976+0800 ERROR finish command M105
2025-04-07T17:34:59.639976+0800 ERROR SENT: G250 S21
2025-04-07T17:34:59.640984+0800 ERROR write command G250 S21
2025-04-07T17:34:59.640984+0800 ERROR second command G250 S21
2025-04-07T17:34:59.640984+0800 ERROR finish command G250 S21
2025-04-07T17:34:59.640984+0800 ERROR SENT: G250 S800
2025-04-07T17:34:59.640984+0800 ERROR write command G250 S800
2025-04-07T17:34:59.640984+0800 ERROR second command G250 S800
2025-04-07T17:34:59.641985+0800 ERROR finish command G250 S800
2025-04-07T17:34:59.641985+0800 ERROR SENT: M154 S1
2025-04-07T17:34:59.641985+0800 ERROR write command M154 S1
2025-04-07T17:34:59.641985+0800 ERROR second command M154 S1
2025-04-07T17:34:59.641985+0800 ERROR finish command M154 S1
2025-04-07T17:35:04.041022+0800 ERROR SENT: M105
2025-04-07T17:35:04.041022+0800 ERROR write command M105
2025-04-07T17:35:04.041022+0800 ERROR second command M105
2025-04-07T17:35:04.041022+0800 ERROR finish command M105
2025-04-07T17:35:04.041022+0800 ERROR SENT: G250 S21
2025-04-07T17:35:04.042023+0800 ERROR write command G250 S21
2025-04-07T17:35:04.042023+0800 ERROR second command G250 S21
2025-04-07T17:35:04.042023+0800 ERROR finish command G250 S21
2025-04-07T17:35:04.042023+0800 ERROR SENT: G250 S800
2025-04-07T17:35:04.042023+0800 ERROR write command G250 S800
2025-04-07T17:35:04.042023+0800 ERROR second command G250 S800
2025-04-07T17:35:04.042023+0800 ERROR finish command G250 S800
2025-04-07T17:35:04.042023+0800 ERROR SENT: M154 S1
2025-04-07T17:35:04.042023+0800 ERROR write command M154 S1
2025-04-07T17:35:04.043022+0800 ERROR second command M154 S1
2025-04-07T17:35:04.043022+0800 ERROR finish command M154 S1
2025-04-07T17:35:07.874694+0800 ERROR SENT: M105
2025-04-07T17:35:07.874694+0800 ERROR write command M105
2025-04-07T17:35:07.874694+0800 ERROR second command M105
2025-04-07T17:35:07.874694+0800 ERROR finish command M105
2025-04-07T17:35:07.874694+0800 ERROR SENT: G250 S21
2025-04-07T17:35:07.874694+0800 ERROR write command G250 S21
2025-04-07T17:35:07.875628+0800 ERROR second command G250 S21
2025-04-07T17:35:07.875628+0800 ERROR finish command G250 S21
2025-04-07T17:35:07.875628+0800 ERROR SENT: G250 S800
2025-04-07T17:35:07.875628+0800 ERROR write command G250 S800
2025-04-07T17:35:07.875628+0800 ERROR second command G250 S800
2025-04-07T17:35:07.875628+0800 ERROR finish command G250 S800
2025-04-07T17:35:07.875628+0800 ERROR SENT: M154 S1
2025-04-07T17:35:07.875628+0800 ERROR write command M154 S1
2025-04-07T17:35:07.876626+0800 ERROR second command M154 S1
2025-04-07T17:35:07.876626+0800 ERROR finish command M154 S1
2025-04-07T17:35:11.732474+0800 ERROR SENT: M105
2025-04-07T17:35:11.732474+0800 ERROR write command M105
2025-04-07T17:35:11.732474+0800 ERROR second command M105
2025-04-07T17:35:11.733376+0800 ERROR finish command M105
2025-04-07T17:35:11.733376+0800 ERROR SENT: G250 S21
2025-04-07T17:35:11.733376+0800 ERROR write command G250 S21
2025-04-07T17:35:11.733376+0800 ERROR second command G250 S21
2025-04-07T17:35:11.733376+0800 ERROR finish command G250 S21
2025-04-07T17:35:11.733376+0800 ERROR SENT: G250 S800
2025-04-07T17:35:11.733376+0800 ERROR write command G250 S800
2025-04-07T17:35:11.733376+0800 ERROR second command G250 S800
2025-04-07T17:35:11.733376+0800 ERROR finish command G250 S800
2025-04-07T17:35:11.733376+0800 ERROR SENT: M154 S1
2025-04-07T17:35:11.734376+0800 ERROR write command M154 S1
2025-04-07T17:35:11.734376+0800 ERROR second command M154 S1
2025-04-07T17:35:11.734376+0800 ERROR finish command M154 S1
2025-04-07T17:35:15.606319+0800 ERROR SENT: M105
2025-04-07T17:35:15.606319+0800 ERROR write command M105
2025-04-07T17:35:15.606319+0800 ERROR second command M105
2025-04-07T17:35:15.606319+0800 ERROR finish command M105
2025-04-07T17:35:15.606319+0800 ERROR SENT: G250 S21
2025-04-07T17:35:15.606319+0800 ERROR write command G250 S21
2025-04-07T17:35:15.607318+0800 ERROR second command G250 S21
2025-04-07T17:35:15.607318+0800 ERROR finish command G250 S21
2025-04-07T17:35:15.607318+0800 ERROR SENT: G250 S800
2025-04-07T17:35:15.607318+0800 ERROR write command G250 S800
2025-04-07T17:35:15.607318+0800 ERROR second command G250 S800
2025-04-07T17:35:15.607318+0800 ERROR finish command G250 S800
2025-04-07T17:35:15.607318+0800 ERROR SENT: M154 S1
2025-04-07T17:35:15.607318+0800 ERROR write command M154 S1
2025-04-07T17:35:15.608319+0800 ERROR second command M154 S1
2025-04-07T17:35:15.608319+0800 ERROR finish command M154 S1
