2025-04-07T09:00:46.510107+0800 INFO 设备已成功连接
2025-04-07T09:00:46.511107+0800 ERROR SENT: M105
2025-04-07T09:00:46.511107+0800 ERROR write command M105
2025-04-07T09:00:46.511107+0800 ERROR second command M105
2025-04-07T09:00:46.511107+0800 ERROR finish command M105
2025-04-07T09:00:46.511107+0800 ERROR SENT: G250 S21
2025-04-07T09:00:46.511107+0800 ERROR write command G250 S21
2025-04-07T09:00:46.511107+0800 ERROR second command G250 S21
2025-04-07T09:00:46.511107+0800 ERROR finish command G250 S21
2025-04-07T09:00:46.512144+0800 ERROR SENT: G250 S800
2025-04-07T09:00:46.512144+0800 ERROR write command G250 S800
2025-04-07T09:00:46.512144+0800 ERROR second command G250 S800
2025-04-07T09:00:46.512144+0800 ERROR finish command G250 S800
2025-04-07T09:00:46.512144+0800 ERROR SENT: M154 S1
2025-04-07T09:00:46.513109+0800 ERROR write command M154 S1
2025-04-07T09:00:46.514107+0800 ERROR second command M154 S1
2025-04-07T09:00:46.514107+0800 ERROR finish command M154 S1
2025-04-07T09:00:50.404450+0800 ERROR SENT: M105
2025-04-07T09:00:50.404450+0800 ERROR write command M105
2025-04-07T09:00:50.404450+0800 ERROR second command M105
2025-04-07T09:00:50.404450+0800 ERROR finish command M105
2025-04-07T09:00:50.405451+0800 ERROR SENT: G250 S21
2025-04-07T09:00:50.405451+0800 ERROR write command G250 S21
2025-04-07T09:00:50.405451+0800 ERROR second command G250 S21
2025-04-07T09:00:50.405451+0800 ERROR finish command G250 S21
2025-04-07T09:00:50.405451+0800 ERROR SENT: G250 S800
2025-04-07T09:00:50.405451+0800 ERROR write command G250 S800
2025-04-07T09:00:50.405451+0800 ERROR second command G250 S800
2025-04-07T09:00:50.406450+0800 ERROR finish command G250 S800
2025-04-07T09:00:50.406450+0800 ERROR SENT: M154 S1
2025-04-07T09:00:50.406450+0800 ERROR write command M154 S1
2025-04-07T09:00:50.406450+0800 ERROR second command M154 S1
2025-04-07T09:00:50.406450+0800 ERROR finish command M154 S1
2025-04-07T09:00:54.644690+0800 ERROR SENT: M105
2025-04-07T09:00:54.644690+0800 ERROR write command M105
2025-04-07T09:00:54.644690+0800 ERROR second command M105
2025-04-07T09:00:54.644690+0800 ERROR finish command M105
2025-04-07T09:00:54.644690+0800 ERROR SENT: G250 S21
2025-04-07T09:00:54.645609+0800 ERROR write command G250 S21
2025-04-07T09:00:54.645609+0800 ERROR second command G250 S21
2025-04-07T09:00:54.645609+0800 ERROR finish command G250 S21
2025-04-07T09:00:54.645609+0800 ERROR SENT: G250 S800
2025-04-07T09:00:54.645609+0800 ERROR write command G250 S800
2025-04-07T09:00:54.645609+0800 ERROR second command G250 S800
2025-04-07T09:00:54.645609+0800 ERROR finish command G250 S800
2025-04-07T09:00:54.645609+0800 ERROR SENT: M154 S1
2025-04-07T09:00:54.645609+0800 ERROR write command M154 S1
2025-04-07T09:00:54.646611+0800 ERROR second command M154 S1
2025-04-07T09:00:54.646611+0800 ERROR finish command M154 S1
2025-04-07T09:00:58.638532+0800 ERROR SENT: M105
2025-04-07T09:00:58.638532+0800 ERROR write command M105
2025-04-07T09:00:58.638532+0800 ERROR second command M105
2025-04-07T09:00:58.638532+0800 ERROR finish command M105
2025-04-07T09:00:58.639528+0800 ERROR SENT: G250 S21
2025-04-07T09:00:58.639528+0800 ERROR write command G250 S21
2025-04-07T09:00:58.639528+0800 ERROR second command G250 S21
2025-04-07T09:00:58.639528+0800 ERROR finish command G250 S21
2025-04-07T09:00:58.639528+0800 ERROR SENT: G250 S800
2025-04-07T09:00:58.639528+0800 ERROR write command G250 S800
2025-04-07T09:00:58.639528+0800 ERROR second command G250 S800
2025-04-07T09:00:58.639528+0800 ERROR finish command G250 S800
2025-04-07T09:00:58.718528+0800 ERROR SENT: M154 S1
2025-04-07T09:00:58.718528+0800 ERROR write command M154 S1
2025-04-07T09:00:58.719528+0800 ERROR second command M154 S1
2025-04-07T09:00:58.719528+0800 ERROR finish command M154 S1
2025-04-07T09:01:02.599355+0800 ERROR SENT: M105
2025-04-07T09:01:02.599355+0800 ERROR write command M105
2025-04-07T09:01:02.599355+0800 ERROR second command M105
2025-04-07T09:01:02.599355+0800 ERROR finish command M105
2025-04-07T09:01:02.599355+0800 ERROR SENT: G250 S21
2025-04-07T09:01:02.600361+0800 ERROR write command G250 S21
2025-04-07T09:01:02.600361+0800 ERROR second command G250 S21
2025-04-07T09:01:02.600361+0800 ERROR finish command G250 S21
2025-04-07T09:01:02.600361+0800 ERROR SENT: G250 S800
2025-04-07T09:01:02.600361+0800 ERROR write command G250 S800
2025-04-07T09:01:02.600361+0800 ERROR second command G250 S800
2025-04-07T09:01:02.600361+0800 ERROR finish command G250 S800
2025-04-07T09:01:02.600361+0800 ERROR SENT: M154 S1
2025-04-07T09:01:02.600361+0800 ERROR write command M154 S1
2025-04-07T09:01:02.600361+0800 ERROR second command M154 S1
2025-04-07T09:01:02.601362+0800 ERROR finish command M154 S1
2025-04-07T09:01:06.523757+0800 ERROR SENT: M105
2025-04-07T09:01:06.523757+0800 ERROR write command M105
2025-04-07T09:01:06.524691+0800 ERROR second command M105
2025-04-07T09:01:06.524691+0800 ERROR finish command M105
2025-04-07T09:01:06.524691+0800 ERROR SENT: G250 S21
2025-04-07T09:01:06.524691+0800 ERROR write command G250 S21
2025-04-07T09:01:06.524691+0800 ERROR second command G250 S21
2025-04-07T09:01:06.524691+0800 ERROR finish command G250 S21
2025-04-07T09:01:06.524691+0800 ERROR SENT: G250 S800
2025-04-07T09:01:06.525691+0800 ERROR write command G250 S800
2025-04-07T09:01:06.525691+0800 ERROR second command G250 S800
2025-04-07T09:01:06.525691+0800 ERROR finish command G250 S800
2025-04-07T09:01:06.525691+0800 ERROR SENT: M154 S1
2025-04-07T09:01:06.525691+0800 ERROR write command M154 S1
2025-04-07T09:01:06.525691+0800 ERROR second command M154 S1
2025-04-07T09:01:06.525691+0800 ERROR finish command M154 S1
2025-04-07T09:01:10.378004+0800 ERROR SENT: M105
2025-04-07T09:01:10.378004+0800 ERROR write command M105
2025-04-07T09:01:10.378004+0800 ERROR second command M105
2025-04-07T09:01:10.378004+0800 ERROR finish command M105
2025-04-07T09:01:10.378004+0800 ERROR SENT: G250 S21
2025-04-07T09:01:10.378004+0800 ERROR write command G250 S21
2025-04-07T09:01:10.378860+0800 ERROR second command G250 S21
2025-04-07T09:01:10.378860+0800 ERROR finish command G250 S21
2025-04-07T09:01:10.378860+0800 ERROR SENT: G250 S800
2025-04-07T09:01:10.378860+0800 ERROR write command G250 S800
2025-04-07T09:01:10.378860+0800 ERROR second command G250 S800
2025-04-07T09:01:10.378860+0800 ERROR finish command G250 S800
2025-04-07T09:01:10.378860+0800 ERROR SENT: M154 S1
2025-04-07T09:01:10.378860+0800 ERROR write command M154 S1
2025-04-07T09:01:10.378860+0800 ERROR second command M154 S1
2025-04-07T09:01:10.378860+0800 ERROR finish command M154 S1
2025-04-07T09:01:14.294272+0800 ERROR SENT: M105
2025-04-07T09:01:14.294272+0800 ERROR write command M105
2025-04-07T09:01:14.294272+0800 ERROR second command M105
2025-04-07T09:01:14.294272+0800 ERROR finish command M105
2025-04-07T09:01:14.294272+0800 ERROR SENT: G250 S21
2025-04-07T09:01:14.295273+0800 ERROR write command G250 S21
2025-04-07T09:01:14.295273+0800 ERROR second command G250 S21
2025-04-07T09:01:14.295273+0800 ERROR finish command G250 S21
2025-04-07T09:01:14.295273+0800 ERROR SENT: G250 S800
2025-04-07T09:01:14.295273+0800 ERROR write command G250 S800
2025-04-07T09:01:14.295273+0800 ERROR second command G250 S800
2025-04-07T09:01:14.295273+0800 ERROR finish command G250 S800
2025-04-07T09:01:14.295273+0800 ERROR SENT: M154 S1
2025-04-07T09:01:14.295273+0800 ERROR write command M154 S1
2025-04-07T09:01:14.296273+0800 ERROR second command M154 S1
2025-04-07T09:01:14.296273+0800 ERROR finish command M154 S1
2025-04-07T09:01:18.235191+0800 ERROR SENT: M105
2025-04-07T09:01:18.235191+0800 ERROR write command M105
2025-04-07T09:01:18.235191+0800 ERROR second command M105
2025-04-07T09:01:18.235191+0800 ERROR finish command M105
2025-04-07T09:01:18.235191+0800 ERROR SENT: G250 S21
2025-04-07T09:01:18.235191+0800 ERROR write command G250 S21
2025-04-07T09:01:18.236200+0800 ERROR second command G250 S21
2025-04-07T09:01:18.236200+0800 ERROR finish command G250 S21
2025-04-07T09:01:18.236200+0800 ERROR SENT: G250 S800
2025-04-07T09:01:18.236200+0800 ERROR write command G250 S800
2025-04-07T09:01:18.236200+0800 ERROR second command G250 S800
2025-04-07T09:01:18.236200+0800 ERROR finish command G250 S800
2025-04-07T09:01:18.236200+0800 ERROR SENT: M154 S1
2025-04-07T09:01:18.237259+0800 ERROR write command M154 S1
2025-04-07T09:01:18.237259+0800 ERROR second command M154 S1
2025-04-07T09:01:18.237259+0800 ERROR finish command M154 S1
2025-04-07T09:01:22.088373+0800 ERROR SENT: M105
2025-04-07T09:01:22.089373+0800 ERROR write command M105
2025-04-07T09:01:22.089373+0800 ERROR second command M105
2025-04-07T09:01:22.089373+0800 ERROR finish command M105
2025-04-07T09:01:22.089373+0800 ERROR SENT: G250 S21
2025-04-07T09:01:22.089373+0800 ERROR write command G250 S21
2025-04-07T09:01:22.089373+0800 ERROR second command G250 S21
2025-04-07T09:01:22.090373+0800 ERROR finish command G250 S21
2025-04-07T09:01:22.090373+0800 ERROR SENT: G250 S800
2025-04-07T09:01:22.090373+0800 ERROR write command G250 S800
2025-04-07T09:01:22.090373+0800 ERROR second command G250 S800
2025-04-07T09:01:22.090373+0800 ERROR finish command G250 S800
2025-04-07T09:01:22.093372+0800 ERROR SENT: M154 S1
2025-04-07T09:01:22.093372+0800 ERROR write command M154 S1
2025-04-07T09:01:22.093372+0800 ERROR second command M154 S1
2025-04-07T09:01:22.093372+0800 ERROR finish command M154 S1
2025-04-07T09:01:25.973704+0800 ERROR SENT: M105
2025-04-07T09:01:25.973704+0800 ERROR write command M105
2025-04-07T09:01:25.973704+0800 ERROR second command M105
2025-04-07T09:01:25.974718+0800 ERROR finish command M105
2025-04-07T09:01:25.974718+0800 ERROR SENT: G250 S21
2025-04-07T09:01:25.974718+0800 ERROR write command G250 S21
2025-04-07T09:01:25.974718+0800 ERROR second command G250 S21
2025-04-07T09:01:25.974718+0800 ERROR finish command G250 S21
2025-04-07T09:01:25.974718+0800 ERROR SENT: G250 S800
2025-04-07T09:01:25.974718+0800 ERROR write command G250 S800
2025-04-07T09:01:25.974718+0800 ERROR second command G250 S800
2025-04-07T09:01:25.974718+0800 ERROR finish command G250 S800
2025-04-07T09:01:25.974718+0800 ERROR SENT: M154 S1
2025-04-07T09:01:25.975719+0800 ERROR write command M154 S1
2025-04-07T09:01:25.975719+0800 ERROR second command M154 S1
2025-04-07T09:01:25.976397+0800 ERROR finish command M154 S1
2025-04-07T09:01:29.912299+0800 ERROR SENT: M105
2025-04-07T09:01:29.912299+0800 ERROR write command M105
2025-04-07T09:01:29.912299+0800 ERROR second command M105
2025-04-07T09:01:29.912299+0800 ERROR finish command M105
2025-04-07T09:01:29.912299+0800 ERROR SENT: G250 S21
2025-04-07T09:01:29.912299+0800 ERROR write command G250 S21
2025-04-07T09:01:29.913308+0800 ERROR second command G250 S21
2025-04-07T09:01:29.913308+0800 ERROR finish command G250 S21
2025-04-07T09:01:29.913308+0800 ERROR SENT: G250 S800
2025-04-07T09:01:29.913308+0800 ERROR write command G250 S800
2025-04-07T09:01:29.913308+0800 ERROR second command G250 S800
2025-04-07T09:01:29.913308+0800 ERROR finish command G250 S800
2025-04-07T09:01:29.913308+0800 ERROR SENT: M154 S1
2025-04-07T09:01:29.914307+0800 ERROR write command M154 S1
2025-04-07T09:01:29.914307+0800 ERROR second command M154 S1
2025-04-07T09:01:29.914307+0800 ERROR finish command M154 S1
2025-04-07T09:01:33.858230+0800 ERROR SENT: M105
2025-04-07T09:01:33.858230+0800 ERROR write command M105
2025-04-07T09:01:33.858230+0800 ERROR second command M105
2025-04-07T09:01:33.858230+0800 ERROR finish command M105
2025-04-07T09:01:33.859109+0800 ERROR SENT: G250 S21
2025-04-07T09:01:33.859109+0800 ERROR write command G250 S21
2025-04-07T09:01:33.859109+0800 ERROR second command G250 S21
2025-04-07T09:01:33.859109+0800 ERROR finish command G250 S21
2025-04-07T09:01:33.859109+0800 ERROR SENT: G250 S800
2025-04-07T09:01:33.859109+0800 ERROR write command G250 S800
2025-04-07T09:01:33.859109+0800 ERROR second command G250 S800
2025-04-07T09:01:33.859109+0800 ERROR finish command G250 S800
2025-04-07T09:01:33.860107+0800 ERROR SENT: M154 S1
2025-04-07T09:01:33.860107+0800 ERROR write command M154 S1
2025-04-07T09:01:33.860107+0800 ERROR second command M154 S1
2025-04-07T09:01:33.860107+0800 ERROR finish command M154 S1
2025-04-07T09:01:37.800359+0800 ERROR SENT: M105
2025-04-07T09:01:37.800359+0800 ERROR write command M105
2025-04-07T09:01:37.800359+0800 ERROR second command M105
2025-04-07T09:01:37.801369+0800 ERROR finish command M105
2025-04-07T09:01:37.801369+0800 ERROR SENT: G250 S21
2025-04-07T09:01:37.801369+0800 ERROR write command G250 S21
2025-04-07T09:01:37.801369+0800 ERROR second command G250 S21
2025-04-07T09:01:37.801369+0800 ERROR finish command G250 S21
2025-04-07T09:01:37.801369+0800 ERROR SENT: G250 S800
2025-04-07T09:01:37.801369+0800 ERROR write command G250 S800
2025-04-07T09:01:37.801369+0800 ERROR second command G250 S800
2025-04-07T09:01:37.801369+0800 ERROR finish command G250 S800
2025-04-07T09:01:37.802366+0800 ERROR SENT: M154 S1
2025-04-07T09:01:37.802366+0800 ERROR write command M154 S1
2025-04-07T09:01:37.802366+0800 ERROR second command M154 S1
2025-04-07T09:01:37.802366+0800 ERROR finish command M154 S1
2025-04-07T09:01:41.714996+0800 ERROR SENT: M105
2025-04-07T09:01:41.714996+0800 ERROR write command M105
2025-04-07T09:01:41.714996+0800 ERROR second command M105
2025-04-07T09:01:41.714996+0800 ERROR finish command M105
2025-04-07T09:01:41.715995+0800 ERROR SENT: G250 S21
2025-04-07T09:01:41.715995+0800 ERROR write command G250 S21
2025-04-07T09:01:41.715995+0800 ERROR second command G250 S21
2025-04-07T09:01:41.715995+0800 ERROR finish command G250 S21
2025-04-07T09:01:41.715995+0800 ERROR SENT: G250 S800
2025-04-07T09:01:41.716993+0800 ERROR write command G250 S800
2025-04-07T09:01:41.716993+0800 ERROR second command G250 S800
2025-04-07T09:01:41.716993+0800 ERROR finish command G250 S800
2025-04-07T09:01:41.716993+0800 ERROR SENT: M154 S1
2025-04-07T09:01:41.716993+0800 ERROR write command M154 S1
2025-04-07T09:01:41.717995+0800 ERROR second command M154 S1
2025-04-07T09:01:41.717995+0800 ERROR finish command M154 S1
2025-04-07T09:01:45.620659+0800 ERROR SENT: M105
2025-04-07T09:01:45.620659+0800 ERROR write command M105
2025-04-07T09:01:45.620659+0800 ERROR second command M105
2025-04-07T09:01:45.620659+0800 ERROR finish command M105
2025-04-07T09:01:45.620659+0800 ERROR SENT: G250 S21
2025-04-07T09:01:45.621663+0800 ERROR write command G250 S21
2025-04-07T09:01:45.621663+0800 ERROR second command G250 S21
2025-04-07T09:01:45.621663+0800 ERROR finish command G250 S21
2025-04-07T09:01:45.621663+0800 ERROR SENT: G250 S800
2025-04-07T09:01:45.621663+0800 ERROR write command G250 S800
2025-04-07T09:01:45.621663+0800 ERROR second command G250 S800
2025-04-07T09:01:45.622662+0800 ERROR finish command G250 S800
2025-04-07T09:01:45.622662+0800 ERROR SENT: M154 S1
2025-04-07T09:01:45.622662+0800 ERROR write command M154 S1
2025-04-07T09:01:45.622662+0800 ERROR second command M154 S1
2025-04-07T09:01:45.622662+0800 ERROR finish command M154 S1
2025-04-07T09:01:49.560824+0800 ERROR SENT: M105
2025-04-07T09:01:49.560824+0800 ERROR write command M105
2025-04-07T09:01:49.560824+0800 ERROR second command M105
2025-04-07T09:01:49.560824+0800 ERROR finish command M105
2025-04-07T09:01:49.560824+0800 ERROR SENT: G250 S21
2025-04-07T09:01:49.560824+0800 ERROR write command G250 S21
2025-04-07T09:01:49.561743+0800 ERROR second command G250 S21
2025-04-07T09:01:49.561743+0800 ERROR finish command G250 S21
2025-04-07T09:01:49.561743+0800 ERROR SENT: G250 S800
2025-04-07T09:01:49.561743+0800 ERROR write command G250 S800
2025-04-07T09:01:49.561743+0800 ERROR second command G250 S800
2025-04-07T09:01:49.561743+0800 ERROR finish command G250 S800
2025-04-07T09:01:49.561743+0800 ERROR SENT: M154 S1
2025-04-07T09:01:49.561743+0800 ERROR write command M154 S1
2025-04-07T09:01:49.562743+0800 ERROR second command M154 S1
2025-04-07T09:01:49.562743+0800 ERROR finish command M154 S1
2025-04-07T09:01:53.422244+0800 ERROR SENT: M105
2025-04-07T09:01:53.422244+0800 ERROR write command M105
2025-04-07T09:01:53.422244+0800 ERROR second command M105
2025-04-07T09:01:53.422244+0800 ERROR finish command M105
2025-04-07T09:01:53.423176+0800 ERROR SENT: G250 S21
2025-04-07T09:01:53.423176+0800 ERROR write command G250 S21
2025-04-07T09:01:53.423176+0800 ERROR second command G250 S21
2025-04-07T09:01:53.423176+0800 ERROR finish command G250 S21
2025-04-07T09:01:53.423176+0800 ERROR SENT: G250 S800
2025-04-07T09:01:53.423176+0800 ERROR write command G250 S800
2025-04-07T09:01:53.423176+0800 ERROR second command G250 S800
2025-04-07T09:01:53.423176+0800 ERROR finish command G250 S800
2025-04-07T09:01:53.423176+0800 ERROR SENT: M154 S1
2025-04-07T09:01:53.424175+0800 ERROR write command M154 S1
2025-04-07T09:01:53.424175+0800 ERROR second command M154 S1
2025-04-07T09:01:53.424175+0800 ERROR finish command M154 S1
2025-04-07T09:01:57.305829+0800 ERROR SENT: M105
2025-04-07T09:01:57.305829+0800 ERROR write command M105
2025-04-07T09:01:57.306830+0800 ERROR second command M105
2025-04-07T09:01:57.306830+0800 ERROR finish command M105
2025-04-07T09:01:57.306830+0800 ERROR SENT: G250 S21
2025-04-07T09:01:57.306830+0800 ERROR write command G250 S21
2025-04-07T09:01:57.306830+0800 ERROR second command G250 S21
2025-04-07T09:01:57.307830+0800 ERROR finish command G250 S21
2025-04-07T09:01:57.307830+0800 ERROR SENT: G250 S800
2025-04-07T09:01:57.307830+0800 ERROR write command G250 S800
2025-04-07T09:01:57.307830+0800 ERROR second command G250 S800
2025-04-07T09:01:57.307830+0800 ERROR finish command G250 S800
2025-04-07T09:01:57.307830+0800 ERROR SENT: M154 S1
2025-04-07T09:01:57.307830+0800 ERROR write command M154 S1
2025-04-07T09:01:57.309829+0800 ERROR second command M154 S1
2025-04-07T09:01:57.309829+0800 ERROR finish command M154 S1
