2025-05-15T11:23:10.237746+0800 INFO M104 S111℃
2025-05-15T11:23:10.237746+0800 INFO Not connected to printer.
2025-05-15T11:23:15.838201+0800 INFO M140 S90℃
2025-05-15T11:23:15.838201+0800 INFO Not connected to printer.
2025-05-15T11:23:25.861678+0800 INFO M104 S88℃
2025-05-15T11:23:25.862685+0800 INFO Not connected to printer.
2025-05-15T11:23:45.133146+0800 INFO G91
2025-05-15T11:23:45.133146+0800 INFO Not connected to printer.
2025-05-15T11:23:45.133146+0800 INFO G28
2025-05-15T11:23:45.133146+0800 INFO Not connected to printer.
2025-05-15T11:23:45.133146+0800 INFO G90
2025-05-15T11:23:45.133146+0800 INFO Not connected to printer.
2025-05-15T11:23:45.884831+0800 INFO G91
2025-05-15T11:23:45.884831+0800 INFO Not connected to printer.
2025-05-15T11:23:45.884831+0800 INFO G28 Z
2025-05-15T11:23:45.884831+0800 INFO Not connected to printer.
2025-05-15T11:23:45.884831+0800 INFO G90
2025-05-15T11:23:45.885831+0800 INFO Not connected to printer.
2025-05-15T11:23:46.349444+0800 INFO G91
2025-05-15T11:23:46.349444+0800 INFO Not connected to printer.
2025-05-15T11:23:46.349444+0800 INFO G28 Y
2025-05-15T11:23:46.349444+0800 INFO Not connected to printer.
2025-05-15T11:23:46.350446+0800 INFO G90
2025-05-15T11:23:46.350446+0800 INFO Not connected to printer.
2025-05-15T11:23:46.798544+0800 INFO G91
2025-05-15T11:23:46.799543+0800 INFO Not connected to printer.
2025-05-15T11:23:46.799543+0800 INFO G28 X
2025-05-15T11:23:46.799543+0800 INFO Not connected to printer.
2025-05-15T11:23:46.799543+0800 INFO G90
2025-05-15T11:23:46.799543+0800 INFO Not connected to printer.
2025-05-15T11:23:47.389679+0800 INFO M290 Z-0.1
2025-05-15T11:23:47.389679+0800 INFO Not connected to printer.
