2025-04-11T11:39:27.402579+0800 INFO 设备已成功连接
2025-04-11T11:39:27.402579+0800 ERROR SENT: M105
2025-04-11T11:39:27.403579+0800 ERROR write command M105
2025-04-11T11:39:27.403579+0800 ERROR second command M105
2025-04-11T11:39:27.403579+0800 ERROR finish command M105
2025-04-11T11:39:27.403579+0800 ERROR SENT: G250 S21
2025-04-11T11:39:27.404581+0800 ERROR write command G250 S21
2025-04-11T11:39:27.404581+0800 ERROR second command G250 S21
2025-04-11T11:39:27.404581+0800 ERROR finish command G250 S21
2025-04-11T11:39:27.404581+0800 ERROR SENT: G250 S800
2025-04-11T11:39:27.404581+0800 ERROR write command G250 S800
2025-04-11T11:39:27.405580+0800 ERROR second command G250 S800
2025-04-11T11:39:27.405580+0800 ERROR finish command G250 S800
2025-04-11T11:39:27.405580+0800 ERROR SENT: M154 S1
2025-04-11T11:39:27.406579+0800 ERROR write command M154 S1
2025-04-11T11:39:27.406579+0800 ERROR second command M154 S1
2025-04-11T11:39:27.406579+0800 ERROR finish command M154 S1
2025-04-11T11:39:31.240287+0800 ERROR SENT: M105
2025-04-11T11:39:31.240287+0800 ERROR write command M105
2025-04-11T11:39:31.240287+0800 ERROR second command M105
2025-04-11T11:39:31.240287+0800 ERROR finish command M105
2025-04-11T11:39:31.241279+0800 ERROR SENT: G250 S21
2025-04-11T11:39:31.241279+0800 ERROR write command G250 S21
2025-04-11T11:39:31.241279+0800 ERROR second command G250 S21
2025-04-11T11:39:31.241279+0800 ERROR finish command G250 S21
2025-04-11T11:39:31.241279+0800 ERROR SENT: G250 S800
2025-04-11T11:39:31.241279+0800 ERROR write command G250 S800
2025-04-11T11:39:31.242289+0800 ERROR second command G250 S800
2025-04-11T11:39:31.242289+0800 ERROR finish command G250 S800
2025-04-11T11:39:31.242289+0800 ERROR SENT: M154 S1
2025-04-11T11:39:31.242289+0800 ERROR write command M154 S1
2025-04-11T11:39:31.242289+0800 ERROR second command M154 S1
2025-04-11T11:39:31.242289+0800 ERROR finish command M154 S1
2025-04-11T11:39:35.417046+0800 ERROR SENT: M105
2025-04-11T11:39:35.417046+0800 ERROR write command M105
2025-04-11T11:39:35.417046+0800 ERROR second command M105
2025-04-11T11:39:35.417046+0800 ERROR finish command M105
2025-04-11T11:39:35.418038+0800 ERROR SENT: G250 S21
2025-04-11T11:39:35.418038+0800 ERROR write command G250 S21
2025-04-11T11:39:35.418038+0800 ERROR second command G250 S21
2025-04-11T11:39:35.418038+0800 ERROR finish command G250 S21
2025-04-11T11:39:35.418038+0800 ERROR SENT: G250 S800
2025-04-11T11:39:35.418038+0800 ERROR write command G250 S800
2025-04-11T11:39:35.418038+0800 ERROR second command G250 S800
2025-04-11T11:39:35.418038+0800 ERROR finish command G250 S800
2025-04-11T11:39:35.418038+0800 ERROR SENT: M154 S1
2025-04-11T11:39:35.419038+0800 ERROR write command M154 S1
2025-04-11T11:39:35.419038+0800 ERROR second command M154 S1
2025-04-11T11:39:35.419038+0800 ERROR finish command M154 S1
2025-04-11T11:39:39.217994+0800 ERROR SENT: M105
2025-04-11T11:39:39.217994+0800 ERROR write command M105
2025-04-11T11:39:39.217994+0800 ERROR second command M105
2025-04-11T11:39:39.217994+0800 ERROR finish command M105
2025-04-11T11:39:39.217994+0800 ERROR SENT: G250 S21
2025-04-11T11:39:39.217994+0800 ERROR write command G250 S21
2025-04-11T11:39:39.218981+0800 ERROR second command G250 S21
2025-04-11T11:39:39.218981+0800 ERROR finish command G250 S21
2025-04-11T11:39:39.218981+0800 ERROR SENT: G250 S800
2025-04-11T11:39:39.218981+0800 ERROR write command G250 S800
2025-04-11T11:39:39.218981+0800 ERROR second command G250 S800
2025-04-11T11:39:39.218981+0800 ERROR finish command G250 S800
2025-04-11T11:39:39.218981+0800 ERROR SENT: M154 S1
2025-04-11T11:39:39.219983+0800 ERROR write command M154 S1
2025-04-11T11:39:39.219983+0800 ERROR second command M154 S1
2025-04-11T11:39:39.219983+0800 ERROR finish command M154 S1
2025-04-11T11:39:43.209222+0800 ERROR SENT: M105
2025-04-11T11:39:43.210222+0800 ERROR write command M105
2025-04-11T11:39:43.210222+0800 ERROR second command M105
2025-04-11T11:39:43.210222+0800 ERROR finish command M105
2025-04-11T11:39:43.211222+0800 ERROR SENT: G250 S21
2025-04-11T11:39:43.211222+0800 ERROR write command G250 S21
2025-04-11T11:39:43.211222+0800 ERROR second command G250 S21
2025-04-11T11:39:43.211222+0800 ERROR finish command G250 S21
2025-04-11T11:39:43.211222+0800 ERROR SENT: G250 S800
2025-04-11T11:39:43.212222+0800 ERROR write command G250 S800
2025-04-11T11:39:43.212222+0800 ERROR second command G250 S800
2025-04-11T11:39:43.212222+0800 ERROR finish command G250 S800
2025-04-11T11:39:43.212222+0800 ERROR SENT: M154 S1
2025-04-11T11:39:43.248221+0800 ERROR write command M154 S1
2025-04-11T11:39:43.248221+0800 ERROR second command M154 S1
2025-04-11T11:39:43.248221+0800 ERROR finish command M154 S1
2025-04-11T11:39:47.332142+0800 ERROR SENT: M105
2025-04-11T11:39:47.332142+0800 ERROR write command M105
2025-04-11T11:39:47.333143+0800 ERROR second command M105
2025-04-11T11:39:47.333143+0800 ERROR finish command M105
2025-04-11T11:39:47.333143+0800 ERROR SENT: G250 S21
2025-04-11T11:39:47.333143+0800 ERROR write command G250 S21
2025-04-11T11:39:47.334143+0800 ERROR second command G250 S21
2025-04-11T11:39:47.334143+0800 ERROR finish command G250 S21
2025-04-11T11:39:47.334143+0800 ERROR SENT: G250 S800
2025-04-11T11:39:47.334143+0800 ERROR write command G250 S800
2025-04-11T11:39:47.335143+0800 ERROR second command G250 S800
2025-04-11T11:39:47.335143+0800 ERROR finish command G250 S800
2025-04-11T11:39:47.335143+0800 ERROR SENT: M154 S1
2025-04-11T11:39:47.335143+0800 ERROR write command M154 S1
2025-04-11T11:39:47.336142+0800 ERROR second command M154 S1
2025-04-11T11:39:47.336142+0800 ERROR finish command M154 S1
2025-04-11T11:39:51.142785+0800 ERROR SENT: M105
2025-04-11T11:39:51.142785+0800 ERROR write command M105
2025-04-11T11:39:51.142785+0800 ERROR second command M105
2025-04-11T11:39:51.142785+0800 ERROR finish command M105
2025-04-11T11:39:51.142785+0800 ERROR SENT: G250 S21
2025-04-11T11:39:51.143773+0800 ERROR write command G250 S21
2025-04-11T11:39:51.143773+0800 ERROR second command G250 S21
2025-04-11T11:39:51.143773+0800 ERROR finish command G250 S21
2025-04-11T11:39:51.143773+0800 ERROR SENT: G250 S800
2025-04-11T11:39:51.143773+0800 ERROR write command G250 S800
2025-04-11T11:39:51.144773+0800 ERROR second command G250 S800
2025-04-11T11:39:51.144773+0800 ERROR finish command G250 S800
2025-04-11T11:39:51.144773+0800 ERROR SENT: M154 S1
2025-04-11T11:39:51.144773+0800 ERROR write command M154 S1
2025-04-11T11:39:51.144773+0800 ERROR second command M154 S1
2025-04-11T11:39:51.145773+0800 ERROR finish command M154 S1
2025-04-11T11:39:55.093792+0800 ERROR SENT: M105
2025-04-11T11:39:55.093792+0800 ERROR write command M105
2025-04-11T11:39:55.093792+0800 ERROR second command M105
2025-04-11T11:39:55.093792+0800 ERROR finish command M105
2025-04-11T11:39:55.094725+0800 ERROR SENT: G250 S21
2025-04-11T11:39:55.094725+0800 ERROR write command G250 S21
2025-04-11T11:39:55.094725+0800 ERROR second command G250 S21
2025-04-11T11:39:55.094725+0800 ERROR finish command G250 S21
2025-04-11T11:39:55.094725+0800 ERROR SENT: G250 S800
2025-04-11T11:39:55.094725+0800 ERROR write command G250 S800
2025-04-11T11:39:55.094725+0800 ERROR second command G250 S800
2025-04-11T11:39:55.094725+0800 ERROR finish command G250 S800
2025-04-11T11:39:55.094725+0800 ERROR SENT: M154 S1
2025-04-11T11:39:55.095725+0800 ERROR write command M154 S1
2025-04-11T11:39:55.095725+0800 ERROR second command M154 S1
2025-04-11T11:39:55.095725+0800 ERROR finish command M154 S1
2025-04-11T11:39:59.065038+0800 ERROR SENT: M105
2025-04-11T11:39:59.065038+0800 ERROR write command M105
2025-04-11T11:39:59.065038+0800 ERROR second command M105
2025-04-11T11:39:59.066038+0800 ERROR finish command M105
2025-04-11T11:39:59.066038+0800 ERROR SENT: G250 S21
2025-04-11T11:39:59.066038+0800 ERROR write command G250 S21
2025-04-11T11:39:59.066038+0800 ERROR second command G250 S21
2025-04-11T11:39:59.066038+0800 ERROR finish command G250 S21
2025-04-11T11:39:59.067040+0800 ERROR SENT: G250 S800
2025-04-11T11:39:59.067040+0800 ERROR write command G250 S800
2025-04-11T11:39:59.067040+0800 ERROR second command G250 S800
2025-04-11T11:39:59.067040+0800 ERROR finish command G250 S800
2025-04-11T11:39:59.067040+0800 ERROR SENT: M154 S1
2025-04-11T11:39:59.067040+0800 ERROR write command M154 S1
2025-04-11T11:39:59.067040+0800 ERROR second command M154 S1
2025-04-11T11:39:59.068040+0800 ERROR finish command M154 S1
2025-04-11T11:40:03.155058+0800 ERROR SENT: M105
2025-04-11T11:40:03.155058+0800 ERROR write command M105
2025-04-11T11:40:03.155058+0800 ERROR second command M105
2025-04-11T11:40:03.156064+0800 ERROR finish command M105
2025-04-11T11:40:03.156064+0800 ERROR SENT: G250 S21
2025-04-11T11:40:03.156064+0800 ERROR write command G250 S21
2025-04-11T11:40:03.156064+0800 ERROR second command G250 S21
2025-04-11T11:40:03.156064+0800 ERROR finish command G250 S21
2025-04-11T11:40:03.156064+0800 ERROR SENT: G250 S800
2025-04-11T11:40:03.156064+0800 ERROR write command G250 S800
2025-04-11T11:40:03.157059+0800 ERROR second command G250 S800
2025-04-11T11:40:03.157059+0800 ERROR finish command G250 S800
2025-04-11T11:40:03.157059+0800 ERROR SENT: M154 S1
2025-04-11T11:40:03.157059+0800 ERROR write command M154 S1
2025-04-11T11:40:03.157059+0800 ERROR second command M154 S1
2025-04-11T11:40:03.157059+0800 ERROR finish command M154 S1
2025-04-11T11:40:07.149021+0800 ERROR SENT: M105
2025-04-11T11:40:07.149021+0800 ERROR write command M105
2025-04-11T11:40:07.149021+0800 ERROR second command M105
2025-04-11T11:40:07.149953+0800 ERROR finish command M105
2025-04-11T11:40:07.149953+0800 ERROR SENT: G250 S21
2025-04-11T11:40:07.149953+0800 ERROR write command G250 S21
2025-04-11T11:40:07.149953+0800 ERROR second command G250 S21
2025-04-11T11:40:07.149953+0800 ERROR finish command G250 S21
2025-04-11T11:40:07.149953+0800 ERROR SENT: G250 S800
2025-04-11T11:40:07.149953+0800 ERROR write command G250 S800
2025-04-11T11:40:07.149953+0800 ERROR second command G250 S800
2025-04-11T11:40:07.149953+0800 ERROR finish command G250 S800
2025-04-11T11:40:07.150952+0800 ERROR SENT: M154 S1
2025-04-11T11:40:07.150952+0800 ERROR write command M154 S1
2025-04-11T11:40:07.150952+0800 ERROR second command M154 S1
2025-04-11T11:40:07.151952+0800 ERROR finish command M154 S1
2025-04-11T11:40:11.145028+0800 ERROR SENT: M105
2025-04-11T11:40:11.145028+0800 ERROR write command M105
2025-04-11T11:40:11.145951+0800 ERROR second command M105
2025-04-11T11:40:11.145951+0800 ERROR finish command M105
2025-04-11T11:40:11.145951+0800 ERROR SENT: G250 S21
2025-04-11T11:40:11.145951+0800 ERROR write command G250 S21
2025-04-11T11:40:11.145951+0800 ERROR second command G250 S21
2025-04-11T11:40:11.145951+0800 ERROR finish command G250 S21
2025-04-11T11:40:11.146950+0800 ERROR SENT: G250 S800
2025-04-11T11:40:11.146950+0800 ERROR write command G250 S800
2025-04-11T11:40:11.146950+0800 ERROR second command G250 S800
2025-04-11T11:40:11.146950+0800 ERROR finish command G250 S800
2025-04-11T11:40:11.146950+0800 ERROR SENT: M154 S1
2025-04-11T11:40:11.146950+0800 ERROR write command M154 S1
2025-04-11T11:40:11.146950+0800 ERROR second command M154 S1
2025-04-11T11:40:11.147950+0800 ERROR finish command M154 S1
2025-04-11T11:40:14.987550+0800 ERROR SENT: M105
2025-04-11T11:40:14.987550+0800 ERROR write command M105
2025-04-11T11:40:14.987550+0800 ERROR second command M105
2025-04-11T11:40:14.987550+0800 ERROR finish command M105
2025-04-11T11:40:14.987550+0800 ERROR SENT: G250 S21
2025-04-11T11:40:14.987550+0800 ERROR write command G250 S21
2025-04-11T11:40:14.988481+0800 ERROR second command G250 S21
2025-04-11T11:40:14.988481+0800 ERROR finish command G250 S21
2025-04-11T11:40:14.988481+0800 ERROR SENT: G250 S800
2025-04-11T11:40:14.988481+0800 ERROR write command G250 S800
2025-04-11T11:40:14.988481+0800 ERROR second command G250 S800
2025-04-11T11:40:14.988481+0800 ERROR finish command G250 S800
2025-04-11T11:40:14.988481+0800 ERROR SENT: M154 S1
2025-04-11T11:40:14.988481+0800 ERROR write command M154 S1
2025-04-11T11:40:14.988481+0800 ERROR second command M154 S1
2025-04-11T11:40:14.989481+0800 ERROR finish command M154 S1
2025-04-11T11:40:19.053909+0800 ERROR SENT: M105
2025-04-11T11:40:19.054908+0800 ERROR write command M105
2025-04-11T11:40:19.054908+0800 ERROR second command M105
2025-04-11T11:40:19.054908+0800 ERROR finish command M105
2025-04-11T11:40:19.054908+0800 ERROR SENT: G250 S21
2025-04-11T11:40:19.055908+0800 ERROR write command G250 S21
2025-04-11T11:40:19.055908+0800 ERROR second command G250 S21
2025-04-11T11:40:19.055908+0800 ERROR finish command G250 S21
2025-04-11T11:40:19.055908+0800 ERROR SENT: G250 S800
2025-04-11T11:40:19.056909+0800 ERROR write command G250 S800
2025-04-11T11:40:19.056909+0800 ERROR second command G250 S800
2025-04-11T11:40:19.056909+0800 ERROR finish command G250 S800
2025-04-11T11:40:19.056909+0800 ERROR SENT: M154 S1
2025-04-11T11:40:19.057909+0800 ERROR write command M154 S1
2025-04-11T11:40:19.079908+0800 ERROR second command M154 S1
2025-04-11T11:40:19.080908+0800 ERROR finish command M154 S1
2025-04-11T11:40:23.022024+0800 ERROR SENT: M105
2025-04-11T11:40:23.022024+0800 ERROR write command M105
2025-04-11T11:40:23.022953+0800 ERROR second command M105
2025-04-11T11:40:23.022953+0800 ERROR finish command M105
2025-04-11T11:40:23.022953+0800 ERROR SENT: G250 S21
2025-04-11T11:40:23.022953+0800 ERROR write command G250 S21
2025-04-11T11:40:23.022953+0800 ERROR second command G250 S21
2025-04-11T11:40:23.022953+0800 ERROR finish command G250 S21
2025-04-11T11:40:23.022953+0800 ERROR SENT: G250 S800
2025-04-11T11:40:23.022953+0800 ERROR write command G250 S800
2025-04-11T11:40:23.023953+0800 ERROR second command G250 S800
2025-04-11T11:40:23.023953+0800 ERROR finish command G250 S800
2025-04-11T11:40:23.023953+0800 ERROR SENT: M154 S1
2025-04-11T11:40:23.023953+0800 ERROR write command M154 S1
2025-04-11T11:40:23.023953+0800 ERROR second command M154 S1
2025-04-11T11:40:23.023953+0800 ERROR finish command M154 S1
2025-04-11T11:40:26.976634+0800 ERROR SENT: M105
2025-04-11T11:40:26.976634+0800 ERROR write command M105
2025-04-11T11:40:26.977633+0800 ERROR second command M105
2025-04-11T11:40:26.977633+0800 ERROR finish command M105
2025-04-11T11:40:26.977633+0800 ERROR SENT: G250 S21
2025-04-11T11:40:26.977633+0800 ERROR write command G250 S21
2025-04-11T11:40:26.978633+0800 ERROR second command G250 S21
2025-04-11T11:40:26.978633+0800 ERROR finish command G250 S21
2025-04-11T11:40:26.978633+0800 ERROR SENT: G250 S800
2025-04-11T11:40:26.978633+0800 ERROR write command G250 S800
2025-04-11T11:40:26.978633+0800 ERROR second command G250 S800
2025-04-11T11:40:26.978633+0800 ERROR finish command G250 S800
2025-04-11T11:40:26.979633+0800 ERROR SENT: M154 S1
2025-04-11T11:40:26.979633+0800 ERROR write command M154 S1
2025-04-11T11:40:26.979633+0800 ERROR second command M154 S1
2025-04-11T11:40:26.979633+0800 ERROR finish command M154 S1
2025-04-11T11:40:30.931718+0800 ERROR SENT: M105
2025-04-11T11:40:30.931718+0800 ERROR write command M105
2025-04-11T11:40:30.931718+0800 ERROR second command M105
2025-04-11T11:40:30.932717+0800 ERROR finish command M105
2025-04-11T11:40:30.932717+0800 ERROR SENT: G250 S21
2025-04-11T11:40:30.932717+0800 ERROR write command G250 S21
2025-04-11T11:40:30.932717+0800 ERROR second command G250 S21
2025-04-11T11:40:30.932717+0800 ERROR finish command G250 S21
2025-04-11T11:40:30.932717+0800 ERROR SENT: G250 S800
2025-04-11T11:40:30.932717+0800 ERROR write command G250 S800
2025-04-11T11:40:30.933717+0800 ERROR second command G250 S800
2025-04-11T11:40:30.933717+0800 ERROR finish command G250 S800
2025-04-11T11:40:30.933717+0800 ERROR SENT: M154 S1
2025-04-11T11:40:30.933717+0800 ERROR write command M154 S1
2025-04-11T11:40:30.933717+0800 ERROR second command M154 S1
2025-04-11T11:40:30.933717+0800 ERROR finish command M154 S1
