2025-04-17T11:28:06.377377+0800 INFO 设备已成功连接
2025-04-17T11:28:06.378377+0800 ERROR SENT: M105
2025-04-17T11:28:06.378377+0800 ERROR write command M105
2025-04-17T11:28:06.379377+0800 ERROR second command M105
2025-04-17T11:28:06.379377+0800 ERROR finish command M105
2025-04-17T11:28:06.379377+0800 ERROR SENT: G250 S21
2025-04-17T11:28:06.379377+0800 ERROR write command G250 S21
2025-04-17T11:28:06.379377+0800 ERROR second command G250 S21
2025-04-17T11:28:06.380378+0800 ERROR finish command G250 S21
2025-04-17T11:28:06.380378+0800 ERROR SENT: G250 S800
2025-04-17T11:28:06.380378+0800 ERROR write command G250 S800
2025-04-17T11:28:06.380378+0800 ERROR second command G250 S800
2025-04-17T11:28:06.380378+0800 ERROR finish command G250 S800
2025-04-17T11:28:06.380378+0800 ERROR SENT: M154 S1
2025-04-17T11:28:06.381378+0800 ERROR write command M154 S1
2025-04-17T11:28:06.381378+0800 ERROR second command M154 S1
2025-04-17T11:28:06.381378+0800 ERROR finish command M154 S1
2025-04-17T11:28:10.209422+0800 ERROR SENT: M105
2025-04-17T11:28:10.209422+0800 ERROR write command M105
2025-04-17T11:28:10.209422+0800 ERROR second command M105
2025-04-17T11:28:10.209422+0800 ERROR finish command M105
2025-04-17T11:28:10.210352+0800 ERROR SENT: G250 S21
2025-04-17T11:28:10.210352+0800 ERROR write command G250 S21
2025-04-17T11:28:10.210352+0800 ERROR second command G250 S21
2025-04-17T11:28:10.210352+0800 ERROR finish command G250 S21
2025-04-17T11:28:10.210352+0800 ERROR SENT: G250 S800
2025-04-17T11:28:10.210352+0800 ERROR write command G250 S800
2025-04-17T11:28:10.210352+0800 ERROR second command G250 S800
2025-04-17T11:28:10.210352+0800 ERROR finish command G250 S800
2025-04-17T11:28:10.210352+0800 ERROR SENT: M154 S1
2025-04-17T11:28:10.211446+0800 ERROR write command M154 S1
2025-04-17T11:28:10.211446+0800 ERROR second command M154 S1
2025-04-17T11:28:10.211446+0800 ERROR finish command M154 S1
2025-04-17T11:28:14.623032+0800 ERROR SENT: M105
2025-04-17T11:28:14.623032+0800 ERROR write command M105
2025-04-17T11:28:14.623032+0800 ERROR second command M105
2025-04-17T11:28:14.623032+0800 ERROR finish command M105
2025-04-17T11:28:14.623955+0800 ERROR SENT: G250 S21
2025-04-17T11:28:14.623955+0800 ERROR write command G250 S21
2025-04-17T11:28:14.623955+0800 ERROR second command G250 S21
2025-04-17T11:28:14.623955+0800 ERROR finish command G250 S21
2025-04-17T11:28:14.623955+0800 ERROR SENT: G250 S800
2025-04-17T11:28:14.623955+0800 ERROR write command G250 S800
2025-04-17T11:28:14.623955+0800 ERROR second command G250 S800
2025-04-17T11:28:14.623955+0800 ERROR finish command G250 S800
2025-04-17T11:28:14.623955+0800 ERROR SENT: M154 S1
2025-04-17T11:28:14.624956+0800 ERROR write command M154 S1
2025-04-17T11:28:14.624956+0800 ERROR second command M154 S1
2025-04-17T11:28:14.624956+0800 ERROR finish command M154 S1
2025-04-17T11:28:18.456221+0800 ERROR SENT: M105
2025-04-17T11:28:18.456221+0800 ERROR write command M105
2025-04-17T11:28:18.457221+0800 ERROR second command M105
2025-04-17T11:28:18.457221+0800 ERROR finish command M105
2025-04-17T11:28:18.457221+0800 ERROR SENT: G250 S21
2025-04-17T11:28:18.457221+0800 ERROR write command G250 S21
2025-04-17T11:28:18.458220+0800 ERROR second command G250 S21
2025-04-17T11:28:18.458220+0800 ERROR finish command G250 S21
2025-04-17T11:28:18.458220+0800 ERROR SENT: G250 S800
2025-04-17T11:28:18.458220+0800 ERROR write command G250 S800
2025-04-17T11:28:18.458220+0800 ERROR second command G250 S800
2025-04-17T11:28:18.458220+0800 ERROR finish command G250 S800
2025-04-17T11:28:18.458220+0800 ERROR SENT: M154 S1
2025-04-17T11:28:18.458220+0800 ERROR write command M154 S1
2025-04-17T11:28:18.459219+0800 ERROR second command M154 S1
2025-04-17T11:28:18.459219+0800 ERROR finish command M154 S1
2025-04-17T11:28:22.311014+0800 ERROR SENT: M105
2025-04-17T11:28:22.311988+0800 ERROR write command M105
2025-04-17T11:28:22.312984+0800 ERROR second command M105
2025-04-17T11:28:22.312984+0800 ERROR finish command M105
2025-04-17T11:28:22.312984+0800 ERROR SENT: G250 S21
2025-04-17T11:28:22.312984+0800 ERROR write command G250 S21
2025-04-17T11:28:22.312984+0800 ERROR second command G250 S21
2025-04-17T11:28:22.312984+0800 ERROR finish command G250 S21
2025-04-17T11:28:22.312984+0800 ERROR SENT: G250 S800
2025-04-17T11:28:22.312984+0800 ERROR write command G250 S800
2025-04-17T11:28:22.313983+0800 ERROR second command G250 S800
2025-04-17T11:28:22.313983+0800 ERROR finish command G250 S800
2025-04-17T11:28:22.313983+0800 ERROR SENT: M154 S1
2025-04-17T11:28:22.313983+0800 ERROR write command M154 S1
2025-04-17T11:28:22.313983+0800 ERROR second command M154 S1
2025-04-17T11:28:22.314981+0800 ERROR finish command M154 S1
2025-04-17T11:28:26.160112+0800 ERROR SENT: M105
2025-04-17T11:28:26.160112+0800 ERROR write command M105
2025-04-17T11:28:26.160112+0800 ERROR second command M105
2025-04-17T11:28:26.160112+0800 ERROR finish command M105
2025-04-17T11:28:26.160112+0800 ERROR SENT: G250 S21
2025-04-17T11:28:26.161046+0800 ERROR write command G250 S21
2025-04-17T11:28:26.161046+0800 ERROR second command G250 S21
2025-04-17T11:28:26.161046+0800 ERROR finish command G250 S21
2025-04-17T11:28:26.161046+0800 ERROR SENT: G250 S800
2025-04-17T11:28:26.161046+0800 ERROR write command G250 S800
2025-04-17T11:28:26.161046+0800 ERROR second command G250 S800
2025-04-17T11:28:26.161046+0800 ERROR finish command G250 S800
2025-04-17T11:28:26.161046+0800 ERROR SENT: M154 S1
2025-04-17T11:28:26.162046+0800 ERROR write command M154 S1
2025-04-17T11:28:26.162046+0800 ERROR second command M154 S1
2025-04-17T11:28:26.162046+0800 ERROR finish command M154 S1
2025-04-17T11:28:30.016371+0800 ERROR SENT: M105
2025-04-17T11:28:30.016371+0800 ERROR write command M105
2025-04-17T11:28:30.016371+0800 ERROR second command M105
2025-04-17T11:28:30.017395+0800 ERROR finish command M105
2025-04-17T11:28:30.017395+0800 ERROR SENT: G250 S21
2025-04-17T11:28:30.017395+0800 ERROR write command G250 S21
2025-04-17T11:28:30.017395+0800 ERROR second command G250 S21
2025-04-17T11:28:30.017395+0800 ERROR finish command G250 S21
2025-04-17T11:28:30.017395+0800 ERROR SENT: G250 S800
2025-04-17T11:28:30.017395+0800 ERROR write command G250 S800
2025-04-17T11:28:30.017395+0800 ERROR second command G250 S800
2025-04-17T11:28:30.017395+0800 ERROR finish command G250 S800
2025-04-17T11:28:30.017395+0800 ERROR SENT: M154 S1
2025-04-17T11:28:30.018437+0800 ERROR write command M154 S1
2025-04-17T11:28:30.018437+0800 ERROR second command M154 S1
2025-04-17T11:28:30.018437+0800 ERROR finish command M154 S1
2025-04-17T11:28:33.862901+0800 ERROR SENT: M105
2025-04-17T11:28:33.862901+0800 ERROR write command M105
2025-04-17T11:28:33.862901+0800 ERROR second command M105
2025-04-17T11:28:33.863826+0800 ERROR finish command M105
2025-04-17T11:28:33.863826+0800 ERROR SENT: G250 S21
2025-04-17T11:28:33.863826+0800 ERROR write command G250 S21
2025-04-17T11:28:33.863826+0800 ERROR second command G250 S21
2025-04-17T11:28:33.863826+0800 ERROR finish command G250 S21
2025-04-17T11:28:33.863826+0800 ERROR SENT: G250 S800
2025-04-17T11:28:33.863826+0800 ERROR write command G250 S800
2025-04-17T11:28:33.863826+0800 ERROR second command G250 S800
2025-04-17T11:28:33.863826+0800 ERROR finish command G250 S800
2025-04-17T11:28:33.864826+0800 ERROR SENT: M154 S1
2025-04-17T11:28:33.864826+0800 ERROR write command M154 S1
2025-04-17T11:28:33.864826+0800 ERROR second command M154 S1
2025-04-17T11:28:33.864826+0800 ERROR finish command M154 S1
2025-04-17T11:28:37.707204+0800 ERROR SENT: M105
2025-04-17T11:28:37.708214+0800 ERROR write command M105
2025-04-17T11:28:37.708214+0800 ERROR second command M105
2025-04-17T11:28:37.708214+0800 ERROR finish command M105
2025-04-17T11:28:37.708214+0800 ERROR SENT: G250 S21
2025-04-17T11:28:37.709203+0800 ERROR write command G250 S21
2025-04-17T11:28:37.709203+0800 ERROR second command G250 S21
2025-04-17T11:28:37.709203+0800 ERROR finish command G250 S21
2025-04-17T11:28:37.709203+0800 ERROR SENT: G250 S800
2025-04-17T11:28:37.709203+0800 ERROR write command G250 S800
2025-04-17T11:28:37.709203+0800 ERROR second command G250 S800
2025-04-17T11:28:37.709203+0800 ERROR finish command G250 S800
2025-04-17T11:28:37.709203+0800 ERROR SENT: M154 S1
2025-04-17T11:28:37.710202+0800 ERROR write command M154 S1
2025-04-17T11:28:37.710202+0800 ERROR second command M154 S1
2025-04-17T11:28:37.710202+0800 ERROR finish command M154 S1
2025-04-17T11:28:41.550148+0800 ERROR SENT: M105
2025-04-17T11:28:41.550148+0800 ERROR write command M105
2025-04-17T11:28:41.550148+0800 ERROR second command M105
2025-04-17T11:28:41.550148+0800 ERROR finish command M105
2025-04-17T11:28:41.551152+0800 ERROR SENT: G250 S21
2025-04-17T11:28:41.551152+0800 ERROR write command G250 S21
2025-04-17T11:28:41.551152+0800 ERROR second command G250 S21
2025-04-17T11:28:41.551152+0800 ERROR finish command G250 S21
2025-04-17T11:28:41.551152+0800 ERROR SENT: G250 S800
2025-04-17T11:28:41.551152+0800 ERROR write command G250 S800
2025-04-17T11:28:41.551152+0800 ERROR second command G250 S800
2025-04-17T11:28:41.551152+0800 ERROR finish command G250 S800
2025-04-17T11:28:41.551152+0800 ERROR SENT: M154 S1
2025-04-17T11:28:41.551152+0800 ERROR write command M154 S1
2025-04-17T11:28:41.552148+0800 ERROR second command M154 S1
2025-04-17T11:28:41.552148+0800 ERROR finish command M154 S1
2025-04-17T11:28:45.400045+0800 ERROR SENT: M105
2025-04-17T11:28:45.400045+0800 ERROR write command M105
2025-04-17T11:28:45.401047+0800 ERROR second command M105
2025-04-17T11:28:45.401047+0800 ERROR finish command M105
2025-04-17T11:28:45.401047+0800 ERROR SENT: G250 S21
2025-04-17T11:28:45.401047+0800 ERROR write command G250 S21
2025-04-17T11:28:45.401047+0800 ERROR second command G250 S21
2025-04-17T11:28:45.401047+0800 ERROR finish command G250 S21
2025-04-17T11:28:45.401047+0800 ERROR SENT: G250 S800
2025-04-17T11:28:45.401047+0800 ERROR write command G250 S800
2025-04-17T11:28:45.401047+0800 ERROR second command G250 S800
2025-04-17T11:28:45.402045+0800 ERROR finish command G250 S800
2025-04-17T11:28:45.402045+0800 ERROR SENT: M154 S1
2025-04-17T11:28:45.402045+0800 ERROR write command M154 S1
2025-04-17T11:28:45.402045+0800 ERROR second command M154 S1
2025-04-17T11:28:45.403043+0800 ERROR finish command M154 S1
2025-04-17T11:28:49.235843+0800 ERROR SENT: M105
2025-04-17T11:28:49.235843+0800 ERROR write command M105
2025-04-17T11:28:49.235843+0800 ERROR second command M105
2025-04-17T11:28:49.235843+0800 ERROR finish command M105
2025-04-17T11:28:49.235843+0800 ERROR SENT: G250 S21
2025-04-17T11:28:49.235843+0800 ERROR write command G250 S21
2025-04-17T11:28:49.236842+0800 ERROR second command G250 S21
2025-04-17T11:28:49.236842+0800 ERROR finish command G250 S21
2025-04-17T11:28:49.236842+0800 ERROR SENT: G250 S800
2025-04-17T11:28:49.236842+0800 ERROR write command G250 S800
2025-04-17T11:28:49.236842+0800 ERROR second command G250 S800
2025-04-17T11:28:49.236842+0800 ERROR finish command G250 S800
2025-04-17T11:28:49.236842+0800 ERROR SENT: M154 S1
2025-04-17T11:28:49.237842+0800 ERROR write command M154 S1
2025-04-17T11:28:49.237842+0800 ERROR second command M154 S1
2025-04-17T11:28:49.237842+0800 ERROR finish command M154 S1
2025-04-17T11:28:53.097299+0800 ERROR SENT: M105
2025-04-17T11:28:53.098304+0800 ERROR write command M105
2025-04-17T11:28:53.098304+0800 ERROR second command M105
2025-04-17T11:28:53.098304+0800 ERROR finish command M105
2025-04-17T11:28:53.098304+0800 ERROR SENT: G250 S21
2025-04-17T11:28:53.098304+0800 ERROR write command G250 S21
2025-04-17T11:28:53.098304+0800 ERROR second command G250 S21
2025-04-17T11:28:53.098304+0800 ERROR finish command G250 S21
2025-04-17T11:28:53.099299+0800 ERROR SENT: G250 S800
2025-04-17T11:28:53.099299+0800 ERROR write command G250 S800
2025-04-17T11:28:53.099299+0800 ERROR second command G250 S800
2025-04-17T11:28:53.099299+0800 ERROR finish command G250 S800
2025-04-17T11:28:53.099299+0800 ERROR SENT: M154 S1
2025-04-17T11:28:53.100297+0800 ERROR write command M154 S1
2025-04-17T11:28:53.100297+0800 ERROR second command M154 S1
2025-04-17T11:28:53.100297+0800 ERROR finish command M154 S1
2025-04-17T11:28:56.955654+0800 ERROR SENT: M105
2025-04-17T11:28:56.955654+0800 ERROR write command M105
2025-04-17T11:28:56.955654+0800 ERROR second command M105
2025-04-17T11:28:56.956653+0800 ERROR finish command M105
2025-04-17T11:28:56.956653+0800 ERROR SENT: G250 S21
2025-04-17T11:28:56.956653+0800 ERROR write command G250 S21
2025-04-17T11:28:56.956653+0800 ERROR second command G250 S21
2025-04-17T11:28:56.956653+0800 ERROR finish command G250 S21
2025-04-17T11:28:56.956653+0800 ERROR SENT: G250 S800
2025-04-17T11:28:56.956653+0800 ERROR write command G250 S800
2025-04-17T11:28:56.956653+0800 ERROR second command G250 S800
2025-04-17T11:28:56.957653+0800 ERROR finish command G250 S800
2025-04-17T11:28:56.957653+0800 ERROR SENT: M154 S1
2025-04-17T11:28:56.957653+0800 ERROR write command M154 S1
2025-04-17T11:28:56.957653+0800 ERROR second command M154 S1
2025-04-17T11:28:56.957653+0800 ERROR finish command M154 S1
