2025-05-16T14:11:12.821044+0800 INFO M290 Z-0.1
2025-05-16T14:11:12.821044+0800 INFO Not connected to printer.
2025-05-16T14:11:16.196929+0800 INFO G91
2025-05-16T14:11:16.197927+0800 INFO Not connected to printer.
2025-05-16T14:11:16.197927+0800 INFO L1 E-0.1 F400
2025-05-16T14:11:16.197927+0800 INFO Not connected to printer.
2025-05-16T14:11:16.198930+0800 INFO G90
2025-05-16T14:11:16.198930+0800 INFO Not connected to printer.
2025-05-16T14:11:16.909063+0800 INFO G91
2025-05-16T14:11:16.909063+0800 INFO Not connected to printer.
2025-05-16T14:11:16.909063+0800 INFO L1 X-0.1 FFalse
2025-05-16T14:11:16.910062+0800 INFO Not connected to printer.
2025-05-16T14:11:16.910062+0800 INFO G90
2025-05-16T14:11:16.910062+0800 INFO Not connected to printer.
2025-05-16T14:11:17.366660+0800 INFO G91
2025-05-16T14:11:17.367660+0800 INFO Not connected to printer.
2025-05-16T14:11:17.367660+0800 INFO L1 Y0.1 F3000
2025-05-16T14:11:17.367660+0800 INFO Not connected to printer.
2025-05-16T14:11:17.367660+0800 INFO G90
2025-05-16T14:11:17.368660+0800 INFO Not connected to printer.
