2025-04-11T11:28:28.437409+0800 INFO 设备已成功连接
2025-04-11T11:28:28.438409+0800 ERROR SENT: M105
2025-04-11T11:28:28.438409+0800 ERROR write command M105
2025-04-11T11:28:28.439409+0800 ERROR second command M105
2025-04-11T11:28:28.439409+0800 ERROR finish command M105
2025-04-11T11:28:28.439409+0800 ERROR SENT: G250 S21
2025-04-11T11:28:28.439409+0800 ERROR write command G250 S21
2025-04-11T11:28:28.440409+0800 ERROR second command G250 S21
2025-04-11T11:28:28.440409+0800 ERROR finish command G250 S21
2025-04-11T11:28:28.441409+0800 ERROR SENT: G250 S800
2025-04-11T11:28:28.441409+0800 ERROR write command G250 S800
2025-04-11T11:28:28.441409+0800 ERROR second command G250 S800
2025-04-11T11:28:28.442409+0800 ERROR finish command G250 S800
2025-04-11T11:28:28.442409+0800 ERROR SENT: M154 S1
2025-04-11T11:28:28.442409+0800 ERROR write command M154 S1
2025-04-11T11:28:28.443410+0800 ERROR second command M154 S1
2025-04-11T11:28:28.443410+0800 ERROR finish command M154 S1
2025-04-11T11:28:32.265240+0800 ERROR SENT: M105
2025-04-11T11:28:32.265385+0800 ERROR write command M105
2025-04-11T11:28:32.265909+0800 ERROR second command M105
2025-04-11T11:28:32.265909+0800 ERROR finish command M105
2025-04-11T11:28:32.265909+0800 ERROR SENT: G250 S21
2025-04-11T11:28:32.265909+0800 ERROR write command G250 S21
2025-04-11T11:28:32.266424+0800 ERROR second command G250 S21
2025-04-11T11:28:32.266424+0800 ERROR finish command G250 S21
2025-04-11T11:28:32.266424+0800 ERROR SENT: G250 S800
2025-04-11T11:28:32.266424+0800 ERROR write command G250 S800
2025-04-11T11:28:32.266942+0800 ERROR second command G250 S800
2025-04-11T11:28:32.266942+0800 ERROR finish command G250 S800
2025-04-11T11:28:32.266942+0800 ERROR SENT: M154 S1
2025-04-11T11:28:32.266942+0800 ERROR write command M154 S1
2025-04-11T11:28:32.266942+0800 ERROR second command M154 S1
2025-04-11T11:28:32.267456+0800 ERROR finish command M154 S1
2025-04-11T11:28:36.341687+0800 ERROR SENT: M105
2025-04-11T11:28:36.341687+0800 ERROR write command M105
2025-04-11T11:28:36.341687+0800 ERROR second command M105
2025-04-11T11:28:36.342688+0800 ERROR finish command M105
2025-04-11T11:28:36.342688+0800 ERROR SENT: G250 S21
2025-04-11T11:28:36.342688+0800 ERROR write command G250 S21
2025-04-11T11:28:36.342688+0800 ERROR second command G250 S21
2025-04-11T11:28:36.342688+0800 ERROR finish command G250 S21
2025-04-11T11:28:36.343688+0800 ERROR SENT: G250 S800
2025-04-11T11:28:36.343688+0800 ERROR write command G250 S800
2025-04-11T11:28:36.343688+0800 ERROR second command G250 S800
2025-04-11T11:28:36.343688+0800 ERROR finish command G250 S800
2025-04-11T11:28:36.343688+0800 ERROR SENT: M154 S1
2025-04-11T11:28:36.343688+0800 ERROR write command M154 S1
2025-04-11T11:28:36.344688+0800 ERROR second command M154 S1
2025-04-11T11:28:36.344688+0800 ERROR finish command M154 S1
2025-04-11T11:28:40.120245+0800 ERROR SENT: M105
2025-04-11T11:28:40.120245+0800 ERROR write command M105
2025-04-11T11:28:40.120245+0800 ERROR second command M105
2025-04-11T11:28:40.120245+0800 ERROR finish command M105
2025-04-11T11:28:40.120245+0800 ERROR SENT: G250 S21
2025-04-11T11:28:40.120245+0800 ERROR write command G250 S21
2025-04-11T11:28:40.121183+0800 ERROR second command G250 S21
2025-04-11T11:28:40.121183+0800 ERROR finish command G250 S21
2025-04-11T11:28:40.121183+0800 ERROR SENT: G250 S800
2025-04-11T11:28:40.121183+0800 ERROR write command G250 S800
2025-04-11T11:28:40.121183+0800 ERROR second command G250 S800
2025-04-11T11:28:40.121183+0800 ERROR finish command G250 S800
2025-04-11T11:28:40.121183+0800 ERROR SENT: M154 S1
2025-04-11T11:28:40.121183+0800 ERROR write command M154 S1
2025-04-11T11:28:40.122179+0800 ERROR second command M154 S1
2025-04-11T11:28:40.122179+0800 ERROR finish command M154 S1
2025-04-11T11:28:43.923840+0800 ERROR SENT: M105
2025-04-11T11:28:43.923840+0800 ERROR write command M105
2025-04-11T11:28:43.923840+0800 ERROR second command M105
2025-04-11T11:28:43.924842+0800 ERROR finish command M105
2025-04-11T11:28:43.924842+0800 ERROR SENT: G250 S21
2025-04-11T11:28:43.924842+0800 ERROR write command G250 S21
2025-04-11T11:28:43.924842+0800 ERROR second command G250 S21
2025-04-11T11:28:43.924842+0800 ERROR finish command G250 S21
2025-04-11T11:28:43.924842+0800 ERROR SENT: G250 S800
2025-04-11T11:28:43.924842+0800 ERROR write command G250 S800
2025-04-11T11:28:43.924842+0800 ERROR second command G250 S800
2025-04-11T11:28:43.925840+0800 ERROR finish command G250 S800
2025-04-11T11:28:43.925840+0800 ERROR SENT: M154 S1
2025-04-11T11:28:43.925840+0800 ERROR write command M154 S1
2025-04-11T11:28:43.925840+0800 ERROR second command M154 S1
2025-04-11T11:28:43.925840+0800 ERROR finish command M154 S1
2025-04-11T11:28:47.737381+0800 ERROR SENT: M105
2025-04-11T11:28:47.737381+0800 ERROR write command M105
2025-04-11T11:28:47.737381+0800 ERROR second command M105
2025-04-11T11:28:47.737381+0800 ERROR finish command M105
2025-04-11T11:28:47.737381+0800 ERROR SENT: G250 S21
2025-04-11T11:28:47.738378+0800 ERROR write command G250 S21
2025-04-11T11:28:47.738378+0800 ERROR second command G250 S21
2025-04-11T11:28:47.738378+0800 ERROR finish command G250 S21
2025-04-11T11:28:47.738378+0800 ERROR SENT: G250 S800
2025-04-11T11:28:47.738378+0800 ERROR write command G250 S800
2025-04-11T11:28:47.738378+0800 ERROR second command G250 S800
2025-04-11T11:28:47.738378+0800 ERROR finish command G250 S800
2025-04-11T11:28:47.738378+0800 ERROR SENT: M154 S1
2025-04-11T11:28:47.738378+0800 ERROR write command M154 S1
2025-04-11T11:28:47.739378+0800 ERROR second command M154 S1
2025-04-11T11:28:47.739378+0800 ERROR finish command M154 S1
2025-04-11T11:28:51.564101+0800 ERROR SENT: M105
2025-04-11T11:28:51.564101+0800 ERROR write command M105
2025-04-11T11:28:51.564101+0800 ERROR second command M105
2025-04-11T11:28:51.564101+0800 ERROR finish command M105
2025-04-11T11:28:51.564101+0800 ERROR SENT: G250 S21
2025-04-11T11:28:51.564101+0800 ERROR write command G250 S21
2025-04-11T11:28:51.564101+0800 ERROR second command G250 S21
2025-04-11T11:28:51.565101+0800 ERROR finish command G250 S21
2025-04-11T11:28:51.565101+0800 ERROR SENT: G250 S800
2025-04-11T11:28:51.565101+0800 ERROR write command G250 S800
2025-04-11T11:28:51.565101+0800 ERROR second command G250 S800
2025-04-11T11:28:51.565101+0800 ERROR finish command G250 S800
2025-04-11T11:28:51.565101+0800 ERROR SENT: M154 S1
2025-04-11T11:28:51.565101+0800 ERROR write command M154 S1
2025-04-11T11:28:51.565101+0800 ERROR second command M154 S1
2025-04-11T11:28:51.565101+0800 ERROR finish command M154 S1
2025-04-11T11:28:56.005741+0800 ERROR SENT: M105
2025-04-11T11:28:56.006741+0800 ERROR write command M105
2025-04-11T11:28:56.006741+0800 ERROR second command M105
2025-04-11T11:28:56.006741+0800 ERROR finish command M105
2025-04-11T11:28:56.006741+0800 ERROR SENT: G250 S21
2025-04-11T11:28:56.011740+0800 ERROR write command G250 S21
2025-04-11T11:28:56.012740+0800 ERROR second command G250 S21
2025-04-11T11:28:56.012740+0800 ERROR finish command G250 S21
2025-04-11T11:28:56.012740+0800 ERROR SENT: G250 S800
2025-04-11T11:28:56.012740+0800 ERROR write command G250 S800
2025-04-11T11:28:56.012740+0800 ERROR second command G250 S800
2025-04-11T11:28:56.012740+0800 ERROR finish command G250 S800
2025-04-11T11:28:56.012740+0800 ERROR SENT: M154 S1
2025-04-11T11:28:56.013740+0800 ERROR write command M154 S1
2025-04-11T11:28:56.013740+0800 ERROR second command M154 S1
2025-04-11T11:28:56.013740+0800 ERROR finish command M154 S1
2025-04-11T11:29:00.516654+0800 ERROR SENT: M105
2025-04-11T11:29:00.516654+0800 ERROR write command M105
2025-04-11T11:29:00.516654+0800 ERROR second command M105
2025-04-11T11:29:00.516654+0800 ERROR finish command M105
2025-04-11T11:29:00.517654+0800 ERROR SENT: G250 S21
2025-04-11T11:29:00.517654+0800 ERROR write command G250 S21
2025-04-11T11:29:00.517654+0800 ERROR second command G250 S21
2025-04-11T11:29:00.517654+0800 ERROR finish command G250 S21
2025-04-11T11:29:00.517654+0800 ERROR SENT: G250 S800
2025-04-11T11:29:00.517654+0800 ERROR write command G250 S800
2025-04-11T11:29:00.517654+0800 ERROR second command G250 S800
2025-04-11T11:29:00.517654+0800 ERROR finish command G250 S800
2025-04-11T11:29:00.520654+0800 ERROR SENT: M154 S1
2025-04-11T11:29:00.521653+0800 ERROR write command M154 S1
2025-04-11T11:29:00.521653+0800 ERROR second command M154 S1
2025-04-11T11:29:00.521653+0800 ERROR finish command M154 S1
2025-04-11T11:29:04.410007+0800 ERROR SENT: M105
2025-04-11T11:29:04.410007+0800 ERROR write command M105
2025-04-11T11:29:04.410007+0800 ERROR second command M105
2025-04-11T11:29:04.410007+0800 ERROR finish command M105
2025-04-11T11:29:04.410999+0800 ERROR SENT: G250 S21
2025-04-11T11:29:04.410999+0800 ERROR write command G250 S21
2025-04-11T11:29:04.410999+0800 ERROR second command G250 S21
2025-04-11T11:29:04.410999+0800 ERROR finish command G250 S21
2025-04-11T11:29:04.410999+0800 ERROR SENT: G250 S800
2025-04-11T11:29:04.410999+0800 ERROR write command G250 S800
2025-04-11T11:29:04.410999+0800 ERROR second command G250 S800
2025-04-11T11:29:04.410999+0800 ERROR finish command G250 S800
2025-04-11T11:29:04.410999+0800 ERROR SENT: M154 S1
2025-04-11T11:29:04.410999+0800 ERROR write command M154 S1
2025-04-11T11:29:04.410999+0800 ERROR second command M154 S1
2025-04-11T11:29:04.412001+0800 ERROR finish command M154 S1
2025-04-11T11:29:08.375127+0800 ERROR SENT: M105
2025-04-11T11:29:08.375127+0800 ERROR write command M105
2025-04-11T11:29:08.375127+0800 ERROR second command M105
2025-04-11T11:29:08.375127+0800 ERROR finish command M105
2025-04-11T11:29:08.376127+0800 ERROR SENT: G250 S21
2025-04-11T11:29:08.376127+0800 ERROR write command G250 S21
2025-04-11T11:29:08.376127+0800 ERROR second command G250 S21
2025-04-11T11:29:08.376127+0800 ERROR finish command G250 S21
2025-04-11T11:29:08.376127+0800 ERROR SENT: G250 S800
2025-04-11T11:29:08.376590+0800 ERROR write command G250 S800
2025-04-11T11:29:08.376590+0800 ERROR second command G250 S800
2025-04-11T11:29:08.376590+0800 ERROR finish command G250 S800
2025-04-11T11:29:08.396101+0800 ERROR SENT: M154 S1
2025-04-11T11:29:08.397101+0800 ERROR write command M154 S1
2025-04-11T11:29:08.397101+0800 ERROR second command M154 S1
2025-04-11T11:29:08.397101+0800 ERROR finish command M154 S1
2025-04-11T11:29:12.392591+0800 ERROR SENT: M105
2025-04-11T11:29:12.392591+0800 ERROR write command M105
2025-04-11T11:29:12.393591+0800 ERROR second command M105
2025-04-11T11:29:12.393591+0800 ERROR finish command M105
2025-04-11T11:29:12.393591+0800 ERROR SENT: G250 S21
2025-04-11T11:29:12.393591+0800 ERROR write command G250 S21
2025-04-11T11:29:12.394591+0800 ERROR second command G250 S21
2025-04-11T11:29:12.394591+0800 ERROR finish command G250 S21
2025-04-11T11:29:12.394591+0800 ERROR SENT: G250 S800
2025-04-11T11:29:12.394591+0800 ERROR write command G250 S800
2025-04-11T11:29:12.394591+0800 ERROR second command G250 S800
2025-04-11T11:29:12.394591+0800 ERROR finish command G250 S800
2025-04-11T11:29:12.395591+0800 ERROR SENT: M154 S1
2025-04-11T11:29:12.395591+0800 ERROR write command M154 S1
2025-04-11T11:29:12.395591+0800 ERROR second command M154 S1
2025-04-11T11:29:12.396591+0800 ERROR finish command M154 S1
2025-04-11T11:29:16.347312+0800 ERROR SENT: M105
2025-04-11T11:29:16.347312+0800 ERROR write command M105
2025-04-11T11:29:16.348307+0800 ERROR second command M105
2025-04-11T11:29:16.348307+0800 ERROR finish command M105
2025-04-11T11:29:16.348307+0800 ERROR SENT: G250 S21
2025-04-11T11:29:16.348307+0800 ERROR write command G250 S21
2025-04-11T11:29:16.348307+0800 ERROR second command G250 S21
2025-04-11T11:29:16.349307+0800 ERROR finish command G250 S21
2025-04-11T11:29:16.349307+0800 ERROR SENT: G250 S800
2025-04-11T11:29:16.349307+0800 ERROR write command G250 S800
2025-04-11T11:29:16.349307+0800 ERROR second command G250 S800
2025-04-11T11:29:16.349307+0800 ERROR finish command G250 S800
2025-04-11T11:29:16.350307+0800 ERROR SENT: M154 S1
2025-04-11T11:29:16.350307+0800 ERROR write command M154 S1
2025-04-11T11:29:16.350307+0800 ERROR second command M154 S1
2025-04-11T11:29:16.350307+0800 ERROR finish command M154 S1
2025-04-11T11:29:20.465233+0800 ERROR SENT: M105
2025-04-11T11:29:20.465233+0800 ERROR write command M105
2025-04-11T11:29:20.466232+0800 ERROR second command M105
2025-04-11T11:29:20.466232+0800 ERROR finish command M105
2025-04-11T11:29:20.466232+0800 ERROR SENT: G250 S21
2025-04-11T11:29:20.466232+0800 ERROR write command G250 S21
2025-04-11T11:29:20.466232+0800 ERROR second command G250 S21
2025-04-11T11:29:20.466232+0800 ERROR finish command G250 S21
2025-04-11T11:29:20.467233+0800 ERROR SENT: G250 S800
2025-04-11T11:29:20.467233+0800 ERROR write command G250 S800
2025-04-11T11:29:20.467233+0800 ERROR second command G250 S800
2025-04-11T11:29:20.467233+0800 ERROR finish command G250 S800
2025-04-11T11:29:20.467233+0800 ERROR SENT: M154 S1
2025-04-11T11:29:20.467233+0800 ERROR write command M154 S1
2025-04-11T11:29:20.468233+0800 ERROR second command M154 S1
2025-04-11T11:29:20.468233+0800 ERROR finish command M154 S1
2025-04-11T11:29:24.311928+0800 ERROR SENT: M105
2025-04-11T11:29:24.312928+0800 ERROR write command M105
2025-04-11T11:29:24.312928+0800 ERROR second command M105
2025-04-11T11:29:24.312928+0800 ERROR finish command M105
2025-04-11T11:29:24.312928+0800 ERROR SENT: G250 S21
2025-04-11T11:29:24.313928+0800 ERROR write command G250 S21
2025-04-11T11:29:24.313928+0800 ERROR second command G250 S21
2025-04-11T11:29:24.313928+0800 ERROR finish command G250 S21
2025-04-11T11:29:24.313928+0800 ERROR SENT: G250 S800
2025-04-11T11:29:24.313928+0800 ERROR write command G250 S800
2025-04-11T11:29:24.313928+0800 ERROR second command G250 S800
2025-04-11T11:29:24.326929+0800 ERROR finish command G250 S800
2025-04-11T11:29:24.326929+0800 ERROR SENT: M154 S1
2025-04-11T11:29:24.326929+0800 ERROR write command M154 S1
2025-04-11T11:29:24.326929+0800 ERROR second command M154 S1
2025-04-11T11:29:24.326929+0800 ERROR finish command M154 S1
2025-04-11T11:29:28.237799+0800 ERROR SENT: M105
2025-04-11T11:29:28.237799+0800 ERROR write command M105
2025-04-11T11:29:28.237799+0800 ERROR second command M105
2025-04-11T11:29:28.238765+0800 ERROR finish command M105
2025-04-11T11:29:28.238765+0800 ERROR SENT: G250 S21
2025-04-11T11:29:28.238765+0800 ERROR write command G250 S21
2025-04-11T11:29:28.238765+0800 ERROR second command G250 S21
2025-04-11T11:29:28.238765+0800 ERROR finish command G250 S21
2025-04-11T11:29:28.239765+0800 ERROR SENT: G250 S800
2025-04-11T11:29:28.239765+0800 ERROR write command G250 S800
2025-04-11T11:29:28.239765+0800 ERROR second command G250 S800
2025-04-11T11:29:28.239765+0800 ERROR finish command G250 S800
2025-04-11T11:29:28.239765+0800 ERROR SENT: M154 S1
2025-04-11T11:29:28.239765+0800 ERROR write command M154 S1
2025-04-11T11:29:28.240764+0800 ERROR second command M154 S1
2025-04-11T11:29:28.240764+0800 ERROR finish command M154 S1
2025-04-11T11:29:32.313887+0800 ERROR SENT: M105
2025-04-11T11:29:32.314888+0800 ERROR write command M105
2025-04-11T11:29:32.314888+0800 ERROR second command M105
2025-04-11T11:29:32.314888+0800 ERROR finish command M105
2025-04-11T11:29:32.315887+0800 ERROR SENT: G250 S21
2025-04-11T11:29:32.315887+0800 ERROR write command G250 S21
2025-04-11T11:29:32.315887+0800 ERROR second command G250 S21
2025-04-11T11:29:32.315887+0800 ERROR finish command G250 S21
2025-04-11T11:29:32.315887+0800 ERROR SENT: G250 S800
2025-04-11T11:29:32.316887+0800 ERROR write command G250 S800
2025-04-11T11:29:32.316887+0800 ERROR second command G250 S800
2025-04-11T11:29:32.316887+0800 ERROR finish command G250 S800
2025-04-11T11:29:32.316887+0800 ERROR SENT: M154 S1
2025-04-11T11:29:32.316887+0800 ERROR write command M154 S1
2025-04-11T11:29:32.317887+0800 ERROR second command M154 S1
2025-04-11T11:29:32.317887+0800 ERROR finish command M154 S1
2025-04-11T11:29:36.238278+0800 ERROR SENT: M105
2025-04-11T11:29:36.238278+0800 ERROR write command M105
2025-04-11T11:29:36.238278+0800 ERROR second command M105
2025-04-11T11:29:36.239278+0800 ERROR finish command M105
2025-04-11T11:29:36.239278+0800 ERROR SENT: G250 S21
2025-04-11T11:29:36.239278+0800 ERROR write command G250 S21
2025-04-11T11:29:36.239278+0800 ERROR second command G250 S21
2025-04-11T11:29:36.239278+0800 ERROR finish command G250 S21
2025-04-11T11:29:36.239278+0800 ERROR SENT: G250 S800
2025-04-11T11:29:36.239278+0800 ERROR write command G250 S800
2025-04-11T11:29:36.240277+0800 ERROR second command G250 S800
2025-04-11T11:29:36.240277+0800 ERROR finish command G250 S800
2025-04-11T11:29:36.240277+0800 ERROR SENT: M154 S1
2025-04-11T11:29:36.240277+0800 ERROR write command M154 S1
2025-04-11T11:29:36.240277+0800 ERROR second command M154 S1
2025-04-11T11:29:36.240277+0800 ERROR finish command M154 S1
2025-04-11T11:29:40.252473+0800 ERROR SENT: M105
2025-04-11T11:29:40.252473+0800 ERROR write command M105
2025-04-11T11:29:40.252473+0800 ERROR second command M105
2025-04-11T11:29:40.253474+0800 ERROR finish command M105
2025-04-11T11:29:40.253474+0800 ERROR SENT: G250 S21
2025-04-11T11:29:40.253474+0800 ERROR write command G250 S21
2025-04-11T11:29:40.253474+0800 ERROR second command G250 S21
2025-04-11T11:29:40.253474+0800 ERROR finish command G250 S21
2025-04-11T11:29:40.253474+0800 ERROR SENT: G250 S800
2025-04-11T11:29:40.253474+0800 ERROR write command G250 S800
2025-04-11T11:29:40.253474+0800 ERROR second command G250 S800
2025-04-11T11:29:40.253474+0800 ERROR finish command G250 S800
2025-04-11T11:29:40.253474+0800 ERROR SENT: M154 S1
2025-04-11T11:29:40.254473+0800 ERROR write command M154 S1
2025-04-11T11:29:40.254473+0800 ERROR second command M154 S1
2025-04-11T11:29:40.254473+0800 ERROR finish command M154 S1
2025-04-11T11:29:44.271420+0800 ERROR SENT: M105
2025-04-11T11:29:44.271420+0800 ERROR write command M105
2025-04-11T11:29:44.271420+0800 ERROR second command M105
2025-04-11T11:29:44.272420+0800 ERROR finish command M105
2025-04-11T11:29:44.272420+0800 ERROR SENT: G250 S21
2025-04-11T11:29:44.272420+0800 ERROR write command G250 S21
2025-04-11T11:29:44.272420+0800 ERROR second command G250 S21
2025-04-11T11:29:44.272420+0800 ERROR finish command G250 S21
2025-04-11T11:29:44.273420+0800 ERROR SENT: G250 S800
2025-04-11T11:29:44.273420+0800 ERROR write command G250 S800
2025-04-11T11:29:44.273420+0800 ERROR second command G250 S800
2025-04-11T11:29:44.273420+0800 ERROR finish command G250 S800
2025-04-11T11:29:44.273420+0800 ERROR SENT: M154 S1
2025-04-11T11:29:44.274420+0800 ERROR write command M154 S1
2025-04-11T11:29:44.274420+0800 ERROR second command M154 S1
2025-04-11T11:29:44.274420+0800 ERROR finish command M154 S1
2025-04-11T11:29:48.105866+0800 ERROR SENT: M105
2025-04-11T11:29:48.105866+0800 ERROR write command M105
2025-04-11T11:29:48.105866+0800 ERROR second command M105
2025-04-11T11:29:48.105866+0800 ERROR finish command M105
2025-04-11T11:29:48.106786+0800 ERROR SENT: G250 S21
2025-04-11T11:29:48.106786+0800 ERROR write command G250 S21
2025-04-11T11:29:48.106786+0800 ERROR second command G250 S21
2025-04-11T11:29:48.106786+0800 ERROR finish command G250 S21
2025-04-11T11:29:48.106786+0800 ERROR SENT: G250 S800
2025-04-11T11:29:48.106786+0800 ERROR write command G250 S800
2025-04-11T11:29:48.107786+0800 ERROR second command G250 S800
2025-04-11T11:29:48.107786+0800 ERROR finish command G250 S800
2025-04-11T11:29:48.107786+0800 ERROR SENT: M154 S1
2025-04-11T11:29:48.107786+0800 ERROR write command M154 S1
2025-04-11T11:29:48.107786+0800 ERROR second command M154 S1
2025-04-11T11:29:48.107786+0800 ERROR finish command M154 S1
2025-04-11T11:29:51.960017+0800 ERROR SENT: M105
2025-04-11T11:29:51.961018+0800 ERROR write command M105
2025-04-11T11:29:51.961018+0800 ERROR second command M105
2025-04-11T11:29:51.961018+0800 ERROR finish command M105
2025-04-11T11:29:51.961018+0800 ERROR SENT: G250 S21
2025-04-11T11:29:51.962018+0800 ERROR write command G250 S21
2025-04-11T11:29:51.962018+0800 ERROR second command G250 S21
2025-04-11T11:29:51.962018+0800 ERROR finish command G250 S21
2025-04-11T11:29:51.962018+0800 ERROR SENT: G250 S800
2025-04-11T11:29:51.962018+0800 ERROR write command G250 S800
2025-04-11T11:29:51.962018+0800 ERROR second command G250 S800
2025-04-11T11:29:51.962018+0800 ERROR finish command G250 S800
2025-04-11T11:29:51.964017+0800 ERROR SENT: M154 S1
2025-04-11T11:29:51.965019+0800 ERROR write command M154 S1
2025-04-11T11:29:51.965019+0800 ERROR second command M154 S1
2025-04-11T11:29:51.965019+0800 ERROR finish command M154 S1
2025-04-11T11:29:55.794066+0800 ERROR SENT: M105
2025-04-11T11:29:55.794066+0800 ERROR write command M105
2025-04-11T11:29:55.795067+0800 ERROR second command M105
2025-04-11T11:29:55.795067+0800 ERROR finish command M105
2025-04-11T11:29:55.795067+0800 ERROR SENT: G250 S21
2025-04-11T11:29:55.795067+0800 ERROR write command G250 S21
2025-04-11T11:29:55.795067+0800 ERROR second command G250 S21
2025-04-11T11:29:55.795067+0800 ERROR finish command G250 S21
2025-04-11T11:29:55.796066+0800 ERROR SENT: G250 S800
2025-04-11T11:29:55.796066+0800 ERROR write command G250 S800
2025-04-11T11:29:55.796066+0800 ERROR second command G250 S800
2025-04-11T11:29:55.796066+0800 ERROR finish command G250 S800
2025-04-11T11:29:55.796066+0800 ERROR SENT: M154 S1
2025-04-11T11:29:55.796066+0800 ERROR write command M154 S1
2025-04-11T11:29:55.796066+0800 ERROR second command M154 S1
2025-04-11T11:29:55.796066+0800 ERROR finish command M154 S1
2025-04-11T11:29:59.742154+0800 ERROR SENT: M105
2025-04-11T11:29:59.742154+0800 ERROR write command M105
2025-04-11T11:29:59.742154+0800 ERROR second command M105
2025-04-11T11:29:59.742154+0800 ERROR finish command M105
2025-04-11T11:29:59.743155+0800 ERROR SENT: G250 S21
2025-04-11T11:29:59.743155+0800 ERROR write command G250 S21
2025-04-11T11:29:59.743155+0800 ERROR second command G250 S21
2025-04-11T11:29:59.743155+0800 ERROR finish command G250 S21
2025-04-11T11:29:59.743155+0800 ERROR SENT: G250 S800
2025-04-11T11:29:59.743155+0800 ERROR write command G250 S800
2025-04-11T11:29:59.743155+0800 ERROR second command G250 S800
2025-04-11T11:29:59.744155+0800 ERROR finish command G250 S800
2025-04-11T11:29:59.744155+0800 ERROR SENT: M154 S1
2025-04-11T11:29:59.744155+0800 ERROR write command M154 S1
2025-04-11T11:29:59.744155+0800 ERROR second command M154 S1
2025-04-11T11:29:59.744155+0800 ERROR finish command M154 S1
2025-04-11T11:30:03.675613+0800 ERROR SENT: M105
2025-04-11T11:30:03.675613+0800 ERROR write command M105
2025-04-11T11:30:03.676615+0800 ERROR second command M105
2025-04-11T11:30:03.676615+0800 ERROR finish command M105
2025-04-11T11:30:03.676615+0800 ERROR SENT: G250 S21
2025-04-11T11:30:03.677614+0800 ERROR write command G250 S21
2025-04-11T11:30:03.677614+0800 ERROR second command G250 S21
2025-04-11T11:30:03.677614+0800 ERROR finish command G250 S21
2025-04-11T11:30:03.677614+0800 ERROR SENT: G250 S800
2025-04-11T11:30:03.677614+0800 ERROR write command G250 S800
2025-04-11T11:30:03.678614+0800 ERROR second command G250 S800
2025-04-11T11:30:03.678614+0800 ERROR finish command G250 S800
2025-04-11T11:30:03.678614+0800 ERROR SENT: M154 S1
2025-04-11T11:30:03.678614+0800 ERROR write command M154 S1
2025-04-11T11:30:03.678614+0800 ERROR second command M154 S1
2025-04-11T11:30:03.679614+0800 ERROR finish command M154 S1
2025-04-11T11:30:07.640279+0800 ERROR SENT: M105
2025-04-11T11:30:07.641280+0800 ERROR write command M105
2025-04-11T11:30:07.641280+0800 ERROR second command M105
2025-04-11T11:30:07.642280+0800 ERROR finish command M105
2025-04-11T11:30:07.642280+0800 ERROR SENT: G250 S21
2025-04-11T11:30:07.642280+0800 ERROR write command G250 S21
2025-04-11T11:30:07.642280+0800 ERROR second command G250 S21
2025-04-11T11:30:07.642280+0800 ERROR finish command G250 S21
2025-04-11T11:30:07.642280+0800 ERROR SENT: G250 S800
2025-04-11T11:30:07.643279+0800 ERROR write command G250 S800
2025-04-11T11:30:07.643279+0800 ERROR second command G250 S800
2025-04-11T11:30:07.643279+0800 ERROR finish command G250 S800
2025-04-11T11:30:07.643279+0800 ERROR SENT: M154 S1
2025-04-11T11:30:07.645279+0800 ERROR write command M154 S1
2025-04-11T11:30:07.645279+0800 ERROR second command M154 S1
2025-04-11T11:30:07.645279+0800 ERROR finish command M154 S1
2025-04-11T11:30:11.576377+0800 ERROR SENT: M105
2025-04-11T11:30:11.576377+0800 ERROR write command M105
2025-04-11T11:30:11.576377+0800 ERROR second command M105
2025-04-11T11:30:11.577368+0800 ERROR finish command M105
2025-04-11T11:30:11.577368+0800 ERROR SENT: G250 S21
2025-04-11T11:30:11.577368+0800 ERROR write command G250 S21
2025-04-11T11:30:11.577368+0800 ERROR second command G250 S21
2025-04-11T11:30:11.577368+0800 ERROR finish command G250 S21
2025-04-11T11:30:11.577368+0800 ERROR SENT: G250 S800
2025-04-11T11:30:11.578367+0800 ERROR write command G250 S800
2025-04-11T11:30:11.578367+0800 ERROR second command G250 S800
2025-04-11T11:30:11.578367+0800 ERROR finish command G250 S800
2025-04-11T11:30:11.578367+0800 ERROR SENT: M154 S1
2025-04-11T11:30:11.578367+0800 ERROR write command M154 S1
2025-04-11T11:30:11.578367+0800 ERROR second command M154 S1
2025-04-11T11:30:11.578367+0800 ERROR finish command M154 S1
2025-04-11T11:30:15.515822+0800 ERROR SENT: M105
2025-04-11T11:30:15.515822+0800 ERROR write command M105
2025-04-11T11:30:15.515822+0800 ERROR second command M105
2025-04-11T11:30:15.515822+0800 ERROR finish command M105
2025-04-11T11:30:15.515822+0800 ERROR SENT: G250 S21
2025-04-11T11:30:15.515822+0800 ERROR write command G250 S21
2025-04-11T11:30:15.516824+0800 ERROR second command G250 S21
2025-04-11T11:30:15.516824+0800 ERROR finish command G250 S21
2025-04-11T11:30:15.516824+0800 ERROR SENT: G250 S800
2025-04-11T11:30:15.516824+0800 ERROR write command G250 S800
2025-04-11T11:30:15.516824+0800 ERROR second command G250 S800
2025-04-11T11:30:15.516824+0800 ERROR finish command G250 S800
2025-04-11T11:30:15.516824+0800 ERROR SENT: M154 S1
2025-04-11T11:30:15.516824+0800 ERROR write command M154 S1
2025-04-11T11:30:15.516824+0800 ERROR second command M154 S1
2025-04-11T11:30:15.517823+0800 ERROR finish command M154 S1
2025-04-11T11:30:19.396867+0800 ERROR SENT: M105
2025-04-11T11:30:19.396867+0800 ERROR write command M105
2025-04-11T11:30:19.396867+0800 ERROR second command M105
2025-04-11T11:30:19.397867+0800 ERROR finish command M105
2025-04-11T11:30:19.397867+0800 ERROR SENT: G250 S21
2025-04-11T11:30:19.397867+0800 ERROR write command G250 S21
2025-04-11T11:30:19.397867+0800 ERROR second command G250 S21
2025-04-11T11:30:19.398867+0800 ERROR finish command G250 S21
2025-04-11T11:30:19.398867+0800 ERROR SENT: G250 S800
2025-04-11T11:30:19.398867+0800 ERROR write command G250 S800
2025-04-11T11:30:19.398867+0800 ERROR second command G250 S800
2025-04-11T11:30:19.398867+0800 ERROR finish command G250 S800
2025-04-11T11:30:19.398867+0800 ERROR SENT: M154 S1
2025-04-11T11:30:19.399867+0800 ERROR write command M154 S1
2025-04-11T11:30:19.400867+0800 ERROR second command M154 S1
2025-04-11T11:30:19.400867+0800 ERROR finish command M154 S1
2025-04-11T11:30:23.348887+0800 ERROR SENT: M105
2025-04-11T11:30:23.348887+0800 ERROR write command M105
2025-04-11T11:30:23.348887+0800 ERROR second command M105
2025-04-11T11:30:23.349882+0800 ERROR finish command M105
2025-04-11T11:30:23.349882+0800 ERROR SENT: G250 S21
2025-04-11T11:30:23.349882+0800 ERROR write command G250 S21
2025-04-11T11:30:23.350882+0800 ERROR second command G250 S21
2025-04-11T11:30:23.350882+0800 ERROR finish command G250 S21
2025-04-11T11:30:23.350882+0800 ERROR SENT: G250 S800
2025-04-11T11:30:23.350882+0800 ERROR write command G250 S800
2025-04-11T11:30:23.350882+0800 ERROR second command G250 S800
2025-04-11T11:30:23.350882+0800 ERROR finish command G250 S800
2025-04-11T11:30:23.351882+0800 ERROR SENT: M154 S1
2025-04-11T11:30:23.351882+0800 ERROR write command M154 S1
2025-04-11T11:30:23.351882+0800 ERROR second command M154 S1
2025-04-11T11:30:23.351882+0800 ERROR finish command M154 S1
2025-04-11T11:30:27.252868+0800 ERROR SENT: M105
2025-04-11T11:30:27.255868+0800 ERROR write command M105
2025-04-11T11:30:27.255868+0800 ERROR second command M105
2025-04-11T11:30:27.255868+0800 ERROR finish command M105
2025-04-11T11:30:27.256867+0800 ERROR SENT: G250 S21
2025-04-11T11:30:27.256867+0800 ERROR write command G250 S21
2025-04-11T11:30:27.256867+0800 ERROR second command G250 S21
2025-04-11T11:30:27.256867+0800 ERROR finish command G250 S21
2025-04-11T11:30:27.256867+0800 ERROR SENT: G250 S800
2025-04-11T11:30:27.257867+0800 ERROR write command G250 S800
2025-04-11T11:30:27.257867+0800 ERROR second command G250 S800
2025-04-11T11:30:27.257867+0800 ERROR finish command G250 S800
2025-04-11T11:30:27.292868+0800 ERROR SENT: M154 S1
2025-04-11T11:30:27.292868+0800 ERROR write command M154 S1
2025-04-11T11:30:27.292868+0800 ERROR second command M154 S1
2025-04-11T11:30:27.292868+0800 ERROR finish command M154 S1
2025-04-11T11:30:31.200618+0800 ERROR SENT: M105
2025-04-11T11:30:31.200618+0800 ERROR write command M105
2025-04-11T11:30:31.200618+0800 ERROR second command M105
2025-04-11T11:30:31.200618+0800 ERROR finish command M105
2025-04-11T11:30:31.200618+0800 ERROR SENT: G250 S21
2025-04-11T11:30:31.200618+0800 ERROR write command G250 S21
2025-04-11T11:30:31.201622+0800 ERROR second command G250 S21
2025-04-11T11:30:31.201622+0800 ERROR finish command G250 S21
2025-04-11T11:30:31.201622+0800 ERROR SENT: G250 S800
2025-04-11T11:30:31.201622+0800 ERROR write command G250 S800
2025-04-11T11:30:31.201622+0800 ERROR second command G250 S800
2025-04-11T11:30:31.201622+0800 ERROR finish command G250 S800
2025-04-11T11:30:31.201622+0800 ERROR SENT: M154 S1
2025-04-11T11:30:31.202618+0800 ERROR write command M154 S1
2025-04-11T11:30:31.202618+0800 ERROR second command M154 S1
2025-04-11T11:30:31.202618+0800 ERROR finish command M154 S1
2025-04-11T11:30:35.024048+0800 ERROR SENT: M105
2025-04-11T11:30:35.024048+0800 ERROR write command M105
2025-04-11T11:30:35.024048+0800 ERROR second command M105
2025-04-11T11:30:35.024048+0800 ERROR finish command M105
2025-04-11T11:30:35.025047+0800 ERROR SENT: G250 S21
2025-04-11T11:30:35.025047+0800 ERROR write command G250 S21
2025-04-11T11:30:35.025047+0800 ERROR second command G250 S21
2025-04-11T11:30:35.025047+0800 ERROR finish command G250 S21
2025-04-11T11:30:35.025047+0800 ERROR SENT: G250 S800
2025-04-11T11:30:35.025047+0800 ERROR write command G250 S800
2025-04-11T11:30:35.026045+0800 ERROR second command G250 S800
2025-04-11T11:30:35.026045+0800 ERROR finish command G250 S800
2025-04-11T11:30:35.026045+0800 ERROR SENT: M154 S1
2025-04-11T11:30:35.026045+0800 ERROR write command M154 S1
2025-04-11T11:30:35.026045+0800 ERROR second command M154 S1
2025-04-11T11:30:35.026045+0800 ERROR finish command M154 S1
2025-04-11T11:30:39.057491+0800 ERROR SENT: M105
2025-04-11T11:30:39.057491+0800 ERROR write command M105
2025-04-11T11:30:39.057491+0800 ERROR second command M105
2025-04-11T11:30:39.058417+0800 ERROR finish command M105
2025-04-11T11:30:39.058417+0800 ERROR SENT: G250 S21
2025-04-11T11:30:39.058417+0800 ERROR write command G250 S21
2025-04-11T11:30:39.058417+0800 ERROR second command G250 S21
2025-04-11T11:30:39.058417+0800 ERROR finish command G250 S21
2025-04-11T11:30:39.058417+0800 ERROR SENT: G250 S800
2025-04-11T11:30:39.058417+0800 ERROR write command G250 S800
2025-04-11T11:30:39.058417+0800 ERROR second command G250 S800
2025-04-11T11:30:39.058417+0800 ERROR finish command G250 S800
2025-04-11T11:30:39.058417+0800 ERROR SENT: M154 S1
2025-04-11T11:30:39.059418+0800 ERROR write command M154 S1
2025-04-11T11:30:39.059418+0800 ERROR second command M154 S1
2025-04-11T11:30:39.059418+0800 ERROR finish command M154 S1
2025-04-11T11:30:43.096473+0800 ERROR SENT: M105
2025-04-11T11:30:43.096473+0800 ERROR write command M105
2025-04-11T11:30:43.097474+0800 ERROR second command M105
2025-04-11T11:30:43.097474+0800 ERROR finish command M105
2025-04-11T11:30:43.097474+0800 ERROR SENT: G250 S21
2025-04-11T11:30:43.097474+0800 ERROR write command G250 S21
2025-04-11T11:30:43.097474+0800 ERROR second command G250 S21
2025-04-11T11:30:43.098475+0800 ERROR finish command G250 S21
2025-04-11T11:30:43.098475+0800 ERROR SENT: G250 S800
2025-04-11T11:30:43.098475+0800 ERROR write command G250 S800
2025-04-11T11:30:43.098475+0800 ERROR second command G250 S800
2025-04-11T11:30:43.098475+0800 ERROR finish command G250 S800
2025-04-11T11:30:43.098475+0800 ERROR SENT: M154 S1
2025-04-11T11:30:43.098475+0800 ERROR write command M154 S1
2025-04-11T11:30:43.099475+0800 ERROR second command M154 S1
2025-04-11T11:30:43.099475+0800 ERROR finish command M154 S1
2025-04-11T11:30:47.156729+0800 ERROR SENT: M105
2025-04-11T11:30:47.156729+0800 ERROR write command M105
2025-04-11T11:30:47.157730+0800 ERROR second command M105
2025-04-11T11:30:47.157730+0800 ERROR finish command M105
2025-04-11T11:30:47.157730+0800 ERROR SENT: G250 S21
2025-04-11T11:30:47.157730+0800 ERROR write command G250 S21
2025-04-11T11:30:47.157730+0800 ERROR second command G250 S21
2025-04-11T11:30:47.158730+0800 ERROR finish command G250 S21
2025-04-11T11:30:47.158730+0800 ERROR SENT: G250 S800
2025-04-11T11:30:47.158730+0800 ERROR write command G250 S800
2025-04-11T11:30:47.158730+0800 ERROR second command G250 S800
2025-04-11T11:30:47.159730+0800 ERROR finish command G250 S800
2025-04-11T11:30:47.159730+0800 ERROR SENT: M154 S1
2025-04-11T11:30:47.159730+0800 ERROR write command M154 S1
2025-04-11T11:30:47.159730+0800 ERROR second command M154 S1
2025-04-11T11:30:47.159730+0800 ERROR finish command M154 S1
2025-04-11T11:30:51.078303+0800 ERROR SENT: M105
2025-04-11T11:30:51.078303+0800 ERROR write command M105
2025-04-11T11:30:51.079303+0800 ERROR second command M105
2025-04-11T11:30:51.079303+0800 ERROR finish command M105
2025-04-11T11:30:51.079303+0800 ERROR SENT: G250 S21
2025-04-11T11:30:51.079303+0800 ERROR write command G250 S21
2025-04-11T11:30:51.079303+0800 ERROR second command G250 S21
2025-04-11T11:30:51.079303+0800 ERROR finish command G250 S21
2025-04-11T11:30:51.079303+0800 ERROR SENT: G250 S800
2025-04-11T11:30:51.080303+0800 ERROR write command G250 S800
2025-04-11T11:30:51.080303+0800 ERROR second command G250 S800
2025-04-11T11:30:51.080303+0800 ERROR finish command G250 S800
2025-04-11T11:30:51.081303+0800 ERROR SENT: M154 S1
2025-04-11T11:30:51.081303+0800 ERROR write command M154 S1
2025-04-11T11:30:51.081303+0800 ERROR second command M154 S1
2025-04-11T11:30:51.082302+0800 ERROR finish command M154 S1
2025-04-11T11:30:54.923180+0800 ERROR SENT: M105
2025-04-11T11:30:54.923180+0800 ERROR write command M105
2025-04-11T11:30:54.923180+0800 ERROR second command M105
2025-04-11T11:30:54.923180+0800 ERROR finish command M105
2025-04-11T11:30:54.924180+0800 ERROR SENT: G250 S21
2025-04-11T11:30:54.924180+0800 ERROR write command G250 S21
2025-04-11T11:30:54.924180+0800 ERROR second command G250 S21
2025-04-11T11:30:54.924180+0800 ERROR finish command G250 S21
2025-04-11T11:30:54.924180+0800 ERROR SENT: G250 S800
2025-04-11T11:30:54.924180+0800 ERROR write command G250 S800
2025-04-11T11:30:54.924180+0800 ERROR second command G250 S800
2025-04-11T11:30:54.924180+0800 ERROR finish command G250 S800
2025-04-11T11:30:54.925180+0800 ERROR SENT: M154 S1
2025-04-11T11:30:54.925180+0800 ERROR write command M154 S1
2025-04-11T11:30:54.925180+0800 ERROR second command M154 S1
2025-04-11T11:30:54.925180+0800 ERROR finish command M154 S1
2025-04-11T11:30:58.815401+0800 ERROR SENT: M105
2025-04-11T11:30:58.815401+0800 ERROR write command M105
2025-04-11T11:30:58.816401+0800 ERROR second command M105
2025-04-11T11:30:58.816401+0800 ERROR finish command M105
2025-04-11T11:30:58.817401+0800 ERROR SENT: G250 S21
2025-04-11T11:30:58.817401+0800 ERROR write command G250 S21
2025-04-11T11:30:58.818401+0800 ERROR second command G250 S21
2025-04-11T11:30:58.818401+0800 ERROR finish command G250 S21
2025-04-11T11:30:58.818401+0800 ERROR SENT: G250 S800
2025-04-11T11:30:58.818401+0800 ERROR write command G250 S800
2025-04-11T11:30:58.818401+0800 ERROR second command G250 S800
2025-04-11T11:30:58.818401+0800 ERROR finish command G250 S800
2025-04-11T11:30:58.818401+0800 ERROR SENT: M154 S1
2025-04-11T11:30:58.819401+0800 ERROR write command M154 S1
2025-04-11T11:30:58.819401+0800 ERROR second command M154 S1
2025-04-11T11:30:58.819401+0800 ERROR finish command M154 S1
2025-04-11T11:31:02.757505+0800 ERROR SENT: M105
2025-04-11T11:31:02.758505+0800 ERROR write command M105
2025-04-11T11:31:02.758505+0800 ERROR second command M105
2025-04-11T11:31:02.758505+0800 ERROR finish command M105
2025-04-11T11:31:02.759506+0800 ERROR SENT: G250 S21
2025-04-11T11:31:02.759506+0800 ERROR write command G250 S21
2025-04-11T11:31:02.759506+0800 ERROR second command G250 S21
2025-04-11T11:31:02.759506+0800 ERROR finish command G250 S21
2025-04-11T11:31:02.759506+0800 ERROR SENT: G250 S800
2025-04-11T11:31:02.760505+0800 ERROR write command G250 S800
2025-04-11T11:31:02.760505+0800 ERROR second command G250 S800
2025-04-11T11:31:02.760505+0800 ERROR finish command G250 S800
2025-04-11T11:31:02.760505+0800 ERROR SENT: M154 S1
2025-04-11T11:31:02.760505+0800 ERROR write command M154 S1
2025-04-11T11:31:02.760505+0800 ERROR second command M154 S1
2025-04-11T11:31:02.760505+0800 ERROR finish command M154 S1
2025-04-11T11:31:06.593671+0800 ERROR SENT: M105
2025-04-11T11:31:06.593671+0800 ERROR write command M105
2025-04-11T11:31:06.593671+0800 ERROR second command M105
2025-04-11T11:31:06.594671+0800 ERROR finish command M105
2025-04-11T11:31:06.594671+0800 ERROR SENT: G250 S21
2025-04-11T11:31:06.594671+0800 ERROR write command G250 S21
2025-04-11T11:31:06.594671+0800 ERROR second command G250 S21
2025-04-11T11:31:06.594671+0800 ERROR finish command G250 S21
2025-04-11T11:31:06.594671+0800 ERROR SENT: G250 S800
2025-04-11T11:31:06.595671+0800 ERROR write command G250 S800
2025-04-11T11:31:06.595671+0800 ERROR second command G250 S800
2025-04-11T11:31:06.595671+0800 ERROR finish command G250 S800
2025-04-11T11:31:06.595671+0800 ERROR SENT: M154 S1
2025-04-11T11:31:06.595671+0800 ERROR write command M154 S1
2025-04-11T11:31:06.595671+0800 ERROR second command M154 S1
2025-04-11T11:31:06.595671+0800 ERROR finish command M154 S1
2025-04-11T11:31:10.508832+0800 ERROR SENT: M105
2025-04-11T11:31:10.508832+0800 ERROR write command M105
2025-04-11T11:31:10.508832+0800 ERROR second command M105
2025-04-11T11:31:10.509833+0800 ERROR finish command M105
2025-04-11T11:31:10.509833+0800 ERROR SENT: G250 S21
2025-04-11T11:31:10.509833+0800 ERROR write command G250 S21
2025-04-11T11:31:10.509833+0800 ERROR second command G250 S21
2025-04-11T11:31:10.509833+0800 ERROR finish command G250 S21
2025-04-11T11:31:10.510833+0800 ERROR SENT: G250 S800
2025-04-11T11:31:10.510833+0800 ERROR write command G250 S800
2025-04-11T11:31:10.510833+0800 ERROR second command G250 S800
2025-04-11T11:31:10.510833+0800 ERROR finish command G250 S800
2025-04-11T11:31:10.510833+0800 ERROR SENT: M154 S1
2025-04-11T11:31:10.511833+0800 ERROR write command M154 S1
2025-04-11T11:31:10.511833+0800 ERROR second command M154 S1
2025-04-11T11:31:10.511833+0800 ERROR finish command M154 S1
2025-04-11T11:31:14.352859+0800 ERROR SENT: M105
2025-04-11T11:31:14.352859+0800 ERROR write command M105
2025-04-11T11:31:14.352859+0800 ERROR second command M105
2025-04-11T11:31:14.352859+0800 ERROR finish command M105
2025-04-11T11:31:14.353792+0800 ERROR SENT: G250 S21
2025-04-11T11:31:14.353792+0800 ERROR write command G250 S21
2025-04-11T11:31:14.353792+0800 ERROR second command G250 S21
2025-04-11T11:31:14.353792+0800 ERROR finish command G250 S21
2025-04-11T11:31:14.353792+0800 ERROR SENT: G250 S800
2025-04-11T11:31:14.353792+0800 ERROR write command G250 S800
2025-04-11T11:31:14.353792+0800 ERROR second command G250 S800
2025-04-11T11:31:14.353792+0800 ERROR finish command G250 S800
2025-04-11T11:31:14.354789+0800 ERROR SENT: M154 S1
2025-04-11T11:31:14.354789+0800 ERROR write command M154 S1
2025-04-11T11:31:14.354789+0800 ERROR second command M154 S1
2025-04-11T11:31:14.354789+0800 ERROR finish command M154 S1
2025-04-11T11:31:18.230000+0800 ERROR SENT: M105
2025-04-11T11:31:18.230000+0800 ERROR write command M105
2025-04-11T11:31:18.231001+0800 ERROR second command M105
2025-04-11T11:31:18.231001+0800 ERROR finish command M105
2025-04-11T11:31:18.231001+0800 ERROR SENT: G250 S21
2025-04-11T11:31:18.231001+0800 ERROR write command G250 S21
2025-04-11T11:31:18.231001+0800 ERROR second command G250 S21
2025-04-11T11:31:18.231001+0800 ERROR finish command G250 S21
2025-04-11T11:31:18.231001+0800 ERROR SENT: G250 S800
2025-04-11T11:31:18.231001+0800 ERROR write command G250 S800
2025-04-11T11:31:18.231001+0800 ERROR second command G250 S800
2025-04-11T11:31:18.231001+0800 ERROR finish command G250 S800
2025-04-11T11:31:18.231001+0800 ERROR SENT: M154 S1
2025-04-11T11:31:18.232001+0800 ERROR write command M154 S1
2025-04-11T11:31:18.232001+0800 ERROR second command M154 S1
2025-04-11T11:31:18.232001+0800 ERROR finish command M154 S1
2025-04-11T11:31:22.091927+0800 ERROR SENT: M105
2025-04-11T11:31:22.093927+0800 ERROR write command M105
2025-04-11T11:31:22.093927+0800 ERROR second command M105
2025-04-11T11:31:22.093927+0800 ERROR finish command M105
2025-04-11T11:31:22.093927+0800 ERROR SENT: G250 S21
2025-04-11T11:31:22.093927+0800 ERROR write command G250 S21
2025-04-11T11:31:22.093927+0800 ERROR second command G250 S21
2025-04-11T11:31:22.093927+0800 ERROR finish command G250 S21
2025-04-11T11:31:22.094926+0800 ERROR SENT: G250 S800
2025-04-11T11:31:22.094926+0800 ERROR write command G250 S800
2025-04-11T11:31:22.094926+0800 ERROR second command G250 S800
2025-04-11T11:31:22.094926+0800 ERROR finish command G250 S800
2025-04-11T11:31:22.096927+0800 ERROR SENT: M154 S1
2025-04-11T11:31:22.096927+0800 ERROR write command M154 S1
2025-04-11T11:31:22.096927+0800 ERROR second command M154 S1
2025-04-11T11:31:22.097927+0800 ERROR finish command M154 S1
2025-04-11T11:31:26.065893+0800 ERROR SENT: M105
2025-04-11T11:31:26.066894+0800 ERROR write command M105
2025-04-11T11:31:26.066894+0800 ERROR second command M105
2025-04-11T11:31:26.066894+0800 ERROR finish command M105
2025-04-11T11:31:26.066894+0800 ERROR SENT: G250 S21
2025-04-11T11:31:26.067894+0800 ERROR write command G250 S21
2025-04-11T11:31:26.067894+0800 ERROR second command G250 S21
2025-04-11T11:31:26.067894+0800 ERROR finish command G250 S21
2025-04-11T11:31:26.067894+0800 ERROR SENT: G250 S800
2025-04-11T11:31:26.067894+0800 ERROR write command G250 S800
2025-04-11T11:31:26.068893+0800 ERROR second command G250 S800
2025-04-11T11:31:26.068893+0800 ERROR finish command G250 S800
2025-04-11T11:31:26.068893+0800 ERROR SENT: M154 S1
2025-04-11T11:31:26.068893+0800 ERROR write command M154 S1
2025-04-11T11:31:26.068893+0800 ERROR second command M154 S1
2025-04-11T11:31:26.068893+0800 ERROR finish command M154 S1
2025-04-11T11:31:30.040451+0800 ERROR SENT: M105
2025-04-11T11:31:30.040451+0800 ERROR write command M105
2025-04-11T11:31:30.040451+0800 ERROR second command M105
2025-04-11T11:31:30.040451+0800 ERROR finish command M105
2025-04-11T11:31:30.041450+0800 ERROR SENT: G250 S21
2025-04-11T11:31:30.041450+0800 ERROR write command G250 S21
2025-04-11T11:31:30.041450+0800 ERROR second command G250 S21
2025-04-11T11:31:30.041450+0800 ERROR finish command G250 S21
2025-04-11T11:31:30.041450+0800 ERROR SENT: G250 S800
2025-04-11T11:31:30.041450+0800 ERROR write command G250 S800
2025-04-11T11:31:30.041450+0800 ERROR second command G250 S800
2025-04-11T11:31:30.042450+0800 ERROR finish command G250 S800
2025-04-11T11:31:30.119450+0800 ERROR SENT: M154 S1
2025-04-11T11:31:30.119450+0800 ERROR write command M154 S1
2025-04-11T11:31:30.119450+0800 ERROR second command M154 S1
2025-04-11T11:31:30.119450+0800 ERROR finish command M154 S1
2025-04-11T11:31:33.968255+0800 ERROR SENT: M105
2025-04-11T11:31:33.968255+0800 ERROR write command M105
2025-04-11T11:31:33.969256+0800 ERROR second command M105
2025-04-11T11:31:33.969256+0800 ERROR finish command M105
2025-04-11T11:31:33.969256+0800 ERROR SENT: G250 S21
2025-04-11T11:31:33.969256+0800 ERROR write command G250 S21
2025-04-11T11:31:33.969256+0800 ERROR second command G250 S21
2025-04-11T11:31:33.969256+0800 ERROR finish command G250 S21
2025-04-11T11:31:33.970256+0800 ERROR SENT: G250 S800
2025-04-11T11:31:33.970256+0800 ERROR write command G250 S800
2025-04-11T11:31:33.970256+0800 ERROR second command G250 S800
2025-04-11T11:31:33.970256+0800 ERROR finish command G250 S800
2025-04-11T11:31:33.970256+0800 ERROR SENT: M154 S1
2025-04-11T11:31:33.970256+0800 ERROR write command M154 S1
2025-04-11T11:31:33.971255+0800 ERROR second command M154 S1
2025-04-11T11:31:33.971255+0800 ERROR finish command M154 S1
2025-04-11T11:31:37.882508+0800 ERROR SENT: M105
2025-04-11T11:31:37.882508+0800 ERROR write command M105
2025-04-11T11:31:37.882508+0800 ERROR second command M105
2025-04-11T11:31:37.883509+0800 ERROR finish command M105
2025-04-11T11:31:37.883509+0800 ERROR SENT: G250 S21
2025-04-11T11:31:37.883509+0800 ERROR write command G250 S21
2025-04-11T11:31:37.883509+0800 ERROR second command G250 S21
2025-04-11T11:31:37.883509+0800 ERROR finish command G250 S21
2025-04-11T11:31:37.883509+0800 ERROR SENT: G250 S800
2025-04-11T11:31:37.883509+0800 ERROR write command G250 S800
2025-04-11T11:31:37.884508+0800 ERROR second command G250 S800
2025-04-11T11:31:37.884508+0800 ERROR finish command G250 S800
2025-04-11T11:31:37.884508+0800 ERROR SENT: M154 S1
2025-04-11T11:31:37.884508+0800 ERROR write command M154 S1
2025-04-11T11:31:37.884508+0800 ERROR second command M154 S1
2025-04-11T11:31:37.884508+0800 ERROR finish command M154 S1
2025-04-11T11:31:41.773103+0800 ERROR SENT: M105
2025-04-11T11:31:41.773103+0800 ERROR write command M105
2025-04-11T11:31:41.774103+0800 ERROR second command M105
2025-04-11T11:31:41.774103+0800 ERROR finish command M105
2025-04-11T11:31:41.774103+0800 ERROR SENT: G250 S21
2025-04-11T11:31:41.774103+0800 ERROR write command G250 S21
2025-04-11T11:31:41.774103+0800 ERROR second command G250 S21
2025-04-11T11:31:41.775103+0800 ERROR finish command G250 S21
2025-04-11T11:31:41.775103+0800 ERROR SENT: G250 S800
2025-04-11T11:31:41.775103+0800 ERROR write command G250 S800
2025-04-11T11:31:41.775103+0800 ERROR second command G250 S800
2025-04-11T11:31:41.775103+0800 ERROR finish command G250 S800
2025-04-11T11:31:41.776103+0800 ERROR SENT: M154 S1
2025-04-11T11:31:41.776103+0800 ERROR write command M154 S1
2025-04-11T11:31:41.776103+0800 ERROR second command M154 S1
2025-04-11T11:31:41.776103+0800 ERROR finish command M154 S1
2025-04-11T11:31:45.614480+0800 ERROR SENT: M105
2025-04-11T11:31:45.614480+0800 ERROR write command M105
2025-04-11T11:31:45.614480+0800 ERROR second command M105
2025-04-11T11:31:45.615408+0800 ERROR finish command M105
2025-04-11T11:31:45.615408+0800 ERROR SENT: G250 S21
2025-04-11T11:31:45.615408+0800 ERROR write command G250 S21
2025-04-11T11:31:45.615408+0800 ERROR second command G250 S21
2025-04-11T11:31:45.615408+0800 ERROR finish command G250 S21
2025-04-11T11:31:45.615408+0800 ERROR SENT: G250 S800
2025-04-11T11:31:45.615408+0800 ERROR write command G250 S800
2025-04-11T11:31:45.615408+0800 ERROR second command G250 S800
2025-04-11T11:31:45.616408+0800 ERROR finish command G250 S800
2025-04-11T11:31:45.616408+0800 ERROR SENT: M154 S1
2025-04-11T11:31:45.616408+0800 ERROR write command M154 S1
2025-04-11T11:31:45.616408+0800 ERROR second command M154 S1
2025-04-11T11:31:45.616408+0800 ERROR finish command M154 S1
2025-04-11T11:31:49.417664+0800 ERROR SENT: M105
2025-04-11T11:31:49.417664+0800 ERROR write command M105
2025-04-11T11:31:49.417664+0800 ERROR second command M105
2025-04-11T11:31:49.418675+0800 ERROR finish command M105
2025-04-11T11:31:49.418675+0800 ERROR SENT: G250 S21
2025-04-11T11:31:49.418675+0800 ERROR write command G250 S21
2025-04-11T11:31:49.418675+0800 ERROR second command G250 S21
2025-04-11T11:31:49.418675+0800 ERROR finish command G250 S21
2025-04-11T11:31:49.418675+0800 ERROR SENT: G250 S800
2025-04-11T11:31:49.418675+0800 ERROR write command G250 S800
2025-04-11T11:31:49.418675+0800 ERROR second command G250 S800
2025-04-11T11:31:49.418675+0800 ERROR finish command G250 S800
2025-04-11T11:31:49.418675+0800 ERROR SENT: M154 S1
2025-04-11T11:31:49.419666+0800 ERROR write command M154 S1
2025-04-11T11:31:49.419666+0800 ERROR second command M154 S1
2025-04-11T11:31:49.419666+0800 ERROR finish command M154 S1
2025-04-11T11:31:53.264672+0800 ERROR SENT: M105
2025-04-11T11:31:53.264672+0800 ERROR write command M105
2025-04-11T11:31:53.264672+0800 ERROR second command M105
2025-04-11T11:31:53.264672+0800 ERROR finish command M105
2025-04-11T11:31:53.264672+0800 ERROR SENT: G250 S21
2025-04-11T11:31:53.264672+0800 ERROR write command G250 S21
2025-04-11T11:31:53.264672+0800 ERROR second command G250 S21
2025-04-11T11:31:53.265665+0800 ERROR finish command G250 S21
2025-04-11T11:31:53.265665+0800 ERROR SENT: G250 S800
2025-04-11T11:31:53.265665+0800 ERROR write command G250 S800
2025-04-11T11:31:53.265665+0800 ERROR second command G250 S800
2025-04-11T11:31:53.265665+0800 ERROR finish command G250 S800
2025-04-11T11:31:53.265665+0800 ERROR SENT: M154 S1
2025-04-11T11:31:53.265665+0800 ERROR write command M154 S1
2025-04-11T11:31:53.266747+0800 ERROR second command M154 S1
2025-04-11T11:31:53.266747+0800 ERROR finish command M154 S1
2025-04-11T11:31:57.082904+0800 ERROR SENT: M105
2025-04-11T11:31:57.082904+0800 ERROR write command M105
2025-04-11T11:31:57.082904+0800 ERROR second command M105
2025-04-11T11:31:57.083828+0800 ERROR finish command M105
2025-04-11T11:31:57.083828+0800 ERROR SENT: G250 S21
2025-04-11T11:31:57.083828+0800 ERROR write command G250 S21
2025-04-11T11:31:57.083828+0800 ERROR second command G250 S21
2025-04-11T11:31:57.083828+0800 ERROR finish command G250 S21
2025-04-11T11:31:57.083828+0800 ERROR SENT: G250 S800
2025-04-11T11:31:57.083828+0800 ERROR write command G250 S800
2025-04-11T11:31:57.083828+0800 ERROR second command G250 S800
2025-04-11T11:31:57.084887+0800 ERROR finish command G250 S800
2025-04-11T11:31:57.084887+0800 ERROR SENT: M154 S1
2025-04-11T11:31:57.084887+0800 ERROR write command M154 S1
2025-04-11T11:31:57.084887+0800 ERROR second command M154 S1
2025-04-11T11:31:57.084887+0800 ERROR finish command M154 S1
2025-04-11T11:32:00.893735+0800 ERROR SENT: M105
2025-04-11T11:32:00.893735+0800 ERROR write command M105
2025-04-11T11:32:00.893735+0800 ERROR second command M105
2025-04-11T11:32:00.893735+0800 ERROR finish command M105
2025-04-11T11:32:00.893735+0800 ERROR SENT: G250 S21
2025-04-11T11:32:00.894661+0800 ERROR write command G250 S21
2025-04-11T11:32:00.894661+0800 ERROR second command G250 S21
2025-04-11T11:32:00.894661+0800 ERROR finish command G250 S21
2025-04-11T11:32:00.894661+0800 ERROR SENT: G250 S800
2025-04-11T11:32:00.894661+0800 ERROR write command G250 S800
2025-04-11T11:32:00.894661+0800 ERROR second command G250 S800
2025-04-11T11:32:00.894661+0800 ERROR finish command G250 S800
2025-04-11T11:32:00.894661+0800 ERROR SENT: M154 S1
2025-04-11T11:32:00.894661+0800 ERROR write command M154 S1
2025-04-11T11:32:00.895661+0800 ERROR second command M154 S1
2025-04-11T11:32:00.895661+0800 ERROR finish command M154 S1
2025-04-11T11:32:04.730030+0800 ERROR SENT: M105
2025-04-11T11:32:04.730030+0800 ERROR write command M105
2025-04-11T11:32:04.730030+0800 ERROR second command M105
2025-04-11T11:32:04.730030+0800 ERROR finish command M105
2025-04-11T11:32:04.730030+0800 ERROR SENT: G250 S21
2025-04-11T11:32:04.731032+0800 ERROR write command G250 S21
2025-04-11T11:32:04.731032+0800 ERROR second command G250 S21
2025-04-11T11:32:04.731032+0800 ERROR finish command G250 S21
2025-04-11T11:32:04.731032+0800 ERROR SENT: G250 S800
2025-04-11T11:32:04.731032+0800 ERROR write command G250 S800
2025-04-11T11:32:04.731032+0800 ERROR second command G250 S800
2025-04-11T11:32:04.731032+0800 ERROR finish command G250 S800
2025-04-11T11:32:04.732031+0800 ERROR SENT: M154 S1
2025-04-11T11:32:04.732031+0800 ERROR write command M154 S1
2025-04-11T11:32:04.732031+0800 ERROR second command M154 S1
2025-04-11T11:32:04.732031+0800 ERROR finish command M154 S1
2025-04-11T11:32:08.565850+0800 ERROR SENT: M105
2025-04-11T11:32:08.565850+0800 ERROR write command M105
2025-04-11T11:32:08.565850+0800 ERROR second command M105
2025-04-11T11:32:08.565850+0800 ERROR finish command M105
2025-04-11T11:32:08.566774+0800 ERROR SENT: G250 S21
2025-04-11T11:32:08.566774+0800 ERROR write command G250 S21
2025-04-11T11:32:08.566774+0800 ERROR second command G250 S21
2025-04-11T11:32:08.566774+0800 ERROR finish command G250 S21
2025-04-11T11:32:08.566774+0800 ERROR SENT: G250 S800
2025-04-11T11:32:08.566774+0800 ERROR write command G250 S800
2025-04-11T11:32:08.566774+0800 ERROR second command G250 S800
2025-04-11T11:32:08.566774+0800 ERROR finish command G250 S800
2025-04-11T11:32:08.567775+0800 ERROR SENT: M154 S1
2025-04-11T11:32:08.567775+0800 ERROR write command M154 S1
2025-04-11T11:32:08.567775+0800 ERROR second command M154 S1
2025-04-11T11:32:08.567775+0800 ERROR finish command M154 S1
2025-04-11T11:32:12.379937+0800 ERROR SENT: M105
2025-04-11T11:32:12.379937+0800 ERROR write command M105
2025-04-11T11:32:12.380443+0800 ERROR second command M105
2025-04-11T11:32:12.380443+0800 ERROR finish command M105
2025-04-11T11:32:12.380443+0800 ERROR SENT: G250 S21
2025-04-11T11:32:12.380443+0800 ERROR write command G250 S21
2025-04-11T11:32:12.380443+0800 ERROR second command G250 S21
2025-04-11T11:32:12.380443+0800 ERROR finish command G250 S21
2025-04-11T11:32:12.380443+0800 ERROR SENT: G250 S800
2025-04-11T11:32:12.380443+0800 ERROR write command G250 S800
2025-04-11T11:32:12.381446+0800 ERROR second command G250 S800
2025-04-11T11:32:12.381446+0800 ERROR finish command G250 S800
2025-04-11T11:32:12.381446+0800 ERROR SENT: M154 S1
2025-04-11T11:32:12.381446+0800 ERROR write command M154 S1
2025-04-11T11:32:12.381446+0800 ERROR second command M154 S1
2025-04-11T11:32:12.381446+0800 ERROR finish command M154 S1
2025-04-11T11:32:16.359720+0800 ERROR SENT: M105
2025-04-11T11:32:16.360721+0800 ERROR write command M105
2025-04-11T11:32:16.360721+0800 ERROR second command M105
2025-04-11T11:32:16.360721+0800 ERROR finish command M105
2025-04-11T11:32:16.360721+0800 ERROR SENT: G250 S21
2025-04-11T11:32:16.360721+0800 ERROR write command G250 S21
2025-04-11T11:32:16.360721+0800 ERROR second command G250 S21
2025-04-11T11:32:16.360721+0800 ERROR finish command G250 S21
2025-04-11T11:32:16.360721+0800 ERROR SENT: G250 S800
2025-04-11T11:32:16.361720+0800 ERROR write command G250 S800
2025-04-11T11:32:16.361720+0800 ERROR second command G250 S800
2025-04-11T11:32:16.361720+0800 ERROR finish command G250 S800
2025-04-11T11:32:16.376721+0800 ERROR SENT: M154 S1
2025-04-11T11:32:16.376721+0800 ERROR write command M154 S1
2025-04-11T11:32:16.376721+0800 ERROR second command M154 S1
2025-04-11T11:32:16.376721+0800 ERROR finish command M154 S1
2025-04-11T11:32:20.251189+0800 ERROR SENT: M105
2025-04-11T11:32:20.251189+0800 ERROR write command M105
2025-04-11T11:32:20.251189+0800 ERROR second command M105
2025-04-11T11:32:20.251189+0800 ERROR finish command M105
2025-04-11T11:32:20.252191+0800 ERROR SENT: G250 S21
2025-04-11T11:32:20.252191+0800 ERROR write command G250 S21
2025-04-11T11:32:20.252191+0800 ERROR second command G250 S21
2025-04-11T11:32:20.252191+0800 ERROR finish command G250 S21
2025-04-11T11:32:20.252191+0800 ERROR SENT: G250 S800
2025-04-11T11:32:20.252191+0800 ERROR write command G250 S800
2025-04-11T11:32:20.253190+0800 ERROR second command G250 S800
2025-04-11T11:32:20.253190+0800 ERROR finish command G250 S800
2025-04-11T11:32:20.253190+0800 ERROR SENT: M154 S1
2025-04-11T11:32:20.253190+0800 ERROR write command M154 S1
2025-04-11T11:32:20.253190+0800 ERROR second command M154 S1
2025-04-11T11:32:20.254190+0800 ERROR finish command M154 S1
2025-04-11T11:32:24.094171+0800 ERROR SENT: M105
2025-04-11T11:32:24.094171+0800 ERROR write command M105
2025-04-11T11:32:24.094171+0800 ERROR second command M105
2025-04-11T11:32:24.094171+0800 ERROR finish command M105
2025-04-11T11:32:24.095093+0800 ERROR SENT: G250 S21
2025-04-11T11:32:24.095093+0800 ERROR write command G250 S21
2025-04-11T11:32:24.095093+0800 ERROR second command G250 S21
2025-04-11T11:32:24.095093+0800 ERROR finish command G250 S21
2025-04-11T11:32:24.095093+0800 ERROR SENT: G250 S800
2025-04-11T11:32:24.096092+0800 ERROR write command G250 S800
2025-04-11T11:32:24.096092+0800 ERROR second command G250 S800
2025-04-11T11:32:24.096092+0800 ERROR finish command G250 S800
2025-04-11T11:32:24.096092+0800 ERROR SENT: M154 S1
2025-04-11T11:32:24.096092+0800 ERROR write command M154 S1
2025-04-11T11:32:24.096092+0800 ERROR second command M154 S1
2025-04-11T11:32:24.096092+0800 ERROR finish command M154 S1
2025-04-11T11:32:27.924892+0800 ERROR SENT: M105
2025-04-11T11:32:27.924892+0800 ERROR write command M105
2025-04-11T11:32:27.924892+0800 ERROR second command M105
2025-04-11T11:32:27.924892+0800 ERROR finish command M105
2025-04-11T11:32:27.924892+0800 ERROR SENT: G250 S21
2025-04-11T11:32:27.924892+0800 ERROR write command G250 S21
2025-04-11T11:32:27.925883+0800 ERROR second command G250 S21
2025-04-11T11:32:27.925883+0800 ERROR finish command G250 S21
2025-04-11T11:32:27.925883+0800 ERROR SENT: G250 S800
2025-04-11T11:32:27.925883+0800 ERROR write command G250 S800
2025-04-11T11:32:27.925883+0800 ERROR second command G250 S800
2025-04-11T11:32:27.925883+0800 ERROR finish command G250 S800
2025-04-11T11:32:27.925883+0800 ERROR SENT: M154 S1
2025-04-11T11:32:27.925883+0800 ERROR write command M154 S1
2025-04-11T11:32:27.925883+0800 ERROR second command M154 S1
2025-04-11T11:32:27.925883+0800 ERROR finish command M154 S1
2025-04-11T11:32:31.814959+0800 ERROR SENT: M105
2025-04-11T11:32:31.815960+0800 ERROR write command M105
2025-04-11T11:32:31.815960+0800 ERROR second command M105
2025-04-11T11:32:31.815960+0800 ERROR finish command M105
2025-04-11T11:32:31.815960+0800 ERROR SENT: G250 S21
2025-04-11T11:32:31.815960+0800 ERROR write command G250 S21
2025-04-11T11:32:31.815960+0800 ERROR second command G250 S21
2025-04-11T11:32:31.816959+0800 ERROR finish command G250 S21
2025-04-11T11:32:31.816959+0800 ERROR SENT: G250 S800
2025-04-11T11:32:31.816959+0800 ERROR write command G250 S800
2025-04-11T11:32:31.816959+0800 ERROR second command G250 S800
2025-04-11T11:32:31.816959+0800 ERROR finish command G250 S800
2025-04-11T11:32:31.858958+0800 ERROR SENT: M154 S1
2025-04-11T11:32:31.858958+0800 ERROR write command M154 S1
2025-04-11T11:32:31.859958+0800 ERROR second command M154 S1
2025-04-11T11:32:31.859958+0800 ERROR finish command M154 S1
2025-04-11T11:32:35.711239+0800 ERROR SENT: M105
2025-04-11T11:32:35.711239+0800 ERROR write command M105
2025-04-11T11:32:35.711239+0800 ERROR second command M105
2025-04-11T11:32:35.711239+0800 ERROR finish command M105
2025-04-11T11:32:35.711239+0800 ERROR SENT: G250 S21
2025-04-11T11:32:35.712240+0800 ERROR write command G250 S21
2025-04-11T11:32:35.712240+0800 ERROR second command G250 S21
2025-04-11T11:32:35.712240+0800 ERROR finish command G250 S21
2025-04-11T11:32:35.712240+0800 ERROR SENT: G250 S800
2025-04-11T11:32:35.712240+0800 ERROR write command G250 S800
2025-04-11T11:32:35.712240+0800 ERROR second command G250 S800
2025-04-11T11:32:35.712240+0800 ERROR finish command G250 S800
2025-04-11T11:32:35.712240+0800 ERROR SENT: M154 S1
2025-04-11T11:32:35.712240+0800 ERROR write command M154 S1
2025-04-11T11:32:35.713240+0800 ERROR second command M154 S1
2025-04-11T11:32:35.713240+0800 ERROR finish command M154 S1
2025-04-11T11:32:39.799043+0800 ERROR SENT: M105
2025-04-11T11:32:39.799043+0800 ERROR write command M105
2025-04-11T11:32:39.799043+0800 ERROR second command M105
2025-04-11T11:32:39.799043+0800 ERROR finish command M105
2025-04-11T11:32:39.800043+0800 ERROR SENT: G250 S21
2025-04-11T11:32:39.800043+0800 ERROR write command G250 S21
2025-04-11T11:32:39.800043+0800 ERROR second command G250 S21
2025-04-11T11:32:39.800043+0800 ERROR finish command G250 S21
2025-04-11T11:32:39.800043+0800 ERROR SENT: G250 S800
2025-04-11T11:32:39.800043+0800 ERROR write command G250 S800
2025-04-11T11:32:39.801042+0800 ERROR second command G250 S800
2025-04-11T11:32:39.801042+0800 ERROR finish command G250 S800
2025-04-11T11:32:39.824042+0800 ERROR SENT: M154 S1
2025-04-11T11:32:39.824042+0800 ERROR write command M154 S1
2025-04-11T11:32:39.825042+0800 ERROR second command M154 S1
2025-04-11T11:32:39.825042+0800 ERROR finish command M154 S1
2025-04-11T11:32:43.681126+0800 ERROR SENT: M105
2025-04-11T11:32:43.681126+0800 ERROR write command M105
2025-04-11T11:32:43.682126+0800 ERROR second command M105
2025-04-11T11:32:43.682126+0800 ERROR finish command M105
2025-04-11T11:32:43.682126+0800 ERROR SENT: G250 S21
2025-04-11T11:32:43.683125+0800 ERROR write command G250 S21
2025-04-11T11:32:43.683125+0800 ERROR second command G250 S21
2025-04-11T11:32:43.683125+0800 ERROR finish command G250 S21
2025-04-11T11:32:43.684125+0800 ERROR SENT: G250 S800
2025-04-11T11:32:43.684125+0800 ERROR write command G250 S800
2025-04-11T11:32:43.684125+0800 ERROR second command G250 S800
2025-04-11T11:32:43.684125+0800 ERROR finish command G250 S800
2025-04-11T11:32:43.685125+0800 ERROR SENT: M154 S1
2025-04-11T11:32:43.685125+0800 ERROR write command M154 S1
2025-04-11T11:32:43.685125+0800 ERROR second command M154 S1
2025-04-11T11:32:43.685125+0800 ERROR finish command M154 S1
2025-04-11T11:32:47.517761+0800 ERROR SENT: M105
2025-04-11T11:32:47.517761+0800 ERROR write command M105
2025-04-11T11:32:47.517761+0800 ERROR second command M105
2025-04-11T11:32:47.517761+0800 ERROR finish command M105
2025-04-11T11:32:47.517761+0800 ERROR SENT: G250 S21
2025-04-11T11:32:47.517761+0800 ERROR write command G250 S21
2025-04-11T11:32:47.518752+0800 ERROR second command G250 S21
2025-04-11T11:32:47.518752+0800 ERROR finish command G250 S21
2025-04-11T11:32:47.518752+0800 ERROR SENT: G250 S800
2025-04-11T11:32:47.518752+0800 ERROR write command G250 S800
2025-04-11T11:32:47.518752+0800 ERROR second command G250 S800
2025-04-11T11:32:47.518752+0800 ERROR finish command G250 S800
2025-04-11T11:32:47.518752+0800 ERROR SENT: M154 S1
2025-04-11T11:32:47.519751+0800 ERROR write command M154 S1
2025-04-11T11:32:47.519751+0800 ERROR second command M154 S1
2025-04-11T11:32:47.519751+0800 ERROR finish command M154 S1
2025-04-11T11:32:51.354816+0800 ERROR SENT: M105
2025-04-11T11:32:51.354816+0800 ERROR write command M105
2025-04-11T11:32:51.354816+0800 ERROR second command M105
2025-04-11T11:32:51.354816+0800 ERROR finish command M105
2025-04-11T11:32:51.355816+0800 ERROR SENT: G250 S21
2025-04-11T11:32:51.355816+0800 ERROR write command G250 S21
2025-04-11T11:32:51.355816+0800 ERROR second command G250 S21
2025-04-11T11:32:51.355816+0800 ERROR finish command G250 S21
2025-04-11T11:32:51.355816+0800 ERROR SENT: G250 S800
2025-04-11T11:32:51.355816+0800 ERROR write command G250 S800
2025-04-11T11:32:51.355816+0800 ERROR second command G250 S800
2025-04-11T11:32:51.355816+0800 ERROR finish command G250 S800
2025-04-11T11:32:51.355816+0800 ERROR SENT: M154 S1
2025-04-11T11:32:51.356815+0800 ERROR write command M154 S1
2025-04-11T11:32:51.356815+0800 ERROR second command M154 S1
2025-04-11T11:32:51.356815+0800 ERROR finish command M154 S1
2025-04-11T11:32:55.304462+0800 ERROR SENT: M105
2025-04-11T11:32:55.304462+0800 ERROR write command M105
2025-04-11T11:32:55.304462+0800 ERROR second command M105
2025-04-11T11:32:55.304462+0800 ERROR finish command M105
2025-04-11T11:32:55.305391+0800 ERROR SENT: G250 S21
2025-04-11T11:32:55.305391+0800 ERROR write command G250 S21
2025-04-11T11:32:55.305391+0800 ERROR second command G250 S21
2025-04-11T11:32:55.305391+0800 ERROR finish command G250 S21
2025-04-11T11:32:55.305391+0800 ERROR SENT: G250 S800
2025-04-11T11:32:55.305391+0800 ERROR write command G250 S800
2025-04-11T11:32:55.305391+0800 ERROR second command G250 S800
2025-04-11T11:32:55.305391+0800 ERROR finish command G250 S800
2025-04-11T11:32:55.305391+0800 ERROR SENT: M154 S1
2025-04-11T11:32:55.306394+0800 ERROR write command M154 S1
2025-04-11T11:32:55.306394+0800 ERROR second command M154 S1
2025-04-11T11:32:55.306394+0800 ERROR finish command M154 S1
2025-04-11T11:32:59.326135+0800 ERROR SENT: M105
2025-04-11T11:32:59.326135+0800 ERROR write command M105
2025-04-11T11:32:59.326135+0800 ERROR second command M105
2025-04-11T11:32:59.326135+0800 ERROR finish command M105
2025-04-11T11:32:59.326135+0800 ERROR SENT: G250 S21
2025-04-11T11:32:59.327136+0800 ERROR write command G250 S21
2025-04-11T11:32:59.327136+0800 ERROR second command G250 S21
2025-04-11T11:32:59.327136+0800 ERROR finish command G250 S21
2025-04-11T11:32:59.327136+0800 ERROR SENT: G250 S800
2025-04-11T11:32:59.327136+0800 ERROR write command G250 S800
2025-04-11T11:32:59.328137+0800 ERROR second command G250 S800
2025-04-11T11:32:59.328137+0800 ERROR finish command G250 S800
2025-04-11T11:32:59.328137+0800 ERROR SENT: M154 S1
2025-04-11T11:32:59.329136+0800 ERROR write command M154 S1
2025-04-11T11:32:59.330137+0800 ERROR second command M154 S1
2025-04-11T11:32:59.330137+0800 ERROR finish command M154 S1
