2025-04-07T09:44:59.628748+0800 INFO 设备已成功连接
2025-04-07T09:44:59.629786+0800 ERROR SENT: M105
2025-04-07T09:44:59.629786+0800 ERROR write command M105
2025-04-07T09:44:59.629786+0800 ERROR second command M105
2025-04-07T09:44:59.630740+0800 ERROR finish command M105
2025-04-07T09:44:59.630740+0800 ERROR SENT: G250 S21
2025-04-07T09:44:59.630740+0800 ERROR write command G250 S21
2025-04-07T09:44:59.630740+0800 ERROR second command G250 S21
2025-04-07T09:44:59.630740+0800 ERROR finish command G250 S21
2025-04-07T09:44:59.630740+0800 ERROR SENT: G250 S800
2025-04-07T09:44:59.630740+0800 ERROR write command G250 S800
2025-04-07T09:44:59.630740+0800 ERROR second command G250 S800
2025-04-07T09:44:59.630740+0800 ERROR finish command G250 S800
2025-04-07T09:44:59.631740+0800 ERROR SENT: M154 S1
2025-04-07T09:44:59.631740+0800 ERROR write command M154 S1
2025-04-07T09:44:59.631740+0800 ERROR second command M154 S1
2025-04-07T09:44:59.632740+0800 ERROR finish command M154 S1
2025-04-07T09:45:03.487165+0800 ERROR SENT: M105
2025-04-07T09:45:03.487165+0800 ERROR write command M105
2025-04-07T09:45:03.487165+0800 ERROR second command M105
2025-04-07T09:45:03.487165+0800 ERROR finish command M105
2025-04-07T09:45:03.487165+0800 ERROR SENT: G250 S21
2025-04-07T09:45:03.487165+0800 ERROR write command G250 S21
2025-04-07T09:45:03.487165+0800 ERROR second command G250 S21
2025-04-07T09:45:03.488096+0800 ERROR finish command G250 S21
2025-04-07T09:45:03.488096+0800 ERROR SENT: G250 S800
2025-04-07T09:45:03.488096+0800 ERROR write command G250 S800
2025-04-07T09:45:03.488096+0800 ERROR second command G250 S800
2025-04-07T09:45:03.488096+0800 ERROR finish command G250 S800
2025-04-07T09:45:03.488096+0800 ERROR SENT: M154 S1
2025-04-07T09:45:03.488096+0800 ERROR write command M154 S1
2025-04-07T09:45:03.488096+0800 ERROR second command M154 S1
2025-04-07T09:45:03.489095+0800 ERROR finish command M154 S1
2025-04-07T09:45:07.722917+0800 ERROR SENT: M105
2025-04-07T09:45:07.722917+0800 ERROR write command M105
2025-04-07T09:45:07.769917+0800 ERROR second command M105
2025-04-07T09:45:07.769917+0800 ERROR finish command M105
2025-04-07T09:45:07.769917+0800 ERROR SENT: G250 S21
2025-04-07T09:45:07.769917+0800 ERROR write command G250 S21
2025-04-07T09:45:07.816917+0800 ERROR second command G250 S21
2025-04-07T09:45:07.816917+0800 ERROR finish command G250 S21
2025-04-07T09:45:07.816917+0800 ERROR SENT: G250 S800
2025-04-07T09:45:07.816917+0800 ERROR write command G250 S800
2025-04-07T09:45:07.816917+0800 ERROR second command G250 S800
2025-04-07T09:45:07.817919+0800 ERROR finish command G250 S800
2025-04-07T09:45:07.817919+0800 ERROR SENT: M154 S1
2025-04-07T09:45:07.944986+0800 ERROR write command M154 S1
2025-04-07T09:45:08.022918+0800 ERROR second command M154 S1
2025-04-07T09:45:08.053990+0800 ERROR finish command M154 S1
2025-04-07T09:45:09.341794+0800 INFO L109 time:2025/04/07 09:45:09#./GCODE/100方块.gcode#
2025-04-07T09:45:09.341794+0800 INFO Not connected to printer.
2025-04-07T09:45:11.871251+0800 ERROR SENT: M105
2025-04-07T09:45:11.871251+0800 ERROR write command M105
2025-04-07T09:45:11.871251+0800 ERROR second command M105
2025-04-07T09:45:11.871251+0800 ERROR finish command M105
2025-04-07T09:45:11.871251+0800 ERROR SENT: G250 S21
2025-04-07T09:45:11.871251+0800 ERROR write command G250 S21
2025-04-07T09:45:11.871251+0800 ERROR second command G250 S21
2025-04-07T09:45:11.872260+0800 ERROR finish command G250 S21
2025-04-07T09:45:11.872260+0800 ERROR SENT: G250 S800
2025-04-07T09:45:11.872260+0800 ERROR write command G250 S800
2025-04-07T09:45:11.872260+0800 ERROR second command G250 S800
2025-04-07T09:45:11.872260+0800 ERROR finish command G250 S800
2025-04-07T09:45:11.872260+0800 ERROR SENT: M154 S1
2025-04-07T09:45:11.872260+0800 ERROR write command M154 S1
2025-04-07T09:45:11.872260+0800 ERROR second command M154 S1
2025-04-07T09:45:11.873259+0800 ERROR finish command M154 S1
2025-04-07T09:45:15.710475+0800 ERROR SENT: M105
2025-04-07T09:45:15.710475+0800 ERROR write command M105
2025-04-07T09:45:15.710475+0800 ERROR second command M105
2025-04-07T09:45:15.711475+0800 ERROR finish command M105
2025-04-07T09:45:15.711475+0800 ERROR SENT: G250 S21
2025-04-07T09:45:15.711475+0800 ERROR write command G250 S21
2025-04-07T09:45:15.711475+0800 ERROR second command G250 S21
2025-04-07T09:45:15.711475+0800 ERROR finish command G250 S21
2025-04-07T09:45:15.711475+0800 ERROR SENT: G250 S800
2025-04-07T09:45:15.711475+0800 ERROR write command G250 S800
2025-04-07T09:45:15.712475+0800 ERROR second command G250 S800
2025-04-07T09:45:15.712475+0800 ERROR finish command G250 S800
2025-04-07T09:45:15.712475+0800 ERROR SENT: M154 S1
2025-04-07T09:45:15.712475+0800 ERROR write command M154 S1
2025-04-07T09:45:15.712475+0800 ERROR second command M154 S1
2025-04-07T09:45:15.712475+0800 ERROR finish command M154 S1
2025-04-07T09:45:19.572132+0800 ERROR SENT: M105
2025-04-07T09:45:19.572132+0800 ERROR write command M105
2025-04-07T09:45:19.572132+0800 ERROR second command M105
2025-04-07T09:45:19.573061+0800 ERROR finish command M105
2025-04-07T09:45:19.573061+0800 ERROR SENT: G250 S21
2025-04-07T09:45:19.573061+0800 ERROR write command G250 S21
2025-04-07T09:45:19.573061+0800 ERROR second command G250 S21
2025-04-07T09:45:19.573061+0800 ERROR finish command G250 S21
2025-04-07T09:45:19.574072+0800 ERROR SENT: G250 S800
2025-04-07T09:45:19.574072+0800 ERROR write command G250 S800
2025-04-07T09:45:19.574072+0800 ERROR second command G250 S800
2025-04-07T09:45:19.574072+0800 ERROR finish command G250 S800
2025-04-07T09:45:19.574072+0800 ERROR SENT: M154 S1
2025-04-07T09:45:19.574072+0800 ERROR write command M154 S1
2025-04-07T09:45:19.574072+0800 ERROR second command M154 S1
2025-04-07T09:45:19.574072+0800 ERROR finish command M154 S1
2025-04-07T09:45:23.463572+0800 ERROR SENT: M105
2025-04-07T09:45:23.463572+0800 ERROR write command M105
2025-04-07T09:45:23.463572+0800 ERROR second command M105
2025-04-07T09:45:23.463572+0800 ERROR finish command M105
2025-04-07T09:45:23.463572+0800 ERROR SENT: G250 S21
2025-04-07T09:45:23.463572+0800 ERROR write command G250 S21
2025-04-07T09:45:23.463572+0800 ERROR second command G250 S21
2025-04-07T09:45:23.464587+0800 ERROR finish command G250 S21
2025-04-07T09:45:23.464587+0800 ERROR SENT: G250 S800
2025-04-07T09:45:23.464587+0800 ERROR write command G250 S800
2025-04-07T09:45:23.464587+0800 ERROR second command G250 S800
2025-04-07T09:45:23.464587+0800 ERROR finish command G250 S800
2025-04-07T09:45:23.464587+0800 ERROR SENT: M154 S1
2025-04-07T09:45:23.464587+0800 ERROR write command M154 S1
2025-04-07T09:45:23.465571+0800 ERROR second command M154 S1
2025-04-07T09:45:23.465571+0800 ERROR finish command M154 S1
2025-04-07T09:45:27.581401+0800 ERROR SENT: M105
2025-04-07T09:45:27.582401+0800 ERROR write command M105
2025-04-07T09:45:27.582401+0800 ERROR second command M105
2025-04-07T09:45:27.582401+0800 ERROR finish command M105
2025-04-07T09:45:27.582401+0800 ERROR SENT: G250 S21
2025-04-07T09:45:27.582401+0800 ERROR write command G250 S21
2025-04-07T09:45:27.582401+0800 ERROR second command G250 S21
2025-04-07T09:45:27.583401+0800 ERROR finish command G250 S21
2025-04-07T09:45:27.583401+0800 ERROR SENT: G250 S800
2025-04-07T09:45:27.583401+0800 ERROR write command G250 S800
2025-04-07T09:45:27.583401+0800 ERROR second command G250 S800
2025-04-07T09:45:27.583401+0800 ERROR finish command G250 S800
2025-04-07T09:45:27.583401+0800 ERROR SENT: M154 S1
2025-04-07T09:45:27.583401+0800 ERROR write command M154 S1
2025-04-07T09:45:27.583401+0800 ERROR second command M154 S1
2025-04-07T09:45:27.584403+0800 ERROR finish command M154 S1
2025-04-07T09:45:31.459728+0800 ERROR SENT: M105
2025-04-07T09:45:31.459728+0800 ERROR write command M105
2025-04-07T09:45:31.459728+0800 ERROR second command M105
2025-04-07T09:45:31.460733+0800 ERROR finish command M105
2025-04-07T09:45:31.460733+0800 ERROR SENT: G250 S21
2025-04-07T09:45:31.460733+0800 ERROR write command G250 S21
2025-04-07T09:45:31.460733+0800 ERROR second command G250 S21
2025-04-07T09:45:31.460733+0800 ERROR finish command G250 S21
2025-04-07T09:45:31.460733+0800 ERROR SENT: G250 S800
2025-04-07T09:45:31.460733+0800 ERROR write command G250 S800
2025-04-07T09:45:31.461732+0800 ERROR second command G250 S800
2025-04-07T09:45:31.461732+0800 ERROR finish command G250 S800
2025-04-07T09:45:31.461732+0800 ERROR SENT: M154 S1
2025-04-07T09:45:31.461732+0800 ERROR write command M154 S1
2025-04-07T09:45:31.461732+0800 ERROR second command M154 S1
2025-04-07T09:45:31.461732+0800 ERROR finish command M154 S1
2025-04-07T09:45:35.400676+0800 ERROR SENT: M105
2025-04-07T09:45:35.400676+0800 ERROR write command M105
2025-04-07T09:45:35.400676+0800 ERROR second command M105
2025-04-07T09:45:35.401601+0800 ERROR finish command M105
2025-04-07T09:45:35.401601+0800 ERROR SENT: G250 S21
2025-04-07T09:45:35.401601+0800 ERROR write command G250 S21
2025-04-07T09:45:35.401601+0800 ERROR second command G250 S21
2025-04-07T09:45:35.401601+0800 ERROR finish command G250 S21
2025-04-07T09:45:35.401601+0800 ERROR SENT: G250 S800
2025-04-07T09:45:35.401601+0800 ERROR write command G250 S800
2025-04-07T09:45:35.401601+0800 ERROR second command G250 S800
2025-04-07T09:45:35.401601+0800 ERROR finish command G250 S800
2025-04-07T09:45:35.402600+0800 ERROR SENT: M154 S1
2025-04-07T09:45:35.402600+0800 ERROR write command M154 S1
2025-04-07T09:45:35.402600+0800 ERROR second command M154 S1
2025-04-07T09:45:35.402600+0800 ERROR finish command M154 S1
2025-04-07T09:45:39.312690+0800 ERROR SENT: M105
2025-04-07T09:45:39.312690+0800 ERROR write command M105
2025-04-07T09:45:39.312690+0800 ERROR second command M105
2025-04-07T09:45:39.312690+0800 ERROR finish command M105
2025-04-07T09:45:39.312690+0800 ERROR SENT: G250 S21
2025-04-07T09:45:39.313618+0800 ERROR write command G250 S21
2025-04-07T09:45:39.313618+0800 ERROR second command G250 S21
2025-04-07T09:45:39.313618+0800 ERROR finish command G250 S21
2025-04-07T09:45:39.313618+0800 ERROR SENT: G250 S800
2025-04-07T09:45:39.313618+0800 ERROR write command G250 S800
2025-04-07T09:45:39.313618+0800 ERROR second command G250 S800
2025-04-07T09:45:39.313618+0800 ERROR finish command G250 S800
2025-04-07T09:45:39.313618+0800 ERROR SENT: M154 S1
2025-04-07T09:45:39.313618+0800 ERROR write command M154 S1
2025-04-07T09:45:39.314689+0800 ERROR second command M154 S1
2025-04-07T09:45:39.314689+0800 ERROR finish command M154 S1
2025-04-07T09:45:43.248617+0800 ERROR SENT: M105
2025-04-07T09:45:43.248617+0800 ERROR write command M105
2025-04-07T09:45:43.248617+0800 ERROR second command M105
2025-04-07T09:45:43.248617+0800 ERROR finish command M105
2025-04-07T09:45:43.248617+0800 ERROR SENT: G250 S21
2025-04-07T09:45:43.248617+0800 ERROR write command G250 S21
2025-04-07T09:45:43.249546+0800 ERROR second command G250 S21
2025-04-07T09:45:43.249546+0800 ERROR finish command G250 S21
2025-04-07T09:45:43.249546+0800 ERROR SENT: G250 S800
2025-04-07T09:45:43.249546+0800 ERROR write command G250 S800
2025-04-07T09:45:43.249546+0800 ERROR second command G250 S800
2025-04-07T09:45:43.249546+0800 ERROR finish command G250 S800
2025-04-07T09:45:43.249546+0800 ERROR SENT: M154 S1
2025-04-07T09:45:43.249546+0800 ERROR write command M154 S1
2025-04-07T09:45:43.250545+0800 ERROR second command M154 S1
2025-04-07T09:45:43.250545+0800 ERROR finish command M154 S1
2025-04-07T09:45:47.162247+0800 ERROR SENT: M105
2025-04-07T09:45:47.162247+0800 ERROR write command M105
2025-04-07T09:45:47.162247+0800 ERROR second command M105
2025-04-07T09:45:47.162247+0800 ERROR finish command M105
2025-04-07T09:45:47.162247+0800 ERROR SENT: G250 S21
2025-04-07T09:45:47.163255+0800 ERROR write command G250 S21
2025-04-07T09:45:47.163255+0800 ERROR second command G250 S21
2025-04-07T09:45:47.163255+0800 ERROR finish command G250 S21
2025-04-07T09:45:47.163255+0800 ERROR SENT: G250 S800
2025-04-07T09:45:47.163255+0800 ERROR write command G250 S800
2025-04-07T09:45:47.163255+0800 ERROR second command G250 S800
2025-04-07T09:45:47.164267+0800 ERROR finish command G250 S800
2025-04-07T09:45:47.164267+0800 ERROR SENT: M154 S1
2025-04-07T09:45:47.164267+0800 ERROR write command M154 S1
2025-04-07T09:45:47.164267+0800 ERROR second command M154 S1
2025-04-07T09:45:47.164267+0800 ERROR finish command M154 S1
2025-04-07T09:45:51.117797+0800 ERROR SENT: M105
2025-04-07T09:45:51.117797+0800 ERROR write command M105
2025-04-07T09:45:51.117797+0800 ERROR second command M105
2025-04-07T09:45:51.117797+0800 ERROR finish command M105
2025-04-07T09:45:51.117797+0800 ERROR SENT: G250 S21
2025-04-07T09:45:51.117797+0800 ERROR write command G250 S21
2025-04-07T09:45:51.118725+0800 ERROR second command G250 S21
2025-04-07T09:45:51.118725+0800 ERROR finish command G250 S21
2025-04-07T09:45:51.118725+0800 ERROR SENT: G250 S800
2025-04-07T09:45:51.118725+0800 ERROR write command G250 S800
2025-04-07T09:45:51.118725+0800 ERROR second command G250 S800
2025-04-07T09:45:51.118725+0800 ERROR finish command G250 S800
2025-04-07T09:45:51.118725+0800 ERROR SENT: M154 S1
2025-04-07T09:45:51.118725+0800 ERROR write command M154 S1
2025-04-07T09:45:51.119725+0800 ERROR second command M154 S1
2025-04-07T09:45:51.119725+0800 ERROR finish command M154 S1
2025-04-07T09:45:55.057608+0800 ERROR SENT: M105
2025-04-07T09:45:55.057608+0800 ERROR write command M105
2025-04-07T09:45:55.057608+0800 ERROR second command M105
2025-04-07T09:45:55.058614+0800 ERROR finish command M105
2025-04-07T09:45:55.058614+0800 ERROR SENT: G250 S21
2025-04-07T09:45:55.058614+0800 ERROR write command G250 S21
2025-04-07T09:45:55.058614+0800 ERROR second command G250 S21
2025-04-07T09:45:55.058614+0800 ERROR finish command G250 S21
2025-04-07T09:45:55.058614+0800 ERROR SENT: G250 S800
2025-04-07T09:45:55.058614+0800 ERROR write command G250 S800
2025-04-07T09:45:55.058614+0800 ERROR second command G250 S800
2025-04-07T09:45:55.058614+0800 ERROR finish command G250 S800
2025-04-07T09:45:55.058614+0800 ERROR SENT: M154 S1
2025-04-07T09:45:55.059612+0800 ERROR write command M154 S1
2025-04-07T09:45:55.059612+0800 ERROR second command M154 S1
2025-04-07T09:45:55.059612+0800 ERROR finish command M154 S1
2025-04-07T09:45:59.002249+0800 ERROR SENT: M105
2025-04-07T09:45:59.002249+0800 ERROR write command M105
2025-04-07T09:45:59.002249+0800 ERROR second command M105
2025-04-07T09:45:59.002249+0800 ERROR finish command M105
2025-04-07T09:45:59.002249+0800 ERROR SENT: G250 S21
2025-04-07T09:45:59.003170+0800 ERROR write command G250 S21
2025-04-07T09:45:59.003170+0800 ERROR second command G250 S21
2025-04-07T09:45:59.003170+0800 ERROR finish command G250 S21
2025-04-07T09:45:59.003170+0800 ERROR SENT: G250 S800
2025-04-07T09:45:59.003170+0800 ERROR write command G250 S800
2025-04-07T09:45:59.003170+0800 ERROR second command G250 S800
2025-04-07T09:45:59.003170+0800 ERROR finish command G250 S800
2025-04-07T09:45:59.003170+0800 ERROR SENT: M154 S1
2025-04-07T09:45:59.004171+0800 ERROR write command M154 S1
2025-04-07T09:45:59.004309+0800 ERROR second command M154 S1
2025-04-07T09:45:59.004309+0800 ERROR finish command M154 S1
2025-04-07T09:46:02.925709+0800 ERROR SENT: M105
2025-04-07T09:46:02.925709+0800 ERROR write command M105
2025-04-07T09:46:02.925709+0800 ERROR second command M105
2025-04-07T09:46:02.925709+0800 ERROR finish command M105
2025-04-07T09:46:02.926759+0800 ERROR SENT: G250 S21
2025-04-07T09:46:02.926759+0800 ERROR write command G250 S21
2025-04-07T09:46:02.926759+0800 ERROR second command G250 S21
2025-04-07T09:46:02.926759+0800 ERROR finish command G250 S21
2025-04-07T09:46:02.926759+0800 ERROR SENT: G250 S800
2025-04-07T09:46:02.926759+0800 ERROR write command G250 S800
2025-04-07T09:46:02.926759+0800 ERROR second command G250 S800
2025-04-07T09:46:02.926759+0800 ERROR finish command G250 S800
2025-04-07T09:46:02.926759+0800 ERROR SENT: M154 S1
2025-04-07T09:46:02.927718+0800 ERROR write command M154 S1
2025-04-07T09:46:02.927718+0800 ERROR second command M154 S1
2025-04-07T09:46:02.927718+0800 ERROR finish command M154 S1
2025-04-07T09:46:06.844001+0800 ERROR SENT: M105
2025-04-07T09:46:06.844001+0800 ERROR write command M105
2025-04-07T09:46:06.844001+0800 ERROR second command M105
2025-04-07T09:46:06.844001+0800 ERROR finish command M105
2025-04-07T09:46:06.844001+0800 ERROR SENT: G250 S21
2025-04-07T09:46:06.844001+0800 ERROR write command G250 S21
2025-04-07T09:46:06.844001+0800 ERROR second command G250 S21
2025-04-07T09:46:06.845009+0800 ERROR finish command G250 S21
2025-04-07T09:46:06.845009+0800 ERROR SENT: G250 S800
2025-04-07T09:46:06.845009+0800 ERROR write command G250 S800
2025-04-07T09:46:06.845009+0800 ERROR second command G250 S800
2025-04-07T09:46:06.845009+0800 ERROR finish command G250 S800
2025-04-07T09:46:06.845476+0800 ERROR SENT: M154 S1
2025-04-07T09:46:06.845476+0800 ERROR write command M154 S1
2025-04-07T09:46:06.845476+0800 ERROR second command M154 S1
2025-04-07T09:46:06.846478+0800 ERROR finish command M154 S1
2025-04-07T09:46:10.758879+0800 ERROR SENT: M105
2025-04-07T09:46:10.758879+0800 ERROR write command M105
2025-04-07T09:46:10.758879+0800 ERROR second command M105
2025-04-07T09:46:10.759804+0800 ERROR finish command M105
2025-04-07T09:46:10.759804+0800 ERROR SENT: G250 S21
2025-04-07T09:46:10.759804+0800 ERROR write command G250 S21
2025-04-07T09:46:10.759804+0800 ERROR second command G250 S21
2025-04-07T09:46:10.759804+0800 ERROR finish command G250 S21
2025-04-07T09:46:10.759804+0800 ERROR SENT: G250 S800
2025-04-07T09:46:10.759804+0800 ERROR write command G250 S800
2025-04-07T09:46:10.759804+0800 ERROR second command G250 S800
2025-04-07T09:46:10.759804+0800 ERROR finish command G250 S800
2025-04-07T09:46:10.760803+0800 ERROR SENT: M154 S1
2025-04-07T09:46:10.760803+0800 ERROR write command M154 S1
2025-04-07T09:46:10.760803+0800 ERROR second command M154 S1
2025-04-07T09:46:10.760803+0800 ERROR finish command M154 S1
2025-04-07T09:46:14.671425+0800 ERROR SENT: M105
2025-04-07T09:46:14.671425+0800 ERROR write command M105
2025-04-07T09:46:14.672434+0800 ERROR second command M105
2025-04-07T09:46:14.672434+0800 ERROR finish command M105
2025-04-07T09:46:14.672434+0800 ERROR SENT: G250 S21
2025-04-07T09:46:14.672434+0800 ERROR write command G250 S21
2025-04-07T09:46:14.673433+0800 ERROR second command G250 S21
2025-04-07T09:46:14.673433+0800 ERROR finish command G250 S21
2025-04-07T09:46:14.673433+0800 ERROR SENT: G250 S800
2025-04-07T09:46:14.673433+0800 ERROR write command G250 S800
2025-04-07T09:46:14.673433+0800 ERROR second command G250 S800
2025-04-07T09:46:14.673433+0800 ERROR finish command G250 S800
2025-04-07T09:46:14.673433+0800 ERROR SENT: M154 S1
2025-04-07T09:46:14.673433+0800 ERROR write command M154 S1
2025-04-07T09:46:14.674438+0800 ERROR second command M154 S1
2025-04-07T09:46:14.674438+0800 ERROR finish command M154 S1
2025-04-07T09:46:18.587823+0800 ERROR SENT: M105
2025-04-07T09:46:18.587823+0800 ERROR write command M105
2025-04-07T09:46:18.587823+0800 ERROR second command M105
2025-04-07T09:46:18.588828+0800 ERROR finish command M105
2025-04-07T09:46:18.588828+0800 ERROR SENT: G250 S21
2025-04-07T09:46:18.588828+0800 ERROR write command G250 S21
2025-04-07T09:46:18.588828+0800 ERROR second command G250 S21
2025-04-07T09:46:18.588828+0800 ERROR finish command G250 S21
2025-04-07T09:46:18.588828+0800 ERROR SENT: G250 S800
2025-04-07T09:46:18.588828+0800 ERROR write command G250 S800
2025-04-07T09:46:18.588828+0800 ERROR second command G250 S800
2025-04-07T09:46:18.588828+0800 ERROR finish command G250 S800
2025-04-07T09:46:18.588828+0800 ERROR SENT: M154 S1
2025-04-07T09:46:18.589826+0800 ERROR write command M154 S1
2025-04-07T09:46:18.589826+0800 ERROR second command M154 S1
2025-04-07T09:46:18.589826+0800 ERROR finish command M154 S1
2025-04-07T09:46:22.516721+0800 ERROR SENT: M105
2025-04-07T09:46:22.516721+0800 ERROR write command M105
2025-04-07T09:46:22.516721+0800 ERROR second command M105
2025-04-07T09:46:22.516721+0800 ERROR finish command M105
2025-04-07T09:46:22.517729+0800 ERROR SENT: G250 S21
2025-04-07T09:46:22.517729+0800 ERROR write command G250 S21
2025-04-07T09:46:22.517729+0800 ERROR second command G250 S21
2025-04-07T09:46:22.517729+0800 ERROR finish command G250 S21
2025-04-07T09:46:22.517729+0800 ERROR SENT: G250 S800
2025-04-07T09:46:22.517729+0800 ERROR write command G250 S800
2025-04-07T09:46:22.517729+0800 ERROR second command G250 S800
2025-04-07T09:46:22.517729+0800 ERROR finish command G250 S800
2025-04-07T09:46:22.517729+0800 ERROR SENT: M154 S1
2025-04-07T09:46:22.518729+0800 ERROR write command M154 S1
2025-04-07T09:46:22.518729+0800 ERROR second command M154 S1
2025-04-07T09:46:22.518729+0800 ERROR finish command M154 S1
2025-04-07T09:46:26.458835+0800 ERROR SENT: M105
2025-04-07T09:46:26.458835+0800 ERROR write command M105
2025-04-07T09:46:26.458835+0800 ERROR second command M105
2025-04-07T09:46:26.458835+0800 ERROR finish command M105
2025-04-07T09:46:26.458835+0800 ERROR SENT: G250 S21
2025-04-07T09:46:26.459756+0800 ERROR write command G250 S21
2025-04-07T09:46:26.459756+0800 ERROR second command G250 S21
2025-04-07T09:46:26.459756+0800 ERROR finish command G250 S21
2025-04-07T09:46:26.459756+0800 ERROR SENT: G250 S800
2025-04-07T09:46:26.459756+0800 ERROR write command G250 S800
2025-04-07T09:46:26.459756+0800 ERROR second command G250 S800
2025-04-07T09:46:26.459756+0800 ERROR finish command G250 S800
2025-04-07T09:46:26.459756+0800 ERROR SENT: M154 S1
2025-04-07T09:46:26.459756+0800 ERROR write command M154 S1
2025-04-07T09:46:26.460755+0800 ERROR second command M154 S1
2025-04-07T09:46:26.460755+0800 ERROR finish command M154 S1
