2025-04-07T15:06:14.268494+0800 INFO 设备已成功连接
2025-04-07T15:06:14.268494+0800 ERROR SENT: M105
2025-04-07T15:06:14.269485+0800 ERROR write command M105
2025-04-07T15:06:14.269485+0800 ERROR second command M105
2025-04-07T15:06:14.269485+0800 ERROR finish command M105
2025-04-07T15:06:14.269485+0800 ERROR SENT: G250 S21
2025-04-07T15:06:14.269485+0800 ERROR write command G250 S21
2025-04-07T15:06:14.270485+0800 ERROR second command G250 S21
2025-04-07T15:06:14.270485+0800 ERROR finish command G250 S21
2025-04-07T15:06:14.270485+0800 ERROR SENT: G250 S800
2025-04-07T15:06:14.270485+0800 ERROR write command G250 S800
2025-04-07T15:06:14.270485+0800 ERROR second command G250 S800
2025-04-07T15:06:14.270485+0800 ERROR finish command G250 S800
2025-04-07T15:06:14.270485+0800 ERROR SENT: M154 S1
2025-04-07T15:06:14.270485+0800 ERROR write command M154 S1
2025-04-07T15:06:14.271495+0800 ERROR second command M154 S1
2025-04-07T15:06:14.271495+0800 ERROR finish command M154 S1
2025-04-07T15:06:18.180976+0800 ERROR SENT: M105
2025-04-07T15:06:18.180976+0800 ERROR write command M105
2025-04-07T15:06:18.180976+0800 ERROR second command M105
2025-04-07T15:06:18.181875+0800 ERROR finish command M105
2025-04-07T15:06:18.181875+0800 ERROR SENT: G250 S21
2025-04-07T15:06:18.181875+0800 ERROR write command G250 S21
2025-04-07T15:06:18.181875+0800 ERROR second command G250 S21
2025-04-07T15:06:18.181875+0800 ERROR finish command G250 S21
2025-04-07T15:06:18.181875+0800 ERROR SENT: G250 S800
2025-04-07T15:06:18.181875+0800 ERROR write command G250 S800
2025-04-07T15:06:18.181875+0800 ERROR second command G250 S800
2025-04-07T15:06:18.181875+0800 ERROR finish command G250 S800
2025-04-07T15:06:18.182728+0800 ERROR SENT: M154 S1
2025-04-07T15:06:18.182728+0800 ERROR write command M154 S1
2025-04-07T15:06:18.182728+0800 ERROR second command M154 S1
2025-04-07T15:06:18.183731+0800 ERROR finish command M154 S1
2025-04-07T15:06:22.488173+0800 ERROR SENT: M105
2025-04-07T15:06:22.488173+0800 ERROR write command M105
2025-04-07T15:06:22.488173+0800 ERROR second command M105
2025-04-07T15:06:22.489098+0800 ERROR finish command M105
2025-04-07T15:06:22.489098+0800 ERROR SENT: G250 S21
2025-04-07T15:06:22.489098+0800 ERROR write command G250 S21
2025-04-07T15:06:22.489098+0800 ERROR second command G250 S21
2025-04-07T15:06:22.489098+0800 ERROR finish command G250 S21
2025-04-07T15:06:22.489098+0800 ERROR SENT: G250 S800
2025-04-07T15:06:22.489098+0800 ERROR write command G250 S800
2025-04-07T15:06:22.489098+0800 ERROR second command G250 S800
2025-04-07T15:06:22.489098+0800 ERROR finish command G250 S800
2025-04-07T15:06:22.490104+0800 ERROR SENT: M154 S1
2025-04-07T15:06:22.490104+0800 ERROR write command M154 S1
2025-04-07T15:06:22.490104+0800 ERROR second command M154 S1
2025-04-07T15:06:22.490104+0800 ERROR finish command M154 S1
2025-04-07T15:06:26.389487+0800 ERROR SENT: M105
2025-04-07T15:06:26.389487+0800 ERROR write command M105
2025-04-07T15:06:26.390488+0800 ERROR second command M105
2025-04-07T15:06:26.390488+0800 ERROR finish command M105
2025-04-07T15:06:26.390488+0800 ERROR SENT: G250 S21
2025-04-07T15:06:26.390488+0800 ERROR write command G250 S21
2025-04-07T15:06:26.390488+0800 ERROR second command G250 S21
2025-04-07T15:06:26.390488+0800 ERROR finish command G250 S21
2025-04-07T15:06:26.390488+0800 ERROR SENT: G250 S800
2025-04-07T15:06:26.391489+0800 ERROR write command G250 S800
2025-04-07T15:06:26.391489+0800 ERROR second command G250 S800
2025-04-07T15:06:26.391489+0800 ERROR finish command G250 S800
2025-04-07T15:06:26.391489+0800 ERROR SENT: M154 S1
2025-04-07T15:06:26.391489+0800 ERROR write command M154 S1
2025-04-07T15:06:26.391489+0800 ERROR second command M154 S1
2025-04-07T15:06:26.392488+0800 ERROR finish command M154 S1
2025-04-07T15:06:30.270398+0800 ERROR SENT: M105
2025-04-07T15:06:30.271397+0800 ERROR write command M105
2025-04-07T15:06:30.271397+0800 ERROR second command M105
2025-04-07T15:06:30.272400+0800 ERROR finish command M105
2025-04-07T15:06:30.272400+0800 ERROR SENT: G250 S21
2025-04-07T15:06:30.272400+0800 ERROR write command G250 S21
2025-04-07T15:06:30.272400+0800 ERROR second command G250 S21
2025-04-07T15:06:30.272400+0800 ERROR finish command G250 S21
2025-04-07T15:06:30.272400+0800 ERROR SENT: G250 S800
2025-04-07T15:06:30.272400+0800 ERROR write command G250 S800
2025-04-07T15:06:30.273397+0800 ERROR second command G250 S800
2025-04-07T15:06:30.273397+0800 ERROR finish command G250 S800
2025-04-07T15:06:30.273397+0800 ERROR SENT: M154 S1
2025-04-07T15:06:30.273397+0800 ERROR write command M154 S1
2025-04-07T15:06:30.273397+0800 ERROR second command M154 S1
2025-04-07T15:06:30.273397+0800 ERROR finish command M154 S1
2025-04-07T15:06:34.196337+0800 ERROR SENT: M105
2025-04-07T15:06:34.197269+0800 ERROR write command M105
2025-04-07T15:06:34.197269+0800 ERROR second command M105
2025-04-07T15:06:34.197269+0800 ERROR finish command M105
2025-04-07T15:06:34.197269+0800 ERROR SENT: G250 S21
2025-04-07T15:06:34.197269+0800 ERROR write command G250 S21
2025-04-07T15:06:34.197269+0800 ERROR second command G250 S21
2025-04-07T15:06:34.197269+0800 ERROR finish command G250 S21
2025-04-07T15:06:34.197269+0800 ERROR SENT: G250 S800
2025-04-07T15:06:34.198369+0800 ERROR write command G250 S800
2025-04-07T15:06:34.198369+0800 ERROR second command G250 S800
2025-04-07T15:06:34.198369+0800 ERROR finish command G250 S800
2025-04-07T15:06:34.198369+0800 ERROR SENT: M154 S1
2025-04-07T15:06:34.198369+0800 ERROR write command M154 S1
2025-04-07T15:06:34.199270+0800 ERROR second command M154 S1
2025-04-07T15:06:34.199270+0800 ERROR finish command M154 S1
2025-04-07T15:06:38.095454+0800 ERROR SENT: M105
2025-04-07T15:06:38.095454+0800 ERROR write command M105
2025-04-07T15:06:38.095454+0800 ERROR second command M105
2025-04-07T15:06:38.096445+0800 ERROR finish command M105
2025-04-07T15:06:38.096445+0800 ERROR SENT: G250 S21
2025-04-07T15:06:38.096445+0800 ERROR write command G250 S21
2025-04-07T15:06:38.096445+0800 ERROR second command G250 S21
2025-04-07T15:06:38.096445+0800 ERROR finish command G250 S21
2025-04-07T15:06:38.096445+0800 ERROR SENT: G250 S800
2025-04-07T15:06:38.096445+0800 ERROR write command G250 S800
2025-04-07T15:06:38.096445+0800 ERROR second command G250 S800
2025-04-07T15:06:38.096445+0800 ERROR finish command G250 S800
2025-04-07T15:06:38.097443+0800 ERROR SENT: M154 S1
2025-04-07T15:06:38.097443+0800 ERROR write command M154 S1
2025-04-07T15:06:38.097443+0800 ERROR second command M154 S1
2025-04-07T15:06:38.097443+0800 ERROR finish command M154 S1
2025-04-07T15:06:42.003405+0800 ERROR SENT: M105
2025-04-07T15:06:42.003405+0800 ERROR write command M105
2025-04-07T15:06:42.003405+0800 ERROR second command M105
2025-04-07T15:06:42.004405+0800 ERROR finish command M105
2025-04-07T15:06:42.004405+0800 ERROR SENT: G250 S21
2025-04-07T15:06:42.004405+0800 ERROR write command G250 S21
2025-04-07T15:06:42.004405+0800 ERROR second command G250 S21
2025-04-07T15:06:42.004405+0800 ERROR finish command G250 S21
2025-04-07T15:06:42.004405+0800 ERROR SENT: G250 S800
2025-04-07T15:06:42.004405+0800 ERROR write command G250 S800
2025-04-07T15:06:42.004405+0800 ERROR second command G250 S800
2025-04-07T15:06:42.004405+0800 ERROR finish command G250 S800
2025-04-07T15:06:42.004405+0800 ERROR SENT: M154 S1
2025-04-07T15:06:42.005505+0800 ERROR write command M154 S1
2025-04-07T15:06:42.005505+0800 ERROR second command M154 S1
2025-04-07T15:06:42.005505+0800 ERROR finish command M154 S1
2025-04-07T15:06:45.875258+0800 ERROR SENT: M105
2025-04-07T15:06:45.875258+0800 ERROR write command M105
2025-04-07T15:06:45.875258+0800 ERROR second command M105
2025-04-07T15:06:45.875258+0800 ERROR finish command M105
2025-04-07T15:06:45.875258+0800 ERROR SENT: G250 S21
2025-04-07T15:06:45.876189+0800 ERROR write command G250 S21
2025-04-07T15:06:45.876189+0800 ERROR second command G250 S21
2025-04-07T15:06:45.876189+0800 ERROR finish command G250 S21
2025-04-07T15:06:45.876189+0800 ERROR SENT: G250 S800
2025-04-07T15:06:45.876189+0800 ERROR write command G250 S800
2025-04-07T15:06:45.876189+0800 ERROR second command G250 S800
2025-04-07T15:06:45.876189+0800 ERROR finish command G250 S800
2025-04-07T15:06:45.876189+0800 ERROR SENT: M154 S1
2025-04-07T15:06:45.877189+0800 ERROR write command M154 S1
2025-04-07T15:06:45.877189+0800 ERROR second command M154 S1
2025-04-07T15:06:45.877189+0800 ERROR finish command M154 S1
2025-04-07T15:06:49.801064+0800 ERROR SENT: M105
2025-04-07T15:06:49.801404+0800 ERROR write command M105
2025-04-07T15:06:49.801404+0800 ERROR second command M105
2025-04-07T15:06:49.801404+0800 ERROR finish command M105
2025-04-07T15:06:49.801404+0800 ERROR SENT: G250 S21
2025-04-07T15:06:49.802410+0800 ERROR write command G250 S21
2025-04-07T15:06:49.802410+0800 ERROR second command G250 S21
2025-04-07T15:06:49.802410+0800 ERROR finish command G250 S21
2025-04-07T15:06:49.802410+0800 ERROR SENT: G250 S800
2025-04-07T15:06:49.802410+0800 ERROR write command G250 S800
2025-04-07T15:06:49.802410+0800 ERROR second command G250 S800
2025-04-07T15:06:49.803409+0800 ERROR finish command G250 S800
2025-04-07T15:06:49.803409+0800 ERROR SENT: M154 S1
2025-04-07T15:06:49.803409+0800 ERROR write command M154 S1
2025-04-07T15:06:49.803409+0800 ERROR second command M154 S1
2025-04-07T15:06:49.803409+0800 ERROR finish command M154 S1
2025-04-07T15:06:53.718497+0800 ERROR SENT: M105
2025-04-07T15:06:53.718497+0800 ERROR write command M105
2025-04-07T15:06:53.718497+0800 ERROR second command M105
2025-04-07T15:06:53.719428+0800 ERROR finish command M105
2025-04-07T15:06:53.719428+0800 ERROR SENT: G250 S21
2025-04-07T15:06:53.719428+0800 ERROR write command G250 S21
2025-04-07T15:06:53.719428+0800 ERROR second command G250 S21
2025-04-07T15:06:53.719428+0800 ERROR finish command G250 S21
2025-04-07T15:06:53.719428+0800 ERROR SENT: G250 S800
2025-04-07T15:06:53.719428+0800 ERROR write command G250 S800
2025-04-07T15:06:53.720429+0800 ERROR second command G250 S800
2025-04-07T15:06:53.720429+0800 ERROR finish command G250 S800
2025-04-07T15:06:53.720429+0800 ERROR SENT: M154 S1
2025-04-07T15:06:53.720429+0800 ERROR write command M154 S1
2025-04-07T15:06:53.720429+0800 ERROR second command M154 S1
2025-04-07T15:06:53.720429+0800 ERROR finish command M154 S1
2025-04-07T15:06:57.664187+0800 ERROR SENT: M105
2025-04-07T15:06:57.664187+0800 ERROR write command M105
2025-04-07T15:06:57.664187+0800 ERROR second command M105
2025-04-07T15:06:57.664187+0800 ERROR finish command M105
2025-04-07T15:06:57.664187+0800 ERROR SENT: G250 S21
2025-04-07T15:06:57.665198+0800 ERROR write command G250 S21
2025-04-07T15:06:57.665198+0800 ERROR second command G250 S21
2025-04-07T15:06:57.665198+0800 ERROR finish command G250 S21
2025-04-07T15:06:57.665198+0800 ERROR SENT: G250 S800
2025-04-07T15:06:57.665198+0800 ERROR write command G250 S800
2025-04-07T15:06:57.665198+0800 ERROR second command G250 S800
2025-04-07T15:06:57.666268+0800 ERROR finish command G250 S800
2025-04-07T15:06:57.666268+0800 ERROR SENT: M154 S1
2025-04-07T15:06:57.666268+0800 ERROR write command M154 S1
2025-04-07T15:06:57.666268+0800 ERROR second command M154 S1
2025-04-07T15:06:57.666268+0800 ERROR finish command M154 S1
2025-04-07T15:07:01.568513+0800 ERROR SENT: M105
2025-04-07T15:07:01.568513+0800 ERROR write command M105
2025-04-07T15:07:01.568513+0800 ERROR second command M105
2025-04-07T15:07:01.568513+0800 ERROR finish command M105
2025-04-07T15:07:01.569513+0800 ERROR SENT: G250 S21
2025-04-07T15:07:01.569513+0800 ERROR write command G250 S21
2025-04-07T15:07:01.569513+0800 ERROR second command G250 S21
2025-04-07T15:07:01.569513+0800 ERROR finish command G250 S21
2025-04-07T15:07:01.569513+0800 ERROR SENT: G250 S800
2025-04-07T15:07:01.569513+0800 ERROR write command G250 S800
2025-04-07T15:07:01.569513+0800 ERROR second command G250 S800
2025-04-07T15:07:01.569513+0800 ERROR finish command G250 S800
2025-04-07T15:07:01.569513+0800 ERROR SENT: M154 S1
2025-04-07T15:07:01.570513+0800 ERROR write command M154 S1
2025-04-07T15:07:01.570513+0800 ERROR second command M154 S1
2025-04-07T15:07:01.570513+0800 ERROR finish command M154 S1
2025-04-07T15:07:05.509620+0800 ERROR SENT: M105
2025-04-07T15:07:05.509620+0800 ERROR write command M105
2025-04-07T15:07:05.510609+0800 ERROR second command M105
2025-04-07T15:07:05.510609+0800 ERROR finish command M105
2025-04-07T15:07:05.510609+0800 ERROR SENT: G250 S21
2025-04-07T15:07:05.510609+0800 ERROR write command G250 S21
2025-04-07T15:07:05.510609+0800 ERROR second command G250 S21
2025-04-07T15:07:05.510609+0800 ERROR finish command G250 S21
2025-04-07T15:07:05.511609+0800 ERROR SENT: G250 S800
2025-04-07T15:07:05.511609+0800 ERROR write command G250 S800
2025-04-07T15:07:05.511609+0800 ERROR second command G250 S800
2025-04-07T15:07:05.511609+0800 ERROR finish command G250 S800
2025-04-07T15:07:05.511609+0800 ERROR SENT: M154 S1
2025-04-07T15:07:05.511609+0800 ERROR write command M154 S1
2025-04-07T15:07:05.511609+0800 ERROR second command M154 S1
2025-04-07T15:07:05.511609+0800 ERROR finish command M154 S1
2025-04-07T15:07:09.416286+0800 ERROR SENT: M105
2025-04-07T15:07:09.416286+0800 ERROR write command M105
2025-04-07T15:07:09.416286+0800 ERROR second command M105
2025-04-07T15:07:09.417192+0800 ERROR finish command M105
2025-04-07T15:07:09.417192+0800 ERROR SENT: G250 S21
2025-04-07T15:07:09.417192+0800 ERROR write command G250 S21
2025-04-07T15:07:09.417192+0800 ERROR second command G250 S21
2025-04-07T15:07:09.417192+0800 ERROR finish command G250 S21
2025-04-07T15:07:09.417192+0800 ERROR SENT: G250 S800
2025-04-07T15:07:09.417192+0800 ERROR write command G250 S800
2025-04-07T15:07:09.417192+0800 ERROR second command G250 S800
2025-04-07T15:07:09.417192+0800 ERROR finish command G250 S800
2025-04-07T15:07:09.417192+0800 ERROR SENT: M154 S1
2025-04-07T15:07:09.418191+0800 ERROR write command M154 S1
2025-04-07T15:07:09.418444+0800 ERROR second command M154 S1
2025-04-07T15:07:09.418444+0800 ERROR finish command M154 S1
