2025-04-07T09:00:02.411679+0800 INFO 设备已成功连接
2025-04-07T09:00:02.412611+0800 ERROR SENT: M105
2025-04-07T09:00:02.412611+0800 ERROR write command M105
2025-04-07T09:00:02.412611+0800 ERROR second command M105
2025-04-07T09:00:02.412611+0800 ERROR finish command M105
2025-04-07T09:00:02.413644+0800 ERROR SENT: G250 S21
2025-04-07T09:00:02.413644+0800 ERROR write command G250 S21
2025-04-07T09:00:02.413644+0800 ERROR second command G250 S21
2025-04-07T09:00:02.413644+0800 ERROR finish command G250 S21
2025-04-07T09:00:02.413644+0800 ERROR SENT: G250 S800
2025-04-07T09:00:02.413644+0800 ERROR write command G250 S800
2025-04-07T09:00:02.413644+0800 ERROR second command G250 S800
2025-04-07T09:00:02.414611+0800 ERROR finish command G250 S800
2025-04-07T09:00:02.414611+0800 ERROR SENT: M154 S1
2025-04-07T09:00:02.414611+0800 ERROR write command M154 S1
2025-04-07T09:00:02.415611+0800 ERROR second command M154 S1
2025-04-07T09:00:02.415611+0800 ERROR finish command M154 S1
2025-04-07T09:00:06.326288+0800 ERROR SENT: M105
2025-04-07T09:00:06.326288+0800 ERROR write command M105
2025-04-07T09:00:06.326288+0800 ERROR second command M105
2025-04-07T09:00:06.326288+0800 ERROR finish command M105
2025-04-07T09:00:06.326288+0800 ERROR SENT: G250 S21
2025-04-07T09:00:06.326288+0800 ERROR write command G250 S21
2025-04-07T09:00:06.327296+0800 ERROR second command G250 S21
2025-04-07T09:00:06.327296+0800 ERROR finish command G250 S21
2025-04-07T09:00:06.327296+0800 ERROR SENT: G250 S800
2025-04-07T09:00:06.327296+0800 ERROR write command G250 S800
2025-04-07T09:00:06.327296+0800 ERROR second command G250 S800
2025-04-07T09:00:06.327296+0800 ERROR finish command G250 S800
2025-04-07T09:00:06.327833+0800 ERROR SENT: M154 S1
2025-04-07T09:00:06.327833+0800 ERROR write command M154 S1
2025-04-07T09:00:06.327833+0800 ERROR second command M154 S1
2025-04-07T09:00:06.327833+0800 ERROR finish command M154 S1
2025-04-07T09:00:10.529073+0800 ERROR SENT: M105
2025-04-07T09:00:10.529073+0800 ERROR write command M105
2025-04-07T09:00:10.529073+0800 ERROR second command M105
2025-04-07T09:00:10.529073+0800 ERROR finish command M105
2025-04-07T09:00:10.529073+0800 ERROR SENT: G250 S21
2025-04-07T09:00:10.529073+0800 ERROR write command G250 S21
2025-04-07T09:00:10.529073+0800 ERROR second command G250 S21
2025-04-07T09:00:10.530083+0800 ERROR finish command G250 S21
2025-04-07T09:00:10.530083+0800 ERROR SENT: G250 S800
2025-04-07T09:00:10.530083+0800 ERROR write command G250 S800
2025-04-07T09:00:10.530083+0800 ERROR second command G250 S800
2025-04-07T09:00:10.530083+0800 ERROR finish command G250 S800
2025-04-07T09:00:10.530083+0800 ERROR SENT: M154 S1
2025-04-07T09:00:10.530083+0800 ERROR write command M154 S1
2025-04-07T09:00:10.531101+0800 ERROR second command M154 S1
2025-04-07T09:00:10.531101+0800 ERROR finish command M154 S1
2025-04-07T09:00:14.507393+0800 ERROR SENT: M105
2025-04-07T09:00:14.507393+0800 ERROR write command M105
2025-04-07T09:00:14.507393+0800 ERROR second command M105
2025-04-07T09:00:14.507393+0800 ERROR finish command M105
2025-04-07T09:00:14.507393+0800 ERROR SENT: G250 S21
2025-04-07T09:00:14.508393+0800 ERROR write command G250 S21
2025-04-07T09:00:14.508393+0800 ERROR second command G250 S21
2025-04-07T09:00:14.508393+0800 ERROR finish command G250 S21
2025-04-07T09:00:14.508393+0800 ERROR SENT: G250 S800
2025-04-07T09:00:14.508393+0800 ERROR write command G250 S800
2025-04-07T09:00:14.508393+0800 ERROR second command G250 S800
2025-04-07T09:00:14.508393+0800 ERROR finish command G250 S800
2025-04-07T09:00:14.508393+0800 ERROR SENT: M154 S1
2025-04-07T09:00:14.509393+0800 ERROR write command M154 S1
2025-04-07T09:00:14.509393+0800 ERROR second command M154 S1
2025-04-07T09:00:14.509393+0800 ERROR finish command M154 S1
2025-04-07T09:00:18.451772+0800 ERROR SENT: M105
2025-04-07T09:00:18.451772+0800 ERROR write command M105
2025-04-07T09:00:18.451772+0800 ERROR second command M105
2025-04-07T09:00:18.452670+0800 ERROR finish command M105
2025-04-07T09:00:18.452670+0800 ERROR SENT: G250 S21
2025-04-07T09:00:18.452670+0800 ERROR write command G250 S21
2025-04-07T09:00:18.452670+0800 ERROR second command G250 S21
2025-04-07T09:00:18.452670+0800 ERROR finish command G250 S21
2025-04-07T09:00:18.452670+0800 ERROR SENT: G250 S800
2025-04-07T09:00:18.452670+0800 ERROR write command G250 S800
2025-04-07T09:00:18.452670+0800 ERROR second command G250 S800
2025-04-07T09:00:18.452670+0800 ERROR finish command G250 S800
2025-04-07T09:00:18.453668+0800 ERROR SENT: M154 S1
2025-04-07T09:00:18.453820+0800 ERROR write command M154 S1
2025-04-07T09:00:18.453820+0800 ERROR second command M154 S1
2025-04-07T09:00:18.453820+0800 ERROR finish command M154 S1
2025-04-07T09:00:22.381220+0800 ERROR SENT: M105
2025-04-07T09:00:22.381220+0800 ERROR write command M105
2025-04-07T09:00:22.381220+0800 ERROR second command M105
2025-04-07T09:00:22.381220+0800 ERROR finish command M105
2025-04-07T09:00:22.381220+0800 ERROR SENT: G250 S21
2025-04-07T09:00:22.381989+0800 ERROR write command G250 S21
2025-04-07T09:00:22.381989+0800 ERROR second command G250 S21
2025-04-07T09:00:22.381989+0800 ERROR finish command G250 S21
2025-04-07T09:00:22.381989+0800 ERROR SENT: G250 S800
2025-04-07T09:00:22.381989+0800 ERROR write command G250 S800
2025-04-07T09:00:22.381989+0800 ERROR second command G250 S800
2025-04-07T09:00:22.381989+0800 ERROR finish command G250 S800
2025-04-07T09:00:22.381989+0800 ERROR SENT: M154 S1
2025-04-07T09:00:22.382989+0800 ERROR write command M154 S1
2025-04-07T09:00:22.382989+0800 ERROR second command M154 S1
2025-04-07T09:00:22.382989+0800 ERROR finish command M154 S1
2025-04-07T09:00:26.319305+0800 ERROR SENT: M105
2025-04-07T09:00:26.319305+0800 ERROR write command M105
2025-04-07T09:00:26.319305+0800 ERROR second command M105
2025-04-07T09:00:26.319305+0800 ERROR finish command M105
2025-04-07T09:00:26.319305+0800 ERROR SENT: G250 S21
2025-04-07T09:00:26.320304+0800 ERROR write command G250 S21
2025-04-07T09:00:26.320304+0800 ERROR second command G250 S21
2025-04-07T09:00:26.320304+0800 ERROR finish command G250 S21
2025-04-07T09:00:26.320304+0800 ERROR SENT: G250 S800
2025-04-07T09:00:26.320304+0800 ERROR write command G250 S800
2025-04-07T09:00:26.320304+0800 ERROR second command G250 S800
2025-04-07T09:00:26.321304+0800 ERROR finish command G250 S800
2025-04-07T09:00:26.321304+0800 ERROR SENT: M154 S1
2025-04-07T09:00:26.321304+0800 ERROR write command M154 S1
2025-04-07T09:00:26.321304+0800 ERROR second command M154 S1
2025-04-07T09:00:26.321304+0800 ERROR finish command M154 S1
2025-04-07T09:00:30.129498+0800 ERROR SENT: M105
2025-04-07T09:00:30.129498+0800 ERROR write command M105
2025-04-07T09:00:30.129498+0800 ERROR second command M105
2025-04-07T09:00:30.129498+0800 ERROR finish command M105
2025-04-07T09:00:30.129498+0800 ERROR SENT: G250 S21
2025-04-07T09:00:30.129498+0800 ERROR write command G250 S21
2025-04-07T09:00:30.129498+0800 ERROR second command G250 S21
2025-04-07T09:00:30.130426+0800 ERROR finish command G250 S21
2025-04-07T09:00:30.130426+0800 ERROR SENT: G250 S800
2025-04-07T09:00:30.130426+0800 ERROR write command G250 S800
2025-04-07T09:00:30.130426+0800 ERROR second command G250 S800
2025-04-07T09:00:30.130426+0800 ERROR finish command G250 S800
2025-04-07T09:00:30.130426+0800 ERROR SENT: M154 S1
2025-04-07T09:00:30.130426+0800 ERROR write command M154 S1
2025-04-07T09:00:30.131453+0800 ERROR second command M154 S1
2025-04-07T09:00:30.131453+0800 ERROR finish command M154 S1
2025-04-07T09:00:34.235127+0800 ERROR SENT: M105
2025-04-07T09:00:34.235127+0800 ERROR write command M105
2025-04-07T09:00:34.235127+0800 ERROR second command M105
2025-04-07T09:00:34.236127+0800 ERROR finish command M105
2025-04-07T09:00:34.236127+0800 ERROR SENT: G250 S21
2025-04-07T09:00:34.236127+0800 ERROR write command G250 S21
2025-04-07T09:00:34.236127+0800 ERROR second command G250 S21
2025-04-07T09:00:34.236127+0800 ERROR finish command G250 S21
2025-04-07T09:00:34.236127+0800 ERROR SENT: G250 S800
2025-04-07T09:00:34.237127+0800 ERROR write command G250 S800
2025-04-07T09:00:34.237127+0800 ERROR second command G250 S800
2025-04-07T09:00:34.237127+0800 ERROR finish command G250 S800
2025-04-07T09:00:34.237127+0800 ERROR SENT: M154 S1
2025-04-07T09:00:34.237127+0800 ERROR write command M154 S1
2025-04-07T09:00:34.237127+0800 ERROR second command M154 S1
2025-04-07T09:00:34.237127+0800 ERROR finish command M154 S1
2025-04-07T09:00:38.162682+0800 ERROR SENT: M105
2025-04-07T09:00:38.162682+0800 ERROR write command M105
2025-04-07T09:00:38.162682+0800 ERROR second command M105
2025-04-07T09:00:38.163681+0800 ERROR finish command M105
2025-04-07T09:00:38.163681+0800 ERROR SENT: G250 S21
2025-04-07T09:00:38.163681+0800 ERROR write command G250 S21
2025-04-07T09:00:38.163681+0800 ERROR second command G250 S21
2025-04-07T09:00:38.163681+0800 ERROR finish command G250 S21
2025-04-07T09:00:38.163681+0800 ERROR SENT: G250 S800
2025-04-07T09:00:38.163681+0800 ERROR write command G250 S800
2025-04-07T09:00:38.164682+0800 ERROR second command G250 S800
2025-04-07T09:00:38.164682+0800 ERROR finish command G250 S800
2025-04-07T09:00:38.164682+0800 ERROR SENT: M154 S1
2025-04-07T09:00:38.164682+0800 ERROR write command M154 S1
2025-04-07T09:00:38.164682+0800 ERROR second command M154 S1
2025-04-07T09:00:38.164682+0800 ERROR finish command M154 S1
2025-04-07T09:00:42.185989+0800 ERROR SENT: M105
2025-04-07T09:00:42.185989+0800 ERROR write command M105
2025-04-07T09:00:42.186989+0800 ERROR second command M105
2025-04-07T09:00:42.186989+0800 ERROR finish command M105
2025-04-07T09:00:42.186989+0800 ERROR SENT: G250 S21
2025-04-07T09:00:42.186989+0800 ERROR write command G250 S21
2025-04-07T09:00:42.187989+0800 ERROR second command G250 S21
2025-04-07T09:00:42.188989+0800 ERROR finish command G250 S21
2025-04-07T09:00:42.188989+0800 ERROR SENT: G250 S800
2025-04-07T09:00:42.188989+0800 ERROR write command G250 S800
2025-04-07T09:00:42.188989+0800 ERROR second command G250 S800
2025-04-07T09:00:42.189990+0800 ERROR finish command G250 S800
2025-04-07T09:00:42.189990+0800 ERROR SENT: M154 S1
2025-04-07T09:00:42.189990+0800 ERROR write command M154 S1
2025-04-07T09:00:42.189990+0800 ERROR second command M154 S1
2025-04-07T09:00:42.189990+0800 ERROR finish command M154 S1
