2025-04-11T10:50:38.415696+0800 INFO 设备已成功连接
2025-04-11T10:50:38.422697+0800 ERROR SENT: M105
2025-04-11T10:50:38.423696+0800 ERROR write command M105
2025-04-11T10:50:38.423696+0800 ERROR second command M105
2025-04-11T10:50:38.424698+0800 ERROR finish command M105
2025-04-11T10:50:38.424698+0800 ERROR SENT: G250 S21
2025-04-11T10:50:38.424698+0800 ERROR write command G250 S21
2025-04-11T10:50:38.425697+0800 ERROR second command G250 S21
2025-04-11T10:50:38.425697+0800 ERROR finish command G250 S21
2025-04-11T10:50:38.425697+0800 ERROR SENT: G250 S800
2025-04-11T10:50:38.425697+0800 ERROR write command G250 S800
2025-04-11T10:50:38.426698+0800 ERROR second command G250 S800
2025-04-11T10:50:38.426698+0800 ERROR finish command G250 S800
2025-04-11T10:50:38.427698+0800 ERROR SENT: M154 S1
2025-04-11T10:50:38.427698+0800 ERROR write command M154 S1
2025-04-11T10:50:38.428699+0800 ERROR second command M154 S1
2025-04-11T10:50:38.428699+0800 ERROR finish command M154 S1
2025-04-11T10:50:42.322590+0800 ERROR SENT: M105
2025-04-11T10:50:42.322590+0800 ERROR write command M105
2025-04-11T10:50:42.322590+0800 ERROR second command M105
2025-04-11T10:50:42.322590+0800 ERROR finish command M105
2025-04-11T10:50:42.323600+0800 ERROR SENT: G250 S21
2025-04-11T10:50:42.323600+0800 ERROR write command G250 S21
2025-04-11T10:50:42.323600+0800 ERROR second command G250 S21
2025-04-11T10:50:42.323600+0800 ERROR finish command G250 S21
2025-04-11T10:50:42.323600+0800 ERROR SENT: G250 S800
2025-04-11T10:50:42.323600+0800 ERROR write command G250 S800
2025-04-11T10:50:42.324689+0800 ERROR second command G250 S800
2025-04-11T10:50:42.324689+0800 ERROR finish command G250 S800
2025-04-11T10:50:42.324689+0800 ERROR SENT: M154 S1
2025-04-11T10:50:42.324689+0800 ERROR write command M154 S1
2025-04-11T10:50:42.325591+0800 ERROR second command M154 S1
2025-04-11T10:50:42.325591+0800 ERROR finish command M154 S1
2025-04-11T10:50:46.760206+0800 ERROR SENT: M105
2025-04-11T10:50:46.760206+0800 ERROR write command M105
2025-04-11T10:50:46.760206+0800 ERROR second command M105
2025-04-11T10:50:46.760206+0800 ERROR finish command M105
2025-04-11T10:50:46.761198+0800 ERROR SENT: G250 S21
2025-04-11T10:50:46.761198+0800 ERROR write command G250 S21
2025-04-11T10:50:46.761198+0800 ERROR second command G250 S21
2025-04-11T10:50:46.761198+0800 ERROR finish command G250 S21
2025-04-11T10:50:46.761198+0800 ERROR SENT: G250 S800
2025-04-11T10:50:46.761198+0800 ERROR write command G250 S800
2025-04-11T10:50:46.761198+0800 ERROR second command G250 S800
2025-04-11T10:50:46.761198+0800 ERROR finish command G250 S800
2025-04-11T10:50:46.761198+0800 ERROR SENT: M154 S1
2025-04-11T10:50:46.762198+0800 ERROR write command M154 S1
2025-04-11T10:50:46.762198+0800 ERROR second command M154 S1
2025-04-11T10:50:46.762198+0800 ERROR finish command M154 S1
2025-04-11T10:50:50.670715+0800 ERROR SENT: M105
2025-04-11T10:50:50.670715+0800 ERROR write command M105
2025-04-11T10:50:50.671715+0800 ERROR second command M105
2025-04-11T10:50:50.671715+0800 ERROR finish command M105
2025-04-11T10:50:50.671715+0800 ERROR SENT: G250 S21
2025-04-11T10:50:50.671715+0800 ERROR write command G250 S21
2025-04-11T10:50:50.671715+0800 ERROR second command G250 S21
2025-04-11T10:50:50.671715+0800 ERROR finish command G250 S21
2025-04-11T10:50:50.672713+0800 ERROR SENT: G250 S800
2025-04-11T10:50:50.672713+0800 ERROR write command G250 S800
2025-04-11T10:50:50.672713+0800 ERROR second command G250 S800
2025-04-11T10:50:50.672713+0800 ERROR finish command G250 S800
2025-04-11T10:50:50.672713+0800 ERROR SENT: M154 S1
2025-04-11T10:50:50.673714+0800 ERROR write command M154 S1
2025-04-11T10:50:50.673714+0800 ERROR second command M154 S1
2025-04-11T10:50:50.673714+0800 ERROR finish command M154 S1
2025-04-11T10:50:54.546936+0800 ERROR SENT: M105
2025-04-11T10:50:54.546936+0800 ERROR write command M105
2025-04-11T10:50:54.546936+0800 ERROR second command M105
2025-04-11T10:50:54.546936+0800 ERROR finish command M105
2025-04-11T10:50:54.546936+0800 ERROR SENT: G250 S21
2025-04-11T10:50:54.546936+0800 ERROR write command G250 S21
2025-04-11T10:50:54.547937+0800 ERROR second command G250 S21
2025-04-11T10:50:54.547937+0800 ERROR finish command G250 S21
2025-04-11T10:50:54.547937+0800 ERROR SENT: G250 S800
2025-04-11T10:50:54.547937+0800 ERROR write command G250 S800
2025-04-11T10:50:54.547937+0800 ERROR second command G250 S800
2025-04-11T10:50:54.547937+0800 ERROR finish command G250 S800
2025-04-11T10:50:54.547937+0800 ERROR SENT: M154 S1
2025-04-11T10:50:54.547937+0800 ERROR write command M154 S1
2025-04-11T10:50:54.547937+0800 ERROR second command M154 S1
2025-04-11T10:50:54.548936+0800 ERROR finish command M154 S1
2025-04-11T10:50:58.605891+0800 ERROR SENT: M105
2025-04-11T10:50:58.605891+0800 ERROR write command M105
2025-04-11T10:50:58.606891+0800 ERROR second command M105
2025-04-11T10:50:58.606891+0800 ERROR finish command M105
2025-04-11T10:50:58.606891+0800 ERROR SENT: G250 S21
2025-04-11T10:50:58.606891+0800 ERROR write command G250 S21
2025-04-11T10:50:58.606891+0800 ERROR second command G250 S21
2025-04-11T10:50:58.607891+0800 ERROR finish command G250 S21
2025-04-11T10:50:58.607891+0800 ERROR SENT: G250 S800
2025-04-11T10:50:58.607891+0800 ERROR write command G250 S800
2025-04-11T10:50:58.607891+0800 ERROR second command G250 S800
2025-04-11T10:50:58.607891+0800 ERROR finish command G250 S800
2025-04-11T10:50:58.607891+0800 ERROR SENT: M154 S1
2025-04-11T10:50:58.608891+0800 ERROR write command M154 S1
2025-04-11T10:50:58.608891+0800 ERROR second command M154 S1
2025-04-11T10:50:58.608891+0800 ERROR finish command M154 S1
2025-04-11T10:51:02.484619+0800 ERROR SENT: M105
2025-04-11T10:51:02.484619+0800 ERROR write command M105
2025-04-11T10:51:02.485619+0800 ERROR second command M105
2025-04-11T10:51:02.485619+0800 ERROR finish command M105
2025-04-11T10:51:02.485619+0800 ERROR SENT: G250 S21
2025-04-11T10:51:02.486620+0800 ERROR write command G250 S21
2025-04-11T10:51:02.486620+0800 ERROR second command G250 S21
2025-04-11T10:51:02.486620+0800 ERROR finish command G250 S21
2025-04-11T10:51:02.486620+0800 ERROR SENT: G250 S800
2025-04-11T10:51:02.487620+0800 ERROR write command G250 S800
2025-04-11T10:51:02.487620+0800 ERROR second command G250 S800
2025-04-11T10:51:02.487620+0800 ERROR finish command G250 S800
2025-04-11T10:51:02.487620+0800 ERROR SENT: M154 S1
2025-04-11T10:51:02.487620+0800 ERROR write command M154 S1
2025-04-11T10:51:02.488620+0800 ERROR second command M154 S1
2025-04-11T10:51:02.488620+0800 ERROR finish command M154 S1
2025-04-11T10:51:06.361953+0800 ERROR SENT: M105
2025-04-11T10:51:06.361953+0800 ERROR write command M105
2025-04-11T10:51:06.361953+0800 ERROR second command M105
2025-04-11T10:51:06.361953+0800 ERROR finish command M105
2025-04-11T10:51:06.361953+0800 ERROR SENT: G250 S21
2025-04-11T10:51:06.362953+0800 ERROR write command G250 S21
2025-04-11T10:51:06.362953+0800 ERROR second command G250 S21
2025-04-11T10:51:06.362953+0800 ERROR finish command G250 S21
2025-04-11T10:51:06.362953+0800 ERROR SENT: G250 S800
2025-04-11T10:51:06.362953+0800 ERROR write command G250 S800
2025-04-11T10:51:06.363952+0800 ERROR second command G250 S800
2025-04-11T10:51:06.363952+0800 ERROR finish command G250 S800
2025-04-11T10:51:06.363952+0800 ERROR SENT: M154 S1
2025-04-11T10:51:06.363952+0800 ERROR write command M154 S1
2025-04-11T10:51:06.363952+0800 ERROR second command M154 S1
2025-04-11T10:51:06.363952+0800 ERROR finish command M154 S1
2025-04-11T10:51:10.306741+0800 ERROR SENT: M105
2025-04-11T10:51:10.306741+0800 ERROR write command M105
2025-04-11T10:51:10.306741+0800 ERROR second command M105
2025-04-11T10:51:10.307740+0800 ERROR finish command M105
2025-04-11T10:51:10.307740+0800 ERROR SENT: G250 S21
2025-04-11T10:51:10.307740+0800 ERROR write command G250 S21
2025-04-11T10:51:10.307740+0800 ERROR second command G250 S21
2025-04-11T10:51:10.307740+0800 ERROR finish command G250 S21
2025-04-11T10:51:10.308740+0800 ERROR SENT: G250 S800
2025-04-11T10:51:10.308740+0800 ERROR write command G250 S800
2025-04-11T10:51:10.309741+0800 ERROR second command G250 S800
2025-04-11T10:51:10.309741+0800 ERROR finish command G250 S800
2025-04-11T10:51:10.309741+0800 ERROR SENT: M154 S1
2025-04-11T10:51:10.309741+0800 ERROR write command M154 S1
2025-04-11T10:51:10.310740+0800 ERROR second command M154 S1
2025-04-11T10:51:10.310740+0800 ERROR finish command M154 S1
2025-04-11T10:51:14.202755+0800 ERROR SENT: M105
2025-04-11T10:51:14.203677+0800 ERROR write command M105
2025-04-11T10:51:14.203677+0800 ERROR second command M105
2025-04-11T10:51:14.203677+0800 ERROR finish command M105
2025-04-11T10:51:14.203677+0800 ERROR SENT: G250 S21
2025-04-11T10:51:14.203677+0800 ERROR write command G250 S21
2025-04-11T10:51:14.204678+0800 ERROR second command G250 S21
2025-04-11T10:51:14.204678+0800 ERROR finish command G250 S21
2025-04-11T10:51:14.204678+0800 ERROR SENT: G250 S800
2025-04-11T10:51:14.204678+0800 ERROR write command G250 S800
2025-04-11T10:51:14.204678+0800 ERROR second command G250 S800
2025-04-11T10:51:14.204678+0800 ERROR finish command G250 S800
2025-04-11T10:51:14.204678+0800 ERROR SENT: M154 S1
2025-04-11T10:51:14.204678+0800 ERROR write command M154 S1
2025-04-11T10:51:14.205677+0800 ERROR second command M154 S1
2025-04-11T10:51:14.205677+0800 ERROR finish command M154 S1
2025-04-11T10:51:18.118332+0800 ERROR SENT: M105
2025-04-11T10:51:18.118332+0800 ERROR write command M105
2025-04-11T10:51:18.118332+0800 ERROR second command M105
2025-04-11T10:51:18.119333+0800 ERROR finish command M105
2025-04-11T10:51:18.119333+0800 ERROR SENT: G250 S21
2025-04-11T10:51:18.119333+0800 ERROR write command G250 S21
2025-04-11T10:51:18.119333+0800 ERROR second command G250 S21
2025-04-11T10:51:18.119333+0800 ERROR finish command G250 S21
2025-04-11T10:51:18.119333+0800 ERROR SENT: G250 S800
2025-04-11T10:51:18.119333+0800 ERROR write command G250 S800
2025-04-11T10:51:18.119333+0800 ERROR second command G250 S800
2025-04-11T10:51:18.119333+0800 ERROR finish command G250 S800
2025-04-11T10:51:18.120336+0800 ERROR SENT: M154 S1
2025-04-11T10:51:18.120336+0800 ERROR write command M154 S1
2025-04-11T10:51:18.120336+0800 ERROR second command M154 S1
2025-04-11T10:51:18.120336+0800 ERROR finish command M154 S1
2025-04-11T10:51:22.020495+0800 ERROR SENT: M105
2025-04-11T10:51:22.020495+0800 ERROR write command M105
2025-04-11T10:51:22.020495+0800 ERROR second command M105
2025-04-11T10:51:22.021496+0800 ERROR finish command M105
2025-04-11T10:51:22.021496+0800 ERROR SENT: G250 S21
2025-04-11T10:51:22.021496+0800 ERROR write command G250 S21
2025-04-11T10:51:22.021496+0800 ERROR second command G250 S21
2025-04-11T10:51:22.021496+0800 ERROR finish command G250 S21
2025-04-11T10:51:22.021496+0800 ERROR SENT: G250 S800
2025-04-11T10:51:22.021496+0800 ERROR write command G250 S800
2025-04-11T10:51:22.021496+0800 ERROR second command G250 S800
2025-04-11T10:51:22.021496+0800 ERROR finish command G250 S800
2025-04-11T10:51:22.021496+0800 ERROR SENT: M154 S1
2025-04-11T10:51:22.022496+0800 ERROR write command M154 S1
2025-04-11T10:51:22.022496+0800 ERROR second command M154 S1
2025-04-11T10:51:22.022496+0800 ERROR finish command M154 S1
2025-04-11T10:51:25.909483+0800 ERROR SENT: M105
2025-04-11T10:51:25.909483+0800 ERROR write command M105
2025-04-11T10:51:25.909483+0800 ERROR second command M105
2025-04-11T10:51:25.910401+0800 ERROR finish command M105
2025-04-11T10:51:25.910401+0800 ERROR SENT: G250 S21
2025-04-11T10:51:25.910401+0800 ERROR write command G250 S21
2025-04-11T10:51:25.910401+0800 ERROR second command G250 S21
2025-04-11T10:51:25.910401+0800 ERROR finish command G250 S21
2025-04-11T10:51:25.910401+0800 ERROR SENT: G250 S800
2025-04-11T10:51:25.910401+0800 ERROR write command G250 S800
2025-04-11T10:51:25.911405+0800 ERROR second command G250 S800
2025-04-11T10:51:25.911405+0800 ERROR finish command G250 S800
2025-04-11T10:51:25.911405+0800 ERROR SENT: M154 S1
2025-04-11T10:51:25.911405+0800 ERROR write command M154 S1
2025-04-11T10:51:25.911405+0800 ERROR second command M154 S1
2025-04-11T10:51:25.912405+0800 ERROR finish command M154 S1
2025-04-11T10:51:29.810211+0800 ERROR SENT: M105
2025-04-11T10:51:29.810211+0800 ERROR write command M105
2025-04-11T10:51:29.811213+0800 ERROR second command M105
2025-04-11T10:51:29.811213+0800 ERROR finish command M105
2025-04-11T10:51:29.811213+0800 ERROR SENT: G250 S21
2025-04-11T10:51:29.811213+0800 ERROR write command G250 S21
2025-04-11T10:51:29.811213+0800 ERROR second command G250 S21
2025-04-11T10:51:29.811213+0800 ERROR finish command G250 S21
2025-04-11T10:51:29.811213+0800 ERROR SENT: G250 S800
2025-04-11T10:51:29.811213+0800 ERROR write command G250 S800
2025-04-11T10:51:29.812213+0800 ERROR second command G250 S800
2025-04-11T10:51:29.812213+0800 ERROR finish command G250 S800
2025-04-11T10:51:29.812213+0800 ERROR SENT: M154 S1
2025-04-11T10:51:29.812213+0800 ERROR write command M154 S1
2025-04-11T10:51:29.812213+0800 ERROR second command M154 S1
2025-04-11T10:51:29.812213+0800 ERROR finish command M154 S1
