2025-04-07T15:03:21.258763+0800 INFO 设备已成功连接
2025-04-07T15:03:21.260762+0800 ERROR SENT: M105
2025-04-07T15:03:21.260762+0800 ERROR write command M105
2025-04-07T15:03:21.261762+0800 ERROR second command M105
2025-04-07T15:03:21.262764+0800 ERROR finish command M105
2025-04-07T15:03:21.263763+0800 ERROR SENT: G250 S21
2025-04-07T15:03:21.264764+0800 ERROR write command G250 S21
2025-04-07T15:03:21.264764+0800 ERROR second command G250 S21
2025-04-07T15:03:21.265762+0800 ERROR finish command G250 S21
2025-04-07T15:03:21.265762+0800 ERROR SENT: G250 S800
2025-04-07T15:03:21.266763+0800 ERROR write command G250 S800
2025-04-07T15:03:21.266763+0800 ERROR second command G250 S800
2025-04-07T15:03:21.267766+0800 ERROR finish command G250 S800
2025-04-07T15:03:21.267766+0800 ERROR SENT: M154 S1
2025-04-07T15:03:21.268763+0800 ERROR write command M154 S1
2025-04-07T15:03:21.268763+0800 ERROR second command M154 S1
2025-04-07T15:03:21.268763+0800 ERROR finish command M154 S1
2025-04-07T15:03:25.183994+0800 ERROR SENT: M105
2025-04-07T15:03:25.183994+0800 ERROR write command M105
2025-04-07T15:03:25.184959+0800 ERROR second command M105
2025-04-07T15:03:25.184959+0800 ERROR finish command M105
2025-04-07T15:03:25.185959+0800 ERROR SENT: G250 S21
2025-04-07T15:03:25.185959+0800 ERROR write command G250 S21
2025-04-07T15:03:25.185959+0800 ERROR second command G250 S21
2025-04-07T15:03:25.185959+0800 ERROR finish command G250 S21
2025-04-07T15:03:25.185959+0800 ERROR SENT: G250 S800
2025-04-07T15:03:25.186959+0800 ERROR write command G250 S800
2025-04-07T15:03:25.186959+0800 ERROR second command G250 S800
2025-04-07T15:03:25.186959+0800 ERROR finish command G250 S800
2025-04-07T15:03:25.186959+0800 ERROR SENT: M154 S1
2025-04-07T15:03:25.186959+0800 ERROR write command M154 S1
2025-04-07T15:03:25.187959+0800 ERROR second command M154 S1
2025-04-07T15:03:25.187959+0800 ERROR finish command M154 S1
2025-04-07T15:03:29.268148+0800 ERROR SENT: M105
2025-04-07T15:03:29.269025+0800 ERROR write command M105
2025-04-07T15:03:29.269025+0800 ERROR second command M105
2025-04-07T15:03:29.269025+0800 ERROR finish command M105
2025-04-07T15:03:29.269025+0800 ERROR SENT: G250 S21
2025-04-07T15:03:29.269025+0800 ERROR write command G250 S21
2025-04-07T15:03:29.270027+0800 ERROR second command G250 S21
2025-04-07T15:03:29.270027+0800 ERROR finish command G250 S21
2025-04-07T15:03:29.270027+0800 ERROR SENT: G250 S800
2025-04-07T15:03:29.271027+0800 ERROR write command G250 S800
2025-04-07T15:03:29.271027+0800 ERROR second command G250 S800
2025-04-07T15:03:29.271027+0800 ERROR finish command G250 S800
2025-04-07T15:03:29.271027+0800 ERROR SENT: M154 S1
2025-04-07T15:03:29.272027+0800 ERROR write command M154 S1
2025-04-07T15:03:29.272027+0800 ERROR second command M154 S1
2025-04-07T15:03:29.272027+0800 ERROR finish command M154 S1
2025-04-07T15:03:33.175035+0800 ERROR SENT: M105
2025-04-07T15:03:33.176034+0800 ERROR write command M105
2025-04-07T15:03:33.176034+0800 ERROR second command M105
2025-04-07T15:03:33.176034+0800 ERROR finish command M105
2025-04-07T15:03:33.177076+0800 ERROR SENT: G250 S21
2025-04-07T15:03:33.177076+0800 ERROR write command G250 S21
2025-04-07T15:03:33.177076+0800 ERROR second command G250 S21
2025-04-07T15:03:33.177076+0800 ERROR finish command G250 S21
2025-04-07T15:03:33.178047+0800 ERROR SENT: G250 S800
2025-04-07T15:03:33.178047+0800 ERROR write command G250 S800
2025-04-07T15:03:33.178047+0800 ERROR second command G250 S800
2025-04-07T15:03:33.179044+0800 ERROR finish command G250 S800
2025-04-07T15:03:33.179044+0800 ERROR SENT: M154 S1
2025-04-07T15:03:33.179044+0800 ERROR write command M154 S1
2025-04-07T15:03:33.179044+0800 ERROR second command M154 S1
2025-04-07T15:03:33.179044+0800 ERROR finish command M154 S1
2025-04-07T15:03:37.029010+0800 ERROR SENT: M105
2025-04-07T15:03:37.030009+0800 ERROR write command M105
2025-04-07T15:03:37.030009+0800 ERROR second command M105
2025-04-07T15:03:37.030009+0800 ERROR finish command M105
2025-04-07T15:03:37.030009+0800 ERROR SENT: G250 S21
2025-04-07T15:03:37.031009+0800 ERROR write command G250 S21
2025-04-07T15:03:37.031009+0800 ERROR second command G250 S21
2025-04-07T15:03:37.031009+0800 ERROR finish command G250 S21
2025-04-07T15:03:37.031009+0800 ERROR SENT: G250 S800
2025-04-07T15:03:37.031009+0800 ERROR write command G250 S800
2025-04-07T15:03:37.032010+0800 ERROR second command G250 S800
2025-04-07T15:03:37.032010+0800 ERROR finish command G250 S800
2025-04-07T15:03:37.032010+0800 ERROR SENT: M154 S1
2025-04-07T15:03:37.032010+0800 ERROR write command M154 S1
2025-04-07T15:03:37.033009+0800 ERROR second command M154 S1
2025-04-07T15:03:37.033009+0800 ERROR finish command M154 S1
2025-04-07T15:03:40.933636+0800 ERROR SENT: M105
2025-04-07T15:03:40.934547+0800 ERROR write command M105
2025-04-07T15:03:40.934547+0800 ERROR second command M105
2025-04-07T15:03:40.934547+0800 ERROR finish command M105
2025-04-07T15:03:40.935547+0800 ERROR SENT: G250 S21
2025-04-07T15:03:40.935547+0800 ERROR write command G250 S21
2025-04-07T15:03:40.935547+0800 ERROR second command G250 S21
2025-04-07T15:03:40.936548+0800 ERROR finish command G250 S21
2025-04-07T15:03:40.936548+0800 ERROR SENT: G250 S800
2025-04-07T15:03:40.936548+0800 ERROR write command G250 S800
2025-04-07T15:03:40.936548+0800 ERROR second command G250 S800
2025-04-07T15:03:40.937557+0800 ERROR finish command G250 S800
2025-04-07T15:03:40.937557+0800 ERROR SENT: M154 S1
2025-04-07T15:03:40.937557+0800 ERROR write command M154 S1
2025-04-07T15:03:40.937557+0800 ERROR second command M154 S1
2025-04-07T15:03:40.938546+0800 ERROR finish command M154 S1
2025-04-07T15:03:44.911961+0800 ERROR SENT: M105
2025-04-07T15:03:44.979352+0800 ERROR write command M105
2025-04-07T15:03:44.980351+0800 ERROR second command M105
2025-04-07T15:03:44.981356+0800 ERROR finish command M105
2025-04-07T15:03:44.981356+0800 ERROR SENT: G250 S21
2025-04-07T15:03:44.982353+0800 ERROR write command G250 S21
2025-04-07T15:03:44.982353+0800 ERROR second command G250 S21
2025-04-07T15:03:44.982353+0800 ERROR finish command G250 S21
2025-04-07T15:03:44.982353+0800 ERROR SENT: G250 S800
2025-04-07T15:03:44.983352+0800 ERROR write command G250 S800
2025-04-07T15:03:44.983352+0800 ERROR second command G250 S800
2025-04-07T15:03:44.983352+0800 ERROR finish command G250 S800
2025-04-07T15:03:44.984351+0800 ERROR SENT: M154 S1
2025-04-07T15:03:45.003352+0800 ERROR write command M154 S1
2025-04-07T15:03:45.003352+0800 ERROR second command M154 S1
2025-04-07T15:03:45.003352+0800 ERROR finish command M154 S1
2025-04-07T15:03:48.949344+0800 ERROR SENT: M105
2025-04-07T15:03:48.949344+0800 ERROR write command M105
2025-04-07T15:03:48.949344+0800 ERROR second command M105
2025-04-07T15:03:48.950336+0800 ERROR finish command M105
2025-04-07T15:03:48.950336+0800 ERROR SENT: G250 S21
2025-04-07T15:03:48.951337+0800 ERROR write command G250 S21
2025-04-07T15:03:48.951337+0800 ERROR second command G250 S21
2025-04-07T15:03:48.951337+0800 ERROR finish command G250 S21
2025-04-07T15:03:48.951337+0800 ERROR SENT: G250 S800
2025-04-07T15:03:48.952337+0800 ERROR write command G250 S800
2025-04-07T15:03:48.952337+0800 ERROR second command G250 S800
2025-04-07T15:03:48.952337+0800 ERROR finish command G250 S800
2025-04-07T15:03:48.953336+0800 ERROR SENT: M154 S1
2025-04-07T15:03:48.953336+0800 ERROR write command M154 S1
2025-04-07T15:03:48.953336+0800 ERROR second command M154 S1
2025-04-07T15:03:48.954339+0800 ERROR finish command M154 S1
2025-04-07T15:03:52.826686+0800 ERROR SENT: M105
2025-04-07T15:03:52.827682+0800 ERROR write command M105
2025-04-07T15:03:52.827682+0800 ERROR second command M105
2025-04-07T15:03:52.827682+0800 ERROR finish command M105
2025-04-07T15:03:52.827682+0800 ERROR SENT: G250 S21
2025-04-07T15:03:52.827682+0800 ERROR write command G250 S21
2025-04-07T15:03:52.828681+0800 ERROR second command G250 S21
2025-04-07T15:03:52.828681+0800 ERROR finish command G250 S21
2025-04-07T15:03:52.828681+0800 ERROR SENT: G250 S800
2025-04-07T15:03:52.828681+0800 ERROR write command G250 S800
2025-04-07T15:03:52.829682+0800 ERROR second command G250 S800
2025-04-07T15:03:52.829682+0800 ERROR finish command G250 S800
2025-04-07T15:03:52.829682+0800 ERROR SENT: M154 S1
2025-04-07T15:03:52.829682+0800 ERROR write command M154 S1
2025-04-07T15:03:52.830691+0800 ERROR second command M154 S1
2025-04-07T15:03:52.830691+0800 ERROR finish command M154 S1
2025-04-07T15:03:56.741519+0800 ERROR SENT: M105
2025-04-07T15:03:56.742520+0800 ERROR write command M105
2025-04-07T15:03:56.742520+0800 ERROR second command M105
2025-04-07T15:03:56.742520+0800 ERROR finish command M105
2025-04-07T15:03:56.743524+0800 ERROR SENT: G250 S21
2025-04-07T15:03:56.743524+0800 ERROR write command G250 S21
2025-04-07T15:03:56.743524+0800 ERROR second command G250 S21
2025-04-07T15:03:56.744522+0800 ERROR finish command G250 S21
2025-04-07T15:03:56.744522+0800 ERROR SENT: G250 S800
2025-04-07T15:03:56.745527+0800 ERROR write command G250 S800
2025-04-07T15:03:56.746522+0800 ERROR second command G250 S800
2025-04-07T15:03:56.746522+0800 ERROR finish command G250 S800
2025-04-07T15:03:56.746522+0800 ERROR SENT: M154 S1
2025-04-07T15:03:56.747523+0800 ERROR write command M154 S1
2025-04-07T15:03:56.748526+0800 ERROR second command M154 S1
2025-04-07T15:03:56.748526+0800 ERROR finish command M154 S1
2025-04-07T15:04:00.644689+0800 ERROR SENT: M105
2025-04-07T15:04:00.644689+0800 ERROR write command M105
2025-04-07T15:04:00.644689+0800 ERROR second command M105
2025-04-07T15:04:00.645690+0800 ERROR finish command M105
2025-04-07T15:04:00.645690+0800 ERROR SENT: G250 S21
2025-04-07T15:04:00.645690+0800 ERROR write command G250 S21
2025-04-07T15:04:00.645690+0800 ERROR second command G250 S21
2025-04-07T15:04:00.646689+0800 ERROR finish command G250 S21
2025-04-07T15:04:00.646689+0800 ERROR SENT: G250 S800
2025-04-07T15:04:00.646689+0800 ERROR write command G250 S800
2025-04-07T15:04:00.646689+0800 ERROR second command G250 S800
2025-04-07T15:04:00.646689+0800 ERROR finish command G250 S800
2025-04-07T15:04:00.646689+0800 ERROR SENT: M154 S1
2025-04-07T15:04:00.647699+0800 ERROR write command M154 S1
2025-04-07T15:04:00.647699+0800 ERROR second command M154 S1
2025-04-07T15:04:00.648689+0800 ERROR finish command M154 S1
2025-04-07T15:04:04.612497+0800 ERROR SENT: M105
2025-04-07T15:04:04.613497+0800 ERROR write command M105
2025-04-07T15:04:04.613497+0800 ERROR second command M105
2025-04-07T15:04:04.613497+0800 ERROR finish command M105
2025-04-07T15:04:04.614496+0800 ERROR SENT: G250 S21
2025-04-07T15:04:04.614496+0800 ERROR write command G250 S21
2025-04-07T15:04:04.614496+0800 ERROR second command G250 S21
2025-04-07T15:04:04.614496+0800 ERROR finish command G250 S21
2025-04-07T15:04:04.615496+0800 ERROR SENT: G250 S800
2025-04-07T15:04:04.615496+0800 ERROR write command G250 S800
2025-04-07T15:04:04.615496+0800 ERROR second command G250 S800
2025-04-07T15:04:04.615496+0800 ERROR finish command G250 S800
2025-04-07T15:04:04.631557+0800 ERROR SENT: M154 S1
2025-04-07T15:04:04.632556+0800 ERROR write command M154 S1
2025-04-07T15:04:04.632556+0800 ERROR second command M154 S1
2025-04-07T15:04:04.633557+0800 ERROR finish command M154 S1
2025-04-07T15:04:08.546871+0800 ERROR SENT: M105
2025-04-07T15:04:08.547865+0800 ERROR write command M105
2025-04-07T15:04:08.547865+0800 ERROR second command M105
2025-04-07T15:04:08.547865+0800 ERROR finish command M105
2025-04-07T15:04:08.547865+0800 ERROR SENT: G250 S21
2025-04-07T15:04:08.548864+0800 ERROR write command G250 S21
2025-04-07T15:04:08.548864+0800 ERROR second command G250 S21
2025-04-07T15:04:08.548864+0800 ERROR finish command G250 S21
2025-04-07T15:04:08.548864+0800 ERROR SENT: G250 S800
2025-04-07T15:04:08.549864+0800 ERROR write command G250 S800
2025-04-07T15:04:08.549864+0800 ERROR second command G250 S800
2025-04-07T15:04:08.549864+0800 ERROR finish command G250 S800
2025-04-07T15:04:08.549864+0800 ERROR SENT: M154 S1
2025-04-07T15:04:08.550873+0800 ERROR write command M154 S1
2025-04-07T15:04:08.550873+0800 ERROR second command M154 S1
2025-04-07T15:04:08.551864+0800 ERROR finish command M154 S1
