2025-04-06T22:04:22.228213+0800 INFO 设备已成功连接
2025-04-06T22:04:22.228213+0800 ERROR SENT: M105
2025-04-06T22:04:22.228213+0800 ERROR write command M105
2025-04-06T22:04:22.229452+0800 ERROR second command M105
2025-04-06T22:04:22.229452+0800 ERROR finish command M105
2025-04-06T22:04:22.234536+0800 ERROR SENT: G250 S21
2025-04-06T22:04:22.234536+0800 ERROR write command G250 S21
2025-04-06T22:04:22.234536+0800 ERROR second command G250 S21
2025-04-06T22:04:22.235475+0800 ERROR finish command G250 S21
2025-04-06T22:04:22.235475+0800 ERROR SENT: G250 S800
2025-04-06T22:04:22.235475+0800 ERROR write command G250 S800
2025-04-06T22:04:22.235475+0800 ERROR second command G250 S800
2025-04-06T22:04:22.235475+0800 ERROR finish command G250 S800
2025-04-06T22:04:22.236455+0800 ERROR SENT: M154 S1
2025-04-06T22:04:22.236455+0800 ERROR write command M154 S1
2025-04-06T22:04:22.236455+0800 ERROR second command M154 S1
2025-04-06T22:04:22.236455+0800 ERROR finish command M154 S1
2025-04-06T22:04:22.237457+0800 ERROR SENT: 2025-04-06 22:04:22
2025-04-06T22:04:22.237457+0800 ERROR write command 2025-04-06 22:04:22
2025-04-06T22:04:22.237457+0800 ERROR second command 2025-04-06 22:04:22
2025-04-06T22:04:22.237457+0800 ERROR finish command 2025-04-06 22:04:22
2025-04-06T22:04:26.114589+0800 ERROR SENT: M105
2025-04-06T22:04:26.114589+0800 ERROR write command M105
2025-04-06T22:04:26.114589+0800 ERROR second command M105
2025-04-06T22:04:26.114589+0800 ERROR finish command M105
2025-04-06T22:04:26.114589+0800 ERROR SENT: G250 S21
2025-04-06T22:04:26.114589+0800 ERROR write command G250 S21
2025-04-06T22:04:26.115604+0800 ERROR second command G250 S21
2025-04-06T22:04:26.115604+0800 ERROR finish command G250 S21
2025-04-06T22:04:26.115604+0800 ERROR SENT: G250 S800
2025-04-06T22:04:26.115604+0800 ERROR write command G250 S800
2025-04-06T22:04:26.115604+0800 ERROR second command G250 S800
2025-04-06T22:04:26.115604+0800 ERROR finish command G250 S800
2025-04-06T22:04:26.115604+0800 ERROR SENT: M154 S1
2025-04-06T22:04:26.115604+0800 ERROR write command M154 S1
2025-04-06T22:04:26.115604+0800 ERROR second command M154 S1
2025-04-06T22:04:26.116594+0800 ERROR finish command M154 S1
2025-04-06T22:04:26.116594+0800 ERROR SENT: 2025-04-06 22:04:26
2025-04-06T22:04:26.116594+0800 ERROR write command 2025-04-06 22:04:26
2025-04-06T22:04:26.116594+0800 ERROR second command 2025-04-06 22:04:26
2025-04-06T22:04:26.116594+0800 ERROR finish command 2025-04-06 22:04:26
2025-04-06T22:04:30.052703+0800 ERROR SENT: M105
2025-04-06T22:04:30.052703+0800 ERROR write command M105
2025-04-06T22:04:30.052703+0800 ERROR second command M105
2025-04-06T22:04:30.052703+0800 ERROR finish command M105
2025-04-06T22:04:30.053705+0800 ERROR SENT: G250 S21
2025-04-06T22:04:30.053705+0800 ERROR write command G250 S21
2025-04-06T22:04:30.053705+0800 ERROR second command G250 S21
2025-04-06T22:04:30.053705+0800 ERROR finish command G250 S21
2025-04-06T22:04:30.053705+0800 ERROR SENT: G250 S800
2025-04-06T22:04:30.053705+0800 ERROR write command G250 S800
2025-04-06T22:04:30.053705+0800 ERROR second command G250 S800
2025-04-06T22:04:30.053705+0800 ERROR finish command G250 S800
2025-04-06T22:04:30.053705+0800 ERROR SENT: M154 S1
2025-04-06T22:04:30.053705+0800 ERROR write command M154 S1
2025-04-06T22:04:30.054705+0800 ERROR second command M154 S1
2025-04-06T22:04:30.054705+0800 ERROR finish command M154 S1
2025-04-06T22:04:30.054705+0800 ERROR SENT: 2025-04-06 22:04:30
2025-04-06T22:04:30.054705+0800 ERROR write command 2025-04-06 22:04:30
2025-04-06T22:04:30.054705+0800 ERROR second command 2025-04-06 22:04:30
2025-04-06T22:04:30.054705+0800 ERROR finish command 2025-04-06 22:04:30
2025-04-06T22:04:34.023514+0800 ERROR SENT: M105
2025-04-06T22:04:34.023514+0800 ERROR write command M105
2025-04-06T22:04:34.024513+0800 ERROR second command M105
2025-04-06T22:04:34.024513+0800 ERROR finish command M105
2025-04-06T22:04:34.024513+0800 ERROR SENT: G250 S21
2025-04-06T22:04:34.024513+0800 ERROR write command G250 S21
2025-04-06T22:04:34.024513+0800 ERROR second command G250 S21
2025-04-06T22:04:34.025512+0800 ERROR finish command G250 S21
2025-04-06T22:04:34.025512+0800 ERROR SENT: G250 S800
2025-04-06T22:04:34.025512+0800 ERROR write command G250 S800
2025-04-06T22:04:34.025512+0800 ERROR second command G250 S800
2025-04-06T22:04:34.025512+0800 ERROR finish command G250 S800
2025-04-06T22:04:34.025512+0800 ERROR SENT: M154 S1
2025-04-06T22:04:34.026511+0800 ERROR write command M154 S1
2025-04-06T22:04:34.026511+0800 ERROR second command M154 S1
2025-04-06T22:04:34.026511+0800 ERROR finish command M154 S1
2025-04-06T22:04:34.026511+0800 ERROR SENT: 2025-04-06 22:04:34
2025-04-06T22:04:34.027512+0800 ERROR write command 2025-04-06 22:04:34
2025-04-06T22:04:34.027512+0800 ERROR second command 2025-04-06 22:04:34
2025-04-06T22:04:34.027512+0800 ERROR finish command 2025-04-06 22:04:34
2025-04-06T22:04:37.871078+0800 ERROR SENT: M105
2025-04-06T22:04:37.871078+0800 ERROR write command M105
2025-04-06T22:04:37.871078+0800 ERROR second command M105
2025-04-06T22:04:37.871078+0800 ERROR finish command M105
2025-04-06T22:04:37.871078+0800 ERROR SENT: G250 S21
2025-04-06T22:04:37.871078+0800 ERROR write command G250 S21
2025-04-06T22:04:37.872082+0800 ERROR second command G250 S21
2025-04-06T22:04:37.872082+0800 ERROR finish command G250 S21
2025-04-06T22:04:37.872082+0800 ERROR SENT: G250 S800
2025-04-06T22:04:37.872082+0800 ERROR write command G250 S800
2025-04-06T22:04:37.872082+0800 ERROR second command G250 S800
2025-04-06T22:04:37.872082+0800 ERROR finish command G250 S800
2025-04-06T22:04:37.872082+0800 ERROR SENT: M154 S1
2025-04-06T22:04:37.872082+0800 ERROR write command M154 S1
2025-04-06T22:04:37.873082+0800 ERROR second command M154 S1
2025-04-06T22:04:37.873082+0800 ERROR finish command M154 S1
2025-04-06T22:04:37.873082+0800 ERROR SENT: 2025-04-06 22:04:37
2025-04-06T22:04:37.873082+0800 ERROR write command 2025-04-06 22:04:37
2025-04-06T22:04:37.874093+0800 ERROR second command 2025-04-06 22:04:37
2025-04-06T22:04:37.874093+0800 ERROR finish command 2025-04-06 22:04:37
2025-04-06T22:04:41.782616+0800 ERROR SENT: M105
2025-04-06T22:04:41.782616+0800 ERROR write command M105
2025-04-06T22:04:41.782616+0800 ERROR second command M105
2025-04-06T22:04:41.782616+0800 ERROR finish command M105
2025-04-06T22:04:41.783575+0800 ERROR SENT: G250 S21
2025-04-06T22:04:41.783575+0800 ERROR write command G250 S21
2025-04-06T22:04:41.783575+0800 ERROR second command G250 S21
2025-04-06T22:04:41.783575+0800 ERROR finish command G250 S21
2025-04-06T22:04:41.783575+0800 ERROR SENT: G250 S800
2025-04-06T22:04:41.783575+0800 ERROR write command G250 S800
2025-04-06T22:04:41.783575+0800 ERROR second command G250 S800
2025-04-06T22:04:41.783575+0800 ERROR finish command G250 S800
2025-04-06T22:04:41.783575+0800 ERROR SENT: M154 S1
2025-04-06T22:04:41.784575+0800 ERROR write command M154 S1
2025-04-06T22:04:41.784575+0800 ERROR second command M154 S1
2025-04-06T22:04:41.784575+0800 ERROR finish command M154 S1
2025-04-06T22:04:41.784575+0800 ERROR SENT: 2025-04-06 22:04:41
2025-04-06T22:04:41.784575+0800 ERROR write command 2025-04-06 22:04:41
2025-04-06T22:04:41.785575+0800 ERROR second command 2025-04-06 22:04:41
2025-04-06T22:04:41.785575+0800 ERROR finish command 2025-04-06 22:04:41
2025-04-06T22:04:45.724036+0800 ERROR SENT: M105
2025-04-06T22:04:45.724036+0800 ERROR write command M105
2025-04-06T22:04:45.724036+0800 ERROR second command M105
2025-04-06T22:04:45.724931+0800 ERROR finish command M105
2025-04-06T22:04:45.724931+0800 ERROR SENT: G250 S21
2025-04-06T22:04:45.724931+0800 ERROR write command G250 S21
2025-04-06T22:04:45.724931+0800 ERROR second command G250 S21
2025-04-06T22:04:45.724931+0800 ERROR finish command G250 S21
2025-04-06T22:04:45.725949+0800 ERROR SENT: G250 S800
2025-04-06T22:04:45.725949+0800 ERROR write command G250 S800
2025-04-06T22:04:45.725949+0800 ERROR second command G250 S800
2025-04-06T22:04:45.725949+0800 ERROR finish command G250 S800
2025-04-06T22:04:45.725949+0800 ERROR SENT: M154 S1
2025-04-06T22:04:45.725949+0800 ERROR write command M154 S1
2025-04-06T22:04:45.725949+0800 ERROR second command M154 S1
2025-04-06T22:04:45.726931+0800 ERROR finish command M154 S1
2025-04-06T22:04:45.726931+0800 ERROR SENT: 2025-04-06 22:04:45
2025-04-06T22:04:45.726931+0800 ERROR write command 2025-04-06 22:04:45
2025-04-06T22:04:45.726931+0800 ERROR second command 2025-04-06 22:04:45
2025-04-06T22:04:45.727931+0800 ERROR finish command 2025-04-06 22:04:45
2025-04-06T22:04:49.606942+0800 ERROR SENT: M105
2025-04-06T22:04:49.606942+0800 ERROR write command M105
2025-04-06T22:04:49.606942+0800 ERROR second command M105
2025-04-06T22:04:49.606942+0800 ERROR finish command M105
2025-04-06T22:04:49.606942+0800 ERROR SENT: G250 S21
2025-04-06T22:04:49.607943+0800 ERROR write command G250 S21
2025-04-06T22:04:49.607943+0800 ERROR second command G250 S21
2025-04-06T22:04:49.607943+0800 ERROR finish command G250 S21
2025-04-06T22:04:49.607943+0800 ERROR SENT: G250 S800
2025-04-06T22:04:49.607943+0800 ERROR write command G250 S800
2025-04-06T22:04:49.608944+0800 ERROR second command G250 S800
2025-04-06T22:04:49.608944+0800 ERROR finish command G250 S800
2025-04-06T22:04:49.608944+0800 ERROR SENT: M154 S1
2025-04-06T22:04:49.608944+0800 ERROR write command M154 S1
2025-04-06T22:04:49.608944+0800 ERROR second command M154 S1
2025-04-06T22:04:49.609944+0800 ERROR finish command M154 S1
2025-04-06T22:04:49.609944+0800 ERROR SENT: 2025-04-06 22:04:49
2025-04-06T22:04:49.609944+0800 ERROR write command 2025-04-06 22:04:49
2025-04-06T22:04:49.609944+0800 ERROR second command 2025-04-06 22:04:49
2025-04-06T22:04:49.609944+0800 ERROR finish command 2025-04-06 22:04:49
2025-04-06T22:04:53.514660+0800 ERROR SENT: M105
2025-04-06T22:04:53.514660+0800 ERROR write command M105
2025-04-06T22:04:53.514660+0800 ERROR second command M105
2025-04-06T22:04:53.514660+0800 ERROR finish command M105
2025-04-06T22:04:53.515668+0800 ERROR SENT: G250 S21
2025-04-06T22:04:53.515668+0800 ERROR write command G250 S21
2025-04-06T22:04:53.515668+0800 ERROR second command G250 S21
2025-04-06T22:04:53.515668+0800 ERROR finish command G250 S21
2025-04-06T22:04:53.515668+0800 ERROR SENT: G250 S800
2025-04-06T22:04:53.515668+0800 ERROR write command G250 S800
2025-04-06T22:04:53.515668+0800 ERROR second command G250 S800
2025-04-06T22:04:53.515668+0800 ERROR finish command G250 S800
2025-04-06T22:04:53.515668+0800 ERROR SENT: M154 S1
2025-04-06T22:04:53.516667+0800 ERROR write command M154 S1
2025-04-06T22:04:53.516667+0800 ERROR second command M154 S1
2025-04-06T22:04:53.516667+0800 ERROR finish command M154 S1
2025-04-06T22:04:53.516667+0800 ERROR SENT: 2025-04-06 22:04:53
2025-04-06T22:04:53.516667+0800 ERROR write command 2025-04-06 22:04:53
2025-04-06T22:04:53.517667+0800 ERROR second command 2025-04-06 22:04:53
2025-04-06T22:04:53.517667+0800 ERROR finish command 2025-04-06 22:04:53
