2025-05-13T14:20:53.609577+0800 INFO G91
2025-05-13T14:20:53.610576+0800 INFO Not connected to printer.
2025-05-13T14:20:53.610576+0800 INFO L1 E0.1 F200
2025-05-13T14:20:53.610576+0800 INFO Not connected to printer.
2025-05-13T14:20:53.610576+0800 INFO G90
2025-05-13T14:20:53.611577+0800 INFO Not connected to printer.
2025-05-13T14:20:53.937660+0800 INFO G91
2025-05-13T14:20:53.938659+0800 INFO Not connected to printer.
2025-05-13T14:20:53.938659+0800 INFO L1 E0.1 F200
2025-05-13T14:20:53.938659+0800 INFO Not connected to printer.
2025-05-13T14:20:53.938659+0800 INFO G90
2025-05-13T14:20:53.938659+0800 INFO Not connected to printer.
2025-05-13T14:20:54.525139+0800 INFO G91
2025-05-13T14:20:54.525139+0800 INFO Not connected to printer.
2025-05-13T14:20:54.525139+0800 INFO G28 X
2025-05-13T14:20:54.526138+0800 INFO Not connected to printer.
2025-05-13T14:20:54.526138+0800 INFO G90
2025-05-13T14:20:54.526138+0800 INFO Not connected to printer.
2025-05-13T14:20:54.970622+0800 INFO G91
2025-05-13T14:20:54.970622+0800 INFO Not connected to printer.
2025-05-13T14:20:54.971628+0800 INFO G28 Y
2025-05-13T14:20:54.971628+0800 INFO Not connected to printer.
2025-05-13T14:20:54.971628+0800 INFO G90
2025-05-13T14:20:54.971628+0800 INFO Not connected to printer.
2025-05-13T14:20:55.387507+0800 INFO G91
2025-05-13T14:20:55.387507+0800 INFO Not connected to printer.
2025-05-13T14:20:55.387507+0800 INFO G28 Z
2025-05-13T14:20:55.388507+0800 INFO Not connected to printer.
2025-05-13T14:20:55.388507+0800 INFO G90
2025-05-13T14:20:55.388507+0800 INFO Not connected to printer.
2025-05-13T14:20:55.737268+0800 INFO G91
2025-05-13T14:20:55.738267+0800 INFO Not connected to printer.
2025-05-13T14:20:55.738267+0800 INFO G28
2025-05-13T14:20:55.738267+0800 INFO Not connected to printer.
2025-05-13T14:20:55.739270+0800 INFO G90
2025-05-13T14:20:55.739270+0800 INFO Not connected to printer.
2025-05-13T14:20:56.286078+0800 INFO G91
2025-05-13T14:20:56.286078+0800 INFO Not connected to printer.
2025-05-13T14:20:56.287078+0800 INFO G28 Z
2025-05-13T14:20:56.287078+0800 INFO Not connected to printer.
2025-05-13T14:20:56.288079+0800 INFO G90
2025-05-13T14:20:56.288079+0800 INFO Not connected to printer.
2025-05-13T14:20:56.641991+0800 INFO G91
2025-05-13T14:20:56.642990+0800 INFO Not connected to printer.
2025-05-13T14:20:56.642990+0800 INFO G28 Y
2025-05-13T14:20:56.642990+0800 INFO Not connected to printer.
2025-05-13T14:20:56.642990+0800 INFO G90
2025-05-13T14:20:56.643991+0800 INFO Not connected to printer.
2025-05-13T14:20:57.008940+0800 INFO G91
2025-05-13T14:20:57.009954+0800 INFO Not connected to printer.
2025-05-13T14:20:57.009954+0800 INFO G28 X
2025-05-13T14:20:57.010950+0800 INFO Not connected to printer.
2025-05-13T14:20:57.010950+0800 INFO G90
2025-05-13T14:20:57.010950+0800 INFO Not connected to printer.
