2025-04-11T12:00:50.400963+0800 INFO 设备已成功连接
2025-04-11T12:00:50.401953+0800 ERROR SENT: M105
2025-04-11T12:00:50.401953+0800 ERROR write command M105
2025-04-11T12:00:50.401953+0800 ERROR second command M105
2025-04-11T12:00:50.402953+0800 ERROR finish command M105
2025-04-11T12:00:50.402953+0800 ERROR SENT: G250 S21
2025-04-11T12:00:50.402953+0800 ERROR write command G250 S21
2025-04-11T12:00:50.402953+0800 ERROR second command G250 S21
2025-04-11T12:00:50.403955+0800 ERROR finish command G250 S21
2025-04-11T12:00:50.403955+0800 ERROR SENT: G250 S800
2025-04-11T12:00:50.403955+0800 ERROR write command G250 S800
2025-04-11T12:00:50.404953+0800 ERROR second command G250 S800
2025-04-11T12:00:50.404953+0800 ERROR finish command G250 S800
2025-04-11T12:00:50.404953+0800 ERROR SENT: M154 S1
2025-04-11T12:00:50.404953+0800 ERROR write command M154 S1
2025-04-11T12:00:50.405953+0800 ERROR second command M154 S1
2025-04-11T12:00:50.405953+0800 ERROR finish command M154 S1
2025-04-11T12:00:54.262676+0800 ERROR SENT: M105
2025-04-11T12:00:54.262676+0800 ERROR write command M105
2025-04-11T12:00:54.262676+0800 ERROR second command M105
2025-04-11T12:00:54.262676+0800 ERROR finish command M105
2025-04-11T12:00:54.262676+0800 ERROR SENT: G250 S21
2025-04-11T12:00:54.263676+0800 ERROR write command G250 S21
2025-04-11T12:00:54.263676+0800 ERROR second command G250 S21
2025-04-11T12:00:54.263676+0800 ERROR finish command G250 S21
2025-04-11T12:00:54.263676+0800 ERROR SENT: G250 S800
2025-04-11T12:00:54.263676+0800 ERROR write command G250 S800
2025-04-11T12:00:54.264678+0800 ERROR second command G250 S800
2025-04-11T12:00:54.264678+0800 ERROR finish command G250 S800
2025-04-11T12:00:54.264678+0800 ERROR SENT: M154 S1
2025-04-11T12:00:54.264678+0800 ERROR write command M154 S1
2025-04-11T12:00:54.264678+0800 ERROR second command M154 S1
2025-04-11T12:00:54.264678+0800 ERROR finish command M154 S1
2025-04-11T12:00:58.424894+0800 ERROR SENT: M105
2025-04-11T12:00:58.424894+0800 ERROR write command M105
2025-04-11T12:00:58.424894+0800 ERROR second command M105
2025-04-11T12:00:58.425815+0800 ERROR finish command M105
2025-04-11T12:00:58.425815+0800 ERROR SENT: G250 S21
2025-04-11T12:00:58.425815+0800 ERROR write command G250 S21
2025-04-11T12:00:58.425815+0800 ERROR second command G250 S21
2025-04-11T12:00:58.425815+0800 ERROR finish command G250 S21
2025-04-11T12:00:58.425815+0800 ERROR SENT: G250 S800
2025-04-11T12:00:58.425815+0800 ERROR write command G250 S800
2025-04-11T12:00:58.425815+0800 ERROR second command G250 S800
2025-04-11T12:00:58.425815+0800 ERROR finish command G250 S800
2025-04-11T12:00:58.425815+0800 ERROR SENT: M154 S1
2025-04-11T12:00:58.426815+0800 ERROR write command M154 S1
2025-04-11T12:00:58.426815+0800 ERROR second command M154 S1
2025-04-11T12:00:58.426815+0800 ERROR finish command M154 S1
2025-04-11T12:01:02.222540+0800 ERROR SENT: M105
2025-04-11T12:01:02.222540+0800 ERROR write command M105
2025-04-11T12:01:02.222540+0800 ERROR second command M105
2025-04-11T12:01:02.223446+0800 ERROR finish command M105
2025-04-11T12:01:02.223446+0800 ERROR SENT: G250 S21
2025-04-11T12:01:02.223446+0800 ERROR write command G250 S21
2025-04-11T12:01:02.223446+0800 ERROR second command G250 S21
2025-04-11T12:01:02.223446+0800 ERROR finish command G250 S21
2025-04-11T12:01:02.223446+0800 ERROR SENT: G250 S800
2025-04-11T12:01:02.223446+0800 ERROR write command G250 S800
2025-04-11T12:01:02.223446+0800 ERROR second command G250 S800
2025-04-11T12:01:02.223446+0800 ERROR finish command G250 S800
2025-04-11T12:01:02.223446+0800 ERROR SENT: M154 S1
2025-04-11T12:01:02.224449+0800 ERROR write command M154 S1
2025-04-11T12:01:02.224449+0800 ERROR second command M154 S1
2025-04-11T12:01:02.224449+0800 ERROR finish command M154 S1
2025-04-11T12:01:06.081752+0800 ERROR SENT: M105
2025-04-11T12:01:06.081752+0800 ERROR write command M105
2025-04-11T12:01:06.081752+0800 ERROR second command M105
2025-04-11T12:01:06.081752+0800 ERROR finish command M105
2025-04-11T12:01:06.081752+0800 ERROR SENT: G250 S21
2025-04-11T12:01:06.081752+0800 ERROR write command G250 S21
2025-04-11T12:01:06.081752+0800 ERROR second command G250 S21
2025-04-11T12:01:06.081752+0800 ERROR finish command G250 S21
2025-04-11T12:01:06.082752+0800 ERROR SENT: G250 S800
2025-04-11T12:01:06.082752+0800 ERROR write command G250 S800
2025-04-11T12:01:06.082752+0800 ERROR second command G250 S800
2025-04-11T12:01:06.082752+0800 ERROR finish command G250 S800
2025-04-11T12:01:06.082752+0800 ERROR SENT: M154 S1
2025-04-11T12:01:06.082752+0800 ERROR write command M154 S1
2025-04-11T12:01:06.083752+0800 ERROR second command M154 S1
2025-04-11T12:01:06.083752+0800 ERROR finish command M154 S1
2025-04-11T12:01:09.931620+0800 ERROR SENT: M105
2025-04-11T12:01:09.931620+0800 ERROR write command M105
2025-04-11T12:01:09.931620+0800 ERROR second command M105
2025-04-11T12:01:09.931620+0800 ERROR finish command M105
2025-04-11T12:01:09.931620+0800 ERROR SENT: G250 S21
2025-04-11T12:01:09.931620+0800 ERROR write command G250 S21
2025-04-11T12:01:09.931620+0800 ERROR second command G250 S21
2025-04-11T12:01:09.931620+0800 ERROR finish command G250 S21
2025-04-11T12:01:09.932619+0800 ERROR SENT: G250 S800
2025-04-11T12:01:09.932619+0800 ERROR write command G250 S800
2025-04-11T12:01:09.932619+0800 ERROR second command G250 S800
2025-04-11T12:01:09.932619+0800 ERROR finish command G250 S800
2025-04-11T12:01:09.934619+0800 ERROR SENT: M154 S1
2025-04-11T12:01:09.934619+0800 ERROR write command M154 S1
2025-04-11T12:01:09.934619+0800 ERROR second command M154 S1
2025-04-11T12:01:09.934619+0800 ERROR finish command M154 S1
