2025-04-11T12:06:55.796375+0800 INFO 设备已成功连接
2025-04-11T12:06:55.797375+0800 ERROR SENT: M105
2025-04-11T12:06:55.797375+0800 ERROR write command M105
2025-04-11T12:06:55.798374+0800 ERROR second command M105
2025-04-11T12:06:55.798374+0800 ERROR finish command M105
2025-04-11T12:06:55.798374+0800 ERROR SENT: G250 S21
2025-04-11T12:06:55.799374+0800 ERROR write command G250 S21
2025-04-11T12:06:55.799374+0800 ERROR second command G250 S21
2025-04-11T12:06:55.799374+0800 ERROR finish command G250 S21
2025-04-11T12:06:55.800374+0800 ERROR SENT: G250 S800
2025-04-11T12:06:55.800374+0800 ERROR write command G250 S800
2025-04-11T12:06:55.800374+0800 ERROR second command G250 S800
2025-04-11T12:06:55.800374+0800 ERROR finish command G250 S800
2025-04-11T12:06:55.801374+0800 ERROR SENT: M154 S1
2025-04-11T12:06:55.801374+0800 ERROR write command M154 S1
2025-04-11T12:06:55.801374+0800 ERROR second command M154 S1
2025-04-11T12:06:55.802374+0800 ERROR finish command M154 S1
2025-04-11T12:06:59.682613+0800 ERROR SENT: M105
2025-04-11T12:06:59.682613+0800 ERROR write command M105
2025-04-11T12:06:59.682613+0800 ERROR second command M105
2025-04-11T12:06:59.682613+0800 ERROR finish command M105
2025-04-11T12:06:59.683613+0800 ERROR SENT: G250 S21
2025-04-11T12:06:59.683613+0800 ERROR write command G250 S21
2025-04-11T12:06:59.683613+0800 ERROR second command G250 S21
2025-04-11T12:06:59.683613+0800 ERROR finish command G250 S21
2025-04-11T12:06:59.683613+0800 ERROR SENT: G250 S800
2025-04-11T12:06:59.684612+0800 ERROR write command G250 S800
2025-04-11T12:06:59.684612+0800 ERROR second command G250 S800
2025-04-11T12:06:59.684612+0800 ERROR finish command G250 S800
2025-04-11T12:06:59.684612+0800 ERROR SENT: M154 S1
2025-04-11T12:06:59.684612+0800 ERROR write command M154 S1
2025-04-11T12:06:59.684612+0800 ERROR second command M154 S1
2025-04-11T12:06:59.684612+0800 ERROR finish command M154 S1
2025-04-11T12:07:03.949956+0800 ERROR SENT: M105
2025-04-11T12:07:03.949956+0800 ERROR write command M105
2025-04-11T12:07:03.949956+0800 ERROR second command M105
2025-04-11T12:07:03.950957+0800 ERROR finish command M105
2025-04-11T12:07:03.950957+0800 ERROR SENT: G250 S21
2025-04-11T12:07:03.950957+0800 ERROR write command G250 S21
2025-04-11T12:07:03.950957+0800 ERROR second command G250 S21
2025-04-11T12:07:03.950957+0800 ERROR finish command G250 S21
2025-04-11T12:07:03.950957+0800 ERROR SENT: G250 S800
2025-04-11T12:07:03.950957+0800 ERROR write command G250 S800
2025-04-11T12:07:03.951956+0800 ERROR second command G250 S800
2025-04-11T12:07:03.951956+0800 ERROR finish command G250 S800
2025-04-11T12:07:03.951956+0800 ERROR SENT: M154 S1
2025-04-11T12:07:03.951956+0800 ERROR write command M154 S1
2025-04-11T12:07:03.951956+0800 ERROR second command M154 S1
2025-04-11T12:07:03.951956+0800 ERROR finish command M154 S1
2025-04-11T12:07:07.750987+0800 ERROR SENT: M105
2025-04-11T12:07:07.750987+0800 ERROR write command M105
2025-04-11T12:07:07.750987+0800 ERROR second command M105
2025-04-11T12:07:07.751897+0800 ERROR finish command M105
2025-04-11T12:07:07.751897+0800 ERROR SENT: G250 S21
2025-04-11T12:07:07.751897+0800 ERROR write command G250 S21
2025-04-11T12:07:07.751897+0800 ERROR second command G250 S21
2025-04-11T12:07:07.751897+0800 ERROR finish command G250 S21
2025-04-11T12:07:07.751897+0800 ERROR SENT: G250 S800
2025-04-11T12:07:07.751897+0800 ERROR write command G250 S800
2025-04-11T12:07:07.752897+0800 ERROR second command G250 S800
2025-04-11T12:07:07.752897+0800 ERROR finish command G250 S800
2025-04-11T12:07:07.752897+0800 ERROR SENT: M154 S1
2025-04-11T12:07:07.752897+0800 ERROR write command M154 S1
2025-04-11T12:07:07.752897+0800 ERROR second command M154 S1
2025-04-11T12:07:07.752897+0800 ERROR finish command M154 S1
2025-04-11T12:07:11.564710+0800 ERROR SENT: M105
2025-04-11T12:07:11.564710+0800 ERROR write command M105
2025-04-11T12:07:11.564710+0800 ERROR second command M105
2025-04-11T12:07:11.564710+0800 ERROR finish command M105
2025-04-11T12:07:11.564710+0800 ERROR SENT: G250 S21
2025-04-11T12:07:11.564710+0800 ERROR write command G250 S21
2025-04-11T12:07:11.565711+0800 ERROR second command G250 S21
2025-04-11T12:07:11.565711+0800 ERROR finish command G250 S21
2025-04-11T12:07:11.565711+0800 ERROR SENT: G250 S800
2025-04-11T12:07:11.565711+0800 ERROR write command G250 S800
2025-04-11T12:07:11.565711+0800 ERROR second command G250 S800
2025-04-11T12:07:11.565711+0800 ERROR finish command G250 S800
2025-04-11T12:07:11.565711+0800 ERROR SENT: M154 S1
2025-04-11T12:07:11.565711+0800 ERROR write command M154 S1
2025-04-11T12:07:11.565711+0800 ERROR second command M154 S1
2025-04-11T12:07:11.565711+0800 ERROR finish command M154 S1
2025-04-11T12:07:15.379437+0800 ERROR SENT: M105
2025-04-11T12:07:15.379437+0800 ERROR write command M105
2025-04-11T12:07:15.379437+0800 ERROR second command M105
2025-04-11T12:07:15.379437+0800 ERROR finish command M105
2025-04-11T12:07:15.379437+0800 ERROR SENT: G250 S21
2025-04-11T12:07:15.380297+0800 ERROR write command G250 S21
2025-04-11T12:07:15.380297+0800 ERROR second command G250 S21
2025-04-11T12:07:15.380297+0800 ERROR finish command G250 S21
2025-04-11T12:07:15.380297+0800 ERROR SENT: G250 S800
2025-04-11T12:07:15.380297+0800 ERROR write command G250 S800
2025-04-11T12:07:15.380297+0800 ERROR second command G250 S800
2025-04-11T12:07:15.380297+0800 ERROR finish command G250 S800
2025-04-11T12:07:15.380297+0800 ERROR SENT: M154 S1
2025-04-11T12:07:15.381296+0800 ERROR write command M154 S1
2025-04-11T12:07:15.381296+0800 ERROR second command M154 S1
2025-04-11T12:07:15.381296+0800 ERROR finish command M154 S1
2025-04-11T12:07:19.197092+0800 ERROR SENT: M105
2025-04-11T12:07:19.197092+0800 ERROR write command M105
2025-04-11T12:07:19.197092+0800 ERROR second command M105
2025-04-11T12:07:19.197092+0800 ERROR finish command M105
2025-04-11T12:07:19.198024+0800 ERROR SENT: G250 S21
2025-04-11T12:07:19.198024+0800 ERROR write command G250 S21
2025-04-11T12:07:19.198024+0800 ERROR second command G250 S21
2025-04-11T12:07:19.198024+0800 ERROR finish command G250 S21
2025-04-11T12:07:19.198024+0800 ERROR SENT: G250 S800
2025-04-11T12:07:19.198024+0800 ERROR write command G250 S800
2025-04-11T12:07:19.198024+0800 ERROR second command G250 S800
2025-04-11T12:07:19.199023+0800 ERROR finish command G250 S800
2025-04-11T12:07:19.199023+0800 ERROR SENT: M154 S1
2025-04-11T12:07:19.199023+0800 ERROR write command M154 S1
2025-04-11T12:07:19.199023+0800 ERROR second command M154 S1
2025-04-11T12:07:19.199023+0800 ERROR finish command M154 S1
2025-04-11T12:07:23.246750+0800 ERROR SENT: M105
2025-04-11T12:07:23.246750+0800 ERROR write command M105
2025-04-11T12:07:23.246750+0800 ERROR second command M105
2025-04-11T12:07:23.246750+0800 ERROR finish command M105
2025-04-11T12:07:23.246750+0800 ERROR SENT: G250 S21
2025-04-11T12:07:23.247750+0800 ERROR write command G250 S21
2025-04-11T12:07:23.247750+0800 ERROR second command G250 S21
2025-04-11T12:07:23.247750+0800 ERROR finish command G250 S21
2025-04-11T12:07:23.247750+0800 ERROR SENT: G250 S800
2025-04-11T12:07:23.247750+0800 ERROR write command G250 S800
2025-04-11T12:07:23.247750+0800 ERROR second command G250 S800
2025-04-11T12:07:23.247750+0800 ERROR finish command G250 S800
2025-04-11T12:07:23.253750+0800 ERROR SENT: M154 S1
2025-04-11T12:07:23.253750+0800 ERROR write command M154 S1
2025-04-11T12:07:23.253750+0800 ERROR second command M154 S1
2025-04-11T12:07:23.254750+0800 ERROR finish command M154 S1
2025-04-11T12:07:27.828027+0800 ERROR SENT: M105
2025-04-11T12:07:27.828027+0800 ERROR write command M105
2025-04-11T12:07:27.829022+0800 ERROR second command M105
2025-04-11T12:07:27.829022+0800 ERROR finish command M105
2025-04-11T12:07:27.829022+0800 ERROR SENT: G250 S21
2025-04-11T12:07:27.829022+0800 ERROR write command G250 S21
2025-04-11T12:07:27.829022+0800 ERROR second command G250 S21
2025-04-11T12:07:27.830023+0800 ERROR finish command G250 S21
2025-04-11T12:07:27.830023+0800 ERROR SENT: G250 S800
2025-04-11T12:07:27.830023+0800 ERROR write command G250 S800
2025-04-11T12:07:27.830023+0800 ERROR second command G250 S800
2025-04-11T12:07:27.830023+0800 ERROR finish command G250 S800
2025-04-11T12:07:27.830023+0800 ERROR SENT: M154 S1
2025-04-11T12:07:27.831022+0800 ERROR write command M154 S1
2025-04-11T12:07:27.831022+0800 ERROR second command M154 S1
2025-04-11T12:07:27.831022+0800 ERROR finish command M154 S1
2025-04-11T12:07:32.085968+0800 ERROR SENT: M105
2025-04-11T12:07:32.085968+0800 ERROR write command M105
2025-04-11T12:07:32.085968+0800 ERROR second command M105
2025-04-11T12:07:32.086968+0800 ERROR finish command M105
2025-04-11T12:07:32.086968+0800 ERROR SENT: G250 S21
2025-04-11T12:07:32.086968+0800 ERROR write command G250 S21
2025-04-11T12:07:32.086968+0800 ERROR second command G250 S21
2025-04-11T12:07:32.086968+0800 ERROR finish command G250 S21
2025-04-11T12:07:32.086968+0800 ERROR SENT: G250 S800
2025-04-11T12:07:32.086968+0800 ERROR write command G250 S800
2025-04-11T12:07:32.086968+0800 ERROR second command G250 S800
2025-04-11T12:07:32.087968+0800 ERROR finish command G250 S800
2025-04-11T12:07:32.087968+0800 ERROR SENT: M154 S1
2025-04-11T12:07:32.087968+0800 ERROR write command M154 S1
2025-04-11T12:07:32.087968+0800 ERROR second command M154 S1
2025-04-11T12:07:32.087968+0800 ERROR finish command M154 S1
2025-04-11T12:07:36.260230+0800 ERROR SENT: M105
2025-04-11T12:07:36.260230+0800 ERROR write command M105
2025-04-11T12:07:36.261229+0800 ERROR second command M105
2025-04-11T12:07:36.261229+0800 ERROR finish command M105
2025-04-11T12:07:36.261229+0800 ERROR SENT: G250 S21
2025-04-11T12:07:36.261229+0800 ERROR write command G250 S21
2025-04-11T12:07:36.262229+0800 ERROR second command G250 S21
2025-04-11T12:07:36.262229+0800 ERROR finish command G250 S21
2025-04-11T12:07:36.262229+0800 ERROR SENT: G250 S800
2025-04-11T12:07:36.262229+0800 ERROR write command G250 S800
2025-04-11T12:07:36.263229+0800 ERROR second command G250 S800
2025-04-11T12:07:36.264229+0800 ERROR finish command G250 S800
2025-04-11T12:07:36.264229+0800 ERROR SENT: M154 S1
2025-04-11T12:07:36.264229+0800 ERROR write command M154 S1
2025-04-11T12:07:36.264229+0800 ERROR second command M154 S1
2025-04-11T12:07:36.265229+0800 ERROR finish command M154 S1
