2025-04-11T10:48:09.214215+0800 INFO 设备已成功连接
2025-04-11T10:48:09.214215+0800 ERROR SENT: M105
2025-04-11T10:48:09.215204+0800 ERROR write command M105
2025-04-11T10:48:09.215204+0800 ERROR second command M105
2025-04-11T10:48:09.215204+0800 ERROR finish command M105
2025-04-11T10:48:09.215204+0800 ERROR SENT: G250 S21
2025-04-11T10:48:09.215204+0800 ERROR write command G250 S21
2025-04-11T10:48:09.216204+0800 ERROR second command G250 S21
2025-04-11T10:48:09.216204+0800 ERROR finish command G250 S21
2025-04-11T10:48:09.216204+0800 ERROR SENT: G250 S800
2025-04-11T10:48:09.216204+0800 ERROR write command G250 S800
2025-04-11T10:48:09.217203+0800 ERROR second command G250 S800
2025-04-11T10:48:09.217203+0800 ERROR finish command G250 S800
2025-04-11T10:48:09.217203+0800 ERROR SENT: M154 S1
2025-04-11T10:48:09.217203+0800 ERROR write command M154 S1
2025-04-11T10:48:09.217203+0800 ERROR second command M154 S1
2025-04-11T10:48:09.218205+0800 ERROR finish command M154 S1
2025-04-11T10:48:13.107853+0800 ERROR SENT: M105
2025-04-11T10:48:13.107853+0800 ERROR write command M105
2025-04-11T10:48:13.108789+0800 ERROR second command M105
2025-04-11T10:48:13.108789+0800 ERROR finish command M105
2025-04-11T10:48:13.108789+0800 ERROR SENT: G250 S21
2025-04-11T10:48:13.108789+0800 ERROR write command G250 S21
2025-04-11T10:48:13.108789+0800 ERROR second command G250 S21
2025-04-11T10:48:13.108789+0800 ERROR finish command G250 S21
2025-04-11T10:48:13.108789+0800 ERROR SENT: G250 S800
2025-04-11T10:48:13.109785+0800 ERROR write command G250 S800
2025-04-11T10:48:13.109785+0800 ERROR second command G250 S800
2025-04-11T10:48:13.109785+0800 ERROR finish command G250 S800
2025-04-11T10:48:13.109785+0800 ERROR SENT: M154 S1
2025-04-11T10:48:13.109785+0800 ERROR write command M154 S1
2025-04-11T10:48:13.109785+0800 ERROR second command M154 S1
2025-04-11T10:48:13.110785+0800 ERROR finish command M154 S1
2025-04-11T10:48:17.460185+0800 ERROR SENT: M105
2025-04-11T10:48:17.460185+0800 ERROR write command M105
2025-04-11T10:48:17.460185+0800 ERROR second command M105
2025-04-11T10:48:17.461118+0800 ERROR finish command M105
2025-04-11T10:48:17.461118+0800 ERROR SENT: G250 S21
2025-04-11T10:48:17.461118+0800 ERROR write command G250 S21
2025-04-11T10:48:17.461118+0800 ERROR second command G250 S21
2025-04-11T10:48:17.461118+0800 ERROR finish command G250 S21
2025-04-11T10:48:17.461118+0800 ERROR SENT: G250 S800
2025-04-11T10:48:17.461118+0800 ERROR write command G250 S800
2025-04-11T10:48:17.461118+0800 ERROR second command G250 S800
2025-04-11T10:48:17.462117+0800 ERROR finish command G250 S800
2025-04-11T10:48:17.462117+0800 ERROR SENT: M154 S1
2025-04-11T10:48:17.462117+0800 ERROR write command M154 S1
2025-04-11T10:48:17.462117+0800 ERROR second command M154 S1
2025-04-11T10:48:17.463117+0800 ERROR finish command M154 S1
2025-04-11T10:48:21.368089+0800 ERROR SENT: M105
2025-04-11T10:48:21.369009+0800 ERROR write command M105
2025-04-11T10:48:21.369521+0800 ERROR second command M105
2025-04-11T10:48:21.369521+0800 ERROR finish command M105
2025-04-11T10:48:21.369521+0800 ERROR SENT: G250 S21
2025-04-11T10:48:21.369521+0800 ERROR write command G250 S21
2025-04-11T10:48:21.370517+0800 ERROR second command G250 S21
2025-04-11T10:48:21.370517+0800 ERROR finish command G250 S21
2025-04-11T10:48:21.370517+0800 ERROR SENT: G250 S800
2025-04-11T10:48:21.370517+0800 ERROR write command G250 S800
2025-04-11T10:48:21.371519+0800 ERROR second command G250 S800
2025-04-11T10:48:21.371519+0800 ERROR finish command G250 S800
2025-04-11T10:48:21.371519+0800 ERROR SENT: M154 S1
2025-04-11T10:48:21.371519+0800 ERROR write command M154 S1
2025-04-11T10:48:21.372517+0800 ERROR second command M154 S1
2025-04-11T10:48:21.372517+0800 ERROR finish command M154 S1
2025-04-11T10:48:25.244471+0800 ERROR SENT: M105
2025-04-11T10:48:25.244471+0800 ERROR write command M105
2025-04-11T10:48:25.244471+0800 ERROR second command M105
2025-04-11T10:48:25.244471+0800 ERROR finish command M105
2025-04-11T10:48:25.244471+0800 ERROR SENT: G250 S21
2025-04-11T10:48:25.244471+0800 ERROR write command G250 S21
2025-04-11T10:48:25.245373+0800 ERROR second command G250 S21
2025-04-11T10:48:25.245373+0800 ERROR finish command G250 S21
2025-04-11T10:48:25.245373+0800 ERROR SENT: G250 S800
2025-04-11T10:48:25.245373+0800 ERROR write command G250 S800
2025-04-11T10:48:25.245373+0800 ERROR second command G250 S800
2025-04-11T10:48:25.245373+0800 ERROR finish command G250 S800
2025-04-11T10:48:25.245373+0800 ERROR SENT: M154 S1
2025-04-11T10:48:25.245373+0800 ERROR write command M154 S1
2025-04-11T10:48:25.246374+0800 ERROR second command M154 S1
2025-04-11T10:48:25.246374+0800 ERROR finish command M154 S1
2025-04-11T10:48:29.138478+0800 ERROR SENT: M105
2025-04-11T10:48:29.138478+0800 ERROR write command M105
2025-04-11T10:48:29.138478+0800 ERROR second command M105
2025-04-11T10:48:29.138478+0800 ERROR finish command M105
2025-04-11T10:48:29.139478+0800 ERROR SENT: G250 S21
2025-04-11T10:48:29.139478+0800 ERROR write command G250 S21
2025-04-11T10:48:29.139478+0800 ERROR second command G250 S21
2025-04-11T10:48:29.139478+0800 ERROR finish command G250 S21
2025-04-11T10:48:29.139478+0800 ERROR SENT: G250 S800
2025-04-11T10:48:29.139478+0800 ERROR write command G250 S800
2025-04-11T10:48:29.139478+0800 ERROR second command G250 S800
2025-04-11T10:48:29.139478+0800 ERROR finish command G250 S800
2025-04-11T10:48:29.139478+0800 ERROR SENT: M154 S1
2025-04-11T10:48:29.140477+0800 ERROR write command M154 S1
2025-04-11T10:48:29.140477+0800 ERROR second command M154 S1
2025-04-11T10:48:29.140477+0800 ERROR finish command M154 S1
2025-04-11T10:48:33.725645+0800 ERROR SENT: M105
2025-04-11T10:48:33.726646+0800 ERROR write command M105
2025-04-11T10:48:33.726646+0800 ERROR second command M105
2025-04-11T10:48:33.726646+0800 ERROR finish command M105
2025-04-11T10:48:33.727646+0800 ERROR SENT: G250 S21
2025-04-11T10:48:33.727646+0800 ERROR write command G250 S21
2025-04-11T10:48:33.727646+0800 ERROR second command G250 S21
2025-04-11T10:48:33.727646+0800 ERROR finish command G250 S21
2025-04-11T10:48:33.727646+0800 ERROR SENT: G250 S800
2025-04-11T10:48:33.728646+0800 ERROR write command G250 S800
2025-04-11T10:48:33.728646+0800 ERROR second command G250 S800
2025-04-11T10:48:33.728646+0800 ERROR finish command G250 S800
2025-04-11T10:48:33.728646+0800 ERROR SENT: M154 S1
2025-04-11T10:48:33.729646+0800 ERROR write command M154 S1
2025-04-11T10:48:33.729646+0800 ERROR second command M154 S1
2025-04-11T10:48:33.729646+0800 ERROR finish command M154 S1
2025-04-11T10:48:37.741734+0800 ERROR SENT: M105
2025-04-11T10:48:37.741734+0800 ERROR write command M105
2025-04-11T10:48:37.742735+0800 ERROR second command M105
2025-04-11T10:48:37.742735+0800 ERROR finish command M105
2025-04-11T10:48:37.742735+0800 ERROR SENT: G250 S21
2025-04-11T10:48:37.742735+0800 ERROR write command G250 S21
2025-04-11T10:48:37.743735+0800 ERROR second command G250 S21
2025-04-11T10:48:37.743735+0800 ERROR finish command G250 S21
2025-04-11T10:48:37.743735+0800 ERROR SENT: G250 S800
2025-04-11T10:48:37.743735+0800 ERROR write command G250 S800
2025-04-11T10:48:37.744735+0800 ERROR second command G250 S800
2025-04-11T10:48:37.744735+0800 ERROR finish command G250 S800
2025-04-11T10:48:37.744735+0800 ERROR SENT: M154 S1
2025-04-11T10:48:37.744735+0800 ERROR write command M154 S1
2025-04-11T10:48:37.744735+0800 ERROR second command M154 S1
2025-04-11T10:48:37.744735+0800 ERROR finish command M154 S1
2025-04-11T10:48:41.737034+0800 ERROR SENT: M105
2025-04-11T10:48:41.738035+0800 ERROR write command M105
2025-04-11T10:48:41.738035+0800 ERROR second command M105
2025-04-11T10:48:41.739035+0800 ERROR finish command M105
2025-04-11T10:48:41.739035+0800 ERROR SENT: G250 S21
2025-04-11T10:48:41.739035+0800 ERROR write command G250 S21
2025-04-11T10:48:41.739035+0800 ERROR second command G250 S21
2025-04-11T10:48:41.739035+0800 ERROR finish command G250 S21
2025-04-11T10:48:41.740035+0800 ERROR SENT: G250 S800
2025-04-11T10:48:41.740035+0800 ERROR write command G250 S800
2025-04-11T10:48:41.740035+0800 ERROR second command G250 S800
2025-04-11T10:48:41.740035+0800 ERROR finish command G250 S800
2025-04-11T10:48:41.885035+0800 ERROR SENT: M154 S1
2025-04-11T10:48:41.885035+0800 ERROR write command M154 S1
2025-04-11T10:48:41.886034+0800 ERROR second command M154 S1
2025-04-11T10:48:41.886034+0800 ERROR finish command M154 S1
2025-04-11T10:48:45.829793+0800 ERROR SENT: M105
2025-04-11T10:48:45.829793+0800 ERROR write command M105
2025-04-11T10:48:45.829793+0800 ERROR second command M105
2025-04-11T10:48:45.829793+0800 ERROR finish command M105
2025-04-11T10:48:45.829793+0800 ERROR SENT: G250 S21
2025-04-11T10:48:45.829793+0800 ERROR write command G250 S21
2025-04-11T10:48:45.830793+0800 ERROR second command G250 S21
2025-04-11T10:48:45.830793+0800 ERROR finish command G250 S21
2025-04-11T10:48:45.830793+0800 ERROR SENT: G250 S800
2025-04-11T10:48:45.830793+0800 ERROR write command G250 S800
2025-04-11T10:48:45.831794+0800 ERROR second command G250 S800
2025-04-11T10:48:45.831794+0800 ERROR finish command G250 S800
2025-04-11T10:48:45.831794+0800 ERROR SENT: M154 S1
2025-04-11T10:48:45.831794+0800 ERROR write command M154 S1
2025-04-11T10:48:45.831794+0800 ERROR second command M154 S1
2025-04-11T10:48:45.831794+0800 ERROR finish command M154 S1
