2025-04-07T06:48:50.908078+0800 INFO 设备已成功连接
2025-04-07T06:48:50.909120+0800 ERROR SENT: M105
2025-04-07T06:48:50.909120+0800 ERROR write command M105
2025-04-07T06:48:50.910122+0800 ERROR second command M105
2025-04-07T06:48:50.911123+0800 ERROR finish command M105
2025-04-07T06:48:50.911123+0800 ERROR SENT: G250 S21
2025-04-07T06:48:50.911123+0800 ERROR write command G250 S21
2025-04-07T06:48:50.911123+0800 ERROR second command G250 S21
2025-04-07T06:48:50.911123+0800 ERROR finish command G250 S21
2025-04-07T06:48:50.911123+0800 ERROR SENT: G250 S800
2025-04-07T06:48:50.912122+0800 ERROR write command G250 S800
2025-04-07T06:48:50.912122+0800 ERROR second command G250 S800
2025-04-07T06:48:50.912122+0800 ERROR finish command G250 S800
2025-04-07T06:48:50.912122+0800 ERROR SENT: M154 S1
2025-04-07T06:48:50.912122+0800 ERROR write command M154 S1
2025-04-07T06:48:50.912122+0800 ERROR second command M154 S1
2025-04-07T06:48:50.912122+0800 ERROR finish command M154 S1
2025-04-07T06:48:50.913122+0800 ERROR SENT: 2025-04-07 06:48:50
2025-04-07T06:48:50.913122+0800 ERROR write command 2025-04-07 06:48:50
2025-04-07T06:48:50.913122+0800 ERROR second command 2025-04-07 06:48:50
2025-04-07T06:48:50.913122+0800 ERROR finish command 2025-04-07 06:48:50
2025-04-07T06:48:54.799201+0800 ERROR SENT: M105
2025-04-07T06:48:54.799201+0800 ERROR write command M105
2025-04-07T06:48:54.799201+0800 ERROR second command M105
2025-04-07T06:48:54.799201+0800 ERROR finish command M105
2025-04-07T06:48:54.799201+0800 ERROR SENT: G250 S21
2025-04-07T06:48:54.799201+0800 ERROR write command G250 S21
2025-04-07T06:48:54.800181+0800 ERROR second command G250 S21
2025-04-07T06:48:54.800181+0800 ERROR finish command G250 S21
2025-04-07T06:48:54.800181+0800 ERROR SENT: G250 S800
2025-04-07T06:48:54.801181+0800 ERROR write command G250 S800
2025-04-07T06:48:54.801181+0800 ERROR second command G250 S800
2025-04-07T06:48:54.801181+0800 ERROR finish command G250 S800
2025-04-07T06:48:54.801181+0800 ERROR SENT: M154 S1
2025-04-07T06:48:54.801181+0800 ERROR write command M154 S1
2025-04-07T06:48:54.801181+0800 ERROR second command M154 S1
2025-04-07T06:48:54.801181+0800 ERROR finish command M154 S1
2025-04-07T06:48:54.801181+0800 ERROR SENT: 2025-04-07 06:48:54
2025-04-07T06:48:54.802181+0800 ERROR write command 2025-04-07 06:48:54
2025-04-07T06:48:54.802181+0800 ERROR second command 2025-04-07 06:48:54
2025-04-07T06:48:54.802181+0800 ERROR finish command 2025-04-07 06:48:54
2025-04-07T06:48:58.923087+0800 ERROR SENT: M105
2025-04-07T06:48:58.923087+0800 ERROR write command M105
2025-04-07T06:48:58.923087+0800 ERROR second command M105
2025-04-07T06:48:58.923087+0800 ERROR finish command M105
2025-04-07T06:48:58.923987+0800 ERROR SENT: G250 S21
2025-04-07T06:48:58.923987+0800 ERROR write command G250 S21
2025-04-07T06:48:58.923987+0800 ERROR second command G250 S21
2025-04-07T06:48:58.923987+0800 ERROR finish command G250 S21
2025-04-07T06:48:58.923987+0800 ERROR SENT: G250 S800
2025-04-07T06:48:58.924987+0800 ERROR write command G250 S800
2025-04-07T06:48:58.924987+0800 ERROR second command G250 S800
2025-04-07T06:48:58.924987+0800 ERROR finish command G250 S800
2025-04-07T06:48:58.924987+0800 ERROR SENT: M154 S1
2025-04-07T06:48:58.924987+0800 ERROR write command M154 S1
2025-04-07T06:48:58.924987+0800 ERROR second command M154 S1
2025-04-07T06:48:58.925986+0800 ERROR finish command M154 S1
2025-04-07T06:48:58.925986+0800 ERROR SENT: 2025-04-07 06:48:58
2025-04-07T06:48:58.925986+0800 ERROR write command 2025-04-07 06:48:58
2025-04-07T06:48:58.925986+0800 ERROR second command 2025-04-07 06:48:58
2025-04-07T06:48:58.925986+0800 ERROR finish command 2025-04-07 06:48:58
2025-04-07T06:49:02.822556+0800 ERROR SENT: M105
2025-04-07T06:49:02.822556+0800 ERROR write command M105
2025-04-07T06:49:02.822556+0800 ERROR second command M105
2025-04-07T06:49:02.823454+0800 ERROR finish command M105
2025-04-07T06:49:02.823454+0800 ERROR SENT: G250 S21
2025-04-07T06:49:02.823454+0800 ERROR write command G250 S21
2025-04-07T06:49:02.823454+0800 ERROR second command G250 S21
2025-04-07T06:49:02.823454+0800 ERROR finish command G250 S21
2025-04-07T06:49:02.823454+0800 ERROR SENT: G250 S800
2025-04-07T06:49:02.823454+0800 ERROR write command G250 S800
2025-04-07T06:49:02.823454+0800 ERROR second command G250 S800
2025-04-07T06:49:02.823454+0800 ERROR finish command G250 S800
2025-04-07T06:49:02.824251+0800 ERROR SENT: M154 S1
2025-04-07T06:49:02.824251+0800 ERROR write command M154 S1
2025-04-07T06:49:02.824251+0800 ERROR second command M154 S1
2025-04-07T06:49:02.825256+0800 ERROR finish command M154 S1
2025-04-07T06:49:02.825256+0800 ERROR SENT: 2025-04-07 06:49:02
2025-04-07T06:49:02.825256+0800 ERROR write command 2025-04-07 06:49:02
2025-04-07T06:49:02.825256+0800 ERROR second command 2025-04-07 06:49:02
2025-04-07T06:49:02.826255+0800 ERROR finish command 2025-04-07 06:49:02
2025-04-07T06:49:06.737633+0800 ERROR SENT: M105
2025-04-07T06:49:06.738584+0800 ERROR write command M105
2025-04-07T06:49:06.738584+0800 ERROR second command M105
2025-04-07T06:49:06.738584+0800 ERROR finish command M105
2025-04-07T06:49:06.739581+0800 ERROR SENT: G250 S21
2025-04-07T06:49:06.739581+0800 ERROR write command G250 S21
2025-04-07T06:49:06.739581+0800 ERROR second command G250 S21
2025-04-07T06:49:06.739581+0800 ERROR finish command G250 S21
2025-04-07T06:49:06.739581+0800 ERROR SENT: G250 S800
2025-04-07T06:49:06.739581+0800 ERROR write command G250 S800
2025-04-07T06:49:06.739581+0800 ERROR second command G250 S800
2025-04-07T06:49:06.739581+0800 ERROR finish command G250 S800
2025-04-07T06:49:06.740581+0800 ERROR SENT: M154 S1
2025-04-07T06:49:06.740581+0800 ERROR write command M154 S1
2025-04-07T06:49:06.740581+0800 ERROR second command M154 S1
2025-04-07T06:49:06.740581+0800 ERROR finish command M154 S1
2025-04-07T06:49:06.740581+0800 ERROR SENT: 2025-04-07 06:49:06
2025-04-07T06:49:06.740581+0800 ERROR write command 2025-04-07 06:49:06
2025-04-07T06:49:06.740581+0800 ERROR second command 2025-04-07 06:49:06
2025-04-07T06:49:06.741580+0800 ERROR finish command 2025-04-07 06:49:06
2025-04-07T06:49:10.703767+0800 ERROR SENT: M105
2025-04-07T06:49:10.703767+0800 ERROR write command M105
2025-04-07T06:49:10.703767+0800 ERROR second command M105
2025-04-07T06:49:10.703767+0800 ERROR finish command M105
2025-04-07T06:49:10.704766+0800 ERROR SENT: G250 S21
2025-04-07T06:49:10.704766+0800 ERROR write command G250 S21
2025-04-07T06:49:10.704766+0800 ERROR second command G250 S21
2025-04-07T06:49:10.705767+0800 ERROR finish command G250 S21
2025-04-07T06:49:10.705767+0800 ERROR SENT: G250 S800
2025-04-07T06:49:10.705767+0800 ERROR write command G250 S800
2025-04-07T06:49:10.705767+0800 ERROR second command G250 S800
2025-04-07T06:49:10.705767+0800 ERROR finish command G250 S800
2025-04-07T06:49:10.705767+0800 ERROR SENT: M154 S1
2025-04-07T06:49:10.705767+0800 ERROR write command M154 S1
2025-04-07T06:49:10.706767+0800 ERROR second command M154 S1
2025-04-07T06:49:10.706767+0800 ERROR finish command M154 S1
2025-04-07T06:49:10.706767+0800 ERROR SENT: 2025-04-07 06:49:10
2025-04-07T06:49:10.706767+0800 ERROR write command 2025-04-07 06:49:10
2025-04-07T06:49:10.707767+0800 ERROR second command 2025-04-07 06:49:10
2025-04-07T06:49:10.707767+0800 ERROR finish command 2025-04-07 06:49:10
2025-04-07T06:49:14.602338+0800 ERROR SENT: M105
2025-04-07T06:49:14.602338+0800 ERROR write command M105
2025-04-07T06:49:14.602338+0800 ERROR second command M105
2025-04-07T06:49:14.602338+0800 ERROR finish command M105
2025-04-07T06:49:14.603354+0800 ERROR SENT: G250 S21
2025-04-07T06:49:14.603354+0800 ERROR write command G250 S21
2025-04-07T06:49:14.603354+0800 ERROR second command G250 S21
2025-04-07T06:49:14.603354+0800 ERROR finish command G250 S21
2025-04-07T06:49:14.603354+0800 ERROR SENT: G250 S800
2025-04-07T06:49:14.603354+0800 ERROR write command G250 S800
2025-04-07T06:49:14.603354+0800 ERROR second command G250 S800
2025-04-07T06:49:14.603354+0800 ERROR finish command G250 S800
2025-04-07T06:49:14.603354+0800 ERROR SENT: M154 S1
2025-04-07T06:49:14.604345+0800 ERROR write command M154 S1
2025-04-07T06:49:14.604345+0800 ERROR second command M154 S1
2025-04-07T06:49:14.604345+0800 ERROR finish command M154 S1
2025-04-07T06:49:14.604345+0800 ERROR SENT: 2025-04-07 06:49:14
2025-04-07T06:49:14.605391+0800 ERROR write command 2025-04-07 06:49:14
2025-04-07T06:49:14.605391+0800 ERROR second command 2025-04-07 06:49:14
2025-04-07T06:49:14.605391+0800 ERROR finish command 2025-04-07 06:49:14
2025-04-07T06:49:18.526767+0800 ERROR SENT: M105
2025-04-07T06:49:18.526767+0800 ERROR write command M105
2025-04-07T06:49:18.526767+0800 ERROR second command M105
2025-04-07T06:49:18.526767+0800 ERROR finish command M105
2025-04-07T06:49:18.526767+0800 ERROR SENT: G250 S21
2025-04-07T06:49:18.527842+0800 ERROR write command G250 S21
2025-04-07T06:49:18.527842+0800 ERROR second command G250 S21
2025-04-07T06:49:18.527842+0800 ERROR finish command G250 S21
2025-04-07T06:49:18.527842+0800 ERROR SENT: G250 S800
2025-04-07T06:49:18.527842+0800 ERROR write command G250 S800
2025-04-07T06:49:18.527842+0800 ERROR second command G250 S800
2025-04-07T06:49:18.527842+0800 ERROR finish command G250 S800
2025-04-07T06:49:18.527842+0800 ERROR SENT: M154 S1
2025-04-07T06:49:18.527842+0800 ERROR write command M154 S1
2025-04-07T06:49:18.528774+0800 ERROR second command M154 S1
2025-04-07T06:49:18.528774+0800 ERROR finish command M154 S1
2025-04-07T06:49:18.528774+0800 ERROR SENT: 2025-04-07 06:49:18
2025-04-07T06:49:18.528774+0800 ERROR write command 2025-04-07 06:49:18
2025-04-07T06:49:18.528774+0800 ERROR second command 2025-04-07 06:49:18
2025-04-07T06:49:18.528774+0800 ERROR finish command 2025-04-07 06:49:18
2025-04-07T06:49:22.448906+0800 ERROR SENT: M105
2025-04-07T06:49:22.448906+0800 ERROR write command M105
2025-04-07T06:49:22.448906+0800 ERROR second command M105
2025-04-07T06:49:22.448906+0800 ERROR finish command M105
2025-04-07T06:49:22.448906+0800 ERROR SENT: G250 S21
2025-04-07T06:49:22.448906+0800 ERROR write command G250 S21
2025-04-07T06:49:22.448906+0800 ERROR second command G250 S21
2025-04-07T06:49:22.448906+0800 ERROR finish command G250 S21
2025-04-07T06:49:22.449916+0800 ERROR SENT: G250 S800
2025-04-07T06:49:22.449916+0800 ERROR write command G250 S800
2025-04-07T06:49:22.449916+0800 ERROR second command G250 S800
2025-04-07T06:49:22.449916+0800 ERROR finish command G250 S800
2025-04-07T06:49:22.449916+0800 ERROR SENT: M154 S1
2025-04-07T06:49:22.449916+0800 ERROR write command M154 S1
2025-04-07T06:49:22.450915+0800 ERROR second command M154 S1
2025-04-07T06:49:22.450915+0800 ERROR finish command M154 S1
2025-04-07T06:49:22.450915+0800 ERROR SENT: 2025-04-07 06:49:22
2025-04-07T06:49:22.450915+0800 ERROR write command 2025-04-07 06:49:22
2025-04-07T06:49:22.451915+0800 ERROR second command 2025-04-07 06:49:22
2025-04-07T06:49:22.451915+0800 ERROR finish command 2025-04-07 06:49:22
2025-04-07T06:49:26.362179+0800 ERROR SENT: M105
2025-04-07T06:49:26.362179+0800 ERROR write command M105
2025-04-07T06:49:26.362179+0800 ERROR second command M105
2025-04-07T06:49:26.363201+0800 ERROR finish command M105
2025-04-07T06:49:26.363201+0800 ERROR SENT: G250 S21
2025-04-07T06:49:26.363201+0800 ERROR write command G250 S21
2025-04-07T06:49:26.363201+0800 ERROR second command G250 S21
2025-04-07T06:49:26.363201+0800 ERROR finish command G250 S21
2025-04-07T06:49:26.363201+0800 ERROR SENT: G250 S800
2025-04-07T06:49:26.363201+0800 ERROR write command G250 S800
2025-04-07T06:49:26.363201+0800 ERROR second command G250 S800
2025-04-07T06:49:26.364193+0800 ERROR finish command G250 S800
2025-04-07T06:49:26.364193+0800 ERROR SENT: M154 S1
2025-04-07T06:49:26.364193+0800 ERROR write command M154 S1
2025-04-07T06:49:26.364193+0800 ERROR second command M154 S1
2025-04-07T06:49:26.364193+0800 ERROR finish command M154 S1
2025-04-07T06:49:26.365198+0800 ERROR SENT: 2025-04-07 06:49:26
2025-04-07T06:49:26.365198+0800 ERROR write command 2025-04-07 06:49:26
2025-04-07T06:49:26.365198+0800 ERROR second command 2025-04-07 06:49:26
2025-04-07T06:49:26.366191+0800 ERROR finish command 2025-04-07 06:49:26
2025-04-07T06:49:30.208786+0800 ERROR SENT: M105
2025-04-07T06:49:30.208786+0800 ERROR write command M105
2025-04-07T06:49:30.208786+0800 ERROR second command M105
2025-04-07T06:49:30.208786+0800 ERROR finish command M105
2025-04-07T06:49:30.208786+0800 ERROR SENT: G250 S21
2025-04-07T06:49:30.208786+0800 ERROR write command G250 S21
2025-04-07T06:49:30.209787+0800 ERROR second command G250 S21
2025-04-07T06:49:30.209787+0800 ERROR finish command G250 S21
2025-04-07T06:49:30.209787+0800 ERROR SENT: G250 S800
2025-04-07T06:49:30.209787+0800 ERROR write command G250 S800
2025-04-07T06:49:30.209787+0800 ERROR second command G250 S800
2025-04-07T06:49:30.209787+0800 ERROR finish command G250 S800
2025-04-07T06:49:30.209787+0800 ERROR SENT: M154 S1
2025-04-07T06:49:30.209787+0800 ERROR write command M154 S1
2025-04-07T06:49:30.210786+0800 ERROR second command M154 S1
2025-04-07T06:49:30.210786+0800 ERROR finish command M154 S1
2025-04-07T06:49:30.210786+0800 ERROR SENT: 2025-04-07 06:49:30
2025-04-07T06:49:30.210786+0800 ERROR write command 2025-04-07 06:49:30
2025-04-07T06:49:30.210786+0800 ERROR second command 2025-04-07 06:49:30
2025-04-07T06:49:30.211802+0800 ERROR finish command 2025-04-07 06:49:30
2025-04-07T06:49:34.123291+0800 ERROR SENT: M105
2025-04-07T06:49:34.123291+0800 ERROR write command M105
2025-04-07T06:49:34.123291+0800 ERROR second command M105
2025-04-07T06:49:34.123291+0800 ERROR finish command M105
2025-04-07T06:49:34.123291+0800 ERROR SENT: G250 S21
2025-04-07T06:49:34.124302+0800 ERROR write command G250 S21
2025-04-07T06:49:34.124302+0800 ERROR second command G250 S21
2025-04-07T06:49:34.124302+0800 ERROR finish command G250 S21
2025-04-07T06:49:34.124302+0800 ERROR SENT: G250 S800
2025-04-07T06:49:34.124302+0800 ERROR write command G250 S800
2025-04-07T06:49:34.124302+0800 ERROR second command G250 S800
2025-04-07T06:49:34.124302+0800 ERROR finish command G250 S800
2025-04-07T06:49:34.124956+0800 ERROR SENT: M154 S1
2025-04-07T06:49:34.124956+0800 ERROR write command M154 S1
2025-04-07T06:49:34.124956+0800 ERROR second command M154 S1
2025-04-07T06:49:34.124956+0800 ERROR finish command M154 S1
2025-04-07T06:49:34.125959+0800 ERROR SENT: 2025-04-07 06:49:34
2025-04-07T06:49:34.125959+0800 ERROR write command 2025-04-07 06:49:34
2025-04-07T06:49:34.125959+0800 ERROR second command 2025-04-07 06:49:34
2025-04-07T06:49:34.125959+0800 ERROR finish command 2025-04-07 06:49:34
