2025-04-11T10:40:59.471307+0800 INFO 设备已成功连接
2025-04-11T10:40:59.473307+0800 ERROR SENT: M105
2025-04-11T10:40:59.473307+0800 ERROR write command M105
2025-04-11T10:40:59.474308+0800 ERROR second command M105
2025-04-11T10:40:59.474308+0800 ERROR finish command M105
2025-04-11T10:40:59.474308+0800 ERROR SENT: G250 S21
2025-04-11T10:40:59.474308+0800 ERROR write command G250 S21
2025-04-11T10:40:59.475307+0800 ERROR second command G250 S21
2025-04-11T10:40:59.475307+0800 ERROR finish command G250 S21
2025-04-11T10:40:59.475307+0800 ERROR SENT: G250 S800
2025-04-11T10:40:59.475307+0800 ERROR write command G250 S800
2025-04-11T10:40:59.475307+0800 ERROR second command G250 S800
2025-04-11T10:40:59.476308+0800 ERROR finish command G250 S800
2025-04-11T10:40:59.476308+0800 ERROR SENT: M154 S1
2025-04-11T10:40:59.476308+0800 ERROR write command M154 S1
2025-04-11T10:40:59.476308+0800 ERROR second command M154 S1
2025-04-11T10:40:59.477309+0800 ERROR finish command M154 S1
2025-04-11T10:41:03.367649+0800 ERROR SENT: M105
2025-04-11T10:41:03.367649+0800 ERROR write command M105
2025-04-11T10:41:03.368572+0800 ERROR second command M105
2025-04-11T10:41:03.368572+0800 ERROR finish command M105
2025-04-11T10:41:03.368572+0800 ERROR SENT: G250 S21
2025-04-11T10:41:03.368572+0800 ERROR write command G250 S21
2025-04-11T10:41:03.369078+0800 ERROR second command G250 S21
2025-04-11T10:41:03.369078+0800 ERROR finish command G250 S21
2025-04-11T10:41:03.369078+0800 ERROR SENT: G250 S800
2025-04-11T10:41:03.369078+0800 ERROR write command G250 S800
2025-04-11T10:41:03.369078+0800 ERROR second command G250 S800
2025-04-11T10:41:03.369078+0800 ERROR finish command G250 S800
2025-04-11T10:41:03.369078+0800 ERROR SENT: M154 S1
2025-04-11T10:41:03.369078+0800 ERROR write command M154 S1
2025-04-11T10:41:03.369078+0800 ERROR second command M154 S1
2025-04-11T10:41:03.370080+0800 ERROR finish command M154 S1
2025-04-11T10:41:07.954455+0800 ERROR SENT: M105
2025-04-11T10:41:07.954455+0800 ERROR write command M105
2025-04-11T10:41:07.955454+0800 ERROR second command M105
2025-04-11T10:41:07.955454+0800 ERROR finish command M105
2025-04-11T10:41:07.955454+0800 ERROR SENT: G250 S21
2025-04-11T10:41:07.955454+0800 ERROR write command G250 S21
2025-04-11T10:41:07.955454+0800 ERROR second command G250 S21
2025-04-11T10:41:07.955454+0800 ERROR finish command G250 S21
2025-04-11T10:41:07.955454+0800 ERROR SENT: G250 S800
2025-04-11T10:41:07.955454+0800 ERROR write command G250 S800
2025-04-11T10:41:07.955454+0800 ERROR second command G250 S800
2025-04-11T10:41:07.956454+0800 ERROR finish command G250 S800
2025-04-11T10:41:07.956454+0800 ERROR SENT: M154 S1
2025-04-11T10:41:07.956454+0800 ERROR write command M154 S1
2025-04-11T10:41:07.957456+0800 ERROR second command M154 S1
2025-04-11T10:41:07.957456+0800 ERROR finish command M154 S1
2025-04-11T10:41:11.883796+0800 ERROR SENT: M105
2025-04-11T10:41:11.883796+0800 ERROR write command M105
2025-04-11T10:41:11.883796+0800 ERROR second command M105
2025-04-11T10:41:11.883796+0800 ERROR finish command M105
2025-04-11T10:41:11.883796+0800 ERROR SENT: G250 S21
2025-04-11T10:41:11.884846+0800 ERROR write command G250 S21
2025-04-11T10:41:11.884846+0800 ERROR second command G250 S21
2025-04-11T10:41:11.884846+0800 ERROR finish command G250 S21
2025-04-11T10:41:11.884846+0800 ERROR SENT: G250 S800
2025-04-11T10:41:11.884846+0800 ERROR write command G250 S800
2025-04-11T10:41:11.884846+0800 ERROR second command G250 S800
2025-04-11T10:41:11.884846+0800 ERROR finish command G250 S800
2025-04-11T10:41:11.884846+0800 ERROR SENT: M154 S1
2025-04-11T10:41:11.885798+0800 ERROR write command M154 S1
2025-04-11T10:41:11.885798+0800 ERROR second command M154 S1
2025-04-11T10:41:11.885798+0800 ERROR finish command M154 S1
2025-04-11T10:41:15.779166+0800 ERROR SENT: M105
2025-04-11T10:41:15.779166+0800 ERROR write command M105
2025-04-11T10:41:15.779166+0800 ERROR second command M105
2025-04-11T10:41:15.780166+0800 ERROR finish command M105
2025-04-11T10:41:15.780166+0800 ERROR SENT: G250 S21
2025-04-11T10:41:15.780166+0800 ERROR write command G250 S21
2025-04-11T10:41:15.780166+0800 ERROR second command G250 S21
2025-04-11T10:41:15.780166+0800 ERROR finish command G250 S21
2025-04-11T10:41:15.780166+0800 ERROR SENT: G250 S800
2025-04-11T10:41:15.780166+0800 ERROR write command G250 S800
2025-04-11T10:41:15.780166+0800 ERROR second command G250 S800
2025-04-11T10:41:15.781168+0800 ERROR finish command G250 S800
2025-04-11T10:41:15.781168+0800 ERROR SENT: M154 S1
2025-04-11T10:41:15.781168+0800 ERROR write command M154 S1
2025-04-11T10:41:15.781168+0800 ERROR second command M154 S1
2025-04-11T10:41:15.781168+0800 ERROR finish command M154 S1
2025-04-11T10:41:19.645693+0800 ERROR SENT: M105
2025-04-11T10:41:19.646684+0800 ERROR write command M105
2025-04-11T10:41:19.647682+0800 ERROR second command M105
2025-04-11T10:41:19.647682+0800 ERROR finish command M105
2025-04-11T10:41:19.647682+0800 ERROR SENT: G250 S21
2025-04-11T10:41:19.648682+0800 ERROR write command G250 S21
2025-04-11T10:41:19.648682+0800 ERROR second command G250 S21
2025-04-11T10:41:19.648682+0800 ERROR finish command G250 S21
2025-04-11T10:41:19.648682+0800 ERROR SENT: G250 S800
2025-04-11T10:41:19.648682+0800 ERROR write command G250 S800
2025-04-11T10:41:19.648682+0800 ERROR second command G250 S800
2025-04-11T10:41:19.649682+0800 ERROR finish command G250 S800
2025-04-11T10:41:19.649682+0800 ERROR SENT: M154 S1
2025-04-11T10:41:19.649682+0800 ERROR write command M154 S1
2025-04-11T10:41:19.649682+0800 ERROR second command M154 S1
2025-04-11T10:41:19.649682+0800 ERROR finish command M154 S1
2025-04-11T10:41:23.512036+0800 ERROR SENT: M105
2025-04-11T10:41:23.512036+0800 ERROR write command M105
2025-04-11T10:41:23.512036+0800 ERROR second command M105
2025-04-11T10:41:23.512036+0800 ERROR finish command M105
2025-04-11T10:41:23.513036+0800 ERROR SENT: G250 S21
2025-04-11T10:41:23.513036+0800 ERROR write command G250 S21
2025-04-11T10:41:23.513036+0800 ERROR second command G250 S21
2025-04-11T10:41:23.513036+0800 ERROR finish command G250 S21
2025-04-11T10:41:23.513036+0800 ERROR SENT: G250 S800
2025-04-11T10:41:23.513036+0800 ERROR write command G250 S800
2025-04-11T10:41:23.513036+0800 ERROR second command G250 S800
2025-04-11T10:41:23.513036+0800 ERROR finish command G250 S800
2025-04-11T10:41:23.513036+0800 ERROR SENT: M154 S1
2025-04-11T10:41:23.514036+0800 ERROR write command M154 S1
2025-04-11T10:41:23.514036+0800 ERROR second command M154 S1
2025-04-11T10:41:23.514036+0800 ERROR finish command M154 S1
2025-04-11T10:41:27.386643+0800 ERROR SENT: M105
2025-04-11T10:41:27.386643+0800 ERROR write command M105
2025-04-11T10:41:27.386643+0800 ERROR second command M105
2025-04-11T10:41:27.386643+0800 ERROR finish command M105
2025-04-11T10:41:27.387577+0800 ERROR SENT: G250 S21
2025-04-11T10:41:27.387577+0800 ERROR write command G250 S21
2025-04-11T10:41:27.387577+0800 ERROR second command G250 S21
2025-04-11T10:41:27.387577+0800 ERROR finish command G250 S21
2025-04-11T10:41:27.387577+0800 ERROR SENT: G250 S800
2025-04-11T10:41:27.387577+0800 ERROR write command G250 S800
2025-04-11T10:41:27.387577+0800 ERROR second command G250 S800
2025-04-11T10:41:27.387577+0800 ERROR finish command G250 S800
2025-04-11T10:41:27.387577+0800 ERROR SENT: M154 S1
2025-04-11T10:41:27.388577+0800 ERROR write command M154 S1
2025-04-11T10:41:27.388577+0800 ERROR second command M154 S1
2025-04-11T10:41:27.388577+0800 ERROR finish command M154 S1
2025-04-11T10:41:31.253798+0800 ERROR SENT: M105
2025-04-11T10:41:31.253798+0800 ERROR write command M105
2025-04-11T10:41:31.253798+0800 ERROR second command M105
2025-04-11T10:41:31.253798+0800 ERROR finish command M105
2025-04-11T10:41:31.253798+0800 ERROR SENT: G250 S21
2025-04-11T10:41:31.254809+0800 ERROR write command G250 S21
2025-04-11T10:41:31.254809+0800 ERROR second command G250 S21
2025-04-11T10:41:31.254809+0800 ERROR finish command G250 S21
2025-04-11T10:41:31.254809+0800 ERROR SENT: G250 S800
2025-04-11T10:41:31.254809+0800 ERROR write command G250 S800
2025-04-11T10:41:31.255799+0800 ERROR second command G250 S800
2025-04-11T10:41:31.255799+0800 ERROR finish command G250 S800
2025-04-11T10:41:31.255799+0800 ERROR SENT: M154 S1
2025-04-11T10:41:31.256797+0800 ERROR write command M154 S1
2025-04-11T10:41:31.256797+0800 ERROR second command M154 S1
2025-04-11T10:41:31.256797+0800 ERROR finish command M154 S1
2025-04-11T10:41:35.079566+0800 ERROR SENT: M105
2025-04-11T10:41:35.079566+0800 ERROR write command M105
2025-04-11T10:41:35.079566+0800 ERROR second command M105
2025-04-11T10:41:35.080497+0800 ERROR finish command M105
2025-04-11T10:41:35.080497+0800 ERROR SENT: G250 S21
2025-04-11T10:41:35.080497+0800 ERROR write command G250 S21
2025-04-11T10:41:35.080497+0800 ERROR second command G250 S21
2025-04-11T10:41:35.080497+0800 ERROR finish command G250 S21
2025-04-11T10:41:35.080497+0800 ERROR SENT: G250 S800
2025-04-11T10:41:35.080497+0800 ERROR write command G250 S800
2025-04-11T10:41:35.081497+0800 ERROR second command G250 S800
2025-04-11T10:41:35.081497+0800 ERROR finish command G250 S800
2025-04-11T10:41:35.081497+0800 ERROR SENT: M154 S1
2025-04-11T10:41:35.081497+0800 ERROR write command M154 S1
2025-04-11T10:41:35.081497+0800 ERROR second command M154 S1
2025-04-11T10:41:35.081497+0800 ERROR finish command M154 S1
2025-04-11T10:41:38.931844+0800 ERROR SENT: M105
2025-04-11T10:41:38.931844+0800 ERROR write command M105
2025-04-11T10:41:38.931844+0800 ERROR second command M105
2025-04-11T10:41:38.932770+0800 ERROR finish command M105
2025-04-11T10:41:38.932770+0800 ERROR SENT: G250 S21
2025-04-11T10:41:38.932770+0800 ERROR write command G250 S21
2025-04-11T10:41:38.932770+0800 ERROR second command G250 S21
2025-04-11T10:41:38.932770+0800 ERROR finish command G250 S21
2025-04-11T10:41:38.932770+0800 ERROR SENT: G250 S800
2025-04-11T10:41:38.932770+0800 ERROR write command G250 S800
2025-04-11T10:41:38.932770+0800 ERROR second command G250 S800
2025-04-11T10:41:38.932770+0800 ERROR finish command G250 S800
2025-04-11T10:41:38.933789+0800 ERROR SENT: M154 S1
2025-04-11T10:41:38.933789+0800 ERROR write command M154 S1
2025-04-11T10:41:38.933789+0800 ERROR second command M154 S1
2025-04-11T10:41:38.933789+0800 ERROR finish command M154 S1
2025-04-11T10:41:42.789513+0800 ERROR SENT: M105
2025-04-11T10:41:42.789513+0800 ERROR write command M105
2025-04-11T10:41:42.789513+0800 ERROR second command M105
2025-04-11T10:41:42.789513+0800 ERROR finish command M105
2025-04-11T10:41:42.789513+0800 ERROR SENT: G250 S21
2025-04-11T10:41:42.789513+0800 ERROR write command G250 S21
2025-04-11T10:41:42.790513+0800 ERROR second command G250 S21
2025-04-11T10:41:42.790513+0800 ERROR finish command G250 S21
2025-04-11T10:41:42.790513+0800 ERROR SENT: G250 S800
2025-04-11T10:41:42.790513+0800 ERROR write command G250 S800
2025-04-11T10:41:42.790513+0800 ERROR second command G250 S800
2025-04-11T10:41:42.790513+0800 ERROR finish command G250 S800
2025-04-11T10:41:42.790513+0800 ERROR SENT: M154 S1
2025-04-11T10:41:42.790513+0800 ERROR write command M154 S1
2025-04-11T10:41:42.791514+0800 ERROR second command M154 S1
2025-04-11T10:41:42.791514+0800 ERROR finish command M154 S1
2025-04-11T10:41:46.718423+0800 ERROR SENT: M105
2025-04-11T10:41:46.718423+0800 ERROR write command M105
2025-04-11T10:41:46.718423+0800 ERROR second command M105
2025-04-11T10:41:46.719334+0800 ERROR finish command M105
2025-04-11T10:41:46.719334+0800 ERROR SENT: G250 S21
2025-04-11T10:41:46.719334+0800 ERROR write command G250 S21
2025-04-11T10:41:46.719334+0800 ERROR second command G250 S21
2025-04-11T10:41:46.719334+0800 ERROR finish command G250 S21
2025-04-11T10:41:46.719334+0800 ERROR SENT: G250 S800
2025-04-11T10:41:46.720335+0800 ERROR write command G250 S800
2025-04-11T10:41:46.720335+0800 ERROR second command G250 S800
2025-04-11T10:41:46.720335+0800 ERROR finish command G250 S800
2025-04-11T10:41:46.720335+0800 ERROR SENT: M154 S1
2025-04-11T10:41:46.720335+0800 ERROR write command M154 S1
2025-04-11T10:41:46.720335+0800 ERROR second command M154 S1
2025-04-11T10:41:46.720335+0800 ERROR finish command M154 S1
2025-04-11T10:41:50.602369+0800 ERROR SENT: M105
2025-04-11T10:41:50.602369+0800 ERROR write command M105
2025-04-11T10:41:50.602369+0800 ERROR second command M105
2025-04-11T10:41:50.602369+0800 ERROR finish command M105
2025-04-11T10:41:50.603369+0800 ERROR SENT: G250 S21
2025-04-11T10:41:50.603369+0800 ERROR write command G250 S21
2025-04-11T10:41:50.603369+0800 ERROR second command G250 S21
2025-04-11T10:41:50.603369+0800 ERROR finish command G250 S21
2025-04-11T10:41:50.603369+0800 ERROR SENT: G250 S800
2025-04-11T10:41:50.603369+0800 ERROR write command G250 S800
2025-04-11T10:41:50.604378+0800 ERROR second command G250 S800
2025-04-11T10:41:50.604378+0800 ERROR finish command G250 S800
2025-04-11T10:41:50.604378+0800 ERROR SENT: M154 S1
2025-04-11T10:41:50.604378+0800 ERROR write command M154 S1
2025-04-11T10:41:50.604378+0800 ERROR second command M154 S1
2025-04-11T10:41:50.604378+0800 ERROR finish command M154 S1
2025-04-11T10:41:54.510552+0800 ERROR SENT: M105
2025-04-11T10:41:54.511555+0800 ERROR write command M105
2025-04-11T10:41:54.511555+0800 ERROR second command M105
2025-04-11T10:41:54.512553+0800 ERROR finish command M105
2025-04-11T10:41:54.512553+0800 ERROR SENT: G250 S21
2025-04-11T10:41:54.512553+0800 ERROR write command G250 S21
2025-04-11T10:41:54.513553+0800 ERROR second command G250 S21
2025-04-11T10:41:54.513553+0800 ERROR finish command G250 S21
2025-04-11T10:41:54.513553+0800 ERROR SENT: G250 S800
2025-04-11T10:41:54.513553+0800 ERROR write command G250 S800
2025-04-11T10:41:54.514553+0800 ERROR second command G250 S800
2025-04-11T10:41:54.514553+0800 ERROR finish command G250 S800
2025-04-11T10:41:54.514553+0800 ERROR SENT: M154 S1
2025-04-11T10:41:54.515553+0800 ERROR write command M154 S1
2025-04-11T10:41:54.516553+0800 ERROR second command M154 S1
2025-04-11T10:41:54.516553+0800 ERROR finish command M154 S1
2025-04-11T10:41:58.425401+0800 ERROR SENT: M105
2025-04-11T10:41:58.425401+0800 ERROR write command M105
2025-04-11T10:41:58.425401+0800 ERROR second command M105
2025-04-11T10:41:58.426402+0800 ERROR finish command M105
2025-04-11T10:41:58.426402+0800 ERROR SENT: G250 S21
2025-04-11T10:41:58.426402+0800 ERROR write command G250 S21
2025-04-11T10:41:58.426402+0800 ERROR second command G250 S21
2025-04-11T10:41:58.426402+0800 ERROR finish command G250 S21
2025-04-11T10:41:58.426402+0800 ERROR SENT: G250 S800
2025-04-11T10:41:58.427402+0800 ERROR write command G250 S800
2025-04-11T10:41:58.427402+0800 ERROR second command G250 S800
2025-04-11T10:41:58.427402+0800 ERROR finish command G250 S800
2025-04-11T10:41:58.427402+0800 ERROR SENT: M154 S1
2025-04-11T10:41:58.427402+0800 ERROR write command M154 S1
2025-04-11T10:41:58.427402+0800 ERROR second command M154 S1
2025-04-11T10:41:58.428401+0800 ERROR finish command M154 S1
2025-04-11T10:42:02.349562+0800 ERROR SENT: M105
2025-04-11T10:42:02.349562+0800 ERROR write command M105
2025-04-11T10:42:02.349562+0800 ERROR second command M105
2025-04-11T10:42:02.349562+0800 ERROR finish command M105
2025-04-11T10:42:02.349562+0800 ERROR SENT: G250 S21
2025-04-11T10:42:02.350562+0800 ERROR write command G250 S21
2025-04-11T10:42:02.350562+0800 ERROR second command G250 S21
2025-04-11T10:42:02.350562+0800 ERROR finish command G250 S21
2025-04-11T10:42:02.350562+0800 ERROR SENT: G250 S800
2025-04-11T10:42:02.350562+0800 ERROR write command G250 S800
2025-04-11T10:42:02.351563+0800 ERROR second command G250 S800
2025-04-11T10:42:02.351563+0800 ERROR finish command G250 S800
2025-04-11T10:42:02.351563+0800 ERROR SENT: M154 S1
2025-04-11T10:42:02.351563+0800 ERROR write command M154 S1
2025-04-11T10:42:02.351563+0800 ERROR second command M154 S1
2025-04-11T10:42:02.351563+0800 ERROR finish command M154 S1
2025-04-11T10:42:06.235526+0800 ERROR SENT: M105
2025-04-11T10:42:06.235526+0800 ERROR write command M105
2025-04-11T10:42:06.236435+0800 ERROR second command M105
2025-04-11T10:42:06.236435+0800 ERROR finish command M105
2025-04-11T10:42:06.236435+0800 ERROR SENT: G250 S21
2025-04-11T10:42:06.236435+0800 ERROR write command G250 S21
2025-04-11T10:42:06.237435+0800 ERROR second command G250 S21
2025-04-11T10:42:06.237435+0800 ERROR finish command G250 S21
2025-04-11T10:42:06.237435+0800 ERROR SENT: G250 S800
2025-04-11T10:42:06.237435+0800 ERROR write command G250 S800
2025-04-11T10:42:06.237435+0800 ERROR second command G250 S800
2025-04-11T10:42:06.237435+0800 ERROR finish command G250 S800
2025-04-11T10:42:06.237435+0800 ERROR SENT: M154 S1
2025-04-11T10:42:06.237435+0800 ERROR write command M154 S1
2025-04-11T10:42:06.237435+0800 ERROR second command M154 S1
2025-04-11T10:42:06.238436+0800 ERROR finish command M154 S1
2025-04-11T10:42:10.152698+0800 ERROR SENT: M105
2025-04-11T10:42:10.152698+0800 ERROR write command M105
2025-04-11T10:42:10.152698+0800 ERROR second command M105
2025-04-11T10:42:10.152698+0800 ERROR finish command M105
2025-04-11T10:42:10.152698+0800 ERROR SENT: G250 S21
2025-04-11T10:42:10.152698+0800 ERROR write command G250 S21
2025-04-11T10:42:10.153617+0800 ERROR second command G250 S21
2025-04-11T10:42:10.153617+0800 ERROR finish command G250 S21
2025-04-11T10:42:10.153617+0800 ERROR SENT: G250 S800
2025-04-11T10:42:10.153617+0800 ERROR write command G250 S800
2025-04-11T10:42:10.153617+0800 ERROR second command G250 S800
2025-04-11T10:42:10.153617+0800 ERROR finish command G250 S800
2025-04-11T10:42:10.154616+0800 ERROR SENT: M154 S1
2025-04-11T10:42:10.154616+0800 ERROR write command M154 S1
2025-04-11T10:42:10.154616+0800 ERROR second command M154 S1
2025-04-11T10:42:10.154616+0800 ERROR finish command M154 S1
2025-04-11T10:42:14.041011+0800 ERROR SENT: M105
2025-04-11T10:42:14.041011+0800 ERROR write command M105
2025-04-11T10:42:14.041011+0800 ERROR second command M105
2025-04-11T10:42:14.041011+0800 ERROR finish command M105
2025-04-11T10:42:14.041011+0800 ERROR SENT: G250 S21
2025-04-11T10:42:14.041011+0800 ERROR write command G250 S21
2025-04-11T10:42:14.042003+0800 ERROR second command G250 S21
2025-04-11T10:42:14.042003+0800 ERROR finish command G250 S21
2025-04-11T10:42:14.042003+0800 ERROR SENT: G250 S800
2025-04-11T10:42:14.042003+0800 ERROR write command G250 S800
2025-04-11T10:42:14.042003+0800 ERROR second command G250 S800
2025-04-11T10:42:14.042003+0800 ERROR finish command G250 S800
2025-04-11T10:42:14.042003+0800 ERROR SENT: M154 S1
2025-04-11T10:42:14.042003+0800 ERROR write command M154 S1
2025-04-11T10:42:14.042003+0800 ERROR second command M154 S1
2025-04-11T10:42:14.042003+0800 ERROR finish command M154 S1
2025-04-11T10:42:17.933647+0800 ERROR SENT: M105
2025-04-11T10:42:17.934612+0800 ERROR write command M105
2025-04-11T10:42:17.934612+0800 ERROR second command M105
2025-04-11T10:42:17.934612+0800 ERROR finish command M105
2025-04-11T10:42:17.935613+0800 ERROR SENT: G250 S21
2025-04-11T10:42:17.935613+0800 ERROR write command G250 S21
2025-04-11T10:42:17.935613+0800 ERROR second command G250 S21
2025-04-11T10:42:17.935613+0800 ERROR finish command G250 S21
2025-04-11T10:42:17.935613+0800 ERROR SENT: G250 S800
2025-04-11T10:42:17.935613+0800 ERROR write command G250 S800
2025-04-11T10:42:17.935613+0800 ERROR second command G250 S800
2025-04-11T10:42:17.935613+0800 ERROR finish command G250 S800
2025-04-11T10:42:17.935613+0800 ERROR SENT: M154 S1
2025-04-11T10:42:17.936612+0800 ERROR write command M154 S1
2025-04-11T10:42:17.936612+0800 ERROR second command M154 S1
2025-04-11T10:42:17.936612+0800 ERROR finish command M154 S1
2025-04-11T10:42:21.834588+0800 ERROR SENT: M105
2025-04-11T10:42:21.834588+0800 ERROR write command M105
2025-04-11T10:42:21.835590+0800 ERROR second command M105
2025-04-11T10:42:21.835590+0800 ERROR finish command M105
2025-04-11T10:42:21.835590+0800 ERROR SENT: G250 S21
2025-04-11T10:42:21.835590+0800 ERROR write command G250 S21
2025-04-11T10:42:21.835590+0800 ERROR second command G250 S21
2025-04-11T10:42:21.835590+0800 ERROR finish command G250 S21
2025-04-11T10:42:21.835590+0800 ERROR SENT: G250 S800
2025-04-11T10:42:21.835590+0800 ERROR write command G250 S800
2025-04-11T10:42:21.836682+0800 ERROR second command G250 S800
2025-04-11T10:42:21.836682+0800 ERROR finish command G250 S800
2025-04-11T10:42:21.836682+0800 ERROR SENT: M154 S1
2025-04-11T10:42:21.836682+0800 ERROR write command M154 S1
2025-04-11T10:42:21.836682+0800 ERROR second command M154 S1
2025-04-11T10:42:21.837659+0800 ERROR finish command M154 S1
2025-04-11T10:42:25.708778+0800 ERROR SENT: M105
2025-04-11T10:42:25.708778+0800 ERROR write command M105
2025-04-11T10:42:25.708778+0800 ERROR second command M105
2025-04-11T10:42:25.708778+0800 ERROR finish command M105
2025-04-11T10:42:25.708778+0800 ERROR SENT: G250 S21
2025-04-11T10:42:25.708778+0800 ERROR write command G250 S21
2025-04-11T10:42:25.708778+0800 ERROR second command G250 S21
2025-04-11T10:42:25.709783+0800 ERROR finish command G250 S21
2025-04-11T10:42:25.709783+0800 ERROR SENT: G250 S800
2025-04-11T10:42:25.709783+0800 ERROR write command G250 S800
2025-04-11T10:42:25.709783+0800 ERROR second command G250 S800
2025-04-11T10:42:25.709783+0800 ERROR finish command G250 S800
2025-04-11T10:42:25.709783+0800 ERROR SENT: M154 S1
2025-04-11T10:42:25.709783+0800 ERROR write command M154 S1
2025-04-11T10:42:25.710788+0800 ERROR second command M154 S1
2025-04-11T10:42:25.710788+0800 ERROR finish command M154 S1
2025-04-11T10:42:29.597388+0800 ERROR SENT: M105
2025-04-11T10:42:29.597388+0800 ERROR write command M105
2025-04-11T10:42:29.597388+0800 ERROR second command M105
2025-04-11T10:42:29.597388+0800 ERROR finish command M105
2025-04-11T10:42:29.597388+0800 ERROR SENT: G250 S21
2025-04-11T10:42:29.597388+0800 ERROR write command G250 S21
2025-04-11T10:42:29.598353+0800 ERROR second command G250 S21
2025-04-11T10:42:29.598353+0800 ERROR finish command G250 S21
2025-04-11T10:42:29.598353+0800 ERROR SENT: G250 S800
2025-04-11T10:42:29.598353+0800 ERROR write command G250 S800
2025-04-11T10:42:29.598353+0800 ERROR second command G250 S800
2025-04-11T10:42:29.598353+0800 ERROR finish command G250 S800
2025-04-11T10:42:29.598353+0800 ERROR SENT: M154 S1
2025-04-11T10:42:29.598353+0800 ERROR write command M154 S1
2025-04-11T10:42:29.599309+0800 ERROR second command M154 S1
2025-04-11T10:42:29.599309+0800 ERROR finish command M154 S1
2025-04-11T10:42:33.566247+0800 ERROR SENT: M105
2025-04-11T10:42:33.566247+0800 ERROR write command M105
2025-04-11T10:42:33.567248+0800 ERROR second command M105
2025-04-11T10:42:33.567248+0800 ERROR finish command M105
2025-04-11T10:42:33.567248+0800 ERROR SENT: G250 S21
2025-04-11T10:42:33.567248+0800 ERROR write command G250 S21
2025-04-11T10:42:33.568248+0800 ERROR second command G250 S21
2025-04-11T10:42:33.568248+0800 ERROR finish command G250 S21
2025-04-11T10:42:33.568248+0800 ERROR SENT: G250 S800
2025-04-11T10:42:33.569248+0800 ERROR write command G250 S800
2025-04-11T10:42:33.569248+0800 ERROR second command G250 S800
2025-04-11T10:42:33.569248+0800 ERROR finish command G250 S800
2025-04-11T10:42:33.569248+0800 ERROR SENT: M154 S1
2025-04-11T10:42:33.569248+0800 ERROR write command M154 S1
2025-04-11T10:42:33.570248+0800 ERROR second command M154 S1
2025-04-11T10:42:33.570248+0800 ERROR finish command M154 S1
2025-04-11T10:42:37.562114+0800 ERROR SENT: M105
2025-04-11T10:42:37.563114+0800 ERROR write command M105
2025-04-11T10:42:37.563114+0800 ERROR second command M105
2025-04-11T10:42:37.563632+0800 ERROR finish command M105
2025-04-11T10:42:37.563632+0800 ERROR SENT: G250 S21
2025-04-11T10:42:37.563632+0800 ERROR write command G250 S21
2025-04-11T10:42:37.564152+0800 ERROR second command G250 S21
2025-04-11T10:42:37.564152+0800 ERROR finish command G250 S21
2025-04-11T10:42:37.564152+0800 ERROR SENT: G250 S800
2025-04-11T10:42:37.564152+0800 ERROR write command G250 S800
2025-04-11T10:42:37.564152+0800 ERROR second command G250 S800
2025-04-11T10:42:37.564152+0800 ERROR finish command G250 S800
2025-04-11T10:42:37.567143+0800 ERROR SENT: M154 S1
2025-04-11T10:42:37.568143+0800 ERROR write command M154 S1
2025-04-11T10:42:37.568143+0800 ERROR second command M154 S1
2025-04-11T10:42:37.568143+0800 ERROR finish command M154 S1
