2025-04-07T09:04:52.059935+0800 INFO 设备已成功连接
2025-04-07T09:04:52.059935+0800 ERROR SENT: M105
2025-04-07T09:04:52.060934+0800 ERROR write command M105
2025-04-07T09:04:52.060934+0800 ERROR second command M105
2025-04-07T09:04:52.060934+0800 ERROR finish command M105
2025-04-07T09:04:52.060934+0800 ERROR SENT: G250 S21
2025-04-07T09:04:52.060934+0800 ERROR write command G250 S21
2025-04-07T09:04:52.060934+0800 ERROR second command G250 S21
2025-04-07T09:04:52.060934+0800 ERROR finish command G250 S21
2025-04-07T09:04:52.060934+0800 ERROR SENT: G250 S800
2025-04-07T09:04:52.060934+0800 ERROR write command G250 S800
2025-04-07T09:04:52.060934+0800 ERROR second command G250 S800
2025-04-07T09:04:52.061934+0800 ERROR finish command G250 S800
2025-04-07T09:04:52.061934+0800 ERROR SENT: M154 S1
2025-04-07T09:04:52.062933+0800 ERROR write command M154 S1
2025-04-07T09:04:52.063932+0800 ERROR second command M154 S1
2025-04-07T09:04:52.063932+0800 ERROR finish command M154 S1
2025-04-07T09:04:55.903309+0800 ERROR SENT: M105
2025-04-07T09:04:55.903309+0800 ERROR write command M105
2025-04-07T09:04:55.903309+0800 ERROR second command M105
2025-04-07T09:04:55.903309+0800 ERROR finish command M105
2025-04-07T09:04:55.903309+0800 ERROR SENT: G250 S21
2025-04-07T09:04:55.904301+0800 ERROR write command G250 S21
2025-04-07T09:04:55.904301+0800 ERROR second command G250 S21
2025-04-07T09:04:55.904301+0800 ERROR finish command G250 S21
2025-04-07T09:04:55.904301+0800 ERROR SENT: G250 S800
2025-04-07T09:04:55.904301+0800 ERROR write command G250 S800
2025-04-07T09:04:55.905301+0800 ERROR second command G250 S800
2025-04-07T09:04:55.905301+0800 ERROR finish command G250 S800
2025-04-07T09:04:55.905301+0800 ERROR SENT: M154 S1
2025-04-07T09:04:55.905301+0800 ERROR write command M154 S1
2025-04-07T09:04:55.905301+0800 ERROR second command M154 S1
2025-04-07T09:04:55.905301+0800 ERROR finish command M154 S1
2025-04-07T09:04:59.741574+0800 ERROR SENT: M105
2025-04-07T09:04:59.741574+0800 ERROR write command M105
2025-04-07T09:04:59.741574+0800 ERROR second command M105
2025-04-07T09:04:59.742563+0800 ERROR finish command M105
2025-04-07T09:04:59.742563+0800 ERROR SENT: G250 S21
2025-04-07T09:04:59.742563+0800 ERROR write command G250 S21
2025-04-07T09:04:59.742563+0800 ERROR second command G250 S21
2025-04-07T09:04:59.742563+0800 ERROR finish command G250 S21
2025-04-07T09:04:59.743563+0800 ERROR SENT: G250 S800
2025-04-07T09:04:59.743563+0800 ERROR write command G250 S800
2025-04-07T09:04:59.743563+0800 ERROR second command G250 S800
2025-04-07T09:04:59.743563+0800 ERROR finish command G250 S800
2025-04-07T09:04:59.743563+0800 ERROR SENT: M154 S1
2025-04-07T09:04:59.743563+0800 ERROR write command M154 S1
2025-04-07T09:04:59.743563+0800 ERROR second command M154 S1
2025-04-07T09:04:59.743563+0800 ERROR finish command M154 S1
2025-04-07T09:05:03.566744+0800 ERROR SENT: M105
2025-04-07T09:05:03.566744+0800 ERROR write command M105
2025-04-07T09:05:03.566744+0800 ERROR second command M105
2025-04-07T09:05:03.566744+0800 ERROR finish command M105
2025-04-07T09:05:03.566744+0800 ERROR SENT: G250 S21
2025-04-07T09:05:03.566744+0800 ERROR write command G250 S21
2025-04-07T09:05:03.567735+0800 ERROR second command G250 S21
2025-04-07T09:05:03.567735+0800 ERROR finish command G250 S21
2025-04-07T09:05:03.567735+0800 ERROR SENT: G250 S800
2025-04-07T09:05:03.567735+0800 ERROR write command G250 S800
2025-04-07T09:05:03.567735+0800 ERROR second command G250 S800
2025-04-07T09:05:03.568734+0800 ERROR finish command G250 S800
2025-04-07T09:05:03.568734+0800 ERROR SENT: M154 S1
2025-04-07T09:05:03.568734+0800 ERROR write command M154 S1
2025-04-07T09:05:03.568734+0800 ERROR second command M154 S1
2025-04-07T09:05:03.569744+0800 ERROR finish command M154 S1
2025-04-07T09:05:07.413067+0800 ERROR SENT: M105
2025-04-07T09:05:07.413067+0800 ERROR write command M105
2025-04-07T09:05:07.413067+0800 ERROR second command M105
2025-04-07T09:05:07.413067+0800 ERROR finish command M105
2025-04-07T09:05:07.413067+0800 ERROR SENT: G250 S21
2025-04-07T09:05:07.414067+0800 ERROR write command G250 S21
2025-04-07T09:05:07.414067+0800 ERROR second command G250 S21
2025-04-07T09:05:07.414067+0800 ERROR finish command G250 S21
2025-04-07T09:05:07.414067+0800 ERROR SENT: G250 S800
2025-04-07T09:05:07.415067+0800 ERROR write command G250 S800
2025-04-07T09:05:07.415067+0800 ERROR second command G250 S800
2025-04-07T09:05:07.415067+0800 ERROR finish command G250 S800
2025-04-07T09:05:07.415067+0800 ERROR SENT: M154 S1
2025-04-07T09:05:07.415067+0800 ERROR write command M154 S1
2025-04-07T09:05:07.415067+0800 ERROR second command M154 S1
2025-04-07T09:05:07.416067+0800 ERROR finish command M154 S1
2025-04-07T09:05:11.232603+0800 ERROR SENT: M105
2025-04-07T09:05:11.232603+0800 ERROR write command M105
2025-04-07T09:05:11.232603+0800 ERROR second command M105
2025-04-07T09:05:11.232603+0800 ERROR finish command M105
2025-04-07T09:05:11.233603+0800 ERROR SENT: G250 S21
2025-04-07T09:05:11.233603+0800 ERROR write command G250 S21
2025-04-07T09:05:11.233603+0800 ERROR second command G250 S21
2025-04-07T09:05:11.233603+0800 ERROR finish command G250 S21
2025-04-07T09:05:11.233603+0800 ERROR SENT: G250 S800
2025-04-07T09:05:11.233603+0800 ERROR write command G250 S800
2025-04-07T09:05:11.234604+0800 ERROR second command G250 S800
2025-04-07T09:05:11.234604+0800 ERROR finish command G250 S800
2025-04-07T09:05:11.234604+0800 ERROR SENT: M154 S1
2025-04-07T09:05:11.234604+0800 ERROR write command M154 S1
2025-04-07T09:05:11.235612+0800 ERROR second command M154 S1
2025-04-07T09:05:11.235612+0800 ERROR finish command M154 S1
2025-04-07T09:05:15.067884+0800 ERROR SENT: M105
2025-04-07T09:05:15.067884+0800 ERROR write command M105
2025-04-07T09:05:15.067884+0800 ERROR second command M105
2025-04-07T09:05:15.067884+0800 ERROR finish command M105
2025-04-07T09:05:15.067884+0800 ERROR SENT: G250 S21
2025-04-07T09:05:15.068884+0800 ERROR write command G250 S21
2025-04-07T09:05:15.068884+0800 ERROR second command G250 S21
2025-04-07T09:05:15.068884+0800 ERROR finish command G250 S21
2025-04-07T09:05:15.068884+0800 ERROR SENT: G250 S800
2025-04-07T09:05:15.068884+0800 ERROR write command G250 S800
2025-04-07T09:05:15.068884+0800 ERROR second command G250 S800
2025-04-07T09:05:15.069884+0800 ERROR finish command G250 S800
2025-04-07T09:05:15.069884+0800 ERROR SENT: M154 S1
2025-04-07T09:05:15.069884+0800 ERROR write command M154 S1
2025-04-07T09:05:15.069884+0800 ERROR second command M154 S1
2025-04-07T09:05:15.069884+0800 ERROR finish command M154 S1
2025-04-07T09:05:19.187328+0800 ERROR SENT: M105
2025-04-07T09:05:19.187328+0800 ERROR write command M105
2025-04-07T09:05:19.187328+0800 ERROR second command M105
2025-04-07T09:05:19.188329+0800 ERROR finish command M105
2025-04-07T09:05:19.188329+0800 ERROR SENT: G250 S21
2025-04-07T09:05:19.188329+0800 ERROR write command G250 S21
2025-04-07T09:05:19.188329+0800 ERROR second command G250 S21
2025-04-07T09:05:19.188329+0800 ERROR finish command G250 S21
2025-04-07T09:05:19.189327+0800 ERROR SENT: G250 S800
2025-04-07T09:05:19.189327+0800 ERROR write command G250 S800
2025-04-07T09:05:19.189327+0800 ERROR second command G250 S800
2025-04-07T09:05:19.189327+0800 ERROR finish command G250 S800
2025-04-07T09:05:19.190327+0800 ERROR SENT: M154 S1
2025-04-07T09:05:19.190327+0800 ERROR write command M154 S1
2025-04-07T09:05:19.190327+0800 ERROR second command M154 S1
2025-04-07T09:05:19.191328+0800 ERROR finish command M154 S1
2025-04-07T09:05:22.993277+0800 ERROR SENT: M105
2025-04-07T09:05:22.993277+0800 ERROR write command M105
2025-04-07T09:05:22.993277+0800 ERROR second command M105
2025-04-07T09:05:22.993277+0800 ERROR finish command M105
2025-04-07T09:05:22.994269+0800 ERROR SENT: G250 S21
2025-04-07T09:05:22.994269+0800 ERROR write command G250 S21
2025-04-07T09:05:22.994269+0800 ERROR second command G250 S21
2025-04-07T09:05:22.994269+0800 ERROR finish command G250 S21
2025-04-07T09:05:22.995269+0800 ERROR SENT: G250 S800
2025-04-07T09:05:22.995269+0800 ERROR write command G250 S800
2025-04-07T09:05:22.995269+0800 ERROR second command G250 S800
2025-04-07T09:05:22.995269+0800 ERROR finish command G250 S800
2025-04-07T09:05:22.996269+0800 ERROR SENT: M154 S1
2025-04-07T09:05:22.996269+0800 ERROR write command M154 S1
2025-04-07T09:05:22.996269+0800 ERROR second command M154 S1
2025-04-07T09:05:22.996269+0800 ERROR finish command M154 S1
2025-04-07T09:05:26.824802+0800 ERROR SENT: M105
2025-04-07T09:05:26.824802+0800 ERROR write command M105
2025-04-07T09:05:26.824802+0800 ERROR second command M105
2025-04-07T09:05:26.824802+0800 ERROR finish command M105
2025-04-07T09:05:26.824802+0800 ERROR SENT: G250 S21
2025-04-07T09:05:26.825806+0800 ERROR write command G250 S21
2025-04-07T09:05:26.825806+0800 ERROR second command G250 S21
2025-04-07T09:05:26.825806+0800 ERROR finish command G250 S21
2025-04-07T09:05:26.825806+0800 ERROR SENT: G250 S800
2025-04-07T09:05:26.826802+0800 ERROR write command G250 S800
2025-04-07T09:05:26.826802+0800 ERROR second command G250 S800
2025-04-07T09:05:26.826802+0800 ERROR finish command G250 S800
2025-04-07T09:05:26.826802+0800 ERROR SENT: M154 S1
2025-04-07T09:05:26.826802+0800 ERROR write command M154 S1
2025-04-07T09:05:26.827803+0800 ERROR second command M154 S1
2025-04-07T09:05:26.827803+0800 ERROR finish command M154 S1
