2025-04-07T09:44:16.618476+0800 INFO 设备已成功连接
2025-04-07T09:44:16.619476+0800 ERROR SENT: M105
2025-04-07T09:44:16.619476+0800 ERROR write command M105
2025-04-07T09:44:16.619476+0800 ERROR second command M105
2025-04-07T09:44:16.620379+0800 ERROR finish command M105
2025-04-07T09:44:16.620379+0800 ERROR SENT: G250 S21
2025-04-07T09:44:16.620379+0800 ERROR write command G250 S21
2025-04-07T09:44:16.620379+0800 ERROR second command G250 S21
2025-04-07T09:44:16.620379+0800 ERROR finish command G250 S21
2025-04-07T09:44:16.620379+0800 ERROR SENT: G250 S800
2025-04-07T09:44:16.620379+0800 ERROR write command G250 S800
2025-04-07T09:44:16.620379+0800 ERROR second command G250 S800
2025-04-07T09:44:16.621383+0800 ERROR finish command G250 S800
2025-04-07T09:44:16.621383+0800 ERROR SENT: M154 S1
2025-04-07T09:44:16.621383+0800 ERROR write command M154 S1
2025-04-07T09:44:16.621383+0800 ERROR second command M154 S1
2025-04-07T09:44:16.621383+0800 ERROR finish command M154 S1
2025-04-07T09:44:20.780457+0800 ERROR SENT: M105
2025-04-07T09:44:20.780457+0800 ERROR write command M105
2025-04-07T09:44:20.784458+0800 ERROR second command M105
2025-04-07T09:44:20.784458+0800 ERROR finish command M105
2025-04-07T09:44:20.784458+0800 ERROR SENT: G250 S21
2025-04-07T09:44:20.785458+0800 ERROR write command G250 S21
2025-04-07T09:44:20.785458+0800 ERROR second command G250 S21
2025-04-07T09:44:20.785458+0800 ERROR finish command G250 S21
2025-04-07T09:44:20.785458+0800 ERROR SENT: G250 S800
2025-04-07T09:44:20.785458+0800 ERROR write command G250 S800
2025-04-07T09:44:20.785458+0800 ERROR second command G250 S800
2025-04-07T09:44:20.785458+0800 ERROR finish command G250 S800
2025-04-07T09:44:20.786458+0800 ERROR SENT: M154 S1
2025-04-07T09:44:20.787458+0800 ERROR write command M154 S1
2025-04-07T09:44:20.787458+0800 ERROR second command M154 S1
2025-04-07T09:44:20.787458+0800 ERROR finish command M154 S1
2025-04-07T09:44:24.940584+0800 ERROR SENT: M105
2025-04-07T09:44:24.940584+0800 ERROR write command M105
2025-04-07T09:44:24.940584+0800 ERROR second command M105
2025-04-07T09:44:24.940584+0800 ERROR finish command M105
2025-04-07T09:44:24.941517+0800 ERROR SENT: G250 S21
2025-04-07T09:44:24.941517+0800 ERROR write command G250 S21
2025-04-07T09:44:24.941517+0800 ERROR second command G250 S21
2025-04-07T09:44:24.941517+0800 ERROR finish command G250 S21
2025-04-07T09:44:24.941517+0800 ERROR SENT: G250 S800
2025-04-07T09:44:24.941517+0800 ERROR write command G250 S800
2025-04-07T09:44:24.941517+0800 ERROR second command G250 S800
2025-04-07T09:44:24.941517+0800 ERROR finish command G250 S800
2025-04-07T09:44:24.941517+0800 ERROR SENT: M154 S1
2025-04-07T09:44:24.942608+0800 ERROR write command M154 S1
2025-04-07T09:44:24.942608+0800 ERROR second command M154 S1
2025-04-07T09:44:24.942608+0800 ERROR finish command M154 S1
2025-04-07T09:44:28.803162+0800 ERROR SENT: M105
2025-04-07T09:44:28.803162+0800 ERROR write command M105
2025-04-07T09:44:28.803162+0800 ERROR second command M105
2025-04-07T09:44:28.803162+0800 ERROR finish command M105
2025-04-07T09:44:28.803162+0800 ERROR SENT: G250 S21
2025-04-07T09:44:28.803162+0800 ERROR write command G250 S21
2025-04-07T09:44:28.804162+0800 ERROR second command G250 S21
2025-04-07T09:44:28.804162+0800 ERROR finish command G250 S21
2025-04-07T09:44:28.804162+0800 ERROR SENT: G250 S800
2025-04-07T09:44:28.804162+0800 ERROR write command G250 S800
2025-04-07T09:44:28.804162+0800 ERROR second command G250 S800
2025-04-07T09:44:28.804162+0800 ERROR finish command G250 S800
2025-04-07T09:44:28.804162+0800 ERROR SENT: M154 S1
2025-04-07T09:44:28.804162+0800 ERROR write command M154 S1
2025-04-07T09:44:28.804162+0800 ERROR second command M154 S1
2025-04-07T09:44:28.804162+0800 ERROR finish command M154 S1
2025-04-07T09:44:32.757729+0800 ERROR SENT: M105
2025-04-07T09:44:32.757729+0800 ERROR write command M105
2025-04-07T09:44:32.757729+0800 ERROR second command M105
2025-04-07T09:44:32.758621+0800 ERROR finish command M105
2025-04-07T09:44:32.758621+0800 ERROR SENT: G250 S21
2025-04-07T09:44:32.758621+0800 ERROR write command G250 S21
2025-04-07T09:44:32.758621+0800 ERROR second command G250 S21
2025-04-07T09:44:32.758621+0800 ERROR finish command G250 S21
2025-04-07T09:44:32.758621+0800 ERROR SENT: G250 S800
2025-04-07T09:44:32.758621+0800 ERROR write command G250 S800
2025-04-07T09:44:32.758621+0800 ERROR second command G250 S800
2025-04-07T09:44:32.758621+0800 ERROR finish command G250 S800
2025-04-07T09:44:32.759475+0800 ERROR SENT: M154 S1
2025-04-07T09:44:32.759767+0800 ERROR write command M154 S1
2025-04-07T09:44:32.759767+0800 ERROR second command M154 S1
2025-04-07T09:44:32.759767+0800 ERROR finish command M154 S1
2025-04-07T09:44:36.683337+0800 ERROR SENT: M105
2025-04-07T09:44:36.683337+0800 ERROR write command M105
2025-04-07T09:44:36.683337+0800 ERROR second command M105
2025-04-07T09:44:36.683337+0800 ERROR finish command M105
2025-04-07T09:44:36.683337+0800 ERROR SENT: G250 S21
2025-04-07T09:44:36.684349+0800 ERROR write command G250 S21
2025-04-07T09:44:36.684349+0800 ERROR second command G250 S21
2025-04-07T09:44:36.684349+0800 ERROR finish command G250 S21
2025-04-07T09:44:36.684349+0800 ERROR SENT: G250 S800
2025-04-07T09:44:36.684349+0800 ERROR write command G250 S800
2025-04-07T09:44:36.684349+0800 ERROR second command G250 S800
2025-04-07T09:44:36.684349+0800 ERROR finish command G250 S800
2025-04-07T09:44:36.684349+0800 ERROR SENT: M154 S1
2025-04-07T09:44:36.685346+0800 ERROR write command M154 S1
2025-04-07T09:44:36.685346+0800 ERROR second command M154 S1
2025-04-07T09:44:36.685346+0800 ERROR finish command M154 S1
2025-04-07T09:44:40.631770+0800 ERROR SENT: M105
2025-04-07T09:44:40.631770+0800 ERROR write command M105
2025-04-07T09:44:40.632770+0800 ERROR second command M105
2025-04-07T09:44:40.632770+0800 ERROR finish command M105
2025-04-07T09:44:40.632770+0800 ERROR SENT: G250 S21
2025-04-07T09:44:40.632770+0800 ERROR write command G250 S21
2025-04-07T09:44:40.632770+0800 ERROR second command G250 S21
2025-04-07T09:44:40.632770+0800 ERROR finish command G250 S21
2025-04-07T09:44:40.633770+0800 ERROR SENT: G250 S800
2025-04-07T09:44:40.633770+0800 ERROR write command G250 S800
2025-04-07T09:44:40.633770+0800 ERROR second command G250 S800
2025-04-07T09:44:40.633770+0800 ERROR finish command G250 S800
2025-04-07T09:44:40.633770+0800 ERROR SENT: M154 S1
2025-04-07T09:44:40.633770+0800 ERROR write command M154 S1
2025-04-07T09:44:40.633770+0800 ERROR second command M154 S1
2025-04-07T09:44:40.634770+0800 ERROR finish command M154 S1
2025-04-07T09:44:44.533609+0800 ERROR SENT: M105
2025-04-07T09:44:44.533609+0800 ERROR write command M105
2025-04-07T09:44:44.533609+0800 ERROR second command M105
2025-04-07T09:44:44.533609+0800 ERROR finish command M105
2025-04-07T09:44:44.534603+0800 ERROR SENT: G250 S21
2025-04-07T09:44:44.534603+0800 ERROR write command G250 S21
2025-04-07T09:44:44.534603+0800 ERROR second command G250 S21
2025-04-07T09:44:44.534603+0800 ERROR finish command G250 S21
2025-04-07T09:44:44.534603+0800 ERROR SENT: G250 S800
2025-04-07T09:44:44.534603+0800 ERROR write command G250 S800
2025-04-07T09:44:44.534603+0800 ERROR second command G250 S800
2025-04-07T09:44:44.534603+0800 ERROR finish command G250 S800
2025-04-07T09:44:44.534603+0800 ERROR SENT: M154 S1
2025-04-07T09:44:44.535601+0800 ERROR write command M154 S1
2025-04-07T09:44:44.535601+0800 ERROR second command M154 S1
2025-04-07T09:44:44.535601+0800 ERROR finish command M154 S1
2025-04-07T09:44:48.484443+0800 ERROR SENT: M105
2025-04-07T09:44:48.484443+0800 ERROR write command M105
2025-04-07T09:44:48.484443+0800 ERROR second command M105
2025-04-07T09:44:48.484443+0800 ERROR finish command M105
2025-04-07T09:44:48.484443+0800 ERROR SENT: G250 S21
2025-04-07T09:44:48.485463+0800 ERROR write command G250 S21
2025-04-07T09:44:48.485463+0800 ERROR second command G250 S21
2025-04-07T09:44:48.485463+0800 ERROR finish command G250 S21
2025-04-07T09:44:48.485463+0800 ERROR SENT: G250 S800
2025-04-07T09:44:48.485463+0800 ERROR write command G250 S800
2025-04-07T09:44:48.486464+0800 ERROR second command G250 S800
2025-04-07T09:44:48.486464+0800 ERROR finish command G250 S800
2025-04-07T09:44:48.486464+0800 ERROR SENT: M154 S1
2025-04-07T09:44:48.486464+0800 ERROR write command M154 S1
2025-04-07T09:44:48.487463+0800 ERROR second command M154 S1
2025-04-07T09:44:48.487463+0800 ERROR finish command M154 S1
2025-04-07T09:44:52.363257+0800 ERROR SENT: M105
2025-04-07T09:44:52.363257+0800 ERROR write command M105
2025-04-07T09:44:52.363257+0800 ERROR second command M105
2025-04-07T09:44:52.363257+0800 ERROR finish command M105
2025-04-07T09:44:52.363257+0800 ERROR SENT: G250 S21
2025-04-07T09:44:52.363257+0800 ERROR write command G250 S21
2025-04-07T09:44:52.363257+0800 ERROR second command G250 S21
2025-04-07T09:44:52.364265+0800 ERROR finish command G250 S21
2025-04-07T09:44:52.364265+0800 ERROR SENT: G250 S800
2025-04-07T09:44:52.364265+0800 ERROR write command G250 S800
2025-04-07T09:44:52.364265+0800 ERROR second command G250 S800
2025-04-07T09:44:52.364265+0800 ERROR finish command G250 S800
2025-04-07T09:44:52.364265+0800 ERROR SENT: M154 S1
2025-04-07T09:44:52.364265+0800 ERROR write command M154 S1
2025-04-07T09:44:52.365266+0800 ERROR second command M154 S1
2025-04-07T09:44:52.365266+0800 ERROR finish command M154 S1
2025-04-07T09:44:56.302132+0800 ERROR SENT: M105
2025-04-07T09:44:56.303055+0800 ERROR write command M105
2025-04-07T09:44:56.303055+0800 ERROR second command M105
2025-04-07T09:44:56.303055+0800 ERROR finish command M105
2025-04-07T09:44:56.303055+0800 ERROR SENT: G250 S21
2025-04-07T09:44:56.303055+0800 ERROR write command G250 S21
2025-04-07T09:44:56.303055+0800 ERROR second command G250 S21
2025-04-07T09:44:56.304056+0800 ERROR finish command G250 S21
2025-04-07T09:44:56.304056+0800 ERROR SENT: G250 S800
2025-04-07T09:44:56.304056+0800 ERROR write command G250 S800
2025-04-07T09:44:56.304056+0800 ERROR second command G250 S800
2025-04-07T09:44:56.304056+0800 ERROR finish command G250 S800
2025-04-07T09:44:56.304056+0800 ERROR SENT: M154 S1
2025-04-07T09:44:56.304056+0800 ERROR write command M154 S1
2025-04-07T09:44:56.304056+0800 ERROR second command M154 S1
2025-04-07T09:44:56.305056+0800 ERROR finish command M154 S1
