2025-04-07T06:56:23.147648+0800 INFO 设备已成功连接
2025-04-07T06:56:23.147648+0800 ERROR SENT: M105
2025-04-07T06:56:23.147648+0800 ERROR write command M105
2025-04-07T06:56:23.148659+0800 ERROR second command M105
2025-04-07T06:56:23.148659+0800 ERROR finish command M105
2025-04-07T06:56:23.148659+0800 ERROR SENT: G250 S21
2025-04-07T06:56:23.148659+0800 ERROR write command G250 S21
2025-04-07T06:56:23.149523+0800 ERROR second command G250 S21
2025-04-07T06:56:23.149523+0800 ERROR finish command G250 S21
2025-04-07T06:56:23.149523+0800 ERROR SENT: G250 S800
2025-04-07T06:56:23.150526+0800 ERROR write command G250 S800
2025-04-07T06:56:23.150526+0800 ERROR second command G250 S800
2025-04-07T06:56:23.150526+0800 ERROR finish command G250 S800
2025-04-07T06:56:23.150526+0800 ERROR SENT: M154 S1
2025-04-07T06:56:23.150526+0800 ERROR write command M154 S1
2025-04-07T06:56:23.150526+0800 ERROR second command M154 S1
2025-04-07T06:56:23.150526+0800 ERROR finish command M154 S1
2025-04-07T06:56:27.062017+0800 ERROR SENT: M105
2025-04-07T06:56:27.062017+0800 ERROR write command M105
2025-04-07T06:56:27.062017+0800 ERROR second command M105
2025-04-07T06:56:27.062017+0800 ERROR finish command M105
2025-04-07T06:56:27.062017+0800 ERROR SENT: G250 S21
2025-04-07T06:56:27.062908+0800 ERROR write command G250 S21
2025-04-07T06:56:27.062908+0800 ERROR second command G250 S21
2025-04-07T06:56:27.062908+0800 ERROR finish command G250 S21
2025-04-07T06:56:27.062908+0800 ERROR SENT: G250 S800
2025-04-07T06:56:27.062908+0800 ERROR write command G250 S800
2025-04-07T06:56:27.062908+0800 ERROR second command G250 S800
2025-04-07T06:56:27.062908+0800 ERROR finish command G250 S800
2025-04-07T06:56:27.063547+0800 ERROR SENT: M154 S1
2025-04-07T06:56:27.063547+0800 ERROR write command M154 S1
2025-04-07T06:56:27.063547+0800 ERROR second command M154 S1
2025-04-07T06:56:27.063547+0800 ERROR finish command M154 S1
2025-04-07T06:56:31.253281+0800 ERROR SENT: M105
2025-04-07T06:56:31.253281+0800 ERROR write command M105
2025-04-07T06:56:31.253281+0800 ERROR second command M105
2025-04-07T06:56:31.254220+0800 ERROR finish command M105
2025-04-07T06:56:31.254220+0800 ERROR SENT: G250 S21
2025-04-07T06:56:31.254220+0800 ERROR write command G250 S21
2025-04-07T06:56:31.254220+0800 ERROR second command G250 S21
2025-04-07T06:56:31.254220+0800 ERROR finish command G250 S21
2025-04-07T06:56:31.254220+0800 ERROR SENT: G250 S800
2025-04-07T06:56:31.254220+0800 ERROR write command G250 S800
2025-04-07T06:56:31.254220+0800 ERROR second command G250 S800
2025-04-07T06:56:31.255214+0800 ERROR finish command G250 S800
2025-04-07T06:56:31.255214+0800 ERROR SENT: M154 S1
2025-04-07T06:56:31.255214+0800 ERROR write command M154 S1
2025-04-07T06:56:31.255214+0800 ERROR second command M154 S1
2025-04-07T06:56:31.255214+0800 ERROR finish command M154 S1
2025-04-07T06:56:35.127969+0800 ERROR SENT: M105
2025-04-07T06:56:35.127969+0800 ERROR write command M105
2025-04-07T06:56:35.127969+0800 ERROR second command M105
2025-04-07T06:56:35.128979+0800 ERROR finish command M105
2025-04-07T06:56:35.128979+0800 ERROR SENT: G250 S21
2025-04-07T06:56:35.128979+0800 ERROR write command G250 S21
2025-04-07T06:56:35.128979+0800 ERROR second command G250 S21
2025-04-07T06:56:35.129973+0800 ERROR finish command G250 S21
2025-04-07T06:56:35.129973+0800 ERROR SENT: G250 S800
2025-04-07T06:56:35.129973+0800 ERROR write command G250 S800
2025-04-07T06:56:35.129973+0800 ERROR second command G250 S800
2025-04-07T06:56:35.129973+0800 ERROR finish command G250 S800
2025-04-07T06:56:35.129973+0800 ERROR SENT: M154 S1
2025-04-07T06:56:35.130984+0800 ERROR write command M154 S1
2025-04-07T06:56:35.130984+0800 ERROR second command M154 S1
2025-04-07T06:56:35.130984+0800 ERROR finish command M154 S1
2025-04-07T06:56:39.027653+0800 ERROR SENT: M105
2025-04-07T06:56:39.027653+0800 ERROR write command M105
2025-04-07T06:56:39.027653+0800 ERROR second command M105
2025-04-07T06:56:39.028571+0800 ERROR finish command M105
2025-04-07T06:56:39.028571+0800 ERROR SENT: G250 S21
2025-04-07T06:56:39.028571+0800 ERROR write command G250 S21
2025-04-07T06:56:39.028571+0800 ERROR second command G250 S21
2025-04-07T06:56:39.028571+0800 ERROR finish command G250 S21
2025-04-07T06:56:39.028571+0800 ERROR SENT: G250 S800
2025-04-07T06:56:39.028571+0800 ERROR write command G250 S800
2025-04-07T06:56:39.029570+0800 ERROR second command G250 S800
2025-04-07T06:56:39.029570+0800 ERROR finish command G250 S800
2025-04-07T06:56:39.029570+0800 ERROR SENT: M154 S1
2025-04-07T06:56:39.029570+0800 ERROR write command M154 S1
2025-04-07T06:56:39.029570+0800 ERROR second command M154 S1
2025-04-07T06:56:39.029570+0800 ERROR finish command M154 S1
2025-04-07T06:56:42.966569+0800 ERROR SENT: M105
2025-04-07T06:56:42.966569+0800 ERROR write command M105
2025-04-07T06:56:42.966569+0800 ERROR second command M105
2025-04-07T06:56:42.966569+0800 ERROR finish command M105
2025-04-07T06:56:42.966569+0800 ERROR SENT: G250 S21
2025-04-07T06:56:42.967578+0800 ERROR write command G250 S21
2025-04-07T06:56:42.967578+0800 ERROR second command G250 S21
2025-04-07T06:56:42.967578+0800 ERROR finish command G250 S21
2025-04-07T06:56:42.967578+0800 ERROR SENT: G250 S800
2025-04-07T06:56:42.967578+0800 ERROR write command G250 S800
2025-04-07T06:56:42.967578+0800 ERROR second command G250 S800
2025-04-07T06:56:42.967578+0800 ERROR finish command G250 S800
2025-04-07T06:56:42.967578+0800 ERROR SENT: M154 S1
2025-04-07T06:56:42.968577+0800 ERROR write command M154 S1
2025-04-07T06:56:42.968577+0800 ERROR second command M154 S1
2025-04-07T06:56:42.968577+0800 ERROR finish command M154 S1
2025-04-07T06:56:46.918484+0800 ERROR SENT: M105
2025-04-07T06:56:46.918484+0800 ERROR write command M105
2025-04-07T06:56:46.919485+0800 ERROR second command M105
2025-04-07T06:56:46.919485+0800 ERROR finish command M105
2025-04-07T06:56:46.919485+0800 ERROR SENT: G250 S21
2025-04-07T06:56:46.919485+0800 ERROR write command G250 S21
2025-04-07T06:56:46.919485+0800 ERROR second command G250 S21
2025-04-07T06:56:46.920485+0800 ERROR finish command G250 S21
2025-04-07T06:56:46.920485+0800 ERROR SENT: G250 S800
2025-04-07T06:56:46.920485+0800 ERROR write command G250 S800
2025-04-07T06:56:46.920485+0800 ERROR second command G250 S800
2025-04-07T06:56:46.920485+0800 ERROR finish command G250 S800
2025-04-07T06:56:46.921485+0800 ERROR SENT: M154 S1
2025-04-07T06:56:46.922486+0800 ERROR write command M154 S1
2025-04-07T06:56:46.922486+0800 ERROR second command M154 S1
2025-04-07T06:56:46.922486+0800 ERROR finish command M154 S1
2025-04-07T06:56:50.782294+0800 ERROR SENT: M105
2025-04-07T06:56:50.782294+0800 ERROR write command M105
2025-04-07T06:56:50.782294+0800 ERROR second command M105
2025-04-07T06:56:50.782294+0800 ERROR finish command M105
2025-04-07T06:56:50.782294+0800 ERROR SENT: G250 S21
2025-04-07T06:56:50.783298+0800 ERROR write command G250 S21
2025-04-07T06:56:50.783298+0800 ERROR second command G250 S21
2025-04-07T06:56:50.783298+0800 ERROR finish command G250 S21
2025-04-07T06:56:50.783298+0800 ERROR SENT: G250 S800
2025-04-07T06:56:50.783298+0800 ERROR write command G250 S800
2025-04-07T06:56:50.783298+0800 ERROR second command G250 S800
2025-04-07T06:56:50.783298+0800 ERROR finish command G250 S800
2025-04-07T06:56:50.784027+0800 ERROR SENT: M154 S1
2025-04-07T06:56:50.784027+0800 ERROR write command M154 S1
2025-04-07T06:56:50.784027+0800 ERROR second command M154 S1
2025-04-07T06:56:50.784027+0800 ERROR finish command M154 S1
2025-04-07T06:56:54.705350+0800 ERROR SENT: M105
2025-04-07T06:56:54.705350+0800 ERROR write command M105
2025-04-07T06:56:54.705350+0800 ERROR second command M105
2025-04-07T06:56:54.706353+0800 ERROR finish command M105
2025-04-07T06:56:54.706353+0800 ERROR SENT: G250 S21
2025-04-07T06:56:54.706353+0800 ERROR write command G250 S21
2025-04-07T06:56:54.706353+0800 ERROR second command G250 S21
2025-04-07T06:56:54.706353+0800 ERROR finish command G250 S21
2025-04-07T06:56:54.706353+0800 ERROR SENT: G250 S800
2025-04-07T06:56:54.706353+0800 ERROR write command G250 S800
2025-04-07T06:56:54.707351+0800 ERROR second command G250 S800
2025-04-07T06:56:54.707351+0800 ERROR finish command G250 S800
2025-04-07T06:56:54.707351+0800 ERROR SENT: M154 S1
2025-04-07T06:56:54.707351+0800 ERROR write command M154 S1
2025-04-07T06:56:54.707351+0800 ERROR second command M154 S1
2025-04-07T06:56:54.708430+0800 ERROR finish command M154 S1
2025-04-07T06:56:58.602744+0800 ERROR SENT: M105
2025-04-07T06:56:58.602744+0800 ERROR write command M105
2025-04-07T06:56:58.602744+0800 ERROR second command M105
2025-04-07T06:56:58.602744+0800 ERROR finish command M105
2025-04-07T06:56:58.602744+0800 ERROR SENT: G250 S21
2025-04-07T06:56:58.603746+0800 ERROR write command G250 S21
2025-04-07T06:56:58.603746+0800 ERROR second command G250 S21
2025-04-07T06:56:58.603746+0800 ERROR finish command G250 S21
2025-04-07T06:56:58.603746+0800 ERROR SENT: G250 S800
2025-04-07T06:56:58.603746+0800 ERROR write command G250 S800
2025-04-07T06:56:58.603746+0800 ERROR second command G250 S800
2025-04-07T06:56:58.603746+0800 ERROR finish command G250 S800
2025-04-07T06:56:58.603746+0800 ERROR SENT: M154 S1
2025-04-07T06:56:58.604808+0800 ERROR write command M154 S1
2025-04-07T06:56:58.605091+0800 ERROR second command M154 S1
2025-04-07T06:56:58.605091+0800 ERROR finish command M154 S1
2025-04-07T06:57:02.530938+0800 ERROR SENT: M105
2025-04-07T06:57:02.530938+0800 ERROR write command M105
2025-04-07T06:57:02.530938+0800 ERROR second command M105
2025-04-07T06:57:02.531940+0800 ERROR finish command M105
2025-04-07T06:57:02.531940+0800 ERROR SENT: G250 S21
2025-04-07T06:57:02.531940+0800 ERROR write command G250 S21
2025-04-07T06:57:02.531940+0800 ERROR second command G250 S21
2025-04-07T06:57:02.531940+0800 ERROR finish command G250 S21
2025-04-07T06:57:02.532940+0800 ERROR SENT: G250 S800
2025-04-07T06:57:02.532940+0800 ERROR write command G250 S800
2025-04-07T06:57:02.532940+0800 ERROR second command G250 S800
2025-04-07T06:57:02.532940+0800 ERROR finish command G250 S800
2025-04-07T06:57:02.532940+0800 ERROR SENT: M154 S1
2025-04-07T06:57:02.532940+0800 ERROR write command M154 S1
2025-04-07T06:57:02.532940+0800 ERROR second command M154 S1
2025-04-07T06:57:02.532940+0800 ERROR finish command M154 S1
2025-04-07T06:57:06.410157+0800 ERROR SENT: M105
2025-04-07T06:57:06.410157+0800 ERROR write command M105
2025-04-07T06:57:06.411169+0800 ERROR second command M105
2025-04-07T06:57:06.411169+0800 ERROR finish command M105
2025-04-07T06:57:06.411169+0800 ERROR SENT: G250 S21
2025-04-07T06:57:06.411169+0800 ERROR write command G250 S21
2025-04-07T06:57:06.411169+0800 ERROR second command G250 S21
2025-04-07T06:57:06.411169+0800 ERROR finish command G250 S21
2025-04-07T06:57:06.411169+0800 ERROR SENT: G250 S800
2025-04-07T06:57:06.411169+0800 ERROR write command G250 S800
2025-04-07T06:57:06.412167+0800 ERROR second command G250 S800
2025-04-07T06:57:06.412167+0800 ERROR finish command G250 S800
2025-04-07T06:57:06.412167+0800 ERROR SENT: M154 S1
2025-04-07T06:57:06.412167+0800 ERROR write command M154 S1
2025-04-07T06:57:06.413167+0800 ERROR second command M154 S1
2025-04-07T06:57:06.413167+0800 ERROR finish command M154 S1
2025-04-07T06:57:10.346674+0800 ERROR SENT: M105
2025-04-07T06:57:10.346674+0800 ERROR write command M105
2025-04-07T06:57:10.346674+0800 ERROR second command M105
2025-04-07T06:57:10.346674+0800 ERROR finish command M105
2025-04-07T06:57:10.347578+0800 ERROR SENT: G250 S21
2025-04-07T06:57:10.347578+0800 ERROR write command G250 S21
2025-04-07T06:57:10.347578+0800 ERROR second command G250 S21
2025-04-07T06:57:10.347578+0800 ERROR finish command G250 S21
2025-04-07T06:57:10.347578+0800 ERROR SENT: G250 S800
2025-04-07T06:57:10.347578+0800 ERROR write command G250 S800
2025-04-07T06:57:10.347578+0800 ERROR second command G250 S800
2025-04-07T06:57:10.347578+0800 ERROR finish command G250 S800
2025-04-07T06:57:10.347578+0800 ERROR SENT: M154 S1
2025-04-07T06:57:10.348573+0800 ERROR write command M154 S1
2025-04-07T06:57:10.348573+0800 ERROR second command M154 S1
2025-04-07T06:57:10.348573+0800 ERROR finish command M154 S1
2025-04-07T06:57:14.198979+0800 ERROR SENT: M105
2025-04-07T06:57:14.198979+0800 ERROR write command M105
2025-04-07T06:57:14.198979+0800 ERROR second command M105
2025-04-07T06:57:14.198979+0800 ERROR finish command M105
2025-04-07T06:57:14.199920+0800 ERROR SENT: G250 S21
2025-04-07T06:57:14.199920+0800 ERROR write command G250 S21
2025-04-07T06:57:14.199920+0800 ERROR second command G250 S21
2025-04-07T06:57:14.199920+0800 ERROR finish command G250 S21
2025-04-07T06:57:14.199920+0800 ERROR SENT: G250 S800
2025-04-07T06:57:14.199920+0800 ERROR write command G250 S800
2025-04-07T06:57:14.199920+0800 ERROR second command G250 S800
2025-04-07T06:57:14.199920+0800 ERROR finish command G250 S800
2025-04-07T06:57:14.200910+0800 ERROR SENT: M154 S1
2025-04-07T06:57:14.200910+0800 ERROR write command M154 S1
2025-04-07T06:57:14.200910+0800 ERROR second command M154 S1
2025-04-07T06:57:14.200910+0800 ERROR finish command M154 S1
2025-04-07T06:57:18.057427+0800 ERROR SENT: M105
2025-04-07T06:57:18.057427+0800 ERROR write command M105
2025-04-07T06:57:18.057427+0800 ERROR second command M105
2025-04-07T06:57:18.058340+0800 ERROR finish command M105
2025-04-07T06:57:18.058340+0800 ERROR SENT: G250 S21
2025-04-07T06:57:18.058340+0800 ERROR write command G250 S21
2025-04-07T06:57:18.058340+0800 ERROR second command G250 S21
2025-04-07T06:57:18.058340+0800 ERROR finish command G250 S21
2025-04-07T06:57:18.059340+0800 ERROR SENT: G250 S800
2025-04-07T06:57:18.059340+0800 ERROR write command G250 S800
2025-04-07T06:57:18.059340+0800 ERROR second command G250 S800
2025-04-07T06:57:18.059340+0800 ERROR finish command G250 S800
2025-04-07T06:57:18.059340+0800 ERROR SENT: M154 S1
2025-04-07T06:57:18.059340+0800 ERROR write command M154 S1
2025-04-07T06:57:18.059340+0800 ERROR second command M154 S1
2025-04-07T06:57:18.060388+0800 ERROR finish command M154 S1
2025-04-07T06:57:22.009627+0800 ERROR SENT: M105
2025-04-07T06:57:22.009627+0800 ERROR write command M105
2025-04-07T06:57:22.010613+0800 ERROR second command M105
2025-04-07T06:57:22.010613+0800 ERROR finish command M105
2025-04-07T06:57:22.010613+0800 ERROR SENT: G250 S21
2025-04-07T06:57:22.010613+0800 ERROR write command G250 S21
2025-04-07T06:57:22.023616+0800 ERROR second command G250 S21
2025-04-07T06:57:22.023616+0800 ERROR finish command G250 S21
2025-04-07T06:57:22.023616+0800 ERROR SENT: G250 S800
2025-04-07T06:57:22.023616+0800 ERROR write command G250 S800
2025-04-07T06:57:22.024614+0800 ERROR second command G250 S800
2025-04-07T06:57:22.024614+0800 ERROR finish command G250 S800
2025-04-07T06:57:22.024614+0800 ERROR SENT: M154 S1
2025-04-07T06:57:22.027615+0800 ERROR write command M154 S1
2025-04-07T06:57:22.027615+0800 ERROR second command M154 S1
2025-04-07T06:57:22.027615+0800 ERROR finish command M154 S1
2025-04-07T06:57:25.983417+0800 ERROR SENT: M105
2025-04-07T06:57:25.983417+0800 ERROR write command M105
2025-04-07T06:57:25.983417+0800 ERROR second command M105
2025-04-07T06:57:25.983417+0800 ERROR finish command M105
2025-04-07T06:57:25.984416+0800 ERROR SENT: G250 S21
2025-04-07T06:57:25.984416+0800 ERROR write command G250 S21
2025-04-07T06:57:25.984416+0800 ERROR second command G250 S21
2025-04-07T06:57:25.984416+0800 ERROR finish command G250 S21
2025-04-07T06:57:25.984416+0800 ERROR SENT: G250 S800
2025-04-07T06:57:25.984416+0800 ERROR write command G250 S800
2025-04-07T06:57:25.985416+0800 ERROR second command G250 S800
2025-04-07T06:57:25.985416+0800 ERROR finish command G250 S800
2025-04-07T06:57:25.985416+0800 ERROR SENT: M154 S1
2025-04-07T06:57:25.985416+0800 ERROR write command M154 S1
2025-04-07T06:57:25.985416+0800 ERROR second command M154 S1
2025-04-07T06:57:25.986416+0800 ERROR finish command M154 S1
2025-04-07T06:57:29.877992+0800 ERROR SENT: M105
2025-04-07T06:57:29.877992+0800 ERROR write command M105
2025-04-07T06:57:29.877992+0800 ERROR second command M105
2025-04-07T06:57:29.877992+0800 ERROR finish command M105
2025-04-07T06:57:29.878995+0800 ERROR SENT: G250 S21
2025-04-07T06:57:29.878995+0800 ERROR write command G250 S21
2025-04-07T06:57:29.878995+0800 ERROR second command G250 S21
2025-04-07T06:57:29.878995+0800 ERROR finish command G250 S21
2025-04-07T06:57:29.878995+0800 ERROR SENT: G250 S800
2025-04-07T06:57:29.878995+0800 ERROR write command G250 S800
2025-04-07T06:57:29.878995+0800 ERROR second command G250 S800
2025-04-07T06:57:29.878995+0800 ERROR finish command G250 S800
2025-04-07T06:57:29.878995+0800 ERROR SENT: M154 S1
2025-04-07T06:57:29.879994+0800 ERROR write command M154 S1
2025-04-07T06:57:29.879994+0800 ERROR second command M154 S1
2025-04-07T06:57:29.879994+0800 ERROR finish command M154 S1
2025-04-07T06:57:33.791757+0800 ERROR SENT: M105
2025-04-07T06:57:33.791757+0800 ERROR write command M105
2025-04-07T06:57:33.791757+0800 ERROR second command M105
2025-04-07T06:57:33.791757+0800 ERROR finish command M105
2025-04-07T06:57:33.791757+0800 ERROR SENT: G250 S21
2025-04-07T06:57:33.792654+0800 ERROR write command G250 S21
2025-04-07T06:57:33.792654+0800 ERROR second command G250 S21
2025-04-07T06:57:33.792654+0800 ERROR finish command G250 S21
2025-04-07T06:57:33.792654+0800 ERROR SENT: G250 S800
2025-04-07T06:57:33.792654+0800 ERROR write command G250 S800
2025-04-07T06:57:33.792654+0800 ERROR second command G250 S800
2025-04-07T06:57:33.792654+0800 ERROR finish command G250 S800
2025-04-07T06:57:33.792654+0800 ERROR SENT: M154 S1
2025-04-07T06:57:33.793653+0800 ERROR write command M154 S1
2025-04-07T06:57:33.793653+0800 ERROR second command M154 S1
2025-04-07T06:57:33.793653+0800 ERROR finish command M154 S1
2025-04-07T06:57:37.748114+0800 ERROR SENT: M105
2025-04-07T06:57:37.748114+0800 ERROR write command M105
2025-04-07T06:57:37.748114+0800 ERROR second command M105
2025-04-07T06:57:37.749115+0800 ERROR finish command M105
2025-04-07T06:57:37.749115+0800 ERROR SENT: G250 S21
2025-04-07T06:57:37.749115+0800 ERROR write command G250 S21
2025-04-07T06:57:37.749115+0800 ERROR second command G250 S21
2025-04-07T06:57:37.749115+0800 ERROR finish command G250 S21
2025-04-07T06:57:37.749115+0800 ERROR SENT: G250 S800
2025-04-07T06:57:37.749115+0800 ERROR write command G250 S800
2025-04-07T06:57:37.750115+0800 ERROR second command G250 S800
2025-04-07T06:57:37.750115+0800 ERROR finish command G250 S800
2025-04-07T06:57:37.750115+0800 ERROR SENT: M154 S1
2025-04-07T06:57:37.750115+0800 ERROR write command M154 S1
2025-04-07T06:57:37.750115+0800 ERROR second command M154 S1
2025-04-07T06:57:37.750115+0800 ERROR finish command M154 S1
