2025-04-11T11:22:09.264851+0800 INFO 设备已成功连接
2025-04-11T11:22:09.265865+0800 ERROR SENT: M105
2025-04-11T11:22:09.265865+0800 ERROR write command M105
2025-04-11T11:22:09.265865+0800 ERROR second command M105
2025-04-11T11:22:09.265865+0800 ERROR finish command M105
2025-04-11T11:22:09.265865+0800 ERROR SENT: G250 S21
2025-04-11T11:22:09.265865+0800 ERROR write command G250 S21
2025-04-11T11:22:09.266783+0800 ERROR second command G250 S21
2025-04-11T11:22:09.266783+0800 ERROR finish command G250 S21
2025-04-11T11:22:09.266783+0800 ERROR SENT: G250 S800
2025-04-11T11:22:09.266783+0800 ERROR write command G250 S800
2025-04-11T11:22:09.266783+0800 ERROR second command G250 S800
2025-04-11T11:22:09.267784+0800 ERROR finish command G250 S800
2025-04-11T11:22:09.267784+0800 ERROR SENT: M154 S1
2025-04-11T11:22:09.268808+0800 ERROR write command M154 S1
2025-04-11T11:22:09.268808+0800 ERROR second command M154 S1
2025-04-11T11:22:09.268808+0800 ERROR finish command M154 S1
2025-04-11T11:22:13.079993+0800 ERROR SENT: M105
2025-04-11T11:22:13.079993+0800 ERROR write command M105
2025-04-11T11:22:13.079993+0800 ERROR second command M105
2025-04-11T11:22:13.079993+0800 ERROR finish command M105
2025-04-11T11:22:13.079993+0800 ERROR SENT: G250 S21
2025-04-11T11:22:13.080993+0800 ERROR write command G250 S21
2025-04-11T11:22:13.080993+0800 ERROR second command G250 S21
2025-04-11T11:22:13.080993+0800 ERROR finish command G250 S21
2025-04-11T11:22:13.080993+0800 ERROR SENT: G250 S800
2025-04-11T11:22:13.080993+0800 ERROR write command G250 S800
2025-04-11T11:22:13.080993+0800 ERROR second command G250 S800
2025-04-11T11:22:13.080993+0800 ERROR finish command G250 S800
2025-04-11T11:22:13.080993+0800 ERROR SENT: M154 S1
2025-04-11T11:22:13.080993+0800 ERROR write command M154 S1
2025-04-11T11:22:13.081992+0800 ERROR second command M154 S1
2025-04-11T11:22:13.081992+0800 ERROR finish command M154 S1
2025-04-11T11:22:17.123643+0800 ERROR SENT: M105
2025-04-11T11:22:17.123643+0800 ERROR write command M105
2025-04-11T11:22:17.123643+0800 ERROR second command M105
2025-04-11T11:22:17.124575+0800 ERROR finish command M105
2025-04-11T11:22:17.124575+0800 ERROR SENT: G250 S21
2025-04-11T11:22:17.124575+0800 ERROR write command G250 S21
2025-04-11T11:22:17.124575+0800 ERROR second command G250 S21
2025-04-11T11:22:17.124575+0800 ERROR finish command G250 S21
2025-04-11T11:22:17.124575+0800 ERROR SENT: G250 S800
2025-04-11T11:22:17.124575+0800 ERROR write command G250 S800
2025-04-11T11:22:17.124575+0800 ERROR second command G250 S800
2025-04-11T11:22:17.124575+0800 ERROR finish command G250 S800
2025-04-11T11:22:17.124575+0800 ERROR SENT: M154 S1
2025-04-11T11:22:17.125659+0800 ERROR write command M154 S1
2025-04-11T11:22:17.125659+0800 ERROR second command M154 S1
2025-04-11T11:22:17.125659+0800 ERROR finish command M154 S1
2025-04-11T11:22:20.926856+0800 ERROR SENT: M105
2025-04-11T11:22:20.926856+0800 ERROR write command M105
2025-04-11T11:22:20.926856+0800 ERROR second command M105
2025-04-11T11:22:20.926856+0800 ERROR finish command M105
2025-04-11T11:22:20.926856+0800 ERROR SENT: G250 S21
2025-04-11T11:22:20.927857+0800 ERROR write command G250 S21
2025-04-11T11:22:20.927857+0800 ERROR second command G250 S21
2025-04-11T11:22:20.927857+0800 ERROR finish command G250 S21
2025-04-11T11:22:20.927857+0800 ERROR SENT: G250 S800
2025-04-11T11:22:20.927857+0800 ERROR write command G250 S800
2025-04-11T11:22:20.927857+0800 ERROR second command G250 S800
2025-04-11T11:22:20.928858+0800 ERROR finish command G250 S800
2025-04-11T11:22:20.928858+0800 ERROR SENT: M154 S1
2025-04-11T11:22:20.928858+0800 ERROR write command M154 S1
2025-04-11T11:22:20.928858+0800 ERROR second command M154 S1
2025-04-11T11:22:20.928858+0800 ERROR finish command M154 S1
2025-04-11T11:22:24.714937+0800 ERROR SENT: M105
2025-04-11T11:22:24.714937+0800 ERROR write command M105
2025-04-11T11:22:24.714937+0800 ERROR second command M105
2025-04-11T11:22:24.714937+0800 ERROR finish command M105
2025-04-11T11:22:24.715938+0800 ERROR SENT: G250 S21
2025-04-11T11:22:24.715938+0800 ERROR write command G250 S21
2025-04-11T11:22:24.715938+0800 ERROR second command G250 S21
2025-04-11T11:22:24.715938+0800 ERROR finish command G250 S21
2025-04-11T11:22:24.716983+0800 ERROR SENT: G250 S800
2025-04-11T11:22:24.716983+0800 ERROR write command G250 S800
2025-04-11T11:22:24.716983+0800 ERROR second command G250 S800
2025-04-11T11:22:24.716983+0800 ERROR finish command G250 S800
2025-04-11T11:22:24.716983+0800 ERROR SENT: M154 S1
2025-04-11T11:22:24.716983+0800 ERROR write command M154 S1
2025-04-11T11:22:24.716983+0800 ERROR second command M154 S1
2025-04-11T11:22:24.717939+0800 ERROR finish command M154 S1
2025-04-11T11:22:28.512912+0800 ERROR SENT: M105
2025-04-11T11:22:28.512912+0800 ERROR write command M105
2025-04-11T11:22:28.512912+0800 ERROR second command M105
2025-04-11T11:22:28.512912+0800 ERROR finish command M105
2025-04-11T11:22:28.512912+0800 ERROR SENT: G250 S21
2025-04-11T11:22:28.512912+0800 ERROR write command G250 S21
2025-04-11T11:22:28.513830+0800 ERROR second command G250 S21
2025-04-11T11:22:28.513830+0800 ERROR finish command G250 S21
2025-04-11T11:22:28.513830+0800 ERROR SENT: G250 S800
2025-04-11T11:22:28.513830+0800 ERROR write command G250 S800
2025-04-11T11:22:28.513830+0800 ERROR second command G250 S800
2025-04-11T11:22:28.513830+0800 ERROR finish command G250 S800
2025-04-11T11:22:28.513830+0800 ERROR SENT: M154 S1
2025-04-11T11:22:28.513830+0800 ERROR write command M154 S1
2025-04-11T11:22:28.514831+0800 ERROR second command M154 S1
2025-04-11T11:22:28.514831+0800 ERROR finish command M154 S1
2025-04-11T11:22:32.322094+0800 ERROR SENT: M105
2025-04-11T11:22:32.322094+0800 ERROR write command M105
2025-04-11T11:22:32.322094+0800 ERROR second command M105
2025-04-11T11:22:32.322094+0800 ERROR finish command M105
2025-04-11T11:22:32.322094+0800 ERROR SENT: G250 S21
2025-04-11T11:22:32.323096+0800 ERROR write command G250 S21
2025-04-11T11:22:32.323096+0800 ERROR second command G250 S21
2025-04-11T11:22:32.323096+0800 ERROR finish command G250 S21
2025-04-11T11:22:32.323096+0800 ERROR SENT: G250 S800
2025-04-11T11:22:32.323096+0800 ERROR write command G250 S800
2025-04-11T11:22:32.324086+0800 ERROR second command G250 S800
2025-04-11T11:22:32.324086+0800 ERROR finish command G250 S800
2025-04-11T11:22:32.324086+0800 ERROR SENT: M154 S1
2025-04-11T11:22:32.324086+0800 ERROR write command M154 S1
2025-04-11T11:22:32.324086+0800 ERROR second command M154 S1
2025-04-11T11:22:32.324086+0800 ERROR finish command M154 S1
2025-04-11T11:22:36.201899+0800 ERROR SENT: M105
2025-04-11T11:22:36.201899+0800 ERROR write command M105
2025-04-11T11:22:36.201899+0800 ERROR second command M105
2025-04-11T11:22:36.201899+0800 ERROR finish command M105
2025-04-11T11:22:36.201899+0800 ERROR SENT: G250 S21
2025-04-11T11:22:36.202899+0800 ERROR write command G250 S21
2025-04-11T11:22:36.202899+0800 ERROR second command G250 S21
2025-04-11T11:22:36.202899+0800 ERROR finish command G250 S21
2025-04-11T11:22:36.203899+0800 ERROR SENT: G250 S800
2025-04-11T11:22:36.203899+0800 ERROR write command G250 S800
2025-04-11T11:22:36.203899+0800 ERROR second command G250 S800
2025-04-11T11:22:36.203899+0800 ERROR finish command G250 S800
2025-04-11T11:22:36.209900+0800 ERROR SENT: M154 S1
2025-04-11T11:22:36.209900+0800 ERROR write command M154 S1
2025-04-11T11:22:36.209900+0800 ERROR second command M154 S1
2025-04-11T11:22:36.209900+0800 ERROR finish command M154 S1
2025-04-11T11:22:40.098927+0800 ERROR SENT: M105
2025-04-11T11:22:40.098927+0800 ERROR write command M105
2025-04-11T11:22:40.098927+0800 ERROR second command M105
2025-04-11T11:22:40.099927+0800 ERROR finish command M105
2025-04-11T11:22:40.099927+0800 ERROR SENT: G250 S21
2025-04-11T11:22:40.099927+0800 ERROR write command G250 S21
2025-04-11T11:22:40.099927+0800 ERROR second command G250 S21
2025-04-11T11:22:40.099927+0800 ERROR finish command G250 S21
2025-04-11T11:22:40.099927+0800 ERROR SENT: G250 S800
2025-04-11T11:22:40.100927+0800 ERROR write command G250 S800
2025-04-11T11:22:40.100927+0800 ERROR second command G250 S800
2025-04-11T11:22:40.100927+0800 ERROR finish command G250 S800
2025-04-11T11:22:40.100927+0800 ERROR SENT: M154 S1
2025-04-11T11:22:40.100927+0800 ERROR write command M154 S1
2025-04-11T11:22:40.101928+0800 ERROR second command M154 S1
2025-04-11T11:22:40.101928+0800 ERROR finish command M154 S1
2025-04-11T11:22:43.916753+0800 ERROR SENT: M105
2025-04-11T11:22:43.916753+0800 ERROR write command M105
2025-04-11T11:22:43.916753+0800 ERROR second command M105
2025-04-11T11:22:43.916753+0800 ERROR finish command M105
2025-04-11T11:22:43.916753+0800 ERROR SENT: G250 S21
2025-04-11T11:22:43.917712+0800 ERROR write command G250 S21
2025-04-11T11:22:43.917712+0800 ERROR second command G250 S21
2025-04-11T11:22:43.917712+0800 ERROR finish command G250 S21
2025-04-11T11:22:43.917712+0800 ERROR SENT: G250 S800
2025-04-11T11:22:43.917712+0800 ERROR write command G250 S800
2025-04-11T11:22:43.917712+0800 ERROR second command G250 S800
2025-04-11T11:22:43.917712+0800 ERROR finish command G250 S800
2025-04-11T11:22:43.917712+0800 ERROR SENT: M154 S1
2025-04-11T11:22:43.917712+0800 ERROR write command M154 S1
2025-04-11T11:22:43.918756+0800 ERROR second command M154 S1
2025-04-11T11:22:43.918756+0800 ERROR finish command M154 S1
2025-04-11T11:22:47.757210+0800 ERROR SENT: M105
2025-04-11T11:22:47.757210+0800 ERROR write command M105
2025-04-11T11:22:47.757210+0800 ERROR second command M105
2025-04-11T11:22:47.757210+0800 ERROR finish command M105
2025-04-11T11:22:47.757210+0800 ERROR SENT: G250 S21
2025-04-11T11:22:47.758211+0800 ERROR write command G250 S21
2025-04-11T11:22:47.758211+0800 ERROR second command G250 S21
2025-04-11T11:22:47.758211+0800 ERROR finish command G250 S21
2025-04-11T11:22:47.758211+0800 ERROR SENT: G250 S800
2025-04-11T11:22:47.758211+0800 ERROR write command G250 S800
2025-04-11T11:22:47.758211+0800 ERROR second command G250 S800
2025-04-11T11:22:47.758211+0800 ERROR finish command G250 S800
2025-04-11T11:22:47.758211+0800 ERROR SENT: M154 S1
2025-04-11T11:22:47.758211+0800 ERROR write command M154 S1
2025-04-11T11:22:47.758211+0800 ERROR second command M154 S1
2025-04-11T11:22:47.759201+0800 ERROR finish command M154 S1
2025-04-11T11:22:51.600431+0800 ERROR SENT: M105
2025-04-11T11:22:51.600431+0800 ERROR write command M105
2025-04-11T11:22:51.600431+0800 ERROR second command M105
2025-04-11T11:22:51.600431+0800 ERROR finish command M105
2025-04-11T11:22:51.600431+0800 ERROR SENT: G250 S21
2025-04-11T11:22:51.601431+0800 ERROR write command G250 S21
2025-04-11T11:22:51.601431+0800 ERROR second command G250 S21
2025-04-11T11:22:51.601431+0800 ERROR finish command G250 S21
2025-04-11T11:22:51.601431+0800 ERROR SENT: G250 S800
2025-04-11T11:22:51.601431+0800 ERROR write command G250 S800
2025-04-11T11:22:51.601431+0800 ERROR second command G250 S800
2025-04-11T11:22:51.602432+0800 ERROR finish command G250 S800
2025-04-11T11:22:51.602432+0800 ERROR SENT: M154 S1
2025-04-11T11:22:51.602432+0800 ERROR write command M154 S1
2025-04-11T11:22:51.602432+0800 ERROR second command M154 S1
2025-04-11T11:22:51.602432+0800 ERROR finish command M154 S1
2025-04-11T11:22:55.659515+0800 ERROR SENT: M105
2025-04-11T11:22:55.659515+0800 ERROR write command M105
2025-04-11T11:22:55.659515+0800 ERROR second command M105
2025-04-11T11:22:55.659515+0800 ERROR finish command M105
2025-04-11T11:22:55.660516+0800 ERROR SENT: G250 S21
2025-04-11T11:22:55.660516+0800 ERROR write command G250 S21
2025-04-11T11:22:55.660516+0800 ERROR second command G250 S21
2025-04-11T11:22:55.660516+0800 ERROR finish command G250 S21
2025-04-11T11:22:55.660516+0800 ERROR SENT: G250 S800
2025-04-11T11:22:55.661516+0800 ERROR write command G250 S800
2025-04-11T11:22:55.661516+0800 ERROR second command G250 S800
2025-04-11T11:22:55.661516+0800 ERROR finish command G250 S800
2025-04-11T11:22:55.661516+0800 ERROR SENT: M154 S1
2025-04-11T11:22:55.661516+0800 ERROR write command M154 S1
2025-04-11T11:22:55.662515+0800 ERROR second command M154 S1
2025-04-11T11:22:55.662515+0800 ERROR finish command M154 S1
2025-04-11T11:22:59.504426+0800 ERROR SENT: M105
2025-04-11T11:22:59.504426+0800 ERROR write command M105
2025-04-11T11:22:59.504426+0800 ERROR second command M105
2025-04-11T11:22:59.504426+0800 ERROR finish command M105
2025-04-11T11:22:59.505425+0800 ERROR SENT: G250 S21
2025-04-11T11:22:59.505425+0800 ERROR write command G250 S21
2025-04-11T11:22:59.505425+0800 ERROR second command G250 S21
2025-04-11T11:22:59.505425+0800 ERROR finish command G250 S21
2025-04-11T11:22:59.505425+0800 ERROR SENT: G250 S800
2025-04-11T11:22:59.506426+0800 ERROR write command G250 S800
2025-04-11T11:22:59.506426+0800 ERROR second command G250 S800
2025-04-11T11:22:59.506426+0800 ERROR finish command G250 S800
2025-04-11T11:22:59.506426+0800 ERROR SENT: M154 S1
2025-04-11T11:22:59.506426+0800 ERROR write command M154 S1
2025-04-11T11:22:59.506426+0800 ERROR second command M154 S1
2025-04-11T11:22:59.507426+0800 ERROR finish command M154 S1
2025-04-11T11:23:03.345876+0800 ERROR SENT: M105
2025-04-11T11:23:03.346871+0800 ERROR write command M105
2025-04-11T11:23:03.346871+0800 ERROR second command M105
2025-04-11T11:23:03.346871+0800 ERROR finish command M105
2025-04-11T11:23:03.346871+0800 ERROR SENT: G250 S21
2025-04-11T11:23:03.346871+0800 ERROR write command G250 S21
2025-04-11T11:23:03.347872+0800 ERROR second command G250 S21
2025-04-11T11:23:03.347872+0800 ERROR finish command G250 S21
2025-04-11T11:23:03.347872+0800 ERROR SENT: G250 S800
2025-04-11T11:23:03.347872+0800 ERROR write command G250 S800
2025-04-11T11:23:03.347872+0800 ERROR second command G250 S800
2025-04-11T11:23:03.347872+0800 ERROR finish command G250 S800
2025-04-11T11:23:03.347872+0800 ERROR SENT: M154 S1
2025-04-11T11:23:03.347872+0800 ERROR write command M154 S1
2025-04-11T11:23:03.347872+0800 ERROR second command M154 S1
2025-04-11T11:23:03.348872+0800 ERROR finish command M154 S1
2025-04-11T11:23:07.162045+0800 ERROR SENT: M105
2025-04-11T11:23:07.162045+0800 ERROR write command M105
2025-04-11T11:23:07.162045+0800 ERROR second command M105
2025-04-11T11:23:07.163046+0800 ERROR finish command M105
2025-04-11T11:23:07.163046+0800 ERROR SENT: G250 S21
2025-04-11T11:23:07.163046+0800 ERROR write command G250 S21
2025-04-11T11:23:07.163046+0800 ERROR second command G250 S21
2025-04-11T11:23:07.163046+0800 ERROR finish command G250 S21
2025-04-11T11:23:07.163046+0800 ERROR SENT: G250 S800
2025-04-11T11:23:07.164048+0800 ERROR write command G250 S800
2025-04-11T11:23:07.164048+0800 ERROR second command G250 S800
2025-04-11T11:23:07.164048+0800 ERROR finish command G250 S800
2025-04-11T11:23:07.164048+0800 ERROR SENT: M154 S1
2025-04-11T11:23:07.164048+0800 ERROR write command M154 S1
2025-04-11T11:23:07.164048+0800 ERROR second command M154 S1
2025-04-11T11:23:07.164048+0800 ERROR finish command M154 S1
2025-04-11T11:23:10.990828+0800 ERROR SENT: M105
2025-04-11T11:23:10.990828+0800 ERROR write command M105
2025-04-11T11:23:10.990828+0800 ERROR second command M105
2025-04-11T11:23:10.990828+0800 ERROR finish command M105
2025-04-11T11:23:10.991829+0800 ERROR SENT: G250 S21
2025-04-11T11:23:10.991829+0800 ERROR write command G250 S21
2025-04-11T11:23:10.991829+0800 ERROR second command G250 S21
2025-04-11T11:23:10.991829+0800 ERROR finish command G250 S21
2025-04-11T11:23:10.991829+0800 ERROR SENT: G250 S800
2025-04-11T11:23:10.991829+0800 ERROR write command G250 S800
2025-04-11T11:23:10.991829+0800 ERROR second command G250 S800
2025-04-11T11:23:10.991829+0800 ERROR finish command G250 S800
2025-04-11T11:23:10.991829+0800 ERROR SENT: M154 S1
2025-04-11T11:23:10.992828+0800 ERROR write command M154 S1
2025-04-11T11:23:10.992828+0800 ERROR second command M154 S1
2025-04-11T11:23:10.992828+0800 ERROR finish command M154 S1
2025-04-11T11:23:14.845979+0800 ERROR SENT: M105
2025-04-11T11:23:14.845979+0800 ERROR write command M105
2025-04-11T11:23:14.845979+0800 ERROR second command M105
2025-04-11T11:23:14.845979+0800 ERROR finish command M105
2025-04-11T11:23:14.845979+0800 ERROR SENT: G250 S21
2025-04-11T11:23:14.846911+0800 ERROR write command G250 S21
2025-04-11T11:23:14.846911+0800 ERROR second command G250 S21
2025-04-11T11:23:14.846911+0800 ERROR finish command G250 S21
2025-04-11T11:23:14.846911+0800 ERROR SENT: G250 S800
2025-04-11T11:23:14.846911+0800 ERROR write command G250 S800
2025-04-11T11:23:14.846911+0800 ERROR second command G250 S800
2025-04-11T11:23:14.846911+0800 ERROR finish command G250 S800
2025-04-11T11:23:14.847911+0800 ERROR SENT: M154 S1
2025-04-11T11:23:14.847911+0800 ERROR write command M154 S1
2025-04-11T11:23:14.847911+0800 ERROR second command M154 S1
2025-04-11T11:23:14.847911+0800 ERROR finish command M154 S1
2025-04-11T11:23:18.722553+0800 ERROR SENT: M105
2025-04-11T11:23:18.722553+0800 ERROR write command M105
2025-04-11T11:23:18.723554+0800 ERROR second command M105
2025-04-11T11:23:18.723554+0800 ERROR finish command M105
2025-04-11T11:23:18.723554+0800 ERROR SENT: G250 S21
2025-04-11T11:23:18.723554+0800 ERROR write command G250 S21
2025-04-11T11:23:18.723554+0800 ERROR second command G250 S21
2025-04-11T11:23:18.724554+0800 ERROR finish command G250 S21
2025-04-11T11:23:18.724554+0800 ERROR SENT: G250 S800
2025-04-11T11:23:18.724554+0800 ERROR write command G250 S800
2025-04-11T11:23:18.724554+0800 ERROR second command G250 S800
2025-04-11T11:23:18.724554+0800 ERROR finish command G250 S800
2025-04-11T11:23:18.724554+0800 ERROR SENT: M154 S1
2025-04-11T11:23:18.724554+0800 ERROR write command M154 S1
2025-04-11T11:23:18.725554+0800 ERROR second command M154 S1
2025-04-11T11:23:18.725554+0800 ERROR finish command M154 S1
2025-04-11T11:23:22.630366+0800 ERROR SENT: M105
2025-04-11T11:23:22.630366+0800 ERROR write command M105
2025-04-11T11:23:22.630366+0800 ERROR second command M105
2025-04-11T11:23:22.631297+0800 ERROR finish command M105
2025-04-11T11:23:22.631297+0800 ERROR SENT: G250 S21
2025-04-11T11:23:22.631297+0800 ERROR write command G250 S21
2025-04-11T11:23:22.631297+0800 ERROR second command G250 S21
2025-04-11T11:23:22.631297+0800 ERROR finish command G250 S21
2025-04-11T11:23:22.631297+0800 ERROR SENT: G250 S800
2025-04-11T11:23:22.631297+0800 ERROR write command G250 S800
2025-04-11T11:23:22.631297+0800 ERROR second command G250 S800
2025-04-11T11:23:22.631297+0800 ERROR finish command G250 S800
2025-04-11T11:23:22.632297+0800 ERROR SENT: M154 S1
2025-04-11T11:23:22.632297+0800 ERROR write command M154 S1
2025-04-11T11:23:22.632297+0800 ERROR second command M154 S1
2025-04-11T11:23:22.632297+0800 ERROR finish command M154 S1
2025-04-11T11:23:26.585871+0800 ERROR SENT: M105
2025-04-11T11:23:26.585871+0800 ERROR write command M105
2025-04-11T11:23:26.586872+0800 ERROR second command M105
2025-04-11T11:23:26.586872+0800 ERROR finish command M105
2025-04-11T11:23:26.586872+0800 ERROR SENT: G250 S21
2025-04-11T11:23:26.586872+0800 ERROR write command G250 S21
2025-04-11T11:23:26.586872+0800 ERROR second command G250 S21
2025-04-11T11:23:26.586872+0800 ERROR finish command G250 S21
2025-04-11T11:23:26.586872+0800 ERROR SENT: G250 S800
2025-04-11T11:23:26.587872+0800 ERROR write command G250 S800
2025-04-11T11:23:26.587872+0800 ERROR second command G250 S800
2025-04-11T11:23:26.587872+0800 ERROR finish command G250 S800
2025-04-11T11:23:26.589871+0800 ERROR SENT: M154 S1
2025-04-11T11:23:26.589871+0800 ERROR write command M154 S1
2025-04-11T11:23:26.589871+0800 ERROR second command M154 S1
2025-04-11T11:23:26.590871+0800 ERROR finish command M154 S1
2025-04-11T11:23:30.559939+0800 ERROR SENT: M105
2025-04-11T11:23:30.559939+0800 ERROR write command M105
2025-04-11T11:23:30.560939+0800 ERROR second command M105
2025-04-11T11:23:30.560939+0800 ERROR finish command M105
2025-04-11T11:23:30.560939+0800 ERROR SENT: G250 S21
2025-04-11T11:23:30.560939+0800 ERROR write command G250 S21
2025-04-11T11:23:30.560939+0800 ERROR second command G250 S21
2025-04-11T11:23:30.561938+0800 ERROR finish command G250 S21
2025-04-11T11:23:30.561938+0800 ERROR SENT: G250 S800
2025-04-11T11:23:30.561938+0800 ERROR write command G250 S800
2025-04-11T11:23:30.561938+0800 ERROR second command G250 S800
2025-04-11T11:23:30.561938+0800 ERROR finish command G250 S800
2025-04-11T11:23:30.568939+0800 ERROR SENT: M154 S1
2025-04-11T11:23:30.568939+0800 ERROR write command M154 S1
2025-04-11T11:23:30.568939+0800 ERROR second command M154 S1
2025-04-11T11:23:30.569939+0800 ERROR finish command M154 S1
2025-04-11T11:23:34.513410+0800 ERROR SENT: M105
2025-04-11T11:23:34.513410+0800 ERROR write command M105
2025-04-11T11:23:34.513410+0800 ERROR second command M105
2025-04-11T11:23:34.513410+0800 ERROR finish command M105
2025-04-11T11:23:34.513410+0800 ERROR SENT: G250 S21
2025-04-11T11:23:34.513410+0800 ERROR write command G250 S21
2025-04-11T11:23:34.514330+0800 ERROR second command G250 S21
2025-04-11T11:23:34.514330+0800 ERROR finish command G250 S21
2025-04-11T11:23:34.514330+0800 ERROR SENT: G250 S800
2025-04-11T11:23:34.514330+0800 ERROR write command G250 S800
2025-04-11T11:23:34.514330+0800 ERROR second command G250 S800
2025-04-11T11:23:34.514330+0800 ERROR finish command G250 S800
2025-04-11T11:23:34.514330+0800 ERROR SENT: M154 S1
2025-04-11T11:23:34.514330+0800 ERROR write command M154 S1
2025-04-11T11:23:34.515331+0800 ERROR second command M154 S1
2025-04-11T11:23:34.515331+0800 ERROR finish command M154 S1
2025-04-11T11:23:38.336336+0800 ERROR SENT: M105
2025-04-11T11:23:38.336336+0800 ERROR write command M105
2025-04-11T11:23:38.336336+0800 ERROR second command M105
2025-04-11T11:23:38.337339+0800 ERROR finish command M105
2025-04-11T11:23:38.337339+0800 ERROR SENT: G250 S21
2025-04-11T11:23:38.337339+0800 ERROR write command G250 S21
2025-04-11T11:23:38.337339+0800 ERROR second command G250 S21
2025-04-11T11:23:38.337339+0800 ERROR finish command G250 S21
2025-04-11T11:23:38.337339+0800 ERROR SENT: G250 S800
2025-04-11T11:23:38.337339+0800 ERROR write command G250 S800
2025-04-11T11:23:38.337339+0800 ERROR second command G250 S800
2025-04-11T11:23:38.337339+0800 ERROR finish command G250 S800
2025-04-11T11:23:38.337339+0800 ERROR SENT: M154 S1
2025-04-11T11:23:38.338338+0800 ERROR write command M154 S1
2025-04-11T11:23:38.338338+0800 ERROR second command M154 S1
2025-04-11T11:23:38.338338+0800 ERROR finish command M154 S1
2025-04-11T11:23:42.298943+0800 ERROR SENT: M105
2025-04-11T11:23:42.298943+0800 ERROR write command M105
2025-04-11T11:23:42.298943+0800 ERROR second command M105
2025-04-11T11:23:42.299935+0800 ERROR finish command M105
2025-04-11T11:23:42.299935+0800 ERROR SENT: G250 S21
2025-04-11T11:23:42.299935+0800 ERROR write command G250 S21
2025-04-11T11:23:42.299935+0800 ERROR second command G250 S21
2025-04-11T11:23:42.299935+0800 ERROR finish command G250 S21
2025-04-11T11:23:42.299935+0800 ERROR SENT: G250 S800
2025-04-11T11:23:42.299935+0800 ERROR write command G250 S800
2025-04-11T11:23:42.300934+0800 ERROR second command G250 S800
2025-04-11T11:23:42.300934+0800 ERROR finish command G250 S800
2025-04-11T11:23:42.300934+0800 ERROR SENT: M154 S1
2025-04-11T11:23:42.300934+0800 ERROR write command M154 S1
2025-04-11T11:23:42.300934+0800 ERROR second command M154 S1
2025-04-11T11:23:42.300934+0800 ERROR finish command M154 S1
2025-04-11T11:23:46.286305+0800 ERROR SENT: M105
2025-04-11T11:23:46.286305+0800 ERROR write command M105
2025-04-11T11:23:46.286305+0800 ERROR second command M105
2025-04-11T11:23:46.287304+0800 ERROR finish command M105
2025-04-11T11:23:46.287304+0800 ERROR SENT: G250 S21
2025-04-11T11:23:46.287304+0800 ERROR write command G250 S21
2025-04-11T11:23:46.287304+0800 ERROR second command G250 S21
2025-04-11T11:23:46.287304+0800 ERROR finish command G250 S21
2025-04-11T11:23:46.287304+0800 ERROR SENT: G250 S800
2025-04-11T11:23:46.287304+0800 ERROR write command G250 S800
2025-04-11T11:23:46.287304+0800 ERROR second command G250 S800
2025-04-11T11:23:46.287304+0800 ERROR finish command G250 S800
2025-04-11T11:23:46.288304+0800 ERROR SENT: M154 S1
2025-04-11T11:23:46.288304+0800 ERROR write command M154 S1
2025-04-11T11:23:46.288304+0800 ERROR second command M154 S1
2025-04-11T11:23:46.288304+0800 ERROR finish command M154 S1
2025-04-11T11:23:50.450217+0800 ERROR SENT: M105
2025-04-11T11:23:50.450217+0800 ERROR write command M105
2025-04-11T11:23:50.450217+0800 ERROR second command M105
2025-04-11T11:23:50.450217+0800 ERROR finish command M105
2025-04-11T11:23:50.451217+0800 ERROR SENT: G250 S21
2025-04-11T11:23:50.451217+0800 ERROR write command G250 S21
2025-04-11T11:23:50.451217+0800 ERROR second command G250 S21
2025-04-11T11:23:50.451217+0800 ERROR finish command G250 S21
2025-04-11T11:23:50.451217+0800 ERROR SENT: G250 S800
2025-04-11T11:23:50.452217+0800 ERROR write command G250 S800
2025-04-11T11:23:50.452217+0800 ERROR second command G250 S800
2025-04-11T11:23:50.452217+0800 ERROR finish command G250 S800
2025-04-11T11:23:50.482216+0800 ERROR SENT: M154 S1
2025-04-11T11:23:50.482216+0800 ERROR write command M154 S1
2025-04-11T11:23:50.482216+0800 ERROR second command M154 S1
2025-04-11T11:23:50.482216+0800 ERROR finish command M154 S1
