2025-04-08T14:17:45.283504+0800 INFO 设备已成功连接
2025-04-08T14:17:45.285504+0800 ERROR SENT: M105
2025-04-08T14:17:45.285504+0800 ERROR write command M105
2025-04-08T14:17:45.286501+0800 ERROR second command M105
2025-04-08T14:17:45.286501+0800 ERROR finish command M105
2025-04-08T14:17:45.286501+0800 ERROR SENT: G250 S21
2025-04-08T14:17:45.286501+0800 ERROR write command G250 S21
2025-04-08T14:17:45.287502+0800 ERROR second command G250 S21
2025-04-08T14:17:45.287502+0800 ERROR finish command G250 S21
2025-04-08T14:17:45.287502+0800 ERROR SENT: G250 S800
2025-04-08T14:17:45.287502+0800 ERROR write command G250 S800
2025-04-08T14:17:45.287502+0800 ERROR second command G250 S800
2025-04-08T14:17:45.287502+0800 ERROR finish command G250 S800
2025-04-08T14:17:45.288502+0800 ERROR SENT: M154 S1
2025-04-08T14:17:45.288502+0800 ERROR write command M154 S1
2025-04-08T14:17:45.288502+0800 ERROR second command M154 S1
2025-04-08T14:17:45.288502+0800 ERROR finish command M154 S1
2025-04-08T14:17:49.160239+0800 ERROR SENT: M105
2025-04-08T14:17:49.160239+0800 ERROR write command M105
2025-04-08T14:17:49.160239+0800 ERROR second command M105
2025-04-08T14:17:49.160239+0800 ERROR finish command M105
2025-04-08T14:17:49.161239+0800 ERROR SENT: G250 S21
2025-04-08T14:17:49.161239+0800 ERROR write command G250 S21
2025-04-08T14:17:49.161239+0800 ERROR second command G250 S21
2025-04-08T14:17:49.161239+0800 ERROR finish command G250 S21
2025-04-08T14:17:49.161239+0800 ERROR SENT: G250 S800
2025-04-08T14:17:49.161239+0800 ERROR write command G250 S800
2025-04-08T14:17:49.161239+0800 ERROR second command G250 S800
2025-04-08T14:17:49.161239+0800 ERROR finish command G250 S800
2025-04-08T14:17:49.161239+0800 ERROR SENT: M154 S1
2025-04-08T14:17:49.162238+0800 ERROR write command M154 S1
2025-04-08T14:17:49.162238+0800 ERROR second command M154 S1
2025-04-08T14:17:49.162238+0800 ERROR finish command M154 S1
2025-04-08T14:17:53.214321+0800 ERROR SENT: M105
2025-04-08T14:17:53.214321+0800 ERROR write command M105
2025-04-08T14:17:53.215242+0800 ERROR second command M105
2025-04-08T14:17:53.215242+0800 ERROR finish command M105
2025-04-08T14:17:53.215242+0800 ERROR SENT: G250 S21
2025-04-08T14:17:53.215242+0800 ERROR write command G250 S21
2025-04-08T14:17:53.215242+0800 ERROR second command G250 S21
2025-04-08T14:17:53.215242+0800 ERROR finish command G250 S21
2025-04-08T14:17:53.216234+0800 ERROR SENT: G250 S800
2025-04-08T14:17:53.216234+0800 ERROR write command G250 S800
2025-04-08T14:17:53.216234+0800 ERROR second command G250 S800
2025-04-08T14:17:53.216234+0800 ERROR finish command G250 S800
2025-04-08T14:17:53.216234+0800 ERROR SENT: M154 S1
2025-04-08T14:17:53.216234+0800 ERROR write command M154 S1
2025-04-08T14:17:53.217234+0800 ERROR second command M154 S1
2025-04-08T14:17:53.217234+0800 ERROR finish command M154 S1
2025-04-08T14:17:57.064974+0800 ERROR SENT: M105
2025-04-08T14:17:57.064974+0800 ERROR write command M105
2025-04-08T14:17:57.064974+0800 ERROR second command M105
2025-04-08T14:17:57.064974+0800 ERROR finish command M105
2025-04-08T14:17:57.064974+0800 ERROR SENT: G250 S21
2025-04-08T14:17:57.064974+0800 ERROR write command G250 S21
2025-04-08T14:17:57.064974+0800 ERROR second command G250 S21
2025-04-08T14:17:57.065973+0800 ERROR finish command G250 S21
2025-04-08T14:17:57.065973+0800 ERROR SENT: G250 S800
2025-04-08T14:17:57.065973+0800 ERROR write command G250 S800
2025-04-08T14:17:57.065973+0800 ERROR second command G250 S800
2025-04-08T14:17:57.066975+0800 ERROR finish command G250 S800
2025-04-08T14:17:57.066975+0800 ERROR SENT: M154 S1
2025-04-08T14:17:57.066975+0800 ERROR write command M154 S1
2025-04-08T14:17:57.066975+0800 ERROR second command M154 S1
2025-04-08T14:17:57.066975+0800 ERROR finish command M154 S1
2025-04-08T14:18:00.952736+0800 ERROR SENT: M105
2025-04-08T14:18:00.952736+0800 ERROR write command M105
2025-04-08T14:18:00.952736+0800 ERROR second command M105
2025-04-08T14:18:00.952736+0800 ERROR finish command M105
2025-04-08T14:18:00.952736+0800 ERROR SENT: G250 S21
2025-04-08T14:18:00.952736+0800 ERROR write command G250 S21
2025-04-08T14:18:00.952736+0800 ERROR second command G250 S21
2025-04-08T14:18:00.952736+0800 ERROR finish command G250 S21
2025-04-08T14:18:00.953728+0800 ERROR SENT: G250 S800
2025-04-08T14:18:00.953728+0800 ERROR write command G250 S800
2025-04-08T14:18:00.953728+0800 ERROR second command G250 S800
2025-04-08T14:18:00.953728+0800 ERROR finish command G250 S800
2025-04-08T14:18:00.953728+0800 ERROR SENT: M154 S1
2025-04-08T14:18:00.953728+0800 ERROR write command M154 S1
2025-04-08T14:18:00.954778+0800 ERROR second command M154 S1
2025-04-08T14:18:00.954778+0800 ERROR finish command M154 S1
2025-04-08T14:18:04.815993+0800 ERROR SENT: M105
2025-04-08T14:18:04.815993+0800 ERROR write command M105
2025-04-08T14:18:04.815993+0800 ERROR second command M105
2025-04-08T14:18:04.816921+0800 ERROR finish command M105
2025-04-08T14:18:04.816921+0800 ERROR SENT: G250 S21
2025-04-08T14:18:04.816921+0800 ERROR write command G250 S21
2025-04-08T14:18:04.816921+0800 ERROR second command G250 S21
2025-04-08T14:18:04.816921+0800 ERROR finish command G250 S21
2025-04-08T14:18:04.816921+0800 ERROR SENT: G250 S800
2025-04-08T14:18:04.816921+0800 ERROR write command G250 S800
2025-04-08T14:18:04.816921+0800 ERROR second command G250 S800
2025-04-08T14:18:04.816921+0800 ERROR finish command G250 S800
2025-04-08T14:18:04.816921+0800 ERROR SENT: M154 S1
2025-04-08T14:18:04.817921+0800 ERROR write command M154 S1
2025-04-08T14:18:04.817921+0800 ERROR second command M154 S1
2025-04-08T14:18:04.817921+0800 ERROR finish command M154 S1
2025-04-08T14:18:08.685928+0800 ERROR SENT: M105
2025-04-08T14:18:08.685928+0800 ERROR write command M105
2025-04-08T14:18:08.685928+0800 ERROR second command M105
2025-04-08T14:18:08.685928+0800 ERROR finish command M105
2025-04-08T14:18:08.686838+0800 ERROR SENT: G250 S21
2025-04-08T14:18:08.686838+0800 ERROR write command G250 S21
2025-04-08T14:18:08.686838+0800 ERROR second command G250 S21
2025-04-08T14:18:08.686838+0800 ERROR finish command G250 S21
2025-04-08T14:18:08.686838+0800 ERROR SENT: G250 S800
2025-04-08T14:18:08.686838+0800 ERROR write command G250 S800
2025-04-08T14:18:08.686838+0800 ERROR second command G250 S800
2025-04-08T14:18:08.686838+0800 ERROR finish command G250 S800
2025-04-08T14:18:08.686838+0800 ERROR SENT: M154 S1
2025-04-08T14:18:08.687844+0800 ERROR write command M154 S1
2025-04-08T14:18:08.687844+0800 ERROR second command M154 S1
2025-04-08T14:18:08.687844+0800 ERROR finish command M154 S1
2025-04-08T14:18:12.604925+0800 ERROR SENT: M105
2025-04-08T14:18:12.604925+0800 ERROR write command M105
2025-04-08T14:18:12.604925+0800 ERROR second command M105
2025-04-08T14:18:12.604925+0800 ERROR finish command M105
2025-04-08T14:18:12.605954+0800 ERROR SENT: G250 S21
2025-04-08T14:18:12.605954+0800 ERROR write command G250 S21
2025-04-08T14:18:12.605954+0800 ERROR second command G250 S21
2025-04-08T14:18:12.605954+0800 ERROR finish command G250 S21
2025-04-08T14:18:12.605954+0800 ERROR SENT: G250 S800
2025-04-08T14:18:12.605954+0800 ERROR write command G250 S800
2025-04-08T14:18:12.607016+0800 ERROR second command G250 S800
2025-04-08T14:18:12.607016+0800 ERROR finish command G250 S800
2025-04-08T14:18:12.607016+0800 ERROR SENT: M154 S1
2025-04-08T14:18:12.607016+0800 ERROR write command M154 S1
2025-04-08T14:18:12.607016+0800 ERROR second command M154 S1
2025-04-08T14:18:12.607016+0800 ERROR finish command M154 S1
2025-04-08T14:18:16.466406+0800 ERROR SENT: M105
2025-04-08T14:18:16.466406+0800 ERROR write command M105
2025-04-08T14:18:16.466406+0800 ERROR second command M105
2025-04-08T14:18:16.466406+0800 ERROR finish command M105
2025-04-08T14:18:16.467420+0800 ERROR SENT: G250 S21
2025-04-08T14:18:16.467420+0800 ERROR write command G250 S21
2025-04-08T14:18:16.467420+0800 ERROR second command G250 S21
2025-04-08T14:18:16.467420+0800 ERROR finish command G250 S21
2025-04-08T14:18:16.467420+0800 ERROR SENT: G250 S800
2025-04-08T14:18:16.467420+0800 ERROR write command G250 S800
2025-04-08T14:18:16.467420+0800 ERROR second command G250 S800
2025-04-08T14:18:16.467420+0800 ERROR finish command G250 S800
2025-04-08T14:18:16.467420+0800 ERROR SENT: M154 S1
2025-04-08T14:18:16.467420+0800 ERROR write command M154 S1
2025-04-08T14:18:16.468521+0800 ERROR second command M154 S1
2025-04-08T14:18:16.468521+0800 ERROR finish command M154 S1
2025-04-08T14:18:20.353227+0800 ERROR SENT: M105
2025-04-08T14:18:20.353227+0800 ERROR write command M105
2025-04-08T14:18:20.353227+0800 ERROR second command M105
2025-04-08T14:18:20.353227+0800 ERROR finish command M105
2025-04-08T14:18:20.353227+0800 ERROR SENT: G250 S21
2025-04-08T14:18:20.353227+0800 ERROR write command G250 S21
2025-04-08T14:18:20.353227+0800 ERROR second command G250 S21
2025-04-08T14:18:20.353227+0800 ERROR finish command G250 S21
2025-04-08T14:18:20.353227+0800 ERROR SENT: G250 S800
2025-04-08T14:18:20.354238+0800 ERROR write command G250 S800
2025-04-08T14:18:20.354238+0800 ERROR second command G250 S800
2025-04-08T14:18:20.354238+0800 ERROR finish command G250 S800
2025-04-08T14:18:20.354238+0800 ERROR SENT: M154 S1
2025-04-08T14:18:20.354238+0800 ERROR write command M154 S1
2025-04-08T14:18:20.354238+0800 ERROR second command M154 S1
2025-04-08T14:18:20.354238+0800 ERROR finish command M154 S1
2025-04-08T14:18:24.214694+0800 ERROR SENT: M105
2025-04-08T14:18:24.214694+0800 ERROR write command M105
2025-04-08T14:18:24.214694+0800 ERROR second command M105
2025-04-08T14:18:24.214694+0800 ERROR finish command M105
2025-04-08T14:18:24.214694+0800 ERROR SENT: G250 S21
2025-04-08T14:18:24.214694+0800 ERROR write command G250 S21
2025-04-08T14:18:24.215701+0800 ERROR second command G250 S21
2025-04-08T14:18:24.215701+0800 ERROR finish command G250 S21
2025-04-08T14:18:24.215701+0800 ERROR SENT: G250 S800
2025-04-08T14:18:24.215701+0800 ERROR write command G250 S800
2025-04-08T14:18:24.215701+0800 ERROR second command G250 S800
2025-04-08T14:18:24.215701+0800 ERROR finish command G250 S800
2025-04-08T14:18:24.215701+0800 ERROR SENT: M154 S1
2025-04-08T14:18:24.215701+0800 ERROR write command M154 S1
2025-04-08T14:18:24.215701+0800 ERROR second command M154 S1
2025-04-08T14:18:24.215701+0800 ERROR finish command M154 S1
2025-04-08T14:18:28.147495+0800 ERROR SENT: M105
2025-04-08T14:18:28.147495+0800 ERROR write command M105
2025-04-08T14:18:28.147495+0800 ERROR second command M105
2025-04-08T14:18:28.147495+0800 ERROR finish command M105
2025-04-08T14:18:28.148406+0800 ERROR SENT: G250 S21
2025-04-08T14:18:28.148406+0800 ERROR write command G250 S21
2025-04-08T14:18:28.148406+0800 ERROR second command G250 S21
2025-04-08T14:18:28.148406+0800 ERROR finish command G250 S21
2025-04-08T14:18:28.148406+0800 ERROR SENT: G250 S800
2025-04-08T14:18:28.148406+0800 ERROR write command G250 S800
2025-04-08T14:18:28.148406+0800 ERROR second command G250 S800
2025-04-08T14:18:28.148406+0800 ERROR finish command G250 S800
2025-04-08T14:18:28.148406+0800 ERROR SENT: M154 S1
2025-04-08T14:18:28.149406+0800 ERROR write command M154 S1
2025-04-08T14:18:28.149406+0800 ERROR second command M154 S1
2025-04-08T14:18:28.149406+0800 ERROR finish command M154 S1
2025-04-08T14:18:32.064965+0800 ERROR SENT: M105
2025-04-08T14:18:32.064965+0800 ERROR write command M105
2025-04-08T14:18:32.064965+0800 ERROR second command M105
2025-04-08T14:18:32.064965+0800 ERROR finish command M105
2025-04-08T14:18:32.064965+0800 ERROR SENT: G250 S21
2025-04-08T14:18:32.065976+0800 ERROR write command G250 S21
2025-04-08T14:18:32.065976+0800 ERROR second command G250 S21
2025-04-08T14:18:32.065976+0800 ERROR finish command G250 S21
2025-04-08T14:18:32.065976+0800 ERROR SENT: G250 S800
2025-04-08T14:18:32.065976+0800 ERROR write command G250 S800
2025-04-08T14:18:32.065976+0800 ERROR second command G250 S800
2025-04-08T14:18:32.065976+0800 ERROR finish command G250 S800
2025-04-08T14:18:32.065976+0800 ERROR SENT: M154 S1
2025-04-08T14:18:32.065976+0800 ERROR write command M154 S1
2025-04-08T14:18:32.066975+0800 ERROR second command M154 S1
2025-04-08T14:18:32.066975+0800 ERROR finish command M154 S1
2025-04-08T14:18:35.928467+0800 ERROR SENT: M105
2025-04-08T14:18:35.928467+0800 ERROR write command M105
2025-04-08T14:18:35.928467+0800 ERROR second command M105
2025-04-08T14:18:35.929367+0800 ERROR finish command M105
2025-04-08T14:18:35.929367+0800 ERROR SENT: G250 S21
2025-04-08T14:18:35.929367+0800 ERROR write command G250 S21
2025-04-08T14:18:35.929367+0800 ERROR second command G250 S21
2025-04-08T14:18:35.929367+0800 ERROR finish command G250 S21
2025-04-08T14:18:35.929367+0800 ERROR SENT: G250 S800
2025-04-08T14:18:35.929367+0800 ERROR write command G250 S800
2025-04-08T14:18:35.929367+0800 ERROR second command G250 S800
2025-04-08T14:18:35.929367+0800 ERROR finish command G250 S800
2025-04-08T14:18:35.929367+0800 ERROR SENT: M154 S1
2025-04-08T14:18:35.930357+0800 ERROR write command M154 S1
2025-04-08T14:18:35.930357+0800 ERROR second command M154 S1
2025-04-08T14:18:35.930357+0800 ERROR finish command M154 S1
2025-04-08T14:18:39.831487+0800 ERROR SENT: M105
2025-04-08T14:18:39.831487+0800 ERROR write command M105
2025-04-08T14:18:39.831487+0800 ERROR second command M105
2025-04-08T14:18:39.831487+0800 ERROR finish command M105
2025-04-08T14:18:39.832373+0800 ERROR SENT: G250 S21
2025-04-08T14:18:39.832373+0800 ERROR write command G250 S21
2025-04-08T14:18:39.832373+0800 ERROR second command G250 S21
2025-04-08T14:18:39.832373+0800 ERROR finish command G250 S21
2025-04-08T14:18:39.832373+0800 ERROR SENT: G250 S800
2025-04-08T14:18:39.833373+0800 ERROR write command G250 S800
2025-04-08T14:18:39.833373+0800 ERROR second command G250 S800
2025-04-08T14:18:39.833373+0800 ERROR finish command G250 S800
2025-04-08T14:18:39.833373+0800 ERROR SENT: M154 S1
2025-04-08T14:18:39.833373+0800 ERROR write command M154 S1
2025-04-08T14:18:39.833373+0800 ERROR second command M154 S1
2025-04-08T14:18:39.833373+0800 ERROR finish command M154 S1
2025-04-08T14:18:43.660148+0800 ERROR SENT: M105
2025-04-08T14:18:43.660148+0800 ERROR write command M105
2025-04-08T14:18:43.660148+0800 ERROR second command M105
2025-04-08T14:18:43.660148+0800 ERROR finish command M105
2025-04-08T14:18:43.661149+0800 ERROR SENT: G250 S21
2025-04-08T14:18:43.661149+0800 ERROR write command G250 S21
2025-04-08T14:18:43.661149+0800 ERROR second command G250 S21
2025-04-08T14:18:43.661149+0800 ERROR finish command G250 S21
2025-04-08T14:18:43.661149+0800 ERROR SENT: G250 S800
2025-04-08T14:18:43.661149+0800 ERROR write command G250 S800
2025-04-08T14:18:43.662148+0800 ERROR second command G250 S800
2025-04-08T14:18:43.662148+0800 ERROR finish command G250 S800
2025-04-08T14:18:43.662148+0800 ERROR SENT: M154 S1
2025-04-08T14:18:43.662148+0800 ERROR write command M154 S1
2025-04-08T14:18:43.662148+0800 ERROR second command M154 S1
2025-04-08T14:18:43.662148+0800 ERROR finish command M154 S1
2025-04-08T14:18:47.533791+0800 ERROR SENT: M105
2025-04-08T14:18:47.533791+0800 ERROR write command M105
2025-04-08T14:18:47.534717+0800 ERROR second command M105
2025-04-08T14:18:47.534717+0800 ERROR finish command M105
2025-04-08T14:18:47.534717+0800 ERROR SENT: G250 S21
2025-04-08T14:18:47.534717+0800 ERROR write command G250 S21
2025-04-08T14:18:47.534717+0800 ERROR second command G250 S21
2025-04-08T14:18:47.534717+0800 ERROR finish command G250 S21
2025-04-08T14:18:47.534717+0800 ERROR SENT: G250 S800
2025-04-08T14:18:47.535732+0800 ERROR write command G250 S800
2025-04-08T14:18:47.535732+0800 ERROR second command G250 S800
2025-04-08T14:18:47.535732+0800 ERROR finish command G250 S800
2025-04-08T14:18:47.535732+0800 ERROR SENT: M154 S1
2025-04-08T14:18:47.535732+0800 ERROR write command M154 S1
2025-04-08T14:18:47.535732+0800 ERROR second command M154 S1
2025-04-08T14:18:47.536719+0800 ERROR finish command M154 S1
2025-04-08T14:18:51.438154+0800 ERROR SENT: M105
2025-04-08T14:18:51.438154+0800 ERROR write command M105
2025-04-08T14:18:51.438154+0800 ERROR second command M105
2025-04-08T14:18:51.439071+0800 ERROR finish command M105
2025-04-08T14:18:51.439071+0800 ERROR SENT: G250 S21
2025-04-08T14:18:51.439071+0800 ERROR write command G250 S21
2025-04-08T14:18:51.439071+0800 ERROR second command G250 S21
2025-04-08T14:18:51.439071+0800 ERROR finish command G250 S21
2025-04-08T14:18:51.439071+0800 ERROR SENT: G250 S800
2025-04-08T14:18:51.439071+0800 ERROR write command G250 S800
2025-04-08T14:18:51.439071+0800 ERROR second command G250 S800
2025-04-08T14:18:51.440071+0800 ERROR finish command G250 S800
2025-04-08T14:18:51.440071+0800 ERROR SENT: M154 S1
2025-04-08T14:18:51.440071+0800 ERROR write command M154 S1
2025-04-08T14:18:51.440071+0800 ERROR second command M154 S1
2025-04-08T14:18:51.440071+0800 ERROR finish command M154 S1
2025-04-08T14:18:55.341189+0800 ERROR SENT: M105
2025-04-08T14:18:55.341189+0800 ERROR write command M105
2025-04-08T14:18:55.341189+0800 ERROR second command M105
2025-04-08T14:18:55.341189+0800 ERROR finish command M105
2025-04-08T14:18:55.342113+0800 ERROR SENT: G250 S21
2025-04-08T14:18:55.342113+0800 ERROR write command G250 S21
2025-04-08T14:18:55.342113+0800 ERROR second command G250 S21
2025-04-08T14:18:55.342113+0800 ERROR finish command G250 S21
2025-04-08T14:18:55.342113+0800 ERROR SENT: G250 S800
2025-04-08T14:18:55.342113+0800 ERROR write command G250 S800
2025-04-08T14:18:55.342113+0800 ERROR second command G250 S800
2025-04-08T14:18:55.342113+0800 ERROR finish command G250 S800
2025-04-08T14:18:55.342113+0800 ERROR SENT: M154 S1
2025-04-08T14:18:55.342113+0800 ERROR write command M154 S1
2025-04-08T14:18:55.343112+0800 ERROR second command M154 S1
2025-04-08T14:18:55.343112+0800 ERROR finish command M154 S1
2025-04-08T14:18:59.195501+0800 ERROR SENT: M105
2025-04-08T14:18:59.195501+0800 ERROR write command M105
2025-04-08T14:18:59.195501+0800 ERROR second command M105
2025-04-08T14:18:59.196500+0800 ERROR finish command M105
2025-04-08T14:18:59.196500+0800 ERROR SENT: G250 S21
2025-04-08T14:18:59.196500+0800 ERROR write command G250 S21
2025-04-08T14:18:59.196500+0800 ERROR second command G250 S21
2025-04-08T14:18:59.196500+0800 ERROR finish command G250 S21
2025-04-08T14:18:59.196500+0800 ERROR SENT: G250 S800
2025-04-08T14:18:59.197501+0800 ERROR write command G250 S800
2025-04-08T14:18:59.197501+0800 ERROR second command G250 S800
2025-04-08T14:18:59.197501+0800 ERROR finish command G250 S800
2025-04-08T14:18:59.197501+0800 ERROR SENT: M154 S1
2025-04-08T14:18:59.198500+0800 ERROR write command M154 S1
2025-04-08T14:18:59.198500+0800 ERROR second command M154 S1
2025-04-08T14:18:59.198500+0800 ERROR finish command M154 S1
2025-04-08T14:19:03.095984+0800 ERROR SENT: M105
2025-04-08T14:19:03.095984+0800 ERROR write command M105
2025-04-08T14:19:03.095984+0800 ERROR second command M105
2025-04-08T14:19:03.095984+0800 ERROR finish command M105
2025-04-08T14:19:03.095984+0800 ERROR SENT: G250 S21
2025-04-08T14:19:03.096878+0800 ERROR write command G250 S21
2025-04-08T14:19:03.096878+0800 ERROR second command G250 S21
2025-04-08T14:19:03.096878+0800 ERROR finish command G250 S21
2025-04-08T14:19:03.096878+0800 ERROR SENT: G250 S800
2025-04-08T14:19:03.096878+0800 ERROR write command G250 S800
2025-04-08T14:19:03.096878+0800 ERROR second command G250 S800
2025-04-08T14:19:03.096878+0800 ERROR finish command G250 S800
2025-04-08T14:19:03.097570+0800 ERROR SENT: M154 S1
2025-04-08T14:19:03.097570+0800 ERROR write command M154 S1
2025-04-08T14:19:03.098181+0800 ERROR second command M154 S1
2025-04-08T14:19:03.098181+0800 ERROR finish command M154 S1
2025-04-08T14:19:07.007938+0800 ERROR SENT: M105
2025-04-08T14:19:07.007938+0800 ERROR write command M105
2025-04-08T14:19:07.007938+0800 ERROR second command M105
2025-04-08T14:19:07.008943+0800 ERROR finish command M105
2025-04-08T14:19:07.008943+0800 ERROR SENT: G250 S21
2025-04-08T14:19:07.008943+0800 ERROR write command G250 S21
2025-04-08T14:19:07.008943+0800 ERROR second command G250 S21
2025-04-08T14:19:07.008943+0800 ERROR finish command G250 S21
2025-04-08T14:19:07.008943+0800 ERROR SENT: G250 S800
2025-04-08T14:19:07.008943+0800 ERROR write command G250 S800
2025-04-08T14:19:07.008943+0800 ERROR second command G250 S800
2025-04-08T14:19:07.008943+0800 ERROR finish command G250 S800
2025-04-08T14:19:07.008943+0800 ERROR SENT: M154 S1
2025-04-08T14:19:07.009941+0800 ERROR write command M154 S1
2025-04-08T14:19:07.009941+0800 ERROR second command M154 S1
2025-04-08T14:19:07.009941+0800 ERROR finish command M154 S1
2025-04-08T14:19:10.892984+0800 ERROR SENT: M105
2025-04-08T14:19:10.892984+0800 ERROR write command M105
2025-04-08T14:19:10.892984+0800 ERROR second command M105
2025-04-08T14:19:10.892984+0800 ERROR finish command M105
2025-04-08T14:19:10.892984+0800 ERROR SENT: G250 S21
2025-04-08T14:19:10.893915+0800 ERROR write command G250 S21
2025-04-08T14:19:10.893915+0800 ERROR second command G250 S21
2025-04-08T14:19:10.893915+0800 ERROR finish command G250 S21
2025-04-08T14:19:10.893915+0800 ERROR SENT: G250 S800
2025-04-08T14:19:10.893915+0800 ERROR write command G250 S800
2025-04-08T14:19:10.893915+0800 ERROR second command G250 S800
2025-04-08T14:19:10.893915+0800 ERROR finish command G250 S800
2025-04-08T14:19:10.893915+0800 ERROR SENT: M154 S1
2025-04-08T14:19:10.894913+0800 ERROR write command M154 S1
2025-04-08T14:19:10.894913+0800 ERROR second command M154 S1
2025-04-08T14:19:10.894913+0800 ERROR finish command M154 S1
2025-04-08T14:19:14.796072+0800 ERROR SENT: M105
2025-04-08T14:19:14.796072+0800 ERROR write command M105
2025-04-08T14:19:14.796072+0800 ERROR second command M105
2025-04-08T14:19:14.796072+0800 ERROR finish command M105
2025-04-08T14:19:14.796072+0800 ERROR SENT: G250 S21
2025-04-08T14:19:14.797080+0800 ERROR write command G250 S21
2025-04-08T14:19:14.797080+0800 ERROR second command G250 S21
2025-04-08T14:19:14.797080+0800 ERROR finish command G250 S21
2025-04-08T14:19:14.797080+0800 ERROR SENT: G250 S800
2025-04-08T14:19:14.797080+0800 ERROR write command G250 S800
2025-04-08T14:19:14.797080+0800 ERROR second command G250 S800
2025-04-08T14:19:14.797080+0800 ERROR finish command G250 S800
2025-04-08T14:19:14.797080+0800 ERROR SENT: M154 S1
2025-04-08T14:19:14.797883+0800 ERROR write command M154 S1
2025-04-08T14:19:14.797883+0800 ERROR second command M154 S1
2025-04-08T14:19:14.797883+0800 ERROR finish command M154 S1
2025-04-08T14:19:18.692058+0800 ERROR SENT: M105
2025-04-08T14:19:18.692058+0800 ERROR write command M105
2025-04-08T14:19:18.692058+0800 ERROR second command M105
2025-04-08T14:19:18.692058+0800 ERROR finish command M105
2025-04-08T14:19:18.692058+0800 ERROR SENT: G250 S21
2025-04-08T14:19:18.692058+0800 ERROR write command G250 S21
2025-04-08T14:19:18.692991+0800 ERROR second command G250 S21
2025-04-08T14:19:18.692991+0800 ERROR finish command G250 S21
2025-04-08T14:19:18.692991+0800 ERROR SENT: G250 S800
2025-04-08T14:19:18.692991+0800 ERROR write command G250 S800
2025-04-08T14:19:18.692991+0800 ERROR second command G250 S800
2025-04-08T14:19:18.692991+0800 ERROR finish command G250 S800
2025-04-08T14:19:18.692991+0800 ERROR SENT: M154 S1
2025-04-08T14:19:18.692991+0800 ERROR write command M154 S1
2025-04-08T14:19:18.693990+0800 ERROR second command M154 S1
2025-04-08T14:19:18.693990+0800 ERROR finish command M154 S1
2025-04-08T14:19:22.628193+0800 ERROR SENT: M105
2025-04-08T14:19:22.628193+0800 ERROR write command M105
2025-04-08T14:19:22.628193+0800 ERROR second command M105
2025-04-08T14:19:22.628193+0800 ERROR finish command M105
2025-04-08T14:19:22.628193+0800 ERROR SENT: G250 S21
2025-04-08T14:19:22.628193+0800 ERROR write command G250 S21
2025-04-08T14:19:22.629210+0800 ERROR second command G250 S21
2025-04-08T14:19:22.629210+0800 ERROR finish command G250 S21
2025-04-08T14:19:22.629210+0800 ERROR SENT: G250 S800
2025-04-08T14:19:22.629210+0800 ERROR write command G250 S800
2025-04-08T14:19:22.629210+0800 ERROR second command G250 S800
2025-04-08T14:19:22.629210+0800 ERROR finish command G250 S800
2025-04-08T14:19:22.629210+0800 ERROR SENT: M154 S1
2025-04-08T14:19:22.629210+0800 ERROR write command M154 S1
2025-04-08T14:19:22.630199+0800 ERROR second command M154 S1
2025-04-08T14:19:22.630199+0800 ERROR finish command M154 S1
2025-04-08T14:19:26.545494+0800 ERROR SENT: M105
2025-04-08T14:19:26.545494+0800 ERROR write command M105
2025-04-08T14:19:26.545494+0800 ERROR second command M105
2025-04-08T14:19:26.545494+0800 ERROR finish command M105
2025-04-08T14:19:26.546494+0800 ERROR SENT: G250 S21
2025-04-08T14:19:26.546494+0800 ERROR write command G250 S21
2025-04-08T14:19:26.546494+0800 ERROR second command G250 S21
2025-04-08T14:19:26.546494+0800 ERROR finish command G250 S21
2025-04-08T14:19:26.546494+0800 ERROR SENT: G250 S800
2025-04-08T14:19:26.546494+0800 ERROR write command G250 S800
2025-04-08T14:19:26.547495+0800 ERROR second command G250 S800
2025-04-08T14:19:26.547495+0800 ERROR finish command G250 S800
2025-04-08T14:19:26.547495+0800 ERROR SENT: M154 S1
2025-04-08T14:19:26.547495+0800 ERROR write command M154 S1
2025-04-08T14:19:26.547495+0800 ERROR second command M154 S1
2025-04-08T14:19:26.547495+0800 ERROR finish command M154 S1
2025-04-08T14:19:30.413811+0800 ERROR SENT: M105
2025-04-08T14:19:30.413811+0800 ERROR write command M105
2025-04-08T14:19:30.413811+0800 ERROR second command M105
2025-04-08T14:19:30.413811+0800 ERROR finish command M105
2025-04-08T14:19:30.414717+0800 ERROR SENT: G250 S21
2025-04-08T14:19:30.414717+0800 ERROR write command G250 S21
2025-04-08T14:19:30.414717+0800 ERROR second command G250 S21
2025-04-08T14:19:30.414717+0800 ERROR finish command G250 S21
2025-04-08T14:19:30.414717+0800 ERROR SENT: G250 S800
2025-04-08T14:19:30.414717+0800 ERROR write command G250 S800
2025-04-08T14:19:30.414717+0800 ERROR second command G250 S800
2025-04-08T14:19:30.414717+0800 ERROR finish command G250 S800
2025-04-08T14:19:30.414717+0800 ERROR SENT: M154 S1
2025-04-08T14:19:30.415716+0800 ERROR write command M154 S1
2025-04-08T14:19:30.415716+0800 ERROR second command M154 S1
2025-04-08T14:19:30.415716+0800 ERROR finish command M154 S1
2025-04-08T14:19:34.314664+0800 ERROR SENT: M105
2025-04-08T14:19:34.314664+0800 ERROR write command M105
2025-04-08T14:19:34.314664+0800 ERROR second command M105
2025-04-08T14:19:34.314664+0800 ERROR finish command M105
2025-04-08T14:19:34.315572+0800 ERROR SENT: G250 S21
2025-04-08T14:19:34.315572+0800 ERROR write command G250 S21
2025-04-08T14:19:34.315572+0800 ERROR second command G250 S21
2025-04-08T14:19:34.315572+0800 ERROR finish command G250 S21
2025-04-08T14:19:34.315572+0800 ERROR SENT: G250 S800
2025-04-08T14:19:34.315572+0800 ERROR write command G250 S800
2025-04-08T14:19:34.315572+0800 ERROR second command G250 S800
2025-04-08T14:19:34.315572+0800 ERROR finish command G250 S800
2025-04-08T14:19:34.315572+0800 ERROR SENT: M154 S1
2025-04-08T14:19:34.316572+0800 ERROR write command M154 S1
2025-04-08T14:19:34.316572+0800 ERROR second command M154 S1
2025-04-08T14:19:34.316572+0800 ERROR finish command M154 S1
2025-04-08T14:19:38.256009+0800 ERROR SENT: M105
2025-04-08T14:19:38.256009+0800 ERROR write command M105
2025-04-08T14:19:38.256009+0800 ERROR second command M105
2025-04-08T14:19:38.256009+0800 ERROR finish command M105
2025-04-08T14:19:38.256009+0800 ERROR SENT: G250 S21
2025-04-08T14:19:38.257024+0800 ERROR write command G250 S21
2025-04-08T14:19:38.257024+0800 ERROR second command G250 S21
2025-04-08T14:19:38.257024+0800 ERROR finish command G250 S21
2025-04-08T14:19:38.257024+0800 ERROR SENT: G250 S800
2025-04-08T14:19:38.257024+0800 ERROR write command G250 S800
2025-04-08T14:19:38.257024+0800 ERROR second command G250 S800
2025-04-08T14:19:38.257024+0800 ERROR finish command G250 S800
2025-04-08T14:19:38.258023+0800 ERROR SENT: M154 S1
2025-04-08T14:19:38.258023+0800 ERROR write command M154 S1
2025-04-08T14:19:38.258023+0800 ERROR second command M154 S1
2025-04-08T14:19:38.258023+0800 ERROR finish command M154 S1
2025-04-08T14:19:42.178102+0800 ERROR SENT: M105
2025-04-08T14:19:42.178102+0800 ERROR write command M105
2025-04-08T14:19:42.178102+0800 ERROR second command M105
2025-04-08T14:19:42.178102+0800 ERROR finish command M105
2025-04-08T14:19:42.178102+0800 ERROR SENT: G250 S21
2025-04-08T14:19:42.178102+0800 ERROR write command G250 S21
2025-04-08T14:19:42.179103+0800 ERROR second command G250 S21
2025-04-08T14:19:42.179103+0800 ERROR finish command G250 S21
2025-04-08T14:19:42.179103+0800 ERROR SENT: G250 S800
2025-04-08T14:19:42.179103+0800 ERROR write command G250 S800
2025-04-08T14:19:42.179103+0800 ERROR second command G250 S800
2025-04-08T14:19:42.179103+0800 ERROR finish command G250 S800
2025-04-08T14:19:42.179103+0800 ERROR SENT: M154 S1
2025-04-08T14:19:42.179103+0800 ERROR write command M154 S1
2025-04-08T14:19:42.179103+0800 ERROR second command M154 S1
2025-04-08T14:19:42.180106+0800 ERROR finish command M154 S1
2025-04-08T14:19:46.095128+0800 ERROR SENT: M105
2025-04-08T14:19:46.095128+0800 ERROR write command M105
2025-04-08T14:19:46.095128+0800 ERROR second command M105
2025-04-08T14:19:46.095128+0800 ERROR finish command M105
2025-04-08T14:19:46.095128+0800 ERROR SENT: G250 S21
2025-04-08T14:19:46.095128+0800 ERROR write command G250 S21
2025-04-08T14:19:46.096086+0800 ERROR second command G250 S21
2025-04-08T14:19:46.096086+0800 ERROR finish command G250 S21
2025-04-08T14:19:46.096086+0800 ERROR SENT: G250 S800
2025-04-08T14:19:46.096086+0800 ERROR write command G250 S800
2025-04-08T14:19:46.096086+0800 ERROR second command G250 S800
2025-04-08T14:19:46.096086+0800 ERROR finish command G250 S800
2025-04-08T14:19:46.097087+0800 ERROR SENT: M154 S1
2025-04-08T14:19:46.097087+0800 ERROR write command M154 S1
2025-04-08T14:19:46.097087+0800 ERROR second command M154 S1
2025-04-08T14:19:46.097087+0800 ERROR finish command M154 S1
2025-04-08T14:19:49.959637+0800 ERROR SENT: M105
2025-04-08T14:19:49.959637+0800 ERROR write command M105
2025-04-08T14:19:49.959637+0800 ERROR second command M105
2025-04-08T14:19:49.959637+0800 ERROR finish command M105
2025-04-08T14:19:49.959637+0800 ERROR SENT: G250 S21
2025-04-08T14:19:49.959637+0800 ERROR write command G250 S21
2025-04-08T14:19:49.960624+0800 ERROR second command G250 S21
2025-04-08T14:19:49.960624+0800 ERROR finish command G250 S21
2025-04-08T14:19:49.960624+0800 ERROR SENT: G250 S800
2025-04-08T14:19:49.960624+0800 ERROR write command G250 S800
2025-04-08T14:19:49.960624+0800 ERROR second command G250 S800
2025-04-08T14:19:49.960624+0800 ERROR finish command G250 S800
2025-04-08T14:19:49.960624+0800 ERROR SENT: M154 S1
2025-04-08T14:19:49.960624+0800 ERROR write command M154 S1
2025-04-08T14:19:49.960624+0800 ERROR second command M154 S1
2025-04-08T14:19:49.960624+0800 ERROR finish command M154 S1
2025-04-08T14:19:53.877571+0800 ERROR SENT: M105
2025-04-08T14:19:53.877571+0800 ERROR write command M105
2025-04-08T14:19:53.877571+0800 ERROR second command M105
2025-04-08T14:19:53.877571+0800 ERROR finish command M105
2025-04-08T14:19:53.877571+0800 ERROR SENT: G250 S21
2025-04-08T14:19:53.877571+0800 ERROR write command G250 S21
2025-04-08T14:19:53.877571+0800 ERROR second command G250 S21
2025-04-08T14:19:53.878565+0800 ERROR finish command G250 S21
2025-04-08T14:19:53.878565+0800 ERROR SENT: G250 S800
2025-04-08T14:19:53.878565+0800 ERROR write command G250 S800
2025-04-08T14:19:53.878565+0800 ERROR second command G250 S800
2025-04-08T14:19:53.878565+0800 ERROR finish command G250 S800
2025-04-08T14:19:53.878565+0800 ERROR SENT: M154 S1
2025-04-08T14:19:53.878565+0800 ERROR write command M154 S1
2025-04-08T14:19:53.878565+0800 ERROR second command M154 S1
2025-04-08T14:19:53.878565+0800 ERROR finish command M154 S1
2025-04-08T14:19:57.779153+0800 ERROR SENT: M105
2025-04-08T14:19:57.779153+0800 ERROR write command M105
2025-04-08T14:19:57.779153+0800 ERROR second command M105
2025-04-08T14:19:57.779153+0800 ERROR finish command M105
2025-04-08T14:19:57.779153+0800 ERROR SENT: G250 S21
2025-04-08T14:19:57.779153+0800 ERROR write command G250 S21
2025-04-08T14:19:57.779153+0800 ERROR second command G250 S21
2025-04-08T14:19:57.780152+0800 ERROR finish command G250 S21
2025-04-08T14:19:57.780152+0800 ERROR SENT: G250 S800
2025-04-08T14:19:57.780152+0800 ERROR write command G250 S800
2025-04-08T14:19:57.780152+0800 ERROR second command G250 S800
2025-04-08T14:19:57.780152+0800 ERROR finish command G250 S800
2025-04-08T14:19:57.780152+0800 ERROR SENT: M154 S1
2025-04-08T14:19:57.780152+0800 ERROR write command M154 S1
2025-04-08T14:19:57.781186+0800 ERROR second command M154 S1
2025-04-08T14:19:57.781186+0800 ERROR finish command M154 S1
2025-04-08T14:20:01.666358+0800 ERROR SENT: M105
2025-04-08T14:20:01.666358+0800 ERROR write command M105
2025-04-08T14:20:01.666358+0800 ERROR second command M105
2025-04-08T14:20:01.667348+0800 ERROR finish command M105
2025-04-08T14:20:01.667348+0800 ERROR SENT: G250 S21
2025-04-08T14:20:01.667348+0800 ERROR write command G250 S21
2025-04-08T14:20:01.667348+0800 ERROR second command G250 S21
2025-04-08T14:20:01.667348+0800 ERROR finish command G250 S21
2025-04-08T14:20:01.667348+0800 ERROR SENT: G250 S800
2025-04-08T14:20:01.667348+0800 ERROR write command G250 S800
2025-04-08T14:20:01.667348+0800 ERROR second command G250 S800
2025-04-08T14:20:01.668345+0800 ERROR finish command G250 S800
2025-04-08T14:20:01.668345+0800 ERROR SENT: M154 S1
2025-04-08T14:20:01.668345+0800 ERROR write command M154 S1
2025-04-08T14:20:01.668345+0800 ERROR second command M154 S1
2025-04-08T14:20:01.668345+0800 ERROR finish command M154 S1
2025-04-08T14:20:05.557515+0800 ERROR SENT: M105
2025-04-08T14:20:05.557515+0800 ERROR write command M105
2025-04-08T14:20:05.557515+0800 ERROR second command M105
2025-04-08T14:20:05.557515+0800 ERROR finish command M105
2025-04-08T14:20:05.557515+0800 ERROR SENT: G250 S21
2025-04-08T14:20:05.558524+0800 ERROR write command G250 S21
2025-04-08T14:20:05.558524+0800 ERROR second command G250 S21
2025-04-08T14:20:05.558524+0800 ERROR finish command G250 S21
2025-04-08T14:20:05.558524+0800 ERROR SENT: G250 S800
2025-04-08T14:20:05.558524+0800 ERROR write command G250 S800
2025-04-08T14:20:05.558524+0800 ERROR second command G250 S800
2025-04-08T14:20:05.558524+0800 ERROR finish command G250 S800
2025-04-08T14:20:05.558524+0800 ERROR SENT: M154 S1
2025-04-08T14:20:05.559523+0800 ERROR write command M154 S1
2025-04-08T14:20:05.559523+0800 ERROR second command M154 S1
2025-04-08T14:20:05.559523+0800 ERROR finish command M154 S1
2025-04-08T14:20:09.466243+0800 ERROR SENT: M105
2025-04-08T14:20:09.466243+0800 ERROR write command M105
2025-04-08T14:20:09.466243+0800 ERROR second command M105
2025-04-08T14:20:09.466243+0800 ERROR finish command M105
2025-04-08T14:20:09.467257+0800 ERROR SENT: G250 S21
2025-04-08T14:20:09.467257+0800 ERROR write command G250 S21
2025-04-08T14:20:09.467257+0800 ERROR second command G250 S21
2025-04-08T14:20:09.467257+0800 ERROR finish command G250 S21
2025-04-08T14:20:09.467257+0800 ERROR SENT: G250 S800
2025-04-08T14:20:09.467257+0800 ERROR write command G250 S800
2025-04-08T14:20:09.467257+0800 ERROR second command G250 S800
2025-04-08T14:20:09.467257+0800 ERROR finish command G250 S800
2025-04-08T14:20:09.467257+0800 ERROR SENT: M154 S1
2025-04-08T14:20:09.468256+0800 ERROR write command M154 S1
2025-04-08T14:20:09.468256+0800 ERROR second command M154 S1
2025-04-08T14:20:09.468256+0800 ERROR finish command M154 S1
2025-04-08T14:20:13.343483+0800 ERROR SENT: M105
2025-04-08T14:20:13.343483+0800 ERROR write command M105
2025-04-08T14:20:13.343483+0800 ERROR second command M105
2025-04-08T14:20:13.344492+0800 ERROR finish command M105
2025-04-08T14:20:13.344492+0800 ERROR SENT: G250 S21
2025-04-08T14:20:13.344492+0800 ERROR write command G250 S21
2025-04-08T14:20:13.344492+0800 ERROR second command G250 S21
2025-04-08T14:20:13.344492+0800 ERROR finish command G250 S21
2025-04-08T14:20:13.344492+0800 ERROR SENT: G250 S800
2025-04-08T14:20:13.344492+0800 ERROR write command G250 S800
2025-04-08T14:20:13.344492+0800 ERROR second command G250 S800
2025-04-08T14:20:13.345494+0800 ERROR finish command G250 S800
2025-04-08T14:20:13.345494+0800 ERROR SENT: M154 S1
2025-04-08T14:20:13.345494+0800 ERROR write command M154 S1
2025-04-08T14:20:13.345494+0800 ERROR second command M154 S1
2025-04-08T14:20:13.345494+0800 ERROR finish command M154 S1
2025-04-08T14:20:17.248886+0800 ERROR SENT: M105
2025-04-08T14:20:17.248886+0800 ERROR write command M105
2025-04-08T14:20:17.248886+0800 ERROR second command M105
2025-04-08T14:20:17.248886+0800 ERROR finish command M105
2025-04-08T14:20:17.248886+0800 ERROR SENT: G250 S21
2025-04-08T14:20:17.248886+0800 ERROR write command G250 S21
2025-04-08T14:20:17.249901+0800 ERROR second command G250 S21
2025-04-08T14:20:17.249901+0800 ERROR finish command G250 S21
2025-04-08T14:20:17.249901+0800 ERROR SENT: G250 S800
2025-04-08T14:20:17.249901+0800 ERROR write command G250 S800
2025-04-08T14:20:17.249901+0800 ERROR second command G250 S800
2025-04-08T14:20:17.249901+0800 ERROR finish command G250 S800
2025-04-08T14:20:17.249901+0800 ERROR SENT: M154 S1
2025-04-08T14:20:17.250608+0800 ERROR write command M154 S1
2025-04-08T14:20:17.250608+0800 ERROR second command M154 S1
2025-04-08T14:20:17.250608+0800 ERROR finish command M154 S1
2025-04-08T14:20:21.194189+0800 ERROR SENT: M105
2025-04-08T14:20:21.194189+0800 ERROR write command M105
2025-04-08T14:20:21.194189+0800 ERROR second command M105
2025-04-08T14:20:21.194189+0800 ERROR finish command M105
2025-04-08T14:20:21.194189+0800 ERROR SENT: G250 S21
2025-04-08T14:20:21.194189+0800 ERROR write command G250 S21
2025-04-08T14:20:21.194189+0800 ERROR second command G250 S21
2025-04-08T14:20:21.194189+0800 ERROR finish command G250 S21
2025-04-08T14:20:21.195195+0800 ERROR SENT: G250 S800
2025-04-08T14:20:21.195195+0800 ERROR write command G250 S800
2025-04-08T14:20:21.195195+0800 ERROR second command G250 S800
2025-04-08T14:20:21.195195+0800 ERROR finish command G250 S800
2025-04-08T14:20:21.195195+0800 ERROR SENT: M154 S1
2025-04-08T14:20:21.195195+0800 ERROR write command M154 S1
2025-04-08T14:20:21.195195+0800 ERROR second command M154 S1
2025-04-08T14:20:21.196189+0800 ERROR finish command M154 S1
2025-04-08T14:20:25.099496+0800 ERROR SENT: M105
2025-04-08T14:20:25.099496+0800 ERROR write command M105
2025-04-08T14:20:25.099496+0800 ERROR second command M105
2025-04-08T14:20:25.099496+0800 ERROR finish command M105
2025-04-08T14:20:25.099496+0800 ERROR SENT: G250 S21
2025-04-08T14:20:25.100496+0800 ERROR write command G250 S21
2025-04-08T14:20:25.100496+0800 ERROR second command G250 S21
2025-04-08T14:20:25.100496+0800 ERROR finish command G250 S21
2025-04-08T14:20:25.100496+0800 ERROR SENT: G250 S800
2025-04-08T14:20:25.100496+0800 ERROR write command G250 S800
2025-04-08T14:20:25.100496+0800 ERROR second command G250 S800
2025-04-08T14:20:25.100496+0800 ERROR finish command G250 S800
2025-04-08T14:20:25.100496+0800 ERROR SENT: M154 S1
2025-04-08T14:20:25.100496+0800 ERROR write command M154 S1
2025-04-08T14:20:25.100496+0800 ERROR second command M154 S1
2025-04-08T14:20:25.101495+0800 ERROR finish command M154 S1
2025-04-08T14:20:29.004089+0800 ERROR SENT: M105
2025-04-08T14:20:29.004089+0800 ERROR write command M105
2025-04-08T14:20:29.004089+0800 ERROR second command M105
2025-04-08T14:20:29.005118+0800 ERROR finish command M105
2025-04-08T14:20:29.005118+0800 ERROR SENT: G250 S21
2025-04-08T14:20:29.005118+0800 ERROR write command G250 S21
2025-04-08T14:20:29.005118+0800 ERROR second command G250 S21
2025-04-08T14:20:29.005118+0800 ERROR finish command G250 S21
2025-04-08T14:20:29.005118+0800 ERROR SENT: G250 S800
2025-04-08T14:20:29.005118+0800 ERROR write command G250 S800
2025-04-08T14:20:29.005118+0800 ERROR second command G250 S800
2025-04-08T14:20:29.005118+0800 ERROR finish command G250 S800
2025-04-08T14:20:29.005118+0800 ERROR SENT: M154 S1
2025-04-08T14:20:29.006125+0800 ERROR write command M154 S1
2025-04-08T14:20:29.006125+0800 ERROR second command M154 S1
2025-04-08T14:20:29.006125+0800 ERROR finish command M154 S1
2025-04-08T14:20:32.925442+0800 ERROR SENT: M105
2025-04-08T14:20:32.925442+0800 ERROR write command M105
2025-04-08T14:20:32.925442+0800 ERROR second command M105
2025-04-08T14:20:32.925442+0800 ERROR finish command M105
2025-04-08T14:20:32.926444+0800 ERROR SENT: G250 S21
2025-04-08T14:20:32.926444+0800 ERROR write command G250 S21
2025-04-08T14:20:32.926444+0800 ERROR second command G250 S21
2025-04-08T14:20:32.926444+0800 ERROR finish command G250 S21
2025-04-08T14:20:32.926444+0800 ERROR SENT: G250 S800
2025-04-08T14:20:32.927444+0800 ERROR write command G250 S800
2025-04-08T14:20:32.927444+0800 ERROR second command G250 S800
2025-04-08T14:20:32.927444+0800 ERROR finish command G250 S800
2025-04-08T14:20:32.927444+0800 ERROR SENT: M154 S1
2025-04-08T14:20:32.927444+0800 ERROR write command M154 S1
2025-04-08T14:20:32.927444+0800 ERROR second command M154 S1
2025-04-08T14:20:32.928443+0800 ERROR finish command M154 S1
2025-04-08T14:20:36.813819+0800 ERROR SENT: M105
2025-04-08T14:20:36.813819+0800 ERROR write command M105
2025-04-08T14:20:36.813819+0800 ERROR second command M105
2025-04-08T14:20:36.813819+0800 ERROR finish command M105
2025-04-08T14:20:36.813819+0800 ERROR SENT: G250 S21
2025-04-08T14:20:36.813819+0800 ERROR write command G250 S21
2025-04-08T14:20:36.814820+0800 ERROR second command G250 S21
2025-04-08T14:20:36.814820+0800 ERROR finish command G250 S21
2025-04-08T14:20:36.814820+0800 ERROR SENT: G250 S800
2025-04-08T14:20:36.814820+0800 ERROR write command G250 S800
2025-04-08T14:20:36.814820+0800 ERROR second command G250 S800
2025-04-08T14:20:36.814820+0800 ERROR finish command G250 S800
2025-04-08T14:20:36.814820+0800 ERROR SENT: M154 S1
2025-04-08T14:20:36.815811+0800 ERROR write command M154 S1
2025-04-08T14:20:36.815811+0800 ERROR second command M154 S1
2025-04-08T14:20:36.815811+0800 ERROR finish command M154 S1
2025-04-08T14:20:40.722130+0800 ERROR SENT: M105
2025-04-08T14:20:40.722130+0800 ERROR write command M105
2025-04-08T14:20:40.722130+0800 ERROR second command M105
2025-04-08T14:20:40.723131+0800 ERROR finish command M105
2025-04-08T14:20:40.723131+0800 ERROR SENT: G250 S21
2025-04-08T14:20:40.723131+0800 ERROR write command G250 S21
2025-04-08T14:20:40.723131+0800 ERROR second command G250 S21
2025-04-08T14:20:40.723131+0800 ERROR finish command G250 S21
2025-04-08T14:20:40.723131+0800 ERROR SENT: G250 S800
2025-04-08T14:20:40.723131+0800 ERROR write command G250 S800
2025-04-08T14:20:40.723131+0800 ERROR second command G250 S800
2025-04-08T14:20:40.724131+0800 ERROR finish command G250 S800
2025-04-08T14:20:40.724131+0800 ERROR SENT: M154 S1
2025-04-08T14:20:40.724131+0800 ERROR write command M154 S1
2025-04-08T14:20:40.724131+0800 ERROR second command M154 S1
2025-04-08T14:20:40.724131+0800 ERROR finish command M154 S1
2025-04-08T14:20:44.656614+0800 ERROR SENT: M105
2025-04-08T14:20:44.656614+0800 ERROR write command M105
2025-04-08T14:20:44.656614+0800 ERROR second command M105
2025-04-08T14:20:44.656614+0800 ERROR finish command M105
2025-04-08T14:20:44.657626+0800 ERROR SENT: G250 S21
2025-04-08T14:20:44.657626+0800 ERROR write command G250 S21
2025-04-08T14:20:44.657626+0800 ERROR second command G250 S21
2025-04-08T14:20:44.657626+0800 ERROR finish command G250 S21
2025-04-08T14:20:44.657626+0800 ERROR SENT: G250 S800
2025-04-08T14:20:44.657626+0800 ERROR write command G250 S800
2025-04-08T14:20:44.657626+0800 ERROR second command G250 S800
2025-04-08T14:20:44.657626+0800 ERROR finish command G250 S800
2025-04-08T14:20:44.658626+0800 ERROR SENT: M154 S1
2025-04-08T14:20:44.658626+0800 ERROR write command M154 S1
2025-04-08T14:20:44.658626+0800 ERROR second command M154 S1
2025-04-08T14:20:44.658626+0800 ERROR finish command M154 S1
2025-04-08T14:20:48.524144+0800 ERROR SENT: M105
2025-04-08T14:20:48.524144+0800 ERROR write command M105
2025-04-08T14:20:48.524144+0800 ERROR second command M105
2025-04-08T14:20:48.524144+0800 ERROR finish command M105
2025-04-08T14:20:48.524144+0800 ERROR SENT: G250 S21
2025-04-08T14:20:48.524144+0800 ERROR write command G250 S21
2025-04-08T14:20:48.524144+0800 ERROR second command G250 S21
2025-04-08T14:20:48.524144+0800 ERROR finish command G250 S21
2025-04-08T14:20:48.525145+0800 ERROR SENT: G250 S800
2025-04-08T14:20:48.525145+0800 ERROR write command G250 S800
2025-04-08T14:20:48.525145+0800 ERROR second command G250 S800
2025-04-08T14:20:48.525145+0800 ERROR finish command G250 S800
2025-04-08T14:20:48.525145+0800 ERROR SENT: M154 S1
2025-04-08T14:20:48.526161+0800 ERROR write command M154 S1
2025-04-08T14:20:48.526161+0800 ERROR second command M154 S1
2025-04-08T14:20:48.526161+0800 ERROR finish command M154 S1
2025-04-08T14:20:52.417235+0800 ERROR SENT: M105
2025-04-08T14:20:52.417235+0800 ERROR write command M105
2025-04-08T14:20:52.417235+0800 ERROR second command M105
2025-04-08T14:20:52.417235+0800 ERROR finish command M105
2025-04-08T14:20:52.417235+0800 ERROR SENT: G250 S21
2025-04-08T14:20:52.417235+0800 ERROR write command G250 S21
2025-04-08T14:20:52.418235+0800 ERROR second command G250 S21
2025-04-08T14:20:52.418235+0800 ERROR finish command G250 S21
2025-04-08T14:20:52.418235+0800 ERROR SENT: G250 S800
2025-04-08T14:20:52.418235+0800 ERROR write command G250 S800
2025-04-08T14:20:52.418235+0800 ERROR second command G250 S800
2025-04-08T14:20:52.418235+0800 ERROR finish command G250 S800
2025-04-08T14:20:52.418235+0800 ERROR SENT: M154 S1
2025-04-08T14:20:52.418235+0800 ERROR write command M154 S1
2025-04-08T14:20:52.418235+0800 ERROR second command M154 S1
2025-04-08T14:20:52.419408+0800 ERROR finish command M154 S1
2025-04-08T14:20:56.360989+0800 ERROR SENT: M105
2025-04-08T14:20:56.360989+0800 ERROR write command M105
2025-04-08T14:20:56.360989+0800 ERROR second command M105
2025-04-08T14:20:56.360989+0800 ERROR finish command M105
2025-04-08T14:20:56.360989+0800 ERROR SENT: G250 S21
2025-04-08T14:20:56.361989+0800 ERROR write command G250 S21
2025-04-08T14:20:56.361989+0800 ERROR second command G250 S21
2025-04-08T14:20:56.361989+0800 ERROR finish command G250 S21
2025-04-08T14:20:56.361989+0800 ERROR SENT: G250 S800
2025-04-08T14:20:56.361989+0800 ERROR write command G250 S800
2025-04-08T14:20:56.361989+0800 ERROR second command G250 S800
2025-04-08T14:20:56.361989+0800 ERROR finish command G250 S800
2025-04-08T14:20:56.361989+0800 ERROR SENT: M154 S1
2025-04-08T14:20:56.361989+0800 ERROR write command M154 S1
2025-04-08T14:20:56.362989+0800 ERROR second command M154 S1
2025-04-08T14:20:56.362989+0800 ERROR finish command M154 S1
2025-04-08T14:21:00.273122+0800 ERROR SENT: M105
2025-04-08T14:21:00.273122+0800 ERROR write command M105
2025-04-08T14:21:00.273122+0800 ERROR second command M105
2025-04-08T14:21:00.273122+0800 ERROR finish command M105
2025-04-08T14:21:00.273122+0800 ERROR SENT: G250 S21
2025-04-08T14:21:00.273122+0800 ERROR write command G250 S21
2025-04-08T14:21:00.274112+0800 ERROR second command G250 S21
2025-04-08T14:21:00.274112+0800 ERROR finish command G250 S21
2025-04-08T14:21:00.274112+0800 ERROR SENT: G250 S800
2025-04-08T14:21:00.274112+0800 ERROR write command G250 S800
2025-04-08T14:21:00.274112+0800 ERROR second command G250 S800
2025-04-08T14:21:00.274112+0800 ERROR finish command G250 S800
2025-04-08T14:21:00.274112+0800 ERROR SENT: M154 S1
2025-04-08T14:21:00.274112+0800 ERROR write command M154 S1
2025-04-08T14:21:00.274112+0800 ERROR second command M154 S1
2025-04-08T14:21:00.274112+0800 ERROR finish command M154 S1
2025-04-08T14:21:04.105020+0800 ERROR SENT: M105
2025-04-08T14:21:04.105020+0800 ERROR write command M105
2025-04-08T14:21:04.105020+0800 ERROR second command M105
2025-04-08T14:21:04.105020+0800 ERROR finish command M105
2025-04-08T14:21:04.105020+0800 ERROR SENT: G250 S21
2025-04-08T14:21:04.105020+0800 ERROR write command G250 S21
2025-04-08T14:21:04.105949+0800 ERROR second command G250 S21
2025-04-08T14:21:04.105949+0800 ERROR finish command G250 S21
2025-04-08T14:21:04.105949+0800 ERROR SENT: G250 S800
2025-04-08T14:21:04.105949+0800 ERROR write command G250 S800
2025-04-08T14:21:04.106948+0800 ERROR second command G250 S800
2025-04-08T14:21:04.106948+0800 ERROR finish command G250 S800
2025-04-08T14:21:04.106948+0800 ERROR SENT: M154 S1
2025-04-08T14:21:04.106948+0800 ERROR write command M154 S1
2025-04-08T14:21:04.106948+0800 ERROR second command M154 S1
2025-04-08T14:21:04.106948+0800 ERROR finish command M154 S1
2025-04-08T14:21:08.025059+0800 ERROR SENT: M105
2025-04-08T14:21:08.025059+0800 ERROR write command M105
2025-04-08T14:21:08.025059+0800 ERROR second command M105
2025-04-08T14:21:08.025059+0800 ERROR finish command M105
2025-04-08T14:21:08.025059+0800 ERROR SENT: G250 S21
2025-04-08T14:21:08.026059+0800 ERROR write command G250 S21
2025-04-08T14:21:08.026059+0800 ERROR second command G250 S21
2025-04-08T14:21:08.026059+0800 ERROR finish command G250 S21
2025-04-08T14:21:08.026059+0800 ERROR SENT: G250 S800
2025-04-08T14:21:08.027060+0800 ERROR write command G250 S800
2025-04-08T14:21:08.027060+0800 ERROR second command G250 S800
2025-04-08T14:21:08.027060+0800 ERROR finish command G250 S800
2025-04-08T14:21:08.075059+0800 ERROR SENT: M154 S1
2025-04-08T14:21:08.076059+0800 ERROR write command M154 S1
2025-04-08T14:21:08.076059+0800 ERROR second command M154 S1
2025-04-08T14:21:08.076059+0800 ERROR finish command M154 S1
2025-04-08T14:21:11.929071+0800 ERROR SENT: M105
2025-04-08T14:21:11.929071+0800 ERROR write command M105
2025-04-08T14:21:11.929071+0800 ERROR second command M105
2025-04-08T14:21:11.930070+0800 ERROR finish command M105
2025-04-08T14:21:11.930070+0800 ERROR SENT: G250 S21
2025-04-08T14:21:11.930070+0800 ERROR write command G250 S21
2025-04-08T14:21:11.930070+0800 ERROR second command G250 S21
2025-04-08T14:21:11.930070+0800 ERROR finish command G250 S21
2025-04-08T14:21:11.930070+0800 ERROR SENT: G250 S800
2025-04-08T14:21:11.930070+0800 ERROR write command G250 S800
2025-04-08T14:21:11.931070+0800 ERROR second command G250 S800
2025-04-08T14:21:11.931070+0800 ERROR finish command G250 S800
2025-04-08T14:21:11.931070+0800 ERROR SENT: M154 S1
2025-04-08T14:21:11.931070+0800 ERROR write command M154 S1
2025-04-08T14:21:11.931070+0800 ERROR second command M154 S1
2025-04-08T14:21:11.931070+0800 ERROR finish command M154 S1
