2025-04-07T08:59:11.676541+0800 INFO 设备已成功连接
2025-04-07T08:59:11.676541+0800 ERROR SENT: M105
2025-04-07T08:59:11.677541+0800 ERROR write command M105
2025-04-07T08:59:11.677541+0800 ERROR second command M105
2025-04-07T08:59:11.677541+0800 ERROR finish command M105
2025-04-07T08:59:11.677541+0800 ERROR SENT: G250 S21
2025-04-07T08:59:11.678541+0800 ERROR write command G250 S21
2025-04-07T08:59:11.678541+0800 ERROR second command G250 S21
2025-04-07T08:59:11.678541+0800 ERROR finish command G250 S21
2025-04-07T08:59:11.678541+0800 ERROR SENT: G250 S800
2025-04-07T08:59:11.678541+0800 ERROR write command G250 S800
2025-04-07T08:59:11.678541+0800 ERROR second command G250 S800
2025-04-07T08:59:11.678541+0800 ERROR finish command G250 S800
2025-04-07T08:59:11.678541+0800 ERROR SENT: M154 S1
2025-04-07T08:59:11.679541+0800 ERROR write command M154 S1
2025-04-07T08:59:11.679541+0800 ERROR second command M154 S1
2025-04-07T08:59:11.680541+0800 ERROR finish command M154 S1
2025-04-07T08:59:15.593413+0800 ERROR SENT: M105
2025-04-07T08:59:15.593413+0800 ERROR write command M105
2025-04-07T08:59:15.594423+0800 ERROR second command M105
2025-04-07T08:59:15.594423+0800 ERROR finish command M105
2025-04-07T08:59:15.594423+0800 ERROR SENT: G250 S21
2025-04-07T08:59:15.594423+0800 ERROR write command G250 S21
2025-04-07T08:59:15.594423+0800 ERROR second command G250 S21
2025-04-07T08:59:15.594423+0800 ERROR finish command G250 S21
2025-04-07T08:59:15.594423+0800 ERROR SENT: G250 S800
2025-04-07T08:59:15.594423+0800 ERROR write command G250 S800
2025-04-07T08:59:15.595422+0800 ERROR second command G250 S800
2025-04-07T08:59:15.595422+0800 ERROR finish command G250 S800
2025-04-07T08:59:15.595422+0800 ERROR SENT: M154 S1
2025-04-07T08:59:15.595422+0800 ERROR write command M154 S1
2025-04-07T08:59:15.595422+0800 ERROR second command M154 S1
2025-04-07T08:59:15.595422+0800 ERROR finish command M154 S1
2025-04-07T08:59:19.845923+0800 ERROR SENT: M105
2025-04-07T08:59:19.845923+0800 ERROR write command M105
2025-04-07T08:59:19.845923+0800 ERROR second command M105
2025-04-07T08:59:19.845923+0800 ERROR finish command M105
2025-04-07T08:59:19.846812+0800 ERROR SENT: G250 S21
2025-04-07T08:59:19.846812+0800 ERROR write command G250 S21
2025-04-07T08:59:19.846812+0800 ERROR second command G250 S21
2025-04-07T08:59:19.846812+0800 ERROR finish command G250 S21
2025-04-07T08:59:19.846812+0800 ERROR SENT: G250 S800
2025-04-07T08:59:19.846812+0800 ERROR write command G250 S800
2025-04-07T08:59:19.846812+0800 ERROR second command G250 S800
2025-04-07T08:59:19.846812+0800 ERROR finish command G250 S800
2025-04-07T08:59:19.846812+0800 ERROR SENT: M154 S1
2025-04-07T08:59:19.847810+0800 ERROR write command M154 S1
2025-04-07T08:59:19.847810+0800 ERROR second command M154 S1
2025-04-07T08:59:19.847810+0800 ERROR finish command M154 S1
2025-04-07T08:59:23.802120+0800 ERROR SENT: M105
2025-04-07T08:59:23.802120+0800 ERROR write command M105
2025-04-07T08:59:23.802120+0800 ERROR second command M105
2025-04-07T08:59:23.802120+0800 ERROR finish command M105
2025-04-07T08:59:23.802120+0800 ERROR SENT: G250 S21
2025-04-07T08:59:23.803129+0800 ERROR write command G250 S21
2025-04-07T08:59:23.803129+0800 ERROR second command G250 S21
2025-04-07T08:59:23.803129+0800 ERROR finish command G250 S21
2025-04-07T08:59:23.803129+0800 ERROR SENT: G250 S800
2025-04-07T08:59:23.803129+0800 ERROR write command G250 S800
2025-04-07T08:59:23.803129+0800 ERROR second command G250 S800
2025-04-07T08:59:23.803129+0800 ERROR finish command G250 S800
2025-04-07T08:59:23.803129+0800 ERROR SENT: M154 S1
2025-04-07T08:59:23.803129+0800 ERROR write command M154 S1
2025-04-07T08:59:23.804129+0800 ERROR second command M154 S1
2025-04-07T08:59:23.804129+0800 ERROR finish command M154 S1
2025-04-07T08:59:27.703752+0800 ERROR SENT: M105
2025-04-07T08:59:27.703752+0800 ERROR write command M105
2025-04-07T08:59:27.703752+0800 ERROR second command M105
2025-04-07T08:59:27.704646+0800 ERROR finish command M105
2025-04-07T08:59:27.704646+0800 ERROR SENT: G250 S21
2025-04-07T08:59:27.704646+0800 ERROR write command G250 S21
2025-04-07T08:59:27.704646+0800 ERROR second command G250 S21
2025-04-07T08:59:27.704646+0800 ERROR finish command G250 S21
2025-04-07T08:59:27.704646+0800 ERROR SENT: G250 S800
2025-04-07T08:59:27.704646+0800 ERROR write command G250 S800
2025-04-07T08:59:27.704646+0800 ERROR second command G250 S800
2025-04-07T08:59:27.704646+0800 ERROR finish command G250 S800
2025-04-07T08:59:27.705645+0800 ERROR SENT: M154 S1
2025-04-07T08:59:27.705645+0800 ERROR write command M154 S1
2025-04-07T08:59:27.705645+0800 ERROR second command M154 S1
2025-04-07T08:59:27.705645+0800 ERROR finish command M154 S1
2025-04-07T08:59:31.659301+0800 ERROR SENT: M105
2025-04-07T08:59:31.659301+0800 ERROR write command M105
2025-04-07T08:59:31.659301+0800 ERROR second command M105
2025-04-07T08:59:31.660176+0800 ERROR finish command M105
2025-04-07T08:59:31.660176+0800 ERROR SENT: G250 S21
2025-04-07T08:59:31.660176+0800 ERROR write command G250 S21
2025-04-07T08:59:31.660176+0800 ERROR second command G250 S21
2025-04-07T08:59:31.660176+0800 ERROR finish command G250 S21
2025-04-07T08:59:31.660176+0800 ERROR SENT: G250 S800
2025-04-07T08:59:31.660176+0800 ERROR write command G250 S800
2025-04-07T08:59:31.660176+0800 ERROR second command G250 S800
2025-04-07T08:59:31.660176+0800 ERROR finish command G250 S800
2025-04-07T08:59:31.660893+0800 ERROR SENT: M154 S1
2025-04-07T08:59:31.660893+0800 ERROR write command M154 S1
2025-04-07T08:59:31.660893+0800 ERROR second command M154 S1
2025-04-07T08:59:31.660893+0800 ERROR finish command M154 S1
2025-04-07T08:59:35.630599+0800 ERROR SENT: M105
2025-04-07T08:59:35.631598+0800 ERROR write command M105
2025-04-07T08:59:35.631598+0800 ERROR second command M105
2025-04-07T08:59:35.631598+0800 ERROR finish command M105
2025-04-07T08:59:35.631598+0800 ERROR SENT: G250 S21
2025-04-07T08:59:35.631598+0800 ERROR write command G250 S21
2025-04-07T08:59:35.631598+0800 ERROR second command G250 S21
2025-04-07T08:59:35.632598+0800 ERROR finish command G250 S21
2025-04-07T08:59:35.632598+0800 ERROR SENT: G250 S800
2025-04-07T08:59:35.632598+0800 ERROR write command G250 S800
2025-04-07T08:59:35.632598+0800 ERROR second command G250 S800
2025-04-07T08:59:35.632598+0800 ERROR finish command G250 S800
2025-04-07T08:59:35.633599+0800 ERROR SENT: M154 S1
2025-04-07T08:59:35.633599+0800 ERROR write command M154 S1
2025-04-07T08:59:35.633599+0800 ERROR second command M154 S1
2025-04-07T08:59:35.633599+0800 ERROR finish command M154 S1
2025-04-07T08:59:39.501655+0800 ERROR SENT: M105
2025-04-07T08:59:39.501655+0800 ERROR write command M105
2025-04-07T08:59:39.501655+0800 ERROR second command M105
2025-04-07T08:59:39.501655+0800 ERROR finish command M105
2025-04-07T08:59:39.502647+0800 ERROR SENT: G250 S21
2025-04-07T08:59:39.502647+0800 ERROR write command G250 S21
2025-04-07T08:59:39.502647+0800 ERROR second command G250 S21
2025-04-07T08:59:39.502647+0800 ERROR finish command G250 S21
2025-04-07T08:59:39.502647+0800 ERROR SENT: G250 S800
2025-04-07T08:59:39.502647+0800 ERROR write command G250 S800
2025-04-07T08:59:39.502647+0800 ERROR second command G250 S800
2025-04-07T08:59:39.502647+0800 ERROR finish command G250 S800
2025-04-07T08:59:39.503647+0800 ERROR SENT: M154 S1
2025-04-07T08:59:39.503647+0800 ERROR write command M154 S1
2025-04-07T08:59:39.503647+0800 ERROR second command M154 S1
2025-04-07T08:59:39.503647+0800 ERROR finish command M154 S1
2025-04-07T08:59:43.379552+0800 ERROR SENT: M105
2025-04-07T08:59:43.379552+0800 ERROR write command M105
2025-04-07T08:59:43.380335+0800 ERROR second command M105
2025-04-07T08:59:43.380335+0800 ERROR finish command M105
2025-04-07T08:59:43.380335+0800 ERROR SENT: G250 S21
2025-04-07T08:59:43.380335+0800 ERROR write command G250 S21
2025-04-07T08:59:43.380335+0800 ERROR second command G250 S21
2025-04-07T08:59:43.380335+0800 ERROR finish command G250 S21
2025-04-07T08:59:43.380335+0800 ERROR SENT: G250 S800
2025-04-07T08:59:43.380335+0800 ERROR write command G250 S800
2025-04-07T08:59:43.380335+0800 ERROR second command G250 S800
2025-04-07T08:59:43.380335+0800 ERROR finish command G250 S800
2025-04-07T08:59:43.381340+0800 ERROR SENT: M154 S1
2025-04-07T08:59:43.381340+0800 ERROR write command M154 S1
2025-04-07T08:59:43.381340+0800 ERROR second command M154 S1
2025-04-07T08:59:43.381340+0800 ERROR finish command M154 S1
2025-04-07T08:59:47.330989+0800 ERROR SENT: M105
2025-04-07T08:59:47.330989+0800 ERROR write command M105
2025-04-07T08:59:47.330989+0800 ERROR second command M105
2025-04-07T08:59:47.330989+0800 ERROR finish command M105
2025-04-07T08:59:47.331989+0800 ERROR SENT: G250 S21
2025-04-07T08:59:47.331989+0800 ERROR write command G250 S21
2025-04-07T08:59:47.331989+0800 ERROR second command G250 S21
2025-04-07T08:59:47.331989+0800 ERROR finish command G250 S21
2025-04-07T08:59:47.331989+0800 ERROR SENT: G250 S800
2025-04-07T08:59:47.331989+0800 ERROR write command G250 S800
2025-04-07T08:59:47.332989+0800 ERROR second command G250 S800
2025-04-07T08:59:47.332989+0800 ERROR finish command G250 S800
2025-04-07T08:59:47.334989+0800 ERROR SENT: M154 S1
2025-04-07T08:59:47.334989+0800 ERROR write command M154 S1
2025-04-07T08:59:47.334989+0800 ERROR second command M154 S1
2025-04-07T08:59:47.334989+0800 ERROR finish command M154 S1
2025-04-07T08:59:51.264696+0800 ERROR SENT: M105
2025-04-07T08:59:51.264696+0800 ERROR write command M105
2025-04-07T08:59:51.265691+0800 ERROR second command M105
2025-04-07T08:59:51.265691+0800 ERROR finish command M105
2025-04-07T08:59:51.265691+0800 ERROR SENT: G250 S21
2025-04-07T08:59:51.265691+0800 ERROR write command G250 S21
2025-04-07T08:59:51.265691+0800 ERROR second command G250 S21
2025-04-07T08:59:51.265691+0800 ERROR finish command G250 S21
2025-04-07T08:59:51.265691+0800 ERROR SENT: G250 S800
2025-04-07T08:59:51.266692+0800 ERROR write command G250 S800
2025-04-07T08:59:51.266692+0800 ERROR second command G250 S800
2025-04-07T08:59:51.266692+0800 ERROR finish command G250 S800
2025-04-07T08:59:51.266692+0800 ERROR SENT: M154 S1
2025-04-07T08:59:51.266692+0800 ERROR write command M154 S1
2025-04-07T08:59:51.266692+0800 ERROR second command M154 S1
2025-04-07T08:59:51.266692+0800 ERROR finish command M154 S1
2025-04-07T08:59:55.173747+0800 ERROR SENT: M105
2025-04-07T08:59:55.173747+0800 ERROR write command M105
2025-04-07T08:59:55.173747+0800 ERROR second command M105
2025-04-07T08:59:55.173747+0800 ERROR finish command M105
2025-04-07T08:59:55.173747+0800 ERROR SENT: G250 S21
2025-04-07T08:59:55.174736+0800 ERROR write command G250 S21
2025-04-07T08:59:55.174736+0800 ERROR second command G250 S21
2025-04-07T08:59:55.174736+0800 ERROR finish command G250 S21
2025-04-07T08:59:55.174736+0800 ERROR SENT: G250 S800
2025-04-07T08:59:55.174736+0800 ERROR write command G250 S800
2025-04-07T08:59:55.174736+0800 ERROR second command G250 S800
2025-04-07T08:59:55.175736+0800 ERROR finish command G250 S800
2025-04-07T08:59:55.175736+0800 ERROR SENT: M154 S1
2025-04-07T08:59:55.175736+0800 ERROR write command M154 S1
2025-04-07T08:59:55.175736+0800 ERROR second command M154 S1
2025-04-07T08:59:55.175736+0800 ERROR finish command M154 S1
2025-04-07T08:59:59.055726+0800 ERROR SENT: M105
2025-04-07T08:59:59.055726+0800 ERROR write command M105
2025-04-07T08:59:59.056673+0800 ERROR second command M105
2025-04-07T08:59:59.056673+0800 ERROR finish command M105
2025-04-07T08:59:59.056673+0800 ERROR SENT: G250 S21
2025-04-07T08:59:59.056673+0800 ERROR write command G250 S21
2025-04-07T08:59:59.057669+0800 ERROR second command G250 S21
2025-04-07T08:59:59.057669+0800 ERROR finish command G250 S21
2025-04-07T08:59:59.057669+0800 ERROR SENT: G250 S800
2025-04-07T08:59:59.057669+0800 ERROR write command G250 S800
2025-04-07T08:59:59.057669+0800 ERROR second command G250 S800
2025-04-07T08:59:59.057669+0800 ERROR finish command G250 S800
2025-04-07T08:59:59.057669+0800 ERROR SENT: M154 S1
2025-04-07T08:59:59.058669+0800 ERROR write command M154 S1
2025-04-07T08:59:59.058669+0800 ERROR second command M154 S1
2025-04-07T08:59:59.058669+0800 ERROR finish command M154 S1
