2025-04-11T10:43:45.296731+0800 INFO 设备已成功连接
2025-04-11T10:43:45.297731+0800 ERROR SENT: M105
2025-04-11T10:43:45.297731+0800 ERROR write command M105
2025-04-11T10:43:45.298731+0800 ERROR second command M105
2025-04-11T10:43:45.298731+0800 ERROR finish command M105
2025-04-11T10:43:45.298731+0800 ERROR SENT: G250 S21
2025-04-11T10:43:45.298731+0800 ERROR write command G250 S21
2025-04-11T10:43:45.299732+0800 ERROR second command G250 S21
2025-04-11T10:43:45.299732+0800 ERROR finish command G250 S21
2025-04-11T10:43:45.299732+0800 ERROR SENT: G250 S800
2025-04-11T10:43:45.300732+0800 ERROR write command G250 S800
2025-04-11T10:43:45.300732+0800 ERROR second command G250 S800
2025-04-11T10:43:45.300732+0800 ERROR finish command G250 S800
2025-04-11T10:43:45.301732+0800 ERROR SENT: M154 S1
2025-04-11T10:43:45.301732+0800 ERROR write command M154 S1
2025-04-11T10:43:45.301732+0800 ERROR second command M154 S1
2025-04-11T10:43:45.302731+0800 ERROR finish command M154 S1
2025-04-11T10:43:49.139787+0800 ERROR SENT: M105
2025-04-11T10:43:49.139787+0800 ERROR write command M105
2025-04-11T10:43:49.139787+0800 ERROR second command M105
2025-04-11T10:43:49.140788+0800 ERROR finish command M105
2025-04-11T10:43:49.140788+0800 ERROR SENT: G250 S21
2025-04-11T10:43:49.140788+0800 ERROR write command G250 S21
2025-04-11T10:43:49.140788+0800 ERROR second command G250 S21
2025-04-11T10:43:49.140788+0800 ERROR finish command G250 S21
2025-04-11T10:43:49.140788+0800 ERROR SENT: G250 S800
2025-04-11T10:43:49.140788+0800 ERROR write command G250 S800
2025-04-11T10:43:49.140788+0800 ERROR second command G250 S800
2025-04-11T10:43:49.141787+0800 ERROR finish command G250 S800
2025-04-11T10:43:49.141787+0800 ERROR SENT: M154 S1
2025-04-11T10:43:49.141787+0800 ERROR write command M154 S1
2025-04-11T10:43:49.141787+0800 ERROR second command M154 S1
2025-04-11T10:43:49.141787+0800 ERROR finish command M154 S1
