2025-04-11T12:15:30.976121+0800 INFO 设备已成功连接
2025-04-11T12:15:30.977114+0800 ERROR SENT: M105
2025-04-11T12:15:30.977114+0800 ERROR write command M105
2025-04-11T12:15:30.978114+0800 ERROR second command M105
2025-04-11T12:15:30.978114+0800 ERROR finish command M105
2025-04-11T12:15:30.978114+0800 ERROR SENT: G250 S21
2025-04-11T12:15:30.978114+0800 ERROR write command G250 S21
2025-04-11T12:15:30.979113+0800 ERROR second command G250 S21
2025-04-11T12:15:30.979113+0800 ERROR finish command G250 S21
2025-04-11T12:15:30.979113+0800 ERROR SENT: G250 S800
2025-04-11T12:15:30.979113+0800 ERROR write command G250 S800
2025-04-11T12:15:30.980114+0800 ERROR second command G250 S800
2025-04-11T12:15:30.980114+0800 ERROR finish command G250 S800
2025-04-11T12:15:30.980114+0800 ERROR SENT: M154 S1
2025-04-11T12:15:30.980114+0800 ERROR write command M154 S1
2025-04-11T12:15:30.980114+0800 ERROR second command M154 S1
2025-04-11T12:15:30.981113+0800 ERROR finish command M154 S1
2025-04-11T12:15:34.818891+0800 ERROR SENT: M105
2025-04-11T12:15:34.818891+0800 ERROR write command M105
2025-04-11T12:15:34.818891+0800 ERROR second command M105
2025-04-11T12:15:34.819824+0800 ERROR finish command M105
2025-04-11T12:15:34.819824+0800 ERROR SENT: G250 S21
2025-04-11T12:15:34.819824+0800 ERROR write command G250 S21
2025-04-11T12:15:34.819824+0800 ERROR second command G250 S21
2025-04-11T12:15:34.819824+0800 ERROR finish command G250 S21
2025-04-11T12:15:34.819824+0800 ERROR SENT: G250 S800
2025-04-11T12:15:34.819824+0800 ERROR write command G250 S800
2025-04-11T12:15:34.819824+0800 ERROR second command G250 S800
2025-04-11T12:15:34.819824+0800 ERROR finish command G250 S800
2025-04-11T12:15:34.819824+0800 ERROR SENT: M154 S1
2025-04-11T12:15:34.820824+0800 ERROR write command M154 S1
2025-04-11T12:15:34.820824+0800 ERROR second command M154 S1
2025-04-11T12:15:34.820824+0800 ERROR finish command M154 S1
2025-04-11T12:15:39.113094+0800 ERROR SENT: M105
2025-04-11T12:15:39.113094+0800 ERROR write command M105
2025-04-11T12:15:39.113094+0800 ERROR second command M105
2025-04-11T12:15:39.113094+0800 ERROR finish command M105
2025-04-11T12:15:39.114012+0800 ERROR SENT: G250 S21
2025-04-11T12:15:39.114012+0800 ERROR write command G250 S21
2025-04-11T12:15:39.114012+0800 ERROR second command G250 S21
2025-04-11T12:15:39.114012+0800 ERROR finish command G250 S21
2025-04-11T12:15:39.114012+0800 ERROR SENT: G250 S800
2025-04-11T12:15:39.114012+0800 ERROR write command G250 S800
2025-04-11T12:15:39.114012+0800 ERROR second command G250 S800
2025-04-11T12:15:39.114012+0800 ERROR finish command G250 S800
2025-04-11T12:15:39.114012+0800 ERROR SENT: M154 S1
2025-04-11T12:15:39.114012+0800 ERROR write command M154 S1
2025-04-11T12:15:39.115014+0800 ERROR second command M154 S1
2025-04-11T12:15:39.115014+0800 ERROR finish command M154 S1
2025-04-11T12:15:42.896303+0800 ERROR SENT: M105
2025-04-11T12:15:42.896303+0800 ERROR write command M105
2025-04-11T12:15:42.896303+0800 ERROR second command M105
2025-04-11T12:15:42.897234+0800 ERROR finish command M105
2025-04-11T12:15:42.897234+0800 ERROR SENT: G250 S21
2025-04-11T12:15:42.897234+0800 ERROR write command G250 S21
2025-04-11T12:15:42.897234+0800 ERROR second command G250 S21
2025-04-11T12:15:42.897234+0800 ERROR finish command G250 S21
2025-04-11T12:15:42.897234+0800 ERROR SENT: G250 S800
2025-04-11T12:15:42.898234+0800 ERROR write command G250 S800
2025-04-11T12:15:42.898234+0800 ERROR second command G250 S800
2025-04-11T12:15:42.898234+0800 ERROR finish command G250 S800
2025-04-11T12:15:42.898234+0800 ERROR SENT: M154 S1
2025-04-11T12:15:42.898234+0800 ERROR write command M154 S1
2025-04-11T12:15:42.898234+0800 ERROR second command M154 S1
2025-04-11T12:15:42.898234+0800 ERROR finish command M154 S1
2025-04-11T12:15:46.720664+0800 ERROR SENT: M105
2025-04-11T12:15:46.720664+0800 ERROR write command M105
2025-04-11T12:15:46.720664+0800 ERROR second command M105
2025-04-11T12:15:46.720664+0800 ERROR finish command M105
2025-04-11T12:15:46.721663+0800 ERROR SENT: G250 S21
2025-04-11T12:15:46.721663+0800 ERROR write command G250 S21
2025-04-11T12:15:46.721663+0800 ERROR second command G250 S21
2025-04-11T12:15:46.721663+0800 ERROR finish command G250 S21
2025-04-11T12:15:46.721663+0800 ERROR SENT: G250 S800
2025-04-11T12:15:46.721663+0800 ERROR write command G250 S800
2025-04-11T12:15:46.722664+0800 ERROR second command G250 S800
2025-04-11T12:15:46.722664+0800 ERROR finish command G250 S800
2025-04-11T12:15:46.722664+0800 ERROR SENT: M154 S1
2025-04-11T12:15:46.722664+0800 ERROR write command M154 S1
2025-04-11T12:15:46.722664+0800 ERROR second command M154 S1
2025-04-11T12:15:46.722664+0800 ERROR finish command M154 S1
2025-04-11T12:15:50.543085+0800 ERROR SENT: M105
2025-04-11T12:15:50.543085+0800 ERROR write command M105
2025-04-11T12:15:50.543085+0800 ERROR second command M105
2025-04-11T12:15:50.543085+0800 ERROR finish command M105
2025-04-11T12:15:50.544087+0800 ERROR SENT: G250 S21
2025-04-11T12:15:50.544087+0800 ERROR write command G250 S21
2025-04-11T12:15:50.544087+0800 ERROR second command G250 S21
2025-04-11T12:15:50.544087+0800 ERROR finish command G250 S21
2025-04-11T12:15:50.544087+0800 ERROR SENT: G250 S800
2025-04-11T12:15:50.545086+0800 ERROR write command G250 S800
2025-04-11T12:15:50.545086+0800 ERROR second command G250 S800
2025-04-11T12:15:50.545086+0800 ERROR finish command G250 S800
2025-04-11T12:15:50.545086+0800 ERROR SENT: M154 S1
2025-04-11T12:15:50.545086+0800 ERROR write command M154 S1
2025-04-11T12:15:50.545086+0800 ERROR second command M154 S1
2025-04-11T12:15:50.545086+0800 ERROR finish command M154 S1
2025-04-11T12:15:54.356744+0800 ERROR SENT: M105
2025-04-11T12:15:54.356744+0800 ERROR write command M105
2025-04-11T12:15:54.356744+0800 ERROR second command M105
2025-04-11T12:15:54.357678+0800 ERROR finish command M105
2025-04-11T12:15:54.357678+0800 ERROR SENT: G250 S21
2025-04-11T12:15:54.357678+0800 ERROR write command G250 S21
2025-04-11T12:15:54.357678+0800 ERROR second command G250 S21
2025-04-11T12:15:54.357678+0800 ERROR finish command G250 S21
2025-04-11T12:15:54.357678+0800 ERROR SENT: G250 S800
2025-04-11T12:15:54.358677+0800 ERROR write command G250 S800
2025-04-11T12:15:54.358677+0800 ERROR second command G250 S800
2025-04-11T12:15:54.358677+0800 ERROR finish command G250 S800
2025-04-11T12:15:54.358677+0800 ERROR SENT: M154 S1
2025-04-11T12:15:54.358677+0800 ERROR write command M154 S1
2025-04-11T12:15:54.358677+0800 ERROR second command M154 S1
2025-04-11T12:15:54.358677+0800 ERROR finish command M154 S1
2025-04-11T12:15:58.181182+0800 ERROR SENT: M105
2025-04-11T12:15:58.181182+0800 ERROR write command M105
2025-04-11T12:15:58.181182+0800 ERROR second command M105
2025-04-11T12:15:58.181182+0800 ERROR finish command M105
2025-04-11T12:15:58.182185+0800 ERROR SENT: G250 S21
2025-04-11T12:15:58.182185+0800 ERROR write command G250 S21
2025-04-11T12:15:58.182185+0800 ERROR second command G250 S21
2025-04-11T12:15:58.182185+0800 ERROR finish command G250 S21
2025-04-11T12:15:58.182185+0800 ERROR SENT: G250 S800
2025-04-11T12:15:58.182185+0800 ERROR write command G250 S800
2025-04-11T12:15:58.183183+0800 ERROR second command G250 S800
2025-04-11T12:15:58.183183+0800 ERROR finish command G250 S800
2025-04-11T12:15:58.183183+0800 ERROR SENT: M154 S1
2025-04-11T12:15:58.183183+0800 ERROR write command M154 S1
2025-04-11T12:15:58.183183+0800 ERROR second command M154 S1
2025-04-11T12:15:58.183183+0800 ERROR finish command M154 S1
2025-04-11T12:16:01.996515+0800 ERROR SENT: M105
2025-04-11T12:16:01.996515+0800 ERROR write command M105
2025-04-11T12:16:01.996515+0800 ERROR second command M105
2025-04-11T12:16:01.996515+0800 ERROR finish command M105
2025-04-11T12:16:01.997518+0800 ERROR SENT: G250 S21
2025-04-11T12:16:01.997518+0800 ERROR write command G250 S21
2025-04-11T12:16:01.997518+0800 ERROR second command G250 S21
2025-04-11T12:16:01.997518+0800 ERROR finish command G250 S21
2025-04-11T12:16:01.997518+0800 ERROR SENT: G250 S800
2025-04-11T12:16:01.997518+0800 ERROR write command G250 S800
2025-04-11T12:16:01.998517+0800 ERROR second command G250 S800
2025-04-11T12:16:01.998517+0800 ERROR finish command G250 S800
2025-04-11T12:16:01.998517+0800 ERROR SENT: M154 S1
2025-04-11T12:16:01.999516+0800 ERROR write command M154 S1
2025-04-11T12:16:01.999516+0800 ERROR second command M154 S1
2025-04-11T12:16:01.999516+0800 ERROR finish command M154 S1
2025-04-11T12:16:06.314269+0800 ERROR SENT: M105
2025-04-11T12:16:06.314269+0800 ERROR write command M105
2025-04-11T12:16:06.315269+0800 ERROR second command M105
2025-04-11T12:16:06.315269+0800 ERROR finish command M105
2025-04-11T12:16:06.315269+0800 ERROR SENT: G250 S21
2025-04-11T12:16:06.315269+0800 ERROR write command G250 S21
2025-04-11T12:16:06.315269+0800 ERROR second command G250 S21
2025-04-11T12:16:06.315269+0800 ERROR finish command G250 S21
2025-04-11T12:16:06.315269+0800 ERROR SENT: G250 S800
2025-04-11T12:16:06.315269+0800 ERROR write command G250 S800
2025-04-11T12:16:06.315269+0800 ERROR second command G250 S800
2025-04-11T12:16:06.316269+0800 ERROR finish command G250 S800
2025-04-11T12:16:06.332268+0800 ERROR SENT: M154 S1
2025-04-11T12:16:06.332268+0800 ERROR write command M154 S1
2025-04-11T12:16:06.333270+0800 ERROR second command M154 S1
2025-04-11T12:16:06.333270+0800 ERROR finish command M154 S1
2025-04-11T12:16:10.202040+0800 ERROR SENT: M105
2025-04-11T12:16:10.202040+0800 ERROR write command M105
2025-04-11T12:16:10.203039+0800 ERROR second command M105
2025-04-11T12:16:10.203039+0800 ERROR finish command M105
2025-04-11T12:16:10.203039+0800 ERROR SENT: G250 S21
2025-04-11T12:16:10.203039+0800 ERROR write command G250 S21
2025-04-11T12:16:10.203039+0800 ERROR second command G250 S21
2025-04-11T12:16:10.204039+0800 ERROR finish command G250 S21
2025-04-11T12:16:10.204039+0800 ERROR SENT: G250 S800
2025-04-11T12:16:10.204039+0800 ERROR write command G250 S800
2025-04-11T12:16:10.204039+0800 ERROR second command G250 S800
2025-04-11T12:16:10.204039+0800 ERROR finish command G250 S800
2025-04-11T12:16:10.214039+0800 ERROR SENT: M154 S1
2025-04-11T12:16:10.215039+0800 ERROR write command M154 S1
2025-04-11T12:16:10.215039+0800 ERROR second command M154 S1
2025-04-11T12:16:10.215039+0800 ERROR finish command M154 S1
2025-04-11T12:16:14.300613+0800 ERROR SENT: M105
2025-04-11T12:16:14.300613+0800 ERROR write command M105
2025-04-11T12:16:14.301612+0800 ERROR second command M105
2025-04-11T12:16:14.301612+0800 ERROR finish command M105
2025-04-11T12:16:14.301612+0800 ERROR SENT: G250 S21
2025-04-11T12:16:14.301612+0800 ERROR write command G250 S21
2025-04-11T12:16:14.302614+0800 ERROR second command G250 S21
2025-04-11T12:16:14.302614+0800 ERROR finish command G250 S21
2025-04-11T12:16:14.302614+0800 ERROR SENT: G250 S800
2025-04-11T12:16:14.302614+0800 ERROR write command G250 S800
2025-04-11T12:16:14.302614+0800 ERROR second command G250 S800
2025-04-11T12:16:14.302614+0800 ERROR finish command G250 S800
2025-04-11T12:16:14.306613+0800 ERROR SENT: M154 S1
2025-04-11T12:16:14.306613+0800 ERROR write command M154 S1
2025-04-11T12:16:14.307614+0800 ERROR second command M154 S1
2025-04-11T12:16:14.307614+0800 ERROR finish command M154 S1
2025-04-11T12:16:18.161266+0800 ERROR SENT: M105
2025-04-11T12:16:18.161266+0800 ERROR write command M105
2025-04-11T12:16:18.161266+0800 ERROR second command M105
2025-04-11T12:16:18.161266+0800 ERROR finish command M105
2025-04-11T12:16:18.161266+0800 ERROR SENT: G250 S21
2025-04-11T12:16:18.161266+0800 ERROR write command G250 S21
2025-04-11T12:16:18.162257+0800 ERROR second command G250 S21
2025-04-11T12:16:18.162257+0800 ERROR finish command G250 S21
2025-04-11T12:16:18.162257+0800 ERROR SENT: G250 S800
2025-04-11T12:16:18.162257+0800 ERROR write command G250 S800
2025-04-11T12:16:18.162257+0800 ERROR second command G250 S800
2025-04-11T12:16:18.162257+0800 ERROR finish command G250 S800
2025-04-11T12:16:18.162257+0800 ERROR SENT: M154 S1
2025-04-11T12:16:18.162257+0800 ERROR write command M154 S1
2025-04-11T12:16:18.163269+0800 ERROR second command M154 S1
2025-04-11T12:16:18.163269+0800 ERROR finish command M154 S1
2025-04-11T12:16:22.140986+0800 ERROR SENT: M105
2025-04-11T12:16:22.140986+0800 ERROR write command M105
2025-04-11T12:16:22.141987+0800 ERROR second command M105
2025-04-11T12:16:22.141987+0800 ERROR finish command M105
2025-04-11T12:16:22.141987+0800 ERROR SENT: G250 S21
2025-04-11T12:16:22.141987+0800 ERROR write command G250 S21
2025-04-11T12:16:22.142987+0800 ERROR second command G250 S21
2025-04-11T12:16:22.142987+0800 ERROR finish command G250 S21
2025-04-11T12:16:22.142987+0800 ERROR SENT: G250 S800
2025-04-11T12:16:22.142987+0800 ERROR write command G250 S800
2025-04-11T12:16:22.142987+0800 ERROR second command G250 S800
2025-04-11T12:16:22.142987+0800 ERROR finish command G250 S800
2025-04-11T12:16:22.143987+0800 ERROR SENT: M154 S1
2025-04-11T12:16:22.143987+0800 ERROR write command M154 S1
2025-04-11T12:16:22.143987+0800 ERROR second command M154 S1
2025-04-11T12:16:22.143987+0800 ERROR finish command M154 S1
2025-04-11T12:16:26.010634+0800 ERROR SENT: M105
2025-04-11T12:16:26.010634+0800 ERROR write command M105
2025-04-11T12:16:26.010634+0800 ERROR second command M105
2025-04-11T12:16:26.010634+0800 ERROR finish command M105
2025-04-11T12:16:26.010634+0800 ERROR SENT: G250 S21
2025-04-11T12:16:26.011635+0800 ERROR write command G250 S21
2025-04-11T12:16:26.011635+0800 ERROR second command G250 S21
2025-04-11T12:16:26.011635+0800 ERROR finish command G250 S21
2025-04-11T12:16:26.011635+0800 ERROR SENT: G250 S800
2025-04-11T12:16:26.011635+0800 ERROR write command G250 S800
2025-04-11T12:16:26.011635+0800 ERROR second command G250 S800
2025-04-11T12:16:26.011635+0800 ERROR finish command G250 S800
2025-04-11T12:16:26.011635+0800 ERROR SENT: M154 S1
2025-04-11T12:16:26.012634+0800 ERROR write command M154 S1
2025-04-11T12:16:26.012634+0800 ERROR second command M154 S1
2025-04-11T12:16:26.012634+0800 ERROR finish command M154 S1
2025-04-11T12:16:29.828193+0800 ERROR SENT: M105
2025-04-11T12:16:29.828193+0800 ERROR write command M105
2025-04-11T12:16:29.828193+0800 ERROR second command M105
2025-04-11T12:16:29.828193+0800 ERROR finish command M105
2025-04-11T12:16:29.828193+0800 ERROR SENT: G250 S21
2025-04-11T12:16:29.829121+0800 ERROR write command G250 S21
2025-04-11T12:16:29.829121+0800 ERROR second command G250 S21
2025-04-11T12:16:29.829121+0800 ERROR finish command G250 S21
2025-04-11T12:16:29.829121+0800 ERROR SENT: G250 S800
2025-04-11T12:16:29.829121+0800 ERROR write command G250 S800
2025-04-11T12:16:29.829121+0800 ERROR second command G250 S800
2025-04-11T12:16:29.830121+0800 ERROR finish command G250 S800
2025-04-11T12:16:29.830121+0800 ERROR SENT: M154 S1
2025-04-11T12:16:29.830121+0800 ERROR write command M154 S1
2025-04-11T12:16:29.830121+0800 ERROR second command M154 S1
2025-04-11T12:16:29.831122+0800 ERROR finish command M154 S1
2025-04-11T12:16:33.726349+0800 ERROR SENT: M105
2025-04-11T12:16:33.726349+0800 ERROR write command M105
2025-04-11T12:16:33.726349+0800 ERROR second command M105
2025-04-11T12:16:33.727353+0800 ERROR finish command M105
2025-04-11T12:16:33.727353+0800 ERROR SENT: G250 S21
2025-04-11T12:16:33.727353+0800 ERROR write command G250 S21
2025-04-11T12:16:33.727353+0800 ERROR second command G250 S21
2025-04-11T12:16:33.727353+0800 ERROR finish command G250 S21
2025-04-11T12:16:33.727353+0800 ERROR SENT: G250 S800
2025-04-11T12:16:33.728349+0800 ERROR write command G250 S800
2025-04-11T12:16:33.728349+0800 ERROR second command G250 S800
2025-04-11T12:16:33.728349+0800 ERROR finish command G250 S800
2025-04-11T12:16:33.732349+0800 ERROR SENT: M154 S1
2025-04-11T12:16:33.732349+0800 ERROR write command M154 S1
2025-04-11T12:16:33.732349+0800 ERROR second command M154 S1
2025-04-11T12:16:33.732349+0800 ERROR finish command M154 S1
2025-04-11T12:16:37.646715+0800 ERROR SENT: M105
2025-04-11T12:16:37.646715+0800 ERROR write command M105
2025-04-11T12:16:37.647716+0800 ERROR second command M105
2025-04-11T12:16:37.647716+0800 ERROR finish command M105
2025-04-11T12:16:37.647716+0800 ERROR SENT: G250 S21
2025-04-11T12:16:37.648716+0800 ERROR write command G250 S21
2025-04-11T12:16:37.648716+0800 ERROR second command G250 S21
2025-04-11T12:16:37.648716+0800 ERROR finish command G250 S21
2025-04-11T12:16:37.649715+0800 ERROR SENT: G250 S800
2025-04-11T12:16:37.649715+0800 ERROR write command G250 S800
2025-04-11T12:16:37.649715+0800 ERROR second command G250 S800
2025-04-11T12:16:37.649715+0800 ERROR finish command G250 S800
2025-04-11T12:16:37.649715+0800 ERROR SENT: M154 S1
2025-04-11T12:16:37.650715+0800 ERROR write command M154 S1
2025-04-11T12:16:37.650715+0800 ERROR second command M154 S1
2025-04-11T12:16:37.650715+0800 ERROR finish command M154 S1
2025-04-11T12:16:41.630076+0800 ERROR SENT: M105
2025-04-11T12:16:41.630076+0800 ERROR write command M105
2025-04-11T12:16:41.631076+0800 ERROR second command M105
2025-04-11T12:16:41.631076+0800 ERROR finish command M105
2025-04-11T12:16:41.631076+0800 ERROR SENT: G250 S21
2025-04-11T12:16:41.631076+0800 ERROR write command G250 S21
2025-04-11T12:16:41.631076+0800 ERROR second command G250 S21
2025-04-11T12:16:41.631076+0800 ERROR finish command G250 S21
2025-04-11T12:16:41.632075+0800 ERROR SENT: G250 S800
2025-04-11T12:16:41.632075+0800 ERROR write command G250 S800
2025-04-11T12:16:41.632075+0800 ERROR second command G250 S800
2025-04-11T12:16:41.632075+0800 ERROR finish command G250 S800
2025-04-11T12:16:41.691077+0800 ERROR SENT: M154 S1
2025-04-11T12:16:41.691077+0800 ERROR write command M154 S1
2025-04-11T12:16:41.691077+0800 ERROR second command M154 S1
2025-04-11T12:16:41.691077+0800 ERROR finish command M154 S1
2025-04-11T12:16:45.641721+0800 ERROR SENT: M105
2025-04-11T12:16:45.641721+0800 ERROR write command M105
2025-04-11T12:16:45.642721+0800 ERROR second command M105
2025-04-11T12:16:45.642721+0800 ERROR finish command M105
2025-04-11T12:16:45.642721+0800 ERROR SENT: G250 S21
2025-04-11T12:16:45.642721+0800 ERROR write command G250 S21
2025-04-11T12:16:45.642721+0800 ERROR second command G250 S21
2025-04-11T12:16:45.642721+0800 ERROR finish command G250 S21
2025-04-11T12:16:45.642721+0800 ERROR SENT: G250 S800
2025-04-11T12:16:45.643721+0800 ERROR write command G250 S800
2025-04-11T12:16:45.643721+0800 ERROR second command G250 S800
2025-04-11T12:16:45.643721+0800 ERROR finish command G250 S800
2025-04-11T12:16:45.646721+0800 ERROR SENT: M154 S1
2025-04-11T12:16:45.647722+0800 ERROR write command M154 S1
2025-04-11T12:16:45.647722+0800 ERROR second command M154 S1
2025-04-11T12:16:45.647722+0800 ERROR finish command M154 S1
2025-04-11T12:16:49.796286+0800 ERROR SENT: M105
2025-04-11T12:16:49.796286+0800 ERROR write command M105
2025-04-11T12:16:49.797286+0800 ERROR second command M105
2025-04-11T12:16:49.797286+0800 ERROR finish command M105
2025-04-11T12:16:49.797286+0800 ERROR SENT: G250 S21
2025-04-11T12:16:49.797286+0800 ERROR write command G250 S21
2025-04-11T12:16:49.797286+0800 ERROR second command G250 S21
2025-04-11T12:16:49.798286+0800 ERROR finish command G250 S21
2025-04-11T12:16:49.798286+0800 ERROR SENT: G250 S800
2025-04-11T12:16:49.798286+0800 ERROR write command G250 S800
2025-04-11T12:16:49.798286+0800 ERROR second command G250 S800
2025-04-11T12:16:49.798286+0800 ERROR finish command G250 S800
2025-04-11T12:16:49.799286+0800 ERROR SENT: M154 S1
2025-04-11T12:16:49.799286+0800 ERROR write command M154 S1
2025-04-11T12:16:49.799286+0800 ERROR second command M154 S1
2025-04-11T12:16:49.799286+0800 ERROR finish command M154 S1
2025-04-11T12:16:53.827637+0800 ERROR SENT: M105
2025-04-11T12:16:53.828638+0800 ERROR write command M105
2025-04-11T12:16:53.828638+0800 ERROR second command M105
2025-04-11T12:16:53.828638+0800 ERROR finish command M105
2025-04-11T12:16:53.829638+0800 ERROR SENT: G250 S21
2025-04-11T12:16:53.829638+0800 ERROR write command G250 S21
2025-04-11T12:16:53.829638+0800 ERROR second command G250 S21
2025-04-11T12:16:53.829638+0800 ERROR finish command G250 S21
2025-04-11T12:16:53.829638+0800 ERROR SENT: G250 S800
2025-04-11T12:16:53.830638+0800 ERROR write command G250 S800
2025-04-11T12:16:53.831638+0800 ERROR second command G250 S800
2025-04-11T12:16:53.831638+0800 ERROR finish command G250 S800
2025-04-11T12:16:53.831638+0800 ERROR SENT: M154 S1
2025-04-11T12:16:53.831638+0800 ERROR write command M154 S1
2025-04-11T12:16:53.832637+0800 ERROR second command M154 S1
2025-04-11T12:16:53.832637+0800 ERROR finish command M154 S1
2025-04-11T12:16:57.768111+0800 ERROR SENT: M105
2025-04-11T12:16:57.769112+0800 ERROR write command M105
2025-04-11T12:16:57.769112+0800 ERROR second command M105
2025-04-11T12:16:57.769112+0800 ERROR finish command M105
2025-04-11T12:16:57.769112+0800 ERROR SENT: G250 S21
2025-04-11T12:16:57.769112+0800 ERROR write command G250 S21
2025-04-11T12:16:57.769112+0800 ERROR second command G250 S21
2025-04-11T12:16:57.769112+0800 ERROR finish command G250 S21
2025-04-11T12:16:57.770112+0800 ERROR SENT: G250 S800
2025-04-11T12:16:57.770112+0800 ERROR write command G250 S800
2025-04-11T12:16:57.770112+0800 ERROR second command G250 S800
2025-04-11T12:16:57.770112+0800 ERROR finish command G250 S800
2025-04-11T12:16:57.774112+0800 ERROR SENT: M154 S1
2025-04-11T12:16:57.774112+0800 ERROR write command M154 S1
2025-04-11T12:16:57.775111+0800 ERROR second command M154 S1
2025-04-11T12:16:57.775111+0800 ERROR finish command M154 S1
2025-04-11T12:17:01.627827+0800 ERROR SENT: M105
2025-04-11T12:17:01.627827+0800 ERROR write command M105
2025-04-11T12:17:01.627827+0800 ERROR second command M105
2025-04-11T12:17:01.627827+0800 ERROR finish command M105
2025-04-11T12:17:01.627827+0800 ERROR SENT: G250 S21
2025-04-11T12:17:01.627827+0800 ERROR write command G250 S21
2025-04-11T12:17:01.628828+0800 ERROR second command G250 S21
2025-04-11T12:17:01.628828+0800 ERROR finish command G250 S21
2025-04-11T12:17:01.628828+0800 ERROR SENT: G250 S800
2025-04-11T12:17:01.628828+0800 ERROR write command G250 S800
2025-04-11T12:17:01.629826+0800 ERROR second command G250 S800
2025-04-11T12:17:01.629826+0800 ERROR finish command G250 S800
2025-04-11T12:17:01.629826+0800 ERROR SENT: M154 S1
2025-04-11T12:17:01.629826+0800 ERROR write command M154 S1
2025-04-11T12:17:01.629826+0800 ERROR second command M154 S1
2025-04-11T12:17:01.629826+0800 ERROR finish command M154 S1
2025-04-11T12:17:05.625717+0800 ERROR SENT: M105
2025-04-11T12:17:05.625717+0800 ERROR write command M105
2025-04-11T12:17:05.626718+0800 ERROR second command M105
2025-04-11T12:17:05.626718+0800 ERROR finish command M105
2025-04-11T12:17:05.626718+0800 ERROR SENT: G250 S21
2025-04-11T12:17:05.626718+0800 ERROR write command G250 S21
2025-04-11T12:17:05.626718+0800 ERROR second command G250 S21
2025-04-11T12:17:05.626718+0800 ERROR finish command G250 S21
2025-04-11T12:17:05.626718+0800 ERROR SENT: G250 S800
2025-04-11T12:17:05.627719+0800 ERROR write command G250 S800
2025-04-11T12:17:05.627719+0800 ERROR second command G250 S800
2025-04-11T12:17:05.627719+0800 ERROR finish command G250 S800
2025-04-11T12:17:05.627719+0800 ERROR SENT: M154 S1
2025-04-11T12:17:05.627719+0800 ERROR write command M154 S1
2025-04-11T12:17:05.627719+0800 ERROR second command M154 S1
2025-04-11T12:17:05.627719+0800 ERROR finish command M154 S1
2025-04-11T12:17:09.552298+0800 ERROR SENT: M105
2025-04-11T12:17:09.552298+0800 ERROR write command M105
2025-04-11T12:17:09.552298+0800 ERROR second command M105
2025-04-11T12:17:09.553298+0800 ERROR finish command M105
2025-04-11T12:17:09.553298+0800 ERROR SENT: G250 S21
2025-04-11T12:17:09.553298+0800 ERROR write command G250 S21
2025-04-11T12:17:09.553298+0800 ERROR second command G250 S21
2025-04-11T12:17:09.553298+0800 ERROR finish command G250 S21
2025-04-11T12:17:09.553298+0800 ERROR SENT: G250 S800
2025-04-11T12:17:09.554298+0800 ERROR write command G250 S800
2025-04-11T12:17:09.554298+0800 ERROR second command G250 S800
2025-04-11T12:17:09.554298+0800 ERROR finish command G250 S800
2025-04-11T12:17:09.554298+0800 ERROR SENT: M154 S1
2025-04-11T12:17:09.554298+0800 ERROR write command M154 S1
2025-04-11T12:17:09.554298+0800 ERROR second command M154 S1
2025-04-11T12:17:09.554298+0800 ERROR finish command M154 S1
