2025-05-20T09:54:21.996097+0800 INFO L109 time:2025/05/20 09:54:21#./GCODE/100方块.gcode#
2025-05-20T09:54:21.996097+0800 INFO Not connected to printer.
2025-05-20T09:54:25.227163+0800 ERROR SENT: G250 S31
2025-05-20T09:54:25.227163+0800 ERROR write command G250 S31
2025-05-20T09:54:25.227163+0800 ERROR socket error Attempting to use a port that is not opencommand G250 S31
2025-05-20T09:54:25.229686+0800 ERROR Can't write to printer (disconnected ?):
Traceback (most recent call last):
  File "D:\INLONG20250501301\printcore.py", line 944, in _send
    self.printer.write((command_temp + "\n").encode('gbk'))
  File "D:\INLONG2025050801\.venv\lib\site-packages\serial\serialwin32.py", line 306, in write
    raise PortNotOpenError()
serial.serialutil.PortNotOpenError: Attempting to use a port that is not open

2025-05-20T09:54:25.230694+0800 INFO M257 S1
2025-05-20T09:54:25.230694+0800 INFO Not connected to printer.
2025-05-20T09:54:25.230694+0800 INFO L110 S81
2025-05-20T09:54:25.230694+0800 INFO Not connected to printer.
2025-05-20T09:54:36.650644+0800 INFO G250 S888

2025-05-20T09:54:36.650644+0800 INFO Not connected to printer.
2025-05-20T09:54:36.650644+0800 INFO M257 S0
2025-05-20T09:54:36.651640+0800 INFO Not connected to printer.
2025-05-20T09:54:40.102161+0800 INFO L109
2025-05-20T09:54:40.102161+0800 INFO Not connected to printer.
2025-05-20T09:54:40.102161+0800 INFO M109 S0
2025-05-20T09:54:40.102161+0800 INFO Not connected to printer.
2025-05-20T09:54:40.102161+0800 INFO M257 S1
2025-05-20T09:54:40.102161+0800 INFO Not connected to printer.
2025-05-20T09:54:42.029689+0800 INFO G250 S888

2025-05-20T09:54:42.029689+0800 INFO Not connected to printer.
2025-05-20T09:54:42.030691+0800 INFO M257 S0
2025-05-20T09:54:42.030691+0800 INFO Not connected to printer.
2025-05-20T09:54:45.005426+0800 INFO L109
2025-05-20T09:54:45.006434+0800 INFO Not connected to printer.
2025-05-20T09:54:45.006434+0800 INFO M109 S0
2025-05-20T09:54:45.006434+0800 INFO Not connected to printer.
2025-05-20T09:54:45.006434+0800 INFO M257 S1
2025-05-20T09:54:45.006434+0800 INFO Not connected to printer.
2025-05-20T09:54:47.198842+0800 INFO G250 S888

2025-05-20T09:54:47.198842+0800 INFO Not connected to printer.
2025-05-20T09:54:47.198842+0800 INFO M257 S0
2025-05-20T09:54:47.199837+0800 INFO Not connected to printer.
2025-05-20T09:54:49.637648+0800 INFO L109
2025-05-20T09:54:49.638651+0800 INFO Not connected to printer.
2025-05-20T09:54:49.638651+0800 INFO M109 S0
2025-05-20T09:54:49.638651+0800 INFO Not connected to printer.
2025-05-20T09:54:49.638651+0800 INFO M257 S1
2025-05-20T09:54:49.638651+0800 INFO Not connected to printer.
2025-05-20T09:54:52.022757+0800 INFO G250 S888

2025-05-20T09:54:52.022757+0800 INFO Not connected to printer.
2025-05-20T09:54:52.022757+0800 INFO M257 S0
2025-05-20T09:54:52.023757+0800 INFO Not connected to printer.
2025-05-20T09:54:53.601617+0800 INFO L109
2025-05-20T09:54:53.602634+0800 INFO Not connected to printer.
2025-05-20T09:54:53.602634+0800 INFO M109 S0
2025-05-20T09:54:53.602634+0800 INFO Not connected to printer.
2025-05-20T09:54:53.602634+0800 INFO M257 S1
2025-05-20T09:54:53.602634+0800 INFO Not connected to printer.
2025-05-20T09:54:56.454466+0800 INFO G250 S888

2025-05-20T09:54:56.454466+0800 INFO Not connected to printer.
2025-05-20T09:54:56.454466+0800 INFO M257 S0
2025-05-20T09:54:56.454466+0800 INFO Not connected to printer.
2025-05-20T09:54:58.592636+0800 INFO L109
2025-05-20T09:54:58.595634+0800 INFO Not connected to printer.
2025-05-20T09:54:58.596634+0800 INFO M109 S0
2025-05-20T09:54:58.596634+0800 INFO Not connected to printer.
2025-05-20T09:54:58.596634+0800 INFO M257 S1
2025-05-20T09:54:58.596634+0800 INFO Not connected to printer.
2025-05-20T09:55:01.769328+0800 INFO G250 S888

2025-05-20T09:55:01.769328+0800 INFO Not connected to printer.
2025-05-20T09:55:01.770332+0800 INFO M257 S0
2025-05-20T09:55:01.770332+0800 INFO Not connected to printer.
2025-05-20T09:55:07.846484+0800 INFO L109
2025-05-20T09:55:07.846484+0800 INFO Not connected to printer.
2025-05-20T09:55:07.846484+0800 INFO M109 S0
2025-05-20T09:55:07.846484+0800 INFO Not connected to printer.
2025-05-20T09:55:07.846484+0800 INFO M257 S1
2025-05-20T09:55:07.846484+0800 INFO Not connected to printer.
