2025-05-14T09:37:17.193395+0800 INFO G91
2025-05-14T09:37:17.193395+0800 INFO Not connected to printer.
2025-05-14T09:37:17.194397+0800 INFO L1 X-0.1 FFalse
2025-05-14T09:37:17.194397+0800 INFO Not connected to printer.
2025-05-14T09:37:17.199395+0800 INFO G90
2025-05-14T09:37:17.199395+0800 INFO Not connected to printer.
2025-05-14T09:37:17.542846+0800 INFO G91
2025-05-14T09:37:17.543846+0800 INFO Not connected to printer.
2025-05-14T09:37:17.543846+0800 INFO L1 X-0.1 FFalse
2025-05-14T09:37:17.543846+0800 INFO Not connected to printer.
2025-05-14T09:37:17.543846+0800 INFO G90
2025-05-14T09:37:17.543846+0800 INFO Not connected to printer.
2025-05-14T09:37:18.140613+0800 INFO G91
2025-05-14T09:37:18.140613+0800 INFO Not connected to printer.
2025-05-14T09:37:18.140613+0800 INFO L1 X0.1 F3000
2025-05-14T09:37:18.140613+0800 INFO Not connected to printer.
2025-05-14T09:37:18.141618+0800 INFO G90
2025-05-14T09:37:18.141618+0800 INFO Not connected to printer.
2025-05-14T09:37:18.347342+0800 INFO G91
2025-05-14T09:37:18.347342+0800 INFO Not connected to printer.
2025-05-14T09:37:18.347342+0800 INFO L1 X0.1 F3000
2025-05-14T09:37:18.347342+0800 INFO Not connected to printer.
2025-05-14T09:37:18.347342+0800 INFO G90
2025-05-14T09:37:18.347342+0800 INFO Not connected to printer.
2025-05-14T09:37:19.010382+0800 INFO G91
2025-05-14T09:37:19.010382+0800 INFO Not connected to printer.
2025-05-14T09:37:19.010382+0800 INFO L1 Y0.1 F3000
2025-05-14T09:37:19.011383+0800 INFO Not connected to printer.
2025-05-14T09:37:19.011383+0800 INFO G90
2025-05-14T09:37:19.011383+0800 INFO Not connected to printer.
2025-05-14T09:37:19.197044+0800 INFO G91
2025-05-14T09:37:19.198035+0800 INFO Not connected to printer.
2025-05-14T09:37:19.198035+0800 INFO L1 Y0.1 F3000
2025-05-14T09:37:19.198035+0800 INFO Not connected to printer.
2025-05-14T09:37:19.198035+0800 INFO G90
2025-05-14T09:37:19.198035+0800 INFO Not connected to printer.
2025-05-14T09:37:20.700225+0800 INFO M290 Z0.1
2025-05-14T09:37:20.700225+0800 INFO Not connected to printer.
2025-05-14T09:37:21.333203+0800 INFO M290 Z-0.1
2025-05-14T09:37:21.333203+0800 INFO Not connected to printer.
2025-05-14T09:37:24.466781+0800 INFO M290 Z0.1
2025-05-14T09:37:24.466781+0800 INFO Not connected to printer.
2025-05-14T09:37:24.652518+0800 INFO M290 Z0.1
2025-05-14T09:37:24.653517+0800 INFO Not connected to printer.
2025-05-14T09:37:24.827603+0800 INFO M290 Z0.1
2025-05-14T09:37:24.827603+0800 INFO Not connected to printer.
