2025-04-11T11:59:31.553767+0800 INFO 设备已成功连接
2025-04-11T11:59:31.553767+0800 ERROR SENT: M105
2025-04-11T11:59:31.553767+0800 ERROR write command M105
2025-04-11T11:59:31.554768+0800 ERROR second command M105
2025-04-11T11:59:31.554768+0800 ERROR finish command M105
2025-04-11T11:59:31.554768+0800 ERROR SENT: G250 S21
2025-04-11T11:59:31.554768+0800 ERROR write command G250 S21
2025-04-11T11:59:31.555767+0800 ERROR second command G250 S21
2025-04-11T11:59:31.555767+0800 ERROR finish command G250 S21
2025-04-11T11:59:31.555767+0800 ERROR SENT: G250 S800
2025-04-11T11:59:31.556768+0800 ERROR write command G250 S800
2025-04-11T11:59:31.556768+0800 ERROR second command G250 S800
2025-04-11T11:59:31.556768+0800 ERROR finish command G250 S800
2025-04-11T11:59:31.556768+0800 ERROR SENT: M154 S1
2025-04-11T11:59:31.557768+0800 ERROR write command M154 S1
2025-04-11T11:59:31.557768+0800 ERROR second command M154 S1
2025-04-11T11:59:31.557768+0800 ERROR finish command M154 S1
2025-04-11T11:59:35.423552+0800 ERROR SENT: M105
2025-04-11T11:59:35.423552+0800 ERROR write command M105
2025-04-11T11:59:35.423552+0800 ERROR second command M105
2025-04-11T11:59:35.423552+0800 ERROR finish command M105
2025-04-11T11:59:35.424555+0800 ERROR SENT: G250 S21
2025-04-11T11:59:35.424555+0800 ERROR write command G250 S21
2025-04-11T11:59:35.424555+0800 ERROR second command G250 S21
2025-04-11T11:59:35.424555+0800 ERROR finish command G250 S21
2025-04-11T11:59:35.424555+0800 ERROR SENT: G250 S800
2025-04-11T11:59:35.424555+0800 ERROR write command G250 S800
2025-04-11T11:59:35.424555+0800 ERROR second command G250 S800
2025-04-11T11:59:35.424555+0800 ERROR finish command G250 S800
2025-04-11T11:59:35.425554+0800 ERROR SENT: M154 S1
2025-04-11T11:59:35.425554+0800 ERROR write command M154 S1
2025-04-11T11:59:35.425554+0800 ERROR second command M154 S1
2025-04-11T11:59:35.425554+0800 ERROR finish command M154 S1
2025-04-11T11:59:39.798611+0800 ERROR SENT: M105
2025-04-11T11:59:39.798611+0800 ERROR write command M105
2025-04-11T11:59:39.798611+0800 ERROR second command M105
2025-04-11T11:59:39.798611+0800 ERROR finish command M105
2025-04-11T11:59:39.799609+0800 ERROR SENT: G250 S21
2025-04-11T11:59:39.799609+0800 ERROR write command G250 S21
2025-04-11T11:59:39.799609+0800 ERROR second command G250 S21
2025-04-11T11:59:39.799609+0800 ERROR finish command G250 S21
2025-04-11T11:59:39.799609+0800 ERROR SENT: G250 S800
2025-04-11T11:59:39.799609+0800 ERROR write command G250 S800
2025-04-11T11:59:39.799609+0800 ERROR second command G250 S800
2025-04-11T11:59:39.800608+0800 ERROR finish command G250 S800
2025-04-11T11:59:39.800608+0800 ERROR SENT: M154 S1
2025-04-11T11:59:39.800608+0800 ERROR write command M154 S1
2025-04-11T11:59:39.800608+0800 ERROR second command M154 S1
2025-04-11T11:59:39.800608+0800 ERROR finish command M154 S1
2025-04-11T11:59:43.612794+0800 ERROR SENT: M105
2025-04-11T11:59:43.612794+0800 ERROR write command M105
2025-04-11T11:59:43.612794+0800 ERROR second command M105
2025-04-11T11:59:43.613794+0800 ERROR finish command M105
2025-04-11T11:59:43.613794+0800 ERROR SENT: G250 S21
2025-04-11T11:59:43.613794+0800 ERROR write command G250 S21
2025-04-11T11:59:43.613794+0800 ERROR second command G250 S21
2025-04-11T11:59:43.613794+0800 ERROR finish command G250 S21
2025-04-11T11:59:43.613794+0800 ERROR SENT: G250 S800
2025-04-11T11:59:43.613794+0800 ERROR write command G250 S800
2025-04-11T11:59:43.614794+0800 ERROR second command G250 S800
2025-04-11T11:59:43.614794+0800 ERROR finish command G250 S800
2025-04-11T11:59:43.614794+0800 ERROR SENT: M154 S1
2025-04-11T11:59:43.614794+0800 ERROR write command M154 S1
2025-04-11T11:59:43.614794+0800 ERROR second command M154 S1
2025-04-11T11:59:43.614794+0800 ERROR finish command M154 S1
2025-04-11T11:59:47.490143+0800 ERROR SENT: M105
2025-04-11T11:59:47.490143+0800 ERROR write command M105
2025-04-11T11:59:47.490143+0800 ERROR second command M105
2025-04-11T11:59:47.491067+0800 ERROR finish command M105
2025-04-11T11:59:47.491067+0800 ERROR SENT: G250 S21
2025-04-11T11:59:47.491067+0800 ERROR write command G250 S21
2025-04-11T11:59:47.491067+0800 ERROR second command G250 S21
2025-04-11T11:59:47.491067+0800 ERROR finish command G250 S21
2025-04-11T11:59:47.491067+0800 ERROR SENT: G250 S800
2025-04-11T11:59:47.491067+0800 ERROR write command G250 S800
2025-04-11T11:59:47.491067+0800 ERROR second command G250 S800
2025-04-11T11:59:47.491067+0800 ERROR finish command G250 S800
2025-04-11T11:59:47.491067+0800 ERROR SENT: M154 S1
2025-04-11T11:59:47.492067+0800 ERROR write command M154 S1
2025-04-11T11:59:47.492067+0800 ERROR second command M154 S1
2025-04-11T11:59:47.492067+0800 ERROR finish command M154 S1
2025-04-11T11:59:49.511366+0800 INFO L110 S61
2025-04-11T11:59:49.511366+0800 INFO Not connected to printer.
2025-04-11T11:59:49.511366+0800 INFO L110 S61
2025-04-11T11:59:49.512365+0800 INFO Not connected to printer.
2025-04-11T11:59:49.512365+0800 INFO L110 S61
2025-04-11T11:59:49.512365+0800 INFO Not connected to printer.
2025-04-11T11:59:50.112365+0800 INFO L110 S60
2025-04-11T11:59:50.112365+0800 INFO Not connected to printer.
2025-04-11T11:59:50.112365+0800 INFO L110 S60
2025-04-11T11:59:50.112365+0800 INFO Not connected to printer.
2025-04-11T11:59:50.112365+0800 INFO L110 S60
2025-04-11T11:59:50.112365+0800 INFO Not connected to printer.
2025-04-11T11:59:51.307364+0800 ERROR SENT: M105
2025-04-11T11:59:51.307364+0800 ERROR write command M105
2025-04-11T11:59:51.307364+0800 ERROR second command M105
2025-04-11T11:59:51.308363+0800 ERROR finish command M105
2025-04-11T11:59:51.308363+0800 ERROR SENT: G250 S21
2025-04-11T11:59:51.308363+0800 ERROR write command G250 S21
2025-04-11T11:59:51.308363+0800 ERROR second command G250 S21
2025-04-11T11:59:51.308363+0800 ERROR finish command G250 S21
2025-04-11T11:59:51.308363+0800 ERROR SENT: G250 S800
2025-04-11T11:59:51.308363+0800 ERROR write command G250 S800
2025-04-11T11:59:51.308363+0800 ERROR second command G250 S800
2025-04-11T11:59:51.308363+0800 ERROR finish command G250 S800
2025-04-11T11:59:51.309363+0800 ERROR SENT: M154 S1
2025-04-11T11:59:51.309363+0800 ERROR write command M154 S1
2025-04-11T11:59:51.309363+0800 ERROR second command M154 S1
2025-04-11T11:59:51.309363+0800 ERROR finish command M154 S1
2025-04-11T11:59:55.139286+0800 ERROR SENT: M105
2025-04-11T11:59:55.139286+0800 ERROR write command M105
2025-04-11T11:59:55.139286+0800 ERROR second command M105
2025-04-11T11:59:55.139286+0800 ERROR finish command M105
2025-04-11T11:59:55.139286+0800 ERROR SENT: G250 S21
2025-04-11T11:59:55.139286+0800 ERROR write command G250 S21
2025-04-11T11:59:55.139286+0800 ERROR second command G250 S21
2025-04-11T11:59:55.139286+0800 ERROR finish command G250 S21
2025-04-11T11:59:55.140278+0800 ERROR SENT: G250 S800
2025-04-11T11:59:55.140278+0800 ERROR write command G250 S800
2025-04-11T11:59:55.140278+0800 ERROR second command G250 S800
2025-04-11T11:59:55.140278+0800 ERROR finish command G250 S800
2025-04-11T11:59:55.140278+0800 ERROR SENT: M154 S1
2025-04-11T11:59:55.140278+0800 ERROR write command M154 S1
2025-04-11T11:59:55.140278+0800 ERROR second command M154 S1
2025-04-11T11:59:55.141276+0800 ERROR finish command M154 S1
2025-04-11T11:59:59.061728+0800 ERROR SENT: M105
2025-04-11T11:59:59.061728+0800 ERROR write command M105
2025-04-11T11:59:59.062722+0800 ERROR second command M105
2025-04-11T11:59:59.062722+0800 ERROR finish command M105
2025-04-11T11:59:59.062722+0800 ERROR SENT: G250 S21
2025-04-11T11:59:59.062722+0800 ERROR write command G250 S21
2025-04-11T11:59:59.063722+0800 ERROR second command G250 S21
2025-04-11T11:59:59.063722+0800 ERROR finish command G250 S21
2025-04-11T11:59:59.063722+0800 ERROR SENT: G250 S800
2025-04-11T11:59:59.063722+0800 ERROR write command G250 S800
2025-04-11T11:59:59.063722+0800 ERROR second command G250 S800
2025-04-11T11:59:59.063722+0800 ERROR finish command G250 S800
2025-04-11T11:59:59.064723+0800 ERROR SENT: M154 S1
2025-04-11T11:59:59.064723+0800 ERROR write command M154 S1
2025-04-11T11:59:59.064723+0800 ERROR second command M154 S1
2025-04-11T11:59:59.064723+0800 ERROR finish command M154 S1
2025-04-11T12:00:02.942496+0800 ERROR SENT: M105
2025-04-11T12:00:02.942496+0800 ERROR write command M105
2025-04-11T12:00:02.942496+0800 ERROR second command M105
2025-04-11T12:00:02.943496+0800 ERROR finish command M105
2025-04-11T12:00:02.943496+0800 ERROR SENT: G250 S21
2025-04-11T12:00:02.943496+0800 ERROR write command G250 S21
2025-04-11T12:00:02.943496+0800 ERROR second command G250 S21
2025-04-11T12:00:02.944497+0800 ERROR finish command G250 S21
2025-04-11T12:00:02.944497+0800 ERROR SENT: G250 S800
2025-04-11T12:00:02.944497+0800 ERROR write command G250 S800
2025-04-11T12:00:02.944497+0800 ERROR second command G250 S800
2025-04-11T12:00:02.944497+0800 ERROR finish command G250 S800
2025-04-11T12:00:02.945497+0800 ERROR SENT: M154 S1
2025-04-11T12:00:02.945497+0800 ERROR write command M154 S1
2025-04-11T12:00:02.945497+0800 ERROR second command M154 S1
2025-04-11T12:00:02.945497+0800 ERROR finish command M154 S1
2025-04-11T12:00:06.805855+0800 ERROR SENT: M105
2025-04-11T12:00:06.805855+0800 ERROR write command M105
2025-04-11T12:00:06.805855+0800 ERROR second command M105
2025-04-11T12:00:06.806854+0800 ERROR finish command M105
2025-04-11T12:00:06.806854+0800 ERROR SENT: G250 S21
2025-04-11T12:00:06.806854+0800 ERROR write command G250 S21
2025-04-11T12:00:06.806854+0800 ERROR second command G250 S21
2025-04-11T12:00:06.806854+0800 ERROR finish command G250 S21
2025-04-11T12:00:06.806854+0800 ERROR SENT: G250 S800
2025-04-11T12:00:06.807852+0800 ERROR write command G250 S800
2025-04-11T12:00:06.807852+0800 ERROR second command G250 S800
2025-04-11T12:00:06.807852+0800 ERROR finish command G250 S800
2025-04-11T12:00:06.807852+0800 ERROR SENT: M154 S1
2025-04-11T12:00:06.807852+0800 ERROR write command M154 S1
2025-04-11T12:00:06.807852+0800 ERROR second command M154 S1
2025-04-11T12:00:06.807852+0800 ERROR finish command M154 S1
2025-04-11T12:00:10.658018+0800 ERROR SENT: M105
2025-04-11T12:00:10.658018+0800 ERROR write command M105
2025-04-11T12:00:10.658018+0800 ERROR second command M105
2025-04-11T12:00:10.659019+0800 ERROR finish command M105
2025-04-11T12:00:10.659019+0800 ERROR SENT: G250 S21
2025-04-11T12:00:10.659019+0800 ERROR write command G250 S21
2025-04-11T12:00:10.659019+0800 ERROR second command G250 S21
2025-04-11T12:00:10.659019+0800 ERROR finish command G250 S21
2025-04-11T12:00:10.659019+0800 ERROR SENT: G250 S800
2025-04-11T12:00:10.659019+0800 ERROR write command G250 S800
2025-04-11T12:00:10.659019+0800 ERROR second command G250 S800
2025-04-11T12:00:10.660018+0800 ERROR finish command G250 S800
2025-04-11T12:00:10.660018+0800 ERROR SENT: M154 S1
2025-04-11T12:00:10.660018+0800 ERROR write command M154 S1
2025-04-11T12:00:10.660018+0800 ERROR second command M154 S1
2025-04-11T12:00:10.660018+0800 ERROR finish command M154 S1
2025-04-11T12:00:14.463451+0800 ERROR SENT: M105
2025-04-11T12:00:14.463451+0800 ERROR write command M105
2025-04-11T12:00:14.463451+0800 ERROR second command M105
2025-04-11T12:00:14.464372+0800 ERROR finish command M105
2025-04-11T12:00:14.464372+0800 ERROR SENT: G250 S21
2025-04-11T12:00:14.464372+0800 ERROR write command G250 S21
2025-04-11T12:00:14.464372+0800 ERROR second command G250 S21
2025-04-11T12:00:14.464372+0800 ERROR finish command G250 S21
2025-04-11T12:00:14.464372+0800 ERROR SENT: G250 S800
2025-04-11T12:00:14.464372+0800 ERROR write command G250 S800
2025-04-11T12:00:14.464372+0800 ERROR second command G250 S800
2025-04-11T12:00:14.464372+0800 ERROR finish command G250 S800
2025-04-11T12:00:14.464372+0800 ERROR SENT: M154 S1
2025-04-11T12:00:14.465372+0800 ERROR write command M154 S1
2025-04-11T12:00:14.465372+0800 ERROR second command M154 S1
2025-04-11T12:00:14.465372+0800 ERROR finish command M154 S1
2025-04-11T12:00:18.334104+0800 ERROR SENT: M105
2025-04-11T12:00:18.334104+0800 ERROR write command M105
2025-04-11T12:00:18.334104+0800 ERROR second command M105
2025-04-11T12:00:18.334104+0800 ERROR finish command M105
2025-04-11T12:00:18.335036+0800 ERROR SENT: G250 S21
2025-04-11T12:00:18.335036+0800 ERROR write command G250 S21
2025-04-11T12:00:18.335036+0800 ERROR second command G250 S21
2025-04-11T12:00:18.335036+0800 ERROR finish command G250 S21
2025-04-11T12:00:18.335036+0800 ERROR SENT: G250 S800
2025-04-11T12:00:18.335036+0800 ERROR write command G250 S800
2025-04-11T12:00:18.335036+0800 ERROR second command G250 S800
2025-04-11T12:00:18.335036+0800 ERROR finish command G250 S800
2025-04-11T12:00:18.335036+0800 ERROR SENT: M154 S1
2025-04-11T12:00:18.336036+0800 ERROR write command M154 S1
2025-04-11T12:00:18.336036+0800 ERROR second command M154 S1
2025-04-11T12:00:18.336036+0800 ERROR finish command M154 S1
2025-04-11T12:00:22.243429+0800 ERROR SENT: M105
2025-04-11T12:00:22.243429+0800 ERROR write command M105
2025-04-11T12:00:22.243429+0800 ERROR second command M105
2025-04-11T12:00:22.244430+0800 ERROR finish command M105
2025-04-11T12:00:22.244430+0800 ERROR SENT: G250 S21
2025-04-11T12:00:22.244430+0800 ERROR write command G250 S21
2025-04-11T12:00:22.244430+0800 ERROR second command G250 S21
2025-04-11T12:00:22.244430+0800 ERROR finish command G250 S21
2025-04-11T12:00:22.244430+0800 ERROR SENT: G250 S800
2025-04-11T12:00:22.244430+0800 ERROR write command G250 S800
2025-04-11T12:00:22.245429+0800 ERROR second command G250 S800
2025-04-11T12:00:22.245429+0800 ERROR finish command G250 S800
2025-04-11T12:00:22.245429+0800 ERROR SENT: M154 S1
2025-04-11T12:00:22.245429+0800 ERROR write command M154 S1
2025-04-11T12:00:22.245429+0800 ERROR second command M154 S1
2025-04-11T12:00:22.245429+0800 ERROR finish command M154 S1
2025-04-11T12:00:26.101671+0800 ERROR SENT: M105
2025-04-11T12:00:26.102671+0800 ERROR write command M105
2025-04-11T12:00:26.102671+0800 ERROR second command M105
2025-04-11T12:00:26.102671+0800 ERROR finish command M105
2025-04-11T12:00:26.102671+0800 ERROR SENT: G250 S21
2025-04-11T12:00:26.103671+0800 ERROR write command G250 S21
2025-04-11T12:00:26.103671+0800 ERROR second command G250 S21
2025-04-11T12:00:26.103671+0800 ERROR finish command G250 S21
2025-04-11T12:00:26.103671+0800 ERROR SENT: G250 S800
2025-04-11T12:00:26.104671+0800 ERROR write command G250 S800
2025-04-11T12:00:26.104671+0800 ERROR second command G250 S800
2025-04-11T12:00:26.104671+0800 ERROR finish command G250 S800
2025-04-11T12:00:26.104671+0800 ERROR SENT: M154 S1
2025-04-11T12:00:26.104671+0800 ERROR write command M154 S1
2025-04-11T12:00:26.105671+0800 ERROR second command M154 S1
2025-04-11T12:00:26.105671+0800 ERROR finish command M154 S1
2025-04-11T12:00:30.032901+0800 ERROR SENT: M105
2025-04-11T12:00:30.032901+0800 ERROR write command M105
2025-04-11T12:00:30.032901+0800 ERROR second command M105
2025-04-11T12:00:30.033900+0800 ERROR finish command M105
2025-04-11T12:00:30.033900+0800 ERROR SENT: G250 S21
2025-04-11T12:00:30.033900+0800 ERROR write command G250 S21
2025-04-11T12:00:30.033900+0800 ERROR second command G250 S21
2025-04-11T12:00:30.034899+0800 ERROR finish command G250 S21
2025-04-11T12:00:30.034899+0800 ERROR SENT: G250 S800
2025-04-11T12:00:30.034899+0800 ERROR write command G250 S800
2025-04-11T12:00:30.034899+0800 ERROR second command G250 S800
2025-04-11T12:00:30.035900+0800 ERROR finish command G250 S800
2025-04-11T12:00:30.035900+0800 ERROR SENT: M154 S1
2025-04-11T12:00:30.035900+0800 ERROR write command M154 S1
2025-04-11T12:00:30.035900+0800 ERROR second command M154 S1
2025-04-11T12:00:30.035900+0800 ERROR finish command M154 S1
2025-04-11T12:00:33.925039+0800 ERROR SENT: M105
2025-04-11T12:00:33.925039+0800 ERROR write command M105
2025-04-11T12:00:33.925039+0800 ERROR second command M105
2025-04-11T12:00:33.925943+0800 ERROR finish command M105
2025-04-11T12:00:33.925943+0800 ERROR SENT: G250 S21
2025-04-11T12:00:33.925943+0800 ERROR write command G250 S21
2025-04-11T12:00:33.925943+0800 ERROR second command G250 S21
2025-04-11T12:00:33.925943+0800 ERROR finish command G250 S21
2025-04-11T12:00:33.925943+0800 ERROR SENT: G250 S800
2025-04-11T12:00:33.925943+0800 ERROR write command G250 S800
2025-04-11T12:00:33.925943+0800 ERROR second command G250 S800
2025-04-11T12:00:33.925943+0800 ERROR finish command G250 S800
2025-04-11T12:00:33.925943+0800 ERROR SENT: M154 S1
2025-04-11T12:00:33.926943+0800 ERROR write command M154 S1
2025-04-11T12:00:33.926943+0800 ERROR second command M154 S1
2025-04-11T12:00:33.926943+0800 ERROR finish command M154 S1
2025-04-11T12:00:37.787262+0800 ERROR SENT: M105
2025-04-11T12:00:37.787262+0800 ERROR write command M105
2025-04-11T12:00:37.787262+0800 ERROR second command M105
2025-04-11T12:00:37.788261+0800 ERROR finish command M105
2025-04-11T12:00:37.788261+0800 ERROR SENT: G250 S21
2025-04-11T12:00:37.788261+0800 ERROR write command G250 S21
2025-04-11T12:00:37.788261+0800 ERROR second command G250 S21
2025-04-11T12:00:37.788261+0800 ERROR finish command G250 S21
2025-04-11T12:00:37.789261+0800 ERROR SENT: G250 S800
2025-04-11T12:00:37.789261+0800 ERROR write command G250 S800
2025-04-11T12:00:37.789261+0800 ERROR second command G250 S800
2025-04-11T12:00:37.789261+0800 ERROR finish command G250 S800
2025-04-11T12:00:37.789261+0800 ERROR SENT: M154 S1
2025-04-11T12:00:37.789261+0800 ERROR write command M154 S1
2025-04-11T12:00:37.790261+0800 ERROR second command M154 S1
2025-04-11T12:00:37.790261+0800 ERROR finish command M154 S1
2025-04-11T12:00:41.629885+0800 ERROR SENT: M105
2025-04-11T12:00:41.629885+0800 ERROR write command M105
2025-04-11T12:00:41.629885+0800 ERROR second command M105
2025-04-11T12:00:41.629885+0800 ERROR finish command M105
2025-04-11T12:00:41.630884+0800 ERROR SENT: G250 S21
2025-04-11T12:00:41.630884+0800 ERROR write command G250 S21
2025-04-11T12:00:41.630884+0800 ERROR second command G250 S21
2025-04-11T12:00:41.630884+0800 ERROR finish command G250 S21
2025-04-11T12:00:41.630884+0800 ERROR SENT: G250 S800
2025-04-11T12:00:41.630884+0800 ERROR write command G250 S800
2025-04-11T12:00:41.630884+0800 ERROR second command G250 S800
2025-04-11T12:00:41.630884+0800 ERROR finish command G250 S800
2025-04-11T12:00:41.630884+0800 ERROR SENT: M154 S1
2025-04-11T12:00:41.631884+0800 ERROR write command M154 S1
2025-04-11T12:00:41.631884+0800 ERROR second command M154 S1
2025-04-11T12:00:41.631884+0800 ERROR finish command M154 S1
