2025-04-06T21:43:04.136792+0800 INFO 设备已成功连接
2025-04-06T21:43:04.137795+0800 ERROR SENT: M105
2025-04-06T21:43:04.137795+0800 ERROR write command M105
2025-04-06T21:43:04.137795+0800 ERROR second command M105
2025-04-06T21:43:04.619410+0800 ERROR finish command M105
2025-04-06T21:43:04.620411+0800 ERROR SENT: G250 S21
2025-04-06T21:43:04.620411+0800 ERROR write command G250 S21
2025-04-06T21:43:04.620411+0800 ERROR second command G250 S21
2025-04-06T21:43:04.621412+0800 ERROR finish command G250 S21
2025-04-06T21:43:04.621412+0800 ERROR SENT: G250 S800
2025-04-06T21:43:04.621412+0800 ERROR write command G250 S800
2025-04-06T21:43:04.621412+0800 ERROR second command G250 S800
2025-04-06T21:43:04.622411+0800 ERROR finish command G250 S800
2025-04-06T21:43:04.622411+0800 ERROR SENT: M154 S1
2025-04-06T21:43:04.622411+0800 ERROR write command M154 S1
2025-04-06T21:43:04.622411+0800 ERROR second command M154 S1
2025-04-06T21:43:04.622411+0800 ERROR finish command M154 S1
2025-04-06T21:43:04.623411+0800 ERROR SENT: 2025-04-06 21:43:04
2025-04-06T21:43:04.623411+0800 ERROR write command 2025-04-06 21:43:04
2025-04-06T21:43:04.623411+0800 ERROR second command 2025-04-06 21:43:04
2025-04-06T21:43:04.623411+0800 ERROR finish command 2025-04-06 21:43:04
2025-04-06T21:43:08.449256+0800 ERROR SENT: M105
2025-04-06T21:43:08.449256+0800 ERROR write command M105
2025-04-06T21:43:08.449256+0800 ERROR second command M105
2025-04-06T21:43:08.449256+0800 ERROR finish command M105
2025-04-06T21:43:08.449256+0800 ERROR SENT: G250 S21
2025-04-06T21:43:08.450163+0800 ERROR write command G250 S21
2025-04-06T21:43:08.450163+0800 ERROR second command G250 S21
2025-04-06T21:43:08.450163+0800 ERROR finish command G250 S21
2025-04-06T21:43:08.450163+0800 ERROR SENT: G250 S800
2025-04-06T21:43:08.450163+0800 ERROR write command G250 S800
2025-04-06T21:43:08.450163+0800 ERROR second command G250 S800
2025-04-06T21:43:08.450163+0800 ERROR finish command G250 S800
2025-04-06T21:43:08.450163+0800 ERROR SENT: M154 S1
2025-04-06T21:43:08.451163+0800 ERROR write command M154 S1
2025-04-06T21:43:08.451163+0800 ERROR second command M154 S1
2025-04-06T21:43:08.451163+0800 ERROR finish command M154 S1
2025-04-06T21:43:08.451163+0800 ERROR SENT: 2025-04-06 21:43:08
2025-04-06T21:43:08.451163+0800 ERROR write command 2025-04-06 21:43:08
2025-04-06T21:43:08.452163+0800 ERROR second command 2025-04-06 21:43:08
2025-04-06T21:43:08.452163+0800 ERROR finish command 2025-04-06 21:43:08
2025-04-06T21:43:12.445026+0800 ERROR SENT: M105
2025-04-06T21:43:12.445026+0800 ERROR write command M105
2025-04-06T21:43:12.445026+0800 ERROR second command M105
2025-04-06T21:43:12.445026+0800 ERROR finish command M105
2025-04-06T21:43:12.446037+0800 ERROR SENT: G250 S21
2025-04-06T21:43:12.446037+0800 ERROR write command G250 S21
2025-04-06T21:43:12.446037+0800 ERROR second command G250 S21
2025-04-06T21:43:12.446037+0800 ERROR finish command G250 S21
2025-04-06T21:43:12.446037+0800 ERROR SENT: G250 S800
2025-04-06T21:43:12.446037+0800 ERROR write command G250 S800
2025-04-06T21:43:12.446037+0800 ERROR second command G250 S800
2025-04-06T21:43:12.446037+0800 ERROR finish command G250 S800
2025-04-06T21:43:12.447037+0800 ERROR SENT: M154 S1
2025-04-06T21:43:12.447037+0800 ERROR write command M154 S1
2025-04-06T21:43:12.447037+0800 ERROR second command M154 S1
2025-04-06T21:43:12.447037+0800 ERROR finish command M154 S1
2025-04-06T21:43:12.447037+0800 ERROR SENT: 2025-04-06 21:43:12
2025-04-06T21:43:12.448036+0800 ERROR write command 2025-04-06 21:43:12
2025-04-06T21:43:12.448036+0800 ERROR second command 2025-04-06 21:43:12
2025-04-06T21:43:12.448036+0800 ERROR finish command 2025-04-06 21:43:12
2025-04-06T21:43:16.284512+0800 ERROR SENT: M105
2025-04-06T21:43:16.284512+0800 ERROR write command M105
2025-04-06T21:43:16.284512+0800 ERROR second command M105
2025-04-06T21:43:16.285442+0800 ERROR finish command M105
2025-04-06T21:43:16.285442+0800 ERROR SENT: G250 S21
2025-04-06T21:43:16.285442+0800 ERROR write command G250 S21
2025-04-06T21:43:16.286441+0800 ERROR second command G250 S21
2025-04-06T21:43:16.286441+0800 ERROR finish command G250 S21
2025-04-06T21:43:16.286441+0800 ERROR SENT: G250 S800
2025-04-06T21:43:16.286441+0800 ERROR write command G250 S800
2025-04-06T21:43:16.286441+0800 ERROR second command G250 S800
2025-04-06T21:43:16.286441+0800 ERROR finish command G250 S800
2025-04-06T21:43:16.287442+0800 ERROR SENT: M154 S1
2025-04-06T21:43:16.287442+0800 ERROR write command M154 S1
2025-04-06T21:43:16.287442+0800 ERROR second command M154 S1
2025-04-06T21:43:16.287442+0800 ERROR finish command M154 S1
2025-04-06T21:43:16.287442+0800 ERROR SENT: 2025-04-06 21:43:16
2025-04-06T21:43:16.288441+0800 ERROR write command 2025-04-06 21:43:16
2025-04-06T21:43:16.288441+0800 ERROR second command 2025-04-06 21:43:16
2025-04-06T21:43:16.288441+0800 ERROR finish command 2025-04-06 21:43:16
2025-04-06T21:43:20.141701+0800 ERROR SENT: M105
2025-04-06T21:43:20.141701+0800 ERROR write command M105
2025-04-06T21:43:20.141701+0800 ERROR second command M105
2025-04-06T21:43:20.142698+0800 ERROR finish command M105
2025-04-06T21:43:20.142698+0800 ERROR SENT: G250 S21
2025-04-06T21:43:20.142698+0800 ERROR write command G250 S21
2025-04-06T21:43:20.142698+0800 ERROR second command G250 S21
2025-04-06T21:43:20.142698+0800 ERROR finish command G250 S21
2025-04-06T21:43:20.142698+0800 ERROR SENT: G250 S800
2025-04-06T21:43:20.142698+0800 ERROR write command G250 S800
2025-04-06T21:43:20.142698+0800 ERROR second command G250 S800
2025-04-06T21:43:20.142698+0800 ERROR finish command G250 S800
2025-04-06T21:43:20.144697+0800 ERROR SENT: M154 S1
2025-04-06T21:43:20.144697+0800 ERROR write command M154 S1
2025-04-06T21:43:20.144697+0800 ERROR second command M154 S1
2025-04-06T21:43:20.144697+0800 ERROR finish command M154 S1
2025-04-06T21:43:20.144697+0800 ERROR SENT: 2025-04-06 21:43:20
2025-04-06T21:43:20.144697+0800 ERROR write command 2025-04-06 21:43:20
2025-04-06T21:43:20.144697+0800 ERROR second command 2025-04-06 21:43:20
2025-04-06T21:43:20.145697+0800 ERROR finish command 2025-04-06 21:43:20
2025-04-06T21:43:24.073009+0800 ERROR SENT: M105
2025-04-06T21:43:24.073009+0800 ERROR write command M105
2025-04-06T21:43:24.073009+0800 ERROR second command M105
2025-04-06T21:43:24.073009+0800 ERROR finish command M105
2025-04-06T21:43:24.074011+0800 ERROR SENT: G250 S21
2025-04-06T21:43:24.074011+0800 ERROR write command G250 S21
2025-04-06T21:43:24.074011+0800 ERROR second command G250 S21
2025-04-06T21:43:24.074011+0800 ERROR finish command G250 S21
2025-04-06T21:43:24.074011+0800 ERROR SENT: G250 S800
2025-04-06T21:43:24.074011+0800 ERROR write command G250 S800
2025-04-06T21:43:24.074011+0800 ERROR second command G250 S800
2025-04-06T21:43:24.074011+0800 ERROR finish command G250 S800
2025-04-06T21:43:24.075010+0800 ERROR SENT: M154 S1
2025-04-06T21:43:24.075010+0800 ERROR write command M154 S1
2025-04-06T21:43:24.075010+0800 ERROR second command M154 S1
2025-04-06T21:43:24.075010+0800 ERROR finish command M154 S1
2025-04-06T21:43:24.075010+0800 ERROR SENT: 2025-04-06 21:43:24
2025-04-06T21:43:24.075010+0800 ERROR write command 2025-04-06 21:43:24
2025-04-06T21:43:24.076009+0800 ERROR second command 2025-04-06 21:43:24
2025-04-06T21:43:24.076009+0800 ERROR finish command 2025-04-06 21:43:24
2025-04-06T21:43:27.972085+0800 ERROR SENT: M105
2025-04-06T21:43:27.972085+0800 ERROR write command M105
2025-04-06T21:43:27.973005+0800 ERROR second command M105
2025-04-06T21:43:27.973005+0800 ERROR finish command M105
2025-04-06T21:43:27.973005+0800 ERROR SENT: G250 S21
2025-04-06T21:43:27.973005+0800 ERROR write command G250 S21
2025-04-06T21:43:27.973005+0800 ERROR second command G250 S21
2025-04-06T21:43:27.973005+0800 ERROR finish command G250 S21
2025-04-06T21:43:27.973005+0800 ERROR SENT: G250 S800
2025-04-06T21:43:27.973005+0800 ERROR write command G250 S800
2025-04-06T21:43:27.973005+0800 ERROR second command G250 S800
2025-04-06T21:43:27.974080+0800 ERROR finish command G250 S800
2025-04-06T21:43:27.974080+0800 ERROR SENT: M154 S1
2025-04-06T21:43:27.974080+0800 ERROR write command M154 S1
2025-04-06T21:43:27.974080+0800 ERROR second command M154 S1
2025-04-06T21:43:27.974080+0800 ERROR finish command M154 S1
2025-04-06T21:43:27.974080+0800 ERROR SENT: 2025-04-06 21:43:27
2025-04-06T21:43:27.974080+0800 ERROR write command 2025-04-06 21:43:27
2025-04-06T21:43:27.974080+0800 ERROR second command 2025-04-06 21:43:27
2025-04-06T21:43:27.975041+0800 ERROR finish command 2025-04-06 21:43:27
2025-04-06T21:43:31.940586+0800 ERROR SENT: M105
2025-04-06T21:43:31.940586+0800 ERROR write command M105
2025-04-06T21:43:31.940586+0800 ERROR second command M105
2025-04-06T21:43:31.941586+0800 ERROR finish command M105
2025-04-06T21:43:31.941586+0800 ERROR SENT: G250 S21
2025-04-06T21:43:31.941586+0800 ERROR write command G250 S21
2025-04-06T21:43:31.941586+0800 ERROR second command G250 S21
2025-04-06T21:43:31.941586+0800 ERROR finish command G250 S21
2025-04-06T21:43:31.942586+0800 ERROR SENT: G250 S800
2025-04-06T21:43:31.942586+0800 ERROR write command G250 S800
2025-04-06T21:43:31.942586+0800 ERROR second command G250 S800
2025-04-06T21:43:31.942586+0800 ERROR finish command G250 S800
2025-04-06T21:43:31.942586+0800 ERROR SENT: M154 S1
2025-04-06T21:43:31.942586+0800 ERROR write command M154 S1
2025-04-06T21:43:31.942586+0800 ERROR second command M154 S1
2025-04-06T21:43:31.943586+0800 ERROR finish command M154 S1
2025-04-06T21:43:31.943586+0800 ERROR SENT: 2025-04-06 21:43:31
2025-04-06T21:43:31.943586+0800 ERROR write command 2025-04-06 21:43:31
2025-04-06T21:43:31.943586+0800 ERROR second command 2025-04-06 21:43:31
2025-04-06T21:43:31.943586+0800 ERROR finish command 2025-04-06 21:43:31
2025-04-06T21:43:35.842098+0800 ERROR SENT: M105
2025-04-06T21:43:35.842098+0800 ERROR write command M105
2025-04-06T21:43:35.843012+0800 ERROR second command M105
2025-04-06T21:43:35.843012+0800 ERROR finish command M105
2025-04-06T21:43:35.843012+0800 ERROR SENT: G250 S21
2025-04-06T21:43:35.843012+0800 ERROR write command G250 S21
2025-04-06T21:43:35.844012+0800 ERROR second command G250 S21
2025-04-06T21:43:35.844012+0800 ERROR finish command G250 S21
2025-04-06T21:43:35.844012+0800 ERROR SENT: G250 S800
2025-04-06T21:43:35.844012+0800 ERROR write command G250 S800
2025-04-06T21:43:35.844012+0800 ERROR second command G250 S800
2025-04-06T21:43:35.844012+0800 ERROR finish command G250 S800
2025-04-06T21:43:35.844012+0800 ERROR SENT: M154 S1
2025-04-06T21:43:35.844012+0800 ERROR write command M154 S1
2025-04-06T21:43:35.845011+0800 ERROR second command M154 S1
2025-04-06T21:43:35.845011+0800 ERROR finish command M154 S1
2025-04-06T21:43:35.845011+0800 ERROR SENT: 2025-04-06 21:43:35
2025-04-06T21:43:35.845011+0800 ERROR write command 2025-04-06 21:43:35
2025-04-06T21:43:35.845011+0800 ERROR second command 2025-04-06 21:43:35
2025-04-06T21:43:35.845011+0800 ERROR finish command 2025-04-06 21:43:35
2025-04-06T21:43:39.743439+0800 ERROR SENT: M105
2025-04-06T21:43:39.743439+0800 ERROR write command M105
2025-04-06T21:43:39.743439+0800 ERROR second command M105
2025-04-06T21:43:39.743439+0800 ERROR finish command M105
2025-04-06T21:43:39.744438+0800 ERROR SENT: G250 S21
2025-04-06T21:43:39.744438+0800 ERROR write command G250 S21
2025-04-06T21:43:39.744438+0800 ERROR second command G250 S21
2025-04-06T21:43:39.744438+0800 ERROR finish command G250 S21
2025-04-06T21:43:39.744438+0800 ERROR SENT: G250 S800
2025-04-06T21:43:39.744438+0800 ERROR write command G250 S800
2025-04-06T21:43:39.745439+0800 ERROR second command G250 S800
2025-04-06T21:43:39.745439+0800 ERROR finish command G250 S800
2025-04-06T21:43:39.745439+0800 ERROR SENT: M154 S1
2025-04-06T21:43:39.745439+0800 ERROR write command M154 S1
2025-04-06T21:43:39.745439+0800 ERROR second command M154 S1
2025-04-06T21:43:39.745439+0800 ERROR finish command M154 S1
2025-04-06T21:43:39.745439+0800 ERROR SENT: 2025-04-06 21:43:39
2025-04-06T21:43:39.745439+0800 ERROR write command 2025-04-06 21:43:39
2025-04-06T21:43:39.746439+0800 ERROR second command 2025-04-06 21:43:39
2025-04-06T21:43:39.746439+0800 ERROR finish command 2025-04-06 21:43:39
2025-04-06T21:43:43.668806+0800 ERROR SENT: M105
2025-04-06T21:43:43.668806+0800 ERROR write command M105
2025-04-06T21:43:43.668806+0800 ERROR second command M105
2025-04-06T21:43:43.669758+0800 ERROR finish command M105
2025-04-06T21:43:43.669758+0800 ERROR SENT: G250 S21
2025-04-06T21:43:43.669758+0800 ERROR write command G250 S21
2025-04-06T21:43:43.669758+0800 ERROR second command G250 S21
2025-04-06T21:43:43.669758+0800 ERROR finish command G250 S21
2025-04-06T21:43:43.669758+0800 ERROR SENT: G250 S800
2025-04-06T21:43:43.669758+0800 ERROR write command G250 S800
2025-04-06T21:43:43.670759+0800 ERROR second command G250 S800
2025-04-06T21:43:43.670759+0800 ERROR finish command G250 S800
2025-04-06T21:43:43.671758+0800 ERROR SENT: M154 S1
2025-04-06T21:43:43.672758+0800 ERROR write command M154 S1
2025-04-06T21:43:43.673759+0800 ERROR second command M154 S1
2025-04-06T21:43:43.673759+0800 ERROR finish command M154 S1
2025-04-06T21:43:43.673759+0800 ERROR SENT: 2025-04-06 21:43:43
2025-04-06T21:43:43.673759+0800 ERROR write command 2025-04-06 21:43:43
2025-04-06T21:43:43.674758+0800 ERROR second command 2025-04-06 21:43:43
2025-04-06T21:43:43.674758+0800 ERROR finish command 2025-04-06 21:43:43
2025-04-06T21:43:47.558940+0800 ERROR SENT: M105
2025-04-06T21:43:47.558940+0800 ERROR write command M105
2025-04-06T21:43:47.558940+0800 ERROR second command M105
2025-04-06T21:43:47.558940+0800 ERROR finish command M105
2025-04-06T21:43:47.558940+0800 ERROR SENT: G250 S21
2025-04-06T21:43:47.559949+0800 ERROR write command G250 S21
2025-04-06T21:43:47.559949+0800 ERROR second command G250 S21
2025-04-06T21:43:47.559949+0800 ERROR finish command G250 S21
2025-04-06T21:43:47.559949+0800 ERROR SENT: G250 S800
2025-04-06T21:43:47.559949+0800 ERROR write command G250 S800
2025-04-06T21:43:47.559949+0800 ERROR second command G250 S800
2025-04-06T21:43:47.559949+0800 ERROR finish command G250 S800
2025-04-06T21:43:47.559949+0800 ERROR SENT: M154 S1
2025-04-06T21:43:47.560949+0800 ERROR write command M154 S1
2025-04-06T21:43:47.560949+0800 ERROR second command M154 S1
2025-04-06T21:43:47.560949+0800 ERROR finish command M154 S1
2025-04-06T21:43:47.560949+0800 ERROR SENT: 2025-04-06 21:43:47
2025-04-06T21:43:47.561948+0800 ERROR write command 2025-04-06 21:43:47
2025-04-06T21:43:47.561948+0800 ERROR second command 2025-04-06 21:43:47
2025-04-06T21:43:47.561948+0800 ERROR finish command 2025-04-06 21:43:47
