2025-04-11T10:43:59.044996+0800 INFO 设备已成功连接
2025-04-11T10:43:59.046998+0800 ERROR SENT: M105
2025-04-11T10:43:59.047997+0800 ERROR write command M105
2025-04-11T10:43:59.048997+0800 ERROR second command M105
2025-04-11T10:43:59.048997+0800 ERROR finish command M105
2025-04-11T10:43:59.048997+0800 ERROR SENT: G250 S21
2025-04-11T10:43:59.048997+0800 ERROR write command G250 S21
2025-04-11T10:43:59.049997+0800 ERROR second command G250 S21
2025-04-11T10:43:59.049997+0800 ERROR finish command G250 S21
2025-04-11T10:43:59.049997+0800 ERROR SENT: G250 S800
2025-04-11T10:43:59.050997+0800 ERROR write command G250 S800
2025-04-11T10:43:59.050997+0800 ERROR second command G250 S800
2025-04-11T10:43:59.050997+0800 ERROR finish command G250 S800
2025-04-11T10:43:59.050997+0800 ERROR SENT: M154 S1
2025-04-11T10:43:59.050997+0800 ERROR write command M154 S1
2025-04-11T10:43:59.051997+0800 ERROR second command M154 S1
2025-04-11T10:43:59.051997+0800 ERROR finish command M154 S1
2025-04-11T10:44:02.939109+0800 ERROR SENT: M105
2025-04-11T10:44:02.939109+0800 ERROR write command M105
2025-04-11T10:44:02.939109+0800 ERROR second command M105
2025-04-11T10:44:02.939109+0800 ERROR finish command M105
2025-04-11T10:44:02.940109+0800 ERROR SENT: G250 S21
2025-04-11T10:44:02.940109+0800 ERROR write command G250 S21
2025-04-11T10:44:02.940109+0800 ERROR second command G250 S21
2025-04-11T10:44:02.940109+0800 ERROR finish command G250 S21
2025-04-11T10:44:02.940109+0800 ERROR SENT: G250 S800
2025-04-11T10:44:02.940109+0800 ERROR write command G250 S800
2025-04-11T10:44:02.940109+0800 ERROR second command G250 S800
2025-04-11T10:44:02.940109+0800 ERROR finish command G250 S800
2025-04-11T10:44:02.940109+0800 ERROR SENT: M154 S1
2025-04-11T10:44:02.940109+0800 ERROR write command M154 S1
2025-04-11T10:44:02.941187+0800 ERROR second command M154 S1
2025-04-11T10:44:02.941187+0800 ERROR finish command M154 S1
2025-04-11T10:44:07.499376+0800 ERROR SENT: M105
2025-04-11T10:44:07.501377+0800 ERROR write command M105
2025-04-11T10:44:07.502377+0800 ERROR second command M105
2025-04-11T10:44:07.502377+0800 ERROR finish command M105
2025-04-11T10:44:07.502377+0800 ERROR SENT: G250 S21
2025-04-11T10:44:07.502377+0800 ERROR write command G250 S21
2025-04-11T10:44:07.502377+0800 ERROR second command G250 S21
2025-04-11T10:44:07.503379+0800 ERROR finish command G250 S21
2025-04-11T10:44:07.503379+0800 ERROR SENT: G250 S800
2025-04-11T10:44:07.503379+0800 ERROR write command G250 S800
2025-04-11T10:44:07.503379+0800 ERROR second command G250 S800
2025-04-11T10:44:07.503379+0800 ERROR finish command G250 S800
2025-04-11T10:44:07.517379+0800 ERROR SENT: M154 S1
2025-04-11T10:44:07.518384+0800 ERROR write command M154 S1
2025-04-11T10:44:07.518384+0800 ERROR second command M154 S1
2025-04-11T10:44:07.518384+0800 ERROR finish command M154 S1
2025-04-11T10:44:11.558256+0800 ERROR SENT: M105
2025-04-11T10:44:11.558256+0800 ERROR write command M105
2025-04-11T10:44:11.558256+0800 ERROR second command M105
2025-04-11T10:44:11.559256+0800 ERROR finish command M105
2025-04-11T10:44:11.559256+0800 ERROR SENT: G250 S21
2025-04-11T10:44:11.559256+0800 ERROR write command G250 S21
2025-04-11T10:44:11.559256+0800 ERROR second command G250 S21
2025-04-11T10:44:11.559256+0800 ERROR finish command G250 S21
2025-04-11T10:44:11.559256+0800 ERROR SENT: G250 S800
2025-04-11T10:44:11.559256+0800 ERROR write command G250 S800
2025-04-11T10:44:11.560256+0800 ERROR second command G250 S800
2025-04-11T10:44:11.560256+0800 ERROR finish command G250 S800
2025-04-11T10:44:11.560256+0800 ERROR SENT: M154 S1
2025-04-11T10:44:11.560256+0800 ERROR write command M154 S1
2025-04-11T10:44:11.560256+0800 ERROR second command M154 S1
2025-04-11T10:44:11.560256+0800 ERROR finish command M154 S1
2025-04-11T10:44:15.464709+0800 ERROR SENT: M105
2025-04-11T10:44:15.464709+0800 ERROR write command M105
2025-04-11T10:44:15.464709+0800 ERROR second command M105
2025-04-11T10:44:15.464709+0800 ERROR finish command M105
2025-04-11T10:44:15.464709+0800 ERROR SENT: G250 S21
2025-04-11T10:44:15.465623+0800 ERROR write command G250 S21
2025-04-11T10:44:15.465623+0800 ERROR second command G250 S21
2025-04-11T10:44:15.465623+0800 ERROR finish command G250 S21
2025-04-11T10:44:15.465623+0800 ERROR SENT: G250 S800
2025-04-11T10:44:15.465623+0800 ERROR write command G250 S800
2025-04-11T10:44:15.465623+0800 ERROR second command G250 S800
2025-04-11T10:44:15.465623+0800 ERROR finish command G250 S800
2025-04-11T10:44:15.465623+0800 ERROR SENT: M154 S1
2025-04-11T10:44:15.465623+0800 ERROR write command M154 S1
2025-04-11T10:44:15.466623+0800 ERROR second command M154 S1
2025-04-11T10:44:15.466623+0800 ERROR finish command M154 S1
2025-04-11T10:44:19.341014+0800 ERROR SENT: M105
2025-04-11T10:44:19.341014+0800 ERROR write command M105
2025-04-11T10:44:19.341014+0800 ERROR second command M105
2025-04-11T10:44:19.341014+0800 ERROR finish command M105
2025-04-11T10:44:19.341014+0800 ERROR SENT: G250 S21
2025-04-11T10:44:19.341014+0800 ERROR write command G250 S21
2025-04-11T10:44:19.342014+0800 ERROR second command G250 S21
2025-04-11T10:44:19.342014+0800 ERROR finish command G250 S21
2025-04-11T10:44:19.342014+0800 ERROR SENT: G250 S800
2025-04-11T10:44:19.342014+0800 ERROR write command G250 S800
2025-04-11T10:44:19.342014+0800 ERROR second command G250 S800
2025-04-11T10:44:19.342014+0800 ERROR finish command G250 S800
2025-04-11T10:44:19.342014+0800 ERROR SENT: M154 S1
2025-04-11T10:44:19.342014+0800 ERROR write command M154 S1
2025-04-11T10:44:19.343014+0800 ERROR second command M154 S1
2025-04-11T10:44:19.343014+0800 ERROR finish command M154 S1
2025-04-11T10:44:23.237332+0800 ERROR SENT: M105
2025-04-11T10:44:23.237332+0800 ERROR write command M105
2025-04-11T10:44:23.237332+0800 ERROR second command M105
2025-04-11T10:44:23.237332+0800 ERROR finish command M105
2025-04-11T10:44:23.237332+0800 ERROR SENT: G250 S21
2025-04-11T10:44:23.238365+0800 ERROR write command G250 S21
2025-04-11T10:44:23.238365+0800 ERROR second command G250 S21
2025-04-11T10:44:23.238365+0800 ERROR finish command G250 S21
2025-04-11T10:44:23.238365+0800 ERROR SENT: G250 S800
2025-04-11T10:44:23.238365+0800 ERROR write command G250 S800
2025-04-11T10:44:23.238365+0800 ERROR second command G250 S800
2025-04-11T10:44:23.238365+0800 ERROR finish command G250 S800
2025-04-11T10:44:23.238365+0800 ERROR SENT: M154 S1
2025-04-11T10:44:23.238365+0800 ERROR write command M154 S1
2025-04-11T10:44:23.239333+0800 ERROR second command M154 S1
2025-04-11T10:44:23.239333+0800 ERROR finish command M154 S1
2025-04-11T10:44:27.102845+0800 ERROR SENT: M105
2025-04-11T10:44:27.102845+0800 ERROR write command M105
2025-04-11T10:44:27.102845+0800 ERROR second command M105
2025-04-11T10:44:27.102845+0800 ERROR finish command M105
2025-04-11T10:44:27.103855+0800 ERROR SENT: G250 S21
2025-04-11T10:44:27.103855+0800 ERROR write command G250 S21
2025-04-11T10:44:27.103855+0800 ERROR second command G250 S21
2025-04-11T10:44:27.103855+0800 ERROR finish command G250 S21
2025-04-11T10:44:27.103855+0800 ERROR SENT: G250 S800
2025-04-11T10:44:27.103855+0800 ERROR write command G250 S800
2025-04-11T10:44:27.103855+0800 ERROR second command G250 S800
2025-04-11T10:44:27.103855+0800 ERROR finish command G250 S800
2025-04-11T10:44:27.103855+0800 ERROR SENT: M154 S1
2025-04-11T10:44:27.103855+0800 ERROR write command M154 S1
2025-04-11T10:44:27.103855+0800 ERROR second command M154 S1
2025-04-11T10:44:27.104846+0800 ERROR finish command M154 S1
2025-04-11T10:44:30.967559+0800 ERROR SENT: M105
2025-04-11T10:44:30.967559+0800 ERROR write command M105
2025-04-11T10:44:30.967559+0800 ERROR second command M105
2025-04-11T10:44:30.967559+0800 ERROR finish command M105
2025-04-11T10:44:30.968550+0800 ERROR SENT: G250 S21
2025-04-11T10:44:30.968550+0800 ERROR write command G250 S21
2025-04-11T10:44:30.968550+0800 ERROR second command G250 S21
2025-04-11T10:44:30.968550+0800 ERROR finish command G250 S21
2025-04-11T10:44:30.968550+0800 ERROR SENT: G250 S800
2025-04-11T10:44:30.968550+0800 ERROR write command G250 S800
2025-04-11T10:44:30.968550+0800 ERROR second command G250 S800
2025-04-11T10:44:30.968550+0800 ERROR finish command G250 S800
2025-04-11T10:44:30.969549+0800 ERROR SENT: M154 S1
2025-04-11T10:44:30.969549+0800 ERROR write command M154 S1
2025-04-11T10:44:30.969549+0800 ERROR second command M154 S1
2025-04-11T10:44:30.969549+0800 ERROR finish command M154 S1
2025-04-11T10:44:34.809355+0800 ERROR SENT: M105
2025-04-11T10:44:34.809355+0800 ERROR write command M105
2025-04-11T10:44:34.809355+0800 ERROR second command M105
2025-04-11T10:44:34.810275+0800 ERROR finish command M105
2025-04-11T10:44:34.810275+0800 ERROR SENT: G250 S21
2025-04-11T10:44:34.810275+0800 ERROR write command G250 S21
2025-04-11T10:44:34.810275+0800 ERROR second command G250 S21
2025-04-11T10:44:34.810275+0800 ERROR finish command G250 S21
2025-04-11T10:44:34.810275+0800 ERROR SENT: G250 S800
2025-04-11T10:44:34.810275+0800 ERROR write command G250 S800
2025-04-11T10:44:34.810275+0800 ERROR second command G250 S800
2025-04-11T10:44:34.811275+0800 ERROR finish command G250 S800
2025-04-11T10:44:34.811275+0800 ERROR SENT: M154 S1
2025-04-11T10:44:34.811275+0800 ERROR write command M154 S1
2025-04-11T10:44:34.811275+0800 ERROR second command M154 S1
2025-04-11T10:44:34.811275+0800 ERROR finish command M154 S1
2025-04-11T10:44:38.663226+0800 ERROR SENT: M105
2025-04-11T10:44:38.664152+0800 ERROR write command M105
2025-04-11T10:44:38.664152+0800 ERROR second command M105
2025-04-11T10:44:38.665220+0800 ERROR finish command M105
2025-04-11T10:44:38.665220+0800 ERROR SENT: G250 S21
2025-04-11T10:44:38.665220+0800 ERROR write command G250 S21
2025-04-11T10:44:38.665220+0800 ERROR second command G250 S21
2025-04-11T10:44:38.665220+0800 ERROR finish command G250 S21
2025-04-11T10:44:38.665220+0800 ERROR SENT: G250 S800
2025-04-11T10:44:38.665220+0800 ERROR write command G250 S800
2025-04-11T10:44:38.665220+0800 ERROR second command G250 S800
2025-04-11T10:44:38.666140+0800 ERROR finish command G250 S800
2025-04-11T10:44:38.666140+0800 ERROR SENT: M154 S1
2025-04-11T10:44:38.667144+0800 ERROR write command M154 S1
2025-04-11T10:44:38.667144+0800 ERROR second command M154 S1
2025-04-11T10:44:38.667144+0800 ERROR finish command M154 S1
2025-04-11T10:44:42.500381+0800 ERROR SENT: M105
2025-04-11T10:44:42.500381+0800 ERROR write command M105
2025-04-11T10:44:42.500381+0800 ERROR second command M105
2025-04-11T10:44:42.501397+0800 ERROR finish command M105
2025-04-11T10:44:42.501397+0800 ERROR SENT: G250 S21
2025-04-11T10:44:42.501397+0800 ERROR write command G250 S21
2025-04-11T10:44:42.501397+0800 ERROR second command G250 S21
2025-04-11T10:44:42.501397+0800 ERROR finish command G250 S21
2025-04-11T10:44:42.501397+0800 ERROR SENT: G250 S800
2025-04-11T10:44:42.501397+0800 ERROR write command G250 S800
2025-04-11T10:44:42.501397+0800 ERROR second command G250 S800
2025-04-11T10:44:42.502380+0800 ERROR finish command G250 S800
2025-04-11T10:44:42.502380+0800 ERROR SENT: M154 S1
2025-04-11T10:44:42.502380+0800 ERROR write command M154 S1
2025-04-11T10:44:42.502380+0800 ERROR second command M154 S1
2025-04-11T10:44:42.502380+0800 ERROR finish command M154 S1
2025-04-11T10:44:46.322054+0800 ERROR SENT: M105
2025-04-11T10:44:46.322054+0800 ERROR write command M105
2025-04-11T10:44:46.322054+0800 ERROR second command M105
2025-04-11T10:44:46.322054+0800 ERROR finish command M105
2025-04-11T10:44:46.322969+0800 ERROR SENT: G250 S21
2025-04-11T10:44:46.322969+0800 ERROR write command G250 S21
2025-04-11T10:44:46.322969+0800 ERROR second command G250 S21
2025-04-11T10:44:46.322969+0800 ERROR finish command G250 S21
2025-04-11T10:44:46.322969+0800 ERROR SENT: G250 S800
2025-04-11T10:44:46.322969+0800 ERROR write command G250 S800
2025-04-11T10:44:46.322969+0800 ERROR second command G250 S800
2025-04-11T10:44:46.322969+0800 ERROR finish command G250 S800
2025-04-11T10:44:46.322969+0800 ERROR SENT: M154 S1
2025-04-11T10:44:46.322969+0800 ERROR write command M154 S1
2025-04-11T10:44:46.323971+0800 ERROR second command M154 S1
2025-04-11T10:44:46.323971+0800 ERROR finish command M154 S1
2025-04-11T10:44:50.148665+0800 ERROR SENT: M105
2025-04-11T10:44:50.148665+0800 ERROR write command M105
2025-04-11T10:44:50.148665+0800 ERROR second command M105
2025-04-11T10:44:50.148665+0800 ERROR finish command M105
2025-04-11T10:44:50.149588+0800 ERROR SENT: G250 S21
2025-04-11T10:44:50.149588+0800 ERROR write command G250 S21
2025-04-11T10:44:50.149588+0800 ERROR second command G250 S21
2025-04-11T10:44:50.149588+0800 ERROR finish command G250 S21
2025-04-11T10:44:50.149588+0800 ERROR SENT: G250 S800
2025-04-11T10:44:50.149588+0800 ERROR write command G250 S800
2025-04-11T10:44:50.149588+0800 ERROR second command G250 S800
2025-04-11T10:44:50.149588+0800 ERROR finish command G250 S800
2025-04-11T10:44:50.150601+0800 ERROR SENT: M154 S1
2025-04-11T10:44:50.150601+0800 ERROR write command M154 S1
2025-04-11T10:44:50.150601+0800 ERROR second command M154 S1
2025-04-11T10:44:50.150601+0800 ERROR finish command M154 S1
2025-04-11T10:44:53.989975+0800 ERROR SENT: M105
2025-04-11T10:44:53.989975+0800 ERROR write command M105
2025-04-11T10:44:53.990981+0800 ERROR second command M105
2025-04-11T10:44:53.990981+0800 ERROR finish command M105
2025-04-11T10:44:53.990981+0800 ERROR SENT: G250 S21
2025-04-11T10:44:53.990981+0800 ERROR write command G250 S21
2025-04-11T10:44:53.991976+0800 ERROR second command G250 S21
2025-04-11T10:44:53.991976+0800 ERROR finish command G250 S21
2025-04-11T10:44:53.991976+0800 ERROR SENT: G250 S800
2025-04-11T10:44:53.991976+0800 ERROR write command G250 S800
2025-04-11T10:44:53.991976+0800 ERROR second command G250 S800
2025-04-11T10:44:53.991976+0800 ERROR finish command G250 S800
2025-04-11T10:44:53.992975+0800 ERROR SENT: M154 S1
2025-04-11T10:44:53.992975+0800 ERROR write command M154 S1
2025-04-11T10:44:53.992975+0800 ERROR second command M154 S1
2025-04-11T10:44:53.992975+0800 ERROR finish command M154 S1
2025-04-11T10:44:57.868436+0800 ERROR SENT: M105
2025-04-11T10:44:57.868436+0800 ERROR write command M105
2025-04-11T10:44:57.868436+0800 ERROR second command M105
2025-04-11T10:44:57.869437+0800 ERROR finish command M105
2025-04-11T10:44:57.869437+0800 ERROR SENT: G250 S21
2025-04-11T10:44:57.869437+0800 ERROR write command G250 S21
2025-04-11T10:44:57.869437+0800 ERROR second command G250 S21
2025-04-11T10:44:57.869437+0800 ERROR finish command G250 S21
2025-04-11T10:44:57.869437+0800 ERROR SENT: G250 S800
2025-04-11T10:44:57.869437+0800 ERROR write command G250 S800
2025-04-11T10:44:57.869437+0800 ERROR second command G250 S800
2025-04-11T10:44:57.869437+0800 ERROR finish command G250 S800
2025-04-11T10:44:57.870436+0800 ERROR SENT: M154 S1
2025-04-11T10:44:57.870436+0800 ERROR write command M154 S1
2025-04-11T10:44:57.870436+0800 ERROR second command M154 S1
2025-04-11T10:44:57.870436+0800 ERROR finish command M154 S1
2025-04-11T10:45:01.768424+0800 ERROR SENT: M105
2025-04-11T10:45:01.768424+0800 ERROR write command M105
2025-04-11T10:45:01.768424+0800 ERROR second command M105
2025-04-11T10:45:01.768424+0800 ERROR finish command M105
2025-04-11T10:45:01.768424+0800 ERROR SENT: G250 S21
2025-04-11T10:45:01.768424+0800 ERROR write command G250 S21
2025-04-11T10:45:01.769351+0800 ERROR second command G250 S21
2025-04-11T10:45:01.769351+0800 ERROR finish command G250 S21
2025-04-11T10:45:01.769351+0800 ERROR SENT: G250 S800
2025-04-11T10:45:01.769351+0800 ERROR write command G250 S800
2025-04-11T10:45:01.769351+0800 ERROR second command G250 S800
2025-04-11T10:45:01.769351+0800 ERROR finish command G250 S800
2025-04-11T10:45:01.769351+0800 ERROR SENT: M154 S1
2025-04-11T10:45:01.769351+0800 ERROR write command M154 S1
2025-04-11T10:45:01.770350+0800 ERROR second command M154 S1
2025-04-11T10:45:01.770350+0800 ERROR finish command M154 S1
2025-04-11T10:45:05.608400+0800 ERROR SENT: M105
2025-04-11T10:45:05.608400+0800 ERROR write command M105
2025-04-11T10:45:05.608400+0800 ERROR second command M105
2025-04-11T10:45:05.609402+0800 ERROR finish command M105
2025-04-11T10:45:05.609402+0800 ERROR SENT: G250 S21
2025-04-11T10:45:05.609402+0800 ERROR write command G250 S21
2025-04-11T10:45:05.609402+0800 ERROR second command G250 S21
2025-04-11T10:45:05.609402+0800 ERROR finish command G250 S21
2025-04-11T10:45:05.609402+0800 ERROR SENT: G250 S800
2025-04-11T10:45:05.609402+0800 ERROR write command G250 S800
2025-04-11T10:45:05.609402+0800 ERROR second command G250 S800
2025-04-11T10:45:05.609402+0800 ERROR finish command G250 S800
2025-04-11T10:45:05.609402+0800 ERROR SENT: M154 S1
2025-04-11T10:45:05.610401+0800 ERROR write command M154 S1
2025-04-11T10:45:05.610401+0800 ERROR second command M154 S1
2025-04-11T10:45:05.610401+0800 ERROR finish command M154 S1
2025-04-11T10:45:09.405429+0800 ERROR SENT: M105
2025-04-11T10:45:09.405429+0800 ERROR write command M105
2025-04-11T10:45:09.405429+0800 ERROR second command M105
2025-04-11T10:45:09.405429+0800 ERROR finish command M105
2025-04-11T10:45:09.405429+0800 ERROR SENT: G250 S21
2025-04-11T10:45:09.406354+0800 ERROR write command G250 S21
2025-04-11T10:45:09.406354+0800 ERROR second command G250 S21
2025-04-11T10:45:09.406354+0800 ERROR finish command G250 S21
2025-04-11T10:45:09.406354+0800 ERROR SENT: G250 S800
2025-04-11T10:45:09.406354+0800 ERROR write command G250 S800
2025-04-11T10:45:09.407354+0800 ERROR second command G250 S800
2025-04-11T10:45:09.407354+0800 ERROR finish command G250 S800
2025-04-11T10:45:09.407354+0800 ERROR SENT: M154 S1
2025-04-11T10:45:09.407354+0800 ERROR write command M154 S1
2025-04-11T10:45:09.407354+0800 ERROR second command M154 S1
2025-04-11T10:45:09.407354+0800 ERROR finish command M154 S1
2025-04-11T10:45:13.230060+0800 ERROR SENT: M105
2025-04-11T10:45:13.230060+0800 ERROR write command M105
2025-04-11T10:45:13.230060+0800 ERROR second command M105
2025-04-11T10:45:13.230060+0800 ERROR finish command M105
2025-04-11T10:45:13.230060+0800 ERROR SENT: G250 S21
2025-04-11T10:45:13.231061+0800 ERROR write command G250 S21
2025-04-11T10:45:13.231061+0800 ERROR second command G250 S21
2025-04-11T10:45:13.231061+0800 ERROR finish command G250 S21
2025-04-11T10:45:13.231061+0800 ERROR SENT: G250 S800
2025-04-11T10:45:13.231061+0800 ERROR write command G250 S800
2025-04-11T10:45:13.231061+0800 ERROR second command G250 S800
2025-04-11T10:45:13.231061+0800 ERROR finish command G250 S800
2025-04-11T10:45:13.231061+0800 ERROR SENT: M154 S1
2025-04-11T10:45:13.231061+0800 ERROR write command M154 S1
2025-04-11T10:45:13.232051+0800 ERROR second command M154 S1
2025-04-11T10:45:13.232051+0800 ERROR finish command M154 S1
2025-04-11T10:45:17.044291+0800 ERROR SENT: M105
2025-04-11T10:45:17.044291+0800 ERROR write command M105
2025-04-11T10:45:17.044291+0800 ERROR second command M105
2025-04-11T10:45:17.045291+0800 ERROR finish command M105
2025-04-11T10:45:17.045291+0800 ERROR SENT: G250 S21
2025-04-11T10:45:17.045291+0800 ERROR write command G250 S21
2025-04-11T10:45:17.045291+0800 ERROR second command G250 S21
2025-04-11T10:45:17.045291+0800 ERROR finish command G250 S21
2025-04-11T10:45:17.045291+0800 ERROR SENT: G250 S800
2025-04-11T10:45:17.045291+0800 ERROR write command G250 S800
2025-04-11T10:45:17.046291+0800 ERROR second command G250 S800
2025-04-11T10:45:17.046291+0800 ERROR finish command G250 S800
2025-04-11T10:45:17.046291+0800 ERROR SENT: M154 S1
2025-04-11T10:45:17.046291+0800 ERROR write command M154 S1
2025-04-11T10:45:17.046291+0800 ERROR second command M154 S1
2025-04-11T10:45:17.046291+0800 ERROR finish command M154 S1
2025-04-11T10:45:20.946667+0800 ERROR SENT: M105
2025-04-11T10:45:20.946667+0800 ERROR write command M105
2025-04-11T10:45:20.946667+0800 ERROR second command M105
2025-04-11T10:45:20.946667+0800 ERROR finish command M105
2025-04-11T10:45:20.946667+0800 ERROR SENT: G250 S21
2025-04-11T10:45:20.946667+0800 ERROR write command G250 S21
2025-04-11T10:45:20.947670+0800 ERROR second command G250 S21
2025-04-11T10:45:20.947670+0800 ERROR finish command G250 S21
2025-04-11T10:45:20.947670+0800 ERROR SENT: G250 S800
2025-04-11T10:45:20.947670+0800 ERROR write command G250 S800
2025-04-11T10:45:20.947670+0800 ERROR second command G250 S800
2025-04-11T10:45:20.947670+0800 ERROR finish command G250 S800
2025-04-11T10:45:20.947670+0800 ERROR SENT: M154 S1
2025-04-11T10:45:20.947670+0800 ERROR write command M154 S1
2025-04-11T10:45:20.948670+0800 ERROR second command M154 S1
2025-04-11T10:45:20.948670+0800 ERROR finish command M154 S1
2025-04-11T10:45:24.812818+0800 ERROR SENT: M105
2025-04-11T10:45:24.812818+0800 ERROR write command M105
2025-04-11T10:45:24.812818+0800 ERROR second command M105
2025-04-11T10:45:24.812818+0800 ERROR finish command M105
2025-04-11T10:45:24.812818+0800 ERROR SENT: G250 S21
2025-04-11T10:45:24.813818+0800 ERROR write command G250 S21
2025-04-11T10:45:24.813818+0800 ERROR second command G250 S21
2025-04-11T10:45:24.813818+0800 ERROR finish command G250 S21
2025-04-11T10:45:24.813818+0800 ERROR SENT: G250 S800
2025-04-11T10:45:24.813818+0800 ERROR write command G250 S800
2025-04-11T10:45:24.813818+0800 ERROR second command G250 S800
2025-04-11T10:45:24.813818+0800 ERROR finish command G250 S800
2025-04-11T10:45:24.813818+0800 ERROR SENT: M154 S1
2025-04-11T10:45:24.813818+0800 ERROR write command M154 S1
2025-04-11T10:45:24.814823+0800 ERROR second command M154 S1
2025-04-11T10:45:24.814823+0800 ERROR finish command M154 S1
2025-04-11T10:45:28.680764+0800 ERROR SENT: M105
2025-04-11T10:45:28.680764+0800 ERROR write command M105
2025-04-11T10:45:28.680764+0800 ERROR second command M105
2025-04-11T10:45:28.680764+0800 ERROR finish command M105
2025-04-11T10:45:28.680764+0800 ERROR SENT: G250 S21
2025-04-11T10:45:28.680764+0800 ERROR write command G250 S21
2025-04-11T10:45:28.681766+0800 ERROR second command G250 S21
2025-04-11T10:45:28.681766+0800 ERROR finish command G250 S21
2025-04-11T10:45:28.681766+0800 ERROR SENT: G250 S800
2025-04-11T10:45:28.681766+0800 ERROR write command G250 S800
2025-04-11T10:45:28.681766+0800 ERROR second command G250 S800
2025-04-11T10:45:28.681766+0800 ERROR finish command G250 S800
2025-04-11T10:45:28.681766+0800 ERROR SENT: M154 S1
2025-04-11T10:45:28.681766+0800 ERROR write command M154 S1
2025-04-11T10:45:28.681766+0800 ERROR second command M154 S1
2025-04-11T10:45:28.681766+0800 ERROR finish command M154 S1
2025-04-11T10:45:32.572891+0800 ERROR SENT: M105
2025-04-11T10:45:32.572891+0800 ERROR write command M105
2025-04-11T10:45:32.572891+0800 ERROR second command M105
2025-04-11T10:45:32.572891+0800 ERROR finish command M105
2025-04-11T10:45:32.572891+0800 ERROR SENT: G250 S21
2025-04-11T10:45:32.572891+0800 ERROR write command G250 S21
2025-04-11T10:45:32.572891+0800 ERROR second command G250 S21
2025-04-11T10:45:32.573883+0800 ERROR finish command G250 S21
2025-04-11T10:45:32.573883+0800 ERROR SENT: G250 S800
2025-04-11T10:45:32.573883+0800 ERROR write command G250 S800
2025-04-11T10:45:32.573883+0800 ERROR second command G250 S800
2025-04-11T10:45:32.573883+0800 ERROR finish command G250 S800
2025-04-11T10:45:32.573883+0800 ERROR SENT: M154 S1
2025-04-11T10:45:32.573883+0800 ERROR write command M154 S1
2025-04-11T10:45:32.574883+0800 ERROR second command M154 S1
2025-04-11T10:45:32.574883+0800 ERROR finish command M154 S1
2025-04-11T10:45:36.416473+0800 ERROR SENT: M105
2025-04-11T10:45:36.416473+0800 ERROR write command M105
2025-04-11T10:45:36.416473+0800 ERROR second command M105
2025-04-11T10:45:36.416473+0800 ERROR finish command M105
2025-04-11T10:45:36.416473+0800 ERROR SENT: G250 S21
2025-04-11T10:45:36.416473+0800 ERROR write command G250 S21
2025-04-11T10:45:36.417474+0800 ERROR second command G250 S21
2025-04-11T10:45:36.417474+0800 ERROR finish command G250 S21
2025-04-11T10:45:36.417474+0800 ERROR SENT: G250 S800
2025-04-11T10:45:36.417474+0800 ERROR write command G250 S800
2025-04-11T10:45:36.417474+0800 ERROR second command G250 S800
2025-04-11T10:45:36.417474+0800 ERROR finish command G250 S800
2025-04-11T10:45:36.417474+0800 ERROR SENT: M154 S1
2025-04-11T10:45:36.417474+0800 ERROR write command M154 S1
2025-04-11T10:45:36.417474+0800 ERROR second command M154 S1
2025-04-11T10:45:36.418474+0800 ERROR finish command M154 S1
2025-04-11T10:45:40.335262+0800 ERROR SENT: M105
2025-04-11T10:45:40.335262+0800 ERROR write command M105
2025-04-11T10:45:40.335262+0800 ERROR second command M105
2025-04-11T10:45:40.335262+0800 ERROR finish command M105
2025-04-11T10:45:40.335262+0800 ERROR SENT: G250 S21
2025-04-11T10:45:40.336184+0800 ERROR write command G250 S21
2025-04-11T10:45:40.336184+0800 ERROR second command G250 S21
2025-04-11T10:45:40.336184+0800 ERROR finish command G250 S21
2025-04-11T10:45:40.336184+0800 ERROR SENT: G250 S800
2025-04-11T10:45:40.337184+0800 ERROR write command G250 S800
2025-04-11T10:45:40.337184+0800 ERROR second command G250 S800
2025-04-11T10:45:40.337184+0800 ERROR finish command G250 S800
2025-04-11T10:45:40.337184+0800 ERROR SENT: M154 S1
2025-04-11T10:45:40.337184+0800 ERROR write command M154 S1
2025-04-11T10:45:40.337184+0800 ERROR second command M154 S1
2025-04-11T10:45:40.337184+0800 ERROR finish command M154 S1
2025-04-11T10:45:44.224650+0800 ERROR SENT: M105
2025-04-11T10:45:44.224650+0800 ERROR write command M105
2025-04-11T10:45:44.224650+0800 ERROR second command M105
2025-04-11T10:45:44.224650+0800 ERROR finish command M105
2025-04-11T10:45:44.224650+0800 ERROR SENT: G250 S21
2025-04-11T10:45:44.224650+0800 ERROR write command G250 S21
2025-04-11T10:45:44.225642+0800 ERROR second command G250 S21
2025-04-11T10:45:44.225642+0800 ERROR finish command G250 S21
2025-04-11T10:45:44.225642+0800 ERROR SENT: G250 S800
2025-04-11T10:45:44.225642+0800 ERROR write command G250 S800
2025-04-11T10:45:44.225642+0800 ERROR second command G250 S800
2025-04-11T10:45:44.225642+0800 ERROR finish command G250 S800
2025-04-11T10:45:44.225642+0800 ERROR SENT: M154 S1
2025-04-11T10:45:44.226641+0800 ERROR write command M154 S1
2025-04-11T10:45:44.226641+0800 ERROR second command M154 S1
2025-04-11T10:45:44.226641+0800 ERROR finish command M154 S1
2025-04-11T10:45:48.100612+0800 ERROR SENT: M105
2025-04-11T10:45:48.100612+0800 ERROR write command M105
2025-04-11T10:45:48.100612+0800 ERROR second command M105
2025-04-11T10:45:48.100612+0800 ERROR finish command M105
2025-04-11T10:45:48.101571+0800 ERROR SENT: G250 S21
2025-04-11T10:45:48.101571+0800 ERROR write command G250 S21
2025-04-11T10:45:48.101571+0800 ERROR second command G250 S21
2025-04-11T10:45:48.101571+0800 ERROR finish command G250 S21
2025-04-11T10:45:48.101571+0800 ERROR SENT: G250 S800
2025-04-11T10:45:48.101571+0800 ERROR write command G250 S800
2025-04-11T10:45:48.101571+0800 ERROR second command G250 S800
2025-04-11T10:45:48.101571+0800 ERROR finish command G250 S800
2025-04-11T10:45:48.101571+0800 ERROR SENT: M154 S1
2025-04-11T10:45:48.102531+0800 ERROR write command M154 S1
2025-04-11T10:45:48.102531+0800 ERROR second command M154 S1
2025-04-11T10:45:48.102531+0800 ERROR finish command M154 S1
2025-04-11T10:45:51.965893+0800 ERROR SENT: M105
2025-04-11T10:45:51.965893+0800 ERROR write command M105
2025-04-11T10:45:51.965893+0800 ERROR second command M105
2025-04-11T10:45:51.965893+0800 ERROR finish command M105
2025-04-11T10:45:51.966892+0800 ERROR SENT: G250 S21
2025-04-11T10:45:51.966892+0800 ERROR write command G250 S21
2025-04-11T10:45:51.966892+0800 ERROR second command G250 S21
2025-04-11T10:45:51.966892+0800 ERROR finish command G250 S21
2025-04-11T10:45:51.966892+0800 ERROR SENT: G250 S800
2025-04-11T10:45:51.966892+0800 ERROR write command G250 S800
2025-04-11T10:45:51.967891+0800 ERROR second command G250 S800
2025-04-11T10:45:51.967891+0800 ERROR finish command G250 S800
2025-04-11T10:45:51.967891+0800 ERROR SENT: M154 S1
2025-04-11T10:45:51.967891+0800 ERROR write command M154 S1
2025-04-11T10:45:51.967891+0800 ERROR second command M154 S1
2025-04-11T10:45:51.967891+0800 ERROR finish command M154 S1
2025-04-11T10:45:55.837013+0800 ERROR SENT: M105
2025-04-11T10:45:55.838014+0800 ERROR write command M105
2025-04-11T10:45:55.838014+0800 ERROR second command M105
2025-04-11T10:45:55.839014+0800 ERROR finish command M105
2025-04-11T10:45:55.839014+0800 ERROR SENT: G250 S21
2025-04-11T10:45:55.839014+0800 ERROR write command G250 S21
2025-04-11T10:45:55.839014+0800 ERROR second command G250 S21
2025-04-11T10:45:55.839014+0800 ERROR finish command G250 S21
2025-04-11T10:45:55.839014+0800 ERROR SENT: G250 S800
2025-04-11T10:45:55.839014+0800 ERROR write command G250 S800
2025-04-11T10:45:55.839014+0800 ERROR second command G250 S800
2025-04-11T10:45:55.839014+0800 ERROR finish command G250 S800
2025-04-11T10:45:55.839014+0800 ERROR SENT: M154 S1
2025-04-11T10:45:55.840013+0800 ERROR write command M154 S1
2025-04-11T10:45:55.840013+0800 ERROR second command M154 S1
2025-04-11T10:45:55.840013+0800 ERROR finish command M154 S1
2025-04-11T10:45:59.754272+0800 ERROR SENT: M105
2025-04-11T10:45:59.754272+0800 ERROR write command M105
2025-04-11T10:45:59.754272+0800 ERROR second command M105
2025-04-11T10:45:59.754272+0800 ERROR finish command M105
2025-04-11T10:45:59.754272+0800 ERROR SENT: G250 S21
2025-04-11T10:45:59.755272+0800 ERROR write command G250 S21
2025-04-11T10:45:59.755272+0800 ERROR second command G250 S21
2025-04-11T10:45:59.755272+0800 ERROR finish command G250 S21
2025-04-11T10:45:59.755272+0800 ERROR SENT: G250 S800
2025-04-11T10:45:59.755272+0800 ERROR write command G250 S800
2025-04-11T10:45:59.756272+0800 ERROR second command G250 S800
2025-04-11T10:45:59.756272+0800 ERROR finish command G250 S800
2025-04-11T10:45:59.756272+0800 ERROR SENT: M154 S1
2025-04-11T10:45:59.756272+0800 ERROR write command M154 S1
2025-04-11T10:45:59.756272+0800 ERROR second command M154 S1
2025-04-11T10:45:59.756272+0800 ERROR finish command M154 S1
2025-04-11T10:46:03.645607+0800 ERROR SENT: M105
2025-04-11T10:46:03.645607+0800 ERROR write command M105
2025-04-11T10:46:03.645607+0800 ERROR second command M105
2025-04-11T10:46:03.645607+0800 ERROR finish command M105
2025-04-11T10:46:03.645607+0800 ERROR SENT: G250 S21
2025-04-11T10:46:03.645607+0800 ERROR write command G250 S21
2025-04-11T10:46:03.646607+0800 ERROR second command G250 S21
2025-04-11T10:46:03.646607+0800 ERROR finish command G250 S21
2025-04-11T10:46:03.646607+0800 ERROR SENT: G250 S800
2025-04-11T10:46:03.646607+0800 ERROR write command G250 S800
2025-04-11T10:46:03.646607+0800 ERROR second command G250 S800
2025-04-11T10:46:03.646607+0800 ERROR finish command G250 S800
2025-04-11T10:46:03.646607+0800 ERROR SENT: M154 S1
2025-04-11T10:46:03.646607+0800 ERROR write command M154 S1
2025-04-11T10:46:03.646607+0800 ERROR second command M154 S1
2025-04-11T10:46:03.646607+0800 ERROR finish command M154 S1
2025-04-11T10:46:07.583059+0800 ERROR SENT: M105
2025-04-11T10:46:07.583059+0800 ERROR write command M105
2025-04-11T10:46:07.583059+0800 ERROR second command M105
2025-04-11T10:46:07.583990+0800 ERROR finish command M105
2025-04-11T10:46:07.583990+0800 ERROR SENT: G250 S21
2025-04-11T10:46:07.583990+0800 ERROR write command G250 S21
2025-04-11T10:46:07.583990+0800 ERROR second command G250 S21
2025-04-11T10:46:07.583990+0800 ERROR finish command G250 S21
2025-04-11T10:46:07.583990+0800 ERROR SENT: G250 S800
2025-04-11T10:46:07.584989+0800 ERROR write command G250 S800
2025-04-11T10:46:07.584989+0800 ERROR second command G250 S800
2025-04-11T10:46:07.584989+0800 ERROR finish command G250 S800
2025-04-11T10:46:07.584989+0800 ERROR SENT: M154 S1
2025-04-11T10:46:07.584989+0800 ERROR write command M154 S1
2025-04-11T10:46:07.584989+0800 ERROR second command M154 S1
2025-04-11T10:46:07.584989+0800 ERROR finish command M154 S1
2025-04-11T10:46:11.536245+0800 ERROR SENT: M105
2025-04-11T10:46:11.536245+0800 ERROR write command M105
2025-04-11T10:46:11.537247+0800 ERROR second command M105
2025-04-11T10:46:11.537247+0800 ERROR finish command M105
2025-04-11T10:46:11.537247+0800 ERROR SENT: G250 S21
2025-04-11T10:46:11.537247+0800 ERROR write command G250 S21
2025-04-11T10:46:11.538246+0800 ERROR second command G250 S21
2025-04-11T10:46:11.538246+0800 ERROR finish command G250 S21
2025-04-11T10:46:11.538246+0800 ERROR SENT: G250 S800
2025-04-11T10:46:11.538246+0800 ERROR write command G250 S800
2025-04-11T10:46:11.538246+0800 ERROR second command G250 S800
2025-04-11T10:46:11.539246+0800 ERROR finish command G250 S800
2025-04-11T10:46:11.539246+0800 ERROR SENT: M154 S1
2025-04-11T10:46:11.539246+0800 ERROR write command M154 S1
2025-04-11T10:46:11.539246+0800 ERROR second command M154 S1
2025-04-11T10:46:11.539246+0800 ERROR finish command M154 S1
2025-04-11T10:46:15.520293+0800 ERROR SENT: M105
2025-04-11T10:46:15.520293+0800 ERROR write command M105
2025-04-11T10:46:15.520293+0800 ERROR second command M105
2025-04-11T10:46:15.521293+0800 ERROR finish command M105
2025-04-11T10:46:15.521293+0800 ERROR SENT: G250 S21
2025-04-11T10:46:15.521293+0800 ERROR write command G250 S21
2025-04-11T10:46:15.521293+0800 ERROR second command G250 S21
2025-04-11T10:46:15.521293+0800 ERROR finish command G250 S21
2025-04-11T10:46:15.521293+0800 ERROR SENT: G250 S800
2025-04-11T10:46:15.522293+0800 ERROR write command G250 S800
2025-04-11T10:46:15.522293+0800 ERROR second command G250 S800
2025-04-11T10:46:15.522293+0800 ERROR finish command G250 S800
2025-04-11T10:46:15.522293+0800 ERROR SENT: M154 S1
2025-04-11T10:46:15.522293+0800 ERROR write command M154 S1
2025-04-11T10:46:15.523293+0800 ERROR second command M154 S1
2025-04-11T10:46:15.523293+0800 ERROR finish command M154 S1
