2025-04-06T22:10:53.100375+0800 INFO 设备已成功连接
2025-04-06T22:10:53.101377+0800 ERROR SENT: M105
2025-04-06T22:10:53.101377+0800 ERROR write command M105
2025-04-06T22:10:53.101377+0800 ERROR second command M105
2025-04-06T22:10:53.101377+0800 ERROR finish command M105
2025-04-06T22:10:53.102376+0800 ERROR SENT: G250 S21
2025-04-06T22:10:53.102376+0800 ERROR write command G250 S21
2025-04-06T22:10:53.102376+0800 ERROR second command G250 S21
2025-04-06T22:10:53.102376+0800 ERROR finish command G250 S21
2025-04-06T22:10:53.102376+0800 ERROR SENT: G250 S800
2025-04-06T22:10:53.102376+0800 ERROR write command G250 S800
2025-04-06T22:10:53.102376+0800 ERROR second command G250 S800
2025-04-06T22:10:53.102376+0800 ERROR finish command G250 S800
2025-04-06T22:10:53.102376+0800 ERROR SENT: M154 S1
2025-04-06T22:10:53.103376+0800 ERROR write command M154 S1
2025-04-06T22:10:53.103376+0800 ERROR second command M154 S1
2025-04-06T22:10:53.103376+0800 ERROR finish command M154 S1
2025-04-06T22:10:53.104377+0800 ERROR SENT: 2025-04-06 22:10:53
2025-04-06T22:10:53.104377+0800 ERROR write command 2025-04-06 22:10:53
2025-04-06T22:10:53.105377+0800 ERROR second command 2025-04-06 22:10:53
2025-04-06T22:10:53.105377+0800 ERROR finish command 2025-04-06 22:10:53
2025-04-06T22:10:57.048413+0800 ERROR SENT: M105
2025-04-06T22:10:57.048413+0800 ERROR write command M105
2025-04-06T22:10:57.048413+0800 ERROR second command M105
2025-04-06T22:10:57.048413+0800 ERROR finish command M105
2025-04-06T22:10:57.049422+0800 ERROR SENT: G250 S21
2025-04-06T22:10:57.049422+0800 ERROR write command G250 S21
2025-04-06T22:10:57.049422+0800 ERROR second command G250 S21
2025-04-06T22:10:57.049422+0800 ERROR finish command G250 S21
2025-04-06T22:10:57.049422+0800 ERROR SENT: G250 S800
2025-04-06T22:10:57.050420+0800 ERROR write command G250 S800
2025-04-06T22:10:57.050420+0800 ERROR second command G250 S800
2025-04-06T22:10:57.050420+0800 ERROR finish command G250 S800
2025-04-06T22:10:57.050420+0800 ERROR SENT: M154 S1
2025-04-06T22:10:57.050420+0800 ERROR write command M154 S1
2025-04-06T22:10:57.051421+0800 ERROR second command M154 S1
2025-04-06T22:10:57.051421+0800 ERROR finish command M154 S1
2025-04-06T22:10:57.051421+0800 ERROR SENT: 2025-04-06 22:10:57
2025-04-06T22:10:57.051421+0800 ERROR write command 2025-04-06 22:10:57
2025-04-06T22:10:57.051421+0800 ERROR second command 2025-04-06 22:10:57
2025-04-06T22:10:57.052429+0800 ERROR finish command 2025-04-06 22:10:57
2025-04-06T22:11:01.271230+0800 ERROR SENT: M105
2025-04-06T22:11:01.271230+0800 ERROR write command M105
2025-04-06T22:11:01.271230+0800 ERROR second command M105
2025-04-06T22:11:01.271230+0800 ERROR finish command M105
2025-04-06T22:11:01.271230+0800 ERROR SENT: G250 S21
2025-04-06T22:11:01.272240+0800 ERROR write command G250 S21
2025-04-06T22:11:01.272240+0800 ERROR second command G250 S21
2025-04-06T22:11:01.272240+0800 ERROR finish command G250 S21
2025-04-06T22:11:01.272240+0800 ERROR SENT: G250 S800
2025-04-06T22:11:01.272240+0800 ERROR write command G250 S800
2025-04-06T22:11:01.272240+0800 ERROR second command G250 S800
2025-04-06T22:11:01.272240+0800 ERROR finish command G250 S800
2025-04-06T22:11:01.272240+0800 ERROR SENT: M154 S1
2025-04-06T22:11:01.273240+0800 ERROR write command M154 S1
2025-04-06T22:11:01.273240+0800 ERROR second command M154 S1
2025-04-06T22:11:01.273240+0800 ERROR finish command M154 S1
2025-04-06T22:11:01.273240+0800 ERROR SENT: 2025-04-06 22:11:01
2025-04-06T22:11:01.274238+0800 ERROR write command 2025-04-06 22:11:01
2025-04-06T22:11:01.274238+0800 ERROR second command 2025-04-06 22:11:01
2025-04-06T22:11:01.274238+0800 ERROR finish command 2025-04-06 22:11:01
2025-04-06T22:11:05.127869+0800 ERROR SENT: M105
2025-04-06T22:11:05.127869+0800 ERROR write command M105
2025-04-06T22:11:05.127869+0800 ERROR second command M105
2025-04-06T22:11:05.127869+0800 ERROR finish command M105
2025-04-06T22:11:05.127869+0800 ERROR SENT: G250 S21
2025-04-06T22:11:05.128800+0800 ERROR write command G250 S21
2025-04-06T22:11:05.128800+0800 ERROR second command G250 S21
2025-04-06T22:11:05.128800+0800 ERROR finish command G250 S21
2025-04-06T22:11:05.128800+0800 ERROR SENT: G250 S800
2025-04-06T22:11:05.128800+0800 ERROR write command G250 S800
2025-04-06T22:11:05.128800+0800 ERROR second command G250 S800
2025-04-06T22:11:05.128800+0800 ERROR finish command G250 S800
2025-04-06T22:11:05.128800+0800 ERROR SENT: M154 S1
2025-04-06T22:11:05.129800+0800 ERROR write command M154 S1
2025-04-06T22:11:05.129800+0800 ERROR second command M154 S1
2025-04-06T22:11:05.129800+0800 ERROR finish command M154 S1
2025-04-06T22:11:05.129800+0800 ERROR SENT: 2025-04-06 22:11:05
2025-04-06T22:11:05.130800+0800 ERROR write command 2025-04-06 22:11:05
2025-04-06T22:11:05.130800+0800 ERROR second command 2025-04-06 22:11:05
2025-04-06T22:11:05.130800+0800 ERROR finish command 2025-04-06 22:11:05
2025-04-06T22:11:09.027550+0800 ERROR SENT: M105
2025-04-06T22:11:09.027550+0800 ERROR write command M105
2025-04-06T22:11:09.027550+0800 ERROR second command M105
2025-04-06T22:11:09.027550+0800 ERROR finish command M105
2025-04-06T22:11:09.027550+0800 ERROR SENT: G250 S21
2025-04-06T22:11:09.028442+0800 ERROR write command G250 S21
2025-04-06T22:11:09.028442+0800 ERROR second command G250 S21
2025-04-06T22:11:09.028442+0800 ERROR finish command G250 S21
2025-04-06T22:11:09.028442+0800 ERROR SENT: G250 S800
2025-04-06T22:11:09.028442+0800 ERROR write command G250 S800
2025-04-06T22:11:09.029440+0800 ERROR second command G250 S800
2025-04-06T22:11:09.029440+0800 ERROR finish command G250 S800
2025-04-06T22:11:09.029440+0800 ERROR SENT: M154 S1
2025-04-06T22:11:09.029440+0800 ERROR write command M154 S1
2025-04-06T22:11:09.030479+0800 ERROR second command M154 S1
2025-04-06T22:11:09.030479+0800 ERROR finish command M154 S1
2025-04-06T22:11:09.030479+0800 ERROR SENT: 2025-04-06 22:11:09
2025-04-06T22:11:09.030479+0800 ERROR write command 2025-04-06 22:11:09
2025-04-06T22:11:09.031440+0800 ERROR second command 2025-04-06 22:11:09
2025-04-06T22:11:09.031440+0800 ERROR finish command 2025-04-06 22:11:09
