2025-04-07T06:57:42.480841+0800 INFO 设备已成功连接
2025-04-07T06:57:42.480841+0800 ERROR SENT: M105
2025-04-07T06:57:42.480841+0800 ERROR write command M105
2025-04-07T06:57:42.480841+0800 ERROR second command M105
2025-04-07T06:57:42.481930+0800 ERROR finish command M105
2025-04-07T06:57:42.481930+0800 ERROR SENT: G250 S21
2025-04-07T06:57:42.481930+0800 ERROR write command G250 S21
2025-04-07T06:57:42.482842+0800 ERROR second command G250 S21
2025-04-07T06:57:42.482842+0800 ERROR finish command G250 S21
2025-04-07T06:57:42.482842+0800 ERROR SENT: G250 S800
2025-04-07T06:57:42.483841+0800 ERROR write command G250 S800
2025-04-07T06:57:42.483841+0800 ERROR second command G250 S800
2025-04-07T06:57:42.483841+0800 ERROR finish command G250 S800
2025-04-07T06:57:42.483841+0800 ERROR SENT: M154 S1
2025-04-07T06:57:42.483841+0800 ERROR write command M154 S1
2025-04-07T06:57:42.483841+0800 ERROR second command M154 S1
2025-04-07T06:57:42.483841+0800 ERROR finish command M154 S1
2025-04-07T06:57:46.365756+0800 ERROR SENT: M105
2025-04-07T06:57:46.365756+0800 ERROR write command M105
2025-04-07T06:57:46.365756+0800 ERROR second command M105
2025-04-07T06:57:46.365756+0800 ERROR finish command M105
2025-04-07T06:57:46.365756+0800 ERROR SENT: G250 S21
2025-04-07T06:57:46.365756+0800 ERROR write command G250 S21
2025-04-07T06:57:46.365756+0800 ERROR second command G250 S21
2025-04-07T06:57:46.366766+0800 ERROR finish command G250 S21
2025-04-07T06:57:46.366766+0800 ERROR SENT: G250 S800
2025-04-07T06:57:46.366766+0800 ERROR write command G250 S800
2025-04-07T06:57:46.366766+0800 ERROR second command G250 S800
2025-04-07T06:57:46.366766+0800 ERROR finish command G250 S800
2025-04-07T06:57:46.366766+0800 ERROR SENT: M154 S1
2025-04-07T06:57:46.366766+0800 ERROR write command M154 S1
2025-04-07T06:57:46.367765+0800 ERROR second command M154 S1
2025-04-07T06:57:46.367765+0800 ERROR finish command M154 S1
2025-04-07T06:57:50.601600+0800 ERROR SENT: M105
2025-04-07T06:57:50.601600+0800 ERROR write command M105
2025-04-07T06:57:50.601600+0800 ERROR second command M105
2025-04-07T06:57:50.602610+0800 ERROR finish command M105
2025-04-07T06:57:50.602610+0800 ERROR SENT: G250 S21
2025-04-07T06:57:50.602610+0800 ERROR write command G250 S21
2025-04-07T06:57:50.602610+0800 ERROR second command G250 S21
2025-04-07T06:57:50.602610+0800 ERROR finish command G250 S21
2025-04-07T06:57:50.602610+0800 ERROR SENT: G250 S800
2025-04-07T06:57:50.602610+0800 ERROR write command G250 S800
2025-04-07T06:57:50.602610+0800 ERROR second command G250 S800
2025-04-07T06:57:50.602610+0800 ERROR finish command G250 S800
2025-04-07T06:57:50.603608+0800 ERROR SENT: M154 S1
2025-04-07T06:57:50.603608+0800 ERROR write command M154 S1
2025-04-07T06:57:50.603608+0800 ERROR second command M154 S1
2025-04-07T06:57:50.603608+0800 ERROR finish command M154 S1
