2025-05-11T07:15:56.244182+0800 INFO G91
2025-05-11T07:15:56.244182+0800 INFO Not connected to printer.
2025-05-11T07:15:56.244182+0800 INFO G28 X
2025-05-11T07:15:56.244182+0800 INFO Not connected to printer.
2025-05-11T07:15:56.244182+0800 INFO G90
2025-05-11T07:15:56.244182+0800 INFO Not connected to printer.
2025-05-11T07:15:56.819451+0800 INFO G91
2025-05-11T07:15:56.819451+0800 INFO Not connected to printer.
2025-05-11T07:15:56.819451+0800 INFO G28 Y
2025-05-11T07:15:56.819451+0800 INFO Not connected to printer.
2025-05-11T07:15:56.819451+0800 INFO G90
2025-05-11T07:15:56.819451+0800 INFO Not connected to printer.
2025-05-11T07:15:57.435766+0800 INFO G91
2025-05-11T07:15:57.435766+0800 INFO Not connected to printer.
2025-05-11T07:15:57.435766+0800 INFO G28 Z
2025-05-11T07:15:57.435766+0800 INFO Not connected to printer.
2025-05-11T07:15:57.435766+0800 INFO G90
2025-05-11T07:15:57.436772+0800 INFO Not connected to printer.
2025-05-11T07:15:57.942558+0800 INFO G91
2025-05-11T07:15:57.942558+0800 INFO Not connected to printer.
2025-05-11T07:15:57.942558+0800 INFO G28
2025-05-11T07:15:57.942558+0800 INFO Not connected to printer.
2025-05-11T07:15:57.943644+0800 INFO G90
2025-05-11T07:15:57.943644+0800 INFO Not connected to printer.
2025-05-11T07:15:58.764582+0800 INFO G91
2025-05-11T07:15:58.764582+0800 INFO Not connected to printer.
2025-05-11T07:15:58.765581+0800 INFO L1 E0.1 F200
2025-05-11T07:15:58.765581+0800 INFO Not connected to printer.
2025-05-11T07:15:58.765581+0800 INFO G90
2025-05-11T07:15:58.765581+0800 INFO Not connected to printer.
2025-05-11T07:15:59.731295+0800 INFO M290 Z-0.1
2025-05-11T07:15:59.731295+0800 INFO Not connected to printer.
2025-05-11T07:16:01.068247+0800 INFO M290 Z0.1
2025-05-11T07:16:01.068247+0800 INFO Not connected to printer.
2025-05-11T07:16:02.339113+0800 INFO G91
2025-05-11T07:16:02.339113+0800 INFO Not connected to printer.
2025-05-11T07:16:02.339113+0800 INFO L1 Y0.1 F3000
2025-05-11T07:16:02.339113+0800 INFO Not connected to printer.
2025-05-11T07:16:02.339113+0800 INFO G90
2025-05-11T07:16:02.339113+0800 INFO Not connected to printer.
2025-05-11T07:16:02.706634+0800 INFO G91
2025-05-11T07:16:02.706634+0800 INFO Not connected to printer.
2025-05-11T07:16:02.707543+0800 INFO L1 Y0.1 F3000
2025-05-11T07:16:02.707543+0800 INFO Not connected to printer.
2025-05-11T07:16:02.707543+0800 INFO G90
2025-05-11T07:16:02.707543+0800 INFO Not connected to printer.
2025-05-11T07:16:02.899324+0800 INFO G91
2025-05-11T07:16:02.899324+0800 INFO Not connected to printer.
2025-05-11T07:16:02.899324+0800 INFO L1 Y0.1 F3000
2025-05-11T07:16:02.900391+0800 INFO Not connected to printer.
2025-05-11T07:16:02.900391+0800 INFO G90
2025-05-11T07:16:02.900391+0800 INFO Not connected to printer.
2025-05-11T07:16:03.066345+0800 INFO G91
2025-05-11T07:16:03.066345+0800 INFO Not connected to printer.
2025-05-11T07:16:03.066345+0800 INFO L1 Y0.1 F3000
2025-05-11T07:16:03.067342+0800 INFO Not connected to printer.
2025-05-11T07:16:03.067342+0800 INFO G90
2025-05-11T07:16:03.067342+0800 INFO Not connected to printer.
2025-05-11T07:16:03.212449+0800 INFO G91
2025-05-11T07:16:03.213444+0800 INFO Not connected to printer.
2025-05-11T07:16:03.213444+0800 INFO L1 Y0.1 F3000
2025-05-11T07:16:03.213444+0800 INFO Not connected to printer.
2025-05-11T07:16:03.213444+0800 INFO G90
2025-05-11T07:16:03.213444+0800 INFO Not connected to printer.
2025-05-11T07:16:24.805008+0800 INFO G91
2025-05-11T07:16:24.805008+0800 INFO Not connected to printer.
2025-05-11T07:16:24.805008+0800 INFO G28
2025-05-11T07:16:24.805008+0800 INFO Not connected to printer.
2025-05-11T07:16:24.805008+0800 INFO G90
2025-05-11T07:16:24.805008+0800 INFO Not connected to printer.
2025-05-11T07:16:25.276243+0800 INFO G91
2025-05-11T07:16:25.276243+0800 INFO Not connected to printer.
2025-05-11T07:16:25.276243+0800 INFO G28
2025-05-11T07:16:25.277240+0800 INFO Not connected to printer.
2025-05-11T07:16:25.277240+0800 INFO G90
2025-05-11T07:16:25.277240+0800 INFO Not connected to printer.
2025-05-11T07:16:25.467816+0800 INFO G91
2025-05-11T07:16:25.467816+0800 INFO Not connected to printer.
2025-05-11T07:16:25.467816+0800 INFO G28
2025-05-11T07:16:25.467816+0800 INFO Not connected to printer.
2025-05-11T07:16:25.467816+0800 INFO G90
2025-05-11T07:16:25.467816+0800 INFO Not connected to printer.
