2025-04-08T13:09:07.864809+0800 INFO 设备已成功连接
2025-04-08T13:09:07.866548+0800 ERROR SENT: M105
2025-04-08T13:09:07.866548+0800 ERROR write command M105
2025-04-08T13:09:07.866548+0800 ERROR second command M105
2025-04-08T13:09:07.867560+0800 ERROR finish command M105
2025-04-08T13:09:07.867560+0800 ERROR SENT: G250 S21
2025-04-08T13:09:07.867560+0800 ERROR write command G250 S21
2025-04-08T13:09:07.867560+0800 ERROR second command G250 S21
2025-04-08T13:09:07.867560+0800 ERROR finish command G250 S21
2025-04-08T13:09:07.867560+0800 ERROR SENT: G250 S800
2025-04-08T13:09:07.868558+0800 ERROR write command G250 S800
2025-04-08T13:09:07.868558+0800 ERROR second command G250 S800
2025-04-08T13:09:07.868558+0800 ERROR finish command G250 S800
2025-04-08T13:09:07.868558+0800 ERROR SENT: M154 S1
2025-04-08T13:09:07.868558+0800 ERROR write command M154 S1
2025-04-08T13:09:07.868558+0800 ERROR second command M154 S1
2025-04-08T13:09:07.868558+0800 ERROR finish command M154 S1
2025-04-08T13:09:11.748633+0800 ERROR SENT: M105
2025-04-08T13:09:11.748633+0800 ERROR write command M105
2025-04-08T13:09:11.749522+0800 ERROR second command M105
2025-04-08T13:09:11.749522+0800 ERROR finish command M105
2025-04-08T13:09:11.749522+0800 ERROR SENT: G250 S21
2025-04-08T13:09:11.749522+0800 ERROR write command G250 S21
2025-04-08T13:09:11.749522+0800 ERROR second command G250 S21
2025-04-08T13:09:11.749522+0800 ERROR finish command G250 S21
2025-04-08T13:09:11.749522+0800 ERROR SENT: G250 S800
2025-04-08T13:09:11.749522+0800 ERROR write command G250 S800
2025-04-08T13:09:11.749522+0800 ERROR second command G250 S800
2025-04-08T13:09:11.749522+0800 ERROR finish command G250 S800
2025-04-08T13:09:11.750521+0800 ERROR SENT: M154 S1
2025-04-08T13:09:11.750750+0800 ERROR write command M154 S1
2025-04-08T13:09:11.750750+0800 ERROR second command M154 S1
2025-04-08T13:09:11.750750+0800 ERROR finish command M154 S1
2025-04-08T13:09:16.022698+0800 ERROR SENT: M105
2025-04-08T13:09:16.022698+0800 ERROR write command M105
2025-04-08T13:09:16.022698+0800 ERROR second command M105
2025-04-08T13:09:16.022698+0800 ERROR finish command M105
2025-04-08T13:09:16.022698+0800 ERROR SENT: G250 S21
2025-04-08T13:09:16.022698+0800 ERROR write command G250 S21
2025-04-08T13:09:16.022698+0800 ERROR second command G250 S21
2025-04-08T13:09:16.023773+0800 ERROR finish command G250 S21
2025-04-08T13:09:16.023773+0800 ERROR SENT: G250 S800
2025-04-08T13:09:16.023773+0800 ERROR write command G250 S800
2025-04-08T13:09:16.023773+0800 ERROR second command G250 S800
2025-04-08T13:09:16.023773+0800 ERROR finish command G250 S800
2025-04-08T13:09:16.023773+0800 ERROR SENT: M154 S1
2025-04-08T13:09:16.023773+0800 ERROR write command M154 S1
2025-04-08T13:09:16.023773+0800 ERROR second command M154 S1
2025-04-08T13:09:16.023773+0800 ERROR finish command M154 S1
2025-04-08T13:09:19.919174+0800 ERROR SENT: M105
2025-04-08T13:09:19.919690+0800 ERROR write command M105
2025-04-08T13:09:19.919690+0800 ERROR second command M105
2025-04-08T13:09:19.919690+0800 ERROR finish command M105
2025-04-08T13:09:19.920205+0800 ERROR SENT: G250 S21
2025-04-08T13:09:19.920205+0800 ERROR write command G250 S21
2025-04-08T13:09:19.920205+0800 ERROR second command G250 S21
2025-04-08T13:09:19.920719+0800 ERROR finish command G250 S21
2025-04-08T13:09:19.920719+0800 ERROR SENT: G250 S800
2025-04-08T13:09:19.920719+0800 ERROR write command G250 S800
2025-04-08T13:09:19.920719+0800 ERROR second command G250 S800
2025-04-08T13:09:19.921235+0800 ERROR finish command G250 S800
2025-04-08T13:09:19.921235+0800 ERROR SENT: M154 S1
2025-04-08T13:09:19.921235+0800 ERROR write command M154 S1
2025-04-08T13:09:19.921235+0800 ERROR second command M154 S1
2025-04-08T13:09:19.921750+0800 ERROR finish command M154 S1
2025-04-08T13:09:23.831883+0800 ERROR SENT: M105
2025-04-08T13:09:23.831883+0800 ERROR write command M105
2025-04-08T13:09:23.831883+0800 ERROR second command M105
2025-04-08T13:09:23.831883+0800 ERROR finish command M105
2025-04-08T13:09:23.832883+0800 ERROR SENT: G250 S21
2025-04-08T13:09:23.832883+0800 ERROR write command G250 S21
2025-04-08T13:09:23.832883+0800 ERROR second command G250 S21
2025-04-08T13:09:23.832883+0800 ERROR finish command G250 S21
2025-04-08T13:09:23.832883+0800 ERROR SENT: G250 S800
2025-04-08T13:09:23.832883+0800 ERROR write command G250 S800
2025-04-08T13:09:23.832883+0800 ERROR second command G250 S800
2025-04-08T13:09:23.833884+0800 ERROR finish command G250 S800
2025-04-08T13:09:23.833884+0800 ERROR SENT: M154 S1
2025-04-08T13:09:23.833884+0800 ERROR write command M154 S1
2025-04-08T13:09:23.833884+0800 ERROR second command M154 S1
2025-04-08T13:09:23.833884+0800 ERROR finish command M154 S1
2025-04-08T13:09:27.695579+0800 ERROR SENT: M105
2025-04-08T13:09:27.695579+0800 ERROR write command M105
2025-04-08T13:09:27.696580+0800 ERROR second command M105
2025-04-08T13:09:27.696580+0800 ERROR finish command M105
2025-04-08T13:09:27.696580+0800 ERROR SENT: G250 S21
2025-04-08T13:09:27.696580+0800 ERROR write command G250 S21
2025-04-08T13:09:27.696580+0800 ERROR second command G250 S21
2025-04-08T13:09:27.696580+0800 ERROR finish command G250 S21
2025-04-08T13:09:27.697578+0800 ERROR SENT: G250 S800
2025-04-08T13:09:27.697578+0800 ERROR write command G250 S800
2025-04-08T13:09:27.697578+0800 ERROR second command G250 S800
2025-04-08T13:09:27.697578+0800 ERROR finish command G250 S800
2025-04-08T13:09:27.697578+0800 ERROR SENT: M154 S1
2025-04-08T13:09:27.697578+0800 ERROR write command M154 S1
2025-04-08T13:09:27.697578+0800 ERROR second command M154 S1
2025-04-08T13:09:27.697578+0800 ERROR finish command M154 S1
2025-04-08T13:09:31.587709+0800 ERROR SENT: M105
2025-04-08T13:09:31.587709+0800 ERROR write command M105
2025-04-08T13:09:31.587709+0800 ERROR second command M105
2025-04-08T13:09:31.588639+0800 ERROR finish command M105
2025-04-08T13:09:31.588639+0800 ERROR SENT: G250 S21
2025-04-08T13:09:31.588639+0800 ERROR write command G250 S21
2025-04-08T13:09:31.588639+0800 ERROR second command G250 S21
2025-04-08T13:09:31.588639+0800 ERROR finish command G250 S21
2025-04-08T13:09:31.588639+0800 ERROR SENT: G250 S800
2025-04-08T13:09:31.588639+0800 ERROR write command G250 S800
2025-04-08T13:09:31.589640+0800 ERROR second command G250 S800
2025-04-08T13:09:31.589640+0800 ERROR finish command G250 S800
2025-04-08T13:09:31.589640+0800 ERROR SENT: M154 S1
2025-04-08T13:09:31.589640+0800 ERROR write command M154 S1
2025-04-08T13:09:31.589640+0800 ERROR second command M154 S1
2025-04-08T13:09:31.589640+0800 ERROR finish command M154 S1
2025-04-08T13:09:35.497369+0800 ERROR SENT: M105
2025-04-08T13:09:35.497369+0800 ERROR write command M105
2025-04-08T13:09:35.498301+0800 ERROR second command M105
2025-04-08T13:09:35.498301+0800 ERROR finish command M105
2025-04-08T13:09:35.498301+0800 ERROR SENT: G250 S21
2025-04-08T13:09:35.498301+0800 ERROR write command G250 S21
2025-04-08T13:09:35.498301+0800 ERROR second command G250 S21
2025-04-08T13:09:35.498301+0800 ERROR finish command G250 S21
2025-04-08T13:09:35.498301+0800 ERROR SENT: G250 S800
2025-04-08T13:09:35.498301+0800 ERROR write command G250 S800
2025-04-08T13:09:35.499301+0800 ERROR second command G250 S800
2025-04-08T13:09:35.499301+0800 ERROR finish command G250 S800
2025-04-08T13:09:35.499301+0800 ERROR SENT: M154 S1
2025-04-08T13:09:35.499301+0800 ERROR write command M154 S1
2025-04-08T13:09:35.499301+0800 ERROR second command M154 S1
2025-04-08T13:09:35.499301+0800 ERROR finish command M154 S1
2025-04-08T13:09:39.375210+0800 ERROR SENT: M105
2025-04-08T13:09:39.375210+0800 ERROR write command M105
2025-04-08T13:09:39.375717+0800 ERROR second command M105
2025-04-08T13:09:39.375717+0800 ERROR finish command M105
2025-04-08T13:09:39.375717+0800 ERROR SENT: G250 S21
2025-04-08T13:09:39.375717+0800 ERROR write command G250 S21
2025-04-08T13:09:39.375717+0800 ERROR second command G250 S21
2025-04-08T13:09:39.375717+0800 ERROR finish command G250 S21
2025-04-08T13:09:39.376720+0800 ERROR SENT: G250 S800
2025-04-08T13:09:39.376720+0800 ERROR write command G250 S800
2025-04-08T13:09:39.376720+0800 ERROR second command G250 S800
2025-04-08T13:09:39.376720+0800 ERROR finish command G250 S800
2025-04-08T13:09:39.376720+0800 ERROR SENT: M154 S1
2025-04-08T13:09:39.376720+0800 ERROR write command M154 S1
2025-04-08T13:09:39.376720+0800 ERROR second command M154 S1
2025-04-08T13:09:39.377720+0800 ERROR finish command M154 S1
