2025-04-06T21:53:53.564836+0800 INFO 设备已成功连接
2025-04-06T21:53:53.565836+0800 ERROR SENT: M105
2025-04-06T21:53:53.565836+0800 ERROR write command M105
2025-04-06T21:53:53.566836+0800 ERROR second command M105
2025-04-06T21:53:53.566836+0800 ERROR finish command M105
2025-04-06T21:53:53.566836+0800 ERROR SENT: G250 S21
2025-04-06T21:53:53.566836+0800 ERROR write command G250 S21
2025-04-06T21:53:54.026836+0800 ERROR second command G250 S21
2025-04-06T21:53:54.026836+0800 ERROR finish command G250 S21
2025-04-06T21:53:54.026836+0800 ERROR SENT: G250 S800
2025-04-06T21:53:54.026836+0800 ERROR write command G250 S800
2025-04-06T21:53:54.027837+0800 ERROR second command G250 S800
2025-04-06T21:53:54.027837+0800 ERROR finish command G250 S800
2025-04-06T21:53:54.027837+0800 ERROR SENT: M154 S1
2025-04-06T21:53:54.027837+0800 ERROR write command M154 S1
2025-04-06T21:53:54.027837+0800 ERROR second command M154 S1
2025-04-06T21:53:54.028835+0800 ERROR finish command M154 S1
2025-04-06T21:53:54.028835+0800 ERROR SENT: 2025-04-06 21:53:54
2025-04-06T21:53:54.028835+0800 ERROR write command 2025-04-06 21:53:54
2025-04-06T21:53:54.029835+0800 ERROR second command 2025-04-06 21:53:54
2025-04-06T21:53:54.029835+0800 ERROR finish command 2025-04-06 21:53:54
2025-04-06T21:53:55.983461+0800 INFO G91
2025-04-06T21:53:55.983461+0800 INFO Not connected to printer.
2025-04-06T21:53:55.984535+0800 INFO G28 X
2025-04-06T21:53:55.984535+0800 INFO Not connected to printer.
2025-04-06T21:53:55.984535+0800 INFO G90
2025-04-06T21:53:55.984535+0800 INFO Not connected to printer.
2025-04-06T21:53:57.938871+0800 ERROR SENT: M105
2025-04-06T21:53:57.938871+0800 ERROR write command M105
2025-04-06T21:53:57.938871+0800 ERROR second command M105
2025-04-06T21:53:57.939797+0800 ERROR finish command M105
2025-04-06T21:53:57.939797+0800 ERROR SENT: G250 S21
2025-04-06T21:53:57.939797+0800 ERROR write command G250 S21
2025-04-06T21:53:57.939797+0800 ERROR second command G250 S21
2025-04-06T21:53:57.939797+0800 ERROR finish command G250 S21
2025-04-06T21:53:57.939797+0800 ERROR SENT: G250 S800
2025-04-06T21:53:57.939797+0800 ERROR write command G250 S800
2025-04-06T21:53:57.940797+0800 ERROR second command G250 S800
2025-04-06T21:53:57.940797+0800 ERROR finish command G250 S800
2025-04-06T21:53:57.940797+0800 ERROR SENT: M154 S1
2025-04-06T21:53:57.940797+0800 ERROR write command M154 S1
2025-04-06T21:53:57.940797+0800 ERROR second command M154 S1
2025-04-06T21:53:57.940797+0800 ERROR finish command M154 S1
2025-04-06T21:53:57.940797+0800 ERROR SENT: 2025-04-06 21:53:57
2025-04-06T21:53:57.941798+0800 ERROR write command 2025-04-06 21:53:57
2025-04-06T21:53:57.941798+0800 ERROR second command 2025-04-06 21:53:57
2025-04-06T21:53:57.941798+0800 ERROR finish command 2025-04-06 21:53:57
2025-04-06T21:54:01.841982+0800 ERROR SENT: M105
2025-04-06T21:54:01.841982+0800 ERROR write command M105
2025-04-06T21:54:01.841982+0800 ERROR second command M105
2025-04-06T21:54:01.842915+0800 ERROR finish command M105
2025-04-06T21:54:01.842915+0800 ERROR SENT: G250 S21
2025-04-06T21:54:01.842915+0800 ERROR write command G250 S21
2025-04-06T21:54:01.842915+0800 ERROR second command G250 S21
2025-04-06T21:54:01.842915+0800 ERROR finish command G250 S21
2025-04-06T21:54:01.842915+0800 ERROR SENT: G250 S800
2025-04-06T21:54:01.842915+0800 ERROR write command G250 S800
2025-04-06T21:54:01.842915+0800 ERROR second command G250 S800
2025-04-06T21:54:01.843915+0800 ERROR finish command G250 S800
2025-04-06T21:54:01.843915+0800 ERROR SENT: M154 S1
2025-04-06T21:54:01.843915+0800 ERROR write command M154 S1
2025-04-06T21:54:01.843915+0800 ERROR second command M154 S1
2025-04-06T21:54:01.843915+0800 ERROR finish command M154 S1
2025-04-06T21:54:01.843915+0800 ERROR SENT: 2025-04-06 21:54:01
2025-04-06T21:54:01.844915+0800 ERROR write command 2025-04-06 21:54:01
2025-04-06T21:54:01.844915+0800 ERROR second command 2025-04-06 21:54:01
2025-04-06T21:54:01.844915+0800 ERROR finish command 2025-04-06 21:54:01
2025-04-06T21:54:05.755602+0800 ERROR SENT: M105
2025-04-06T21:54:05.755602+0800 ERROR write command M105
2025-04-06T21:54:05.756535+0800 ERROR second command M105
2025-04-06T21:54:05.756535+0800 ERROR finish command M105
2025-04-06T21:54:05.756535+0800 ERROR SENT: G250 S21
2025-04-06T21:54:05.756535+0800 ERROR write command G250 S21
2025-04-06T21:54:05.757535+0800 ERROR second command G250 S21
2025-04-06T21:54:05.757535+0800 ERROR finish command G250 S21
2025-04-06T21:54:05.757535+0800 ERROR SENT: G250 S800
2025-04-06T21:54:05.757535+0800 ERROR write command G250 S800
2025-04-06T21:54:05.757535+0800 ERROR second command G250 S800
2025-04-06T21:54:05.757535+0800 ERROR finish command G250 S800
2025-04-06T21:54:05.757535+0800 ERROR SENT: M154 S1
2025-04-06T21:54:05.757535+0800 ERROR write command M154 S1
2025-04-06T21:54:05.757535+0800 ERROR second command M154 S1
2025-04-06T21:54:05.757535+0800 ERROR finish command M154 S1
2025-04-06T21:54:05.758535+0800 ERROR SENT: 2025-04-06 21:54:05
2025-04-06T21:54:05.758535+0800 ERROR write command 2025-04-06 21:54:05
2025-04-06T21:54:05.758535+0800 ERROR second command 2025-04-06 21:54:05
2025-04-06T21:54:05.758535+0800 ERROR finish command 2025-04-06 21:54:05
2025-04-06T21:54:09.688838+0800 ERROR SENT: M105
2025-04-06T21:54:09.688838+0800 ERROR write command M105
2025-04-06T21:54:09.688838+0800 ERROR second command M105
2025-04-06T21:54:09.689741+0800 ERROR finish command M105
2025-04-06T21:54:09.689741+0800 ERROR SENT: G250 S21
2025-04-06T21:54:09.689741+0800 ERROR write command G250 S21
2025-04-06T21:54:09.689741+0800 ERROR second command G250 S21
2025-04-06T21:54:09.689741+0800 ERROR finish command G250 S21
2025-04-06T21:54:09.689741+0800 ERROR SENT: G250 S800
2025-04-06T21:54:09.689741+0800 ERROR write command G250 S800
2025-04-06T21:54:09.689741+0800 ERROR second command G250 S800
2025-04-06T21:54:09.689741+0800 ERROR finish command G250 S800
2025-04-06T21:54:09.690741+0800 ERROR SENT: M154 S1
2025-04-06T21:54:09.690741+0800 ERROR write command M154 S1
2025-04-06T21:54:09.690741+0800 ERROR second command M154 S1
2025-04-06T21:54:09.690741+0800 ERROR finish command M154 S1
2025-04-06T21:54:09.690741+0800 ERROR SENT: 2025-04-06 21:54:09
2025-04-06T21:54:09.691773+0800 ERROR write command 2025-04-06 21:54:09
2025-04-06T21:54:09.691773+0800 ERROR second command 2025-04-06 21:54:09
2025-04-06T21:54:09.691773+0800 ERROR finish command 2025-04-06 21:54:09
2025-04-06T21:54:11.207140+0800 INFO G91
2025-04-06T21:54:11.207140+0800 INFO Not connected to printer.
2025-04-06T21:54:11.207140+0800 INFO G28 X
2025-04-06T21:54:11.207140+0800 INFO Not connected to printer.
2025-04-06T21:54:11.208154+0800 INFO G90
2025-04-06T21:54:11.208154+0800 INFO Not connected to printer.
2025-04-06T21:54:13.617039+0800 ERROR SENT: M105
2025-04-06T21:54:13.617039+0800 ERROR write command M105
2025-04-06T21:54:13.617039+0800 ERROR second command M105
2025-04-06T21:54:13.617039+0800 ERROR finish command M105
2025-04-06T21:54:13.617039+0800 ERROR SENT: G250 S21
2025-04-06T21:54:13.618048+0800 ERROR write command G250 S21
2025-04-06T21:54:13.618048+0800 ERROR second command G250 S21
2025-04-06T21:54:13.618048+0800 ERROR finish command G250 S21
2025-04-06T21:54:13.618048+0800 ERROR SENT: G250 S800
2025-04-06T21:54:13.618048+0800 ERROR write command G250 S800
2025-04-06T21:54:13.618048+0800 ERROR second command G250 S800
2025-04-06T21:54:13.618048+0800 ERROR finish command G250 S800
2025-04-06T21:54:13.618048+0800 ERROR SENT: M154 S1
2025-04-06T21:54:13.619048+0800 ERROR write command M154 S1
2025-04-06T21:54:13.619048+0800 ERROR second command M154 S1
2025-04-06T21:54:13.619048+0800 ERROR finish command M154 S1
2025-04-06T21:54:13.619048+0800 ERROR SENT: 2025-04-06 21:54:13
2025-04-06T21:54:13.620047+0800 ERROR write command 2025-04-06 21:54:13
2025-04-06T21:54:13.620047+0800 ERROR second command 2025-04-06 21:54:13
2025-04-06T21:54:13.620047+0800 ERROR finish command 2025-04-06 21:54:13
2025-04-06T21:54:13.879750+0800 INFO G91
2025-04-06T21:54:13.879750+0800 INFO Not connected to printer.
2025-04-06T21:54:13.879750+0800 INFO G28 X
2025-04-06T21:54:13.879750+0800 INFO Not connected to printer.
2025-04-06T21:54:13.879750+0800 INFO G90
2025-04-06T21:54:13.879750+0800 INFO Not connected to printer.
2025-04-06T21:54:17.469814+0800 ERROR SENT: M105
2025-04-06T21:54:17.469814+0800 ERROR write command M105
2025-04-06T21:54:17.469814+0800 ERROR second command M105
2025-04-06T21:54:17.470819+0800 ERROR finish command M105
2025-04-06T21:54:17.470819+0800 ERROR SENT: G250 S21
2025-04-06T21:54:17.470819+0800 ERROR write command G250 S21
2025-04-06T21:54:17.470819+0800 ERROR second command G250 S21
2025-04-06T21:54:17.470819+0800 ERROR finish command G250 S21
2025-04-06T21:54:17.470819+0800 ERROR SENT: G250 S800
2025-04-06T21:54:17.470819+0800 ERROR write command G250 S800
2025-04-06T21:54:17.470819+0800 ERROR second command G250 S800
2025-04-06T21:54:17.470819+0800 ERROR finish command G250 S800
2025-04-06T21:54:17.470819+0800 ERROR SENT: M154 S1
2025-04-06T21:54:17.471817+0800 ERROR write command M154 S1
2025-04-06T21:54:17.471817+0800 ERROR second command M154 S1
2025-04-06T21:54:17.471817+0800 ERROR finish command M154 S1
2025-04-06T21:54:17.471817+0800 ERROR SENT: 2025-04-06 21:54:17
2025-04-06T21:54:17.471817+0800 ERROR write command 2025-04-06 21:54:17
2025-04-06T21:54:17.472889+0800 ERROR second command 2025-04-06 21:54:17
2025-04-06T21:54:17.472889+0800 ERROR finish command 2025-04-06 21:54:17
2025-04-06T21:54:18.438757+0800 INFO G91
2025-04-06T21:54:18.438757+0800 INFO Not connected to printer.
2025-04-06T21:54:18.438757+0800 INFO G28 X
2025-04-06T21:54:18.438757+0800 INFO Not connected to printer.
2025-04-06T21:54:18.438757+0800 INFO G90
2025-04-06T21:54:18.438757+0800 INFO Not connected to printer.
2025-04-06T21:54:21.394604+0800 ERROR SENT: M105
2025-04-06T21:54:21.394604+0800 ERROR write command M105
2025-04-06T21:54:21.394604+0800 ERROR second command M105
2025-04-06T21:54:21.394604+0800 ERROR finish command M105
2025-04-06T21:54:21.394604+0800 ERROR SENT: G250 S21
2025-04-06T21:54:21.395614+0800 ERROR write command G250 S21
2025-04-06T21:54:21.395614+0800 ERROR second command G250 S21
2025-04-06T21:54:21.395614+0800 ERROR finish command G250 S21
2025-04-06T21:54:21.395614+0800 ERROR SENT: G250 S800
2025-04-06T21:54:21.395614+0800 ERROR write command G250 S800
2025-04-06T21:54:21.395614+0800 ERROR second command G250 S800
2025-04-06T21:54:21.395614+0800 ERROR finish command G250 S800
2025-04-06T21:54:21.395614+0800 ERROR SENT: M154 S1
2025-04-06T21:54:21.396614+0800 ERROR write command M154 S1
2025-04-06T21:54:21.396614+0800 ERROR second command M154 S1
2025-04-06T21:54:21.396614+0800 ERROR finish command M154 S1
2025-04-06T21:54:21.396614+0800 ERROR SENT: 2025-04-06 21:54:21
2025-04-06T21:54:21.397625+0800 ERROR write command 2025-04-06 21:54:21
2025-04-06T21:54:21.397625+0800 ERROR second command 2025-04-06 21:54:21
2025-04-06T21:54:21.397625+0800 ERROR finish command 2025-04-06 21:54:21
2025-04-06T21:54:25.314009+0800 ERROR SENT: M105
2025-04-06T21:54:25.314009+0800 ERROR write command M105
2025-04-06T21:54:25.314009+0800 ERROR second command M105
2025-04-06T21:54:25.314009+0800 ERROR finish command M105
2025-04-06T21:54:25.314009+0800 ERROR SENT: G250 S21
2025-04-06T21:54:25.314891+0800 ERROR write command G250 S21
2025-04-06T21:54:25.314891+0800 ERROR second command G250 S21
2025-04-06T21:54:25.314891+0800 ERROR finish command G250 S21
2025-04-06T21:54:25.314891+0800 ERROR SENT: G250 S800
2025-04-06T21:54:25.314891+0800 ERROR write command G250 S800
2025-04-06T21:54:25.314891+0800 ERROR second command G250 S800
2025-04-06T21:54:25.314891+0800 ERROR finish command G250 S800
2025-04-06T21:54:25.314891+0800 ERROR SENT: M154 S1
2025-04-06T21:54:25.315889+0800 ERROR write command M154 S1
2025-04-06T21:54:25.315889+0800 ERROR second command M154 S1
2025-04-06T21:54:25.316539+0800 ERROR finish command M154 S1
2025-04-06T21:54:25.316539+0800 ERROR SENT: 2025-04-06 21:54:25
2025-04-06T21:54:25.316539+0800 ERROR write command 2025-04-06 21:54:25
2025-04-06T21:54:25.316539+0800 ERROR second command 2025-04-06 21:54:25
2025-04-06T21:54:25.316539+0800 ERROR finish command 2025-04-06 21:54:25
2025-04-06T21:54:26.330516+0800 INFO G91
2025-04-06T21:54:26.330516+0800 INFO Not connected to printer.
2025-04-06T21:54:26.330516+0800 INFO G28 X
2025-04-06T21:54:26.330516+0800 INFO Not connected to printer.
2025-04-06T21:54:26.331603+0800 INFO G90
2025-04-06T21:54:26.331603+0800 INFO Not connected to printer.
2025-04-06T21:54:27.039252+0800 INFO G91
2025-04-06T21:54:27.039252+0800 INFO Not connected to printer.
2025-04-06T21:54:27.039252+0800 INFO G28 X
2025-04-06T21:54:27.039252+0800 INFO Not connected to printer.
2025-04-06T21:54:27.039252+0800 INFO G90
2025-04-06T21:54:27.039252+0800 INFO Not connected to printer.
2025-04-06T21:54:27.288372+0800 INFO G91
2025-04-06T21:54:27.288372+0800 INFO Not connected to printer.
2025-04-06T21:54:27.288372+0800 INFO G28 X
2025-04-06T21:54:27.288372+0800 INFO Not connected to printer.
2025-04-06T21:54:27.288372+0800 INFO G90
2025-04-06T21:54:27.289384+0800 INFO Not connected to printer.
2025-04-06T21:54:28.064234+0800 INFO G91
2025-04-06T21:54:28.064234+0800 INFO Not connected to printer.
2025-04-06T21:54:28.064234+0800 INFO G28 Y
2025-04-06T21:54:28.064234+0800 INFO Not connected to printer.
2025-04-06T21:54:28.065235+0800 INFO G90
2025-04-06T21:54:28.065235+0800 INFO Not connected to printer.
2025-04-06T21:54:29.166153+0800 ERROR SENT: M105
2025-04-06T21:54:29.166153+0800 ERROR write command M105
2025-04-06T21:54:29.166153+0800 ERROR second command M105
2025-04-06T21:54:29.167164+0800 ERROR finish command M105
2025-04-06T21:54:29.167164+0800 ERROR SENT: G250 S21
2025-04-06T21:54:29.167164+0800 ERROR write command G250 S21
2025-04-06T21:54:29.167164+0800 ERROR second command G250 S21
2025-04-06T21:54:29.167164+0800 ERROR finish command G250 S21
2025-04-06T21:54:29.167164+0800 ERROR SENT: G250 S800
2025-04-06T21:54:29.168162+0800 ERROR write command G250 S800
2025-04-06T21:54:29.168162+0800 ERROR second command G250 S800
2025-04-06T21:54:29.168162+0800 ERROR finish command G250 S800
2025-04-06T21:54:29.168162+0800 ERROR SENT: M154 S1
2025-04-06T21:54:29.168162+0800 ERROR write command M154 S1
2025-04-06T21:54:29.168162+0800 ERROR second command M154 S1
2025-04-06T21:54:29.169162+0800 ERROR finish command M154 S1
2025-04-06T21:54:29.169162+0800 ERROR SENT: 2025-04-06 21:54:29
2025-04-06T21:54:29.169640+0800 ERROR write command 2025-04-06 21:54:29
2025-04-06T21:54:29.169640+0800 ERROR second command 2025-04-06 21:54:29
2025-04-06T21:54:29.169640+0800 ERROR finish command 2025-04-06 21:54:29
2025-04-06T21:54:30.719244+0800 INFO G91
2025-04-06T21:54:30.719244+0800 INFO Not connected to printer.
2025-04-06T21:54:30.719244+0800 INFO G28 Y
2025-04-06T21:54:30.719244+0800 INFO Not connected to printer.
2025-04-06T21:54:30.719244+0800 INFO G90
2025-04-06T21:54:30.719244+0800 INFO Not connected to printer.
2025-04-06T21:54:33.077770+0800 ERROR SENT: M105
2025-04-06T21:54:33.077770+0800 ERROR write command M105
2025-04-06T21:54:33.077770+0800 ERROR second command M105
2025-04-06T21:54:33.077770+0800 ERROR finish command M105
2025-04-06T21:54:33.078788+0800 ERROR SENT: G250 S21
2025-04-06T21:54:33.078788+0800 ERROR write command G250 S21
2025-04-06T21:54:33.078788+0800 ERROR second command G250 S21
2025-04-06T21:54:33.078788+0800 ERROR finish command G250 S21
2025-04-06T21:54:33.078788+0800 ERROR SENT: G250 S800
2025-04-06T21:54:33.078788+0800 ERROR write command G250 S800
2025-04-06T21:54:33.078788+0800 ERROR second command G250 S800
2025-04-06T21:54:33.078788+0800 ERROR finish command G250 S800
2025-04-06T21:54:33.078788+0800 ERROR SENT: M154 S1
2025-04-06T21:54:33.079797+0800 ERROR write command M154 S1
2025-04-06T21:54:33.079797+0800 ERROR second command M154 S1
2025-04-06T21:54:33.079797+0800 ERROR finish command M154 S1
2025-04-06T21:54:33.079797+0800 ERROR SENT: 2025-04-06 21:54:33
2025-04-06T21:54:33.080849+0800 ERROR write command 2025-04-06 21:54:33
2025-04-06T21:54:33.080849+0800 ERROR second command 2025-04-06 21:54:33
2025-04-06T21:54:33.080849+0800 ERROR finish command 2025-04-06 21:54:33
2025-04-06T21:54:36.990526+0800 ERROR SENT: M105
2025-04-06T21:54:36.990526+0800 ERROR write command M105
2025-04-06T21:54:36.991536+0800 ERROR second command M105
2025-04-06T21:54:36.991536+0800 ERROR finish command M105
2025-04-06T21:54:36.991536+0800 ERROR SENT: G250 S21
2025-04-06T21:54:36.991536+0800 ERROR write command G250 S21
2025-04-06T21:54:36.991536+0800 ERROR second command G250 S21
2025-04-06T21:54:36.991536+0800 ERROR finish command G250 S21
2025-04-06T21:54:36.992535+0800 ERROR SENT: G250 S800
2025-04-06T21:54:36.992535+0800 ERROR write command G250 S800
2025-04-06T21:54:36.992535+0800 ERROR second command G250 S800
2025-04-06T21:54:36.992535+0800 ERROR finish command G250 S800
2025-04-06T21:54:36.992535+0800 ERROR SENT: M154 S1
2025-04-06T21:54:36.992535+0800 ERROR write command M154 S1
2025-04-06T21:54:36.993534+0800 ERROR second command M154 S1
2025-04-06T21:54:36.993534+0800 ERROR finish command M154 S1
2025-04-06T21:54:36.993534+0800 ERROR SENT: 2025-04-06 21:54:36
2025-04-06T21:54:36.993534+0800 ERROR write command 2025-04-06 21:54:36
2025-04-06T21:54:36.994240+0800 ERROR second command 2025-04-06 21:54:36
2025-04-06T21:54:36.994240+0800 ERROR finish command 2025-04-06 21:54:36
2025-04-06T21:54:40.927424+0800 ERROR SENT: M105
2025-04-06T21:54:40.927424+0800 ERROR write command M105
2025-04-06T21:54:40.927424+0800 ERROR second command M105
2025-04-06T21:54:40.927424+0800 ERROR finish command M105
2025-04-06T21:54:40.927424+0800 ERROR SENT: G250 S21
2025-04-06T21:54:40.927424+0800 ERROR write command G250 S21
2025-04-06T21:54:40.928328+0800 ERROR second command G250 S21
2025-04-06T21:54:40.928328+0800 ERROR finish command G250 S21
2025-04-06T21:54:40.928328+0800 ERROR SENT: G250 S800
2025-04-06T21:54:40.928328+0800 ERROR write command G250 S800
2025-04-06T21:54:40.928328+0800 ERROR second command G250 S800
2025-04-06T21:54:40.928328+0800 ERROR finish command G250 S800
2025-04-06T21:54:40.928328+0800 ERROR SENT: M154 S1
2025-04-06T21:54:40.929333+0800 ERROR write command M154 S1
2025-04-06T21:54:40.929333+0800 ERROR second command M154 S1
2025-04-06T21:54:40.929333+0800 ERROR finish command M154 S1
2025-04-06T21:54:40.929333+0800 ERROR SENT: 2025-04-06 21:54:40
2025-04-06T21:54:40.929333+0800 ERROR write command 2025-04-06 21:54:40
2025-04-06T21:54:40.930327+0800 ERROR second command 2025-04-06 21:54:40
2025-04-06T21:54:40.930327+0800 ERROR finish command 2025-04-06 21:54:40
2025-04-06T21:54:40.978029+0800 INFO G91
2025-04-06T21:54:40.978029+0800 INFO Not connected to printer.
2025-04-06T21:54:40.978029+0800 INFO G28 Y
2025-04-06T21:54:40.978029+0800 INFO Not connected to printer.
2025-04-06T21:54:40.978029+0800 INFO G90
2025-04-06T21:54:40.978029+0800 INFO Not connected to printer.
2025-04-06T21:54:43.256135+0800 INFO G91
2025-04-06T21:54:43.256135+0800 INFO Not connected to printer.
2025-04-06T21:54:43.256135+0800 INFO G28 Y
2025-04-06T21:54:43.257209+0800 INFO Not connected to printer.
2025-04-06T21:54:43.257209+0800 INFO G90
2025-04-06T21:54:43.257209+0800 INFO Not connected to printer.
2025-04-06T21:54:44.358889+0800 INFO G91
2025-04-06T21:54:44.358889+0800 INFO Not connected to printer.
2025-04-06T21:54:44.358889+0800 INFO G28 Z
2025-04-06T21:54:44.358889+0800 INFO Not connected to printer.
2025-04-06T21:54:44.358889+0800 INFO G90
2025-04-06T21:54:44.358889+0800 INFO Not connected to printer.
2025-04-06T21:54:44.822154+0800 INFO G91
2025-04-06T21:54:44.822154+0800 INFO Not connected to printer.
2025-04-06T21:54:44.822154+0800 INFO G28 Z
2025-04-06T21:54:44.822154+0800 INFO Not connected to printer.
2025-04-06T21:54:44.822154+0800 INFO G90
2025-04-06T21:54:44.823168+0800 INFO Not connected to printer.
2025-04-06T21:54:44.834278+0800 ERROR SENT: M105
2025-04-06T21:54:44.834278+0800 ERROR write command M105
2025-04-06T21:54:44.834278+0800 ERROR second command M105
2025-04-06T21:54:44.834278+0800 ERROR finish command M105
2025-04-06T21:54:44.835289+0800 ERROR SENT: G250 S21
2025-04-06T21:54:44.835289+0800 ERROR write command G250 S21
2025-04-06T21:54:44.835289+0800 ERROR second command G250 S21
2025-04-06T21:54:44.835289+0800 ERROR finish command G250 S21
2025-04-06T21:54:44.835289+0800 ERROR SENT: G250 S800
2025-04-06T21:54:44.835289+0800 ERROR write command G250 S800
2025-04-06T21:54:44.836288+0800 ERROR second command G250 S800
2025-04-06T21:54:44.836288+0800 ERROR finish command G250 S800
2025-04-06T21:54:44.836288+0800 ERROR SENT: M154 S1
2025-04-06T21:54:44.836288+0800 ERROR write command M154 S1
2025-04-06T21:54:44.836288+0800 ERROR second command M154 S1
2025-04-06T21:54:44.836288+0800 ERROR finish command M154 S1
2025-04-06T21:54:44.836288+0800 ERROR SENT: 2025-04-06 21:54:44
2025-04-06T21:54:44.837288+0800 ERROR write command 2025-04-06 21:54:44
2025-04-06T21:54:44.837288+0800 ERROR second command 2025-04-06 21:54:44
2025-04-06T21:54:44.837288+0800 ERROR finish command 2025-04-06 21:54:44
2025-04-06T21:54:45.007875+0800 INFO G91
2025-04-06T21:54:45.007875+0800 INFO Not connected to printer.
2025-04-06T21:54:45.007875+0800 INFO G28 Z
2025-04-06T21:54:45.008875+0800 INFO Not connected to printer.
2025-04-06T21:54:45.008875+0800 INFO G90
2025-04-06T21:54:45.008875+0800 INFO Not connected to printer.
2025-04-06T21:54:45.166635+0800 INFO G91
2025-04-06T21:54:45.167722+0800 INFO Not connected to printer.
2025-04-06T21:54:45.167722+0800 INFO G28 Z
2025-04-06T21:54:45.167722+0800 INFO Not connected to printer.
2025-04-06T21:54:45.167722+0800 INFO G90
2025-04-06T21:54:45.167722+0800 INFO Not connected to printer.
2025-04-06T21:54:45.336507+0800 INFO G91
2025-04-06T21:54:45.336507+0800 INFO Not connected to printer.
2025-04-06T21:54:45.336507+0800 INFO G28 Z
2025-04-06T21:54:45.336507+0800 INFO Not connected to printer.
2025-04-06T21:54:45.336507+0800 INFO G90
2025-04-06T21:54:45.337515+0800 INFO Not connected to printer.
2025-04-06T21:54:45.493504+0800 INFO G91
2025-04-06T21:54:45.493504+0800 INFO Not connected to printer.
2025-04-06T21:54:45.494539+0800 INFO G28 Z
2025-04-06T21:54:45.494539+0800 INFO Not connected to printer.
2025-04-06T21:54:45.494539+0800 INFO G90
2025-04-06T21:54:45.494539+0800 INFO Not connected to printer.
2025-04-06T21:54:45.646444+0800 INFO G91
2025-04-06T21:54:45.646444+0800 INFO Not connected to printer.
2025-04-06T21:54:45.647522+0800 INFO G28 Z
2025-04-06T21:54:45.647522+0800 INFO Not connected to printer.
2025-04-06T21:54:45.647522+0800 INFO G90
2025-04-06T21:54:45.647522+0800 INFO Not connected to printer.
2025-04-06T21:54:45.790492+0800 INFO G91
2025-04-06T21:54:45.790492+0800 INFO Not connected to printer.
2025-04-06T21:54:45.790492+0800 INFO G28 Z
2025-04-06T21:54:45.791571+0800 INFO Not connected to printer.
2025-04-06T21:54:45.791571+0800 INFO G90
2025-04-06T21:54:45.791571+0800 INFO Not connected to printer.
2025-04-06T21:54:45.985853+0800 INFO G91
2025-04-06T21:54:45.985853+0800 INFO Not connected to printer.
2025-04-06T21:54:45.985853+0800 INFO G28 Z
2025-04-06T21:54:45.985853+0800 INFO Not connected to printer.
2025-04-06T21:54:45.985853+0800 INFO G90
2025-04-06T21:54:45.986924+0800 INFO Not connected to printer.
2025-04-06T21:54:47.607817+0800 INFO G91
2025-04-06T21:54:47.607817+0800 INFO Not connected to printer.
2025-04-06T21:54:47.607817+0800 INFO G28 X
2025-04-06T21:54:47.607817+0800 INFO Not connected to printer.
2025-04-06T21:54:47.608817+0800 INFO G90
2025-04-06T21:54:47.608817+0800 INFO Not connected to printer.
2025-04-06T21:54:48.786367+0800 ERROR SENT: M105
2025-04-06T21:54:48.786367+0800 ERROR write command M105
2025-04-06T21:54:48.786367+0800 ERROR second command M105
2025-04-06T21:54:48.786367+0800 ERROR finish command M105
2025-04-06T21:54:48.786367+0800 ERROR SENT: G250 S21
2025-04-06T21:54:48.787298+0800 ERROR write command G250 S21
2025-04-06T21:54:48.787298+0800 ERROR second command G250 S21
2025-04-06T21:54:48.787298+0800 ERROR finish command G250 S21
2025-04-06T21:54:48.787298+0800 ERROR SENT: G250 S800
2025-04-06T21:54:48.787298+0800 ERROR write command G250 S800
2025-04-06T21:54:48.787298+0800 ERROR second command G250 S800
2025-04-06T21:54:48.787298+0800 ERROR finish command G250 S800
2025-04-06T21:54:48.787298+0800 ERROR SENT: M154 S1
2025-04-06T21:54:48.788298+0800 ERROR write command M154 S1
2025-04-06T21:54:48.788298+0800 ERROR second command M154 S1
2025-04-06T21:54:48.788298+0800 ERROR finish command M154 S1
2025-04-06T21:54:48.788298+0800 ERROR SENT: 2025-04-06 21:54:48
2025-04-06T21:54:48.789298+0800 ERROR write command 2025-04-06 21:54:48
2025-04-06T21:54:48.789298+0800 ERROR second command 2025-04-06 21:54:48
2025-04-06T21:54:48.789298+0800 ERROR finish command 2025-04-06 21:54:48
2025-04-06T21:54:52.718764+0800 ERROR SENT: M105
2025-04-06T21:54:52.718764+0800 ERROR write command M105
2025-04-06T21:54:52.718764+0800 ERROR second command M105
2025-04-06T21:54:52.718764+0800 ERROR finish command M105
2025-04-06T21:54:52.718764+0800 ERROR SENT: G250 S21
2025-04-06T21:54:52.719765+0800 ERROR write command G250 S21
2025-04-06T21:54:52.719765+0800 ERROR second command G250 S21
2025-04-06T21:54:52.719765+0800 ERROR finish command G250 S21
2025-04-06T21:54:52.719765+0800 ERROR SENT: G250 S800
2025-04-06T21:54:52.719765+0800 ERROR write command G250 S800
2025-04-06T21:54:52.719765+0800 ERROR second command G250 S800
2025-04-06T21:54:52.719765+0800 ERROR finish command G250 S800
2025-04-06T21:54:52.719765+0800 ERROR SENT: M154 S1
2025-04-06T21:54:52.719765+0800 ERROR write command M154 S1
2025-04-06T21:54:52.720764+0800 ERROR second command M154 S1
2025-04-06T21:54:52.720764+0800 ERROR finish command M154 S1
2025-04-06T21:54:52.720764+0800 ERROR SENT: 2025-04-06 21:54:52
2025-04-06T21:54:52.720764+0800 ERROR write command 2025-04-06 21:54:52
2025-04-06T21:54:52.720764+0800 ERROR second command 2025-04-06 21:54:52
2025-04-06T21:54:52.721764+0800 ERROR finish command 2025-04-06 21:54:52
2025-04-06T21:54:56.224544+0800 INFO G91
2025-04-06T21:54:56.224544+0800 INFO Not connected to printer.
2025-04-06T21:54:56.224544+0800 INFO G28 X
2025-04-06T21:54:56.224544+0800 INFO Not connected to printer.
2025-04-06T21:54:56.224544+0800 INFO G90
2025-04-06T21:54:56.224544+0800 INFO Not connected to printer.
2025-04-06T21:54:56.650343+0800 ERROR SENT: M105
2025-04-06T21:54:56.650343+0800 ERROR write command M105
2025-04-06T21:54:56.650343+0800 ERROR second command M105
2025-04-06T21:54:56.650343+0800 ERROR finish command M105
2025-04-06T21:54:56.651346+0800 ERROR SENT: G250 S21
2025-04-06T21:54:56.651346+0800 ERROR write command G250 S21
2025-04-06T21:54:56.651346+0800 ERROR second command G250 S21
2025-04-06T21:54:56.651346+0800 ERROR finish command G250 S21
2025-04-06T21:54:56.651346+0800 ERROR SENT: G250 S800
2025-04-06T21:54:56.652345+0800 ERROR write command G250 S800
2025-04-06T21:54:56.652345+0800 ERROR second command G250 S800
2025-04-06T21:54:56.652345+0800 ERROR finish command G250 S800
2025-04-06T21:54:56.652345+0800 ERROR SENT: M154 S1
2025-04-06T21:54:56.652345+0800 ERROR write command M154 S1
2025-04-06T21:54:56.653346+0800 ERROR second command M154 S1
2025-04-06T21:54:56.653346+0800 ERROR finish command M154 S1
2025-04-06T21:54:56.653346+0800 ERROR SENT: 2025-04-06 21:54:56
2025-04-06T21:54:56.653346+0800 ERROR write command 2025-04-06 21:54:56
2025-04-06T21:54:56.653346+0800 ERROR second command 2025-04-06 21:54:56
2025-04-06T21:54:56.653346+0800 ERROR finish command 2025-04-06 21:54:56
2025-04-06T21:55:00.489999+0800 ERROR SENT: M105
2025-04-06T21:55:00.489999+0800 ERROR write command M105
2025-04-06T21:55:00.489999+0800 ERROR second command M105
2025-04-06T21:55:00.489999+0800 ERROR finish command M105
2025-04-06T21:55:00.491000+0800 ERROR SENT: G250 S21
2025-04-06T21:55:00.491000+0800 ERROR write command G250 S21
2025-04-06T21:55:00.491000+0800 ERROR second command G250 S21
2025-04-06T21:55:00.491000+0800 ERROR finish command G250 S21
2025-04-06T21:55:00.491000+0800 ERROR SENT: G250 S800
2025-04-06T21:55:00.491000+0800 ERROR write command G250 S800
2025-04-06T21:55:00.491000+0800 ERROR second command G250 S800
2025-04-06T21:55:00.491999+0800 ERROR finish command G250 S800
2025-04-06T21:55:00.491999+0800 ERROR SENT: M154 S1
2025-04-06T21:55:00.491999+0800 ERROR write command M154 S1
2025-04-06T21:55:00.491999+0800 ERROR second command M154 S1
2025-04-06T21:55:00.491999+0800 ERROR finish command M154 S1
2025-04-06T21:55:00.491999+0800 ERROR SENT: 2025-04-06 21:55:00
2025-04-06T21:55:00.491999+0800 ERROR write command 2025-04-06 21:55:00
2025-04-06T21:55:00.491999+0800 ERROR second command 2025-04-06 21:55:00
2025-04-06T21:55:00.492999+0800 ERROR finish command 2025-04-06 21:55:00
2025-04-06T21:55:04.419692+0800 ERROR SENT: M105
2025-04-06T21:55:04.419692+0800 ERROR write command M105
2025-04-06T21:55:04.420702+0800 ERROR second command M105
2025-04-06T21:55:04.420702+0800 ERROR finish command M105
2025-04-06T21:55:04.420702+0800 ERROR SENT: G250 S21
2025-04-06T21:55:04.420702+0800 ERROR write command G250 S21
2025-04-06T21:55:04.420702+0800 ERROR second command G250 S21
2025-04-06T21:55:04.420702+0800 ERROR finish command G250 S21
2025-04-06T21:55:04.421702+0800 ERROR SENT: G250 S800
2025-04-06T21:55:04.421702+0800 ERROR write command G250 S800
2025-04-06T21:55:04.421702+0800 ERROR second command G250 S800
2025-04-06T21:55:04.421702+0800 ERROR finish command G250 S800
2025-04-06T21:55:04.421702+0800 ERROR SENT: M154 S1
2025-04-06T21:55:04.421702+0800 ERROR write command M154 S1
2025-04-06T21:55:04.422701+0800 ERROR second command M154 S1
2025-04-06T21:55:04.422701+0800 ERROR finish command M154 S1
2025-04-06T21:55:04.422701+0800 ERROR SENT: 2025-04-06 21:55:04
2025-04-06T21:55:04.422701+0800 ERROR write command 2025-04-06 21:55:04
2025-04-06T21:55:04.422701+0800 ERROR second command 2025-04-06 21:55:04
2025-04-06T21:55:04.423502+0800 ERROR finish command 2025-04-06 21:55:04
2025-04-06T21:55:08.348155+0800 ERROR SENT: M105
2025-04-06T21:55:08.348155+0800 ERROR write command M105
2025-04-06T21:55:08.348155+0800 ERROR second command M105
2025-04-06T21:55:08.348155+0800 ERROR finish command M105
2025-04-06T21:55:08.348155+0800 ERROR SENT: G250 S21
2025-04-06T21:55:08.348155+0800 ERROR write command G250 S21
2025-04-06T21:55:08.349164+0800 ERROR second command G250 S21
2025-04-06T21:55:08.349164+0800 ERROR finish command G250 S21
2025-04-06T21:55:08.349164+0800 ERROR SENT: G250 S800
2025-04-06T21:55:08.349164+0800 ERROR write command G250 S800
2025-04-06T21:55:08.349164+0800 ERROR second command G250 S800
2025-04-06T21:55:08.350163+0800 ERROR finish command G250 S800
2025-04-06T21:55:08.350163+0800 ERROR SENT: M154 S1
2025-04-06T21:55:08.350163+0800 ERROR write command M154 S1
2025-04-06T21:55:08.350163+0800 ERROR second command M154 S1
2025-04-06T21:55:08.350163+0800 ERROR finish command M154 S1
2025-04-06T21:55:08.350163+0800 ERROR SENT: 2025-04-06 21:55:08
2025-04-06T21:55:08.350163+0800 ERROR write command 2025-04-06 21:55:08
2025-04-06T21:55:08.351173+0800 ERROR second command 2025-04-06 21:55:08
2025-04-06T21:55:08.351173+0800 ERROR finish command 2025-04-06 21:55:08
2025-04-06T21:55:12.279103+0800 ERROR SENT: M105
2025-04-06T21:55:12.279103+0800 ERROR write command M105
2025-04-06T21:55:12.279103+0800 ERROR second command M105
2025-04-06T21:55:12.280034+0800 ERROR finish command M105
2025-04-06T21:55:12.280034+0800 ERROR SENT: G250 S21
2025-04-06T21:55:12.280034+0800 ERROR write command G250 S21
2025-04-06T21:55:12.280034+0800 ERROR second command G250 S21
2025-04-06T21:55:12.280034+0800 ERROR finish command G250 S21
2025-04-06T21:55:12.280034+0800 ERROR SENT: G250 S800
2025-04-06T21:55:12.280034+0800 ERROR write command G250 S800
2025-04-06T21:55:12.280034+0800 ERROR second command G250 S800
2025-04-06T21:55:12.281030+0800 ERROR finish command G250 S800
2025-04-06T21:55:12.281030+0800 ERROR SENT: M154 S1
2025-04-06T21:55:12.281030+0800 ERROR write command M154 S1
2025-04-06T21:55:12.281030+0800 ERROR second command M154 S1
2025-04-06T21:55:12.281030+0800 ERROR finish command M154 S1
2025-04-06T21:55:12.281030+0800 ERROR SENT: 2025-04-06 21:55:12
2025-04-06T21:55:12.281030+0800 ERROR write command 2025-04-06 21:55:12
2025-04-06T21:55:12.282029+0800 ERROR second command 2025-04-06 21:55:12
2025-04-06T21:55:12.282029+0800 ERROR finish command 2025-04-06 21:55:12
2025-04-06T21:55:16.209382+0800 ERROR SENT: M105
2025-04-06T21:55:16.209382+0800 ERROR write command M105
2025-04-06T21:55:16.209382+0800 ERROR second command M105
2025-04-06T21:55:16.210371+0800 ERROR finish command M105
2025-04-06T21:55:16.210371+0800 ERROR SENT: G250 S21
2025-04-06T21:55:16.210371+0800 ERROR write command G250 S21
2025-04-06T21:55:16.210371+0800 ERROR second command G250 S21
2025-04-06T21:55:16.210371+0800 ERROR finish command G250 S21
2025-04-06T21:55:16.210371+0800 ERROR SENT: G250 S800
2025-04-06T21:55:16.210371+0800 ERROR write command G250 S800
2025-04-06T21:55:16.210371+0800 ERROR second command G250 S800
2025-04-06T21:55:16.210371+0800 ERROR finish command G250 S800
2025-04-06T21:55:16.210371+0800 ERROR SENT: M154 S1
2025-04-06T21:55:16.211371+0800 ERROR write command M154 S1
2025-04-06T21:55:16.211371+0800 ERROR second command M154 S1
2025-04-06T21:55:16.211371+0800 ERROR finish command M154 S1
2025-04-06T21:55:16.211371+0800 ERROR SENT: 2025-04-06 21:55:16
2025-04-06T21:55:16.211371+0800 ERROR write command 2025-04-06 21:55:16
2025-04-06T21:55:16.212370+0800 ERROR second command 2025-04-06 21:55:16
2025-04-06T21:55:16.212370+0800 ERROR finish command 2025-04-06 21:55:16
2025-04-06T21:55:20.186328+0800 ERROR SENT: M105
2025-04-06T21:55:20.187328+0800 ERROR write command M105
2025-04-06T21:55:20.187328+0800 ERROR second command M105
2025-04-06T21:55:20.187328+0800 ERROR finish command M105
2025-04-06T21:55:20.187328+0800 ERROR SENT: G250 S21
2025-04-06T21:55:20.187328+0800 ERROR write command G250 S21
2025-04-06T21:55:20.187328+0800 ERROR second command G250 S21
2025-04-06T21:55:20.188329+0800 ERROR finish command G250 S21
2025-04-06T21:55:20.188329+0800 ERROR SENT: G250 S800
2025-04-06T21:55:20.188329+0800 ERROR write command G250 S800
2025-04-06T21:55:20.188329+0800 ERROR second command G250 S800
2025-04-06T21:55:20.188329+0800 ERROR finish command G250 S800
2025-04-06T21:55:20.191329+0800 ERROR SENT: M154 S1
2025-04-06T21:55:20.192329+0800 ERROR write command M154 S1
2025-04-06T21:55:20.192329+0800 ERROR second command M154 S1
2025-04-06T21:55:20.192329+0800 ERROR finish command M154 S1
2025-04-06T21:55:20.192329+0800 ERROR SENT: 2025-04-06 21:55:20
2025-04-06T21:55:20.193329+0800 ERROR write command 2025-04-06 21:55:20
2025-04-06T21:55:20.193329+0800 ERROR second command 2025-04-06 21:55:20
2025-04-06T21:55:20.193329+0800 ERROR finish command 2025-04-06 21:55:20
2025-04-06T21:55:24.115765+0800 ERROR SENT: M105
2025-04-06T21:55:24.115765+0800 ERROR write command M105
2025-04-06T21:55:24.115765+0800 ERROR second command M105
2025-04-06T21:55:24.115765+0800 ERROR finish command M105
2025-04-06T21:55:24.116691+0800 ERROR SENT: G250 S21
2025-04-06T21:55:24.116691+0800 ERROR write command G250 S21
2025-04-06T21:55:24.116691+0800 ERROR second command G250 S21
2025-04-06T21:55:24.116691+0800 ERROR finish command G250 S21
2025-04-06T21:55:24.116691+0800 ERROR SENT: G250 S800
2025-04-06T21:55:24.116691+0800 ERROR write command G250 S800
2025-04-06T21:55:24.116691+0800 ERROR second command G250 S800
2025-04-06T21:55:24.116691+0800 ERROR finish command G250 S800
2025-04-06T21:55:24.117692+0800 ERROR SENT: M154 S1
2025-04-06T21:55:24.117692+0800 ERROR write command M154 S1
2025-04-06T21:55:24.117692+0800 ERROR second command M154 S1
2025-04-06T21:55:24.117692+0800 ERROR finish command M154 S1
2025-04-06T21:55:24.117692+0800 ERROR SENT: 2025-04-06 21:55:24
2025-04-06T21:55:24.117692+0800 ERROR write command 2025-04-06 21:55:24
2025-04-06T21:55:24.118692+0800 ERROR second command 2025-04-06 21:55:24
2025-04-06T21:55:24.118692+0800 ERROR finish command 2025-04-06 21:55:24
2025-04-06T21:55:28.055912+0800 ERROR SENT: M105
2025-04-06T21:55:28.055912+0800 ERROR write command M105
2025-04-06T21:55:28.055912+0800 ERROR second command M105
2025-04-06T21:55:28.055912+0800 ERROR finish command M105
2025-04-06T21:55:28.055912+0800 ERROR SENT: G250 S21
2025-04-06T21:55:28.055912+0800 ERROR write command G250 S21
2025-04-06T21:55:28.056916+0800 ERROR second command G250 S21
2025-04-06T21:55:28.056916+0800 ERROR finish command G250 S21
2025-04-06T21:55:28.056916+0800 ERROR SENT: G250 S800
2025-04-06T21:55:28.056916+0800 ERROR write command G250 S800
2025-04-06T21:55:28.056916+0800 ERROR second command G250 S800
2025-04-06T21:55:28.056916+0800 ERROR finish command G250 S800
2025-04-06T21:55:28.056916+0800 ERROR SENT: M154 S1
2025-04-06T21:55:28.057916+0800 ERROR write command M154 S1
2025-04-06T21:55:28.057916+0800 ERROR second command M154 S1
2025-04-06T21:55:28.057916+0800 ERROR finish command M154 S1
2025-04-06T21:55:28.057916+0800 ERROR SENT: 2025-04-06 21:55:28
2025-04-06T21:55:28.057916+0800 ERROR write command 2025-04-06 21:55:28
2025-04-06T21:55:28.058916+0800 ERROR second command 2025-04-06 21:55:28
2025-04-06T21:55:28.058916+0800 ERROR finish command 2025-04-06 21:55:28
2025-04-06T21:55:31.960333+0800 ERROR SENT: M105
2025-04-06T21:55:31.960333+0800 ERROR write command M105
2025-04-06T21:55:31.960333+0800 ERROR second command M105
2025-04-06T21:55:31.960333+0800 ERROR finish command M105
2025-04-06T21:55:31.961226+0800 ERROR SENT: G250 S21
2025-04-06T21:55:31.961226+0800 ERROR write command G250 S21
2025-04-06T21:55:31.961226+0800 ERROR second command G250 S21
2025-04-06T21:55:31.961226+0800 ERROR finish command G250 S21
2025-04-06T21:55:31.961226+0800 ERROR SENT: G250 S800
2025-04-06T21:55:31.961226+0800 ERROR write command G250 S800
2025-04-06T21:55:31.961226+0800 ERROR second command G250 S800
2025-04-06T21:55:31.961226+0800 ERROR finish command G250 S800
2025-04-06T21:55:31.961226+0800 ERROR SENT: M154 S1
2025-04-06T21:55:31.962226+0800 ERROR write command M154 S1
2025-04-06T21:55:31.962226+0800 ERROR second command M154 S1
2025-04-06T21:55:31.962226+0800 ERROR finish command M154 S1
2025-04-06T21:55:31.962226+0800 ERROR SENT: 2025-04-06 21:55:31
2025-04-06T21:55:31.963225+0800 ERROR write command 2025-04-06 21:55:31
2025-04-06T21:55:31.963225+0800 ERROR second command 2025-04-06 21:55:31
2025-04-06T21:55:31.963225+0800 ERROR finish command 2025-04-06 21:55:31
2025-04-06T21:55:35.878978+0800 ERROR SENT: M105
2025-04-06T21:55:35.878978+0800 ERROR write command M105
2025-04-06T21:55:35.878978+0800 ERROR second command M105
2025-04-06T21:55:35.878978+0800 ERROR finish command M105
2025-04-06T21:55:35.878978+0800 ERROR SENT: G250 S21
2025-04-06T21:55:35.879969+0800 ERROR write command G250 S21
2025-04-06T21:55:35.879969+0800 ERROR second command G250 S21
2025-04-06T21:55:35.879969+0800 ERROR finish command G250 S21
2025-04-06T21:55:35.879969+0800 ERROR SENT: G250 S800
2025-04-06T21:55:35.879969+0800 ERROR write command G250 S800
2025-04-06T21:55:35.879969+0800 ERROR second command G250 S800
2025-04-06T21:55:35.879969+0800 ERROR finish command G250 S800
2025-04-06T21:55:35.880979+0800 ERROR SENT: M154 S1
2025-04-06T21:55:35.880979+0800 ERROR write command M154 S1
2025-04-06T21:55:35.880979+0800 ERROR second command M154 S1
2025-04-06T21:55:35.880979+0800 ERROR finish command M154 S1
2025-04-06T21:55:35.880979+0800 ERROR SENT: 2025-04-06 21:55:35
2025-04-06T21:55:35.880979+0800 ERROR write command 2025-04-06 21:55:35
2025-04-06T21:55:35.880979+0800 ERROR second command 2025-04-06 21:55:35
2025-04-06T21:55:35.880979+0800 ERROR finish command 2025-04-06 21:55:35
2025-04-06T21:55:39.793200+0800 ERROR SENT: M105
2025-04-06T21:55:39.793200+0800 ERROR write command M105
2025-04-06T21:55:39.793200+0800 ERROR second command M105
2025-04-06T21:55:39.793200+0800 ERROR finish command M105
2025-04-06T21:55:39.793200+0800 ERROR SENT: G250 S21
2025-04-06T21:55:39.793200+0800 ERROR write command G250 S21
2025-04-06T21:55:39.794202+0800 ERROR second command G250 S21
2025-04-06T21:55:39.794202+0800 ERROR finish command G250 S21
2025-04-06T21:55:39.794202+0800 ERROR SENT: G250 S800
2025-04-06T21:55:39.794202+0800 ERROR write command G250 S800
2025-04-06T21:55:39.794202+0800 ERROR second command G250 S800
2025-04-06T21:55:39.794202+0800 ERROR finish command G250 S800
2025-04-06T21:55:39.795202+0800 ERROR SENT: M154 S1
2025-04-06T21:55:39.795202+0800 ERROR write command M154 S1
2025-04-06T21:55:39.795202+0800 ERROR second command M154 S1
2025-04-06T21:55:39.795202+0800 ERROR finish command M154 S1
2025-04-06T21:55:39.795202+0800 ERROR SENT: 2025-04-06 21:55:39
2025-04-06T21:55:39.795202+0800 ERROR write command 2025-04-06 21:55:39
2025-04-06T21:55:39.795202+0800 ERROR second command 2025-04-06 21:55:39
2025-04-06T21:55:39.795202+0800 ERROR finish command 2025-04-06 21:55:39
2025-04-06T21:55:43.717979+0800 ERROR SENT: M105
2025-04-06T21:55:43.717979+0800 ERROR write command M105
2025-04-06T21:55:43.718980+0800 ERROR second command M105
2025-04-06T21:55:43.719979+0800 ERROR finish command M105
2025-04-06T21:55:43.719979+0800 ERROR SENT: G250 S21
2025-04-06T21:55:43.719979+0800 ERROR write command G250 S21
2025-04-06T21:55:43.719979+0800 ERROR second command G250 S21
2025-04-06T21:55:43.719979+0800 ERROR finish command G250 S21
2025-04-06T21:55:43.720979+0800 ERROR SENT: G250 S800
2025-04-06T21:55:43.720979+0800 ERROR write command G250 S800
2025-04-06T21:55:43.720979+0800 ERROR second command G250 S800
2025-04-06T21:55:43.720979+0800 ERROR finish command G250 S800
2025-04-06T21:55:43.720979+0800 ERROR SENT: M154 S1
2025-04-06T21:55:43.722979+0800 ERROR write command M154 S1
2025-04-06T21:55:43.722979+0800 ERROR second command M154 S1
2025-04-06T21:55:43.723979+0800 ERROR finish command M154 S1
2025-04-06T21:55:43.723979+0800 ERROR SENT: 2025-04-06 21:55:43
2025-04-06T21:55:43.723979+0800 ERROR write command 2025-04-06 21:55:43
2025-04-06T21:55:43.723979+0800 ERROR second command 2025-04-06 21:55:43
2025-04-06T21:55:43.723979+0800 ERROR finish command 2025-04-06 21:55:43
2025-04-06T21:55:47.651807+0800 ERROR SENT: M105
2025-04-06T21:55:47.651807+0800 ERROR write command M105
2025-04-06T21:55:47.651807+0800 ERROR second command M105
2025-04-06T21:55:47.652817+0800 ERROR finish command M105
2025-04-06T21:55:47.652817+0800 ERROR SENT: G250 S21
2025-04-06T21:55:47.652817+0800 ERROR write command G250 S21
2025-04-06T21:55:47.652817+0800 ERROR second command G250 S21
2025-04-06T21:55:47.652817+0800 ERROR finish command G250 S21
2025-04-06T21:55:47.652817+0800 ERROR SENT: G250 S800
2025-04-06T21:55:47.652817+0800 ERROR write command G250 S800
2025-04-06T21:55:47.653817+0800 ERROR second command G250 S800
2025-04-06T21:55:47.653817+0800 ERROR finish command G250 S800
2025-04-06T21:55:47.653817+0800 ERROR SENT: M154 S1
2025-04-06T21:55:47.653817+0800 ERROR write command M154 S1
2025-04-06T21:55:47.653817+0800 ERROR second command M154 S1
2025-04-06T21:55:47.654816+0800 ERROR finish command M154 S1
2025-04-06T21:55:47.654816+0800 ERROR SENT: 2025-04-06 21:55:47
2025-04-06T21:55:47.654816+0800 ERROR write command 2025-04-06 21:55:47
2025-04-06T21:55:47.655823+0800 ERROR second command 2025-04-06 21:55:47
2025-04-06T21:55:47.655823+0800 ERROR finish command 2025-04-06 21:55:47
