2025-04-11T11:40:35.958643+0800 INFO 设备已成功连接
2025-04-11T11:40:35.959642+0800 ERROR SENT: M105
2025-04-11T11:40:35.959642+0800 ERROR write command M105
2025-04-11T11:40:35.960641+0800 ERROR second command M105
2025-04-11T11:40:35.960641+0800 ERROR finish command M105
2025-04-11T11:40:35.960641+0800 ERROR SENT: G250 S21
2025-04-11T11:40:35.960641+0800 ERROR write command G250 S21
2025-04-11T11:40:35.961641+0800 ERROR second command G250 S21
2025-04-11T11:40:35.961641+0800 ERROR finish command G250 S21
2025-04-11T11:40:35.961641+0800 ERROR SENT: G250 S800
2025-04-11T11:40:35.961641+0800 ERROR write command G250 S800
2025-04-11T11:40:35.961641+0800 ERROR second command G250 S800
2025-04-11T11:40:35.961641+0800 ERROR finish command G250 S800
2025-04-11T11:40:35.962641+0800 ERROR SENT: M154 S1
2025-04-11T11:40:35.962641+0800 ERROR write command M154 S1
2025-04-11T11:40:35.962641+0800 ERROR second command M154 S1
2025-04-11T11:40:35.962641+0800 ERROR finish command M154 S1
2025-04-11T11:40:39.794162+0800 ERROR SENT: M105
2025-04-11T11:40:39.794162+0800 ERROR write command M105
2025-04-11T11:40:39.794162+0800 ERROR second command M105
2025-04-11T11:40:39.794162+0800 ERROR finish command M105
2025-04-11T11:40:39.794162+0800 ERROR SENT: G250 S21
2025-04-11T11:40:39.794162+0800 ERROR write command G250 S21
2025-04-11T11:40:39.795095+0800 ERROR second command G250 S21
2025-04-11T11:40:39.795095+0800 ERROR finish command G250 S21
2025-04-11T11:40:39.795095+0800 ERROR SENT: G250 S800
2025-04-11T11:40:39.795095+0800 ERROR write command G250 S800
2025-04-11T11:40:39.795095+0800 ERROR second command G250 S800
2025-04-11T11:40:39.795095+0800 ERROR finish command G250 S800
2025-04-11T11:40:39.795095+0800 ERROR SENT: M154 S1
2025-04-11T11:40:39.796096+0800 ERROR write command M154 S1
2025-04-11T11:40:39.796096+0800 ERROR second command M154 S1
2025-04-11T11:40:39.796096+0800 ERROR finish command M154 S1
2025-04-11T11:40:43.885260+0800 ERROR SENT: M105
2025-04-11T11:40:43.885260+0800 ERROR write command M105
2025-04-11T11:40:43.885260+0800 ERROR second command M105
2025-04-11T11:40:43.885260+0800 ERROR finish command M105
2025-04-11T11:40:43.885260+0800 ERROR SENT: G250 S21
2025-04-11T11:40:43.885260+0800 ERROR write command G250 S21
2025-04-11T11:40:43.886190+0800 ERROR second command G250 S21
2025-04-11T11:40:43.886190+0800 ERROR finish command G250 S21
2025-04-11T11:40:43.886190+0800 ERROR SENT: G250 S800
2025-04-11T11:40:43.886190+0800 ERROR write command G250 S800
2025-04-11T11:40:43.886190+0800 ERROR second command G250 S800
2025-04-11T11:40:43.886190+0800 ERROR finish command G250 S800
2025-04-11T11:40:43.886190+0800 ERROR SENT: M154 S1
2025-04-11T11:40:43.886190+0800 ERROR write command M154 S1
2025-04-11T11:40:43.887190+0800 ERROR second command M154 S1
2025-04-11T11:40:43.887190+0800 ERROR finish command M154 S1
2025-04-11T11:40:47.695006+0800 ERROR SENT: M105
2025-04-11T11:40:47.695006+0800 ERROR write command M105
2025-04-11T11:40:47.695006+0800 ERROR second command M105
2025-04-11T11:40:47.695006+0800 ERROR finish command M105
2025-04-11T11:40:47.695006+0800 ERROR SENT: G250 S21
2025-04-11T11:40:47.695006+0800 ERROR write command G250 S21
2025-04-11T11:40:47.695926+0800 ERROR second command G250 S21
2025-04-11T11:40:47.695926+0800 ERROR finish command G250 S21
2025-04-11T11:40:47.695926+0800 ERROR SENT: G250 S800
2025-04-11T11:40:47.695926+0800 ERROR write command G250 S800
2025-04-11T11:40:47.695926+0800 ERROR second command G250 S800
2025-04-11T11:40:47.695926+0800 ERROR finish command G250 S800
2025-04-11T11:40:47.695926+0800 ERROR SENT: M154 S1
2025-04-11T11:40:47.696927+0800 ERROR write command M154 S1
2025-04-11T11:40:47.696927+0800 ERROR second command M154 S1
2025-04-11T11:40:47.696927+0800 ERROR finish command M154 S1
2025-04-11T11:40:51.490492+0800 ERROR SENT: M105
2025-04-11T11:40:51.490492+0800 ERROR write command M105
2025-04-11T11:40:51.490492+0800 ERROR second command M105
2025-04-11T11:40:51.490492+0800 ERROR finish command M105
2025-04-11T11:40:51.490492+0800 ERROR SENT: G250 S21
2025-04-11T11:40:51.491493+0800 ERROR write command G250 S21
2025-04-11T11:40:51.491493+0800 ERROR second command G250 S21
2025-04-11T11:40:51.491493+0800 ERROR finish command G250 S21
2025-04-11T11:40:51.491493+0800 ERROR SENT: G250 S800
2025-04-11T11:40:51.491493+0800 ERROR write command G250 S800
2025-04-11T11:40:51.491493+0800 ERROR second command G250 S800
2025-04-11T11:40:51.492493+0800 ERROR finish command G250 S800
2025-04-11T11:40:51.492493+0800 ERROR SENT: M154 S1
2025-04-11T11:40:51.492493+0800 ERROR write command M154 S1
2025-04-11T11:40:51.492493+0800 ERROR second command M154 S1
2025-04-11T11:40:51.492493+0800 ERROR finish command M154 S1
2025-04-11T11:40:55.323257+0800 ERROR SENT: M105
2025-04-11T11:40:55.323257+0800 ERROR write command M105
2025-04-11T11:40:55.323257+0800 ERROR second command M105
2025-04-11T11:40:55.323257+0800 ERROR finish command M105
2025-04-11T11:40:55.323257+0800 ERROR SENT: G250 S21
2025-04-11T11:40:55.324257+0800 ERROR write command G250 S21
2025-04-11T11:40:55.324257+0800 ERROR second command G250 S21
2025-04-11T11:40:55.324257+0800 ERROR finish command G250 S21
2025-04-11T11:40:55.324257+0800 ERROR SENT: G250 S800
2025-04-11T11:40:55.324257+0800 ERROR write command G250 S800
2025-04-11T11:40:55.324257+0800 ERROR second command G250 S800
2025-04-11T11:40:55.324257+0800 ERROR finish command G250 S800
2025-04-11T11:40:55.324257+0800 ERROR SENT: M154 S1
2025-04-11T11:40:55.324257+0800 ERROR write command M154 S1
2025-04-11T11:40:55.325256+0800 ERROR second command M154 S1
2025-04-11T11:40:55.325256+0800 ERROR finish command M154 S1
2025-04-11T11:40:59.145702+0800 ERROR SENT: M105
2025-04-11T11:40:59.145702+0800 ERROR write command M105
2025-04-11T11:40:59.145702+0800 ERROR second command M105
2025-04-11T11:40:59.145702+0800 ERROR finish command M105
2025-04-11T11:40:59.145702+0800 ERROR SENT: G250 S21
2025-04-11T11:40:59.146696+0800 ERROR write command G250 S21
2025-04-11T11:40:59.146696+0800 ERROR second command G250 S21
2025-04-11T11:40:59.146696+0800 ERROR finish command G250 S21
2025-04-11T11:40:59.146696+0800 ERROR SENT: G250 S800
2025-04-11T11:40:59.146696+0800 ERROR write command G250 S800
2025-04-11T11:40:59.146696+0800 ERROR second command G250 S800
2025-04-11T11:40:59.146696+0800 ERROR finish command G250 S800
2025-04-11T11:40:59.147767+0800 ERROR SENT: M154 S1
2025-04-11T11:40:59.147767+0800 ERROR write command M154 S1
2025-04-11T11:40:59.147767+0800 ERROR second command M154 S1
2025-04-11T11:40:59.147767+0800 ERROR finish command M154 S1
2025-04-11T11:41:02.962769+0800 ERROR SENT: M105
2025-04-11T11:41:02.962769+0800 ERROR write command M105
2025-04-11T11:41:02.962769+0800 ERROR second command M105
2025-04-11T11:41:02.963768+0800 ERROR finish command M105
2025-04-11T11:41:02.963768+0800 ERROR SENT: G250 S21
2025-04-11T11:41:02.963768+0800 ERROR write command G250 S21
2025-04-11T11:41:02.963768+0800 ERROR second command G250 S21
2025-04-11T11:41:02.963768+0800 ERROR finish command G250 S21
2025-04-11T11:41:02.963768+0800 ERROR SENT: G250 S800
2025-04-11T11:41:02.963768+0800 ERROR write command G250 S800
2025-04-11T11:41:02.963768+0800 ERROR second command G250 S800
2025-04-11T11:41:02.963768+0800 ERROR finish command G250 S800
2025-04-11T11:41:02.963768+0800 ERROR SENT: M154 S1
2025-04-11T11:41:02.964767+0800 ERROR write command M154 S1
2025-04-11T11:41:02.964767+0800 ERROR second command M154 S1
2025-04-11T11:41:02.964767+0800 ERROR finish command M154 S1
2025-04-11T11:41:06.775271+0800 ERROR SENT: M105
2025-04-11T11:41:06.775271+0800 ERROR write command M105
2025-04-11T11:41:06.775271+0800 ERROR second command M105
2025-04-11T11:41:06.775271+0800 ERROR finish command M105
2025-04-11T11:41:06.775271+0800 ERROR SENT: G250 S21
2025-04-11T11:41:06.776264+0800 ERROR write command G250 S21
2025-04-11T11:41:06.776264+0800 ERROR second command G250 S21
2025-04-11T11:41:06.776264+0800 ERROR finish command G250 S21
2025-04-11T11:41:06.776264+0800 ERROR SENT: G250 S800
2025-04-11T11:41:06.776264+0800 ERROR write command G250 S800
2025-04-11T11:41:06.776264+0800 ERROR second command G250 S800
2025-04-11T11:41:06.776264+0800 ERROR finish command G250 S800
2025-04-11T11:41:06.776264+0800 ERROR SENT: M154 S1
2025-04-11T11:41:06.777263+0800 ERROR write command M154 S1
2025-04-11T11:41:06.777263+0800 ERROR second command M154 S1
2025-04-11T11:41:06.777263+0800 ERROR finish command M154 S1
2025-04-11T11:41:10.604753+0800 ERROR SENT: M105
2025-04-11T11:41:10.604753+0800 ERROR write command M105
2025-04-11T11:41:10.604753+0800 ERROR second command M105
2025-04-11T11:41:10.604753+0800 ERROR finish command M105
2025-04-11T11:41:10.605676+0800 ERROR SENT: G250 S21
2025-04-11T11:41:10.605676+0800 ERROR write command G250 S21
2025-04-11T11:41:10.605676+0800 ERROR second command G250 S21
2025-04-11T11:41:10.605676+0800 ERROR finish command G250 S21
2025-04-11T11:41:10.605676+0800 ERROR SENT: G250 S800
2025-04-11T11:41:10.605676+0800 ERROR write command G250 S800
2025-04-11T11:41:10.605676+0800 ERROR second command G250 S800
2025-04-11T11:41:10.605676+0800 ERROR finish command G250 S800
2025-04-11T11:41:10.605676+0800 ERROR SENT: M154 S1
2025-04-11T11:41:10.606676+0800 ERROR write command M154 S1
2025-04-11T11:41:10.606676+0800 ERROR second command M154 S1
2025-04-11T11:41:10.606676+0800 ERROR finish command M154 S1
2025-04-11T11:41:14.426258+0800 ERROR SENT: M105
2025-04-11T11:41:14.426258+0800 ERROR write command M105
2025-04-11T11:41:14.426258+0800 ERROR second command M105
2025-04-11T11:41:14.426258+0800 ERROR finish command M105
2025-04-11T11:41:14.426258+0800 ERROR SENT: G250 S21
2025-04-11T11:41:14.426258+0800 ERROR write command G250 S21
2025-04-11T11:41:14.427190+0800 ERROR second command G250 S21
2025-04-11T11:41:14.427190+0800 ERROR finish command G250 S21
2025-04-11T11:41:14.427190+0800 ERROR SENT: G250 S800
2025-04-11T11:41:14.427190+0800 ERROR write command G250 S800
2025-04-11T11:41:14.427190+0800 ERROR second command G250 S800
2025-04-11T11:41:14.427190+0800 ERROR finish command G250 S800
2025-04-11T11:41:14.427190+0800 ERROR SENT: M154 S1
2025-04-11T11:41:14.427190+0800 ERROR write command M154 S1
2025-04-11T11:41:14.428268+0800 ERROR second command M154 S1
2025-04-11T11:41:14.428268+0800 ERROR finish command M154 S1
2025-04-11T11:41:18.242968+0800 ERROR SENT: M105
2025-04-11T11:41:18.242968+0800 ERROR write command M105
2025-04-11T11:41:18.242968+0800 ERROR second command M105
2025-04-11T11:41:18.242968+0800 ERROR finish command M105
2025-04-11T11:41:18.242968+0800 ERROR SENT: G250 S21
2025-04-11T11:41:18.243969+0800 ERROR write command G250 S21
2025-04-11T11:41:18.243969+0800 ERROR second command G250 S21
2025-04-11T11:41:18.243969+0800 ERROR finish command G250 S21
2025-04-11T11:41:18.243969+0800 ERROR SENT: G250 S800
2025-04-11T11:41:18.243969+0800 ERROR write command G250 S800
2025-04-11T11:41:18.243969+0800 ERROR second command G250 S800
2025-04-11T11:41:18.243969+0800 ERROR finish command G250 S800
2025-04-11T11:41:18.243969+0800 ERROR SENT: M154 S1
2025-04-11T11:41:18.243969+0800 ERROR write command M154 S1
2025-04-11T11:41:18.244969+0800 ERROR second command M154 S1
2025-04-11T11:41:18.244969+0800 ERROR finish command M154 S1
2025-04-11T11:41:22.079642+0800 ERROR SENT: M105
2025-04-11T11:41:22.079642+0800 ERROR write command M105
2025-04-11T11:41:22.079642+0800 ERROR second command M105
2025-04-11T11:41:22.079642+0800 ERROR finish command M105
2025-04-11T11:41:22.080643+0800 ERROR SENT: G250 S21
2025-04-11T11:41:22.080643+0800 ERROR write command G250 S21
2025-04-11T11:41:22.080643+0800 ERROR second command G250 S21
2025-04-11T11:41:22.080643+0800 ERROR finish command G250 S21
2025-04-11T11:41:22.080643+0800 ERROR SENT: G250 S800
2025-04-11T11:41:22.080643+0800 ERROR write command G250 S800
2025-04-11T11:41:22.080643+0800 ERROR second command G250 S800
2025-04-11T11:41:22.081642+0800 ERROR finish command G250 S800
2025-04-11T11:41:22.081642+0800 ERROR SENT: M154 S1
2025-04-11T11:41:22.081642+0800 ERROR write command M154 S1
2025-04-11T11:41:22.081642+0800 ERROR second command M154 S1
2025-04-11T11:41:22.081642+0800 ERROR finish command M154 S1
2025-04-11T11:41:25.909897+0800 ERROR SENT: M105
2025-04-11T11:41:25.909897+0800 ERROR write command M105
2025-04-11T11:41:25.909897+0800 ERROR second command M105
2025-04-11T11:41:25.909897+0800 ERROR finish command M105
2025-04-11T11:41:25.909897+0800 ERROR SENT: G250 S21
2025-04-11T11:41:25.909897+0800 ERROR write command G250 S21
2025-04-11T11:41:25.909897+0800 ERROR second command G250 S21
2025-04-11T11:41:25.910967+0800 ERROR finish command G250 S21
2025-04-11T11:41:25.910967+0800 ERROR SENT: G250 S800
2025-04-11T11:41:25.910967+0800 ERROR write command G250 S800
2025-04-11T11:41:25.910967+0800 ERROR second command G250 S800
2025-04-11T11:41:25.910967+0800 ERROR finish command G250 S800
2025-04-11T11:41:25.910967+0800 ERROR SENT: M154 S1
2025-04-11T11:41:25.910967+0800 ERROR write command M154 S1
2025-04-11T11:41:25.910967+0800 ERROR second command M154 S1
2025-04-11T11:41:25.910967+0800 ERROR finish command M154 S1
2025-04-11T11:41:29.727772+0800 ERROR SENT: M105
2025-04-11T11:41:29.727772+0800 ERROR write command M105
2025-04-11T11:41:29.727772+0800 ERROR second command M105
2025-04-11T11:41:29.727772+0800 ERROR finish command M105
2025-04-11T11:41:29.728772+0800 ERROR SENT: G250 S21
2025-04-11T11:41:29.728772+0800 ERROR write command G250 S21
2025-04-11T11:41:29.728772+0800 ERROR second command G250 S21
2025-04-11T11:41:29.728772+0800 ERROR finish command G250 S21
2025-04-11T11:41:29.728772+0800 ERROR SENT: G250 S800
2025-04-11T11:41:29.728772+0800 ERROR write command G250 S800
2025-04-11T11:41:29.728772+0800 ERROR second command G250 S800
2025-04-11T11:41:29.728772+0800 ERROR finish command G250 S800
2025-04-11T11:41:29.728772+0800 ERROR SENT: M154 S1
2025-04-11T11:41:29.729773+0800 ERROR write command M154 S1
2025-04-11T11:41:29.729773+0800 ERROR second command M154 S1
2025-04-11T11:41:29.729773+0800 ERROR finish command M154 S1
2025-04-11T11:41:33.822953+0800 ERROR SENT: M105
2025-04-11T11:41:33.822953+0800 ERROR write command M105
2025-04-11T11:41:33.822953+0800 ERROR second command M105
2025-04-11T11:41:33.823954+0800 ERROR finish command M105
2025-04-11T11:41:33.823954+0800 ERROR SENT: G250 S21
2025-04-11T11:41:33.823954+0800 ERROR write command G250 S21
2025-04-11T11:41:33.823954+0800 ERROR second command G250 S21
2025-04-11T11:41:33.823954+0800 ERROR finish command G250 S21
2025-04-11T11:41:33.823954+0800 ERROR SENT: G250 S800
2025-04-11T11:41:33.823954+0800 ERROR write command G250 S800
2025-04-11T11:41:33.823954+0800 ERROR second command G250 S800
2025-04-11T11:41:33.824954+0800 ERROR finish command G250 S800
2025-04-11T11:41:33.828954+0800 ERROR SENT: M154 S1
2025-04-11T11:41:33.828954+0800 ERROR write command M154 S1
2025-04-11T11:41:33.828954+0800 ERROR second command M154 S1
2025-04-11T11:41:33.829954+0800 ERROR finish command M154 S1
2025-04-11T11:41:38.169851+0800 ERROR SENT: M105
2025-04-11T11:41:38.169851+0800 ERROR write command M105
2025-04-11T11:41:38.170852+0800 ERROR second command M105
2025-04-11T11:41:38.170852+0800 ERROR finish command M105
2025-04-11T11:41:38.170852+0800 ERROR SENT: G250 S21
2025-04-11T11:41:38.170852+0800 ERROR write command G250 S21
2025-04-11T11:41:38.171852+0800 ERROR second command G250 S21
2025-04-11T11:41:38.171852+0800 ERROR finish command G250 S21
2025-04-11T11:41:38.171852+0800 ERROR SENT: G250 S800
2025-04-11T11:41:38.171852+0800 ERROR write command G250 S800
2025-04-11T11:41:38.171852+0800 ERROR second command G250 S800
2025-04-11T11:41:38.171852+0800 ERROR finish command G250 S800
2025-04-11T11:41:38.223851+0800 ERROR SENT: M154 S1
2025-04-11T11:41:38.224851+0800 ERROR write command M154 S1
2025-04-11T11:41:38.224851+0800 ERROR second command M154 S1
2025-04-11T11:41:38.225851+0800 ERROR finish command M154 S1
2025-04-11T11:41:42.366718+0800 ERROR SENT: M105
2025-04-11T11:41:42.367719+0800 ERROR write command M105
2025-04-11T11:41:42.367719+0800 ERROR second command M105
2025-04-11T11:41:42.367719+0800 ERROR finish command M105
2025-04-11T11:41:42.367719+0800 ERROR SENT: G250 S21
2025-04-11T11:41:42.368718+0800 ERROR write command G250 S21
2025-04-11T11:41:42.368718+0800 ERROR second command G250 S21
2025-04-11T11:41:42.368718+0800 ERROR finish command G250 S21
2025-04-11T11:41:42.368718+0800 ERROR SENT: G250 S800
2025-04-11T11:41:42.369719+0800 ERROR write command G250 S800
2025-04-11T11:41:42.369719+0800 ERROR second command G250 S800
2025-04-11T11:41:42.369719+0800 ERROR finish command G250 S800
2025-04-11T11:41:42.369719+0800 ERROR SENT: M154 S1
2025-04-11T11:41:42.369719+0800 ERROR write command M154 S1
2025-04-11T11:41:42.370430+0800 ERROR second command M154 S1
2025-04-11T11:41:42.370942+0800 ERROR finish command M154 S1
2025-04-11T11:41:46.443499+0800 ERROR SENT: M105
2025-04-11T11:41:46.443499+0800 ERROR write command M105
2025-04-11T11:41:46.444498+0800 ERROR second command M105
2025-04-11T11:41:46.444498+0800 ERROR finish command M105
2025-04-11T11:41:46.444498+0800 ERROR SENT: G250 S21
2025-04-11T11:41:46.444498+0800 ERROR write command G250 S21
2025-04-11T11:41:46.444498+0800 ERROR second command G250 S21
2025-04-11T11:41:46.444498+0800 ERROR finish command G250 S21
2025-04-11T11:41:46.444498+0800 ERROR SENT: G250 S800
2025-04-11T11:41:46.445498+0800 ERROR write command G250 S800
2025-04-11T11:41:46.445498+0800 ERROR second command G250 S800
2025-04-11T11:41:46.445498+0800 ERROR finish command G250 S800
2025-04-11T11:41:46.488498+0800 ERROR SENT: M154 S1
2025-04-11T11:41:46.489498+0800 ERROR write command M154 S1
2025-04-11T11:41:46.489498+0800 ERROR second command M154 S1
2025-04-11T11:41:46.489498+0800 ERROR finish command M154 S1
2025-04-11T11:41:50.790750+0800 ERROR SENT: M105
2025-04-11T11:41:50.790750+0800 ERROR write command M105
2025-04-11T11:41:50.790750+0800 ERROR second command M105
2025-04-11T11:41:50.791750+0800 ERROR finish command M105
2025-04-11T11:41:50.791750+0800 ERROR SENT: G250 S21
2025-04-11T11:41:50.791750+0800 ERROR write command G250 S21
2025-04-11T11:41:50.791750+0800 ERROR second command G250 S21
2025-04-11T11:41:50.791750+0800 ERROR finish command G250 S21
2025-04-11T11:41:50.792750+0800 ERROR SENT: G250 S800
2025-04-11T11:41:50.792750+0800 ERROR write command G250 S800
2025-04-11T11:41:50.792750+0800 ERROR second command G250 S800
2025-04-11T11:41:50.792750+0800 ERROR finish command G250 S800
2025-04-11T11:41:50.792750+0800 ERROR SENT: M154 S1
2025-04-11T11:41:50.793750+0800 ERROR write command M154 S1
2025-04-11T11:41:50.793750+0800 ERROR second command M154 S1
2025-04-11T11:41:50.793750+0800 ERROR finish command M154 S1
2025-04-11T11:41:54.627371+0800 ERROR SENT: M105
2025-04-11T11:41:54.627371+0800 ERROR write command M105
2025-04-11T11:41:54.627371+0800 ERROR second command M105
2025-04-11T11:41:54.627371+0800 ERROR finish command M105
2025-04-11T11:41:54.627371+0800 ERROR SENT: G250 S21
2025-04-11T11:41:54.627371+0800 ERROR write command G250 S21
2025-04-11T11:41:54.628363+0800 ERROR second command G250 S21
2025-04-11T11:41:54.628363+0800 ERROR finish command G250 S21
2025-04-11T11:41:54.628363+0800 ERROR SENT: G250 S800
2025-04-11T11:41:54.628363+0800 ERROR write command G250 S800
2025-04-11T11:41:54.628363+0800 ERROR second command G250 S800
2025-04-11T11:41:54.628363+0800 ERROR finish command G250 S800
2025-04-11T11:41:54.628363+0800 ERROR SENT: M154 S1
2025-04-11T11:41:54.628363+0800 ERROR write command M154 S1
2025-04-11T11:41:54.629363+0800 ERROR second command M154 S1
2025-04-11T11:41:54.629363+0800 ERROR finish command M154 S1
2025-04-11T11:41:58.668683+0800 ERROR SENT: M105
2025-04-11T11:41:58.668683+0800 ERROR write command M105
2025-04-11T11:41:58.668683+0800 ERROR second command M105
2025-04-11T11:41:58.669683+0800 ERROR finish command M105
2025-04-11T11:41:58.669683+0800 ERROR SENT: G250 S21
2025-04-11T11:41:58.669683+0800 ERROR write command G250 S21
2025-04-11T11:41:58.669683+0800 ERROR second command G250 S21
2025-04-11T11:41:58.669683+0800 ERROR finish command G250 S21
2025-04-11T11:41:58.669683+0800 ERROR SENT: G250 S800
2025-04-11T11:41:58.670683+0800 ERROR write command G250 S800
2025-04-11T11:41:58.670683+0800 ERROR second command G250 S800
2025-04-11T11:41:58.670683+0800 ERROR finish command G250 S800
2025-04-11T11:41:58.670683+0800 ERROR SENT: M154 S1
2025-04-11T11:41:58.670683+0800 ERROR write command M154 S1
2025-04-11T11:41:58.670683+0800 ERROR second command M154 S1
2025-04-11T11:41:58.671683+0800 ERROR finish command M154 S1
2025-04-11T11:42:02.699637+0800 ERROR SENT: M105
2025-04-11T11:42:02.700636+0800 ERROR write command M105
2025-04-11T11:42:02.700636+0800 ERROR second command M105
2025-04-11T11:42:02.700636+0800 ERROR finish command M105
2025-04-11T11:42:02.701637+0800 ERROR SENT: G250 S21
2025-04-11T11:42:02.701637+0800 ERROR write command G250 S21
2025-04-11T11:42:02.701637+0800 ERROR second command G250 S21
2025-04-11T11:42:02.701637+0800 ERROR finish command G250 S21
2025-04-11T11:42:02.701637+0800 ERROR SENT: G250 S800
2025-04-11T11:42:02.701637+0800 ERROR write command G250 S800
2025-04-11T11:42:02.702637+0800 ERROR second command G250 S800
2025-04-11T11:42:02.702637+0800 ERROR finish command G250 S800
2025-04-11T11:42:02.702637+0800 ERROR SENT: M154 S1
2025-04-11T11:42:02.702637+0800 ERROR write command M154 S1
2025-04-11T11:42:02.702637+0800 ERROR second command M154 S1
2025-04-11T11:42:02.703637+0800 ERROR finish command M154 S1
2025-04-11T11:42:06.546705+0800 ERROR SENT: M105
2025-04-11T11:42:06.546705+0800 ERROR write command M105
2025-04-11T11:42:06.546705+0800 ERROR second command M105
2025-04-11T11:42:06.547706+0800 ERROR finish command M105
2025-04-11T11:42:06.547706+0800 ERROR SENT: G250 S21
2025-04-11T11:42:06.547706+0800 ERROR write command G250 S21
2025-04-11T11:42:06.547706+0800 ERROR second command G250 S21
2025-04-11T11:42:06.547706+0800 ERROR finish command G250 S21
2025-04-11T11:42:06.547706+0800 ERROR SENT: G250 S800
2025-04-11T11:42:06.547706+0800 ERROR write command G250 S800
2025-04-11T11:42:06.548705+0800 ERROR second command G250 S800
2025-04-11T11:42:06.548705+0800 ERROR finish command G250 S800
2025-04-11T11:42:06.548705+0800 ERROR SENT: M154 S1
2025-04-11T11:42:06.548705+0800 ERROR write command M154 S1
2025-04-11T11:42:06.548705+0800 ERROR second command M154 S1
2025-04-11T11:42:06.548705+0800 ERROR finish command M154 S1
2025-04-11T11:42:10.806227+0800 ERROR SENT: M105
2025-04-11T11:42:10.806227+0800 ERROR write command M105
2025-04-11T11:42:10.807227+0800 ERROR second command M105
2025-04-11T11:42:10.807227+0800 ERROR finish command M105
2025-04-11T11:42:10.807227+0800 ERROR SENT: G250 S21
2025-04-11T11:42:10.807227+0800 ERROR write command G250 S21
2025-04-11T11:42:10.807227+0800 ERROR second command G250 S21
2025-04-11T11:42:10.808226+0800 ERROR finish command G250 S21
2025-04-11T11:42:10.808226+0800 ERROR SENT: G250 S800
2025-04-11T11:42:10.808226+0800 ERROR write command G250 S800
2025-04-11T11:42:10.808226+0800 ERROR second command G250 S800
2025-04-11T11:42:10.808226+0800 ERROR finish command G250 S800
2025-04-11T11:42:10.869226+0800 ERROR SENT: M154 S1
2025-04-11T11:42:10.870226+0800 ERROR write command M154 S1
2025-04-11T11:42:10.870226+0800 ERROR second command M154 S1
2025-04-11T11:42:10.870226+0800 ERROR finish command M154 S1
2025-04-11T11:42:14.729625+0800 ERROR SENT: M105
2025-04-11T11:42:14.729625+0800 ERROR write command M105
2025-04-11T11:42:14.730621+0800 ERROR second command M105
2025-04-11T11:42:14.730621+0800 ERROR finish command M105
2025-04-11T11:42:14.730621+0800 ERROR SENT: G250 S21
2025-04-11T11:42:14.730621+0800 ERROR write command G250 S21
2025-04-11T11:42:14.731623+0800 ERROR second command G250 S21
2025-04-11T11:42:14.731623+0800 ERROR finish command G250 S21
2025-04-11T11:42:14.731623+0800 ERROR SENT: G250 S800
2025-04-11T11:42:14.731623+0800 ERROR write command G250 S800
2025-04-11T11:42:14.731623+0800 ERROR second command G250 S800
2025-04-11T11:42:14.731623+0800 ERROR finish command G250 S800
2025-04-11T11:42:14.732621+0800 ERROR SENT: M154 S1
2025-04-11T11:42:14.732621+0800 ERROR write command M154 S1
2025-04-11T11:42:14.732621+0800 ERROR second command M154 S1
2025-04-11T11:42:14.732621+0800 ERROR finish command M154 S1
2025-04-11T11:42:18.550586+0800 ERROR SENT: M105
2025-04-11T11:42:18.550586+0800 ERROR write command M105
2025-04-11T11:42:18.550586+0800 ERROR second command M105
2025-04-11T11:42:18.550586+0800 ERROR finish command M105
2025-04-11T11:42:18.550586+0800 ERROR SENT: G250 S21
2025-04-11T11:42:18.551588+0800 ERROR write command G250 S21
2025-04-11T11:42:18.551588+0800 ERROR second command G250 S21
2025-04-11T11:42:18.551588+0800 ERROR finish command G250 S21
2025-04-11T11:42:18.551588+0800 ERROR SENT: G250 S800
2025-04-11T11:42:18.551588+0800 ERROR write command G250 S800
2025-04-11T11:42:18.552586+0800 ERROR second command G250 S800
2025-04-11T11:42:18.552586+0800 ERROR finish command G250 S800
2025-04-11T11:42:18.552586+0800 ERROR SENT: M154 S1
2025-04-11T11:42:18.552586+0800 ERROR write command M154 S1
2025-04-11T11:42:18.552586+0800 ERROR second command M154 S1
2025-04-11T11:42:18.552586+0800 ERROR finish command M154 S1
2025-04-11T11:42:22.379766+0800 ERROR SENT: M105
2025-04-11T11:42:22.379766+0800 ERROR write command M105
2025-04-11T11:42:22.380273+0800 ERROR second command M105
2025-04-11T11:42:22.380273+0800 ERROR finish command M105
2025-04-11T11:42:22.380273+0800 ERROR SENT: G250 S21
2025-04-11T11:42:22.380273+0800 ERROR write command G250 S21
2025-04-11T11:42:22.380273+0800 ERROR second command G250 S21
2025-04-11T11:42:22.380273+0800 ERROR finish command G250 S21
2025-04-11T11:42:22.380273+0800 ERROR SENT: G250 S800
2025-04-11T11:42:22.381305+0800 ERROR write command G250 S800
2025-04-11T11:42:22.381305+0800 ERROR second command G250 S800
2025-04-11T11:42:22.381305+0800 ERROR finish command G250 S800
2025-04-11T11:42:22.381305+0800 ERROR SENT: M154 S1
2025-04-11T11:42:22.381305+0800 ERROR write command M154 S1
2025-04-11T11:42:22.381305+0800 ERROR second command M154 S1
2025-04-11T11:42:22.381305+0800 ERROR finish command M154 S1
2025-04-11T11:42:26.211849+0800 ERROR SENT: M105
2025-04-11T11:42:26.211849+0800 ERROR write command M105
2025-04-11T11:42:26.211849+0800 ERROR second command M105
2025-04-11T11:42:26.211849+0800 ERROR finish command M105
2025-04-11T11:42:26.212842+0800 ERROR SENT: G250 S21
2025-04-11T11:42:26.212842+0800 ERROR write command G250 S21
2025-04-11T11:42:26.212842+0800 ERROR second command G250 S21
2025-04-11T11:42:26.212842+0800 ERROR finish command G250 S21
2025-04-11T11:42:26.212842+0800 ERROR SENT: G250 S800
2025-04-11T11:42:26.212842+0800 ERROR write command G250 S800
2025-04-11T11:42:26.212842+0800 ERROR second command G250 S800
2025-04-11T11:42:26.212842+0800 ERROR finish command G250 S800
2025-04-11T11:42:26.213841+0800 ERROR SENT: M154 S1
2025-04-11T11:42:26.213841+0800 ERROR write command M154 S1
2025-04-11T11:42:26.213841+0800 ERROR second command M154 S1
2025-04-11T11:42:26.213841+0800 ERROR finish command M154 S1
2025-04-11T11:42:30.102891+0800 ERROR SENT: M105
2025-04-11T11:42:30.102891+0800 ERROR write command M105
2025-04-11T11:42:30.102891+0800 ERROR second command M105
2025-04-11T11:42:30.103892+0800 ERROR finish command M105
2025-04-11T11:42:30.103892+0800 ERROR SENT: G250 S21
2025-04-11T11:42:30.103892+0800 ERROR write command G250 S21
2025-04-11T11:42:30.103892+0800 ERROR second command G250 S21
2025-04-11T11:42:30.103892+0800 ERROR finish command G250 S21
2025-04-11T11:42:30.103892+0800 ERROR SENT: G250 S800
2025-04-11T11:42:30.103892+0800 ERROR write command G250 S800
2025-04-11T11:42:30.104891+0800 ERROR second command G250 S800
2025-04-11T11:42:30.104891+0800 ERROR finish command G250 S800
2025-04-11T11:42:30.104891+0800 ERROR SENT: M154 S1
2025-04-11T11:42:30.104891+0800 ERROR write command M154 S1
2025-04-11T11:42:30.104891+0800 ERROR second command M154 S1
2025-04-11T11:42:30.104891+0800 ERROR finish command M154 S1
2025-04-11T11:42:33.917011+0800 ERROR SENT: M105
2025-04-11T11:42:33.917011+0800 ERROR write command M105
2025-04-11T11:42:33.917011+0800 ERROR second command M105
2025-04-11T11:42:33.917011+0800 ERROR finish command M105
2025-04-11T11:42:33.917011+0800 ERROR SENT: G250 S21
2025-04-11T11:42:33.918012+0800 ERROR write command G250 S21
2025-04-11T11:42:33.918012+0800 ERROR second command G250 S21
2025-04-11T11:42:33.918012+0800 ERROR finish command G250 S21
2025-04-11T11:42:33.918012+0800 ERROR SENT: G250 S800
2025-04-11T11:42:33.918012+0800 ERROR write command G250 S800
2025-04-11T11:42:33.918012+0800 ERROR second command G250 S800
2025-04-11T11:42:33.918012+0800 ERROR finish command G250 S800
2025-04-11T11:42:33.918012+0800 ERROR SENT: M154 S1
2025-04-11T11:42:33.919011+0800 ERROR write command M154 S1
2025-04-11T11:42:33.919011+0800 ERROR second command M154 S1
2025-04-11T11:42:33.919011+0800 ERROR finish command M154 S1
2025-04-11T11:42:37.753024+0800 ERROR SENT: M105
2025-04-11T11:42:37.753024+0800 ERROR write command M105
2025-04-11T11:42:37.753024+0800 ERROR second command M105
2025-04-11T11:42:37.753024+0800 ERROR finish command M105
2025-04-11T11:42:37.754026+0800 ERROR SENT: G250 S21
2025-04-11T11:42:37.754026+0800 ERROR write command G250 S21
2025-04-11T11:42:37.754026+0800 ERROR second command G250 S21
2025-04-11T11:42:37.754026+0800 ERROR finish command G250 S21
2025-04-11T11:42:37.754026+0800 ERROR SENT: G250 S800
2025-04-11T11:42:37.754026+0800 ERROR write command G250 S800
2025-04-11T11:42:37.754026+0800 ERROR second command G250 S800
2025-04-11T11:42:37.754026+0800 ERROR finish command G250 S800
2025-04-11T11:42:37.754026+0800 ERROR SENT: M154 S1
2025-04-11T11:42:37.755025+0800 ERROR write command M154 S1
2025-04-11T11:42:37.755025+0800 ERROR second command M154 S1
2025-04-11T11:42:37.755025+0800 ERROR finish command M154 S1
2025-04-11T11:42:41.586772+0800 ERROR SENT: M105
2025-04-11T11:42:41.586772+0800 ERROR write command M105
2025-04-11T11:42:41.586772+0800 ERROR second command M105
2025-04-11T11:42:41.586772+0800 ERROR finish command M105
2025-04-11T11:42:41.586772+0800 ERROR SENT: G250 S21
2025-04-11T11:42:41.587761+0800 ERROR write command G250 S21
2025-04-11T11:42:41.587761+0800 ERROR second command G250 S21
2025-04-11T11:42:41.587761+0800 ERROR finish command G250 S21
2025-04-11T11:42:41.587761+0800 ERROR SENT: G250 S800
2025-04-11T11:42:41.587761+0800 ERROR write command G250 S800
2025-04-11T11:42:41.587761+0800 ERROR second command G250 S800
2025-04-11T11:42:41.587761+0800 ERROR finish command G250 S800
2025-04-11T11:42:41.588761+0800 ERROR SENT: M154 S1
2025-04-11T11:42:41.588761+0800 ERROR write command M154 S1
2025-04-11T11:42:41.588761+0800 ERROR second command M154 S1
2025-04-11T11:42:41.588761+0800 ERROR finish command M154 S1
2025-04-11T11:42:45.448974+0800 ERROR SENT: M105
2025-04-11T11:42:45.448974+0800 ERROR write command M105
2025-04-11T11:42:45.448974+0800 ERROR second command M105
2025-04-11T11:42:45.449893+0800 ERROR finish command M105
2025-04-11T11:42:45.449893+0800 ERROR SENT: G250 S21
2025-04-11T11:42:45.449893+0800 ERROR write command G250 S21
2025-04-11T11:42:45.449893+0800 ERROR second command G250 S21
2025-04-11T11:42:45.449893+0800 ERROR finish command G250 S21
2025-04-11T11:42:45.449893+0800 ERROR SENT: G250 S800
2025-04-11T11:42:45.449893+0800 ERROR write command G250 S800
2025-04-11T11:42:45.450894+0800 ERROR second command G250 S800
2025-04-11T11:42:45.450894+0800 ERROR finish command G250 S800
2025-04-11T11:42:45.450894+0800 ERROR SENT: M154 S1
2025-04-11T11:42:45.450894+0800 ERROR write command M154 S1
2025-04-11T11:42:45.450894+0800 ERROR second command M154 S1
2025-04-11T11:42:45.450894+0800 ERROR finish command M154 S1
2025-04-11T11:42:49.431637+0800 ERROR SENT: M105
2025-04-11T11:42:49.432637+0800 ERROR write command M105
2025-04-11T11:42:49.432637+0800 ERROR second command M105
2025-04-11T11:42:49.432637+0800 ERROR finish command M105
2025-04-11T11:42:49.432637+0800 ERROR SENT: G250 S21
2025-04-11T11:42:49.432637+0800 ERROR write command G250 S21
2025-04-11T11:42:49.432637+0800 ERROR second command G250 S21
2025-04-11T11:42:49.433637+0800 ERROR finish command G250 S21
2025-04-11T11:42:49.433637+0800 ERROR SENT: G250 S800
2025-04-11T11:42:49.433637+0800 ERROR write command G250 S800
2025-04-11T11:42:49.433637+0800 ERROR second command G250 S800
2025-04-11T11:42:49.433637+0800 ERROR finish command G250 S800
2025-04-11T11:42:49.433637+0800 ERROR SENT: M154 S1
2025-04-11T11:42:49.433637+0800 ERROR write command M154 S1
2025-04-11T11:42:49.433637+0800 ERROR second command M154 S1
2025-04-11T11:42:49.488637+0800 ERROR finish command M154 S1
2025-04-11T11:42:53.341183+0800 ERROR SENT: M105
2025-04-11T11:42:53.341183+0800 ERROR write command M105
2025-04-11T11:42:53.341183+0800 ERROR second command M105
2025-04-11T11:42:53.342114+0800 ERROR finish command M105
2025-04-11T11:42:53.342114+0800 ERROR SENT: G250 S21
2025-04-11T11:42:53.342114+0800 ERROR write command G250 S21
2025-04-11T11:42:53.342114+0800 ERROR second command G250 S21
2025-04-11T11:42:53.342114+0800 ERROR finish command G250 S21
2025-04-11T11:42:53.342114+0800 ERROR SENT: G250 S800
2025-04-11T11:42:53.342114+0800 ERROR write command G250 S800
2025-04-11T11:42:53.342114+0800 ERROR second command G250 S800
2025-04-11T11:42:53.343114+0800 ERROR finish command G250 S800
2025-04-11T11:42:53.343114+0800 ERROR SENT: M154 S1
2025-04-11T11:42:53.343114+0800 ERROR write command M154 S1
2025-04-11T11:42:53.343114+0800 ERROR second command M154 S1
2025-04-11T11:42:53.343114+0800 ERROR finish command M154 S1
2025-04-11T11:42:57.316905+0800 ERROR SENT: M105
2025-04-11T11:42:57.316905+0800 ERROR write command M105
2025-04-11T11:42:57.317905+0800 ERROR second command M105
2025-04-11T11:42:57.317905+0800 ERROR finish command M105
2025-04-11T11:42:57.317905+0800 ERROR SENT: G250 S21
2025-04-11T11:42:57.317905+0800 ERROR write command G250 S21
2025-04-11T11:42:57.318905+0800 ERROR second command G250 S21
2025-04-11T11:42:57.318905+0800 ERROR finish command G250 S21
2025-04-11T11:42:57.318905+0800 ERROR SENT: G250 S800
2025-04-11T11:42:57.318905+0800 ERROR write command G250 S800
2025-04-11T11:42:57.318905+0800 ERROR second command G250 S800
2025-04-11T11:42:57.318905+0800 ERROR finish command G250 S800
2025-04-11T11:42:57.319905+0800 ERROR SENT: M154 S1
2025-04-11T11:42:57.319905+0800 ERROR write command M154 S1
2025-04-11T11:42:57.319905+0800 ERROR second command M154 S1
2025-04-11T11:42:57.319905+0800 ERROR finish command M154 S1
2025-04-11T11:43:01.378229+0800 ERROR SENT: M105
2025-04-11T11:43:01.378575+0800 ERROR write command M105
2025-04-11T11:43:01.379092+0800 ERROR second command M105
2025-04-11T11:43:01.379092+0800 ERROR finish command M105
2025-04-11T11:43:01.379092+0800 ERROR SENT: G250 S21
2025-04-11T11:43:01.379092+0800 ERROR write command G250 S21
2025-04-11T11:43:01.380087+0800 ERROR second command G250 S21
2025-04-11T11:43:01.380087+0800 ERROR finish command G250 S21
2025-04-11T11:43:01.380087+0800 ERROR SENT: G250 S800
2025-04-11T11:43:01.380087+0800 ERROR write command G250 S800
2025-04-11T11:43:01.381088+0800 ERROR second command G250 S800
2025-04-11T11:43:01.381088+0800 ERROR finish command G250 S800
2025-04-11T11:43:01.381088+0800 ERROR SENT: M154 S1
2025-04-11T11:43:01.381088+0800 ERROR write command M154 S1
2025-04-11T11:43:01.381088+0800 ERROR second command M154 S1
2025-04-11T11:43:01.382087+0800 ERROR finish command M154 S1
2025-04-11T11:43:05.252010+0800 ERROR SENT: M105
2025-04-11T11:43:05.252010+0800 ERROR write command M105
2025-04-11T11:43:05.252010+0800 ERROR second command M105
2025-04-11T11:43:05.253009+0800 ERROR finish command M105
2025-04-11T11:43:05.253009+0800 ERROR SENT: G250 S21
2025-04-11T11:43:05.253009+0800 ERROR write command G250 S21
2025-04-11T11:43:05.253009+0800 ERROR second command G250 S21
2025-04-11T11:43:05.253009+0800 ERROR finish command G250 S21
2025-04-11T11:43:05.253009+0800 ERROR SENT: G250 S800
2025-04-11T11:43:05.253009+0800 ERROR write command G250 S800
2025-04-11T11:43:05.254011+0800 ERROR second command G250 S800
2025-04-11T11:43:05.254011+0800 ERROR finish command G250 S800
2025-04-11T11:43:05.254011+0800 ERROR SENT: M154 S1
2025-04-11T11:43:05.254011+0800 ERROR write command M154 S1
2025-04-11T11:43:05.254011+0800 ERROR second command M154 S1
2025-04-11T11:43:05.255009+0800 ERROR finish command M154 S1
2025-04-11T11:43:09.307934+0800 ERROR SENT: M105
2025-04-11T11:43:09.307934+0800 ERROR write command M105
2025-04-11T11:43:09.307934+0800 ERROR second command M105
2025-04-11T11:43:09.307934+0800 ERROR finish command M105
2025-04-11T11:43:09.308854+0800 ERROR SENT: G250 S21
2025-04-11T11:43:09.308854+0800 ERROR write command G250 S21
2025-04-11T11:43:09.308854+0800 ERROR second command G250 S21
2025-04-11T11:43:09.308854+0800 ERROR finish command G250 S21
2025-04-11T11:43:09.308854+0800 ERROR SENT: G250 S800
2025-04-11T11:43:09.308854+0800 ERROR write command G250 S800
2025-04-11T11:43:09.309854+0800 ERROR second command G250 S800
2025-04-11T11:43:09.309854+0800 ERROR finish command G250 S800
2025-04-11T11:43:09.309854+0800 ERROR SENT: M154 S1
2025-04-11T11:43:09.309854+0800 ERROR write command M154 S1
2025-04-11T11:43:09.309854+0800 ERROR second command M154 S1
2025-04-11T11:43:09.309854+0800 ERROR finish command M154 S1
2025-04-11T11:43:13.425217+0800 ERROR SENT: M105
2025-04-11T11:43:13.425217+0800 ERROR write command M105
2025-04-11T11:43:13.426218+0800 ERROR second command M105
2025-04-11T11:43:13.426218+0800 ERROR finish command M105
2025-04-11T11:43:13.426218+0800 ERROR SENT: G250 S21
2025-04-11T11:43:13.426218+0800 ERROR write command G250 S21
2025-04-11T11:43:13.427219+0800 ERROR second command G250 S21
2025-04-11T11:43:13.427219+0800 ERROR finish command G250 S21
2025-04-11T11:43:13.427219+0800 ERROR SENT: G250 S800
2025-04-11T11:43:13.427219+0800 ERROR write command G250 S800
2025-04-11T11:43:13.427219+0800 ERROR second command G250 S800
2025-04-11T11:43:13.427219+0800 ERROR finish command G250 S800
2025-04-11T11:43:13.428218+0800 ERROR SENT: M154 S1
2025-04-11T11:43:13.428218+0800 ERROR write command M154 S1
2025-04-11T11:43:13.428218+0800 ERROR second command M154 S1
2025-04-11T11:43:13.428218+0800 ERROR finish command M154 S1
2025-04-11T11:43:17.277863+0800 ERROR SENT: M105
2025-04-11T11:43:17.277863+0800 ERROR write command M105
2025-04-11T11:43:17.277863+0800 ERROR second command M105
2025-04-11T11:43:17.278858+0800 ERROR finish command M105
2025-04-11T11:43:17.278858+0800 ERROR SENT: G250 S21
2025-04-11T11:43:17.278858+0800 ERROR write command G250 S21
2025-04-11T11:43:17.278858+0800 ERROR second command G250 S21
2025-04-11T11:43:17.278858+0800 ERROR finish command G250 S21
2025-04-11T11:43:17.278858+0800 ERROR SENT: G250 S800
2025-04-11T11:43:17.278858+0800 ERROR write command G250 S800
2025-04-11T11:43:17.278858+0800 ERROR second command G250 S800
2025-04-11T11:43:17.279855+0800 ERROR finish command G250 S800
2025-04-11T11:43:17.279855+0800 ERROR SENT: M154 S1
2025-04-11T11:43:17.279855+0800 ERROR write command M154 S1
2025-04-11T11:43:17.279855+0800 ERROR second command M154 S1
2025-04-11T11:43:17.279855+0800 ERROR finish command M154 S1
2025-04-11T11:43:21.455608+0800 ERROR SENT: M105
2025-04-11T11:43:21.455608+0800 ERROR write command M105
2025-04-11T11:43:21.456608+0800 ERROR second command M105
2025-04-11T11:43:21.456608+0800 ERROR finish command M105
2025-04-11T11:43:21.456608+0800 ERROR SENT: G250 S21
2025-04-11T11:43:21.456608+0800 ERROR write command G250 S21
2025-04-11T11:43:21.457610+0800 ERROR second command G250 S21
2025-04-11T11:43:21.457610+0800 ERROR finish command G250 S21
2025-04-11T11:43:21.457610+0800 ERROR SENT: G250 S800
2025-04-11T11:43:21.457610+0800 ERROR write command G250 S800
2025-04-11T11:43:21.457610+0800 ERROR second command G250 S800
2025-04-11T11:43:21.458608+0800 ERROR finish command G250 S800
2025-04-11T11:43:21.458608+0800 ERROR SENT: M154 S1
2025-04-11T11:43:21.458608+0800 ERROR write command M154 S1
2025-04-11T11:43:21.458608+0800 ERROR second command M154 S1
2025-04-11T11:43:21.458608+0800 ERROR finish command M154 S1
2025-04-11T11:43:25.400647+0800 ERROR SENT: M105
2025-04-11T11:43:25.400647+0800 ERROR write command M105
2025-04-11T11:43:25.401647+0800 ERROR second command M105
2025-04-11T11:43:25.401647+0800 ERROR finish command M105
2025-04-11T11:43:25.401647+0800 ERROR SENT: G250 S21
2025-04-11T11:43:25.401647+0800 ERROR write command G250 S21
2025-04-11T11:43:25.401647+0800 ERROR second command G250 S21
2025-04-11T11:43:25.402646+0800 ERROR finish command G250 S21
2025-04-11T11:43:25.402646+0800 ERROR SENT: G250 S800
2025-04-11T11:43:25.402646+0800 ERROR write command G250 S800
2025-04-11T11:43:25.402646+0800 ERROR second command G250 S800
2025-04-11T11:43:25.402646+0800 ERROR finish command G250 S800
2025-04-11T11:43:25.403646+0800 ERROR SENT: M154 S1
2025-04-11T11:43:25.403646+0800 ERROR write command M154 S1
2025-04-11T11:43:25.403646+0800 ERROR second command M154 S1
2025-04-11T11:43:25.403646+0800 ERROR finish command M154 S1
2025-04-11T11:43:29.503047+0800 ERROR SENT: M105
2025-04-11T11:43:29.504047+0800 ERROR write command M105
2025-04-11T11:43:29.504047+0800 ERROR second command M105
2025-04-11T11:43:29.505048+0800 ERROR finish command M105
2025-04-11T11:43:29.505048+0800 ERROR SENT: G250 S21
2025-04-11T11:43:29.505048+0800 ERROR write command G250 S21
2025-04-11T11:43:29.505048+0800 ERROR second command G250 S21
2025-04-11T11:43:29.505048+0800 ERROR finish command G250 S21
2025-04-11T11:43:29.506047+0800 ERROR SENT: G250 S800
2025-04-11T11:43:29.506047+0800 ERROR write command G250 S800
2025-04-11T11:43:29.506047+0800 ERROR second command G250 S800
2025-04-11T11:43:29.506047+0800 ERROR finish command G250 S800
2025-04-11T11:43:29.506047+0800 ERROR SENT: M154 S1
2025-04-11T11:43:29.507047+0800 ERROR write command M154 S1
2025-04-11T11:43:29.507047+0800 ERROR second command M154 S1
2025-04-11T11:43:29.508047+0800 ERROR finish command M154 S1
2025-04-11T11:43:33.504653+0800 ERROR SENT: M105
2025-04-11T11:43:33.504653+0800 ERROR write command M105
2025-04-11T11:43:33.505653+0800 ERROR second command M105
2025-04-11T11:43:33.505653+0800 ERROR finish command M105
2025-04-11T11:43:33.505653+0800 ERROR SENT: G250 S21
2025-04-11T11:43:33.506653+0800 ERROR write command G250 S21
2025-04-11T11:43:33.506653+0800 ERROR second command G250 S21
2025-04-11T11:43:33.506653+0800 ERROR finish command G250 S21
2025-04-11T11:43:33.506653+0800 ERROR SENT: G250 S800
2025-04-11T11:43:33.506653+0800 ERROR write command G250 S800
2025-04-11T11:43:33.506653+0800 ERROR second command G250 S800
2025-04-11T11:43:33.507653+0800 ERROR finish command G250 S800
2025-04-11T11:43:33.507653+0800 ERROR SENT: M154 S1
2025-04-11T11:43:33.507653+0800 ERROR write command M154 S1
2025-04-11T11:43:33.507653+0800 ERROR second command M154 S1
2025-04-11T11:43:33.508653+0800 ERROR finish command M154 S1
2025-04-11T11:43:37.346269+0800 ERROR SENT: M105
2025-04-11T11:43:37.346269+0800 ERROR write command M105
2025-04-11T11:43:37.346269+0800 ERROR second command M105
2025-04-11T11:43:37.346269+0800 ERROR finish command M105
2025-04-11T11:43:37.346269+0800 ERROR SENT: G250 S21
2025-04-11T11:43:37.347269+0800 ERROR write command G250 S21
2025-04-11T11:43:37.347269+0800 ERROR second command G250 S21
2025-04-11T11:43:37.347269+0800 ERROR finish command G250 S21
2025-04-11T11:43:37.347269+0800 ERROR SENT: G250 S800
2025-04-11T11:43:37.347269+0800 ERROR write command G250 S800
2025-04-11T11:43:37.347269+0800 ERROR second command G250 S800
2025-04-11T11:43:37.347269+0800 ERROR finish command G250 S800
2025-04-11T11:43:37.347269+0800 ERROR SENT: M154 S1
2025-04-11T11:43:37.348269+0800 ERROR write command M154 S1
2025-04-11T11:43:37.348269+0800 ERROR second command M154 S1
2025-04-11T11:43:37.348269+0800 ERROR finish command M154 S1
2025-04-11T11:43:41.283013+0800 ERROR SENT: M105
2025-04-11T11:43:41.283013+0800 ERROR write command M105
2025-04-11T11:43:41.284014+0800 ERROR second command M105
2025-04-11T11:43:41.284014+0800 ERROR finish command M105
2025-04-11T11:43:41.284014+0800 ERROR SENT: G250 S21
2025-04-11T11:43:41.285014+0800 ERROR write command G250 S21
2025-04-11T11:43:41.307014+0800 ERROR second command G250 S21
2025-04-11T11:43:41.307014+0800 ERROR finish command G250 S21
2025-04-11T11:43:41.308014+0800 ERROR SENT: G250 S800
2025-04-11T11:43:41.308014+0800 ERROR write command G250 S800
2025-04-11T11:43:41.308014+0800 ERROR second command G250 S800
2025-04-11T11:43:41.308014+0800 ERROR finish command G250 S800
2025-04-11T11:43:41.308014+0800 ERROR SENT: M154 S1
2025-04-11T11:43:41.308014+0800 ERROR write command M154 S1
2025-04-11T11:43:41.309014+0800 ERROR second command M154 S1
2025-04-11T11:43:41.310014+0800 ERROR finish command M154 S1
2025-04-11T11:43:45.391671+0800 ERROR SENT: M105
2025-04-11T11:43:45.391671+0800 ERROR write command M105
2025-04-11T11:43:45.391671+0800 ERROR second command M105
2025-04-11T11:43:45.391671+0800 ERROR finish command M105
2025-04-11T11:43:45.392670+0800 ERROR SENT: G250 S21
2025-04-11T11:43:45.392670+0800 ERROR write command G250 S21
2025-04-11T11:43:45.392670+0800 ERROR second command G250 S21
2025-04-11T11:43:45.392670+0800 ERROR finish command G250 S21
2025-04-11T11:43:45.392670+0800 ERROR SENT: G250 S800
2025-04-11T11:43:45.392670+0800 ERROR write command G250 S800
2025-04-11T11:43:45.392670+0800 ERROR second command G250 S800
2025-04-11T11:43:45.392670+0800 ERROR finish command G250 S800
2025-04-11T11:43:45.392670+0800 ERROR SENT: M154 S1
2025-04-11T11:43:45.393670+0800 ERROR write command M154 S1
2025-04-11T11:43:45.393670+0800 ERROR second command M154 S1
2025-04-11T11:43:45.393670+0800 ERROR finish command M154 S1
2025-04-11T11:43:49.403196+0800 ERROR SENT: M105
2025-04-11T11:43:49.404196+0800 ERROR write command M105
2025-04-11T11:43:49.404196+0800 ERROR second command M105
2025-04-11T11:43:49.405197+0800 ERROR finish command M105
2025-04-11T11:43:49.405197+0800 ERROR SENT: G250 S21
2025-04-11T11:43:49.405197+0800 ERROR write command G250 S21
2025-04-11T11:43:49.405197+0800 ERROR second command G250 S21
2025-04-11T11:43:49.406197+0800 ERROR finish command G250 S21
2025-04-11T11:43:49.406197+0800 ERROR SENT: G250 S800
2025-04-11T11:43:49.406197+0800 ERROR write command G250 S800
2025-04-11T11:43:49.406197+0800 ERROR second command G250 S800
2025-04-11T11:43:49.406197+0800 ERROR finish command G250 S800
2025-04-11T11:43:49.406197+0800 ERROR SENT: M154 S1
2025-04-11T11:43:49.408196+0800 ERROR write command M154 S1
2025-04-11T11:43:49.408196+0800 ERROR second command M154 S1
2025-04-11T11:43:49.408196+0800 ERROR finish command M154 S1
2025-04-11T11:43:53.468210+0800 ERROR SENT: M105
2025-04-11T11:43:53.468210+0800 ERROR write command M105
2025-04-11T11:43:53.469211+0800 ERROR second command M105
2025-04-11T11:43:53.469211+0800 ERROR finish command M105
2025-04-11T11:43:53.469211+0800 ERROR SENT: G250 S21
2025-04-11T11:43:53.469211+0800 ERROR write command G250 S21
2025-04-11T11:43:53.469211+0800 ERROR second command G250 S21
2025-04-11T11:43:53.470210+0800 ERROR finish command G250 S21
2025-04-11T11:43:53.470210+0800 ERROR SENT: G250 S800
2025-04-11T11:43:53.470210+0800 ERROR write command G250 S800
2025-04-11T11:43:53.470210+0800 ERROR second command G250 S800
2025-04-11T11:43:53.470210+0800 ERROR finish command G250 S800
2025-04-11T11:43:53.471210+0800 ERROR SENT: M154 S1
2025-04-11T11:43:53.472209+0800 ERROR write command M154 S1
2025-04-11T11:43:53.473209+0800 ERROR second command M154 S1
2025-04-11T11:43:53.473209+0800 ERROR finish command M154 S1
2025-04-11T11:43:57.472378+0800 ERROR SENT: M105
2025-04-11T11:43:57.472378+0800 ERROR write command M105
2025-04-11T11:43:57.473378+0800 ERROR second command M105
2025-04-11T11:43:57.473378+0800 ERROR finish command M105
2025-04-11T11:43:57.473378+0800 ERROR SENT: G250 S21
2025-04-11T11:43:57.474378+0800 ERROR write command G250 S21
2025-04-11T11:43:57.474378+0800 ERROR second command G250 S21
2025-04-11T11:43:57.474378+0800 ERROR finish command G250 S21
2025-04-11T11:43:57.474378+0800 ERROR SENT: G250 S800
2025-04-11T11:43:57.475378+0800 ERROR write command G250 S800
2025-04-11T11:43:57.475378+0800 ERROR second command G250 S800
2025-04-11T11:43:57.475378+0800 ERROR finish command G250 S800
2025-04-11T11:43:57.477378+0800 ERROR SENT: M154 S1
2025-04-11T11:43:57.477378+0800 ERROR write command M154 S1
2025-04-11T11:43:57.478378+0800 ERROR second command M154 S1
2025-04-11T11:43:57.478378+0800 ERROR finish command M154 S1
2025-04-11T11:44:01.382508+0800 ERROR SENT: M105
2025-04-11T11:44:01.382508+0800 ERROR write command M105
2025-04-11T11:44:01.383508+0800 ERROR second command M105
2025-04-11T11:44:01.383508+0800 ERROR finish command M105
2025-04-11T11:44:01.383508+0800 ERROR SENT: G250 S21
2025-04-11T11:44:01.384507+0800 ERROR write command G250 S21
2025-04-11T11:44:01.384507+0800 ERROR second command G250 S21
2025-04-11T11:44:01.384507+0800 ERROR finish command G250 S21
2025-04-11T11:44:01.384507+0800 ERROR SENT: G250 S800
2025-04-11T11:44:01.384507+0800 ERROR write command G250 S800
2025-04-11T11:44:01.385507+0800 ERROR second command G250 S800
2025-04-11T11:44:01.385507+0800 ERROR finish command G250 S800
2025-04-11T11:44:01.385507+0800 ERROR SENT: M154 S1
2025-04-11T11:44:01.385507+0800 ERROR write command M154 S1
2025-04-11T11:44:01.385507+0800 ERROR second command M154 S1
2025-04-11T11:44:01.386506+0800 ERROR finish command M154 S1
2025-04-11T11:44:05.659586+0800 ERROR SENT: M105
2025-04-11T11:44:05.659586+0800 ERROR write command M105
2025-04-11T11:44:05.659586+0800 ERROR second command M105
2025-04-11T11:44:05.660587+0800 ERROR finish command M105
2025-04-11T11:44:05.660587+0800 ERROR SENT: G250 S21
2025-04-11T11:44:05.660587+0800 ERROR write command G250 S21
2025-04-11T11:44:05.660587+0800 ERROR second command G250 S21
2025-04-11T11:44:05.660587+0800 ERROR finish command G250 S21
2025-04-11T11:44:05.660587+0800 ERROR SENT: G250 S800
2025-04-11T11:44:05.661586+0800 ERROR write command G250 S800
2025-04-11T11:44:05.661586+0800 ERROR second command G250 S800
2025-04-11T11:44:05.661586+0800 ERROR finish command G250 S800
2025-04-11T11:44:05.661586+0800 ERROR SENT: M154 S1
2025-04-11T11:44:05.661586+0800 ERROR write command M154 S1
2025-04-11T11:44:05.661586+0800 ERROR second command M154 S1
2025-04-11T11:44:05.661586+0800 ERROR finish command M154 S1
2025-04-11T11:44:09.535854+0800 ERROR SENT: M105
2025-04-11T11:44:09.535854+0800 ERROR write command M105
2025-04-11T11:44:09.535854+0800 ERROR second command M105
2025-04-11T11:44:09.536855+0800 ERROR finish command M105
2025-04-11T11:44:09.536855+0800 ERROR SENT: G250 S21
2025-04-11T11:44:09.536855+0800 ERROR write command G250 S21
2025-04-11T11:44:09.536855+0800 ERROR second command G250 S21
2025-04-11T11:44:09.537855+0800 ERROR finish command G250 S21
2025-04-11T11:44:09.537855+0800 ERROR SENT: G250 S800
2025-04-11T11:44:09.537855+0800 ERROR write command G250 S800
2025-04-11T11:44:09.537855+0800 ERROR second command G250 S800
2025-04-11T11:44:09.538855+0800 ERROR finish command G250 S800
2025-04-11T11:44:09.538855+0800 ERROR SENT: M154 S1
2025-04-11T11:44:09.538855+0800 ERROR write command M154 S1
2025-04-11T11:44:09.538855+0800 ERROR second command M154 S1
2025-04-11T11:44:09.538855+0800 ERROR finish command M154 S1
2025-04-11T11:44:13.373638+0800 ERROR SENT: M105
2025-04-11T11:44:13.374145+0800 ERROR write command M105
2025-04-11T11:44:13.374145+0800 ERROR second command M105
2025-04-11T11:44:13.374145+0800 ERROR finish command M105
2025-04-11T11:44:13.374145+0800 ERROR SENT: G250 S21
2025-04-11T11:44:13.374145+0800 ERROR write command G250 S21
2025-04-11T11:44:13.375147+0800 ERROR second command G250 S21
2025-04-11T11:44:13.375147+0800 ERROR finish command G250 S21
2025-04-11T11:44:13.375147+0800 ERROR SENT: G250 S800
2025-04-11T11:44:13.375147+0800 ERROR write command G250 S800
2025-04-11T11:44:13.375147+0800 ERROR second command G250 S800
2025-04-11T11:44:13.375147+0800 ERROR finish command G250 S800
2025-04-11T11:44:13.375147+0800 ERROR SENT: M154 S1
2025-04-11T11:44:13.376147+0800 ERROR write command M154 S1
2025-04-11T11:44:13.376147+0800 ERROR second command M154 S1
2025-04-11T11:44:13.376147+0800 ERROR finish command M154 S1
2025-04-11T11:44:17.478897+0800 ERROR SENT: M105
2025-04-11T11:44:17.478897+0800 ERROR write command M105
2025-04-11T11:44:17.478897+0800 ERROR second command M105
2025-04-11T11:44:17.479897+0800 ERROR finish command M105
2025-04-11T11:44:17.479897+0800 ERROR SENT: G250 S21
2025-04-11T11:44:17.479897+0800 ERROR write command G250 S21
2025-04-11T11:44:17.479897+0800 ERROR second command G250 S21
2025-04-11T11:44:17.479897+0800 ERROR finish command G250 S21
2025-04-11T11:44:17.479897+0800 ERROR SENT: G250 S800
2025-04-11T11:44:17.479897+0800 ERROR write command G250 S800
2025-04-11T11:44:17.480897+0800 ERROR second command G250 S800
2025-04-11T11:44:17.480897+0800 ERROR finish command G250 S800
2025-04-11T11:44:17.480897+0800 ERROR SENT: M154 S1
2025-04-11T11:44:17.480897+0800 ERROR write command M154 S1
2025-04-11T11:44:17.480897+0800 ERROR second command M154 S1
2025-04-11T11:44:17.480897+0800 ERROR finish command M154 S1
2025-04-11T11:44:21.473269+0800 ERROR SENT: M105
2025-04-11T11:44:21.473269+0800 ERROR write command M105
2025-04-11T11:44:21.474269+0800 ERROR second command M105
2025-04-11T11:44:21.474269+0800 ERROR finish command M105
2025-04-11T11:44:21.475269+0800 ERROR SENT: G250 S21
2025-04-11T11:44:21.475269+0800 ERROR write command G250 S21
2025-04-11T11:44:21.475269+0800 ERROR second command G250 S21
2025-04-11T11:44:21.475269+0800 ERROR finish command G250 S21
2025-04-11T11:44:21.475269+0800 ERROR SENT: G250 S800
2025-04-11T11:44:21.476269+0800 ERROR write command G250 S800
2025-04-11T11:44:21.476269+0800 ERROR second command G250 S800
2025-04-11T11:44:21.476269+0800 ERROR finish command G250 S800
2025-04-11T11:44:21.476269+0800 ERROR SENT: M154 S1
2025-04-11T11:44:21.485269+0800 ERROR write command M154 S1
2025-04-11T11:44:21.486269+0800 ERROR second command M154 S1
2025-04-11T11:44:21.486269+0800 ERROR finish command M154 S1
2025-04-11T11:44:25.365594+0800 ERROR SENT: M105
2025-04-11T11:44:25.365594+0800 ERROR write command M105
2025-04-11T11:44:25.366595+0800 ERROR second command M105
2025-04-11T11:44:25.366595+0800 ERROR finish command M105
2025-04-11T11:44:25.366595+0800 ERROR SENT: G250 S21
2025-04-11T11:44:25.366595+0800 ERROR write command G250 S21
2025-04-11T11:44:25.366595+0800 ERROR second command G250 S21
2025-04-11T11:44:25.366595+0800 ERROR finish command G250 S21
2025-04-11T11:44:25.367595+0800 ERROR SENT: G250 S800
2025-04-11T11:44:25.367595+0800 ERROR write command G250 S800
2025-04-11T11:44:25.367595+0800 ERROR second command G250 S800
2025-04-11T11:44:25.367595+0800 ERROR finish command G250 S800
2025-04-11T11:44:25.367595+0800 ERROR SENT: M154 S1
2025-04-11T11:44:25.367595+0800 ERROR write command M154 S1
2025-04-11T11:44:25.368594+0800 ERROR second command M154 S1
2025-04-11T11:44:25.368594+0800 ERROR finish command M154 S1
2025-04-11T11:44:29.219899+0800 ERROR SENT: M105
2025-04-11T11:44:29.219899+0800 ERROR write command M105
2025-04-11T11:44:29.219899+0800 ERROR second command M105
2025-04-11T11:44:29.220900+0800 ERROR finish command M105
2025-04-11T11:44:29.220900+0800 ERROR SENT: G250 S21
2025-04-11T11:44:29.220900+0800 ERROR write command G250 S21
2025-04-11T11:44:29.221900+0800 ERROR second command G250 S21
2025-04-11T11:44:29.221900+0800 ERROR finish command G250 S21
2025-04-11T11:44:29.221900+0800 ERROR SENT: G250 S800
2025-04-11T11:44:29.221900+0800 ERROR write command G250 S800
2025-04-11T11:44:29.221900+0800 ERROR second command G250 S800
2025-04-11T11:44:29.222900+0800 ERROR finish command G250 S800
2025-04-11T11:44:29.222900+0800 ERROR SENT: M154 S1
2025-04-11T11:44:29.222900+0800 ERROR write command M154 S1
2025-04-11T11:44:29.222900+0800 ERROR second command M154 S1
2025-04-11T11:44:29.223900+0800 ERROR finish command M154 S1
2025-04-11T11:44:33.293455+0800 ERROR SENT: M105
2025-04-11T11:44:33.293455+0800 ERROR write command M105
2025-04-11T11:44:33.293455+0800 ERROR second command M105
2025-04-11T11:44:33.294455+0800 ERROR finish command M105
2025-04-11T11:44:33.294455+0800 ERROR SENT: G250 S21
2025-04-11T11:44:33.294455+0800 ERROR write command G250 S21
2025-04-11T11:44:33.294455+0800 ERROR second command G250 S21
2025-04-11T11:44:33.294455+0800 ERROR finish command G250 S21
2025-04-11T11:44:33.295456+0800 ERROR SENT: G250 S800
2025-04-11T11:44:33.295456+0800 ERROR write command G250 S800
2025-04-11T11:44:33.295456+0800 ERROR second command G250 S800
2025-04-11T11:44:33.295456+0800 ERROR finish command G250 S800
2025-04-11T11:44:33.295456+0800 ERROR SENT: M154 S1
2025-04-11T11:44:33.295456+0800 ERROR write command M154 S1
2025-04-11T11:44:33.296456+0800 ERROR second command M154 S1
2025-04-11T11:44:33.296456+0800 ERROR finish command M154 S1
2025-04-11T11:44:37.195367+0800 ERROR SENT: M105
2025-04-11T11:44:37.196367+0800 ERROR write command M105
2025-04-11T11:44:37.196367+0800 ERROR second command M105
2025-04-11T11:44:37.196367+0800 ERROR finish command M105
2025-04-11T11:44:37.196367+0800 ERROR SENT: G250 S21
2025-04-11T11:44:37.197367+0800 ERROR write command G250 S21
2025-04-11T11:44:37.197367+0800 ERROR second command G250 S21
2025-04-11T11:44:37.197367+0800 ERROR finish command G250 S21
2025-04-11T11:44:37.197367+0800 ERROR SENT: G250 S800
2025-04-11T11:44:37.197367+0800 ERROR write command G250 S800
2025-04-11T11:44:37.198367+0800 ERROR second command G250 S800
2025-04-11T11:44:37.198367+0800 ERROR finish command G250 S800
2025-04-11T11:44:37.199367+0800 ERROR SENT: M154 S1
2025-04-11T11:44:37.199367+0800 ERROR write command M154 S1
2025-04-11T11:44:37.200367+0800 ERROR second command M154 S1
2025-04-11T11:44:37.200367+0800 ERROR finish command M154 S1
2025-04-11T11:44:41.136318+0800 ERROR SENT: M105
2025-04-11T11:44:41.136318+0800 ERROR write command M105
2025-04-11T11:44:41.137320+0800 ERROR second command M105
2025-04-11T11:44:41.137320+0800 ERROR finish command M105
2025-04-11T11:44:41.137320+0800 ERROR SENT: G250 S21
2025-04-11T11:44:41.137320+0800 ERROR write command G250 S21
2025-04-11T11:44:41.138319+0800 ERROR second command G250 S21
2025-04-11T11:44:41.138319+0800 ERROR finish command G250 S21
2025-04-11T11:44:41.138319+0800 ERROR SENT: G250 S800
2025-04-11T11:44:41.138319+0800 ERROR write command G250 S800
2025-04-11T11:44:41.138319+0800 ERROR second command G250 S800
2025-04-11T11:44:41.138319+0800 ERROR finish command G250 S800
2025-04-11T11:44:41.138319+0800 ERROR SENT: M154 S1
2025-04-11T11:44:41.139319+0800 ERROR write command M154 S1
2025-04-11T11:44:41.139319+0800 ERROR second command M154 S1
2025-04-11T11:44:41.139319+0800 ERROR finish command M154 S1
2025-04-11T11:44:45.109331+0800 ERROR SENT: M105
2025-04-11T11:44:45.109331+0800 ERROR write command M105
2025-04-11T11:44:45.110331+0800 ERROR second command M105
2025-04-11T11:44:45.110331+0800 ERROR finish command M105
2025-04-11T11:44:45.110331+0800 ERROR SENT: G250 S21
2025-04-11T11:44:45.110331+0800 ERROR write command G250 S21
2025-04-11T11:44:45.110331+0800 ERROR second command G250 S21
2025-04-11T11:44:45.110331+0800 ERROR finish command G250 S21
2025-04-11T11:44:45.110331+0800 ERROR SENT: G250 S800
2025-04-11T11:44:45.111332+0800 ERROR write command G250 S800
2025-04-11T11:44:45.111332+0800 ERROR second command G250 S800
2025-04-11T11:44:45.111332+0800 ERROR finish command G250 S800
2025-04-11T11:44:45.111332+0800 ERROR SENT: M154 S1
2025-04-11T11:44:45.111332+0800 ERROR write command M154 S1
2025-04-11T11:44:45.111332+0800 ERROR second command M154 S1
2025-04-11T11:44:45.111332+0800 ERROR finish command M154 S1
2025-04-11T11:44:48.994335+0800 ERROR SENT: M105
2025-04-11T11:44:48.994335+0800 ERROR write command M105
2025-04-11T11:44:48.995334+0800 ERROR second command M105
2025-04-11T11:44:48.995334+0800 ERROR finish command M105
2025-04-11T11:44:48.995334+0800 ERROR SENT: G250 S21
2025-04-11T11:44:48.995334+0800 ERROR write command G250 S21
2025-04-11T11:44:48.996334+0800 ERROR second command G250 S21
2025-04-11T11:44:48.996334+0800 ERROR finish command G250 S21
2025-04-11T11:44:48.996334+0800 ERROR SENT: G250 S800
2025-04-11T11:44:48.996334+0800 ERROR write command G250 S800
2025-04-11T11:44:48.996334+0800 ERROR second command G250 S800
2025-04-11T11:44:48.997333+0800 ERROR finish command G250 S800
2025-04-11T11:44:48.997333+0800 ERROR SENT: M154 S1
2025-04-11T11:44:48.997333+0800 ERROR write command M154 S1
2025-04-11T11:44:48.997333+0800 ERROR second command M154 S1
2025-04-11T11:44:48.997333+0800 ERROR finish command M154 S1
2025-04-11T11:44:52.815009+0800 ERROR SENT: M105
2025-04-11T11:44:52.815009+0800 ERROR write command M105
2025-04-11T11:44:52.815009+0800 ERROR second command M105
2025-04-11T11:44:52.815009+0800 ERROR finish command M105
2025-04-11T11:44:52.815939+0800 ERROR SENT: G250 S21
2025-04-11T11:44:52.815939+0800 ERROR write command G250 S21
2025-04-11T11:44:52.815939+0800 ERROR second command G250 S21
2025-04-11T11:44:52.815939+0800 ERROR finish command G250 S21
2025-04-11T11:44:52.815939+0800 ERROR SENT: G250 S800
2025-04-11T11:44:52.815939+0800 ERROR write command G250 S800
2025-04-11T11:44:52.815939+0800 ERROR second command G250 S800
2025-04-11T11:44:52.815939+0800 ERROR finish command G250 S800
2025-04-11T11:44:52.815939+0800 ERROR SENT: M154 S1
2025-04-11T11:44:52.816930+0800 ERROR write command M154 S1
2025-04-11T11:44:52.816930+0800 ERROR second command M154 S1
2025-04-11T11:44:52.816930+0800 ERROR finish command M154 S1
2025-04-11T11:44:56.643474+0800 ERROR SENT: M105
2025-04-11T11:44:56.643474+0800 ERROR write command M105
2025-04-11T11:44:56.643474+0800 ERROR second command M105
2025-04-11T11:44:56.643474+0800 ERROR finish command M105
2025-04-11T11:44:56.643474+0800 ERROR SENT: G250 S21
2025-04-11T11:44:56.644465+0800 ERROR write command G250 S21
2025-04-11T11:44:56.644465+0800 ERROR second command G250 S21
2025-04-11T11:44:56.644465+0800 ERROR finish command G250 S21
2025-04-11T11:44:56.644465+0800 ERROR SENT: G250 S800
2025-04-11T11:44:56.644465+0800 ERROR write command G250 S800
2025-04-11T11:44:56.644465+0800 ERROR second command G250 S800
2025-04-11T11:44:56.644465+0800 ERROR finish command G250 S800
2025-04-11T11:44:56.644465+0800 ERROR SENT: M154 S1
2025-04-11T11:44:56.644465+0800 ERROR write command M154 S1
2025-04-11T11:44:56.645465+0800 ERROR second command M154 S1
2025-04-11T11:44:56.645465+0800 ERROR finish command M154 S1
2025-04-11T11:45:00.502934+0800 ERROR SENT: M105
2025-04-11T11:45:00.503928+0800 ERROR write command M105
2025-04-11T11:45:00.504925+0800 ERROR second command M105
2025-04-11T11:45:00.504925+0800 ERROR finish command M105
2025-04-11T11:45:00.504925+0800 ERROR SENT: G250 S21
2025-04-11T11:45:00.504925+0800 ERROR write command G250 S21
2025-04-11T11:45:00.504925+0800 ERROR second command G250 S21
2025-04-11T11:45:00.504925+0800 ERROR finish command G250 S21
2025-04-11T11:45:00.504925+0800 ERROR SENT: G250 S800
2025-04-11T11:45:00.504925+0800 ERROR write command G250 S800
2025-04-11T11:45:00.504925+0800 ERROR second command G250 S800
2025-04-11T11:45:00.505925+0800 ERROR finish command G250 S800
2025-04-11T11:45:00.505925+0800 ERROR SENT: M154 S1
2025-04-11T11:45:00.505925+0800 ERROR write command M154 S1
2025-04-11T11:45:00.505925+0800 ERROR second command M154 S1
2025-04-11T11:45:00.505925+0800 ERROR finish command M154 S1
2025-04-11T11:45:04.322789+0800 ERROR SENT: M105
2025-04-11T11:45:04.322789+0800 ERROR write command M105
2025-04-11T11:45:04.322789+0800 ERROR second command M105
2025-04-11T11:45:04.322789+0800 ERROR finish command M105
2025-04-11T11:45:04.322789+0800 ERROR SENT: G250 S21
2025-04-11T11:45:04.322789+0800 ERROR write command G250 S21
2025-04-11T11:45:04.322789+0800 ERROR second command G250 S21
2025-04-11T11:45:04.323818+0800 ERROR finish command G250 S21
2025-04-11T11:45:04.323818+0800 ERROR SENT: G250 S800
2025-04-11T11:45:04.323818+0800 ERROR write command G250 S800
2025-04-11T11:45:04.323818+0800 ERROR second command G250 S800
2025-04-11T11:45:04.323818+0800 ERROR finish command G250 S800
2025-04-11T11:45:04.323818+0800 ERROR SENT: M154 S1
2025-04-11T11:45:04.323818+0800 ERROR write command M154 S1
2025-04-11T11:45:04.323818+0800 ERROR second command M154 S1
2025-04-11T11:45:04.323818+0800 ERROR finish command M154 S1
2025-04-11T11:45:08.162734+0800 ERROR SENT: M105
2025-04-11T11:45:08.162734+0800 ERROR write command M105
2025-04-11T11:45:08.162734+0800 ERROR second command M105
2025-04-11T11:45:08.162734+0800 ERROR finish command M105
2025-04-11T11:45:08.163724+0800 ERROR SENT: G250 S21
2025-04-11T11:45:08.163724+0800 ERROR write command G250 S21
2025-04-11T11:45:08.163724+0800 ERROR second command G250 S21
2025-04-11T11:45:08.163724+0800 ERROR finish command G250 S21
2025-04-11T11:45:08.163724+0800 ERROR SENT: G250 S800
2025-04-11T11:45:08.163724+0800 ERROR write command G250 S800
2025-04-11T11:45:08.163724+0800 ERROR second command G250 S800
2025-04-11T11:45:08.163724+0800 ERROR finish command G250 S800
2025-04-11T11:45:08.163724+0800 ERROR SENT: M154 S1
2025-04-11T11:45:08.163724+0800 ERROR write command M154 S1
2025-04-11T11:45:08.164725+0800 ERROR second command M154 S1
2025-04-11T11:45:08.164725+0800 ERROR finish command M154 S1
2025-04-11T11:45:11.975144+0800 ERROR SENT: M105
2025-04-11T11:45:11.975144+0800 ERROR write command M105
2025-04-11T11:45:11.975144+0800 ERROR second command M105
2025-04-11T11:45:11.975144+0800 ERROR finish command M105
2025-04-11T11:45:11.975144+0800 ERROR SENT: G250 S21
2025-04-11T11:45:11.975144+0800 ERROR write command G250 S21
2025-04-11T11:45:11.976135+0800 ERROR second command G250 S21
2025-04-11T11:45:11.976135+0800 ERROR finish command G250 S21
2025-04-11T11:45:11.976135+0800 ERROR SENT: G250 S800
2025-04-11T11:45:11.976135+0800 ERROR write command G250 S800
2025-04-11T11:45:11.976135+0800 ERROR second command G250 S800
2025-04-11T11:45:11.976135+0800 ERROR finish command G250 S800
2025-04-11T11:45:11.976135+0800 ERROR SENT: M154 S1
2025-04-11T11:45:11.976135+0800 ERROR write command M154 S1
2025-04-11T11:45:11.977136+0800 ERROR second command M154 S1
2025-04-11T11:45:11.977136+0800 ERROR finish command M154 S1
2025-04-11T11:45:15.829324+0800 ERROR SENT: M105
2025-04-11T11:45:15.829324+0800 ERROR write command M105
2025-04-11T11:45:15.829324+0800 ERROR second command M105
2025-04-11T11:45:15.830325+0800 ERROR finish command M105
2025-04-11T11:45:15.830325+0800 ERROR SENT: G250 S21
2025-04-11T11:45:15.830325+0800 ERROR write command G250 S21
2025-04-11T11:45:15.830325+0800 ERROR second command G250 S21
2025-04-11T11:45:15.830325+0800 ERROR finish command G250 S21
2025-04-11T11:45:15.830325+0800 ERROR SENT: G250 S800
2025-04-11T11:45:15.830325+0800 ERROR write command G250 S800
2025-04-11T11:45:15.831325+0800 ERROR second command G250 S800
2025-04-11T11:45:15.831325+0800 ERROR finish command G250 S800
2025-04-11T11:45:15.831325+0800 ERROR SENT: M154 S1
2025-04-11T11:45:15.831325+0800 ERROR write command M154 S1
2025-04-11T11:45:15.831325+0800 ERROR second command M154 S1
2025-04-11T11:45:15.831325+0800 ERROR finish command M154 S1
2025-04-11T11:45:19.710551+0800 ERROR SENT: M105
2025-04-11T11:45:19.710551+0800 ERROR write command M105
2025-04-11T11:45:19.710551+0800 ERROR second command M105
2025-04-11T11:45:19.711550+0800 ERROR finish command M105
2025-04-11T11:45:19.711550+0800 ERROR SENT: G250 S21
2025-04-11T11:45:19.711550+0800 ERROR write command G250 S21
2025-04-11T11:45:19.711550+0800 ERROR second command G250 S21
2025-04-11T11:45:19.711550+0800 ERROR finish command G250 S21
2025-04-11T11:45:19.711550+0800 ERROR SENT: G250 S800
2025-04-11T11:45:19.711550+0800 ERROR write command G250 S800
2025-04-11T11:45:19.712550+0800 ERROR second command G250 S800
2025-04-11T11:45:19.712550+0800 ERROR finish command G250 S800
2025-04-11T11:45:19.714551+0800 ERROR SENT: M154 S1
2025-04-11T11:45:19.715551+0800 ERROR write command M154 S1
2025-04-11T11:45:19.715551+0800 ERROR second command M154 S1
2025-04-11T11:45:19.715551+0800 ERROR finish command M154 S1
2025-04-11T11:45:23.715333+0800 ERROR SENT: M105
2025-04-11T11:45:23.715333+0800 ERROR write command M105
2025-04-11T11:45:23.715333+0800 ERROR second command M105
2025-04-11T11:45:23.715333+0800 ERROR finish command M105
2025-04-11T11:45:23.716333+0800 ERROR SENT: G250 S21
2025-04-11T11:45:23.716333+0800 ERROR write command G250 S21
2025-04-11T11:45:23.716333+0800 ERROR second command G250 S21
2025-04-11T11:45:23.716333+0800 ERROR finish command G250 S21
2025-04-11T11:45:23.716333+0800 ERROR SENT: G250 S800
2025-04-11T11:45:23.717333+0800 ERROR write command G250 S800
2025-04-11T11:45:23.717333+0800 ERROR second command G250 S800
2025-04-11T11:45:23.717333+0800 ERROR finish command G250 S800
2025-04-11T11:45:23.718332+0800 ERROR SENT: M154 S1
2025-04-11T11:45:23.719333+0800 ERROR write command M154 S1
2025-04-11T11:45:23.719333+0800 ERROR second command M154 S1
2025-04-11T11:45:23.719333+0800 ERROR finish command M154 S1
2025-04-11T11:45:27.586036+0800 ERROR SENT: M105
2025-04-11T11:45:27.586036+0800 ERROR write command M105
2025-04-11T11:45:27.586036+0800 ERROR second command M105
2025-04-11T11:45:27.586036+0800 ERROR finish command M105
2025-04-11T11:45:27.586036+0800 ERROR SENT: G250 S21
2025-04-11T11:45:27.586036+0800 ERROR write command G250 S21
2025-04-11T11:45:27.586967+0800 ERROR second command G250 S21
2025-04-11T11:45:27.586967+0800 ERROR finish command G250 S21
2025-04-11T11:45:27.586967+0800 ERROR SENT: G250 S800
2025-04-11T11:45:27.586967+0800 ERROR write command G250 S800
2025-04-11T11:45:27.586967+0800 ERROR second command G250 S800
2025-04-11T11:45:27.586967+0800 ERROR finish command G250 S800
2025-04-11T11:45:27.586967+0800 ERROR SENT: M154 S1
2025-04-11T11:45:27.586967+0800 ERROR write command M154 S1
2025-04-11T11:45:27.588041+0800 ERROR second command M154 S1
2025-04-11T11:45:27.588041+0800 ERROR finish command M154 S1
2025-04-11T11:45:31.522059+0800 ERROR SENT: M105
2025-04-11T11:45:31.522059+0800 ERROR write command M105
2025-04-11T11:45:31.522059+0800 ERROR second command M105
2025-04-11T11:45:31.522059+0800 ERROR finish command M105
2025-04-11T11:45:31.523058+0800 ERROR SENT: G250 S21
2025-04-11T11:45:31.523058+0800 ERROR write command G250 S21
2025-04-11T11:45:31.523058+0800 ERROR second command G250 S21
2025-04-11T11:45:31.523058+0800 ERROR finish command G250 S21
2025-04-11T11:45:31.523058+0800 ERROR SENT: G250 S800
2025-04-11T11:45:31.523058+0800 ERROR write command G250 S800
2025-04-11T11:45:31.524058+0800 ERROR second command G250 S800
2025-04-11T11:45:31.524058+0800 ERROR finish command G250 S800
2025-04-11T11:45:31.548058+0800 ERROR SENT: M154 S1
2025-04-11T11:45:31.548058+0800 ERROR write command M154 S1
2025-04-11T11:45:31.548058+0800 ERROR second command M154 S1
2025-04-11T11:45:31.548058+0800 ERROR finish command M154 S1
2025-04-11T11:45:35.376044+0800 ERROR SENT: M105
2025-04-11T11:45:35.376235+0800 ERROR write command M105
2025-04-11T11:45:35.376235+0800 ERROR second command M105
2025-04-11T11:45:35.376235+0800 ERROR finish command M105
2025-04-11T11:45:35.376235+0800 ERROR SENT: G250 S21
2025-04-11T11:45:35.377031+0800 ERROR write command G250 S21
2025-04-11T11:45:35.377031+0800 ERROR second command G250 S21
2025-04-11T11:45:35.377031+0800 ERROR finish command G250 S21
2025-04-11T11:45:35.377031+0800 ERROR SENT: G250 S800
2025-04-11T11:45:35.377031+0800 ERROR write command G250 S800
2025-04-11T11:45:35.377031+0800 ERROR second command G250 S800
2025-04-11T11:45:35.377031+0800 ERROR finish command G250 S800
2025-04-11T11:45:35.377031+0800 ERROR SENT: M154 S1
2025-04-11T11:45:35.378066+0800 ERROR write command M154 S1
2025-04-11T11:45:35.378066+0800 ERROR second command M154 S1
2025-04-11T11:45:35.378066+0800 ERROR finish command M154 S1
2025-04-11T11:45:39.268360+0800 ERROR SENT: M105
2025-04-11T11:45:39.268360+0800 ERROR write command M105
2025-04-11T11:45:39.268360+0800 ERROR second command M105
2025-04-11T11:45:39.269290+0800 ERROR finish command M105
2025-04-11T11:45:39.269290+0800 ERROR SENT: G250 S21
2025-04-11T11:45:39.269290+0800 ERROR write command G250 S21
2025-04-11T11:45:39.269290+0800 ERROR second command G250 S21
2025-04-11T11:45:39.269290+0800 ERROR finish command G250 S21
2025-04-11T11:45:39.269290+0800 ERROR SENT: G250 S800
2025-04-11T11:45:39.269290+0800 ERROR write command G250 S800
2025-04-11T11:45:39.270290+0800 ERROR second command G250 S800
2025-04-11T11:45:39.270290+0800 ERROR finish command G250 S800
2025-04-11T11:45:39.270290+0800 ERROR SENT: M154 S1
2025-04-11T11:45:39.270290+0800 ERROR write command M154 S1
2025-04-11T11:45:39.270290+0800 ERROR second command M154 S1
2025-04-11T11:45:39.271290+0800 ERROR finish command M154 S1
2025-04-11T11:45:43.183601+0800 ERROR SENT: M105
2025-04-11T11:45:43.183601+0800 ERROR write command M105
2025-04-11T11:45:43.183601+0800 ERROR second command M105
2025-04-11T11:45:43.184603+0800 ERROR finish command M105
2025-04-11T11:45:43.184603+0800 ERROR SENT: G250 S21
2025-04-11T11:45:43.184603+0800 ERROR write command G250 S21
2025-04-11T11:45:43.184603+0800 ERROR second command G250 S21
2025-04-11T11:45:43.184603+0800 ERROR finish command G250 S21
2025-04-11T11:45:43.185603+0800 ERROR SENT: G250 S800
2025-04-11T11:45:43.185603+0800 ERROR write command G250 S800
2025-04-11T11:45:43.185603+0800 ERROR second command G250 S800
2025-04-11T11:45:43.185603+0800 ERROR finish command G250 S800
2025-04-11T11:45:43.185603+0800 ERROR SENT: M154 S1
2025-04-11T11:45:43.186602+0800 ERROR write command M154 S1
2025-04-11T11:45:43.186602+0800 ERROR second command M154 S1
2025-04-11T11:45:43.186602+0800 ERROR finish command M154 S1
2025-04-11T11:45:46.991873+0800 ERROR SENT: M105
2025-04-11T11:45:46.991873+0800 ERROR write command M105
2025-04-11T11:45:46.991873+0800 ERROR second command M105
2025-04-11T11:45:46.992874+0800 ERROR finish command M105
2025-04-11T11:45:46.992874+0800 ERROR SENT: G250 S21
2025-04-11T11:45:46.992874+0800 ERROR write command G250 S21
2025-04-11T11:45:46.992874+0800 ERROR second command G250 S21
2025-04-11T11:45:46.992874+0800 ERROR finish command G250 S21
2025-04-11T11:45:46.993875+0800 ERROR SENT: G250 S800
2025-04-11T11:45:46.993875+0800 ERROR write command G250 S800
2025-04-11T11:45:46.993875+0800 ERROR second command G250 S800
2025-04-11T11:45:46.993875+0800 ERROR finish command G250 S800
2025-04-11T11:45:46.993875+0800 ERROR SENT: M154 S1
2025-04-11T11:45:46.993875+0800 ERROR write command M154 S1
2025-04-11T11:45:46.993875+0800 ERROR second command M154 S1
2025-04-11T11:45:46.993875+0800 ERROR finish command M154 S1
2025-04-11T11:45:50.888418+0800 ERROR SENT: M105
2025-04-11T11:45:50.888418+0800 ERROR write command M105
2025-04-11T11:45:50.889419+0800 ERROR second command M105
2025-04-11T11:45:50.889419+0800 ERROR finish command M105
2025-04-11T11:45:50.889419+0800 ERROR SENT: G250 S21
2025-04-11T11:45:50.889419+0800 ERROR write command G250 S21
2025-04-11T11:45:50.890418+0800 ERROR second command G250 S21
2025-04-11T11:45:50.890418+0800 ERROR finish command G250 S21
2025-04-11T11:45:50.890418+0800 ERROR SENT: G250 S800
2025-04-11T11:45:50.890418+0800 ERROR write command G250 S800
2025-04-11T11:45:50.890418+0800 ERROR second command G250 S800
2025-04-11T11:45:50.890418+0800 ERROR finish command G250 S800
2025-04-11T11:45:50.890418+0800 ERROR SENT: M154 S1
2025-04-11T11:45:50.890418+0800 ERROR write command M154 S1
2025-04-11T11:45:50.891418+0800 ERROR second command M154 S1
2025-04-11T11:45:50.891418+0800 ERROR finish command M154 S1
2025-04-11T11:45:54.909180+0800 ERROR SENT: M105
2025-04-11T11:45:54.909180+0800 ERROR write command M105
2025-04-11T11:45:54.910180+0800 ERROR second command M105
2025-04-11T11:45:54.910180+0800 ERROR finish command M105
2025-04-11T11:45:54.910180+0800 ERROR SENT: G250 S21
2025-04-11T11:45:54.910180+0800 ERROR write command G250 S21
2025-04-11T11:45:54.910180+0800 ERROR second command G250 S21
2025-04-11T11:45:54.910180+0800 ERROR finish command G250 S21
2025-04-11T11:45:54.910180+0800 ERROR SENT: G250 S800
2025-04-11T11:45:54.911179+0800 ERROR write command G250 S800
2025-04-11T11:45:54.911179+0800 ERROR second command G250 S800
2025-04-11T11:45:54.911179+0800 ERROR finish command G250 S800
2025-04-11T11:45:54.911179+0800 ERROR SENT: M154 S1
2025-04-11T11:45:54.911179+0800 ERROR write command M154 S1
2025-04-11T11:45:54.911179+0800 ERROR second command M154 S1
2025-04-11T11:45:54.911179+0800 ERROR finish command M154 S1
2025-04-11T11:45:58.898478+0800 ERROR SENT: M105
2025-04-11T11:45:58.898478+0800 ERROR write command M105
2025-04-11T11:45:58.898478+0800 ERROR second command M105
2025-04-11T11:45:58.899478+0800 ERROR finish command M105
2025-04-11T11:45:58.899478+0800 ERROR SENT: G250 S21
2025-04-11T11:45:58.899478+0800 ERROR write command G250 S21
2025-04-11T11:45:58.899478+0800 ERROR second command G250 S21
2025-04-11T11:45:58.899478+0800 ERROR finish command G250 S21
2025-04-11T11:45:58.899478+0800 ERROR SENT: G250 S800
2025-04-11T11:45:58.899478+0800 ERROR write command G250 S800
2025-04-11T11:45:58.899478+0800 ERROR second command G250 S800
2025-04-11T11:45:58.899478+0800 ERROR finish command G250 S800
2025-04-11T11:45:58.899478+0800 ERROR SENT: M154 S1
2025-04-11T11:45:58.900479+0800 ERROR write command M154 S1
2025-04-11T11:45:58.900479+0800 ERROR second command M154 S1
2025-04-11T11:45:58.900479+0800 ERROR finish command M154 S1
2025-04-11T11:46:02.978252+0800 ERROR SENT: M105
2025-04-11T11:46:02.978252+0800 ERROR write command M105
2025-04-11T11:46:02.978252+0800 ERROR second command M105
2025-04-11T11:46:02.979252+0800 ERROR finish command M105
2025-04-11T11:46:02.979252+0800 ERROR SENT: G250 S21
2025-04-11T11:46:02.979252+0800 ERROR write command G250 S21
2025-04-11T11:46:02.979252+0800 ERROR second command G250 S21
2025-04-11T11:46:02.979252+0800 ERROR finish command G250 S21
2025-04-11T11:46:02.979252+0800 ERROR SENT: G250 S800
2025-04-11T11:46:02.979252+0800 ERROR write command G250 S800
2025-04-11T11:46:02.979252+0800 ERROR second command G250 S800
2025-04-11T11:46:02.979252+0800 ERROR finish command G250 S800
2025-04-11T11:46:02.979252+0800 ERROR SENT: M154 S1
2025-04-11T11:46:02.979252+0800 ERROR write command M154 S1
2025-04-11T11:46:02.980251+0800 ERROR second command M154 S1
2025-04-11T11:46:02.980251+0800 ERROR finish command M154 S1
2025-04-11T11:46:06.924040+0800 ERROR SENT: M105
2025-04-11T11:46:06.925038+0800 ERROR write command M105
2025-04-11T11:46:06.925038+0800 ERROR second command M105
2025-04-11T11:46:06.926039+0800 ERROR finish command M105
2025-04-11T11:46:06.926039+0800 ERROR SENT: G250 S21
2025-04-11T11:46:06.926039+0800 ERROR write command G250 S21
2025-04-11T11:46:06.926039+0800 ERROR second command G250 S21
2025-04-11T11:46:06.926039+0800 ERROR finish command G250 S21
2025-04-11T11:46:06.927039+0800 ERROR SENT: G250 S800
2025-04-11T11:46:06.927039+0800 ERROR write command G250 S800
2025-04-11T11:46:06.927039+0800 ERROR second command G250 S800
2025-04-11T11:46:06.927039+0800 ERROR finish command G250 S800
2025-04-11T11:46:06.927039+0800 ERROR SENT: M154 S1
2025-04-11T11:46:06.930041+0800 ERROR write command M154 S1
2025-04-11T11:46:06.931040+0800 ERROR second command M154 S1
2025-04-11T11:46:06.931040+0800 ERROR finish command M154 S1
2025-04-11T11:46:10.837380+0800 ERROR SENT: M105
2025-04-11T11:46:10.837380+0800 ERROR write command M105
2025-04-11T11:46:10.838382+0800 ERROR second command M105
2025-04-11T11:46:10.838382+0800 ERROR finish command M105
2025-04-11T11:46:10.839384+0800 ERROR SENT: G250 S21
2025-04-11T11:46:10.839384+0800 ERROR write command G250 S21
2025-04-11T11:46:10.839384+0800 ERROR second command G250 S21
2025-04-11T11:46:10.839384+0800 ERROR finish command G250 S21
2025-04-11T11:46:10.839384+0800 ERROR SENT: G250 S800
2025-04-11T11:46:10.839384+0800 ERROR write command G250 S800
2025-04-11T11:46:10.840381+0800 ERROR second command G250 S800
2025-04-11T11:46:10.840381+0800 ERROR finish command G250 S800
2025-04-11T11:46:10.841382+0800 ERROR SENT: M154 S1
2025-04-11T11:46:10.842381+0800 ERROR write command M154 S1
2025-04-11T11:46:10.842381+0800 ERROR second command M154 S1
2025-04-11T11:46:10.842381+0800 ERROR finish command M154 S1
2025-04-11T11:46:14.714131+0800 ERROR SENT: M105
2025-04-11T11:46:14.715131+0800 ERROR write command M105
2025-04-11T11:46:14.715131+0800 ERROR second command M105
2025-04-11T11:46:14.715131+0800 ERROR finish command M105
2025-04-11T11:46:14.715131+0800 ERROR SENT: G250 S21
2025-04-11T11:46:14.715131+0800 ERROR write command G250 S21
2025-04-11T11:46:14.716132+0800 ERROR second command G250 S21
2025-04-11T11:46:14.716132+0800 ERROR finish command G250 S21
2025-04-11T11:46:14.716132+0800 ERROR SENT: G250 S800
2025-04-11T11:46:14.716132+0800 ERROR write command G250 S800
2025-04-11T11:46:14.716132+0800 ERROR second command G250 S800
2025-04-11T11:46:14.716132+0800 ERROR finish command G250 S800
2025-04-11T11:46:14.718131+0800 ERROR SENT: M154 S1
2025-04-11T11:46:14.718131+0800 ERROR write command M154 S1
2025-04-11T11:46:14.718131+0800 ERROR second command M154 S1
2025-04-11T11:46:14.718131+0800 ERROR finish command M154 S1
2025-04-11T11:46:18.700485+0800 ERROR SENT: M105
2025-04-11T11:46:18.700485+0800 ERROR write command M105
2025-04-11T11:46:18.701485+0800 ERROR second command M105
2025-04-11T11:46:18.701485+0800 ERROR finish command M105
2025-04-11T11:46:18.701485+0800 ERROR SENT: G250 S21
2025-04-11T11:46:18.701485+0800 ERROR write command G250 S21
2025-04-11T11:46:18.701485+0800 ERROR second command G250 S21
2025-04-11T11:46:18.702485+0800 ERROR finish command G250 S21
2025-04-11T11:46:18.702485+0800 ERROR SENT: G250 S800
2025-04-11T11:46:18.702485+0800 ERROR write command G250 S800
2025-04-11T11:46:18.702485+0800 ERROR second command G250 S800
2025-04-11T11:46:18.702485+0800 ERROR finish command G250 S800
2025-04-11T11:46:18.702485+0800 ERROR SENT: M154 S1
2025-04-11T11:46:18.703484+0800 ERROR write command M154 S1
2025-04-11T11:46:18.703484+0800 ERROR second command M154 S1
2025-04-11T11:46:18.703484+0800 ERROR finish command M154 S1
2025-04-11T11:46:22.631394+0800 ERROR SENT: M105
2025-04-11T11:46:22.631394+0800 ERROR write command M105
2025-04-11T11:46:22.631394+0800 ERROR second command M105
2025-04-11T11:46:22.632391+0800 ERROR finish command M105
2025-04-11T11:46:22.632391+0800 ERROR SENT: G250 S21
2025-04-11T11:46:22.632391+0800 ERROR write command G250 S21
2025-04-11T11:46:22.632391+0800 ERROR second command G250 S21
2025-04-11T11:46:22.632391+0800 ERROR finish command G250 S21
2025-04-11T11:46:22.632391+0800 ERROR SENT: G250 S800
2025-04-11T11:46:22.632391+0800 ERROR write command G250 S800
2025-04-11T11:46:22.632391+0800 ERROR second command G250 S800
2025-04-11T11:46:22.633389+0800 ERROR finish command G250 S800
2025-04-11T11:46:22.633389+0800 ERROR SENT: M154 S1
2025-04-11T11:46:22.633389+0800 ERROR write command M154 S1
2025-04-11T11:46:22.633389+0800 ERROR second command M154 S1
2025-04-11T11:46:22.633389+0800 ERROR finish command M154 S1
2025-04-11T11:46:26.649074+0800 ERROR SENT: M105
2025-04-11T11:46:26.649074+0800 ERROR write command M105
2025-04-11T11:46:26.649074+0800 ERROR second command M105
2025-04-11T11:46:26.650005+0800 ERROR finish command M105
2025-04-11T11:46:26.650005+0800 ERROR SENT: G250 S21
2025-04-11T11:46:26.650005+0800 ERROR write command G250 S21
2025-04-11T11:46:26.650005+0800 ERROR second command G250 S21
2025-04-11T11:46:26.650005+0800 ERROR finish command G250 S21
2025-04-11T11:46:26.650005+0800 ERROR SENT: G250 S800
2025-04-11T11:46:26.651005+0800 ERROR write command G250 S800
2025-04-11T11:46:26.651005+0800 ERROR second command G250 S800
2025-04-11T11:46:26.651005+0800 ERROR finish command G250 S800
2025-04-11T11:46:26.651005+0800 ERROR SENT: M154 S1
2025-04-11T11:46:26.651005+0800 ERROR write command M154 S1
2025-04-11T11:46:26.651005+0800 ERROR second command M154 S1
2025-04-11T11:46:26.652005+0800 ERROR finish command M154 S1
2025-04-11T11:46:30.769886+0800 ERROR SENT: M105
2025-04-11T11:46:30.769886+0800 ERROR write command M105
2025-04-11T11:46:30.769886+0800 ERROR second command M105
2025-04-11T11:46:30.769886+0800 ERROR finish command M105
2025-04-11T11:46:30.770886+0800 ERROR SENT: G250 S21
2025-04-11T11:46:30.770886+0800 ERROR write command G250 S21
2025-04-11T11:46:30.770886+0800 ERROR second command G250 S21
2025-04-11T11:46:30.770886+0800 ERROR finish command G250 S21
2025-04-11T11:46:30.770886+0800 ERROR SENT: G250 S800
2025-04-11T11:46:30.770886+0800 ERROR write command G250 S800
2025-04-11T11:46:30.770886+0800 ERROR second command G250 S800
2025-04-11T11:46:30.770886+0800 ERROR finish command G250 S800
2025-04-11T11:46:30.770886+0800 ERROR SENT: M154 S1
2025-04-11T11:46:30.770886+0800 ERROR write command M154 S1
2025-04-11T11:46:30.771887+0800 ERROR second command M154 S1
2025-04-11T11:46:30.771887+0800 ERROR finish command M154 S1
