2025-04-11T10:49:22.181681+0800 INFO 设备已成功连接
2025-04-11T10:49:22.182681+0800 ERROR SENT: M105
2025-04-11T10:49:22.182681+0800 ERROR write command M105
2025-04-11T10:49:22.182681+0800 ERROR second command M105
2025-04-11T10:49:22.183681+0800 ERROR finish command M105
2025-04-11T10:49:22.183681+0800 ERROR SENT: G250 S21
2025-04-11T10:49:22.183681+0800 ERROR write command G250 S21
2025-04-11T10:49:22.183681+0800 ERROR second command G250 S21
2025-04-11T10:49:22.184681+0800 ERROR finish command G250 S21
2025-04-11T10:49:22.184681+0800 ERROR SENT: G250 S800
2025-04-11T10:49:22.184681+0800 ERROR write command G250 S800
2025-04-11T10:49:22.185681+0800 ERROR second command G250 S800
2025-04-11T10:49:22.185681+0800 ERROR finish command G250 S800
2025-04-11T10:49:22.185681+0800 ERROR SENT: M154 S1
2025-04-11T10:49:22.185681+0800 ERROR write command M154 S1
2025-04-11T10:49:22.186681+0800 ERROR second command M154 S1
2025-04-11T10:49:22.186681+0800 ERROR finish command M154 S1
2025-04-11T10:49:26.094153+0800 ERROR SENT: M105
2025-04-11T10:49:26.094153+0800 ERROR write command M105
2025-04-11T10:49:26.094153+0800 ERROR second command M105
2025-04-11T10:49:26.094153+0800 ERROR finish command M105
2025-04-11T10:49:26.094153+0800 ERROR SENT: G250 S21
2025-04-11T10:49:26.094153+0800 ERROR write command G250 S21
2025-04-11T10:49:26.095144+0800 ERROR second command G250 S21
2025-04-11T10:49:26.095144+0800 ERROR finish command G250 S21
2025-04-11T10:49:26.095144+0800 ERROR SENT: G250 S800
2025-04-11T10:49:26.095144+0800 ERROR write command G250 S800
2025-04-11T10:49:26.095144+0800 ERROR second command G250 S800
2025-04-11T10:49:26.095144+0800 ERROR finish command G250 S800
2025-04-11T10:49:26.095144+0800 ERROR SENT: M154 S1
2025-04-11T10:49:26.096143+0800 ERROR write command M154 S1
2025-04-11T10:49:26.096143+0800 ERROR second command M154 S1
2025-04-11T10:49:26.096143+0800 ERROR finish command M154 S1
2025-04-11T10:49:30.201671+0800 ERROR SENT: M105
2025-04-11T10:49:30.202672+0800 ERROR write command M105
2025-04-11T10:49:30.202672+0800 ERROR second command M105
2025-04-11T10:49:30.202672+0800 ERROR finish command M105
2025-04-11T10:49:30.202672+0800 ERROR SENT: G250 S21
2025-04-11T10:49:30.202672+0800 ERROR write command G250 S21
2025-04-11T10:49:30.202672+0800 ERROR second command G250 S21
2025-04-11T10:49:30.203672+0800 ERROR finish command G250 S21
2025-04-11T10:49:30.203672+0800 ERROR SENT: G250 S800
2025-04-11T10:49:30.203672+0800 ERROR write command G250 S800
2025-04-11T10:49:30.203672+0800 ERROR second command G250 S800
2025-04-11T10:49:30.203672+0800 ERROR finish command G250 S800
2025-04-11T10:49:30.203672+0800 ERROR SENT: M154 S1
2025-04-11T10:49:30.203672+0800 ERROR write command M154 S1
2025-04-11T10:49:30.204671+0800 ERROR second command M154 S1
2025-04-11T10:49:30.204671+0800 ERROR finish command M154 S1
2025-04-11T10:49:34.062231+0800 ERROR SENT: M105
2025-04-11T10:49:34.062231+0800 ERROR write command M105
2025-04-11T10:49:34.062231+0800 ERROR second command M105
2025-04-11T10:49:34.062231+0800 ERROR finish command M105
2025-04-11T10:49:34.063233+0800 ERROR SENT: G250 S21
2025-04-11T10:49:34.063233+0800 ERROR write command G250 S21
2025-04-11T10:49:34.063233+0800 ERROR second command G250 S21
2025-04-11T10:49:34.063233+0800 ERROR finish command G250 S21
2025-04-11T10:49:34.063233+0800 ERROR SENT: G250 S800
2025-04-11T10:49:34.063233+0800 ERROR write command G250 S800
2025-04-11T10:49:34.064234+0800 ERROR second command G250 S800
2025-04-11T10:49:34.064234+0800 ERROR finish command G250 S800
2025-04-11T10:49:34.064234+0800 ERROR SENT: M154 S1
2025-04-11T10:49:34.064234+0800 ERROR write command M154 S1
2025-04-11T10:49:34.064234+0800 ERROR second command M154 S1
2025-04-11T10:49:34.064234+0800 ERROR finish command M154 S1
2025-04-11T10:49:37.940198+0800 ERROR SENT: M105
2025-04-11T10:49:37.940198+0800 ERROR write command M105
2025-04-11T10:49:37.941197+0800 ERROR second command M105
2025-04-11T10:49:37.941197+0800 ERROR finish command M105
2025-04-11T10:49:37.941197+0800 ERROR SENT: G250 S21
2025-04-11T10:49:37.942196+0800 ERROR write command G250 S21
2025-04-11T10:49:37.942196+0800 ERROR second command G250 S21
2025-04-11T10:49:37.942196+0800 ERROR finish command G250 S21
2025-04-11T10:49:37.942196+0800 ERROR SENT: G250 S800
2025-04-11T10:49:37.942196+0800 ERROR write command G250 S800
2025-04-11T10:49:37.942196+0800 ERROR second command G250 S800
2025-04-11T10:49:37.942196+0800 ERROR finish command G250 S800
2025-04-11T10:49:37.942196+0800 ERROR SENT: M154 S1
2025-04-11T10:49:37.943196+0800 ERROR write command M154 S1
2025-04-11T10:49:37.943196+0800 ERROR second command M154 S1
2025-04-11T10:49:37.943196+0800 ERROR finish command M154 S1
2025-04-11T10:49:41.846663+0800 ERROR SENT: M105
2025-04-11T10:49:41.846663+0800 ERROR write command M105
2025-04-11T10:49:41.846663+0800 ERROR second command M105
2025-04-11T10:49:41.847649+0800 ERROR finish command M105
2025-04-11T10:49:41.847649+0800 ERROR SENT: G250 S21
2025-04-11T10:49:41.847649+0800 ERROR write command G250 S21
2025-04-11T10:49:41.847649+0800 ERROR second command G250 S21
2025-04-11T10:49:41.847649+0800 ERROR finish command G250 S21
2025-04-11T10:49:41.848649+0800 ERROR SENT: G250 S800
2025-04-11T10:49:41.848649+0800 ERROR write command G250 S800
2025-04-11T10:49:41.848649+0800 ERROR second command G250 S800
2025-04-11T10:49:41.848649+0800 ERROR finish command G250 S800
2025-04-11T10:49:41.848649+0800 ERROR SENT: M154 S1
2025-04-11T10:49:41.848649+0800 ERROR write command M154 S1
2025-04-11T10:49:41.848649+0800 ERROR second command M154 S1
2025-04-11T10:49:41.849650+0800 ERROR finish command M154 S1
2025-04-11T10:49:46.104646+0800 ERROR SENT: M105
2025-04-11T10:49:46.104646+0800 ERROR write command M105
2025-04-11T10:49:46.104646+0800 ERROR second command M105
2025-04-11T10:49:46.105646+0800 ERROR finish command M105
2025-04-11T10:49:46.105646+0800 ERROR SENT: G250 S21
2025-04-11T10:49:46.105646+0800 ERROR write command G250 S21
2025-04-11T10:49:46.105646+0800 ERROR second command G250 S21
2025-04-11T10:49:46.105646+0800 ERROR finish command G250 S21
2025-04-11T10:49:46.105646+0800 ERROR SENT: G250 S800
2025-04-11T10:49:46.105646+0800 ERROR write command G250 S800
2025-04-11T10:49:46.106646+0800 ERROR second command G250 S800
2025-04-11T10:49:46.106646+0800 ERROR finish command G250 S800
2025-04-11T10:49:46.159645+0800 ERROR SENT: M154 S1
2025-04-11T10:49:46.160646+0800 ERROR write command M154 S1
2025-04-11T10:49:46.160646+0800 ERROR second command M154 S1
2025-04-11T10:49:46.161646+0800 ERROR finish command M154 S1
2025-04-11T10:49:50.250857+0800 ERROR SENT: M105
2025-04-11T10:49:50.250857+0800 ERROR write command M105
2025-04-11T10:49:50.250857+0800 ERROR second command M105
2025-04-11T10:49:50.251856+0800 ERROR finish command M105
2025-04-11T10:49:50.251856+0800 ERROR SENT: G250 S21
2025-04-11T10:49:50.251856+0800 ERROR write command G250 S21
2025-04-11T10:49:50.252856+0800 ERROR second command G250 S21
2025-04-11T10:49:50.252856+0800 ERROR finish command G250 S21
2025-04-11T10:49:50.252856+0800 ERROR SENT: G250 S800
2025-04-11T10:49:50.252856+0800 ERROR write command G250 S800
2025-04-11T10:49:50.252856+0800 ERROR second command G250 S800
2025-04-11T10:49:50.253857+0800 ERROR finish command G250 S800
2025-04-11T10:49:50.253857+0800 ERROR SENT: M154 S1
2025-04-11T10:49:50.253857+0800 ERROR write command M154 S1
2025-04-11T10:49:50.253857+0800 ERROR second command M154 S1
2025-04-11T10:49:50.253857+0800 ERROR finish command M154 S1
2025-04-11T10:49:54.159445+0800 ERROR SENT: M105
2025-04-11T10:49:54.160447+0800 ERROR write command M105
2025-04-11T10:49:54.161448+0800 ERROR second command M105
2025-04-11T10:49:54.161448+0800 ERROR finish command M105
2025-04-11T10:49:54.162445+0800 ERROR SENT: G250 S21
2025-04-11T10:49:54.162445+0800 ERROR write command G250 S21
2025-04-11T10:49:54.162445+0800 ERROR second command G250 S21
2025-04-11T10:49:54.162445+0800 ERROR finish command G250 S21
2025-04-11T10:49:54.162445+0800 ERROR SENT: G250 S800
2025-04-11T10:49:54.163445+0800 ERROR write command G250 S800
2025-04-11T10:49:54.163445+0800 ERROR second command G250 S800
2025-04-11T10:49:54.163445+0800 ERROR finish command G250 S800
2025-04-11T10:49:54.163445+0800 ERROR SENT: M154 S1
2025-04-11T10:49:54.163445+0800 ERROR write command M154 S1
2025-04-11T10:49:54.164445+0800 ERROR second command M154 S1
2025-04-11T10:49:54.164445+0800 ERROR finish command M154 S1
2025-04-11T10:49:58.023865+0800 ERROR SENT: M105
2025-04-11T10:49:58.023865+0800 ERROR write command M105
2025-04-11T10:49:58.023865+0800 ERROR second command M105
2025-04-11T10:49:58.023865+0800 ERROR finish command M105
2025-04-11T10:49:58.023865+0800 ERROR SENT: G250 S21
2025-04-11T10:49:58.023865+0800 ERROR write command G250 S21
2025-04-11T10:49:58.024868+0800 ERROR second command G250 S21
2025-04-11T10:49:58.024868+0800 ERROR finish command G250 S21
2025-04-11T10:49:58.024868+0800 ERROR SENT: G250 S800
2025-04-11T10:49:58.024868+0800 ERROR write command G250 S800
2025-04-11T10:49:58.024868+0800 ERROR second command G250 S800
2025-04-11T10:49:58.024868+0800 ERROR finish command G250 S800
2025-04-11T10:49:58.024868+0800 ERROR SENT: M154 S1
2025-04-11T10:49:58.025868+0800 ERROR write command M154 S1
2025-04-11T10:49:58.025868+0800 ERROR second command M154 S1
2025-04-11T10:49:58.025868+0800 ERROR finish command M154 S1
2025-04-11T10:50:01.951635+0800 ERROR SENT: M105
2025-04-11T10:50:01.952639+0800 ERROR write command M105
2025-04-11T10:50:01.952639+0800 ERROR second command M105
2025-04-11T10:50:01.952639+0800 ERROR finish command M105
2025-04-11T10:50:01.953635+0800 ERROR SENT: G250 S21
2025-04-11T10:50:01.953635+0800 ERROR write command G250 S21
2025-04-11T10:50:01.953635+0800 ERROR second command G250 S21
2025-04-11T10:50:01.953635+0800 ERROR finish command G250 S21
2025-04-11T10:50:01.953635+0800 ERROR SENT: G250 S800
2025-04-11T10:50:01.953635+0800 ERROR write command G250 S800
2025-04-11T10:50:01.953635+0800 ERROR second command G250 S800
2025-04-11T10:50:01.953635+0800 ERROR finish command G250 S800
2025-04-11T10:50:01.953635+0800 ERROR SENT: M154 S1
2025-04-11T10:50:01.953635+0800 ERROR write command M154 S1
2025-04-11T10:50:01.954635+0800 ERROR second command M154 S1
2025-04-11T10:50:01.954635+0800 ERROR finish command M154 S1
2025-04-11T10:50:05.862358+0800 ERROR SENT: M105
2025-04-11T10:50:05.862358+0800 ERROR write command M105
2025-04-11T10:50:05.863358+0800 ERROR second command M105
2025-04-11T10:50:05.863358+0800 ERROR finish command M105
2025-04-11T10:50:05.863358+0800 ERROR SENT: G250 S21
2025-04-11T10:50:05.863358+0800 ERROR write command G250 S21
2025-04-11T10:50:05.863358+0800 ERROR second command G250 S21
2025-04-11T10:50:05.864357+0800 ERROR finish command G250 S21
2025-04-11T10:50:05.864357+0800 ERROR SENT: G250 S800
2025-04-11T10:50:05.864357+0800 ERROR write command G250 S800
2025-04-11T10:50:05.864357+0800 ERROR second command G250 S800
2025-04-11T10:50:05.864357+0800 ERROR finish command G250 S800
2025-04-11T10:50:05.864357+0800 ERROR SENT: M154 S1
2025-04-11T10:50:05.864357+0800 ERROR write command M154 S1
2025-04-11T10:50:05.865357+0800 ERROR second command M154 S1
2025-04-11T10:50:05.865357+0800 ERROR finish command M154 S1
2025-04-11T10:50:09.736080+0800 ERROR SENT: M105
2025-04-11T10:50:09.736080+0800 ERROR write command M105
2025-04-11T10:50:09.736080+0800 ERROR second command M105
2025-04-11T10:50:09.737082+0800 ERROR finish command M105
2025-04-11T10:50:09.737082+0800 ERROR SENT: G250 S21
2025-04-11T10:50:09.737082+0800 ERROR write command G250 S21
2025-04-11T10:50:09.737082+0800 ERROR second command G250 S21
2025-04-11T10:50:09.737082+0800 ERROR finish command G250 S21
2025-04-11T10:50:09.737082+0800 ERROR SENT: G250 S800
2025-04-11T10:50:09.737082+0800 ERROR write command G250 S800
2025-04-11T10:50:09.737082+0800 ERROR second command G250 S800
2025-04-11T10:50:09.738080+0800 ERROR finish command G250 S800
2025-04-11T10:50:09.738080+0800 ERROR SENT: M154 S1
2025-04-11T10:50:09.738080+0800 ERROR write command M154 S1
2025-04-11T10:50:09.738080+0800 ERROR second command M154 S1
2025-04-11T10:50:09.738080+0800 ERROR finish command M154 S1
2025-04-11T10:50:13.679140+0800 ERROR SENT: M105
2025-04-11T10:50:13.679140+0800 ERROR write command M105
2025-04-11T10:50:13.679140+0800 ERROR second command M105
2025-04-11T10:50:13.680140+0800 ERROR finish command M105
2025-04-11T10:50:13.680140+0800 ERROR SENT: G250 S21
2025-04-11T10:50:13.680140+0800 ERROR write command G250 S21
2025-04-11T10:50:13.680140+0800 ERROR second command G250 S21
2025-04-11T10:50:13.681140+0800 ERROR finish command G250 S21
2025-04-11T10:50:13.681140+0800 ERROR SENT: G250 S800
2025-04-11T10:50:13.681140+0800 ERROR write command G250 S800
2025-04-11T10:50:13.681140+0800 ERROR second command G250 S800
2025-04-11T10:50:13.681140+0800 ERROR finish command G250 S800
2025-04-11T10:50:13.682139+0800 ERROR SENT: M154 S1
2025-04-11T10:50:13.682139+0800 ERROR write command M154 S1
2025-04-11T10:50:13.682139+0800 ERROR second command M154 S1
2025-04-11T10:50:13.682139+0800 ERROR finish command M154 S1
2025-04-11T10:50:17.563638+0800 ERROR SENT: M105
2025-04-11T10:50:17.563638+0800 ERROR write command M105
2025-04-11T10:50:17.563638+0800 ERROR second command M105
2025-04-11T10:50:17.563638+0800 ERROR finish command M105
2025-04-11T10:50:17.563638+0800 ERROR SENT: G250 S21
2025-04-11T10:50:17.563638+0800 ERROR write command G250 S21
2025-04-11T10:50:17.563638+0800 ERROR second command G250 S21
2025-04-11T10:50:17.564641+0800 ERROR finish command G250 S21
2025-04-11T10:50:17.564641+0800 ERROR SENT: G250 S800
2025-04-11T10:50:17.564641+0800 ERROR write command G250 S800
2025-04-11T10:50:17.564641+0800 ERROR second command G250 S800
2025-04-11T10:50:17.564641+0800 ERROR finish command G250 S800
2025-04-11T10:50:17.564641+0800 ERROR SENT: M154 S1
2025-04-11T10:50:17.565638+0800 ERROR write command M154 S1
2025-04-11T10:50:17.565638+0800 ERROR second command M154 S1
2025-04-11T10:50:17.565638+0800 ERROR finish command M154 S1
2025-04-11T10:50:21.479835+0800 ERROR SENT: M105
2025-04-11T10:50:21.480828+0800 ERROR write command M105
2025-04-11T10:50:21.480828+0800 ERROR second command M105
2025-04-11T10:50:21.480828+0800 ERROR finish command M105
2025-04-11T10:50:21.480828+0800 ERROR SENT: G250 S21
2025-04-11T10:50:21.481827+0800 ERROR write command G250 S21
2025-04-11T10:50:21.481827+0800 ERROR second command G250 S21
2025-04-11T10:50:21.481827+0800 ERROR finish command G250 S21
2025-04-11T10:50:21.481827+0800 ERROR SENT: G250 S800
2025-04-11T10:50:21.482829+0800 ERROR write command G250 S800
2025-04-11T10:50:21.482829+0800 ERROR second command G250 S800
2025-04-11T10:50:21.482829+0800 ERROR finish command G250 S800
2025-04-11T10:50:21.482829+0800 ERROR SENT: M154 S1
2025-04-11T10:50:21.483827+0800 ERROR write command M154 S1
2025-04-11T10:50:21.483827+0800 ERROR second command M154 S1
2025-04-11T10:50:21.483827+0800 ERROR finish command M154 S1
2025-04-11T10:50:25.394131+0800 ERROR SENT: M105
2025-04-11T10:50:25.395133+0800 ERROR write command M105
2025-04-11T10:50:25.395133+0800 ERROR second command M105
2025-04-11T10:50:25.395133+0800 ERROR finish command M105
2025-04-11T10:50:25.395133+0800 ERROR SENT: G250 S21
2025-04-11T10:50:25.396132+0800 ERROR write command G250 S21
2025-04-11T10:50:25.396132+0800 ERROR second command G250 S21
2025-04-11T10:50:25.396132+0800 ERROR finish command G250 S21
2025-04-11T10:50:25.396132+0800 ERROR SENT: G250 S800
2025-04-11T10:50:25.396132+0800 ERROR write command G250 S800
2025-04-11T10:50:25.396132+0800 ERROR second command G250 S800
2025-04-11T10:50:25.396132+0800 ERROR finish command G250 S800
2025-04-11T10:50:25.396132+0800 ERROR SENT: M154 S1
2025-04-11T10:50:25.396132+0800 ERROR write command M154 S1
2025-04-11T10:50:25.397132+0800 ERROR second command M154 S1
2025-04-11T10:50:25.397132+0800 ERROR finish command M154 S1
2025-04-11T10:50:29.253892+0800 ERROR SENT: M105
2025-04-11T10:50:29.253892+0800 ERROR write command M105
2025-04-11T10:50:29.253892+0800 ERROR second command M105
2025-04-11T10:50:29.254805+0800 ERROR finish command M105
2025-04-11T10:50:29.254805+0800 ERROR SENT: G250 S21
2025-04-11T10:50:29.254805+0800 ERROR write command G250 S21
2025-04-11T10:50:29.254805+0800 ERROR second command G250 S21
2025-04-11T10:50:29.254805+0800 ERROR finish command G250 S21
2025-04-11T10:50:29.254805+0800 ERROR SENT: G250 S800
2025-04-11T10:50:29.254805+0800 ERROR write command G250 S800
2025-04-11T10:50:29.254805+0800 ERROR second command G250 S800
2025-04-11T10:50:29.255805+0800 ERROR finish command G250 S800
2025-04-11T10:50:29.255805+0800 ERROR SENT: M154 S1
2025-04-11T10:50:29.255805+0800 ERROR write command M154 S1
2025-04-11T10:50:29.255805+0800 ERROR second command M154 S1
2025-04-11T10:50:29.255805+0800 ERROR finish command M154 S1
