2025-04-06T21:55:51.482907+0800 INFO 设备已成功连接
2025-04-06T21:55:51.483404+0800 ERROR SENT: M105
2025-04-06T21:55:51.483404+0800 ERROR write command M105
2025-04-06T21:55:51.483404+0800 ERROR second command M105
2025-04-06T21:55:51.483404+0800 ERROR finish command M105
2025-04-06T21:55:51.483404+0800 ERROR SENT: G250 S21
2025-04-06T21:55:51.483404+0800 ERROR write command G250 S21
2025-04-06T21:55:51.483404+0800 ERROR second command G250 S21
2025-04-06T21:55:51.484427+0800 ERROR finish command G250 S21
2025-04-06T21:55:51.484427+0800 ERROR SENT: G250 S800
2025-04-06T21:55:51.484427+0800 ERROR write command G250 S800
2025-04-06T21:55:51.484427+0800 ERROR second command G250 S800
2025-04-06T21:55:51.484427+0800 ERROR finish command G250 S800
2025-04-06T21:55:51.484427+0800 ERROR SENT: M154 S1
2025-04-06T21:55:51.918706+0800 ERROR write command M154 S1
2025-04-06T21:55:51.918706+0800 ERROR second command M154 S1
2025-04-06T21:55:51.919706+0800 ERROR finish command M154 S1
2025-04-06T21:55:51.919706+0800 ERROR SENT: 2025-04-06 21:55:51
2025-04-06T21:55:51.919706+0800 ERROR write command 2025-04-06 21:55:51
2025-04-06T21:55:51.920706+0800 ERROR second command 2025-04-06 21:55:51
2025-04-06T21:55:51.920706+0800 ERROR finish command 2025-04-06 21:55:51
2025-04-06T21:55:55.839945+0800 ERROR SENT: M105
2025-04-06T21:55:55.839945+0800 ERROR write command M105
2025-04-06T21:55:55.839945+0800 ERROR second command M105
2025-04-06T21:55:55.839945+0800 ERROR finish command M105
2025-04-06T21:55:55.840871+0800 ERROR SENT: G250 S21
2025-04-06T21:55:55.840871+0800 ERROR write command G250 S21
2025-04-06T21:55:55.840871+0800 ERROR second command G250 S21
2025-04-06T21:55:55.840871+0800 ERROR finish command G250 S21
2025-04-06T21:55:55.840871+0800 ERROR SENT: G250 S800
2025-04-06T21:55:55.840871+0800 ERROR write command G250 S800
2025-04-06T21:55:55.841871+0800 ERROR second command G250 S800
2025-04-06T21:55:55.841871+0800 ERROR finish command G250 S800
2025-04-06T21:55:55.841871+0800 ERROR SENT: M154 S1
2025-04-06T21:55:55.841871+0800 ERROR write command M154 S1
2025-04-06T21:55:55.841871+0800 ERROR second command M154 S1
2025-04-06T21:55:55.841871+0800 ERROR finish command M154 S1
2025-04-06T21:55:55.841871+0800 ERROR SENT: 2025-04-06 21:55:55
2025-04-06T21:55:55.841871+0800 ERROR write command 2025-04-06 21:55:55
2025-04-06T21:55:55.841871+0800 ERROR second command 2025-04-06 21:55:55
2025-04-06T21:55:55.842871+0800 ERROR finish command 2025-04-06 21:55:55
2025-04-06T21:55:57.342143+0800 INFO G91
2025-04-06T21:55:57.342143+0800 INFO Not connected to printer.
2025-04-06T21:55:57.343146+0800 INFO G28 X
2025-04-06T21:55:57.343146+0800 INFO Not connected to printer.
2025-04-06T21:55:57.343146+0800 INFO G90
2025-04-06T21:55:57.343146+0800 INFO Not connected to printer.
2025-04-06T21:55:59.767003+0800 ERROR SENT: M105
2025-04-06T21:55:59.767003+0800 ERROR write command M105
2025-04-06T21:55:59.767003+0800 ERROR second command M105
2025-04-06T21:55:59.767003+0800 ERROR finish command M105
2025-04-06T21:55:59.767990+0800 ERROR SENT: G250 S21
2025-04-06T21:55:59.767990+0800 ERROR write command G250 S21
2025-04-06T21:55:59.767990+0800 ERROR second command G250 S21
2025-04-06T21:55:59.767990+0800 ERROR finish command G250 S21
2025-04-06T21:55:59.767990+0800 ERROR SENT: G250 S800
2025-04-06T21:55:59.767990+0800 ERROR write command G250 S800
2025-04-06T21:55:59.767990+0800 ERROR second command G250 S800
2025-04-06T21:55:59.768990+0800 ERROR finish command G250 S800
2025-04-06T21:55:59.768990+0800 ERROR SENT: M154 S1
2025-04-06T21:55:59.768990+0800 ERROR write command M154 S1
2025-04-06T21:55:59.768990+0800 ERROR second command M154 S1
2025-04-06T21:55:59.768990+0800 ERROR finish command M154 S1
2025-04-06T21:55:59.768990+0800 ERROR SENT: 2025-04-06 21:55:59
2025-04-06T21:55:59.769991+0800 ERROR write command 2025-04-06 21:55:59
2025-04-06T21:55:59.769991+0800 ERROR second command 2025-04-06 21:55:59
2025-04-06T21:55:59.769991+0800 ERROR finish command 2025-04-06 21:55:59
2025-04-06T21:56:03.692481+0800 ERROR SENT: M105
2025-04-06T21:56:03.692481+0800 ERROR write command M105
2025-04-06T21:56:03.692481+0800 ERROR second command M105
2025-04-06T21:56:03.692481+0800 ERROR finish command M105
2025-04-06T21:56:03.693392+0800 ERROR SENT: G250 S21
2025-04-06T21:56:03.693392+0800 ERROR write command G250 S21
2025-04-06T21:56:03.693392+0800 ERROR second command G250 S21
2025-04-06T21:56:03.693392+0800 ERROR finish command G250 S21
2025-04-06T21:56:03.693392+0800 ERROR SENT: G250 S800
2025-04-06T21:56:03.694392+0800 ERROR write command G250 S800
2025-04-06T21:56:03.694392+0800 ERROR second command G250 S800
2025-04-06T21:56:03.694392+0800 ERROR finish command G250 S800
2025-04-06T21:56:03.694392+0800 ERROR SENT: M154 S1
2025-04-06T21:56:03.694392+0800 ERROR write command M154 S1
2025-04-06T21:56:03.694392+0800 ERROR second command M154 S1
2025-04-06T21:56:03.694392+0800 ERROR finish command M154 S1
2025-04-06T21:56:03.695390+0800 ERROR SENT: 2025-04-06 21:56:03
2025-04-06T21:56:03.695390+0800 ERROR write command 2025-04-06 21:56:03
2025-04-06T21:56:03.695390+0800 ERROR second command 2025-04-06 21:56:03
2025-04-06T21:56:03.695390+0800 ERROR finish command 2025-04-06 21:56:03
2025-04-06T21:56:07.607671+0800 ERROR SENT: M105
2025-04-06T21:56:07.607671+0800 ERROR write command M105
2025-04-06T21:56:07.607671+0800 ERROR second command M105
2025-04-06T21:56:07.607671+0800 ERROR finish command M105
2025-04-06T21:56:07.608647+0800 ERROR SENT: G250 S21
2025-04-06T21:56:07.608647+0800 ERROR write command G250 S21
2025-04-06T21:56:07.608647+0800 ERROR second command G250 S21
2025-04-06T21:56:07.608647+0800 ERROR finish command G250 S21
2025-04-06T21:56:07.608647+0800 ERROR SENT: G250 S800
2025-04-06T21:56:07.608647+0800 ERROR write command G250 S800
2025-04-06T21:56:07.608647+0800 ERROR second command G250 S800
2025-04-06T21:56:07.608647+0800 ERROR finish command G250 S800
2025-04-06T21:56:07.609645+0800 ERROR SENT: M154 S1
2025-04-06T21:56:07.609645+0800 ERROR write command M154 S1
2025-04-06T21:56:07.609645+0800 ERROR second command M154 S1
2025-04-06T21:56:07.609645+0800 ERROR finish command M154 S1
2025-04-06T21:56:07.609645+0800 ERROR SENT: 2025-04-06 21:56:07
2025-04-06T21:56:07.610661+0800 ERROR write command 2025-04-06 21:56:07
2025-04-06T21:56:07.610661+0800 ERROR second command 2025-04-06 21:56:07
2025-04-06T21:56:07.610661+0800 ERROR finish command 2025-04-06 21:56:07
2025-04-06T21:56:09.640644+0800 INFO G91
2025-04-06T21:56:09.640644+0800 INFO Not connected to printer.
2025-04-06T21:56:09.641657+0800 INFO G28 X
2025-04-06T21:56:09.641657+0800 INFO Not connected to printer.
2025-04-06T21:56:09.641657+0800 INFO G90
2025-04-06T21:56:09.641657+0800 INFO Not connected to printer.
2025-04-06T21:56:11.516240+0800 ERROR SENT: M105
2025-04-06T21:56:11.516240+0800 ERROR write command M105
2025-04-06T21:56:11.517122+0800 ERROR second command M105
2025-04-06T21:56:11.517122+0800 ERROR finish command M105
2025-04-06T21:56:11.517122+0800 ERROR SENT: G250 S21
2025-04-06T21:56:11.517122+0800 ERROR write command G250 S21
2025-04-06T21:56:11.517122+0800 ERROR second command G250 S21
2025-04-06T21:56:11.517122+0800 ERROR finish command G250 S21
2025-04-06T21:56:11.517122+0800 ERROR SENT: G250 S800
2025-04-06T21:56:11.518121+0800 ERROR write command G250 S800
2025-04-06T21:56:11.518121+0800 ERROR second command G250 S800
2025-04-06T21:56:11.518121+0800 ERROR finish command G250 S800
2025-04-06T21:56:11.518121+0800 ERROR SENT: M154 S1
2025-04-06T21:56:11.518121+0800 ERROR write command M154 S1
2025-04-06T21:56:11.519121+0800 ERROR second command M154 S1
2025-04-06T21:56:11.519121+0800 ERROR finish command M154 S1
2025-04-06T21:56:11.519121+0800 ERROR SENT: 2025-04-06 21:56:11
2025-04-06T21:56:11.519121+0800 ERROR write command 2025-04-06 21:56:11
2025-04-06T21:56:11.520123+0800 ERROR second command 2025-04-06 21:56:11
2025-04-06T21:56:11.520123+0800 ERROR finish command 2025-04-06 21:56:11
2025-04-06T21:56:15.438792+0800 ERROR SENT: M105
2025-04-06T21:56:15.438792+0800 ERROR write command M105
2025-04-06T21:56:15.438792+0800 ERROR second command M105
2025-04-06T21:56:15.439681+0800 ERROR finish command M105
2025-04-06T21:56:15.439681+0800 ERROR SENT: G250 S21
2025-04-06T21:56:15.439681+0800 ERROR write command G250 S21
2025-04-06T21:56:15.439681+0800 ERROR second command G250 S21
2025-04-06T21:56:15.439681+0800 ERROR finish command G250 S21
2025-04-06T21:56:15.440677+0800 ERROR SENT: G250 S800
2025-04-06T21:56:15.440677+0800 ERROR write command G250 S800
2025-04-06T21:56:15.440677+0800 ERROR second command G250 S800
2025-04-06T21:56:15.440677+0800 ERROR finish command G250 S800
2025-04-06T21:56:15.440677+0800 ERROR SENT: M154 S1
2025-04-06T21:56:15.441677+0800 ERROR write command M154 S1
2025-04-06T21:56:15.441677+0800 ERROR second command M154 S1
2025-04-06T21:56:15.441677+0800 ERROR finish command M154 S1
2025-04-06T21:56:15.441677+0800 ERROR SENT: 2025-04-06 21:56:15
2025-04-06T21:56:15.441677+0800 ERROR write command 2025-04-06 21:56:15
2025-04-06T21:56:15.441677+0800 ERROR second command 2025-04-06 21:56:15
2025-04-06T21:56:15.441677+0800 ERROR finish command 2025-04-06 21:56:15
2025-04-06T21:56:16.974930+0800 INFO G91
2025-04-06T21:56:16.975930+0800 INFO Not connected to printer.
2025-04-06T21:56:16.975930+0800 INFO G28 X
2025-04-06T21:56:16.975930+0800 INFO Not connected to printer.
2025-04-06T21:56:16.975930+0800 INFO G90
2025-04-06T21:56:16.975930+0800 INFO Not connected to printer.
2025-04-06T21:56:19.320448+0800 ERROR SENT: M105
2025-04-06T21:56:19.320448+0800 ERROR write command M105
2025-04-06T21:56:19.320448+0800 ERROR second command M105
2025-04-06T21:56:19.320448+0800 ERROR finish command M105
2025-04-06T21:56:19.321459+0800 ERROR SENT: G250 S21
2025-04-06T21:56:19.321459+0800 ERROR write command G250 S21
2025-04-06T21:56:19.321459+0800 ERROR second command G250 S21
2025-04-06T21:56:19.321459+0800 ERROR finish command G250 S21
2025-04-06T21:56:19.321459+0800 ERROR SENT: G250 S800
2025-04-06T21:56:19.321459+0800 ERROR write command G250 S800
2025-04-06T21:56:19.321459+0800 ERROR second command G250 S800
2025-04-06T21:56:19.321459+0800 ERROR finish command G250 S800
2025-04-06T21:56:19.322457+0800 ERROR SENT: M154 S1
2025-04-06T21:56:19.322457+0800 ERROR write command M154 S1
2025-04-06T21:56:19.322457+0800 ERROR second command M154 S1
2025-04-06T21:56:19.322457+0800 ERROR finish command M154 S1
2025-04-06T21:56:19.322457+0800 ERROR SENT: 2025-04-06 21:56:19
2025-04-06T21:56:19.323456+0800 ERROR write command 2025-04-06 21:56:19
2025-04-06T21:56:19.323456+0800 ERROR second command 2025-04-06 21:56:19
2025-04-06T21:56:19.323456+0800 ERROR finish command 2025-04-06 21:56:19
2025-04-06T21:56:23.198253+0800 ERROR SENT: M105
2025-04-06T21:56:23.198253+0800 ERROR write command M105
2025-04-06T21:56:23.198253+0800 ERROR second command M105
2025-04-06T21:56:23.198253+0800 ERROR finish command M105
2025-04-06T21:56:23.198253+0800 ERROR SENT: G250 S21
2025-04-06T21:56:23.199257+0800 ERROR write command G250 S21
2025-04-06T21:56:23.199257+0800 ERROR second command G250 S21
2025-04-06T21:56:23.199257+0800 ERROR finish command G250 S21
2025-04-06T21:56:23.199257+0800 ERROR SENT: G250 S800
2025-04-06T21:56:23.199257+0800 ERROR write command G250 S800
2025-04-06T21:56:23.199257+0800 ERROR second command G250 S800
2025-04-06T21:56:23.200257+0800 ERROR finish command G250 S800
2025-04-06T21:56:23.200257+0800 ERROR SENT: M154 S1
2025-04-06T21:56:23.200257+0800 ERROR write command M154 S1
2025-04-06T21:56:23.200257+0800 ERROR second command M154 S1
2025-04-06T21:56:23.200257+0800 ERROR finish command M154 S1
2025-04-06T21:56:23.201256+0800 ERROR SENT: 2025-04-06 21:56:23
2025-04-06T21:56:23.201256+0800 ERROR write command 2025-04-06 21:56:23
2025-04-06T21:56:23.201256+0800 ERROR second command 2025-04-06 21:56:23
2025-04-06T21:56:23.201256+0800 ERROR finish command 2025-04-06 21:56:23
2025-04-06T21:56:27.113435+0800 ERROR SENT: M105
2025-04-06T21:56:27.114433+0800 ERROR write command M105
2025-04-06T21:56:27.114433+0800 ERROR second command M105
2025-04-06T21:56:27.114433+0800 ERROR finish command M105
2025-04-06T21:56:27.114433+0800 ERROR SENT: G250 S21
2025-04-06T21:56:27.114433+0800 ERROR write command G250 S21
2025-04-06T21:56:27.114433+0800 ERROR second command G250 S21
2025-04-06T21:56:27.114433+0800 ERROR finish command G250 S21
2025-04-06T21:56:27.114433+0800 ERROR SENT: G250 S800
2025-04-06T21:56:27.115434+0800 ERROR write command G250 S800
2025-04-06T21:56:27.115434+0800 ERROR second command G250 S800
2025-04-06T21:56:27.115434+0800 ERROR finish command G250 S800
2025-04-06T21:56:27.164433+0800 ERROR SENT: M154 S1
2025-04-06T21:56:27.164433+0800 ERROR write command M154 S1
2025-04-06T21:56:27.164433+0800 ERROR second command M154 S1
2025-04-06T21:56:27.165433+0800 ERROR finish command M154 S1
2025-04-06T21:56:27.165433+0800 ERROR SENT: 2025-04-06 21:56:27
2025-04-06T21:56:27.165433+0800 ERROR write command 2025-04-06 21:56:27
2025-04-06T21:56:27.165433+0800 ERROR second command 2025-04-06 21:56:27
2025-04-06T21:56:27.165433+0800 ERROR finish command 2025-04-06 21:56:27
2025-04-06T21:56:31.039420+0800 ERROR SENT: M105
2025-04-06T21:56:31.039420+0800 ERROR write command M105
2025-04-06T21:56:31.039420+0800 ERROR second command M105
2025-04-06T21:56:31.039420+0800 ERROR finish command M105
2025-04-06T21:56:31.040418+0800 ERROR SENT: G250 S21
2025-04-06T21:56:31.040418+0800 ERROR write command G250 S21
2025-04-06T21:56:31.040418+0800 ERROR second command G250 S21
2025-04-06T21:56:31.040418+0800 ERROR finish command G250 S21
2025-04-06T21:56:31.040418+0800 ERROR SENT: G250 S800
2025-04-06T21:56:31.040418+0800 ERROR write command G250 S800
2025-04-06T21:56:31.040418+0800 ERROR second command G250 S800
2025-04-06T21:56:31.041416+0800 ERROR finish command G250 S800
2025-04-06T21:56:31.041416+0800 ERROR SENT: M154 S1
2025-04-06T21:56:31.041416+0800 ERROR write command M154 S1
2025-04-06T21:56:31.041416+0800 ERROR second command M154 S1
2025-04-06T21:56:31.041416+0800 ERROR finish command M154 S1
2025-04-06T21:56:31.042416+0800 ERROR SENT: 2025-04-06 21:56:31
2025-04-06T21:56:31.042416+0800 ERROR write command 2025-04-06 21:56:31
2025-04-06T21:56:31.042416+0800 ERROR second command 2025-04-06 21:56:31
2025-04-06T21:56:31.042416+0800 ERROR finish command 2025-04-06 21:56:31
2025-04-06T21:56:34.900573+0800 ERROR SENT: M105
2025-04-06T21:56:34.900573+0800 ERROR write command M105
2025-04-06T21:56:34.900573+0800 ERROR second command M105
2025-04-06T21:56:34.900573+0800 ERROR finish command M105
2025-04-06T21:56:34.901565+0800 ERROR SENT: G250 S21
2025-04-06T21:56:34.901565+0800 ERROR write command G250 S21
2025-04-06T21:56:34.901565+0800 ERROR second command G250 S21
2025-04-06T21:56:34.901565+0800 ERROR finish command G250 S21
2025-04-06T21:56:34.901565+0800 ERROR SENT: G250 S800
2025-04-06T21:56:34.901565+0800 ERROR write command G250 S800
2025-04-06T21:56:34.901565+0800 ERROR second command G250 S800
2025-04-06T21:56:34.901565+0800 ERROR finish command G250 S800
2025-04-06T21:56:34.902564+0800 ERROR SENT: M154 S1
2025-04-06T21:56:34.902564+0800 ERROR write command M154 S1
2025-04-06T21:56:34.902564+0800 ERROR second command M154 S1
2025-04-06T21:56:34.902564+0800 ERROR finish command M154 S1
2025-04-06T21:56:34.902564+0800 ERROR SENT: 2025-04-06 21:56:34
2025-04-06T21:56:34.902564+0800 ERROR write command 2025-04-06 21:56:34
2025-04-06T21:56:34.902564+0800 ERROR second command 2025-04-06 21:56:34
2025-04-06T21:56:34.903565+0800 ERROR finish command 2025-04-06 21:56:34
2025-04-06T21:56:38.839111+0800 ERROR SENT: M105
2025-04-06T21:56:38.839111+0800 ERROR write command M105
2025-04-06T21:56:38.839111+0800 ERROR second command M105
2025-04-06T21:56:38.839111+0800 ERROR finish command M105
2025-04-06T21:56:38.840027+0800 ERROR SENT: G250 S21
2025-04-06T21:56:38.840027+0800 ERROR write command G250 S21
2025-04-06T21:56:38.840027+0800 ERROR second command G250 S21
2025-04-06T21:56:38.840027+0800 ERROR finish command G250 S21
2025-04-06T21:56:38.840027+0800 ERROR SENT: G250 S800
2025-04-06T21:56:38.840027+0800 ERROR write command G250 S800
2025-04-06T21:56:38.840027+0800 ERROR second command G250 S800
2025-04-06T21:56:38.840027+0800 ERROR finish command G250 S800
2025-04-06T21:56:38.841038+0800 ERROR SENT: M154 S1
2025-04-06T21:56:38.841038+0800 ERROR write command M154 S1
2025-04-06T21:56:38.841038+0800 ERROR second command M154 S1
2025-04-06T21:56:38.841038+0800 ERROR finish command M154 S1
2025-04-06T21:56:38.841038+0800 ERROR SENT: 2025-04-06 21:56:38
2025-04-06T21:56:38.841038+0800 ERROR write command 2025-04-06 21:56:38
2025-04-06T21:56:38.841038+0800 ERROR second command 2025-04-06 21:56:38
2025-04-06T21:56:38.842027+0800 ERROR finish command 2025-04-06 21:56:38
2025-04-06T21:56:42.775114+0800 ERROR SENT: M105
2025-04-06T21:56:42.775114+0800 ERROR write command M105
2025-04-06T21:56:42.775114+0800 ERROR second command M105
2025-04-06T21:56:42.775114+0800 ERROR finish command M105
2025-04-06T21:56:42.775114+0800 ERROR SENT: G250 S21
2025-04-06T21:56:42.775114+0800 ERROR write command G250 S21
2025-04-06T21:56:42.776124+0800 ERROR second command G250 S21
2025-04-06T21:56:42.776124+0800 ERROR finish command G250 S21
2025-04-06T21:56:42.776124+0800 ERROR SENT: G250 S800
2025-04-06T21:56:42.776124+0800 ERROR write command G250 S800
2025-04-06T21:56:42.776124+0800 ERROR second command G250 S800
2025-04-06T21:56:42.776124+0800 ERROR finish command G250 S800
2025-04-06T21:56:42.776124+0800 ERROR SENT: M154 S1
2025-04-06T21:56:42.776124+0800 ERROR write command M154 S1
2025-04-06T21:56:42.777122+0800 ERROR second command M154 S1
2025-04-06T21:56:42.777122+0800 ERROR finish command M154 S1
2025-04-06T21:56:42.777122+0800 ERROR SENT: 2025-04-06 21:56:42
2025-04-06T21:56:42.777122+0800 ERROR write command 2025-04-06 21:56:42
2025-04-06T21:56:42.778168+0800 ERROR second command 2025-04-06 21:56:42
2025-04-06T21:56:42.778168+0800 ERROR finish command 2025-04-06 21:56:42
2025-04-06T21:56:46.654005+0800 ERROR SENT: M105
2025-04-06T21:56:46.654005+0800 ERROR write command M105
2025-04-06T21:56:46.654938+0800 ERROR second command M105
2025-04-06T21:56:46.654938+0800 ERROR finish command M105
2025-04-06T21:56:46.654938+0800 ERROR SENT: G250 S21
2025-04-06T21:56:46.654938+0800 ERROR write command G250 S21
2025-04-06T21:56:46.654938+0800 ERROR second command G250 S21
2025-04-06T21:56:46.655940+0800 ERROR finish command G250 S21
2025-04-06T21:56:46.655940+0800 ERROR SENT: G250 S800
2025-04-06T21:56:46.655940+0800 ERROR write command G250 S800
2025-04-06T21:56:46.655940+0800 ERROR second command G250 S800
2025-04-06T21:56:46.655940+0800 ERROR finish command G250 S800
2025-04-06T21:56:46.655940+0800 ERROR SENT: M154 S1
2025-04-06T21:56:46.655940+0800 ERROR write command M154 S1
2025-04-06T21:56:46.655940+0800 ERROR second command M154 S1
2025-04-06T21:56:46.656938+0800 ERROR finish command M154 S1
2025-04-06T21:56:46.656938+0800 ERROR SENT: 2025-04-06 21:56:46
2025-04-06T21:56:46.656938+0800 ERROR write command 2025-04-06 21:56:46
2025-04-06T21:56:46.656938+0800 ERROR second command 2025-04-06 21:56:46
2025-04-06T21:56:46.657939+0800 ERROR finish command 2025-04-06 21:56:46
2025-04-06T21:56:50.598105+0800 ERROR SENT: M105
2025-04-06T21:56:50.598105+0800 ERROR write command M105
2025-04-06T21:56:50.598105+0800 ERROR second command M105
2025-04-06T21:56:50.599105+0800 ERROR finish command M105
2025-04-06T21:56:50.599105+0800 ERROR SENT: G250 S21
2025-04-06T21:56:50.599105+0800 ERROR write command G250 S21
2025-04-06T21:56:50.599105+0800 ERROR second command G250 S21
2025-04-06T21:56:50.599105+0800 ERROR finish command G250 S21
2025-04-06T21:56:50.600105+0800 ERROR SENT: G250 S800
2025-04-06T21:56:50.600105+0800 ERROR write command G250 S800
2025-04-06T21:56:50.600105+0800 ERROR second command G250 S800
2025-04-06T21:56:50.600105+0800 ERROR finish command G250 S800
2025-04-06T21:56:50.600105+0800 ERROR SENT: M154 S1
2025-04-06T21:56:50.601106+0800 ERROR write command M154 S1
2025-04-06T21:56:50.601106+0800 ERROR second command M154 S1
2025-04-06T21:56:50.601106+0800 ERROR finish command M154 S1
2025-04-06T21:56:50.601106+0800 ERROR SENT: 2025-04-06 21:56:50
2025-04-06T21:56:50.601106+0800 ERROR write command 2025-04-06 21:56:50
2025-04-06T21:56:50.602105+0800 ERROR second command 2025-04-06 21:56:50
2025-04-06T21:56:50.602105+0800 ERROR finish command 2025-04-06 21:56:50
2025-04-06T21:56:54.508826+0800 ERROR SENT: M105
2025-04-06T21:56:54.508826+0800 ERROR write command M105
2025-04-06T21:56:54.508826+0800 ERROR second command M105
2025-04-06T21:56:54.508826+0800 ERROR finish command M105
2025-04-06T21:56:54.508826+0800 ERROR SENT: G250 S21
2025-04-06T21:56:54.509748+0800 ERROR write command G250 S21
2025-04-06T21:56:54.509748+0800 ERROR second command G250 S21
2025-04-06T21:56:54.509748+0800 ERROR finish command G250 S21
2025-04-06T21:56:54.509748+0800 ERROR SENT: G250 S800
2025-04-06T21:56:54.509748+0800 ERROR write command G250 S800
2025-04-06T21:56:54.509748+0800 ERROR second command G250 S800
2025-04-06T21:56:54.509748+0800 ERROR finish command G250 S800
2025-04-06T21:56:54.509748+0800 ERROR SENT: M154 S1
2025-04-06T21:56:54.510747+0800 ERROR write command M154 S1
2025-04-06T21:56:54.510747+0800 ERROR second command M154 S1
2025-04-06T21:56:54.510747+0800 ERROR finish command M154 S1
2025-04-06T21:56:54.510747+0800 ERROR SENT: 2025-04-06 21:56:54
2025-04-06T21:56:54.511749+0800 ERROR write command 2025-04-06 21:56:54
2025-04-06T21:56:54.511749+0800 ERROR second command 2025-04-06 21:56:54
2025-04-06T21:56:54.511749+0800 ERROR finish command 2025-04-06 21:56:54
2025-04-06T21:56:58.311894+0800 ERROR SENT: M105
2025-04-06T21:56:58.311894+0800 ERROR write command M105
2025-04-06T21:56:58.311894+0800 ERROR second command M105
2025-04-06T21:56:58.312782+0800 ERROR finish command M105
2025-04-06T21:56:58.312782+0800 ERROR SENT: G250 S21
2025-04-06T21:56:58.312782+0800 ERROR write command G250 S21
2025-04-06T21:56:58.312782+0800 ERROR second command G250 S21
2025-04-06T21:56:58.312782+0800 ERROR finish command G250 S21
2025-04-06T21:56:58.312782+0800 ERROR SENT: G250 S800
2025-04-06T21:56:58.312782+0800 ERROR write command G250 S800
2025-04-06T21:56:58.312782+0800 ERROR second command G250 S800
2025-04-06T21:56:58.312782+0800 ERROR finish command G250 S800
2025-04-06T21:56:58.313782+0800 ERROR SENT: M154 S1
2025-04-06T21:56:58.313782+0800 ERROR write command M154 S1
2025-04-06T21:56:58.313782+0800 ERROR second command M154 S1
2025-04-06T21:56:58.313782+0800 ERROR finish command M154 S1
2025-04-06T21:56:58.313782+0800 ERROR SENT: 2025-04-06 21:56:58
2025-04-06T21:56:58.314782+0800 ERROR write command 2025-04-06 21:56:58
2025-04-06T21:56:58.314782+0800 ERROR second command 2025-04-06 21:56:58
2025-04-06T21:56:58.314782+0800 ERROR finish command 2025-04-06 21:56:58
2025-04-06T21:57:02.270605+0800 ERROR SENT: M105
2025-04-06T21:57:02.270605+0800 ERROR write command M105
2025-04-06T21:57:02.270605+0800 ERROR second command M105
2025-04-06T21:57:02.270605+0800 ERROR finish command M105
2025-04-06T21:57:02.271494+0800 ERROR SENT: G250 S21
2025-04-06T21:57:02.271494+0800 ERROR write command G250 S21
2025-04-06T21:57:02.271494+0800 ERROR second command G250 S21
2025-04-06T21:57:02.271494+0800 ERROR finish command G250 S21
2025-04-06T21:57:02.271494+0800 ERROR SENT: G250 S800
2025-04-06T21:57:02.271494+0800 ERROR write command G250 S800
2025-04-06T21:57:02.271494+0800 ERROR second command G250 S800
2025-04-06T21:57:02.272493+0800 ERROR finish command G250 S800
2025-04-06T21:57:02.272493+0800 ERROR SENT: M154 S1
2025-04-06T21:57:02.272493+0800 ERROR write command M154 S1
2025-04-06T21:57:02.272493+0800 ERROR second command M154 S1
2025-04-06T21:57:02.273493+0800 ERROR finish command M154 S1
2025-04-06T21:57:02.273493+0800 ERROR SENT: 2025-04-06 21:57:02
2025-04-06T21:57:02.273493+0800 ERROR write command 2025-04-06 21:57:02
2025-04-06T21:57:02.273493+0800 ERROR second command 2025-04-06 21:57:02
2025-04-06T21:57:02.274493+0800 ERROR finish command 2025-04-06 21:57:02
2025-04-06T21:57:06.214736+0800 ERROR SENT: M105
2025-04-06T21:57:06.214736+0800 ERROR write command M105
2025-04-06T21:57:06.214736+0800 ERROR second command M105
2025-04-06T21:57:06.214736+0800 ERROR finish command M105
2025-04-06T21:57:06.214736+0800 ERROR SENT: G250 S21
2025-04-06T21:57:06.215729+0800 ERROR write command G250 S21
2025-04-06T21:57:06.215729+0800 ERROR second command G250 S21
2025-04-06T21:57:06.215729+0800 ERROR finish command G250 S21
2025-04-06T21:57:06.215729+0800 ERROR SENT: G250 S800
2025-04-06T21:57:06.215729+0800 ERROR write command G250 S800
2025-04-06T21:57:06.215729+0800 ERROR second command G250 S800
2025-04-06T21:57:06.216728+0800 ERROR finish command G250 S800
2025-04-06T21:57:06.216728+0800 ERROR SENT: M154 S1
2025-04-06T21:57:06.216728+0800 ERROR write command M154 S1
2025-04-06T21:57:06.216728+0800 ERROR second command M154 S1
2025-04-06T21:57:06.216728+0800 ERROR finish command M154 S1
2025-04-06T21:57:06.216728+0800 ERROR SENT: 2025-04-06 21:57:06
2025-04-06T21:57:06.216728+0800 ERROR write command 2025-04-06 21:57:06
2025-04-06T21:57:06.217728+0800 ERROR second command 2025-04-06 21:57:06
2025-04-06T21:57:06.217728+0800 ERROR finish command 2025-04-06 21:57:06
2025-04-06T21:57:10.173949+0800 ERROR SENT: M105
2025-04-06T21:57:10.173949+0800 ERROR write command M105
2025-04-06T21:57:10.173949+0800 ERROR second command M105
2025-04-06T21:57:10.173949+0800 ERROR finish command M105
2025-04-06T21:57:10.174950+0800 ERROR SENT: G250 S21
2025-04-06T21:57:10.174950+0800 ERROR write command G250 S21
2025-04-06T21:57:10.174950+0800 ERROR second command G250 S21
2025-04-06T21:57:10.174950+0800 ERROR finish command G250 S21
2025-04-06T21:57:10.174950+0800 ERROR SENT: G250 S800
2025-04-06T21:57:10.175949+0800 ERROR write command G250 S800
2025-04-06T21:57:10.175949+0800 ERROR second command G250 S800
2025-04-06T21:57:10.175949+0800 ERROR finish command G250 S800
2025-04-06T21:57:10.175949+0800 ERROR SENT: M154 S1
2025-04-06T21:57:10.175949+0800 ERROR write command M154 S1
2025-04-06T21:57:10.175949+0800 ERROR second command M154 S1
2025-04-06T21:57:10.175949+0800 ERROR finish command M154 S1
2025-04-06T21:57:10.176948+0800 ERROR SENT: 2025-04-06 21:57:10
2025-04-06T21:57:10.176948+0800 ERROR write command 2025-04-06 21:57:10
2025-04-06T21:57:10.176948+0800 ERROR second command 2025-04-06 21:57:10
2025-04-06T21:57:10.176948+0800 ERROR finish command 2025-04-06 21:57:10
2025-04-06T21:57:14.050145+0800 ERROR SENT: M105
2025-04-06T21:57:14.050145+0800 ERROR write command M105
2025-04-06T21:57:14.050145+0800 ERROR second command M105
2025-04-06T21:57:14.051074+0800 ERROR finish command M105
2025-04-06T21:57:14.051074+0800 ERROR SENT: G250 S21
2025-04-06T21:57:14.051074+0800 ERROR write command G250 S21
2025-04-06T21:57:14.051074+0800 ERROR second command G250 S21
2025-04-06T21:57:14.051074+0800 ERROR finish command G250 S21
2025-04-06T21:57:14.051074+0800 ERROR SENT: G250 S800
2025-04-06T21:57:14.051074+0800 ERROR write command G250 S800
2025-04-06T21:57:14.051074+0800 ERROR second command G250 S800
2025-04-06T21:57:14.051074+0800 ERROR finish command G250 S800
2025-04-06T21:57:14.051074+0800 ERROR SENT: M154 S1
2025-04-06T21:57:14.052071+0800 ERROR write command M154 S1
2025-04-06T21:57:14.052071+0800 ERROR second command M154 S1
2025-04-06T21:57:14.052071+0800 ERROR finish command M154 S1
2025-04-06T21:57:14.052071+0800 ERROR SENT: 2025-04-06 21:57:14
2025-04-06T21:57:14.053072+0800 ERROR write command 2025-04-06 21:57:14
2025-04-06T21:57:14.053072+0800 ERROR second command 2025-04-06 21:57:14
2025-04-06T21:57:14.053072+0800 ERROR finish command 2025-04-06 21:57:14
2025-04-06T21:57:17.971871+0800 ERROR SENT: M105
2025-04-06T21:57:17.971871+0800 ERROR write command M105
2025-04-06T21:57:17.971871+0800 ERROR second command M105
2025-04-06T21:57:17.972881+0800 ERROR finish command M105
2025-04-06T21:57:17.972881+0800 ERROR SENT: G250 S21
2025-04-06T21:57:17.972881+0800 ERROR write command G250 S21
2025-04-06T21:57:17.972881+0800 ERROR second command G250 S21
2025-04-06T21:57:17.972881+0800 ERROR finish command G250 S21
2025-04-06T21:57:17.972881+0800 ERROR SENT: G250 S800
2025-04-06T21:57:17.972881+0800 ERROR write command G250 S800
2025-04-06T21:57:17.972881+0800 ERROR second command G250 S800
2025-04-06T21:57:17.972881+0800 ERROR finish command G250 S800
2025-04-06T21:57:17.973880+0800 ERROR SENT: M154 S1
2025-04-06T21:57:17.973880+0800 ERROR write command M154 S1
2025-04-06T21:57:17.973880+0800 ERROR second command M154 S1
2025-04-06T21:57:17.973880+0800 ERROR finish command M154 S1
2025-04-06T21:57:17.973880+0800 ERROR SENT: 2025-04-06 21:57:17
2025-04-06T21:57:17.974880+0800 ERROR write command 2025-04-06 21:57:17
2025-04-06T21:57:17.974880+0800 ERROR second command 2025-04-06 21:57:17
2025-04-06T21:57:17.974880+0800 ERROR finish command 2025-04-06 21:57:17
2025-04-06T21:57:21.804389+0800 ERROR SENT: M105
2025-04-06T21:57:21.804389+0800 ERROR write command M105
2025-04-06T21:57:21.804389+0800 ERROR second command M105
2025-04-06T21:57:21.805322+0800 ERROR finish command M105
2025-04-06T21:57:21.805322+0800 ERROR SENT: G250 S21
2025-04-06T21:57:21.805322+0800 ERROR write command G250 S21
2025-04-06T21:57:21.805322+0800 ERROR second command G250 S21
2025-04-06T21:57:21.805322+0800 ERROR finish command G250 S21
2025-04-06T21:57:21.805322+0800 ERROR SENT: G250 S800
2025-04-06T21:57:21.805322+0800 ERROR write command G250 S800
2025-04-06T21:57:21.806322+0800 ERROR second command G250 S800
2025-04-06T21:57:21.806322+0800 ERROR finish command G250 S800
2025-04-06T21:57:21.806322+0800 ERROR SENT: M154 S1
2025-04-06T21:57:21.806322+0800 ERROR write command M154 S1
2025-04-06T21:57:21.806322+0800 ERROR second command M154 S1
2025-04-06T21:57:21.807323+0800 ERROR finish command M154 S1
2025-04-06T21:57:21.807323+0800 ERROR SENT: 2025-04-06 21:57:21
2025-04-06T21:57:21.807323+0800 ERROR write command 2025-04-06 21:57:21
2025-04-06T21:57:21.807323+0800 ERROR second command 2025-04-06 21:57:21
2025-04-06T21:57:21.808321+0800 ERROR finish command 2025-04-06 21:57:21
2025-04-06T21:57:25.718650+0800 ERROR SENT: M105
2025-04-06T21:57:25.718650+0800 ERROR write command M105
2025-04-06T21:57:25.718650+0800 ERROR second command M105
2025-04-06T21:57:25.718650+0800 ERROR finish command M105
2025-04-06T21:57:25.719651+0800 ERROR SENT: G250 S21
2025-04-06T21:57:25.719651+0800 ERROR write command G250 S21
2025-04-06T21:57:25.719651+0800 ERROR second command G250 S21
2025-04-06T21:57:25.719651+0800 ERROR finish command G250 S21
2025-04-06T21:57:25.719651+0800 ERROR SENT: G250 S800
2025-04-06T21:57:25.719651+0800 ERROR write command G250 S800
2025-04-06T21:57:25.720652+0800 ERROR second command G250 S800
2025-04-06T21:57:25.720652+0800 ERROR finish command G250 S800
2025-04-06T21:57:25.720652+0800 ERROR SENT: M154 S1
2025-04-06T21:57:25.720652+0800 ERROR write command M154 S1
2025-04-06T21:57:25.720652+0800 ERROR second command M154 S1
2025-04-06T21:57:25.721651+0800 ERROR finish command M154 S1
2025-04-06T21:57:25.721651+0800 ERROR SENT: 2025-04-06 21:57:25
2025-04-06T21:57:25.721651+0800 ERROR write command 2025-04-06 21:57:25
2025-04-06T21:57:25.721651+0800 ERROR second command 2025-04-06 21:57:25
2025-04-06T21:57:25.721651+0800 ERROR finish command 2025-04-06 21:57:25
2025-04-06T21:57:29.628279+0800 ERROR SENT: M105
2025-04-06T21:57:29.628279+0800 ERROR write command M105
2025-04-06T21:57:29.628279+0800 ERROR second command M105
2025-04-06T21:57:29.628279+0800 ERROR finish command M105
2025-04-06T21:57:29.628279+0800 ERROR SENT: G250 S21
2025-04-06T21:57:29.628279+0800 ERROR write command G250 S21
2025-04-06T21:57:29.629284+0800 ERROR second command G250 S21
2025-04-06T21:57:29.629284+0800 ERROR finish command G250 S21
2025-04-06T21:57:29.629284+0800 ERROR SENT: G250 S800
2025-04-06T21:57:29.629284+0800 ERROR write command G250 S800
2025-04-06T21:57:29.629284+0800 ERROR second command G250 S800
2025-04-06T21:57:29.629284+0800 ERROR finish command G250 S800
2025-04-06T21:57:29.629284+0800 ERROR SENT: M154 S1
2025-04-06T21:57:29.630283+0800 ERROR write command M154 S1
2025-04-06T21:57:29.630283+0800 ERROR second command M154 S1
2025-04-06T21:57:29.630283+0800 ERROR finish command M154 S1
2025-04-06T21:57:29.630283+0800 ERROR SENT: 2025-04-06 21:57:29
2025-04-06T21:57:29.630283+0800 ERROR write command 2025-04-06 21:57:29
2025-04-06T21:57:29.631281+0800 ERROR second command 2025-04-06 21:57:29
2025-04-06T21:57:29.631281+0800 ERROR finish command 2025-04-06 21:57:29
2025-04-06T21:57:33.538959+0800 ERROR SENT: M105
2025-04-06T21:57:33.538959+0800 ERROR write command M105
2025-04-06T21:57:33.538959+0800 ERROR second command M105
2025-04-06T21:57:33.539960+0800 ERROR finish command M105
2025-04-06T21:57:33.539960+0800 ERROR SENT: G250 S21
2025-04-06T21:57:33.539960+0800 ERROR write command G250 S21
2025-04-06T21:57:33.539960+0800 ERROR second command G250 S21
2025-04-06T21:57:33.539960+0800 ERROR finish command G250 S21
2025-04-06T21:57:33.539960+0800 ERROR SENT: G250 S800
2025-04-06T21:57:33.539960+0800 ERROR write command G250 S800
2025-04-06T21:57:33.539960+0800 ERROR second command G250 S800
2025-04-06T21:57:33.539960+0800 ERROR finish command G250 S800
2025-04-06T21:57:33.539960+0800 ERROR SENT: M154 S1
2025-04-06T21:57:33.540959+0800 ERROR write command M154 S1
2025-04-06T21:57:33.540959+0800 ERROR second command M154 S1
2025-04-06T21:57:33.540959+0800 ERROR finish command M154 S1
2025-04-06T21:57:33.540959+0800 ERROR SENT: 2025-04-06 21:57:33
2025-04-06T21:57:33.540959+0800 ERROR write command 2025-04-06 21:57:33
2025-04-06T21:57:33.540959+0800 ERROR second command 2025-04-06 21:57:33
2025-04-06T21:57:33.540959+0800 ERROR finish command 2025-04-06 21:57:33
2025-04-06T21:57:37.418053+0800 ERROR SENT: M105
2025-04-06T21:57:37.418053+0800 ERROR write command M105
2025-04-06T21:57:37.418053+0800 ERROR second command M105
2025-04-06T21:57:37.418053+0800 ERROR finish command M105
2025-04-06T21:57:37.418053+0800 ERROR SENT: G250 S21
2025-04-06T21:57:37.418053+0800 ERROR write command G250 S21
2025-04-06T21:57:37.419062+0800 ERROR second command G250 S21
2025-04-06T21:57:37.419062+0800 ERROR finish command G250 S21
2025-04-06T21:57:37.419062+0800 ERROR SENT: G250 S800
2025-04-06T21:57:37.419062+0800 ERROR write command G250 S800
2025-04-06T21:57:37.419062+0800 ERROR second command G250 S800
2025-04-06T21:57:37.419062+0800 ERROR finish command G250 S800
2025-04-06T21:57:37.419062+0800 ERROR SENT: M154 S1
2025-04-06T21:57:37.419062+0800 ERROR write command M154 S1
2025-04-06T21:57:37.420072+0800 ERROR second command M154 S1
2025-04-06T21:57:37.420072+0800 ERROR finish command M154 S1
2025-04-06T21:57:37.420072+0800 ERROR SENT: 2025-04-06 21:57:37
2025-04-06T21:57:37.420072+0800 ERROR write command 2025-04-06 21:57:37
2025-04-06T21:57:37.420072+0800 ERROR second command 2025-04-06 21:57:37
2025-04-06T21:57:37.420072+0800 ERROR finish command 2025-04-06 21:57:37
2025-04-06T21:57:41.297808+0800 ERROR SENT: M105
2025-04-06T21:57:41.297808+0800 ERROR write command M105
2025-04-06T21:57:41.297808+0800 ERROR second command M105
2025-04-06T21:57:41.297808+0800 ERROR finish command M105
2025-04-06T21:57:41.297808+0800 ERROR SENT: G250 S21
2025-04-06T21:57:41.298817+0800 ERROR write command G250 S21
2025-04-06T21:57:41.298817+0800 ERROR second command G250 S21
2025-04-06T21:57:41.298817+0800 ERROR finish command G250 S21
2025-04-06T21:57:41.298817+0800 ERROR SENT: G250 S800
2025-04-06T21:57:41.298817+0800 ERROR write command G250 S800
2025-04-06T21:57:41.298817+0800 ERROR second command G250 S800
2025-04-06T21:57:41.298817+0800 ERROR finish command G250 S800
2025-04-06T21:57:41.298817+0800 ERROR SENT: M154 S1
2025-04-06T21:57:41.299817+0800 ERROR write command M154 S1
2025-04-06T21:57:41.299817+0800 ERROR second command M154 S1
2025-04-06T21:57:41.299817+0800 ERROR finish command M154 S1
2025-04-06T21:57:41.299817+0800 ERROR SENT: 2025-04-06 21:57:41
2025-04-06T21:57:41.300815+0800 ERROR write command 2025-04-06 21:57:41
2025-04-06T21:57:41.300815+0800 ERROR second command 2025-04-06 21:57:41
2025-04-06T21:57:41.300815+0800 ERROR finish command 2025-04-06 21:57:41
2025-04-06T21:57:45.230861+0800 ERROR SENT: M105
2025-04-06T21:57:45.230861+0800 ERROR write command M105
2025-04-06T21:57:45.230861+0800 ERROR second command M105
2025-04-06T21:57:45.230861+0800 ERROR finish command M105
2025-04-06T21:57:45.230861+0800 ERROR SENT: G250 S21
2025-04-06T21:57:45.231871+0800 ERROR write command G250 S21
2025-04-06T21:57:45.231871+0800 ERROR second command G250 S21
2025-04-06T21:57:45.231871+0800 ERROR finish command G250 S21
2025-04-06T21:57:45.231871+0800 ERROR SENT: G250 S800
2025-04-06T21:57:45.231871+0800 ERROR write command G250 S800
2025-04-06T21:57:45.231871+0800 ERROR second command G250 S800
2025-04-06T21:57:45.231871+0800 ERROR finish command G250 S800
2025-04-06T21:57:45.231871+0800 ERROR SENT: M154 S1
2025-04-06T21:57:45.232870+0800 ERROR write command M154 S1
2025-04-06T21:57:45.232870+0800 ERROR second command M154 S1
2025-04-06T21:57:45.232870+0800 ERROR finish command M154 S1
2025-04-06T21:57:45.232870+0800 ERROR SENT: 2025-04-06 21:57:45
2025-04-06T21:57:45.232870+0800 ERROR write command 2025-04-06 21:57:45
2025-04-06T21:57:45.233869+0800 ERROR second command 2025-04-06 21:57:45
2025-04-06T21:57:45.233869+0800 ERROR finish command 2025-04-06 21:57:45
