2025-05-20T10:01:33.781931+0800 INFO L109 time:2025/05/20 10:01:33#./GCODE/100方块.gcode#
2025-05-20T10:01:33.781931+0800 INFO Not connected to printer.
2025-05-20T10:01:35.320411+0800 ERROR SENT: G250 S31
2025-05-20T10:01:35.320411+0800 ERROR write command G250 S31
2025-05-20T10:01:35.320411+0800 ERROR socket error Attempting to use a port that is not opencommand G250 S31
2025-05-20T10:01:35.322411+0800 ERROR Can't write to printer (disconnected ?):
Traceback (most recent call last):
  File "D:\INLONG20250501301\printcore.py", line 944, in _send
    self.printer.write((command_temp + "\n").encode('gbk'))
  File "D:\INLONG2025050801\.venv\lib\site-packages\serial\serialwin32.py", line 306, in write
    raise PortNotOpenError()
serial.serialutil.PortNotOpenError: Attempting to use a port that is not open

2025-05-20T10:01:35.322411+0800 INFO M257 S1
2025-05-20T10:01:35.322411+0800 INFO Not connected to printer.
2025-05-20T10:01:35.322411+0800 INFO L110 S81
2025-05-20T10:01:35.322411+0800 INFO Not connected to printer.
2025-05-20T10:01:38.015165+0800 INFO G250 S888

2025-05-20T10:01:38.015165+0800 INFO Not connected to printer.
2025-05-20T10:01:38.016165+0800 INFO M257 S0
2025-05-20T10:01:38.016165+0800 INFO Not connected to printer.
2025-05-20T10:01:43.898523+0800 INFO L109
2025-05-20T10:01:43.898523+0800 INFO Not connected to printer.
2025-05-20T10:01:43.898523+0800 INFO M109 S0
2025-05-20T10:01:43.898523+0800 INFO Not connected to printer.
2025-05-20T10:01:43.898523+0800 INFO M257 S1
2025-05-20T10:01:43.898523+0800 INFO Not connected to printer.
2025-05-20T10:01:46.399382+0800 INFO G250 S888

2025-05-20T10:01:46.399382+0800 INFO Not connected to printer.
2025-05-20T10:01:46.399382+0800 INFO M257 S0
2025-05-20T10:01:46.399382+0800 INFO Not connected to printer.
2025-05-20T10:01:49.051489+0800 INFO L109
2025-05-20T10:01:49.051489+0800 INFO Not connected to printer.
2025-05-20T10:01:49.051489+0800 INFO M109 S0
2025-05-20T10:01:49.051489+0800 INFO Not connected to printer.
2025-05-20T10:01:49.052484+0800 INFO M257 S1
2025-05-20T10:01:49.052484+0800 INFO Not connected to printer.
2025-05-20T10:01:50.854067+0800 INFO G250 S888

2025-05-20T10:01:50.855069+0800 INFO Not connected to printer.
2025-05-20T10:01:50.855069+0800 INFO M257 S0
2025-05-20T10:01:50.855069+0800 INFO Not connected to printer.
2025-05-20T10:02:00.831074+0800 INFO L109
2025-05-20T10:02:00.831074+0800 INFO Not connected to printer.
2025-05-20T10:02:00.831074+0800 INFO M109 S0
2025-05-20T10:02:00.831074+0800 INFO Not connected to printer.
2025-05-20T10:02:00.831074+0800 INFO M257 S1
2025-05-20T10:02:00.831074+0800 INFO Not connected to printer.
2025-05-20T10:02:02.617477+0800 INFO G250 S888

2025-05-20T10:02:02.618494+0800 INFO Not connected to printer.
2025-05-20T10:02:02.618494+0800 INFO M257 S0
2025-05-20T10:02:02.618494+0800 INFO Not connected to printer.
2025-05-20T10:02:04.538977+0800 INFO L109
2025-05-20T10:02:04.538977+0800 INFO Not connected to printer.
2025-05-20T10:02:04.538977+0800 INFO M109 S0
2025-05-20T10:02:04.539979+0800 INFO Not connected to printer.
2025-05-20T10:02:04.539979+0800 INFO M257 S1
2025-05-20T10:02:04.539979+0800 INFO Not connected to printer.
2025-05-20T10:02:09.141221+0800 INFO G250 S888

2025-05-20T10:02:09.141221+0800 INFO Not connected to printer.
2025-05-20T10:02:09.142221+0800 INFO M257 S0
2025-05-20T10:02:09.142221+0800 INFO Not connected to printer.
2025-05-20T10:02:15.246302+0800 INFO L109
2025-05-20T10:02:15.246302+0800 INFO Not connected to printer.
2025-05-20T10:02:15.247416+0800 INFO M109 S0
2025-05-20T10:02:15.247416+0800 INFO Not connected to printer.
2025-05-20T10:02:15.247416+0800 INFO M257 S1
2025-05-20T10:02:15.247416+0800 INFO Not connected to printer.
