2025-04-08T14:38:32.876424+0800 INFO 设备已成功连接
2025-04-08T14:38:32.877424+0800 ERROR SENT: M105
2025-04-08T14:38:32.877424+0800 ERROR write command M105
2025-04-08T14:38:32.877424+0800 ERROR second command M105
2025-04-08T14:38:32.877424+0800 ERROR finish command M105
2025-04-08T14:38:32.877424+0800 ERROR SENT: G250 S21
2025-04-08T14:38:32.878424+0800 ERROR write command G250 S21
2025-04-08T14:38:32.878424+0800 ERROR second command G250 S21
2025-04-08T14:38:32.878424+0800 ERROR finish command G250 S21
2025-04-08T14:38:32.878424+0800 ERROR SENT: G250 S800
2025-04-08T14:38:32.878424+0800 ERROR write command G250 S800
2025-04-08T14:38:32.878424+0800 ERROR second command G250 S800
2025-04-08T14:38:32.878424+0800 ERROR finish command G250 S800
2025-04-08T14:38:32.878424+0800 ERROR SENT: M154 S1
2025-04-08T14:38:32.878424+0800 ERROR write command M154 S1
2025-04-08T14:38:32.878424+0800 ERROR second command M154 S1
2025-04-08T14:38:32.879424+0800 ERROR finish command M154 S1
2025-04-08T14:38:36.778547+0800 ERROR SENT: M105
2025-04-08T14:38:36.779548+0800 ERROR write command M105
2025-04-08T14:38:36.779548+0800 ERROR second command M105
2025-04-08T14:38:36.779548+0800 ERROR finish command M105
2025-04-08T14:38:36.779548+0800 ERROR SENT: G250 S21
2025-04-08T14:38:36.779548+0800 ERROR write command G250 S21
2025-04-08T14:38:36.779548+0800 ERROR second command G250 S21
2025-04-08T14:38:36.779548+0800 ERROR finish command G250 S21
2025-04-08T14:38:36.779548+0800 ERROR SENT: G250 S800
2025-04-08T14:38:36.780552+0800 ERROR write command G250 S800
2025-04-08T14:38:36.780552+0800 ERROR second command G250 S800
2025-04-08T14:38:36.780552+0800 ERROR finish command G250 S800
2025-04-08T14:38:36.780552+0800 ERROR SENT: M154 S1
2025-04-08T14:38:36.781553+0800 ERROR write command M154 S1
2025-04-08T14:38:36.782553+0800 ERROR second command M154 S1
2025-04-08T14:38:36.782553+0800 ERROR finish command M154 S1
2025-04-08T14:38:41.176197+0800 ERROR SENT: M105
2025-04-08T14:38:41.176197+0800 ERROR write command M105
2025-04-08T14:38:41.176197+0800 ERROR second command M105
2025-04-08T14:38:41.176197+0800 ERROR finish command M105
2025-04-08T14:38:41.176197+0800 ERROR SENT: G250 S21
2025-04-08T14:38:41.177197+0800 ERROR write command G250 S21
2025-04-08T14:38:41.177197+0800 ERROR second command G250 S21
2025-04-08T14:38:41.177197+0800 ERROR finish command G250 S21
2025-04-08T14:38:41.177197+0800 ERROR SENT: G250 S800
2025-04-08T14:38:41.177197+0800 ERROR write command G250 S800
2025-04-08T14:38:41.177197+0800 ERROR second command G250 S800
2025-04-08T14:38:41.177197+0800 ERROR finish command G250 S800
2025-04-08T14:38:41.177197+0800 ERROR SENT: M154 S1
2025-04-08T14:38:41.177197+0800 ERROR write command M154 S1
2025-04-08T14:38:41.177197+0800 ERROR second command M154 S1
2025-04-08T14:38:41.178188+0800 ERROR finish command M154 S1
2025-04-08T14:38:45.056322+0800 ERROR SENT: M105
2025-04-08T14:38:45.056322+0800 ERROR write command M105
2025-04-08T14:38:45.056322+0800 ERROR second command M105
2025-04-08T14:38:45.056322+0800 ERROR finish command M105
2025-04-08T14:38:45.057237+0800 ERROR SENT: G250 S21
2025-04-08T14:38:45.057237+0800 ERROR write command G250 S21
2025-04-08T14:38:45.057237+0800 ERROR second command G250 S21
2025-04-08T14:38:45.057237+0800 ERROR finish command G250 S21
2025-04-08T14:38:45.057237+0800 ERROR SENT: G250 S800
2025-04-08T14:38:45.057237+0800 ERROR write command G250 S800
2025-04-08T14:38:45.057237+0800 ERROR second command G250 S800
2025-04-08T14:38:45.057237+0800 ERROR finish command G250 S800
2025-04-08T14:38:45.058237+0800 ERROR SENT: M154 S1
2025-04-08T14:38:45.058237+0800 ERROR write command M154 S1
2025-04-08T14:38:45.058237+0800 ERROR second command M154 S1
2025-04-08T14:38:45.058237+0800 ERROR finish command M154 S1
2025-04-08T14:38:48.944832+0800 ERROR SENT: M105
2025-04-08T14:38:48.944832+0800 ERROR write command M105
2025-04-08T14:38:48.944832+0800 ERROR second command M105
2025-04-08T14:38:48.944832+0800 ERROR finish command M105
2025-04-08T14:38:48.945749+0800 ERROR SENT: G250 S21
2025-04-08T14:38:48.945749+0800 ERROR write command G250 S21
2025-04-08T14:38:48.945749+0800 ERROR second command G250 S21
2025-04-08T14:38:48.945749+0800 ERROR finish command G250 S21
2025-04-08T14:38:48.945749+0800 ERROR SENT: G250 S800
2025-04-08T14:38:48.945749+0800 ERROR write command G250 S800
2025-04-08T14:38:48.945749+0800 ERROR second command G250 S800
2025-04-08T14:38:48.946749+0800 ERROR finish command G250 S800
2025-04-08T14:38:48.946749+0800 ERROR SENT: M154 S1
2025-04-08T14:38:48.946749+0800 ERROR write command M154 S1
2025-04-08T14:38:48.946749+0800 ERROR second command M154 S1
2025-04-08T14:38:48.946749+0800 ERROR finish command M154 S1
2025-04-08T14:38:50.488506+0800 INFO M104 S100
2025-04-08T14:38:50.488506+0800 INFO Not connected to printer.
2025-04-08T14:38:52.264579+0800 INFO M104 S100
2025-04-08T14:38:52.264579+0800 INFO Not connected to printer.
2025-04-08T14:38:52.841531+0800 ERROR SENT: M105
2025-04-08T14:38:52.841531+0800 ERROR write command M105
2025-04-08T14:38:52.841531+0800 ERROR second command M105
2025-04-08T14:38:52.841531+0800 ERROR finish command M105
2025-04-08T14:38:52.842453+0800 ERROR SENT: G250 S21
2025-04-08T14:38:52.842453+0800 ERROR write command G250 S21
2025-04-08T14:38:52.842453+0800 ERROR second command G250 S21
2025-04-08T14:38:52.842453+0800 ERROR finish command G250 S21
2025-04-08T14:38:52.842453+0800 ERROR SENT: G250 S800
2025-04-08T14:38:52.842453+0800 ERROR write command G250 S800
2025-04-08T14:38:52.842453+0800 ERROR second command G250 S800
2025-04-08T14:38:52.842453+0800 ERROR finish command G250 S800
2025-04-08T14:38:52.842453+0800 ERROR SENT: M154 S1
2025-04-08T14:38:52.843463+0800 ERROR write command M154 S1
2025-04-08T14:38:52.843463+0800 ERROR second command M154 S1
2025-04-08T14:38:52.843463+0800 ERROR finish command M154 S1
2025-04-08T14:38:53.198640+0800 INFO M104 S100
2025-04-08T14:38:53.198640+0800 INFO Not connected to printer.
2025-04-08T14:38:53.205639+0800 INFO M104 S100
2025-04-08T14:38:53.205639+0800 INFO Not connected to printer.
2025-04-08T14:38:53.214641+0800 INFO M104 S100
2025-04-08T14:38:53.214641+0800 INFO Not connected to printer.
2025-04-08T14:38:53.221639+0800 INFO M104 S100
2025-04-08T14:38:53.221639+0800 INFO Not connected to printer.
2025-04-08T14:38:53.229639+0800 INFO M104 S100
2025-04-08T14:38:53.230639+0800 INFO Not connected to printer.
2025-04-08T14:38:53.237638+0800 INFO M104 S100
2025-04-08T14:38:53.237638+0800 INFO Not connected to printer.
2025-04-08T14:38:53.246639+0800 INFO M104 S100
2025-04-08T14:38:53.247638+0800 INFO Not connected to printer.
2025-04-08T14:38:53.254695+0800 INFO M104 S100
2025-04-08T14:38:53.254695+0800 INFO Not connected to printer.
2025-04-08T14:38:53.261639+0800 INFO M104 S100
2025-04-08T14:38:53.262722+0800 INFO Not connected to printer.
2025-04-08T14:38:53.269647+0800 INFO M104 S100
2025-04-08T14:38:53.269647+0800 INFO Not connected to printer.
2025-04-08T14:38:53.277710+0800 INFO M104 S100
2025-04-08T14:38:53.278640+0800 INFO Not connected to printer.
2025-04-08T14:38:53.286682+0800 INFO M104 S100
2025-04-08T14:38:53.286682+0800 INFO Not connected to printer.
2025-04-08T14:38:53.294645+0800 INFO M104 S100
2025-04-08T14:38:53.294645+0800 INFO Not connected to printer.
2025-04-08T14:38:53.302639+0800 INFO M104 S100
2025-04-08T14:38:53.302639+0800 INFO Not connected to printer.
2025-04-08T14:38:53.312640+0800 INFO M104 S100
2025-04-08T14:38:53.312640+0800 INFO Not connected to printer.
2025-04-08T14:38:53.317639+0800 INFO M104 S100
2025-04-08T14:38:53.317639+0800 INFO Not connected to printer.
2025-04-08T14:38:53.997055+0800 INFO M104 S
2025-04-08T14:38:53.998054+0800 INFO Not connected to printer.
2025-04-08T14:38:56.708055+0800 ERROR SENT: M105
2025-04-08T14:38:56.708055+0800 ERROR write command M105
2025-04-08T14:38:56.708055+0800 ERROR second command M105
2025-04-08T14:38:56.708055+0800 ERROR finish command M105
2025-04-08T14:38:56.708055+0800 ERROR SENT: G250 S21
2025-04-08T14:38:56.709055+0800 ERROR write command G250 S21
2025-04-08T14:38:56.709055+0800 ERROR second command G250 S21
2025-04-08T14:38:56.709055+0800 ERROR finish command G250 S21
2025-04-08T14:38:56.709055+0800 ERROR SENT: G250 S800
2025-04-08T14:38:56.709055+0800 ERROR write command G250 S800
2025-04-08T14:38:56.709055+0800 ERROR second command G250 S800
2025-04-08T14:38:56.709055+0800 ERROR finish command G250 S800
2025-04-08T14:38:56.709055+0800 ERROR SENT: M154 S1
2025-04-08T14:38:56.709055+0800 ERROR write command M154 S1
2025-04-08T14:38:56.709055+0800 ERROR second command M154 S1
2025-04-08T14:38:56.710055+0800 ERROR finish command M154 S1
2025-04-08T14:39:00.618365+0800 ERROR SENT: M105
2025-04-08T14:39:00.618365+0800 ERROR write command M105
2025-04-08T14:39:00.618365+0800 ERROR second command M105
2025-04-08T14:39:00.618365+0800 ERROR finish command M105
2025-04-08T14:39:00.619480+0800 ERROR SENT: G250 S21
2025-04-08T14:39:00.619480+0800 ERROR write command G250 S21
2025-04-08T14:39:00.619480+0800 ERROR second command G250 S21
2025-04-08T14:39:00.619480+0800 ERROR finish command G250 S21
2025-04-08T14:39:00.619480+0800 ERROR SENT: G250 S800
2025-04-08T14:39:00.619480+0800 ERROR write command G250 S800
2025-04-08T14:39:00.619480+0800 ERROR second command G250 S800
2025-04-08T14:39:00.620452+0800 ERROR finish command G250 S800
2025-04-08T14:39:00.620452+0800 ERROR SENT: M154 S1
2025-04-08T14:39:00.620452+0800 ERROR write command M154 S1
2025-04-08T14:39:00.620452+0800 ERROR second command M154 S1
2025-04-08T14:39:00.620452+0800 ERROR finish command M154 S1
2025-04-08T14:39:02.245995+0800 INFO M104 S100
2025-04-08T14:39:02.245995+0800 INFO Not connected to printer.
2025-04-08T14:39:02.254336+0800 INFO M104 S100
2025-04-08T14:39:02.254336+0800 INFO Not connected to printer.
2025-04-08T14:39:02.261900+0800 INFO M104 S100
2025-04-08T14:39:02.261900+0800 INFO Not connected to printer.
2025-04-08T14:39:02.269893+0800 INFO M104 S100
2025-04-08T14:39:02.269893+0800 INFO Not connected to printer.
2025-04-08T14:39:02.283752+0800 INFO M104 S100
2025-04-08T14:39:02.284749+0800 INFO Not connected to printer.
2025-04-08T14:39:02.286750+0800 INFO M104 S100
2025-04-08T14:39:02.286750+0800 INFO Not connected to printer.
2025-04-08T14:39:02.294628+0800 INFO M104 S100
2025-04-08T14:39:02.294628+0800 INFO Not connected to printer.
2025-04-08T14:39:02.301994+0800 INFO M104 S100
2025-04-08T14:39:02.301994+0800 INFO Not connected to printer.
2025-04-08T14:39:02.311280+0800 INFO M104 S100
2025-04-08T14:39:02.311280+0800 INFO Not connected to printer.
2025-04-08T14:39:02.317923+0800 INFO M104 S100
2025-04-08T14:39:02.317923+0800 INFO Not connected to printer.
2025-04-08T14:39:02.326642+0800 INFO M104 S100
2025-04-08T14:39:02.326642+0800 INFO Not connected to printer.
2025-04-08T14:39:02.333546+0800 INFO M104 S100
2025-04-08T14:39:02.334558+0800 INFO Not connected to printer.
2025-04-08T14:39:02.342558+0800 INFO M104 S100
2025-04-08T14:39:02.342558+0800 INFO Not connected to printer.
2025-04-08T14:39:02.349835+0800 INFO M104 S100
2025-04-08T14:39:02.349835+0800 INFO Not connected to printer.
2025-04-08T14:39:02.359287+0800 INFO M104 S100
2025-04-08T14:39:02.359287+0800 INFO Not connected to printer.
2025-04-08T14:39:02.366893+0800 INFO M104 S100
2025-04-08T14:39:02.366893+0800 INFO Not connected to printer.
2025-04-08T14:39:02.405992+0800 INFO M104 S100
2025-04-08T14:39:02.405992+0800 INFO Not connected to printer.
2025-04-08T14:39:04.443531+0800 ERROR SENT: M105
2025-04-08T14:39:04.443531+0800 ERROR write command M105
2025-04-08T14:39:04.443531+0800 ERROR second command M105
2025-04-08T14:39:04.443531+0800 ERROR finish command M105
2025-04-08T14:39:04.443531+0800 ERROR SENT: G250 S21
2025-04-08T14:39:04.443531+0800 ERROR write command G250 S21
2025-04-08T14:39:04.443531+0800 ERROR second command G250 S21
2025-04-08T14:39:04.444530+0800 ERROR finish command G250 S21
2025-04-08T14:39:04.444530+0800 ERROR SENT: G250 S800
2025-04-08T14:39:04.444530+0800 ERROR write command G250 S800
2025-04-08T14:39:04.444530+0800 ERROR second command G250 S800
2025-04-08T14:39:04.444530+0800 ERROR finish command G250 S800
2025-04-08T14:39:04.444530+0800 ERROR SENT: M154 S1
2025-04-08T14:39:04.444530+0800 ERROR write command M154 S1
2025-04-08T14:39:04.444530+0800 ERROR second command M154 S1
2025-04-08T14:39:04.445531+0800 ERROR finish command M154 S1
2025-04-08T14:39:08.599168+0800 ERROR SENT: M105
2025-04-08T14:39:08.608167+0800 ERROR write command M105
2025-04-08T14:39:08.612168+0800 ERROR second command M105
2025-04-08T14:39:08.612168+0800 ERROR finish command M105
2025-04-08T14:39:08.612168+0800 ERROR SENT: G250 S21
2025-04-08T14:39:08.612168+0800 ERROR write command G250 S21
2025-04-08T14:39:08.612168+0800 ERROR second command G250 S21
2025-04-08T14:39:08.612168+0800 ERROR finish command G250 S21
2025-04-08T14:39:08.612168+0800 ERROR SENT: G250 S800
2025-04-08T14:39:08.613168+0800 ERROR write command G250 S800
2025-04-08T14:39:08.613168+0800 ERROR second command G250 S800
2025-04-08T14:39:08.613168+0800 ERROR finish command G250 S800
2025-04-08T14:39:08.614167+0800 ERROR SENT: M154 S1
2025-04-08T14:39:08.614167+0800 ERROR write command M154 S1
2025-04-08T14:39:08.615168+0800 ERROR second command M154 S1
2025-04-08T14:39:08.615168+0800 ERROR finish command M154 S1
2025-04-08T14:39:12.512471+0800 ERROR SENT: M105
2025-04-08T14:39:12.512471+0800 ERROR write command M105
2025-04-08T14:39:12.512471+0800 ERROR second command M105
2025-04-08T14:39:12.513472+0800 ERROR finish command M105
2025-04-08T14:39:12.513472+0800 ERROR SENT: G250 S21
2025-04-08T14:39:12.513472+0800 ERROR write command G250 S21
2025-04-08T14:39:12.513472+0800 ERROR second command G250 S21
2025-04-08T14:39:12.513472+0800 ERROR finish command G250 S21
2025-04-08T14:39:12.513472+0800 ERROR SENT: G250 S800
2025-04-08T14:39:12.513472+0800 ERROR write command G250 S800
2025-04-08T14:39:12.514471+0800 ERROR second command G250 S800
2025-04-08T14:39:12.514471+0800 ERROR finish command G250 S800
2025-04-08T14:39:12.514471+0800 ERROR SENT: M154 S1
2025-04-08T14:39:12.514471+0800 ERROR write command M154 S1
2025-04-08T14:39:12.514471+0800 ERROR second command M154 S1
2025-04-08T14:39:12.514471+0800 ERROR finish command M154 S1
2025-04-08T14:39:16.398036+0800 ERROR SENT: M105
2025-04-08T14:39:16.398036+0800 ERROR write command M105
2025-04-08T14:39:16.398036+0800 ERROR second command M105
2025-04-08T14:39:16.398036+0800 ERROR finish command M105
2025-04-08T14:39:16.399100+0800 ERROR SENT: G250 S21
2025-04-08T14:39:16.399100+0800 ERROR write command G250 S21
2025-04-08T14:39:16.399100+0800 ERROR second command G250 S21
2025-04-08T14:39:16.399100+0800 ERROR finish command G250 S21
2025-04-08T14:39:16.399100+0800 ERROR SENT: G250 S800
2025-04-08T14:39:16.399100+0800 ERROR write command G250 S800
2025-04-08T14:39:16.400028+0800 ERROR second command G250 S800
2025-04-08T14:39:16.400028+0800 ERROR finish command G250 S800
2025-04-08T14:39:16.400028+0800 ERROR SENT: M154 S1
2025-04-08T14:39:16.400028+0800 ERROR write command M154 S1
2025-04-08T14:39:16.400028+0800 ERROR second command M154 S1
2025-04-08T14:39:16.400028+0800 ERROR finish command M154 S1
2025-04-08T14:39:20.322823+0800 ERROR SENT: M105
2025-04-08T14:39:20.323815+0800 ERROR write command M105
2025-04-08T14:39:20.323815+0800 ERROR second command M105
2025-04-08T14:39:20.323815+0800 ERROR finish command M105
2025-04-08T14:39:20.323815+0800 ERROR SENT: G250 S21
2025-04-08T14:39:20.323815+0800 ERROR write command G250 S21
2025-04-08T14:39:20.323815+0800 ERROR second command G250 S21
2025-04-08T14:39:20.323815+0800 ERROR finish command G250 S21
2025-04-08T14:39:20.324815+0800 ERROR SENT: G250 S800
2025-04-08T14:39:20.324815+0800 ERROR write command G250 S800
2025-04-08T14:39:20.324815+0800 ERROR second command G250 S800
2025-04-08T14:39:20.324815+0800 ERROR finish command G250 S800
2025-04-08T14:39:20.324815+0800 ERROR SENT: M154 S1
2025-04-08T14:39:20.324815+0800 ERROR write command M154 S1
2025-04-08T14:39:20.324815+0800 ERROR second command M154 S1
2025-04-08T14:39:20.324815+0800 ERROR finish command M154 S1
2025-04-08T14:39:24.237574+0800 ERROR SENT: M105
2025-04-08T14:39:24.237574+0800 ERROR write command M105
2025-04-08T14:39:24.237574+0800 ERROR second command M105
2025-04-08T14:39:24.237574+0800 ERROR finish command M105
2025-04-08T14:39:24.238563+0800 ERROR SENT: G250 S21
2025-04-08T14:39:24.238563+0800 ERROR write command G250 S21
2025-04-08T14:39:24.238563+0800 ERROR second command G250 S21
2025-04-08T14:39:24.238563+0800 ERROR finish command G250 S21
2025-04-08T14:39:24.238563+0800 ERROR SENT: G250 S800
2025-04-08T14:39:24.238563+0800 ERROR write command G250 S800
2025-04-08T14:39:24.238563+0800 ERROR second command G250 S800
2025-04-08T14:39:24.238563+0800 ERROR finish command G250 S800
2025-04-08T14:39:24.238563+0800 ERROR SENT: M154 S1
2025-04-08T14:39:24.239562+0800 ERROR write command M154 S1
2025-04-08T14:39:24.239562+0800 ERROR second command M154 S1
2025-04-08T14:39:24.239562+0800 ERROR finish command M154 S1
2025-04-08T14:39:28.171732+0800 ERROR SENT: M105
2025-04-08T14:39:28.172724+0800 ERROR write command M105
2025-04-08T14:39:28.173721+0800 ERROR second command M105
2025-04-08T14:39:28.173721+0800 ERROR finish command M105
2025-04-08T14:39:28.173721+0800 ERROR SENT: G250 S21
2025-04-08T14:39:28.173721+0800 ERROR write command G250 S21
2025-04-08T14:39:28.174724+0800 ERROR second command G250 S21
2025-04-08T14:39:28.174724+0800 ERROR finish command G250 S21
2025-04-08T14:39:28.174724+0800 ERROR SENT: G250 S800
2025-04-08T14:39:28.174724+0800 ERROR write command G250 S800
2025-04-08T14:39:28.175721+0800 ERROR second command G250 S800
2025-04-08T14:39:28.175721+0800 ERROR finish command G250 S800
2025-04-08T14:39:28.175721+0800 ERROR SENT: M154 S1
2025-04-08T14:39:28.175721+0800 ERROR write command M154 S1
2025-04-08T14:39:28.175721+0800 ERROR second command M154 S1
2025-04-08T14:39:28.176720+0800 ERROR finish command M154 S1
2025-04-08T14:39:32.164815+0800 ERROR SENT: M105
2025-04-08T14:39:32.164815+0800 ERROR write command M105
2025-04-08T14:39:32.164815+0800 ERROR second command M105
2025-04-08T14:39:32.164815+0800 ERROR finish command M105
2025-04-08T14:39:32.164815+0800 ERROR SENT: G250 S21
2025-04-08T14:39:32.165806+0800 ERROR write command G250 S21
2025-04-08T14:39:32.165806+0800 ERROR second command G250 S21
2025-04-08T14:39:32.165806+0800 ERROR finish command G250 S21
2025-04-08T14:39:32.165806+0800 ERROR SENT: G250 S800
2025-04-08T14:39:32.165806+0800 ERROR write command G250 S800
2025-04-08T14:39:32.165806+0800 ERROR second command G250 S800
2025-04-08T14:39:32.165806+0800 ERROR finish command G250 S800
2025-04-08T14:39:32.165806+0800 ERROR SENT: M154 S1
2025-04-08T14:39:32.166806+0800 ERROR write command M154 S1
2025-04-08T14:39:32.166806+0800 ERROR second command M154 S1
2025-04-08T14:39:32.166806+0800 ERROR finish command M154 S1
2025-04-08T14:39:34.487004+0800 INFO M104 S100
2025-04-08T14:39:34.488005+0800 INFO Not connected to printer.
2025-04-08T14:39:34.574004+0800 INFO M104 S100
2025-04-08T14:39:34.574004+0800 INFO Not connected to printer.
2025-04-08T14:39:34.582005+0800 INFO M104 S100
2025-04-08T14:39:34.582005+0800 INFO Not connected to printer.
2025-04-08T14:39:34.591005+0800 INFO M104 S100
2025-04-08T14:39:34.591005+0800 INFO Not connected to printer.
2025-04-08T14:39:34.598004+0800 INFO M104 S100
2025-04-08T14:39:34.598004+0800 INFO Not connected to printer.
2025-04-08T14:39:34.607004+0800 INFO M104 S100
2025-04-08T14:39:34.608004+0800 INFO Not connected to printer.
2025-04-08T14:39:34.614005+0800 INFO M104 S100
2025-04-08T14:39:34.615005+0800 INFO Not connected to printer.
2025-04-08T14:39:34.624006+0800 INFO M104 S100
2025-04-08T14:39:34.624006+0800 INFO Not connected to printer.
2025-04-08T14:39:34.630005+0800 INFO M104 S100
2025-04-08T14:39:34.631007+0800 INFO Not connected to printer.
2025-04-08T14:39:34.639006+0800 INFO M104 S100
2025-04-08T14:39:34.640004+0800 INFO Not connected to printer.
2025-04-08T14:39:34.648006+0800 INFO M104 S100
2025-04-08T14:39:34.648006+0800 INFO Not connected to printer.
2025-04-08T14:39:34.654004+0800 INFO M104 S100
2025-04-08T14:39:34.655006+0800 INFO Not connected to printer.
2025-04-08T14:39:34.662004+0800 INFO M104 S100
2025-04-08T14:39:34.663005+0800 INFO Not connected to printer.
2025-04-08T14:39:34.670005+0800 INFO M104 S100
2025-04-08T14:39:34.671005+0800 INFO Not connected to printer.
2025-04-08T14:39:34.678004+0800 INFO M104 S100
2025-04-08T14:39:34.678004+0800 INFO Not connected to printer.
2025-04-08T14:39:36.004100+0800 ERROR SENT: M105
2025-04-08T14:39:36.004100+0800 ERROR write command M105
2025-04-08T14:39:36.004100+0800 ERROR second command M105
2025-04-08T14:39:36.004100+0800 ERROR finish command M105
2025-04-08T14:39:36.005102+0800 ERROR SENT: G250 S21
2025-04-08T14:39:36.005102+0800 ERROR write command G250 S21
2025-04-08T14:39:36.005102+0800 ERROR second command G250 S21
2025-04-08T14:39:36.005102+0800 ERROR finish command G250 S21
2025-04-08T14:39:36.005102+0800 ERROR SENT: G250 S800
2025-04-08T14:39:36.005102+0800 ERROR write command G250 S800
2025-04-08T14:39:36.006101+0800 ERROR second command G250 S800
2025-04-08T14:39:36.006101+0800 ERROR finish command G250 S800
2025-04-08T14:39:36.006101+0800 ERROR SENT: M154 S1
2025-04-08T14:39:36.006101+0800 ERROR write command M154 S1
2025-04-08T14:39:36.007100+0800 ERROR second command M154 S1
2025-04-08T14:39:36.007100+0800 ERROR finish command M154 S1
2025-04-08T14:39:36.023101+0800 INFO M104 S100
2025-04-08T14:39:36.023101+0800 INFO Not connected to printer.
2025-04-08T14:39:36.654545+0800 INFO M104 S100
2025-04-08T14:39:36.654545+0800 INFO Not connected to printer.
2025-04-08T14:39:36.661853+0800 INFO M104 S100
2025-04-08T14:39:36.661853+0800 INFO Not connected to printer.
2025-04-08T14:39:36.674219+0800 INFO M104 S100
2025-04-08T14:39:36.674219+0800 INFO Not connected to printer.
2025-04-08T14:39:36.678264+0800 INFO M104 S100
2025-04-08T14:39:36.678264+0800 INFO Not connected to printer.
2025-04-08T14:39:36.686411+0800 INFO M104 S100
2025-04-08T14:39:36.686411+0800 INFO Not connected to printer.
2025-04-08T14:39:36.693321+0800 INFO M104 S100
2025-04-08T14:39:36.694311+0800 INFO Not connected to printer.
2025-04-08T14:39:36.711311+0800 INFO M104 S100
2025-04-08T14:39:36.711311+0800 INFO Not connected to printer.
2025-04-08T14:39:36.965991+0800 INFO M104 S100
2025-04-08T14:39:36.965991+0800 INFO Not connected to printer.
2025-04-08T14:39:36.974315+0800 INFO M104 S100
2025-04-08T14:39:36.974315+0800 INFO Not connected to printer.
2025-04-08T14:39:36.982968+0800 INFO M104 S100
2025-04-08T14:39:36.983977+0800 INFO Not connected to printer.
2025-04-08T14:39:36.989868+0800 INFO M104 S100
2025-04-08T14:39:36.990631+0800 INFO Not connected to printer.
2025-04-08T14:39:37.006574+0800 INFO M104 S100
2025-04-08T14:39:37.006574+0800 INFO Not connected to printer.
2025-04-08T14:39:37.022393+0800 INFO M104 S100
2025-04-08T14:39:37.022393+0800 INFO Not connected to printer.
2025-04-08T14:39:37.030967+0800 INFO M104 S100
2025-04-08T14:39:37.030967+0800 INFO Not connected to printer.
2025-04-08T14:39:37.037963+0800 INFO M104 S100
2025-04-08T14:39:37.037963+0800 INFO Not connected to printer.
2025-04-08T14:39:37.045975+0800 INFO M104 S100
2025-04-08T14:39:37.045975+0800 INFO Not connected to printer.
2025-04-08T14:39:37.053984+0800 INFO M104 S100
2025-04-08T14:39:37.053984+0800 INFO Not connected to printer.
2025-04-08T14:39:37.064124+0800 INFO M104 S100
2025-04-08T14:39:37.064124+0800 INFO Not connected to printer.
2025-04-08T14:39:37.878999+0800 INFO M104 S100
2025-04-08T14:39:37.878999+0800 INFO Not connected to printer.
2025-04-08T14:39:39.930683+0800 ERROR SENT: M105
2025-04-08T14:39:39.930683+0800 ERROR write command M105
2025-04-08T14:39:39.930683+0800 ERROR second command M105
2025-04-08T14:39:39.931615+0800 ERROR finish command M105
2025-04-08T14:39:39.931615+0800 ERROR SENT: G250 S21
2025-04-08T14:39:39.931615+0800 ERROR write command G250 S21
2025-04-08T14:39:39.931615+0800 ERROR second command G250 S21
2025-04-08T14:39:39.931615+0800 ERROR finish command G250 S21
2025-04-08T14:39:39.931615+0800 ERROR SENT: G250 S800
2025-04-08T14:39:39.931615+0800 ERROR write command G250 S800
2025-04-08T14:39:39.931615+0800 ERROR second command G250 S800
2025-04-08T14:39:39.931615+0800 ERROR finish command G250 S800
2025-04-08T14:39:39.931615+0800 ERROR SENT: M154 S1
2025-04-08T14:39:39.932616+0800 ERROR write command M154 S1
2025-04-08T14:39:39.932616+0800 ERROR second command M154 S1
2025-04-08T14:39:39.932616+0800 ERROR finish command M154 S1
2025-04-08T14:39:43.858539+0800 ERROR SENT: M105
2025-04-08T14:39:43.858539+0800 ERROR write command M105
2025-04-08T14:39:43.858539+0800 ERROR second command M105
2025-04-08T14:39:43.858539+0800 ERROR finish command M105
2025-04-08T14:39:43.858539+0800 ERROR SENT: G250 S21
2025-04-08T14:39:43.858539+0800 ERROR write command G250 S21
2025-04-08T14:39:43.859550+0800 ERROR second command G250 S21
2025-04-08T14:39:43.859550+0800 ERROR finish command G250 S21
2025-04-08T14:39:43.859550+0800 ERROR SENT: G250 S800
2025-04-08T14:39:43.859550+0800 ERROR write command G250 S800
2025-04-08T14:39:43.859550+0800 ERROR second command G250 S800
2025-04-08T14:39:43.859550+0800 ERROR finish command G250 S800
2025-04-08T14:39:43.859550+0800 ERROR SENT: M154 S1
2025-04-08T14:39:43.859550+0800 ERROR write command M154 S1
2025-04-08T14:39:43.859550+0800 ERROR second command M154 S1
2025-04-08T14:39:43.859550+0800 ERROR finish command M154 S1
2025-04-08T14:39:47.792114+0800 ERROR SENT: M105
2025-04-08T14:39:47.792114+0800 ERROR write command M105
2025-04-08T14:39:47.792114+0800 ERROR second command M105
2025-04-08T14:39:47.792114+0800 ERROR finish command M105
2025-04-08T14:39:47.793010+0800 ERROR SENT: G250 S21
2025-04-08T14:39:47.793010+0800 ERROR write command G250 S21
2025-04-08T14:39:47.793010+0800 ERROR second command G250 S21
2025-04-08T14:39:47.793010+0800 ERROR finish command G250 S21
2025-04-08T14:39:47.793010+0800 ERROR SENT: G250 S800
2025-04-08T14:39:47.793010+0800 ERROR write command G250 S800
2025-04-08T14:39:47.793010+0800 ERROR second command G250 S800
2025-04-08T14:39:47.793010+0800 ERROR finish command G250 S800
2025-04-08T14:39:47.793010+0800 ERROR SENT: M154 S1
2025-04-08T14:39:47.794009+0800 ERROR write command M154 S1
2025-04-08T14:39:47.794009+0800 ERROR second command M154 S1
2025-04-08T14:39:47.794009+0800 ERROR finish command M154 S1
2025-04-08T14:39:51.700775+0800 ERROR SENT: M105
2025-04-08T14:39:51.700775+0800 ERROR write command M105
2025-04-08T14:39:51.700775+0800 ERROR second command M105
2025-04-08T14:39:51.700775+0800 ERROR finish command M105
2025-04-08T14:39:51.700775+0800 ERROR SENT: G250 S21
2025-04-08T14:39:51.700775+0800 ERROR write command G250 S21
2025-04-08T14:39:51.700775+0800 ERROR second command G250 S21
2025-04-08T14:39:51.701768+0800 ERROR finish command G250 S21
2025-04-08T14:39:51.701768+0800 ERROR SENT: G250 S800
2025-04-08T14:39:51.701768+0800 ERROR write command G250 S800
2025-04-08T14:39:51.701768+0800 ERROR second command G250 S800
2025-04-08T14:39:51.701768+0800 ERROR finish command G250 S800
2025-04-08T14:39:51.701768+0800 ERROR SENT: M154 S1
2025-04-08T14:39:51.702768+0800 ERROR write command M154 S1
2025-04-08T14:39:51.702768+0800 ERROR second command M154 S1
2025-04-08T14:39:51.703768+0800 ERROR finish command M154 S1
2025-04-08T14:39:55.613093+0800 ERROR SENT: M105
2025-04-08T14:39:55.613093+0800 ERROR write command M105
2025-04-08T14:39:55.613093+0800 ERROR second command M105
2025-04-08T14:39:55.613093+0800 ERROR finish command M105
2025-04-08T14:39:55.613093+0800 ERROR SENT: G250 S21
2025-04-08T14:39:55.613093+0800 ERROR write command G250 S21
2025-04-08T14:39:55.614057+0800 ERROR second command G250 S21
2025-04-08T14:39:55.614057+0800 ERROR finish command G250 S21
2025-04-08T14:39:55.614057+0800 ERROR SENT: G250 S800
2025-04-08T14:39:55.614057+0800 ERROR write command G250 S800
2025-04-08T14:39:55.614057+0800 ERROR second command G250 S800
2025-04-08T14:39:55.614057+0800 ERROR finish command G250 S800
2025-04-08T14:39:55.614057+0800 ERROR SENT: M154 S1
2025-04-08T14:39:55.614057+0800 ERROR write command M154 S1
2025-04-08T14:39:55.615055+0800 ERROR second command M154 S1
2025-04-08T14:39:55.615055+0800 ERROR finish command M154 S1
2025-04-08T14:39:59.559470+0800 ERROR SENT: M105
2025-04-08T14:39:59.559470+0800 ERROR write command M105
2025-04-08T14:39:59.560378+0800 ERROR second command M105
2025-04-08T14:39:59.560378+0800 ERROR finish command M105
2025-04-08T14:39:59.560378+0800 ERROR SENT: G250 S21
2025-04-08T14:39:59.560378+0800 ERROR write command G250 S21
2025-04-08T14:39:59.560378+0800 ERROR second command G250 S21
2025-04-08T14:39:59.560378+0800 ERROR finish command G250 S21
2025-04-08T14:39:59.560378+0800 ERROR SENT: G250 S800
2025-04-08T14:39:59.560378+0800 ERROR write command G250 S800
2025-04-08T14:39:59.560378+0800 ERROR second command G250 S800
2025-04-08T14:39:59.560378+0800 ERROR finish command G250 S800
2025-04-08T14:39:59.561376+0800 ERROR SENT: M154 S1
2025-04-08T14:39:59.561376+0800 ERROR write command M154 S1
2025-04-08T14:39:59.561376+0800 ERROR second command M154 S1
2025-04-08T14:39:59.561376+0800 ERROR finish command M154 S1
2025-04-08T14:40:03.440732+0800 ERROR SENT: M105
2025-04-08T14:40:03.440732+0800 ERROR write command M105
2025-04-08T14:40:03.440732+0800 ERROR second command M105
2025-04-08T14:40:03.440732+0800 ERROR finish command M105
2025-04-08T14:40:03.440732+0800 ERROR SENT: G250 S21
2025-04-08T14:40:03.441733+0800 ERROR write command G250 S21
2025-04-08T14:40:03.441733+0800 ERROR second command G250 S21
2025-04-08T14:40:03.441733+0800 ERROR finish command G250 S21
2025-04-08T14:40:03.441733+0800 ERROR SENT: G250 S800
2025-04-08T14:40:03.441733+0800 ERROR write command G250 S800
2025-04-08T14:40:03.441733+0800 ERROR second command G250 S800
2025-04-08T14:40:03.441733+0800 ERROR finish command G250 S800
2025-04-08T14:40:03.441733+0800 ERROR SENT: M154 S1
2025-04-08T14:40:03.442733+0800 ERROR write command M154 S1
2025-04-08T14:40:03.442733+0800 ERROR second command M154 S1
2025-04-08T14:40:03.442733+0800 ERROR finish command M154 S1
2025-04-08T14:40:07.337682+0800 ERROR SENT: M105
2025-04-08T14:40:07.337682+0800 ERROR write command M105
2025-04-08T14:40:07.338600+0800 ERROR second command M105
2025-04-08T14:40:07.338600+0800 ERROR finish command M105
2025-04-08T14:40:07.338600+0800 ERROR SENT: G250 S21
2025-04-08T14:40:07.338600+0800 ERROR write command G250 S21
2025-04-08T14:40:07.338600+0800 ERROR second command G250 S21
2025-04-08T14:40:07.338600+0800 ERROR finish command G250 S21
2025-04-08T14:40:07.338600+0800 ERROR SENT: G250 S800
2025-04-08T14:40:07.339602+0800 ERROR write command G250 S800
2025-04-08T14:40:07.339602+0800 ERROR second command G250 S800
2025-04-08T14:40:07.339602+0800 ERROR finish command G250 S800
2025-04-08T14:40:07.339602+0800 ERROR SENT: M154 S1
2025-04-08T14:40:07.339602+0800 ERROR write command M154 S1
2025-04-08T14:40:07.339602+0800 ERROR second command M154 S1
2025-04-08T14:40:07.339602+0800 ERROR finish command M154 S1
2025-04-08T14:40:11.277364+0800 ERROR SENT: M105
2025-04-08T14:40:11.278364+0800 ERROR write command M105
2025-04-08T14:40:11.278364+0800 ERROR second command M105
2025-04-08T14:40:11.278364+0800 ERROR finish command M105
2025-04-08T14:40:11.278364+0800 ERROR SENT: G250 S21
2025-04-08T14:40:11.279365+0800 ERROR write command G250 S21
2025-04-08T14:40:11.279365+0800 ERROR second command G250 S21
2025-04-08T14:40:11.279365+0800 ERROR finish command G250 S21
2025-04-08T14:40:11.279365+0800 ERROR SENT: G250 S800
2025-04-08T14:40:11.279365+0800 ERROR write command G250 S800
2025-04-08T14:40:11.279365+0800 ERROR second command G250 S800
2025-04-08T14:40:11.279365+0800 ERROR finish command G250 S800
2025-04-08T14:40:11.279365+0800 ERROR SENT: M154 S1
2025-04-08T14:40:11.280364+0800 ERROR write command M154 S1
2025-04-08T14:40:11.280364+0800 ERROR second command M154 S1
2025-04-08T14:40:11.280364+0800 ERROR finish command M154 S1
2025-04-08T14:40:15.237354+0800 ERROR SENT: M105
2025-04-08T14:40:15.237354+0800 ERROR write command M105
2025-04-08T14:40:15.237354+0800 ERROR second command M105
2025-04-08T14:40:15.237354+0800 ERROR finish command M105
2025-04-08T14:40:15.238356+0800 ERROR SENT: G250 S21
2025-04-08T14:40:15.238356+0800 ERROR write command G250 S21
2025-04-08T14:40:15.238356+0800 ERROR second command G250 S21
2025-04-08T14:40:15.238356+0800 ERROR finish command G250 S21
2025-04-08T14:40:15.238356+0800 ERROR SENT: G250 S800
2025-04-08T14:40:15.238356+0800 ERROR write command G250 S800
2025-04-08T14:40:15.239354+0800 ERROR second command G250 S800
2025-04-08T14:40:15.239354+0800 ERROR finish command G250 S800
2025-04-08T14:40:15.239354+0800 ERROR SENT: M154 S1
2025-04-08T14:40:15.239354+0800 ERROR write command M154 S1
2025-04-08T14:40:15.239354+0800 ERROR second command M154 S1
2025-04-08T14:40:15.240354+0800 ERROR finish command M154 S1
2025-04-08T14:40:19.149642+0800 ERROR SENT: M105
2025-04-08T14:40:19.149642+0800 ERROR write command M105
2025-04-08T14:40:19.150534+0800 ERROR second command M105
2025-04-08T14:40:19.150534+0800 ERROR finish command M105
2025-04-08T14:40:19.150534+0800 ERROR SENT: G250 S21
2025-04-08T14:40:19.150534+0800 ERROR write command G250 S21
2025-04-08T14:40:19.150534+0800 ERROR second command G250 S21
2025-04-08T14:40:19.150534+0800 ERROR finish command G250 S21
2025-04-08T14:40:19.150534+0800 ERROR SENT: G250 S800
2025-04-08T14:40:19.150534+0800 ERROR write command G250 S800
2025-04-08T14:40:19.150534+0800 ERROR second command G250 S800
2025-04-08T14:40:19.150534+0800 ERROR finish command G250 S800
2025-04-08T14:40:19.151535+0800 ERROR SENT: M154 S1
2025-04-08T14:40:19.151535+0800 ERROR write command M154 S1
2025-04-08T14:40:19.151535+0800 ERROR second command M154 S1
2025-04-08T14:40:19.151535+0800 ERROR finish command M154 S1
2025-04-08T14:40:23.066746+0800 ERROR SENT: M105
2025-04-08T14:40:23.066746+0800 ERROR write command M105
2025-04-08T14:40:23.066746+0800 ERROR second command M105
2025-04-08T14:40:23.066746+0800 ERROR finish command M105
2025-04-08T14:40:23.066746+0800 ERROR SENT: G250 S21
2025-04-08T14:40:23.067746+0800 ERROR write command G250 S21
2025-04-08T14:40:23.067746+0800 ERROR second command G250 S21
2025-04-08T14:40:23.067746+0800 ERROR finish command G250 S21
2025-04-08T14:40:23.067746+0800 ERROR SENT: G250 S800
2025-04-08T14:40:23.067746+0800 ERROR write command G250 S800
2025-04-08T14:40:23.067746+0800 ERROR second command G250 S800
2025-04-08T14:40:23.067746+0800 ERROR finish command G250 S800
2025-04-08T14:40:23.067746+0800 ERROR SENT: M154 S1
2025-04-08T14:40:23.068747+0800 ERROR write command M154 S1
2025-04-08T14:40:23.068747+0800 ERROR second command M154 S1
2025-04-08T14:40:23.068747+0800 ERROR finish command M154 S1
2025-04-08T14:40:26.995582+0800 ERROR SENT: M105
2025-04-08T14:40:26.995582+0800 ERROR write command M105
2025-04-08T14:40:26.995582+0800 ERROR second command M105
2025-04-08T14:40:26.995582+0800 ERROR finish command M105
2025-04-08T14:40:26.996488+0800 ERROR SENT: G250 S21
2025-04-08T14:40:26.996488+0800 ERROR write command G250 S21
2025-04-08T14:40:26.996488+0800 ERROR second command G250 S21
2025-04-08T14:40:26.996488+0800 ERROR finish command G250 S21
2025-04-08T14:40:26.996488+0800 ERROR SENT: G250 S800
2025-04-08T14:40:26.997489+0800 ERROR write command G250 S800
2025-04-08T14:40:26.997489+0800 ERROR second command G250 S800
2025-04-08T14:40:26.997489+0800 ERROR finish command G250 S800
2025-04-08T14:40:26.997489+0800 ERROR SENT: M154 S1
2025-04-08T14:40:26.997489+0800 ERROR write command M154 S1
2025-04-08T14:40:26.997489+0800 ERROR second command M154 S1
2025-04-08T14:40:26.998490+0800 ERROR finish command M154 S1
2025-04-08T14:40:30.909351+0800 ERROR SENT: M105
2025-04-08T14:40:30.909351+0800 ERROR write command M105
2025-04-08T14:40:30.909351+0800 ERROR second command M105
2025-04-08T14:40:30.909351+0800 ERROR finish command M105
2025-04-08T14:40:30.910281+0800 ERROR SENT: G250 S21
2025-04-08T14:40:30.910281+0800 ERROR write command G250 S21
2025-04-08T14:40:30.910281+0800 ERROR second command G250 S21
2025-04-08T14:40:30.910281+0800 ERROR finish command G250 S21
2025-04-08T14:40:30.910281+0800 ERROR SENT: G250 S800
2025-04-08T14:40:30.910281+0800 ERROR write command G250 S800
2025-04-08T14:40:30.910281+0800 ERROR second command G250 S800
2025-04-08T14:40:30.910281+0800 ERROR finish command G250 S800
2025-04-08T14:40:30.911281+0800 ERROR SENT: M154 S1
2025-04-08T14:40:30.911281+0800 ERROR write command M154 S1
2025-04-08T14:40:30.911281+0800 ERROR second command M154 S1
2025-04-08T14:40:30.911281+0800 ERROR finish command M154 S1
2025-04-08T14:40:34.824136+0800 ERROR SENT: M105
2025-04-08T14:40:34.824136+0800 ERROR write command M105
2025-04-08T14:40:34.824136+0800 ERROR second command M105
2025-04-08T14:40:34.825048+0800 ERROR finish command M105
2025-04-08T14:40:34.825048+0800 ERROR SENT: G250 S21
2025-04-08T14:40:34.825048+0800 ERROR write command G250 S21
2025-04-08T14:40:34.825048+0800 ERROR second command G250 S21
2025-04-08T14:40:34.825048+0800 ERROR finish command G250 S21
2025-04-08T14:40:34.826052+0800 ERROR SENT: G250 S800
2025-04-08T14:40:34.826052+0800 ERROR write command G250 S800
2025-04-08T14:40:34.827060+0800 ERROR second command G250 S800
2025-04-08T14:40:34.827060+0800 ERROR finish command G250 S800
2025-04-08T14:40:34.827060+0800 ERROR SENT: M154 S1
2025-04-08T14:40:34.827060+0800 ERROR write command M154 S1
2025-04-08T14:40:34.827060+0800 ERROR second command M154 S1
2025-04-08T14:40:34.827060+0800 ERROR finish command M154 S1
2025-04-08T14:40:38.733839+0800 ERROR SENT: M105
2025-04-08T14:40:38.733839+0800 ERROR write command M105
2025-04-08T14:40:38.733839+0800 ERROR second command M105
2025-04-08T14:40:38.733839+0800 ERROR finish command M105
2025-04-08T14:40:38.734737+0800 ERROR SENT: G250 S21
2025-04-08T14:40:38.734737+0800 ERROR write command G250 S21
2025-04-08T14:40:38.734737+0800 ERROR second command G250 S21
2025-04-08T14:40:38.734737+0800 ERROR finish command G250 S21
2025-04-08T14:40:38.734737+0800 ERROR SENT: G250 S800
2025-04-08T14:40:38.734737+0800 ERROR write command G250 S800
2025-04-08T14:40:38.734737+0800 ERROR second command G250 S800
2025-04-08T14:40:38.734737+0800 ERROR finish command G250 S800
2025-04-08T14:40:38.734737+0800 ERROR SENT: M154 S1
2025-04-08T14:40:38.734737+0800 ERROR write command M154 S1
2025-04-08T14:40:38.735814+0800 ERROR second command M154 S1
2025-04-08T14:40:38.735814+0800 ERROR finish command M154 S1
2025-04-08T14:40:42.665646+0800 ERROR SENT: M105
2025-04-08T14:40:42.665646+0800 ERROR write command M105
2025-04-08T14:40:42.665646+0800 ERROR second command M105
2025-04-08T14:40:42.666645+0800 ERROR finish command M105
2025-04-08T14:40:42.666645+0800 ERROR SENT: G250 S21
2025-04-08T14:40:42.666645+0800 ERROR write command G250 S21
2025-04-08T14:40:42.666645+0800 ERROR second command G250 S21
2025-04-08T14:40:42.666645+0800 ERROR finish command G250 S21
2025-04-08T14:40:42.666645+0800 ERROR SENT: G250 S800
2025-04-08T14:40:42.666645+0800 ERROR write command G250 S800
2025-04-08T14:40:42.666645+0800 ERROR second command G250 S800
2025-04-08T14:40:42.667646+0800 ERROR finish command G250 S800
2025-04-08T14:40:42.667646+0800 ERROR SENT: M154 S1
2025-04-08T14:40:42.667646+0800 ERROR write command M154 S1
2025-04-08T14:40:42.667646+0800 ERROR second command M154 S1
2025-04-08T14:40:42.667646+0800 ERROR finish command M154 S1
2025-04-08T14:40:46.549503+0800 ERROR SENT: M105
2025-04-08T14:40:46.549503+0800 ERROR write command M105
2025-04-08T14:40:46.549503+0800 ERROR second command M105
2025-04-08T14:40:46.549503+0800 ERROR finish command M105
2025-04-08T14:40:46.550504+0800 ERROR SENT: G250 S21
2025-04-08T14:40:46.550504+0800 ERROR write command G250 S21
2025-04-08T14:40:46.550504+0800 ERROR second command G250 S21
2025-04-08T14:40:46.550504+0800 ERROR finish command G250 S21
2025-04-08T14:40:46.550504+0800 ERROR SENT: G250 S800
2025-04-08T14:40:46.550504+0800 ERROR write command G250 S800
2025-04-08T14:40:46.550504+0800 ERROR second command G250 S800
2025-04-08T14:40:46.550504+0800 ERROR finish command G250 S800
2025-04-08T14:40:46.551503+0800 ERROR SENT: M154 S1
2025-04-08T14:40:46.551503+0800 ERROR write command M154 S1
2025-04-08T14:40:46.551503+0800 ERROR second command M154 S1
2025-04-08T14:40:46.551503+0800 ERROR finish command M154 S1
2025-04-08T14:40:50.470059+0800 ERROR SENT: M105
2025-04-08T14:40:50.470059+0800 ERROR write command M105
2025-04-08T14:40:50.470059+0800 ERROR second command M105
2025-04-08T14:40:50.471058+0800 ERROR finish command M105
2025-04-08T14:40:50.471058+0800 ERROR SENT: G250 S21
2025-04-08T14:40:50.471058+0800 ERROR write command G250 S21
2025-04-08T14:40:50.471058+0800 ERROR second command G250 S21
2025-04-08T14:40:50.471058+0800 ERROR finish command G250 S21
2025-04-08T14:40:50.471058+0800 ERROR SENT: G250 S800
2025-04-08T14:40:50.472061+0800 ERROR write command G250 S800
2025-04-08T14:40:50.472061+0800 ERROR second command G250 S800
2025-04-08T14:40:50.472061+0800 ERROR finish command G250 S800
2025-04-08T14:40:50.472061+0800 ERROR SENT: M154 S1
2025-04-08T14:40:50.472061+0800 ERROR write command M154 S1
2025-04-08T14:40:50.472061+0800 ERROR second command M154 S1
2025-04-08T14:40:50.472061+0800 ERROR finish command M154 S1
2025-04-08T14:40:54.412922+0800 ERROR SENT: M105
2025-04-08T14:40:54.412922+0800 ERROR write command M105
2025-04-08T14:40:54.412922+0800 ERROR second command M105
2025-04-08T14:40:54.412922+0800 ERROR finish command M105
2025-04-08T14:40:54.412922+0800 ERROR SENT: G250 S21
2025-04-08T14:40:54.413915+0800 ERROR write command G250 S21
2025-04-08T14:40:54.413915+0800 ERROR second command G250 S21
2025-04-08T14:40:54.413915+0800 ERROR finish command G250 S21
2025-04-08T14:40:54.413915+0800 ERROR SENT: G250 S800
2025-04-08T14:40:54.413915+0800 ERROR write command G250 S800
2025-04-08T14:40:54.414914+0800 ERROR second command G250 S800
2025-04-08T14:40:54.414914+0800 ERROR finish command G250 S800
2025-04-08T14:40:54.414914+0800 ERROR SENT: M154 S1
2025-04-08T14:40:54.414914+0800 ERROR write command M154 S1
2025-04-08T14:40:54.414914+0800 ERROR second command M154 S1
2025-04-08T14:40:54.415916+0800 ERROR finish command M154 S1
2025-04-08T14:40:58.300282+0800 ERROR SENT: M105
2025-04-08T14:40:58.300282+0800 ERROR write command M105
2025-04-08T14:40:58.300282+0800 ERROR second command M105
2025-04-08T14:40:58.300282+0800 ERROR finish command M105
2025-04-08T14:40:58.300282+0800 ERROR SENT: G250 S21
2025-04-08T14:40:58.300282+0800 ERROR write command G250 S21
2025-04-08T14:40:58.300282+0800 ERROR second command G250 S21
2025-04-08T14:40:58.300282+0800 ERROR finish command G250 S21
2025-04-08T14:40:58.300282+0800 ERROR SENT: G250 S800
2025-04-08T14:40:58.301283+0800 ERROR write command G250 S800
2025-04-08T14:40:58.301283+0800 ERROR second command G250 S800
2025-04-08T14:40:58.301283+0800 ERROR finish command G250 S800
2025-04-08T14:40:58.301283+0800 ERROR SENT: M154 S1
2025-04-08T14:40:58.301283+0800 ERROR write command M154 S1
2025-04-08T14:40:58.301283+0800 ERROR second command M154 S1
2025-04-08T14:40:58.301283+0800 ERROR finish command M154 S1
2025-04-08T14:41:02.221531+0800 ERROR SENT: M105
2025-04-08T14:41:02.221531+0800 ERROR write command M105
2025-04-08T14:41:02.221531+0800 ERROR second command M105
2025-04-08T14:41:02.221531+0800 ERROR finish command M105
2025-04-08T14:41:02.221531+0800 ERROR SENT: G250 S21
2025-04-08T14:41:02.221531+0800 ERROR write command G250 S21
2025-04-08T14:41:02.222540+0800 ERROR second command G250 S21
2025-04-08T14:41:02.222540+0800 ERROR finish command G250 S21
2025-04-08T14:41:02.222540+0800 ERROR SENT: G250 S800
2025-04-08T14:41:02.222540+0800 ERROR write command G250 S800
2025-04-08T14:41:02.222540+0800 ERROR second command G250 S800
2025-04-08T14:41:02.222540+0800 ERROR finish command G250 S800
2025-04-08T14:41:02.222540+0800 ERROR SENT: M154 S1
2025-04-08T14:41:02.223540+0800 ERROR write command M154 S1
2025-04-08T14:41:02.223540+0800 ERROR second command M154 S1
2025-04-08T14:41:02.223540+0800 ERROR finish command M154 S1
2025-04-08T14:41:06.157362+0800 ERROR SENT: M105
2025-04-08T14:41:06.157362+0800 ERROR write command M105
2025-04-08T14:41:06.157362+0800 ERROR second command M105
2025-04-08T14:41:06.157362+0800 ERROR finish command M105
2025-04-08T14:41:06.158363+0800 ERROR SENT: G250 S21
2025-04-08T14:41:06.158363+0800 ERROR write command G250 S21
2025-04-08T14:41:06.158363+0800 ERROR second command G250 S21
2025-04-08T14:41:06.158363+0800 ERROR finish command G250 S21
2025-04-08T14:41:06.158363+0800 ERROR SENT: G250 S800
2025-04-08T14:41:06.158363+0800 ERROR write command G250 S800
2025-04-08T14:41:06.159363+0800 ERROR second command G250 S800
2025-04-08T14:41:06.159363+0800 ERROR finish command G250 S800
2025-04-08T14:41:06.159363+0800 ERROR SENT: M154 S1
2025-04-08T14:41:06.159363+0800 ERROR write command M154 S1
2025-04-08T14:41:06.159363+0800 ERROR second command M154 S1
2025-04-08T14:41:06.160362+0800 ERROR finish command M154 S1
2025-04-08T14:41:10.101228+0800 ERROR SENT: M105
2025-04-08T14:41:10.101228+0800 ERROR write command M105
2025-04-08T14:41:10.101228+0800 ERROR second command M105
2025-04-08T14:41:10.101228+0800 ERROR finish command M105
2025-04-08T14:41:10.102234+0800 ERROR SENT: G250 S21
2025-04-08T14:41:10.102234+0800 ERROR write command G250 S21
2025-04-08T14:41:10.102234+0800 ERROR second command G250 S21
2025-04-08T14:41:10.102234+0800 ERROR finish command G250 S21
2025-04-08T14:41:10.102234+0800 ERROR SENT: G250 S800
2025-04-08T14:41:10.102234+0800 ERROR write command G250 S800
2025-04-08T14:41:10.102234+0800 ERROR second command G250 S800
2025-04-08T14:41:10.103235+0800 ERROR finish command G250 S800
2025-04-08T14:41:10.103235+0800 ERROR SENT: M154 S1
2025-04-08T14:41:10.103235+0800 ERROR write command M154 S1
2025-04-08T14:41:10.103235+0800 ERROR second command M154 S1
2025-04-08T14:41:10.103235+0800 ERROR finish command M154 S1
2025-04-08T14:41:14.025419+0800 ERROR SENT: M105
2025-04-08T14:41:14.025419+0800 ERROR write command M105
2025-04-08T14:41:14.025419+0800 ERROR second command M105
2025-04-08T14:41:14.025419+0800 ERROR finish command M105
2025-04-08T14:41:14.026419+0800 ERROR SENT: G250 S21
2025-04-08T14:41:14.026419+0800 ERROR write command G250 S21
2025-04-08T14:41:14.026419+0800 ERROR second command G250 S21
2025-04-08T14:41:14.026419+0800 ERROR finish command G250 S21
2025-04-08T14:41:14.026419+0800 ERROR SENT: G250 S800
2025-04-08T14:41:14.026419+0800 ERROR write command G250 S800
2025-04-08T14:41:14.027800+0800 ERROR second command G250 S800
2025-04-08T14:41:14.027800+0800 ERROR finish command G250 S800
2025-04-08T14:41:14.027800+0800 ERROR SENT: M154 S1
2025-04-08T14:41:14.027800+0800 ERROR write command M154 S1
2025-04-08T14:41:14.027800+0800 ERROR second command M154 S1
2025-04-08T14:41:14.027800+0800 ERROR finish command M154 S1
2025-04-08T14:41:17.954298+0800 ERROR SENT: M105
2025-04-08T14:41:17.954298+0800 ERROR write command M105
2025-04-08T14:41:17.955308+0800 ERROR second command M105
2025-04-08T14:41:17.955308+0800 ERROR finish command M105
2025-04-08T14:41:17.955308+0800 ERROR SENT: G250 S21
2025-04-08T14:41:17.955308+0800 ERROR write command G250 S21
2025-04-08T14:41:17.955308+0800 ERROR second command G250 S21
2025-04-08T14:41:17.956307+0800 ERROR finish command G250 S21
2025-04-08T14:41:17.956307+0800 ERROR SENT: G250 S800
2025-04-08T14:41:17.956307+0800 ERROR write command G250 S800
2025-04-08T14:41:17.956307+0800 ERROR second command G250 S800
2025-04-08T14:41:17.956307+0800 ERROR finish command G250 S800
2025-04-08T14:41:17.956307+0800 ERROR SENT: M154 S1
2025-04-08T14:41:17.957307+0800 ERROR write command M154 S1
2025-04-08T14:41:17.957307+0800 ERROR second command M154 S1
2025-04-08T14:41:17.957307+0800 ERROR finish command M154 S1
2025-04-08T14:41:21.850260+0800 ERROR SENT: M105
2025-04-08T14:41:21.850260+0800 ERROR write command M105
2025-04-08T14:41:21.850260+0800 ERROR second command M105
2025-04-08T14:41:21.850260+0800 ERROR finish command M105
2025-04-08T14:41:21.850260+0800 ERROR SENT: G250 S21
2025-04-08T14:41:21.850260+0800 ERROR write command G250 S21
2025-04-08T14:41:21.850260+0800 ERROR second command G250 S21
2025-04-08T14:41:21.851259+0800 ERROR finish command G250 S21
2025-04-08T14:41:21.851259+0800 ERROR SENT: G250 S800
2025-04-08T14:41:21.851259+0800 ERROR write command G250 S800
2025-04-08T14:41:21.851259+0800 ERROR second command G250 S800
2025-04-08T14:41:21.851259+0800 ERROR finish command G250 S800
2025-04-08T14:41:21.851259+0800 ERROR SENT: M154 S1
2025-04-08T14:41:21.851259+0800 ERROR write command M154 S1
2025-04-08T14:41:21.851259+0800 ERROR second command M154 S1
2025-04-08T14:41:21.852259+0800 ERROR finish command M154 S1
2025-04-08T14:41:25.788448+0800 ERROR SENT: M105
2025-04-08T14:41:25.789115+0800 ERROR write command M105
2025-04-08T14:41:25.789621+0800 ERROR second command M105
2025-04-08T14:41:25.790631+0800 ERROR finish command M105
2025-04-08T14:41:25.790631+0800 ERROR SENT: G250 S21
2025-04-08T14:41:25.791625+0800 ERROR write command G250 S21
2025-04-08T14:41:25.791625+0800 ERROR second command G250 S21
2025-04-08T14:41:25.792625+0800 ERROR finish command G250 S21
2025-04-08T14:41:25.792625+0800 ERROR SENT: G250 S800
2025-04-08T14:41:25.792625+0800 ERROR write command G250 S800
2025-04-08T14:41:25.792625+0800 ERROR second command G250 S800
2025-04-08T14:41:25.792625+0800 ERROR finish command G250 S800
2025-04-08T14:41:25.792625+0800 ERROR SENT: M154 S1
2025-04-08T14:41:25.792625+0800 ERROR write command M154 S1
2025-04-08T14:41:25.793626+0800 ERROR second command M154 S1
2025-04-08T14:41:25.793626+0800 ERROR finish command M154 S1
2025-04-08T14:41:29.705855+0800 ERROR SENT: M105
2025-04-08T14:41:29.705855+0800 ERROR write command M105
2025-04-08T14:41:29.705855+0800 ERROR second command M105
2025-04-08T14:41:29.705855+0800 ERROR finish command M105
2025-04-08T14:41:29.705855+0800 ERROR SENT: G250 S21
2025-04-08T14:41:29.706855+0800 ERROR write command G250 S21
2025-04-08T14:41:29.706855+0800 ERROR second command G250 S21
2025-04-08T14:41:29.706855+0800 ERROR finish command G250 S21
2025-04-08T14:41:29.706855+0800 ERROR SENT: G250 S800
2025-04-08T14:41:29.706855+0800 ERROR write command G250 S800
2025-04-08T14:41:29.706855+0800 ERROR second command G250 S800
2025-04-08T14:41:29.706855+0800 ERROR finish command G250 S800
2025-04-08T14:41:29.706855+0800 ERROR SENT: M154 S1
2025-04-08T14:41:29.707855+0800 ERROR write command M154 S1
2025-04-08T14:41:29.707855+0800 ERROR second command M154 S1
2025-04-08T14:41:29.707855+0800 ERROR finish command M154 S1
2025-04-08T14:41:33.615798+0800 ERROR SENT: M105
2025-04-08T14:41:33.615798+0800 ERROR write command M105
2025-04-08T14:41:33.615798+0800 ERROR second command M105
2025-04-08T14:41:33.615798+0800 ERROR finish command M105
2025-04-08T14:41:33.616798+0800 ERROR SENT: G250 S21
2025-04-08T14:41:33.616798+0800 ERROR write command G250 S21
2025-04-08T14:41:33.616798+0800 ERROR second command G250 S21
2025-04-08T14:41:33.616798+0800 ERROR finish command G250 S21
2025-04-08T14:41:33.616798+0800 ERROR SENT: G250 S800
2025-04-08T14:41:33.617798+0800 ERROR write command G250 S800
2025-04-08T14:41:33.618802+0800 ERROR second command G250 S800
2025-04-08T14:41:33.618802+0800 ERROR finish command G250 S800
2025-04-08T14:41:33.619801+0800 ERROR SENT: M154 S1
2025-04-08T14:41:33.620803+0800 ERROR write command M154 S1
2025-04-08T14:41:33.620803+0800 ERROR second command M154 S1
2025-04-08T14:41:33.620803+0800 ERROR finish command M154 S1
