2025-04-07T09:05:58.229871+0800 INFO 设备已成功连接
2025-04-07T09:05:58.230871+0800 ERROR SENT: M105
2025-04-07T09:05:58.230871+0800 ERROR write command M105
2025-04-07T09:05:58.230871+0800 ERROR second command M105
2025-04-07T09:05:58.230871+0800 ERROR finish command M105
2025-04-07T09:05:58.230871+0800 ERROR SENT: G250 S21
2025-04-07T09:05:58.230871+0800 ERROR write command G250 S21
2025-04-07T09:05:58.230871+0800 ERROR second command G250 S21
2025-04-07T09:05:58.231882+0800 ERROR finish command G250 S21
2025-04-07T09:05:58.231882+0800 ERROR SENT: G250 S800
2025-04-07T09:05:58.231882+0800 ERROR write command G250 S800
2025-04-07T09:05:58.232871+0800 ERROR second command G250 S800
2025-04-07T09:05:58.232871+0800 ERROR finish command G250 S800
2025-04-07T09:05:58.232871+0800 ERROR SENT: M154 S1
2025-04-07T09:05:58.232871+0800 ERROR write command M154 S1
2025-04-07T09:05:58.233894+0800 ERROR second command M154 S1
2025-04-07T09:05:58.233894+0800 ERROR finish command M154 S1
2025-04-07T09:06:02.131073+0800 ERROR SENT: M105
2025-04-07T09:06:02.131073+0800 ERROR write command M105
2025-04-07T09:06:02.131073+0800 ERROR second command M105
2025-04-07T09:06:02.131073+0800 ERROR finish command M105
2025-04-07T09:06:02.131073+0800 ERROR SENT: G250 S21
2025-04-07T09:06:02.132072+0800 ERROR write command G250 S21
2025-04-07T09:06:02.132072+0800 ERROR second command G250 S21
2025-04-07T09:06:02.132072+0800 ERROR finish command G250 S21
2025-04-07T09:06:02.132072+0800 ERROR SENT: G250 S800
2025-04-07T09:06:02.132072+0800 ERROR write command G250 S800
2025-04-07T09:06:02.132072+0800 ERROR second command G250 S800
2025-04-07T09:06:02.132072+0800 ERROR finish command G250 S800
2025-04-07T09:06:02.132072+0800 ERROR SENT: M154 S1
2025-04-07T09:06:02.132072+0800 ERROR write command M154 S1
2025-04-07T09:06:02.133071+0800 ERROR second command M154 S1
2025-04-07T09:06:02.133071+0800 ERROR finish command M154 S1
2025-04-07T09:06:06.447903+0800 ERROR SENT: M105
2025-04-07T09:06:06.447903+0800 ERROR write command M105
2025-04-07T09:06:06.447903+0800 ERROR second command M105
2025-04-07T09:06:06.448800+0800 ERROR finish command M105
2025-04-07T09:06:06.448800+0800 ERROR SENT: G250 S21
2025-04-07T09:06:06.448800+0800 ERROR write command G250 S21
2025-04-07T09:06:06.448800+0800 ERROR second command G250 S21
2025-04-07T09:06:06.449798+0800 ERROR finish command G250 S21
2025-04-07T09:06:06.449798+0800 ERROR SENT: G250 S800
2025-04-07T09:06:06.449798+0800 ERROR write command G250 S800
2025-04-07T09:06:06.449798+0800 ERROR second command G250 S800
2025-04-07T09:06:06.449798+0800 ERROR finish command G250 S800
2025-04-07T09:06:06.449798+0800 ERROR SENT: M154 S1
2025-04-07T09:06:06.449798+0800 ERROR write command M154 S1
2025-04-07T09:06:06.449798+0800 ERROR second command M154 S1
2025-04-07T09:06:06.449798+0800 ERROR finish command M154 S1
2025-04-07T09:06:10.379159+0800 ERROR SENT: M105
2025-04-07T09:06:10.379419+0800 ERROR write command M105
2025-04-07T09:06:10.379419+0800 ERROR second command M105
2025-04-07T09:06:10.380182+0800 ERROR finish command M105
2025-04-07T09:06:10.380182+0800 ERROR SENT: G250 S21
2025-04-07T09:06:10.380182+0800 ERROR write command G250 S21
2025-04-07T09:06:10.380182+0800 ERROR second command G250 S21
2025-04-07T09:06:10.380182+0800 ERROR finish command G250 S21
2025-04-07T09:06:10.380182+0800 ERROR SENT: G250 S800
2025-04-07T09:06:10.380182+0800 ERROR write command G250 S800
2025-04-07T09:06:10.380182+0800 ERROR second command G250 S800
2025-04-07T09:06:10.380182+0800 ERROR finish command G250 S800
2025-04-07T09:06:10.381190+0800 ERROR SENT: M154 S1
2025-04-07T09:06:10.381190+0800 ERROR write command M154 S1
2025-04-07T09:06:10.381753+0800 ERROR second command M154 S1
2025-04-07T09:06:10.381753+0800 ERROR finish command M154 S1
2025-04-07T09:06:14.342924+0800 ERROR SENT: M105
2025-04-07T09:06:14.342924+0800 ERROR write command M105
2025-04-07T09:06:14.342924+0800 ERROR second command M105
2025-04-07T09:06:14.342924+0800 ERROR finish command M105
2025-04-07T09:06:14.342924+0800 ERROR SENT: G250 S21
2025-04-07T09:06:14.342924+0800 ERROR write command G250 S21
2025-04-07T09:06:14.343932+0800 ERROR second command G250 S21
2025-04-07T09:06:14.343932+0800 ERROR finish command G250 S21
2025-04-07T09:06:14.343932+0800 ERROR SENT: G250 S800
2025-04-07T09:06:14.343932+0800 ERROR write command G250 S800
2025-04-07T09:06:14.343932+0800 ERROR second command G250 S800
2025-04-07T09:06:14.343932+0800 ERROR finish command G250 S800
2025-04-07T09:06:14.343932+0800 ERROR SENT: M154 S1
2025-04-07T09:06:14.343932+0800 ERROR write command M154 S1
2025-04-07T09:06:14.344932+0800 ERROR second command M154 S1
2025-04-07T09:06:14.344932+0800 ERROR finish command M154 S1
2025-04-07T09:06:18.246907+0800 ERROR SENT: M105
2025-04-07T09:06:18.246907+0800 ERROR write command M105
2025-04-07T09:06:18.247907+0800 ERROR second command M105
2025-04-07T09:06:18.247907+0800 ERROR finish command M105
2025-04-07T09:06:18.247907+0800 ERROR SENT: G250 S21
2025-04-07T09:06:18.247907+0800 ERROR write command G250 S21
2025-04-07T09:06:18.247907+0800 ERROR second command G250 S21
2025-04-07T09:06:18.247907+0800 ERROR finish command G250 S21
2025-04-07T09:06:18.247907+0800 ERROR SENT: G250 S800
2025-04-07T09:06:18.247907+0800 ERROR write command G250 S800
2025-04-07T09:06:18.247907+0800 ERROR second command G250 S800
2025-04-07T09:06:18.248906+0800 ERROR finish command G250 S800
2025-04-07T09:06:18.264906+0800 ERROR SENT: M154 S1
2025-04-07T09:06:18.264906+0800 ERROR write command M154 S1
2025-04-07T09:06:18.264906+0800 ERROR second command M154 S1
2025-04-07T09:06:18.264906+0800 ERROR finish command M154 S1
2025-04-07T09:06:22.275175+0800 ERROR SENT: M105
2025-04-07T09:06:22.275175+0800 ERROR write command M105
2025-04-07T09:06:22.275175+0800 ERROR second command M105
2025-04-07T09:06:22.276175+0800 ERROR finish command M105
2025-04-07T09:06:22.276175+0800 ERROR SENT: G250 S21
2025-04-07T09:06:22.276175+0800 ERROR write command G250 S21
2025-04-07T09:06:22.276175+0800 ERROR second command G250 S21
2025-04-07T09:06:22.276175+0800 ERROR finish command G250 S21
2025-04-07T09:06:22.276175+0800 ERROR SENT: G250 S800
2025-04-07T09:06:22.276175+0800 ERROR write command G250 S800
2025-04-07T09:06:22.277175+0800 ERROR second command G250 S800
2025-04-07T09:06:22.277175+0800 ERROR finish command G250 S800
2025-04-07T09:06:22.277175+0800 ERROR SENT: M154 S1
2025-04-07T09:06:22.277175+0800 ERROR write command M154 S1
2025-04-07T09:06:22.277175+0800 ERROR second command M154 S1
2025-04-07T09:06:22.278176+0800 ERROR finish command M154 S1
2025-04-07T09:06:26.185933+0800 ERROR SENT: M105
2025-04-07T09:06:26.185933+0800 ERROR write command M105
2025-04-07T09:06:26.185933+0800 ERROR second command M105
2025-04-07T09:06:26.186941+0800 ERROR finish command M105
2025-04-07T09:06:26.186941+0800 ERROR SENT: G250 S21
2025-04-07T09:06:26.186941+0800 ERROR write command G250 S21
2025-04-07T09:06:26.186941+0800 ERROR second command G250 S21
2025-04-07T09:06:26.186941+0800 ERROR finish command G250 S21
2025-04-07T09:06:26.186941+0800 ERROR SENT: G250 S800
2025-04-07T09:06:26.187941+0800 ERROR write command G250 S800
2025-04-07T09:06:26.187941+0800 ERROR second command G250 S800
2025-04-07T09:06:26.187941+0800 ERROR finish command G250 S800
2025-04-07T09:06:26.187941+0800 ERROR SENT: M154 S1
2025-04-07T09:06:26.187941+0800 ERROR write command M154 S1
2025-04-07T09:06:26.187941+0800 ERROR second command M154 S1
2025-04-07T09:06:26.188941+0800 ERROR finish command M154 S1
2025-04-07T09:06:30.068565+0800 ERROR SENT: M105
2025-04-07T09:06:30.068565+0800 ERROR write command M105
2025-04-07T09:06:30.069567+0800 ERROR second command M105
2025-04-07T09:06:30.069567+0800 ERROR finish command M105
2025-04-07T09:06:30.069567+0800 ERROR SENT: G250 S21
2025-04-07T09:06:30.069567+0800 ERROR write command G250 S21
2025-04-07T09:06:30.069567+0800 ERROR second command G250 S21
2025-04-07T09:06:30.069567+0800 ERROR finish command G250 S21
2025-04-07T09:06:30.069567+0800 ERROR SENT: G250 S800
2025-04-07T09:06:30.070567+0800 ERROR write command G250 S800
2025-04-07T09:06:30.070567+0800 ERROR second command G250 S800
2025-04-07T09:06:30.070567+0800 ERROR finish command G250 S800
2025-04-07T09:06:30.070567+0800 ERROR SENT: M154 S1
2025-04-07T09:06:30.070567+0800 ERROR write command M154 S1
2025-04-07T09:06:30.070567+0800 ERROR second command M154 S1
2025-04-07T09:06:30.071566+0800 ERROR finish command M154 S1
2025-04-07T09:06:33.879571+0800 ERROR SENT: M105
2025-04-07T09:06:33.879571+0800 ERROR write command M105
2025-04-07T09:06:33.879571+0800 ERROR second command M105
2025-04-07T09:06:33.879571+0800 ERROR finish command M105
2025-04-07T09:06:33.879571+0800 ERROR SENT: G250 S21
2025-04-07T09:06:33.879571+0800 ERROR write command G250 S21
2025-04-07T09:06:33.880570+0800 ERROR second command G250 S21
2025-04-07T09:06:33.880570+0800 ERROR finish command G250 S21
2025-04-07T09:06:33.880570+0800 ERROR SENT: G250 S800
2025-04-07T09:06:33.880570+0800 ERROR write command G250 S800
2025-04-07T09:06:33.880570+0800 ERROR second command G250 S800
2025-04-07T09:06:33.881570+0800 ERROR finish command G250 S800
2025-04-07T09:06:33.881570+0800 ERROR SENT: M154 S1
2025-04-07T09:06:33.881570+0800 ERROR write command M154 S1
2025-04-07T09:06:33.881570+0800 ERROR second command M154 S1
2025-04-07T09:06:33.881570+0800 ERROR finish command M154 S1
2025-04-07T09:06:37.808912+0800 ERROR SENT: M105
2025-04-07T09:06:37.808912+0800 ERROR write command M105
2025-04-07T09:06:37.808912+0800 ERROR second command M105
2025-04-07T09:06:37.808912+0800 ERROR finish command M105
2025-04-07T09:06:37.809911+0800 ERROR SENT: G250 S21
2025-04-07T09:06:37.809911+0800 ERROR write command G250 S21
2025-04-07T09:06:37.809911+0800 ERROR second command G250 S21
2025-04-07T09:06:37.809911+0800 ERROR finish command G250 S21
2025-04-07T09:06:37.809911+0800 ERROR SENT: G250 S800
2025-04-07T09:06:37.809911+0800 ERROR write command G250 S800
2025-04-07T09:06:37.809911+0800 ERROR second command G250 S800
2025-04-07T09:06:37.809911+0800 ERROR finish command G250 S800
2025-04-07T09:06:37.809911+0800 ERROR SENT: M154 S1
2025-04-07T09:06:37.809911+0800 ERROR write command M154 S1
2025-04-07T09:06:37.810910+0800 ERROR second command M154 S1
2025-04-07T09:06:37.810910+0800 ERROR finish command M154 S1
2025-04-07T09:06:41.703726+0800 ERROR SENT: M105
2025-04-07T09:06:41.703726+0800 ERROR write command M105
2025-04-07T09:06:41.703726+0800 ERROR second command M105
2025-04-07T09:06:41.703726+0800 ERROR finish command M105
2025-04-07T09:06:41.703726+0800 ERROR SENT: G250 S21
2025-04-07T09:06:41.703726+0800 ERROR write command G250 S21
2025-04-07T09:06:41.704730+0800 ERROR second command G250 S21
2025-04-07T09:06:41.704730+0800 ERROR finish command G250 S21
2025-04-07T09:06:41.704730+0800 ERROR SENT: G250 S800
2025-04-07T09:06:41.704730+0800 ERROR write command G250 S800
2025-04-07T09:06:41.704730+0800 ERROR second command G250 S800
2025-04-07T09:06:41.704730+0800 ERROR finish command G250 S800
2025-04-07T09:06:41.704730+0800 ERROR SENT: M154 S1
2025-04-07T09:06:41.705730+0800 ERROR write command M154 S1
2025-04-07T09:06:41.705730+0800 ERROR second command M154 S1
2025-04-07T09:06:41.705730+0800 ERROR finish command M154 S1
2025-04-07T09:06:45.603649+0800 ERROR SENT: M105
2025-04-07T09:06:45.603649+0800 ERROR write command M105
2025-04-07T09:06:45.603649+0800 ERROR second command M105
2025-04-07T09:06:45.603649+0800 ERROR finish command M105
2025-04-07T09:06:45.603649+0800 ERROR SENT: G250 S21
2025-04-07T09:06:45.603649+0800 ERROR write command G250 S21
2025-04-07T09:06:45.603649+0800 ERROR second command G250 S21
2025-04-07T09:06:45.603649+0800 ERROR finish command G250 S21
2025-04-07T09:06:45.604569+0800 ERROR SENT: G250 S800
2025-04-07T09:06:45.604569+0800 ERROR write command G250 S800
2025-04-07T09:06:45.604569+0800 ERROR second command G250 S800
2025-04-07T09:06:45.604569+0800 ERROR finish command G250 S800
2025-04-07T09:06:45.604569+0800 ERROR SENT: M154 S1
2025-04-07T09:06:45.604569+0800 ERROR write command M154 S1
2025-04-07T09:06:45.604569+0800 ERROR second command M154 S1
2025-04-07T09:06:45.605569+0800 ERROR finish command M154 S1
2025-04-07T09:06:49.535200+0800 ERROR SENT: M105
2025-04-07T09:06:49.535200+0800 ERROR write command M105
2025-04-07T09:06:49.535200+0800 ERROR second command M105
2025-04-07T09:06:49.535200+0800 ERROR finish command M105
2025-04-07T09:06:49.536095+0800 ERROR SENT: G250 S21
2025-04-07T09:06:49.536095+0800 ERROR write command G250 S21
2025-04-07T09:06:49.536095+0800 ERROR second command G250 S21
2025-04-07T09:06:49.536095+0800 ERROR finish command G250 S21
2025-04-07T09:06:49.536095+0800 ERROR SENT: G250 S800
2025-04-07T09:06:49.536095+0800 ERROR write command G250 S800
2025-04-07T09:06:49.536095+0800 ERROR second command G250 S800
2025-04-07T09:06:49.536095+0800 ERROR finish command G250 S800
2025-04-07T09:06:49.536876+0800 ERROR SENT: M154 S1
2025-04-07T09:06:49.536876+0800 ERROR write command M154 S1
2025-04-07T09:06:49.536876+0800 ERROR second command M154 S1
2025-04-07T09:06:49.536876+0800 ERROR finish command M154 S1
2025-04-07T09:06:53.495170+0800 ERROR SENT: M105
2025-04-07T09:06:53.496171+0800 ERROR write command M105
2025-04-07T09:06:53.496171+0800 ERROR second command M105
2025-04-07T09:06:53.496171+0800 ERROR finish command M105
2025-04-07T09:06:53.496171+0800 ERROR SENT: G250 S21
2025-04-07T09:06:53.496171+0800 ERROR write command G250 S21
2025-04-07T09:06:53.497171+0800 ERROR second command G250 S21
2025-04-07T09:06:53.497171+0800 ERROR finish command G250 S21
2025-04-07T09:06:53.497171+0800 ERROR SENT: G250 S800
2025-04-07T09:06:53.497171+0800 ERROR write command G250 S800
2025-04-07T09:06:53.497171+0800 ERROR second command G250 S800
2025-04-07T09:06:53.497171+0800 ERROR finish command G250 S800
2025-04-07T09:06:53.497171+0800 ERROR SENT: M154 S1
2025-04-07T09:06:53.498170+0800 ERROR write command M154 S1
2025-04-07T09:06:53.498170+0800 ERROR second command M154 S1
2025-04-07T09:06:53.498170+0800 ERROR finish command M154 S1
2025-04-07T09:06:57.414370+0800 ERROR SENT: M105
2025-04-07T09:06:57.414370+0800 ERROR write command M105
2025-04-07T09:06:57.414370+0800 ERROR second command M105
2025-04-07T09:06:57.414370+0800 ERROR finish command M105
2025-04-07T09:06:57.414370+0800 ERROR SENT: G250 S21
2025-04-07T09:06:57.414370+0800 ERROR write command G250 S21
2025-04-07T09:06:57.415376+0800 ERROR second command G250 S21
2025-04-07T09:06:57.415376+0800 ERROR finish command G250 S21
2025-04-07T09:06:57.415376+0800 ERROR SENT: G250 S800
2025-04-07T09:06:57.415376+0800 ERROR write command G250 S800
2025-04-07T09:06:57.415376+0800 ERROR second command G250 S800
2025-04-07T09:06:57.415376+0800 ERROR finish command G250 S800
2025-04-07T09:06:57.415376+0800 ERROR SENT: M154 S1
2025-04-07T09:06:57.415376+0800 ERROR write command M154 S1
2025-04-07T09:06:57.416374+0800 ERROR second command M154 S1
2025-04-07T09:06:57.416374+0800 ERROR finish command M154 S1
2025-04-07T09:07:01.273225+0800 ERROR SENT: M105
2025-04-07T09:07:01.273225+0800 ERROR write command M105
2025-04-07T09:07:01.273225+0800 ERROR second command M105
2025-04-07T09:07:01.274157+0800 ERROR finish command M105
2025-04-07T09:07:01.274157+0800 ERROR SENT: G250 S21
2025-04-07T09:07:01.274157+0800 ERROR write command G250 S21
2025-04-07T09:07:01.274157+0800 ERROR second command G250 S21
2025-04-07T09:07:01.274157+0800 ERROR finish command G250 S21
2025-04-07T09:07:01.274157+0800 ERROR SENT: G250 S800
2025-04-07T09:07:01.274157+0800 ERROR write command G250 S800
2025-04-07T09:07:01.274157+0800 ERROR second command G250 S800
2025-04-07T09:07:01.274157+0800 ERROR finish command G250 S800
2025-04-07T09:07:01.275149+0800 ERROR SENT: M154 S1
2025-04-07T09:07:01.275149+0800 ERROR write command M154 S1
2025-04-07T09:07:01.275149+0800 ERROR second command M154 S1
2025-04-07T09:07:01.275149+0800 ERROR finish command M154 S1
2025-04-07T09:07:05.174611+0800 ERROR SENT: M105
2025-04-07T09:07:05.174611+0800 ERROR write command M105
2025-04-07T09:07:05.174611+0800 ERROR second command M105
2025-04-07T09:07:05.174611+0800 ERROR finish command M105
2025-04-07T09:07:05.174611+0800 ERROR SENT: G250 S21
2025-04-07T09:07:05.175611+0800 ERROR write command G250 S21
2025-04-07T09:07:05.175611+0800 ERROR second command G250 S21
2025-04-07T09:07:05.175611+0800 ERROR finish command G250 S21
2025-04-07T09:07:05.175611+0800 ERROR SENT: G250 S800
2025-04-07T09:07:05.175611+0800 ERROR write command G250 S800
2025-04-07T09:07:05.175611+0800 ERROR second command G250 S800
2025-04-07T09:07:05.175611+0800 ERROR finish command G250 S800
2025-04-07T09:07:05.176611+0800 ERROR SENT: M154 S1
2025-04-07T09:07:05.176611+0800 ERROR write command M154 S1
2025-04-07T09:07:05.176611+0800 ERROR second command M154 S1
2025-04-07T09:07:05.176611+0800 ERROR finish command M154 S1
2025-04-07T09:07:09.183838+0800 ERROR SENT: M105
2025-04-07T09:07:09.183838+0800 ERROR write command M105
2025-04-07T09:07:09.183838+0800 ERROR second command M105
2025-04-07T09:07:09.184837+0800 ERROR finish command M105
2025-04-07T09:07:09.184837+0800 ERROR SENT: G250 S21
2025-04-07T09:07:09.184837+0800 ERROR write command G250 S21
2025-04-07T09:07:09.184837+0800 ERROR second command G250 S21
2025-04-07T09:07:09.184837+0800 ERROR finish command G250 S21
2025-04-07T09:07:09.184837+0800 ERROR SENT: G250 S800
2025-04-07T09:07:09.185837+0800 ERROR write command G250 S800
2025-04-07T09:07:09.185837+0800 ERROR second command G250 S800
2025-04-07T09:07:09.185837+0800 ERROR finish command G250 S800
2025-04-07T09:07:09.185837+0800 ERROR SENT: M154 S1
2025-04-07T09:07:09.186838+0800 ERROR write command M154 S1
2025-04-07T09:07:09.186838+0800 ERROR second command M154 S1
2025-04-07T09:07:09.187838+0800 ERROR finish command M154 S1
2025-04-07T09:07:13.135478+0800 ERROR SENT: M105
2025-04-07T09:07:13.135478+0800 ERROR write command M105
2025-04-07T09:07:13.136361+0800 ERROR second command M105
2025-04-07T09:07:13.136361+0800 ERROR finish command M105
2025-04-07T09:07:13.136361+0800 ERROR SENT: G250 S21
2025-04-07T09:07:13.136361+0800 ERROR write command G250 S21
2025-04-07T09:07:13.136361+0800 ERROR second command G250 S21
2025-04-07T09:07:13.136361+0800 ERROR finish command G250 S21
2025-04-07T09:07:13.136361+0800 ERROR SENT: G250 S800
2025-04-07T09:07:13.136361+0800 ERROR write command G250 S800
2025-04-07T09:07:13.136361+0800 ERROR second command G250 S800
2025-04-07T09:07:13.136361+0800 ERROR finish command G250 S800
2025-04-07T09:07:13.137360+0800 ERROR SENT: M154 S1
2025-04-07T09:07:13.137360+0800 ERROR write command M154 S1
2025-04-07T09:07:13.137360+0800 ERROR second command M154 S1
2025-04-07T09:07:13.138359+0800 ERROR finish command M154 S1
2025-04-07T09:07:17.027774+0800 ERROR SENT: M105
2025-04-07T09:07:17.027774+0800 ERROR write command M105
2025-04-07T09:07:17.027774+0800 ERROR second command M105
2025-04-07T09:07:17.027774+0800 ERROR finish command M105
2025-04-07T09:07:17.027774+0800 ERROR SENT: G250 S21
2025-04-07T09:07:17.028776+0800 ERROR write command G250 S21
2025-04-07T09:07:17.028776+0800 ERROR second command G250 S21
2025-04-07T09:07:17.028776+0800 ERROR finish command G250 S21
2025-04-07T09:07:17.028776+0800 ERROR SENT: G250 S800
2025-04-07T09:07:17.028776+0800 ERROR write command G250 S800
2025-04-07T09:07:17.029774+0800 ERROR second command G250 S800
2025-04-07T09:07:17.029774+0800 ERROR finish command G250 S800
2025-04-07T09:07:17.029774+0800 ERROR SENT: M154 S1
2025-04-07T09:07:17.029774+0800 ERROR write command M154 S1
2025-04-07T09:07:17.029774+0800 ERROR second command M154 S1
2025-04-07T09:07:17.029774+0800 ERROR finish command M154 S1
2025-04-07T09:07:20.954933+0800 ERROR SENT: M105
2025-04-07T09:07:20.954933+0800 ERROR write command M105
2025-04-07T09:07:20.954933+0800 ERROR second command M105
2025-04-07T09:07:20.954933+0800 ERROR finish command M105
2025-04-07T09:07:20.954933+0800 ERROR SENT: G250 S21
2025-04-07T09:07:20.954933+0800 ERROR write command G250 S21
2025-04-07T09:07:20.955944+0800 ERROR second command G250 S21
2025-04-07T09:07:20.955944+0800 ERROR finish command G250 S21
2025-04-07T09:07:20.955944+0800 ERROR SENT: G250 S800
2025-04-07T09:07:20.955944+0800 ERROR write command G250 S800
2025-04-07T09:07:20.955944+0800 ERROR second command G250 S800
2025-04-07T09:07:20.955944+0800 ERROR finish command G250 S800
2025-04-07T09:07:20.956944+0800 ERROR SENT: M154 S1
2025-04-07T09:07:20.956944+0800 ERROR write command M154 S1
2025-04-07T09:07:20.956944+0800 ERROR second command M154 S1
2025-04-07T09:07:20.956944+0800 ERROR finish command M154 S1
2025-04-07T09:07:24.893206+0800 ERROR SENT: M105
2025-04-07T09:07:24.893206+0800 ERROR write command M105
2025-04-07T09:07:24.893206+0800 ERROR second command M105
2025-04-07T09:07:24.893206+0800 ERROR finish command M105
2025-04-07T09:07:24.893206+0800 ERROR SENT: G250 S21
2025-04-07T09:07:24.894207+0800 ERROR write command G250 S21
2025-04-07T09:07:24.894207+0800 ERROR second command G250 S21
2025-04-07T09:07:24.894207+0800 ERROR finish command G250 S21
2025-04-07T09:07:24.894207+0800 ERROR SENT: G250 S800
2025-04-07T09:07:24.894207+0800 ERROR write command G250 S800
2025-04-07T09:07:24.894207+0800 ERROR second command G250 S800
2025-04-07T09:07:24.894207+0800 ERROR finish command G250 S800
2025-04-07T09:07:24.894207+0800 ERROR SENT: M154 S1
2025-04-07T09:07:24.894207+0800 ERROR write command M154 S1
2025-04-07T09:07:24.894207+0800 ERROR second command M154 S1
2025-04-07T09:07:24.894207+0800 ERROR finish command M154 S1
2025-04-07T09:07:28.849232+0800 ERROR SENT: M105
2025-04-07T09:07:28.849232+0800 ERROR write command M105
2025-04-07T09:07:28.849232+0800 ERROR second command M105
2025-04-07T09:07:28.849232+0800 ERROR finish command M105
2025-04-07T09:07:28.849232+0800 ERROR SENT: G250 S21
2025-04-07T09:07:28.850240+0800 ERROR write command G250 S21
2025-04-07T09:07:28.850240+0800 ERROR second command G250 S21
2025-04-07T09:07:28.850240+0800 ERROR finish command G250 S21
2025-04-07T09:07:28.850240+0800 ERROR SENT: G250 S800
2025-04-07T09:07:28.850240+0800 ERROR write command G250 S800
2025-04-07T09:07:28.850240+0800 ERROR second command G250 S800
2025-04-07T09:07:28.850240+0800 ERROR finish command G250 S800
2025-04-07T09:07:28.850240+0800 ERROR SENT: M154 S1
2025-04-07T09:07:28.851240+0800 ERROR write command M154 S1
2025-04-07T09:07:28.851240+0800 ERROR second command M154 S1
2025-04-07T09:07:28.851240+0800 ERROR finish command M154 S1
2025-04-07T09:07:32.763836+0800 ERROR SENT: M105
2025-04-07T09:07:32.763836+0800 ERROR write command M105
2025-04-07T09:07:32.763836+0800 ERROR second command M105
2025-04-07T09:07:32.764836+0800 ERROR finish command M105
2025-04-07T09:07:32.764836+0800 ERROR SENT: G250 S21
2025-04-07T09:07:32.764836+0800 ERROR write command G250 S21
2025-04-07T09:07:32.764836+0800 ERROR second command G250 S21
2025-04-07T09:07:32.764836+0800 ERROR finish command G250 S21
2025-04-07T09:07:32.765835+0800 ERROR SENT: G250 S800
2025-04-07T09:07:32.765835+0800 ERROR write command G250 S800
2025-04-07T09:07:32.765835+0800 ERROR second command G250 S800
2025-04-07T09:07:32.765835+0800 ERROR finish command G250 S800
2025-04-07T09:07:32.766836+0800 ERROR SENT: M154 S1
2025-04-07T09:07:32.766836+0800 ERROR write command M154 S1
2025-04-07T09:07:32.767353+0800 ERROR second command M154 S1
2025-04-07T09:07:32.767353+0800 ERROR finish command M154 S1
2025-04-07T09:07:36.652655+0800 ERROR SENT: M105
2025-04-07T09:07:36.652655+0800 ERROR write command M105
2025-04-07T09:07:36.652655+0800 ERROR second command M105
2025-04-07T09:07:36.652655+0800 ERROR finish command M105
2025-04-07T09:07:36.652655+0800 ERROR SENT: G250 S21
2025-04-07T09:07:36.653653+0800 ERROR write command G250 S21
2025-04-07T09:07:36.653653+0800 ERROR second command G250 S21
2025-04-07T09:07:36.653653+0800 ERROR finish command G250 S21
2025-04-07T09:07:36.653653+0800 ERROR SENT: G250 S800
2025-04-07T09:07:36.653653+0800 ERROR write command G250 S800
2025-04-07T09:07:36.653653+0800 ERROR second command G250 S800
2025-04-07T09:07:36.654655+0800 ERROR finish command G250 S800
2025-04-07T09:07:36.654655+0800 ERROR SENT: M154 S1
2025-04-07T09:07:36.654655+0800 ERROR write command M154 S1
2025-04-07T09:07:36.654655+0800 ERROR second command M154 S1
2025-04-07T09:07:36.654655+0800 ERROR finish command M154 S1
