2025-04-07T09:52:10.787901+0800 INFO 设备已成功连接
2025-04-07T09:52:10.787901+0800 ERROR SENT: M105
2025-04-07T09:52:10.788893+0800 ERROR write command M105
2025-04-07T09:52:10.788893+0800 ERROR second command M105
2025-04-07T09:52:10.788893+0800 ERROR finish command M105
2025-04-07T09:52:10.788893+0800 ERROR SENT: G250 S21
2025-04-07T09:52:10.788893+0800 ERROR write command G250 S21
2025-04-07T09:52:10.788893+0800 ERROR second command G250 S21
2025-04-07T09:52:10.789893+0800 ERROR finish command G250 S21
2025-04-07T09:52:10.789893+0800 ERROR SENT: G250 S800
2025-04-07T09:52:10.789893+0800 ERROR write command G250 S800
2025-04-07T09:52:10.789893+0800 ERROR second command G250 S800
2025-04-07T09:52:10.789893+0800 ERROR finish command G250 S800
2025-04-07T09:52:10.789893+0800 ERROR SENT: M154 S1
2025-04-07T09:52:10.789893+0800 ERROR write command M154 S1
2025-04-07T09:52:10.790893+0800 ERROR second command M154 S1
2025-04-07T09:52:10.790893+0800 ERROR finish command M154 S1
2025-04-07T09:52:14.733415+0800 ERROR SENT: M105
2025-04-07T09:52:14.733415+0800 ERROR write command M105
2025-04-07T09:52:14.733415+0800 ERROR second command M105
2025-04-07T09:52:14.733415+0800 ERROR finish command M105
2025-04-07T09:52:14.733415+0800 ERROR SENT: G250 S21
2025-04-07T09:52:14.734344+0800 ERROR write command G250 S21
2025-04-07T09:52:14.734344+0800 ERROR second command G250 S21
2025-04-07T09:52:14.734344+0800 ERROR finish command G250 S21
2025-04-07T09:52:14.734344+0800 ERROR SENT: G250 S800
2025-04-07T09:52:14.734344+0800 ERROR write command G250 S800
2025-04-07T09:52:14.734344+0800 ERROR second command G250 S800
2025-04-07T09:52:14.734344+0800 ERROR finish command G250 S800
2025-04-07T09:52:14.734344+0800 ERROR SENT: M154 S1
2025-04-07T09:52:14.734344+0800 ERROR write command M154 S1
2025-04-07T09:52:14.735344+0800 ERROR second command M154 S1
2025-04-07T09:52:14.735344+0800 ERROR finish command M154 S1
2025-04-07T09:52:18.911414+0800 ERROR SENT: M105
2025-04-07T09:52:18.911414+0800 ERROR write command M105
2025-04-07T09:52:18.975416+0800 ERROR second command M105
2025-04-07T09:52:18.991407+0800 ERROR finish command M105
2025-04-07T09:52:18.991407+0800 ERROR SENT: G250 S21
2025-04-07T09:52:18.991407+0800 ERROR write command G250 S21
2025-04-07T09:52:19.007406+0800 ERROR second command G250 S21
2025-04-07T09:52:19.007406+0800 ERROR finish command G250 S21
2025-04-07T09:52:19.007406+0800 ERROR SENT: G250 S800
2025-04-07T09:52:19.007406+0800 ERROR write command G250 S800
2025-04-07T09:52:19.022494+0800 ERROR second command G250 S800
2025-04-07T09:52:19.022494+0800 ERROR finish command G250 S800
2025-04-07T09:52:19.022494+0800 ERROR SENT: M154 S1
2025-04-07T09:52:19.115405+0800 ERROR write command M154 S1
2025-04-07T09:52:19.236475+0800 ERROR second command M154 S1
2025-04-07T09:52:19.237407+0800 ERROR finish command M154 S1
2025-04-07T09:52:21.459410+0800 INFO L109 time:2025/04/07 09:52:21#./GCODE/100方块.gcode#
2025-04-07T09:52:21.460463+0800 INFO Not connected to printer.
2025-04-07T09:52:23.008507+0800 ERROR SENT: G250 S31
2025-04-07T09:52:23.009507+0800 ERROR write command G250 S31
2025-04-07T09:52:23.009507+0800 ERROR second command G250 S31
2025-04-07T09:52:23.009507+0800 ERROR finish command G250 S31
2025-04-07T09:52:23.009507+0800 INFO M257 S1
2025-04-07T09:52:23.010499+0800 INFO Not connected to printer.
2025-04-07T09:52:23.010499+0800 INFO L110 S81
2025-04-07T09:52:23.010499+0800 INFO Not connected to printer.
2025-04-07T09:52:23.063803+0800 ERROR SENT: M105
2025-04-07T09:52:23.063803+0800 ERROR write command M105
2025-04-07T09:52:23.063803+0800 ERROR second command M105
2025-04-07T09:52:23.063803+0800 ERROR finish command M105
2025-04-07T09:52:23.063803+0800 ERROR SENT: G250 S21
2025-04-07T09:52:23.063803+0800 ERROR write command G250 S21
2025-04-07T09:52:23.064803+0800 ERROR second command G250 S21
2025-04-07T09:52:23.064803+0800 ERROR finish command G250 S21
2025-04-07T09:52:23.064803+0800 ERROR SENT: G250 S800
2025-04-07T09:52:23.064803+0800 ERROR write command G250 S800
2025-04-07T09:52:23.064803+0800 ERROR second command G250 S800
2025-04-07T09:52:23.065804+0800 ERROR finish command G250 S800
2025-04-07T09:52:23.065804+0800 ERROR SENT: M154 S1
2025-04-07T09:52:23.065804+0800 ERROR write command M154 S1
2025-04-07T09:52:23.065804+0800 ERROR second command M154 S1
2025-04-07T09:52:23.066804+0800 ERROR finish command M154 S1
2025-04-07T09:52:26.963663+0800 ERROR SENT: M105
2025-04-07T09:52:26.963663+0800 ERROR write command M105
2025-04-07T09:52:26.963663+0800 ERROR second command M105
2025-04-07T09:52:26.964596+0800 ERROR finish command M105
2025-04-07T09:52:26.964596+0800 ERROR SENT: G250 S21
2025-04-07T09:52:26.964596+0800 ERROR write command G250 S21
2025-04-07T09:52:26.964596+0800 ERROR second command G250 S21
2025-04-07T09:52:26.964596+0800 ERROR finish command G250 S21
2025-04-07T09:52:26.964596+0800 ERROR SENT: G250 S800
2025-04-07T09:52:26.964596+0800 ERROR write command G250 S800
2025-04-07T09:52:26.965596+0800 ERROR second command G250 S800
2025-04-07T09:52:26.965596+0800 ERROR finish command G250 S800
2025-04-07T09:52:26.965596+0800 ERROR SENT: M154 S1
2025-04-07T09:52:26.965596+0800 ERROR write command M154 S1
2025-04-07T09:52:26.965596+0800 ERROR second command M154 S1
2025-04-07T09:52:26.966607+0800 ERROR finish command M154 S1
2025-04-07T09:52:30.909462+0800 ERROR SENT: M105
2025-04-07T09:52:30.909462+0800 ERROR write command M105
2025-04-07T09:52:30.909462+0800 ERROR second command M105
2025-04-07T09:52:30.909462+0800 ERROR finish command M105
2025-04-07T09:52:30.909462+0800 ERROR SENT: G250 S21
2025-04-07T09:52:30.909462+0800 ERROR write command G250 S21
2025-04-07T09:52:30.910471+0800 ERROR second command G250 S21
2025-04-07T09:52:30.910471+0800 ERROR finish command G250 S21
2025-04-07T09:52:30.910471+0800 ERROR SENT: G250 S800
2025-04-07T09:52:30.910471+0800 ERROR write command G250 S800
2025-04-07T09:52:30.910471+0800 ERROR second command G250 S800
2025-04-07T09:52:30.910471+0800 ERROR finish command G250 S800
2025-04-07T09:52:30.910471+0800 ERROR SENT: M154 S1
2025-04-07T09:52:30.911468+0800 ERROR write command M154 S1
2025-04-07T09:52:30.911468+0800 ERROR second command M154 S1
2025-04-07T09:52:30.911468+0800 ERROR finish command M154 S1
2025-04-07T09:52:34.804294+0800 ERROR SENT: M105
2025-04-07T09:52:34.804294+0800 ERROR write command M105
2025-04-07T09:52:34.804294+0800 ERROR second command M105
2025-04-07T09:52:34.804294+0800 ERROR finish command M105
2025-04-07T09:52:34.804294+0800 ERROR SENT: G250 S21
2025-04-07T09:52:34.804294+0800 ERROR write command G250 S21
2025-04-07T09:52:34.805237+0800 ERROR second command G250 S21
2025-04-07T09:52:34.805237+0800 ERROR finish command G250 S21
2025-04-07T09:52:34.805237+0800 ERROR SENT: G250 S800
2025-04-07T09:52:34.805237+0800 ERROR write command G250 S800
2025-04-07T09:52:34.805237+0800 ERROR second command G250 S800
2025-04-07T09:52:34.805237+0800 ERROR finish command G250 S800
2025-04-07T09:52:34.805237+0800 ERROR SENT: M154 S1
2025-04-07T09:52:34.806226+0800 ERROR write command M154 S1
2025-04-07T09:52:34.806226+0800 ERROR second command M154 S1
2025-04-07T09:52:34.806226+0800 ERROR finish command M154 S1
2025-04-07T09:52:38.718525+0800 ERROR SENT: M105
2025-04-07T09:52:38.718525+0800 ERROR write command M105
2025-04-07T09:52:38.718525+0800 ERROR second command M105
2025-04-07T09:52:38.718525+0800 ERROR finish command M105
2025-04-07T09:52:38.718525+0800 ERROR SENT: G250 S21
2025-04-07T09:52:38.718525+0800 ERROR write command G250 S21
2025-04-07T09:52:38.719526+0800 ERROR second command G250 S21
2025-04-07T09:52:38.719526+0800 ERROR finish command G250 S21
2025-04-07T09:52:38.719526+0800 ERROR SENT: G250 S800
2025-04-07T09:52:38.719526+0800 ERROR write command G250 S800
2025-04-07T09:52:38.719526+0800 ERROR second command G250 S800
2025-04-07T09:52:38.719526+0800 ERROR finish command G250 S800
2025-04-07T09:52:38.719526+0800 ERROR SENT: M154 S1
2025-04-07T09:52:38.720525+0800 ERROR write command M154 S1
2025-04-07T09:52:38.720525+0800 ERROR second command M154 S1
2025-04-07T09:52:38.720525+0800 ERROR finish command M154 S1
2025-04-07T09:52:42.633113+0800 ERROR SENT: M105
2025-04-07T09:52:42.633113+0800 ERROR write command M105
2025-04-07T09:52:42.633113+0800 ERROR second command M105
2025-04-07T09:52:42.633113+0800 ERROR finish command M105
2025-04-07T09:52:42.633113+0800 ERROR SENT: G250 S21
2025-04-07T09:52:42.634126+0800 ERROR write command G250 S21
2025-04-07T09:52:42.634126+0800 ERROR second command G250 S21
2025-04-07T09:52:42.634126+0800 ERROR finish command G250 S21
2025-04-07T09:52:42.634126+0800 ERROR SENT: G250 S800
2025-04-07T09:52:42.634126+0800 ERROR write command G250 S800
2025-04-07T09:52:42.635127+0800 ERROR second command G250 S800
2025-04-07T09:52:42.635127+0800 ERROR finish command G250 S800
2025-04-07T09:52:42.635127+0800 ERROR SENT: M154 S1
2025-04-07T09:52:42.635127+0800 ERROR write command M154 S1
2025-04-07T09:52:42.635127+0800 ERROR second command M154 S1
2025-04-07T09:52:42.635127+0800 ERROR finish command M154 S1
