2025-05-16T17:15:24.315824+0800 INFO G91
2025-05-16T17:15:24.315824+0800 INFO Not connected to printer.
2025-05-16T17:15:24.316822+0800 INFO L1 Y0.1 F3000
2025-05-16T17:15:24.316822+0800 INFO Not connected to printer.
2025-05-16T17:15:24.316822+0800 INFO G90
2025-05-16T17:15:24.316822+0800 INFO Not connected to printer.
2025-05-16T17:15:24.873157+0800 INFO G91
2025-05-16T17:15:24.874157+0800 INFO Not connected to printer.
2025-05-16T17:15:24.874157+0800 INFO L1 X-0.1 FFalse
2025-05-16T17:15:24.874157+0800 INFO Not connected to printer.
2025-05-16T17:15:24.874157+0800 INFO G90
2025-05-16T17:15:24.874157+0800 INFO Not connected to printer.
2025-05-16T17:15:25.160844+0800 INFO G91
2025-05-16T17:15:25.161852+0800 INFO Not connected to printer.
2025-05-16T17:15:25.161852+0800 INFO L1 X-0.1 FFalse
2025-05-16T17:15:25.161852+0800 INFO Not connected to printer.
2025-05-16T17:15:25.161852+0800 INFO G90
2025-05-16T17:15:25.161852+0800 INFO Not connected to printer.
2025-05-16T17:15:25.927776+0800 INFO G91
2025-05-16T17:15:25.928783+0800 INFO Not connected to printer.
2025-05-16T17:15:25.928783+0800 INFO L1 X0.1 F3000
2025-05-16T17:15:25.928783+0800 INFO Not connected to printer.
2025-05-16T17:15:25.928783+0800 INFO G90
2025-05-16T17:15:25.928783+0800 INFO Not connected to printer.
2025-05-16T17:15:32.808506+0800 INFO M290 Z-0.1
2025-05-16T17:15:32.808506+0800 INFO Not connected to printer.
2025-05-16T17:15:33.008590+0800 INFO M290 Z-0.1
2025-05-16T17:15:33.008590+0800 INFO Not connected to printer.
2025-05-16T17:15:33.728656+0800 INFO G91
2025-05-16T17:15:33.729656+0800 INFO Not connected to printer.
2025-05-16T17:15:33.729656+0800 INFO G28 X
2025-05-16T17:15:33.729656+0800 INFO Not connected to printer.
2025-05-16T17:15:33.729656+0800 INFO G90
2025-05-16T17:15:33.729656+0800 INFO Not connected to printer.
2025-05-16T17:15:34.760107+0800 INFO G91
2025-05-16T17:15:34.761109+0800 INFO Not connected to printer.
2025-05-16T17:15:34.761109+0800 INFO G28 Z
2025-05-16T17:15:34.761109+0800 INFO Not connected to printer.
2025-05-16T17:15:34.761109+0800 INFO G90
2025-05-16T17:15:34.761109+0800 INFO Not connected to printer.
2025-05-16T17:15:35.105233+0800 INFO G91
2025-05-16T17:15:35.105233+0800 INFO Not connected to printer.
2025-05-16T17:15:35.106234+0800 INFO G28
2025-05-16T17:15:35.106234+0800 INFO Not connected to printer.
2025-05-16T17:15:35.106234+0800 INFO G90
2025-05-16T17:15:35.106234+0800 INFO Not connected to printer.
2025-05-16T17:15:37.252143+0800 INFO G91
2025-05-16T17:15:37.252143+0800 INFO Not connected to printer.
2025-05-16T17:15:37.253142+0800 INFO L1 E-0.1 F400
2025-05-16T17:15:37.253142+0800 INFO Not connected to printer.
2025-05-16T17:15:37.253142+0800 INFO G90
2025-05-16T17:15:37.253142+0800 INFO Not connected to printer.
2025-05-16T17:15:40.225174+0800 INFO G91
2025-05-16T17:15:40.226173+0800 INFO Not connected to printer.
2025-05-16T17:15:40.226173+0800 INFO L1 X-0.1 FFalse
2025-05-16T17:15:40.226173+0800 INFO Not connected to printer.
2025-05-16T17:15:40.226173+0800 INFO G90
2025-05-16T17:15:40.227171+0800 INFO Not connected to printer.
