2025-04-06T22:10:05.350942+0800 INFO 设备已成功连接
2025-04-06T22:10:05.351942+0800 ERROR SENT: M105
2025-04-06T22:10:05.351942+0800 ERROR write command M105
2025-04-06T22:10:05.351942+0800 ERROR second command M105
2025-04-06T22:10:05.351942+0800 ERROR finish command M105
2025-04-06T22:10:05.351942+0800 ERROR SENT: G250 S21
2025-04-06T22:10:05.351942+0800 ERROR write command G250 S21
2025-04-06T22:10:05.352942+0800 ERROR second command G250 S21
2025-04-06T22:10:05.352942+0800 ERROR finish command G250 S21
2025-04-06T22:10:05.352942+0800 ERROR SENT: G250 S800
2025-04-06T22:10:05.352942+0800 ERROR write command G250 S800
2025-04-06T22:10:05.352942+0800 ERROR second command G250 S800
2025-04-06T22:10:05.352942+0800 ERROR finish command G250 S800
2025-04-06T22:10:05.352942+0800 ERROR SENT: M154 S1
2025-04-06T22:10:05.353942+0800 ERROR write command M154 S1
2025-04-06T22:10:05.354942+0800 ERROR second command M154 S1
2025-04-06T22:10:05.354942+0800 ERROR finish command M154 S1
2025-04-06T22:10:05.354942+0800 ERROR SENT: 2025-04-06 22:10:05
2025-04-06T22:10:05.354942+0800 ERROR write command 2025-04-06 22:10:05
2025-04-06T22:10:05.354942+0800 ERROR second command 2025-04-06 22:10:05
2025-04-06T22:10:05.355942+0800 ERROR finish command 2025-04-06 22:10:05
2025-04-06T22:10:09.266806+0800 ERROR SENT: M105
2025-04-06T22:10:09.266806+0800 ERROR write command M105
2025-04-06T22:10:09.266806+0800 ERROR second command M105
2025-04-06T22:10:09.266806+0800 ERROR finish command M105
2025-04-06T22:10:09.267726+0800 ERROR SENT: G250 S21
2025-04-06T22:10:09.267726+0800 ERROR write command G250 S21
2025-04-06T22:10:09.267726+0800 ERROR second command G250 S21
2025-04-06T22:10:09.267726+0800 ERROR finish command G250 S21
2025-04-06T22:10:09.267726+0800 ERROR SENT: G250 S800
2025-04-06T22:10:09.267726+0800 ERROR write command G250 S800
2025-04-06T22:10:09.267726+0800 ERROR second command G250 S800
2025-04-06T22:10:09.267726+0800 ERROR finish command G250 S800
2025-04-06T22:10:09.267726+0800 ERROR SENT: M154 S1
2025-04-06T22:10:09.268726+0800 ERROR write command M154 S1
2025-04-06T22:10:09.268726+0800 ERROR second command M154 S1
2025-04-06T22:10:09.268726+0800 ERROR finish command M154 S1
2025-04-06T22:10:09.268726+0800 ERROR SENT: 2025-04-06 22:10:09
2025-04-06T22:10:09.268726+0800 ERROR write command 2025-04-06 22:10:09
2025-04-06T22:10:09.269774+0800 ERROR second command 2025-04-06 22:10:09
2025-04-06T22:10:09.269774+0800 ERROR finish command 2025-04-06 22:10:09
2025-04-06T22:10:13.190737+0800 ERROR SENT: M105
2025-04-06T22:10:13.190737+0800 ERROR write command M105
2025-04-06T22:10:13.190737+0800 ERROR second command M105
2025-04-06T22:10:13.190737+0800 ERROR finish command M105
2025-04-06T22:10:13.190737+0800 ERROR SENT: G250 S21
2025-04-06T22:10:13.191745+0800 ERROR write command G250 S21
2025-04-06T22:10:13.191745+0800 ERROR second command G250 S21
2025-04-06T22:10:13.191745+0800 ERROR finish command G250 S21
2025-04-06T22:10:13.191745+0800 ERROR SENT: G250 S800
2025-04-06T22:10:13.191745+0800 ERROR write command G250 S800
2025-04-06T22:10:13.191745+0800 ERROR second command G250 S800
2025-04-06T22:10:13.191745+0800 ERROR finish command G250 S800
2025-04-06T22:10:13.191745+0800 ERROR SENT: M154 S1
2025-04-06T22:10:13.192745+0800 ERROR write command M154 S1
2025-04-06T22:10:13.192745+0800 ERROR second command M154 S1
2025-04-06T22:10:13.192745+0800 ERROR finish command M154 S1
2025-04-06T22:10:13.192745+0800 ERROR SENT: 2025-04-06 22:10:13
2025-04-06T22:10:13.193745+0800 ERROR write command 2025-04-06 22:10:13
2025-04-06T22:10:13.193745+0800 ERROR second command 2025-04-06 22:10:13
2025-04-06T22:10:13.193745+0800 ERROR finish command 2025-04-06 22:10:13
2025-04-06T22:10:17.081286+0800 ERROR SENT: M105
2025-04-06T22:10:17.081286+0800 ERROR write command M105
2025-04-06T22:10:17.081286+0800 ERROR second command M105
2025-04-06T22:10:17.081286+0800 ERROR finish command M105
2025-04-06T22:10:17.082285+0800 ERROR SENT: G250 S21
2025-04-06T22:10:17.082285+0800 ERROR write command G250 S21
2025-04-06T22:10:17.082285+0800 ERROR second command G250 S21
2025-04-06T22:10:17.082285+0800 ERROR finish command G250 S21
2025-04-06T22:10:17.082285+0800 ERROR SENT: G250 S800
2025-04-06T22:10:17.082285+0800 ERROR write command G250 S800
2025-04-06T22:10:17.082285+0800 ERROR second command G250 S800
2025-04-06T22:10:17.082285+0800 ERROR finish command G250 S800
2025-04-06T22:10:17.082285+0800 ERROR SENT: M154 S1
2025-04-06T22:10:17.082285+0800 ERROR write command M154 S1
2025-04-06T22:10:17.083287+0800 ERROR second command M154 S1
2025-04-06T22:10:17.083287+0800 ERROR finish command M154 S1
2025-04-06T22:10:17.083287+0800 ERROR SENT: 2025-04-06 22:10:17
2025-04-06T22:10:17.084286+0800 ERROR write command 2025-04-06 22:10:17
2025-04-06T22:10:17.084286+0800 ERROR second command 2025-04-06 22:10:17
2025-04-06T22:10:17.084286+0800 ERROR finish command 2025-04-06 22:10:17
2025-04-06T22:10:20.981317+0800 ERROR SENT: M105
2025-04-06T22:10:20.981317+0800 ERROR write command M105
2025-04-06T22:10:20.981317+0800 ERROR second command M105
2025-04-06T22:10:20.981317+0800 ERROR finish command M105
2025-04-06T22:10:20.981317+0800 ERROR SENT: G250 S21
2025-04-06T22:10:20.981317+0800 ERROR write command G250 S21
2025-04-06T22:10:20.982317+0800 ERROR second command G250 S21
2025-04-06T22:10:20.982317+0800 ERROR finish command G250 S21
2025-04-06T22:10:20.982317+0800 ERROR SENT: G250 S800
2025-04-06T22:10:20.982317+0800 ERROR write command G250 S800
2025-04-06T22:10:20.982317+0800 ERROR second command G250 S800
2025-04-06T22:10:20.982317+0800 ERROR finish command G250 S800
2025-04-06T22:10:20.982317+0800 ERROR SENT: M154 S1
2025-04-06T22:10:20.982317+0800 ERROR write command M154 S1
2025-04-06T22:10:20.983317+0800 ERROR second command M154 S1
2025-04-06T22:10:20.983317+0800 ERROR finish command M154 S1
2025-04-06T22:10:20.983317+0800 ERROR SENT: 2025-04-06 22:10:20
2025-04-06T22:10:20.983317+0800 ERROR write command 2025-04-06 22:10:20
2025-04-06T22:10:20.984316+0800 ERROR second command 2025-04-06 22:10:20
2025-04-06T22:10:20.984316+0800 ERROR finish command 2025-04-06 22:10:20
2025-04-06T22:10:24.883386+0800 ERROR SENT: M105
2025-04-06T22:10:24.883386+0800 ERROR write command M105
2025-04-06T22:10:24.883386+0800 ERROR second command M105
2025-04-06T22:10:24.884387+0800 ERROR finish command M105
2025-04-06T22:10:24.884387+0800 ERROR SENT: G250 S21
2025-04-06T22:10:24.884387+0800 ERROR write command G250 S21
2025-04-06T22:10:24.884387+0800 ERROR second command G250 S21
2025-04-06T22:10:24.884387+0800 ERROR finish command G250 S21
2025-04-06T22:10:24.884387+0800 ERROR SENT: G250 S800
2025-04-06T22:10:24.885386+0800 ERROR write command G250 S800
2025-04-06T22:10:24.885386+0800 ERROR second command G250 S800
2025-04-06T22:10:24.885386+0800 ERROR finish command G250 S800
2025-04-06T22:10:24.885386+0800 ERROR SENT: M154 S1
2025-04-06T22:10:24.885386+0800 ERROR write command M154 S1
2025-04-06T22:10:24.885386+0800 ERROR second command M154 S1
2025-04-06T22:10:24.886386+0800 ERROR finish command M154 S1
2025-04-06T22:10:24.886386+0800 ERROR SENT: 2025-04-06 22:10:24
2025-04-06T22:10:24.886386+0800 ERROR write command 2025-04-06 22:10:24
2025-04-06T22:10:24.886386+0800 ERROR second command 2025-04-06 22:10:24
2025-04-06T22:10:24.887386+0800 ERROR finish command 2025-04-06 22:10:24
2025-04-06T22:10:28.847583+0800 ERROR SENT: M105
2025-04-06T22:10:28.847583+0800 ERROR write command M105
2025-04-06T22:10:28.847583+0800 ERROR second command M105
2025-04-06T22:10:28.848566+0800 ERROR finish command M105
2025-04-06T22:10:28.848566+0800 ERROR SENT: G250 S21
2025-04-06T22:10:28.848566+0800 ERROR write command G250 S21
2025-04-06T22:10:28.848566+0800 ERROR second command G250 S21
2025-04-06T22:10:28.848566+0800 ERROR finish command G250 S21
2025-04-06T22:10:28.848566+0800 ERROR SENT: G250 S800
2025-04-06T22:10:28.848566+0800 ERROR write command G250 S800
2025-04-06T22:10:28.848566+0800 ERROR second command G250 S800
2025-04-06T22:10:28.849567+0800 ERROR finish command G250 S800
2025-04-06T22:10:28.849567+0800 ERROR SENT: M154 S1
2025-04-06T22:10:28.849567+0800 ERROR write command M154 S1
2025-04-06T22:10:28.849567+0800 ERROR second command M154 S1
2025-04-06T22:10:28.849567+0800 ERROR finish command M154 S1
2025-04-06T22:10:28.849567+0800 ERROR SENT: 2025-04-06 22:10:28
2025-04-06T22:10:28.849567+0800 ERROR write command 2025-04-06 22:10:28
2025-04-06T22:10:28.850566+0800 ERROR second command 2025-04-06 22:10:28
2025-04-06T22:10:28.850566+0800 ERROR finish command 2025-04-06 22:10:28
