2025-04-07T08:54:15.512535+0800 INFO 设备已成功连接
2025-04-07T08:54:15.512535+0800 ERROR SENT: M105
2025-04-07T08:54:15.513534+0800 ERROR write command M105
2025-04-07T08:54:15.513534+0800 ERROR second command M105
2025-04-07T08:54:15.513534+0800 ERROR finish command M105
2025-04-07T08:54:15.513534+0800 ERROR SENT: G250 S21
2025-04-07T08:54:15.514535+0800 ERROR write command G250 S21
2025-04-07T08:54:15.514535+0800 ERROR second command G250 S21
2025-04-07T08:54:15.515535+0800 ERROR finish command G250 S21
2025-04-07T08:54:15.515535+0800 ERROR SENT: G250 S800
2025-04-07T08:54:15.515535+0800 ERROR write command G250 S800
2025-04-07T08:54:15.517536+0800 ERROR second command G250 S800
2025-04-07T08:54:15.517536+0800 ERROR finish command G250 S800
2025-04-07T08:54:15.517536+0800 ERROR SENT: M154 S1
2025-04-07T08:54:15.517536+0800 ERROR write command M154 S1
2025-04-07T08:54:15.517536+0800 ERROR second command M154 S1
2025-04-07T08:54:15.517536+0800 ERROR finish command M154 S1
2025-04-07T08:54:19.419446+0800 ERROR SENT: M105
2025-04-07T08:54:19.419446+0800 ERROR write command M105
2025-04-07T08:54:19.419446+0800 ERROR second command M105
2025-04-07T08:54:19.419446+0800 ERROR finish command M105
2025-04-07T08:54:19.419446+0800 ERROR SENT: G250 S21
2025-04-07T08:54:19.419446+0800 ERROR write command G250 S21
2025-04-07T08:54:19.420451+0800 ERROR second command G250 S21
2025-04-07T08:54:19.420451+0800 ERROR finish command G250 S21
2025-04-07T08:54:19.420451+0800 ERROR SENT: G250 S800
2025-04-07T08:54:19.420451+0800 ERROR write command G250 S800
2025-04-07T08:54:19.420451+0800 ERROR second command G250 S800
2025-04-07T08:54:19.420451+0800 ERROR finish command G250 S800
2025-04-07T08:54:19.420451+0800 ERROR SENT: M154 S1
2025-04-07T08:54:19.421450+0800 ERROR write command M154 S1
2025-04-07T08:54:19.421450+0800 ERROR second command M154 S1
2025-04-07T08:54:19.421450+0800 ERROR finish command M154 S1
2025-04-07T08:54:23.705906+0800 ERROR SENT: M105
2025-04-07T08:54:23.705906+0800 ERROR write command M105
2025-04-07T08:54:23.705906+0800 ERROR second command M105
2025-04-07T08:54:23.705906+0800 ERROR finish command M105
2025-04-07T08:54:23.706837+0800 ERROR SENT: G250 S21
2025-04-07T08:54:23.706837+0800 ERROR write command G250 S21
2025-04-07T08:54:23.706837+0800 ERROR second command G250 S21
2025-04-07T08:54:23.706837+0800 ERROR finish command G250 S21
2025-04-07T08:54:23.706837+0800 ERROR SENT: G250 S800
2025-04-07T08:54:23.706837+0800 ERROR write command G250 S800
2025-04-07T08:54:23.706837+0800 ERROR second command G250 S800
2025-04-07T08:54:23.706837+0800 ERROR finish command G250 S800
2025-04-07T08:54:23.706837+0800 ERROR SENT: M154 S1
2025-04-07T08:54:23.706837+0800 ERROR write command M154 S1
2025-04-07T08:54:23.707837+0800 ERROR second command M154 S1
2025-04-07T08:54:23.707837+0800 ERROR finish command M154 S1
2025-04-07T08:54:27.532412+0800 ERROR SENT: M105
2025-04-07T08:54:27.532412+0800 ERROR write command M105
2025-04-07T08:54:27.532412+0800 ERROR second command M105
2025-04-07T08:54:27.532412+0800 ERROR finish command M105
2025-04-07T08:54:27.532412+0800 ERROR SENT: G250 S21
2025-04-07T08:54:27.532412+0800 ERROR write command G250 S21
2025-04-07T08:54:27.533341+0800 ERROR second command G250 S21
2025-04-07T08:54:27.533341+0800 ERROR finish command G250 S21
2025-04-07T08:54:27.533341+0800 ERROR SENT: G250 S800
2025-04-07T08:54:27.533341+0800 ERROR write command G250 S800
2025-04-07T08:54:27.533341+0800 ERROR second command G250 S800
2025-04-07T08:54:27.533341+0800 ERROR finish command G250 S800
2025-04-07T08:54:27.533341+0800 ERROR SENT: M154 S1
2025-04-07T08:54:27.533341+0800 ERROR write command M154 S1
2025-04-07T08:54:27.533341+0800 ERROR second command M154 S1
2025-04-07T08:54:27.534345+0800 ERROR finish command M154 S1
2025-04-07T08:54:31.618482+0800 ERROR SENT: M105
2025-04-07T08:54:31.618482+0800 ERROR write command M105
2025-04-07T08:54:31.618482+0800 ERROR second command M105
2025-04-07T08:54:31.618482+0800 ERROR finish command M105
2025-04-07T08:54:31.619482+0800 ERROR SENT: G250 S21
2025-04-07T08:54:31.619482+0800 ERROR write command G250 S21
2025-04-07T08:54:31.619482+0800 ERROR second command G250 S21
2025-04-07T08:54:31.619482+0800 ERROR finish command G250 S21
2025-04-07T08:54:31.619482+0800 ERROR SENT: G250 S800
2025-04-07T08:54:31.619482+0800 ERROR write command G250 S800
2025-04-07T08:54:31.619482+0800 ERROR second command G250 S800
2025-04-07T08:54:31.619482+0800 ERROR finish command G250 S800
2025-04-07T08:54:31.686481+0800 ERROR SENT: M154 S1
2025-04-07T08:54:31.687483+0800 ERROR write command M154 S1
2025-04-07T08:54:31.688482+0800 ERROR second command M154 S1
2025-04-07T08:54:31.688482+0800 ERROR finish command M154 S1
2025-04-07T08:54:35.715095+0800 ERROR SENT: M105
2025-04-07T08:54:35.715095+0800 ERROR write command M105
2025-04-07T08:54:35.715095+0800 ERROR second command M105
2025-04-07T08:54:35.715095+0800 ERROR finish command M105
2025-04-07T08:54:35.715095+0800 ERROR SENT: G250 S21
2025-04-07T08:54:35.715095+0800 ERROR write command G250 S21
2025-04-07T08:54:35.716121+0800 ERROR second command G250 S21
2025-04-07T08:54:35.716121+0800 ERROR finish command G250 S21
2025-04-07T08:54:35.716121+0800 ERROR SENT: G250 S800
2025-04-07T08:54:35.716121+0800 ERROR write command G250 S800
2025-04-07T08:54:35.716121+0800 ERROR second command G250 S800
2025-04-07T08:54:35.716121+0800 ERROR finish command G250 S800
2025-04-07T08:54:35.716121+0800 ERROR SENT: M154 S1
2025-04-07T08:54:35.717104+0800 ERROR write command M154 S1
2025-04-07T08:54:35.717104+0800 ERROR second command M154 S1
2025-04-07T08:54:35.717104+0800 ERROR finish command M154 S1
2025-04-07T08:54:39.655685+0800 ERROR SENT: M105
2025-04-07T08:54:39.655685+0800 ERROR write command M105
2025-04-07T08:54:39.656685+0800 ERROR second command M105
2025-04-07T08:54:39.656685+0800 ERROR finish command M105
2025-04-07T08:54:39.656685+0800 ERROR SENT: G250 S21
2025-04-07T08:54:39.656685+0800 ERROR write command G250 S21
2025-04-07T08:54:39.656685+0800 ERROR second command G250 S21
2025-04-07T08:54:39.657685+0800 ERROR finish command G250 S21
2025-04-07T08:54:39.657685+0800 ERROR SENT: G250 S800
2025-04-07T08:54:39.657685+0800 ERROR write command G250 S800
2025-04-07T08:54:39.657685+0800 ERROR second command G250 S800
2025-04-07T08:54:39.657685+0800 ERROR finish command G250 S800
2025-04-07T08:54:39.657685+0800 ERROR SENT: M154 S1
2025-04-07T08:54:39.658686+0800 ERROR write command M154 S1
2025-04-07T08:54:39.658686+0800 ERROR second command M154 S1
2025-04-07T08:54:39.658686+0800 ERROR finish command M154 S1
