2025-04-11T11:26:41.205373+0800 INFO 设备已成功连接
2025-04-11T11:26:41.206367+0800 ERROR SENT: M105
2025-04-11T11:26:41.206367+0800 ERROR write command M105
2025-04-11T11:26:41.206367+0800 ERROR second command M105
2025-04-11T11:26:41.207368+0800 ERROR finish command M105
2025-04-11T11:26:41.207368+0800 ERROR SENT: G250 S21
2025-04-11T11:26:41.207368+0800 ERROR write command G250 S21
2025-04-11T11:26:41.207368+0800 ERROR second command G250 S21
2025-04-11T11:26:41.207368+0800 ERROR finish command G250 S21
2025-04-11T11:26:41.207368+0800 ERROR SENT: G250 S800
2025-04-11T11:26:41.208368+0800 ERROR write command G250 S800
2025-04-11T11:26:41.208368+0800 ERROR second command G250 S800
2025-04-11T11:26:41.208368+0800 ERROR finish command G250 S800
2025-04-11T11:26:41.208368+0800 ERROR SENT: M154 S1
2025-04-11T11:26:41.208368+0800 ERROR write command M154 S1
2025-04-11T11:26:41.209367+0800 ERROR second command M154 S1
2025-04-11T11:26:41.209367+0800 ERROR finish command M154 S1
2025-04-11T11:26:45.024964+0800 ERROR SENT: M105
2025-04-11T11:26:45.024964+0800 ERROR write command M105
2025-04-11T11:26:45.024964+0800 ERROR second command M105
2025-04-11T11:26:45.024964+0800 ERROR finish command M105
2025-04-11T11:26:45.024964+0800 ERROR SENT: G250 S21
2025-04-11T11:26:45.025965+0800 ERROR write command G250 S21
2025-04-11T11:26:45.025965+0800 ERROR second command G250 S21
2025-04-11T11:26:45.025965+0800 ERROR finish command G250 S21
2025-04-11T11:26:45.025965+0800 ERROR SENT: G250 S800
2025-04-11T11:26:45.025965+0800 ERROR write command G250 S800
2025-04-11T11:26:45.025965+0800 ERROR second command G250 S800
2025-04-11T11:26:45.026955+0800 ERROR finish command G250 S800
2025-04-11T11:26:45.026955+0800 ERROR SENT: M154 S1
2025-04-11T11:26:45.026955+0800 ERROR write command M154 S1
2025-04-11T11:26:45.026955+0800 ERROR second command M154 S1
2025-04-11T11:26:45.026955+0800 ERROR finish command M154 S1
2025-04-11T11:26:49.081959+0800 ERROR SENT: M105
2025-04-11T11:26:49.081959+0800 ERROR write command M105
2025-04-11T11:26:49.081959+0800 ERROR second command M105
2025-04-11T11:26:49.081959+0800 ERROR finish command M105
2025-04-11T11:26:49.081959+0800 ERROR SENT: G250 S21
2025-04-11T11:26:49.081959+0800 ERROR write command G250 S21
2025-04-11T11:26:49.082960+0800 ERROR second command G250 S21
2025-04-11T11:26:49.082960+0800 ERROR finish command G250 S21
2025-04-11T11:26:49.082960+0800 ERROR SENT: G250 S800
2025-04-11T11:26:49.082960+0800 ERROR write command G250 S800
2025-04-11T11:26:49.082960+0800 ERROR second command G250 S800
2025-04-11T11:26:49.082960+0800 ERROR finish command G250 S800
2025-04-11T11:26:49.082960+0800 ERROR SENT: M154 S1
2025-04-11T11:26:49.082960+0800 ERROR write command M154 S1
2025-04-11T11:26:49.083959+0800 ERROR second command M154 S1
2025-04-11T11:26:49.083959+0800 ERROR finish command M154 S1
2025-04-11T11:26:52.883167+0800 ERROR SENT: M105
2025-04-11T11:26:52.883167+0800 ERROR write command M105
2025-04-11T11:26:52.883167+0800 ERROR second command M105
2025-04-11T11:26:52.883167+0800 ERROR finish command M105
2025-04-11T11:26:52.883167+0800 ERROR SENT: G250 S21
2025-04-11T11:26:52.884087+0800 ERROR write command G250 S21
2025-04-11T11:26:52.884087+0800 ERROR second command G250 S21
2025-04-11T11:26:52.884087+0800 ERROR finish command G250 S21
2025-04-11T11:26:52.884087+0800 ERROR SENT: G250 S800
2025-04-11T11:26:52.884087+0800 ERROR write command G250 S800
2025-04-11T11:26:52.884087+0800 ERROR second command G250 S800
2025-04-11T11:26:52.884087+0800 ERROR finish command G250 S800
2025-04-11T11:26:52.885087+0800 ERROR SENT: M154 S1
2025-04-11T11:26:52.885087+0800 ERROR write command M154 S1
2025-04-11T11:26:52.885087+0800 ERROR second command M154 S1
2025-04-11T11:26:52.885087+0800 ERROR finish command M154 S1
2025-04-11T11:26:56.685441+0800 ERROR SENT: M105
2025-04-11T11:26:56.685441+0800 ERROR write command M105
2025-04-11T11:26:56.685441+0800 ERROR second command M105
2025-04-11T11:26:56.685441+0800 ERROR finish command M105
2025-04-11T11:26:56.686441+0800 ERROR SENT: G250 S21
2025-04-11T11:26:56.686441+0800 ERROR write command G250 S21
2025-04-11T11:26:56.686441+0800 ERROR second command G250 S21
2025-04-11T11:26:56.686441+0800 ERROR finish command G250 S21
2025-04-11T11:26:56.686441+0800 ERROR SENT: G250 S800
2025-04-11T11:26:56.686441+0800 ERROR write command G250 S800
2025-04-11T11:26:56.687442+0800 ERROR second command G250 S800
2025-04-11T11:26:56.687442+0800 ERROR finish command G250 S800
2025-04-11T11:26:56.687442+0800 ERROR SENT: M154 S1
2025-04-11T11:26:56.687442+0800 ERROR write command M154 S1
2025-04-11T11:26:56.687442+0800 ERROR second command M154 S1
2025-04-11T11:26:56.687442+0800 ERROR finish command M154 S1
2025-04-11T11:27:00.653453+0800 ERROR SENT: M105
2025-04-11T11:27:00.653453+0800 ERROR write command M105
2025-04-11T11:27:00.654454+0800 ERROR second command M105
2025-04-11T11:27:00.654454+0800 ERROR finish command M105
2025-04-11T11:27:00.654454+0800 ERROR SENT: G250 S21
2025-04-11T11:27:00.654454+0800 ERROR write command G250 S21
2025-04-11T11:27:00.654454+0800 ERROR second command G250 S21
2025-04-11T11:27:00.654454+0800 ERROR finish command G250 S21
2025-04-11T11:27:00.654454+0800 ERROR SENT: G250 S800
2025-04-11T11:27:00.654454+0800 ERROR write command G250 S800
2025-04-11T11:27:00.655453+0800 ERROR second command G250 S800
2025-04-11T11:27:00.655453+0800 ERROR finish command G250 S800
2025-04-11T11:27:00.659453+0800 ERROR SENT: M154 S1
2025-04-11T11:27:00.660453+0800 ERROR write command M154 S1
2025-04-11T11:27:00.660453+0800 ERROR second command M154 S1
2025-04-11T11:27:00.660453+0800 ERROR finish command M154 S1
2025-04-11T11:27:04.637499+0800 ERROR SENT: M105
2025-04-11T11:27:04.637499+0800 ERROR write command M105
2025-04-11T11:27:04.637499+0800 ERROR second command M105
2025-04-11T11:27:04.638500+0800 ERROR finish command M105
2025-04-11T11:27:04.638500+0800 ERROR SENT: G250 S21
2025-04-11T11:27:04.638500+0800 ERROR write command G250 S21
2025-04-11T11:27:04.638500+0800 ERROR second command G250 S21
2025-04-11T11:27:04.638500+0800 ERROR finish command G250 S21
2025-04-11T11:27:04.639500+0800 ERROR SENT: G250 S800
2025-04-11T11:27:04.639500+0800 ERROR write command G250 S800
2025-04-11T11:27:04.639500+0800 ERROR second command G250 S800
2025-04-11T11:27:04.639500+0800 ERROR finish command G250 S800
2025-04-11T11:27:04.639500+0800 ERROR SENT: M154 S1
2025-04-11T11:27:04.639500+0800 ERROR write command M154 S1
2025-04-11T11:27:04.640500+0800 ERROR second command M154 S1
2025-04-11T11:27:04.640500+0800 ERROR finish command M154 S1
2025-04-11T11:27:08.472653+0800 ERROR SENT: M105
2025-04-11T11:27:08.472653+0800 ERROR write command M105
2025-04-11T11:27:08.472653+0800 ERROR second command M105
2025-04-11T11:27:08.473654+0800 ERROR finish command M105
2025-04-11T11:27:08.473654+0800 ERROR SENT: G250 S21
2025-04-11T11:27:08.473654+0800 ERROR write command G250 S21
2025-04-11T11:27:08.473654+0800 ERROR second command G250 S21
2025-04-11T11:27:08.473654+0800 ERROR finish command G250 S21
2025-04-11T11:27:08.473654+0800 ERROR SENT: G250 S800
2025-04-11T11:27:08.473654+0800 ERROR write command G250 S800
2025-04-11T11:27:08.473654+0800 ERROR second command G250 S800
2025-04-11T11:27:08.473654+0800 ERROR finish command G250 S800
2025-04-11T11:27:08.474653+0800 ERROR SENT: M154 S1
2025-04-11T11:27:08.474653+0800 ERROR write command M154 S1
2025-04-11T11:27:08.474653+0800 ERROR second command M154 S1
2025-04-11T11:27:08.474653+0800 ERROR finish command M154 S1
2025-04-11T11:27:12.360756+0800 ERROR SENT: M105
2025-04-11T11:27:12.361757+0800 ERROR write command M105
2025-04-11T11:27:12.361757+0800 ERROR second command M105
2025-04-11T11:27:12.361757+0800 ERROR finish command M105
2025-04-11T11:27:12.361757+0800 ERROR SENT: G250 S21
2025-04-11T11:27:12.362758+0800 ERROR write command G250 S21
2025-04-11T11:27:12.362758+0800 ERROR second command G250 S21
2025-04-11T11:27:12.362758+0800 ERROR finish command G250 S21
2025-04-11T11:27:12.372757+0800 ERROR SENT: G250 S800
2025-04-11T11:27:12.373112+0800 ERROR write command G250 S800
2025-04-11T11:27:12.373626+0800 ERROR second command G250 S800
2025-04-11T11:27:12.373626+0800 ERROR finish command G250 S800
2025-04-11T11:27:12.373626+0800 ERROR SENT: M154 S1
2025-04-11T11:27:12.373626+0800 ERROR write command M154 S1
2025-04-11T11:27:12.374624+0800 ERROR second command M154 S1
2025-04-11T11:27:12.396623+0800 ERROR finish command M154 S1
2025-04-11T11:27:16.175096+0800 ERROR SENT: M105
2025-04-11T11:27:16.175096+0800 ERROR write command M105
2025-04-11T11:27:16.175096+0800 ERROR second command M105
2025-04-11T11:27:16.175096+0800 ERROR finish command M105
2025-04-11T11:27:16.175096+0800 ERROR SENT: G250 S21
2025-04-11T11:27:16.175096+0800 ERROR write command G250 S21
2025-04-11T11:27:16.176025+0800 ERROR second command G250 S21
2025-04-11T11:27:16.176025+0800 ERROR finish command G250 S21
2025-04-11T11:27:16.176025+0800 ERROR SENT: G250 S800
2025-04-11T11:27:16.176025+0800 ERROR write command G250 S800
2025-04-11T11:27:16.176025+0800 ERROR second command G250 S800
2025-04-11T11:27:16.176025+0800 ERROR finish command G250 S800
2025-04-11T11:27:16.176025+0800 ERROR SENT: M154 S1
2025-04-11T11:27:16.176025+0800 ERROR write command M154 S1
2025-04-11T11:27:16.177024+0800 ERROR second command M154 S1
2025-04-11T11:27:16.177024+0800 ERROR finish command M154 S1
2025-04-11T11:27:20.155094+0800 ERROR SENT: M105
2025-04-11T11:27:20.155094+0800 ERROR write command M105
2025-04-11T11:27:20.155094+0800 ERROR second command M105
2025-04-11T11:27:20.156087+0800 ERROR finish command M105
2025-04-11T11:27:20.156087+0800 ERROR SENT: G250 S21
2025-04-11T11:27:20.156087+0800 ERROR write command G250 S21
2025-04-11T11:27:20.156087+0800 ERROR second command G250 S21
2025-04-11T11:27:20.156087+0800 ERROR finish command G250 S21
2025-04-11T11:27:20.156087+0800 ERROR SENT: G250 S800
2025-04-11T11:27:20.157087+0800 ERROR write command G250 S800
2025-04-11T11:27:20.157087+0800 ERROR second command G250 S800
2025-04-11T11:27:20.157087+0800 ERROR finish command G250 S800
2025-04-11T11:27:20.157087+0800 ERROR SENT: M154 S1
2025-04-11T11:27:20.157087+0800 ERROR write command M154 S1
2025-04-11T11:27:20.157087+0800 ERROR second command M154 S1
2025-04-11T11:27:20.158087+0800 ERROR finish command M154 S1
2025-04-11T11:27:23.969748+0800 ERROR SENT: M105
2025-04-11T11:27:23.969748+0800 ERROR write command M105
2025-04-11T11:27:23.969748+0800 ERROR second command M105
2025-04-11T11:27:23.969748+0800 ERROR finish command M105
2025-04-11T11:27:23.969748+0800 ERROR SENT: G250 S21
2025-04-11T11:27:23.969748+0800 ERROR write command G250 S21
2025-04-11T11:27:23.970679+0800 ERROR second command G250 S21
2025-04-11T11:27:23.970679+0800 ERROR finish command G250 S21
2025-04-11T11:27:23.970679+0800 ERROR SENT: G250 S800
2025-04-11T11:27:23.970679+0800 ERROR write command G250 S800
2025-04-11T11:27:23.970679+0800 ERROR second command G250 S800
2025-04-11T11:27:23.970679+0800 ERROR finish command G250 S800
2025-04-11T11:27:23.970679+0800 ERROR SENT: M154 S1
2025-04-11T11:27:23.970679+0800 ERROR write command M154 S1
2025-04-11T11:27:23.971680+0800 ERROR second command M154 S1
2025-04-11T11:27:23.971680+0800 ERROR finish command M154 S1
2025-04-11T11:27:27.783919+0800 ERROR SENT: M105
2025-04-11T11:27:27.783919+0800 ERROR write command M105
2025-04-11T11:27:27.783919+0800 ERROR second command M105
2025-04-11T11:27:27.783919+0800 ERROR finish command M105
2025-04-11T11:27:27.784920+0800 ERROR SENT: G250 S21
2025-04-11T11:27:27.784920+0800 ERROR write command G250 S21
2025-04-11T11:27:27.784920+0800 ERROR second command G250 S21
2025-04-11T11:27:27.784920+0800 ERROR finish command G250 S21
2025-04-11T11:27:27.784920+0800 ERROR SENT: G250 S800
2025-04-11T11:27:27.784920+0800 ERROR write command G250 S800
2025-04-11T11:27:27.784920+0800 ERROR second command G250 S800
2025-04-11T11:27:27.784920+0800 ERROR finish command G250 S800
2025-04-11T11:27:27.784920+0800 ERROR SENT: M154 S1
2025-04-11T11:27:27.784920+0800 ERROR write command M154 S1
2025-04-11T11:27:27.786009+0800 ERROR second command M154 S1
2025-04-11T11:27:27.786009+0800 ERROR finish command M154 S1
2025-04-11T11:27:31.602731+0800 ERROR SENT: M105
2025-04-11T11:27:31.602731+0800 ERROR write command M105
2025-04-11T11:27:31.602731+0800 ERROR second command M105
2025-04-11T11:27:31.602731+0800 ERROR finish command M105
2025-04-11T11:27:31.603661+0800 ERROR SENT: G250 S21
2025-04-11T11:27:31.603661+0800 ERROR write command G250 S21
2025-04-11T11:27:31.603661+0800 ERROR second command G250 S21
2025-04-11T11:27:31.603661+0800 ERROR finish command G250 S21
2025-04-11T11:27:31.603661+0800 ERROR SENT: G250 S800
2025-04-11T11:27:31.603661+0800 ERROR write command G250 S800
2025-04-11T11:27:31.604660+0800 ERROR second command G250 S800
2025-04-11T11:27:31.604660+0800 ERROR finish command G250 S800
2025-04-11T11:27:31.604660+0800 ERROR SENT: M154 S1
2025-04-11T11:27:31.604660+0800 ERROR write command M154 S1
2025-04-11T11:27:31.604660+0800 ERROR second command M154 S1
2025-04-11T11:27:31.604660+0800 ERROR finish command M154 S1
2025-04-11T11:27:35.422745+0800 ERROR SENT: M105
2025-04-11T11:27:35.422745+0800 ERROR write command M105
2025-04-11T11:27:35.422745+0800 ERROR second command M105
2025-04-11T11:27:35.422745+0800 ERROR finish command M105
2025-04-11T11:27:35.422745+0800 ERROR SENT: G250 S21
2025-04-11T11:27:35.423746+0800 ERROR write command G250 S21
2025-04-11T11:27:35.423746+0800 ERROR second command G250 S21
2025-04-11T11:27:35.423746+0800 ERROR finish command G250 S21
2025-04-11T11:27:35.423746+0800 ERROR SENT: G250 S800
2025-04-11T11:27:35.423746+0800 ERROR write command G250 S800
2025-04-11T11:27:35.423746+0800 ERROR second command G250 S800
2025-04-11T11:27:35.423746+0800 ERROR finish command G250 S800
2025-04-11T11:27:35.423746+0800 ERROR SENT: M154 S1
2025-04-11T11:27:35.423746+0800 ERROR write command M154 S1
2025-04-11T11:27:35.424744+0800 ERROR second command M154 S1
2025-04-11T11:27:35.424744+0800 ERROR finish command M154 S1
2025-04-11T11:27:39.235167+0800 ERROR SENT: M105
2025-04-11T11:27:39.235167+0800 ERROR write command M105
2025-04-11T11:27:39.235167+0800 ERROR second command M105
2025-04-11T11:27:39.236100+0800 ERROR finish command M105
2025-04-11T11:27:39.236100+0800 ERROR SENT: G250 S21
2025-04-11T11:27:39.236100+0800 ERROR write command G250 S21
2025-04-11T11:27:39.236100+0800 ERROR second command G250 S21
2025-04-11T11:27:39.236100+0800 ERROR finish command G250 S21
2025-04-11T11:27:39.236100+0800 ERROR SENT: G250 S800
2025-04-11T11:27:39.236100+0800 ERROR write command G250 S800
2025-04-11T11:27:39.236100+0800 ERROR second command G250 S800
2025-04-11T11:27:39.237099+0800 ERROR finish command G250 S800
2025-04-11T11:27:39.237099+0800 ERROR SENT: M154 S1
2025-04-11T11:27:39.237099+0800 ERROR write command M154 S1
2025-04-11T11:27:39.237099+0800 ERROR second command M154 S1
2025-04-11T11:27:39.237099+0800 ERROR finish command M154 S1
2025-04-11T11:27:43.056507+0800 ERROR SENT: M105
2025-04-11T11:27:43.056507+0800 ERROR write command M105
2025-04-11T11:27:43.056507+0800 ERROR second command M105
2025-04-11T11:27:43.056507+0800 ERROR finish command M105
2025-04-11T11:27:43.056507+0800 ERROR SENT: G250 S21
2025-04-11T11:27:43.056507+0800 ERROR write command G250 S21
2025-04-11T11:27:43.057507+0800 ERROR second command G250 S21
2025-04-11T11:27:43.057507+0800 ERROR finish command G250 S21
2025-04-11T11:27:43.057507+0800 ERROR SENT: G250 S800
2025-04-11T11:27:43.057507+0800 ERROR write command G250 S800
2025-04-11T11:27:43.057507+0800 ERROR second command G250 S800
2025-04-11T11:27:43.057507+0800 ERROR finish command G250 S800
2025-04-11T11:27:43.057507+0800 ERROR SENT: M154 S1
2025-04-11T11:27:43.058506+0800 ERROR write command M154 S1
2025-04-11T11:27:43.058506+0800 ERROR second command M154 S1
2025-04-11T11:27:43.058506+0800 ERROR finish command M154 S1
2025-04-11T11:27:46.898325+0800 ERROR SENT: M105
2025-04-11T11:27:46.898325+0800 ERROR write command M105
2025-04-11T11:27:46.898325+0800 ERROR second command M105
2025-04-11T11:27:46.898325+0800 ERROR finish command M105
2025-04-11T11:27:46.898325+0800 ERROR SENT: G250 S21
2025-04-11T11:27:46.898325+0800 ERROR write command G250 S21
2025-04-11T11:27:46.899244+0800 ERROR second command G250 S21
2025-04-11T11:27:46.899244+0800 ERROR finish command G250 S21
2025-04-11T11:27:46.899244+0800 ERROR SENT: G250 S800
2025-04-11T11:27:46.899244+0800 ERROR write command G250 S800
2025-04-11T11:27:46.899244+0800 ERROR second command G250 S800
2025-04-11T11:27:46.899244+0800 ERROR finish command G250 S800
2025-04-11T11:27:46.899244+0800 ERROR SENT: M154 S1
2025-04-11T11:27:46.900245+0800 ERROR write command M154 S1
2025-04-11T11:27:46.900245+0800 ERROR second command M154 S1
2025-04-11T11:27:46.900245+0800 ERROR finish command M154 S1
2025-04-11T11:27:50.784471+0800 ERROR SENT: M105
2025-04-11T11:27:50.784471+0800 ERROR write command M105
2025-04-11T11:27:50.784471+0800 ERROR second command M105
2025-04-11T11:27:50.785467+0800 ERROR finish command M105
2025-04-11T11:27:50.785467+0800 ERROR SENT: G250 S21
2025-04-11T11:27:50.785467+0800 ERROR write command G250 S21
2025-04-11T11:27:50.785467+0800 ERROR second command G250 S21
2025-04-11T11:27:50.785467+0800 ERROR finish command G250 S21
2025-04-11T11:27:50.785467+0800 ERROR SENT: G250 S800
2025-04-11T11:27:50.786467+0800 ERROR write command G250 S800
2025-04-11T11:27:50.786467+0800 ERROR second command G250 S800
2025-04-11T11:27:50.786467+0800 ERROR finish command G250 S800
2025-04-11T11:27:50.786467+0800 ERROR SENT: M154 S1
2025-04-11T11:27:50.786467+0800 ERROR write command M154 S1
2025-04-11T11:27:50.786467+0800 ERROR second command M154 S1
2025-04-11T11:27:50.787467+0800 ERROR finish command M154 S1
2025-04-11T11:27:54.633971+0800 ERROR SENT: M105
2025-04-11T11:27:54.633971+0800 ERROR write command M105
2025-04-11T11:27:54.633971+0800 ERROR second command M105
2025-04-11T11:27:54.634971+0800 ERROR finish command M105
2025-04-11T11:27:54.634971+0800 ERROR SENT: G250 S21
2025-04-11T11:27:54.634971+0800 ERROR write command G250 S21
2025-04-11T11:27:54.634971+0800 ERROR second command G250 S21
2025-04-11T11:27:54.634971+0800 ERROR finish command G250 S21
2025-04-11T11:27:54.634971+0800 ERROR SENT: G250 S800
2025-04-11T11:27:54.634971+0800 ERROR write command G250 S800
2025-04-11T11:27:54.635971+0800 ERROR second command G250 S800
2025-04-11T11:27:54.635971+0800 ERROR finish command G250 S800
2025-04-11T11:27:54.635971+0800 ERROR SENT: M154 S1
2025-04-11T11:27:54.635971+0800 ERROR write command M154 S1
2025-04-11T11:27:54.635971+0800 ERROR second command M154 S1
2025-04-11T11:27:54.635971+0800 ERROR finish command M154 S1
2025-04-11T11:27:58.651948+0800 ERROR SENT: M105
2025-04-11T11:27:58.651948+0800 ERROR write command M105
2025-04-11T11:27:58.652948+0800 ERROR second command M105
2025-04-11T11:27:58.652948+0800 ERROR finish command M105
2025-04-11T11:27:58.652948+0800 ERROR SENT: G250 S21
2025-04-11T11:27:58.652948+0800 ERROR write command G250 S21
2025-04-11T11:27:58.652948+0800 ERROR second command G250 S21
2025-04-11T11:27:58.652948+0800 ERROR finish command G250 S21
2025-04-11T11:27:58.652948+0800 ERROR SENT: G250 S800
2025-04-11T11:27:58.652948+0800 ERROR write command G250 S800
2025-04-11T11:27:58.653951+0800 ERROR second command G250 S800
2025-04-11T11:27:58.653951+0800 ERROR finish command G250 S800
2025-04-11T11:27:58.653951+0800 ERROR SENT: M154 S1
2025-04-11T11:27:58.653951+0800 ERROR write command M154 S1
2025-04-11T11:27:58.653951+0800 ERROR second command M154 S1
2025-04-11T11:27:58.653951+0800 ERROR finish command M154 S1
2025-04-11T11:28:02.680270+0800 ERROR SENT: M105
2025-04-11T11:28:02.680270+0800 ERROR write command M105
2025-04-11T11:28:02.680270+0800 ERROR second command M105
2025-04-11T11:28:02.681271+0800 ERROR finish command M105
2025-04-11T11:28:02.681271+0800 ERROR SENT: G250 S21
2025-04-11T11:28:02.681271+0800 ERROR write command G250 S21
2025-04-11T11:28:02.681271+0800 ERROR second command G250 S21
2025-04-11T11:28:02.681271+0800 ERROR finish command G250 S21
2025-04-11T11:28:02.681271+0800 ERROR SENT: G250 S800
2025-04-11T11:28:02.681271+0800 ERROR write command G250 S800
2025-04-11T11:28:02.682270+0800 ERROR second command G250 S800
2025-04-11T11:28:02.682270+0800 ERROR finish command G250 S800
2025-04-11T11:28:02.682270+0800 ERROR SENT: M154 S1
2025-04-11T11:28:02.682270+0800 ERROR write command M154 S1
2025-04-11T11:28:02.682270+0800 ERROR second command M154 S1
2025-04-11T11:28:02.682270+0800 ERROR finish command M154 S1
2025-04-11T11:28:06.543699+0800 ERROR SENT: M105
2025-04-11T11:28:06.543699+0800 ERROR write command M105
2025-04-11T11:28:06.544617+0800 ERROR second command M105
2025-04-11T11:28:06.544617+0800 ERROR finish command M105
2025-04-11T11:28:06.544617+0800 ERROR SENT: G250 S21
2025-04-11T11:28:06.544617+0800 ERROR write command G250 S21
2025-04-11T11:28:06.544617+0800 ERROR second command G250 S21
2025-04-11T11:28:06.544617+0800 ERROR finish command G250 S21
2025-04-11T11:28:06.544617+0800 ERROR SENT: G250 S800
2025-04-11T11:28:06.544617+0800 ERROR write command G250 S800
2025-04-11T11:28:06.544617+0800 ERROR second command G250 S800
2025-04-11T11:28:06.545618+0800 ERROR finish command G250 S800
2025-04-11T11:28:06.545618+0800 ERROR SENT: M154 S1
2025-04-11T11:28:06.545618+0800 ERROR write command M154 S1
2025-04-11T11:28:06.545618+0800 ERROR second command M154 S1
2025-04-11T11:28:06.545618+0800 ERROR finish command M154 S1
2025-04-11T11:28:10.583501+0800 ERROR SENT: M105
2025-04-11T11:28:10.583501+0800 ERROR write command M105
2025-04-11T11:28:10.583501+0800 ERROR second command M105
2025-04-11T11:28:10.584501+0800 ERROR finish command M105
2025-04-11T11:28:10.584501+0800 ERROR SENT: G250 S21
2025-04-11T11:28:10.584501+0800 ERROR write command G250 S21
2025-04-11T11:28:10.584501+0800 ERROR second command G250 S21
2025-04-11T11:28:10.584501+0800 ERROR finish command G250 S21
2025-04-11T11:28:10.584501+0800 ERROR SENT: G250 S800
2025-04-11T11:28:10.584501+0800 ERROR write command G250 S800
2025-04-11T11:28:10.585501+0800 ERROR second command G250 S800
2025-04-11T11:28:10.585501+0800 ERROR finish command G250 S800
2025-04-11T11:28:10.585501+0800 ERROR SENT: M154 S1
2025-04-11T11:28:10.585501+0800 ERROR write command M154 S1
2025-04-11T11:28:10.585501+0800 ERROR second command M154 S1
2025-04-11T11:28:10.585501+0800 ERROR finish command M154 S1
2025-04-11T11:28:14.433837+0800 ERROR SENT: M105
2025-04-11T11:28:14.433837+0800 ERROR write command M105
2025-04-11T11:28:14.434758+0800 ERROR second command M105
2025-04-11T11:28:14.434758+0800 ERROR finish command M105
2025-04-11T11:28:14.434758+0800 ERROR SENT: G250 S21
2025-04-11T11:28:14.434758+0800 ERROR write command G250 S21
2025-04-11T11:28:14.434758+0800 ERROR second command G250 S21
2025-04-11T11:28:14.434758+0800 ERROR finish command G250 S21
2025-04-11T11:28:14.435759+0800 ERROR SENT: G250 S800
2025-04-11T11:28:14.435759+0800 ERROR write command G250 S800
2025-04-11T11:28:14.435759+0800 ERROR second command G250 S800
2025-04-11T11:28:14.435759+0800 ERROR finish command G250 S800
2025-04-11T11:28:14.435759+0800 ERROR SENT: M154 S1
2025-04-11T11:28:14.435759+0800 ERROR write command M154 S1
2025-04-11T11:28:14.435759+0800 ERROR second command M154 S1
2025-04-11T11:28:14.435759+0800 ERROR finish command M154 S1
2025-04-11T11:28:18.394097+0800 ERROR SENT: M105
2025-04-11T11:28:18.394097+0800 ERROR write command M105
2025-04-11T11:28:18.394097+0800 ERROR second command M105
2025-04-11T11:28:18.395098+0800 ERROR finish command M105
2025-04-11T11:28:18.395098+0800 ERROR SENT: G250 S21
2025-04-11T11:28:18.395098+0800 ERROR write command G250 S21
2025-04-11T11:28:18.395098+0800 ERROR second command G250 S21
2025-04-11T11:28:18.395098+0800 ERROR finish command G250 S21
2025-04-11T11:28:18.395098+0800 ERROR SENT: G250 S800
2025-04-11T11:28:18.395098+0800 ERROR write command G250 S800
2025-04-11T11:28:18.396098+0800 ERROR second command G250 S800
2025-04-11T11:28:18.396098+0800 ERROR finish command G250 S800
2025-04-11T11:28:18.396098+0800 ERROR SENT: M154 S1
2025-04-11T11:28:18.396098+0800 ERROR write command M154 S1
2025-04-11T11:28:18.396098+0800 ERROR second command M154 S1
2025-04-11T11:28:18.396098+0800 ERROR finish command M154 S1
2025-04-11T11:28:22.332792+0800 ERROR SENT: M105
2025-04-11T11:28:22.332792+0800 ERROR write command M105
2025-04-11T11:28:22.332792+0800 ERROR second command M105
2025-04-11T11:28:22.332792+0800 ERROR finish command M105
2025-04-11T11:28:22.332792+0800 ERROR SENT: G250 S21
2025-04-11T11:28:22.332792+0800 ERROR write command G250 S21
2025-04-11T11:28:22.333763+0800 ERROR second command G250 S21
2025-04-11T11:28:22.333763+0800 ERROR finish command G250 S21
2025-04-11T11:28:22.333763+0800 ERROR SENT: G250 S800
2025-04-11T11:28:22.333763+0800 ERROR write command G250 S800
2025-04-11T11:28:22.333763+0800 ERROR second command G250 S800
2025-04-11T11:28:22.333763+0800 ERROR finish command G250 S800
2025-04-11T11:28:22.333763+0800 ERROR SENT: M154 S1
2025-04-11T11:28:22.333763+0800 ERROR write command M154 S1
2025-04-11T11:28:22.334762+0800 ERROR second command M154 S1
2025-04-11T11:28:22.334762+0800 ERROR finish command M154 S1
