2025-04-07T06:49:39.250827+0800 INFO 设备已成功连接
2025-04-07T06:49:39.250827+0800 ERROR SENT: M105
2025-04-07T06:49:39.250827+0800 ERROR write command M105
2025-04-07T06:49:39.251836+0800 ERROR second command M105
2025-04-07T06:49:39.251836+0800 ERROR finish command M105
2025-04-07T06:49:39.251836+0800 ERROR SENT: G250 S21
2025-04-07T06:49:39.251836+0800 ERROR write command G250 S21
2025-04-07T06:49:39.251836+0800 ERROR second command G250 S21
2025-04-07T06:49:39.251836+0800 ERROR finish command G250 S21
2025-04-07T06:49:39.251836+0800 ERROR SENT: G250 S800
2025-04-07T06:49:39.251836+0800 ERROR write command G250 S800
2025-04-07T06:49:39.251836+0800 ERROR second command G250 S800
2025-04-07T06:49:39.251836+0800 ERROR finish command G250 S800
2025-04-07T06:49:39.252825+0800 ERROR SENT: M154 S1
2025-04-07T06:49:39.253825+0800 ERROR write command M154 S1
2025-04-07T06:49:39.253825+0800 ERROR second command M154 S1
2025-04-07T06:49:39.253825+0800 ERROR finish command M154 S1
2025-04-07T06:49:43.194701+0800 ERROR SENT: M105
2025-04-07T06:49:43.194701+0800 ERROR write command M105
2025-04-07T06:49:43.194701+0800 ERROR second command M105
2025-04-07T06:49:43.195585+0800 ERROR finish command M105
2025-04-07T06:49:43.195585+0800 ERROR SENT: G250 S21
2025-04-07T06:49:43.195585+0800 ERROR write command G250 S21
2025-04-07T06:49:43.195585+0800 ERROR second command G250 S21
2025-04-07T06:49:43.195585+0800 ERROR finish command G250 S21
2025-04-07T06:49:43.195585+0800 ERROR SENT: G250 S800
2025-04-07T06:49:43.195585+0800 ERROR write command G250 S800
2025-04-07T06:49:43.195585+0800 ERROR second command G250 S800
2025-04-07T06:49:43.195585+0800 ERROR finish command G250 S800
2025-04-07T06:49:43.195585+0800 ERROR SENT: M154 S1
2025-04-07T06:49:43.196590+0800 ERROR write command M154 S1
2025-04-07T06:49:43.196590+0800 ERROR second command M154 S1
2025-04-07T06:49:43.196590+0800 ERROR finish command M154 S1
2025-04-07T06:49:47.426491+0800 ERROR SENT: M105
2025-04-07T06:49:47.426491+0800 ERROR write command M105
2025-04-07T06:49:47.426491+0800 ERROR second command M105
2025-04-07T06:49:47.426491+0800 ERROR finish command M105
2025-04-07T06:49:47.426491+0800 ERROR SENT: G250 S21
2025-04-07T06:49:47.426491+0800 ERROR write command G250 S21
2025-04-07T06:49:47.426491+0800 ERROR second command G250 S21
2025-04-07T06:49:47.427502+0800 ERROR finish command G250 S21
2025-04-07T06:49:47.427502+0800 ERROR SENT: G250 S800
2025-04-07T06:49:47.427502+0800 ERROR write command G250 S800
2025-04-07T06:49:47.427502+0800 ERROR second command G250 S800
2025-04-07T06:49:47.427502+0800 ERROR finish command G250 S800
2025-04-07T06:49:47.427502+0800 ERROR SENT: M154 S1
2025-04-07T06:49:47.427502+0800 ERROR write command M154 S1
2025-04-07T06:49:47.427502+0800 ERROR second command M154 S1
2025-04-07T06:49:47.428502+0800 ERROR finish command M154 S1
2025-04-07T06:49:51.311242+0800 ERROR SENT: M105
2025-04-07T06:49:51.311242+0800 ERROR write command M105
2025-04-07T06:49:51.311242+0800 ERROR second command M105
2025-04-07T06:49:51.311242+0800 ERROR finish command M105
2025-04-07T06:49:51.311242+0800 ERROR SENT: G250 S21
2025-04-07T06:49:51.311242+0800 ERROR write command G250 S21
2025-04-07T06:49:51.312252+0800 ERROR second command G250 S21
2025-04-07T06:49:51.312252+0800 ERROR finish command G250 S21
2025-04-07T06:49:51.312252+0800 ERROR SENT: G250 S800
2025-04-07T06:49:51.312252+0800 ERROR write command G250 S800
2025-04-07T06:49:51.312252+0800 ERROR second command G250 S800
2025-04-07T06:49:51.312252+0800 ERROR finish command G250 S800
2025-04-07T06:49:51.312252+0800 ERROR SENT: M154 S1
2025-04-07T06:49:51.313251+0800 ERROR write command M154 S1
2025-04-07T06:49:51.313251+0800 ERROR second command M154 S1
2025-04-07T06:49:51.313251+0800 ERROR finish command M154 S1
2025-04-07T06:49:55.220947+0800 ERROR SENT: M105
2025-04-07T06:49:55.220947+0800 ERROR write command M105
2025-04-07T06:49:55.220947+0800 ERROR second command M105
2025-04-07T06:49:55.220947+0800 ERROR finish command M105
2025-04-07T06:49:55.220947+0800 ERROR SENT: G250 S21
2025-04-07T06:49:55.220947+0800 ERROR write command G250 S21
2025-04-07T06:49:55.221947+0800 ERROR second command G250 S21
2025-04-07T06:49:55.221947+0800 ERROR finish command G250 S21
2025-04-07T06:49:55.221947+0800 ERROR SENT: G250 S800
2025-04-07T06:49:55.221947+0800 ERROR write command G250 S800
2025-04-07T06:49:55.221947+0800 ERROR second command G250 S800
2025-04-07T06:49:55.221947+0800 ERROR finish command G250 S800
2025-04-07T06:49:55.221947+0800 ERROR SENT: M154 S1
2025-04-07T06:49:55.222950+0800 ERROR write command M154 S1
2025-04-07T06:49:55.222950+0800 ERROR second command M154 S1
2025-04-07T06:49:55.222950+0800 ERROR finish command M154 S1
2025-04-07T06:49:59.072466+0800 ERROR SENT: M105
2025-04-07T06:49:59.072466+0800 ERROR write command M105
2025-04-07T06:49:59.072466+0800 ERROR second command M105
2025-04-07T06:49:59.072466+0800 ERROR finish command M105
2025-04-07T06:49:59.072466+0800 ERROR SENT: G250 S21
2025-04-07T06:49:59.073476+0800 ERROR write command G250 S21
2025-04-07T06:49:59.073476+0800 ERROR second command G250 S21
2025-04-07T06:49:59.073476+0800 ERROR finish command G250 S21
2025-04-07T06:49:59.073476+0800 ERROR SENT: G250 S800
2025-04-07T06:49:59.073476+0800 ERROR write command G250 S800
2025-04-07T06:49:59.073476+0800 ERROR second command G250 S800
2025-04-07T06:49:59.073476+0800 ERROR finish command G250 S800
2025-04-07T06:49:59.073476+0800 ERROR SENT: M154 S1
2025-04-07T06:49:59.074475+0800 ERROR write command M154 S1
2025-04-07T06:49:59.074475+0800 ERROR second command M154 S1
2025-04-07T06:49:59.074475+0800 ERROR finish command M154 S1
2025-04-07T06:50:02.993656+0800 ERROR SENT: M105
2025-04-07T06:50:02.993656+0800 ERROR write command M105
2025-04-07T06:50:02.994655+0800 ERROR second command M105
2025-04-07T06:50:02.994655+0800 ERROR finish command M105
2025-04-07T06:50:02.994655+0800 ERROR SENT: G250 S21
2025-04-07T06:50:02.994655+0800 ERROR write command G250 S21
2025-04-07T06:50:02.994655+0800 ERROR second command G250 S21
2025-04-07T06:50:02.994655+0800 ERROR finish command G250 S21
2025-04-07T06:50:02.994655+0800 ERROR SENT: G250 S800
2025-04-07T06:50:02.994655+0800 ERROR write command G250 S800
2025-04-07T06:50:02.995655+0800 ERROR second command G250 S800
2025-04-07T06:50:02.995655+0800 ERROR finish command G250 S800
2025-04-07T06:50:02.996658+0800 ERROR SENT: M154 S1
2025-04-07T06:50:02.996658+0800 ERROR write command M154 S1
2025-04-07T06:50:02.997663+0800 ERROR second command M154 S1
2025-04-07T06:50:02.997663+0800 ERROR finish command M154 S1
2025-04-07T06:50:06.824606+0800 ERROR SENT: M105
2025-04-07T06:50:06.824606+0800 ERROR write command M105
2025-04-07T06:50:06.824606+0800 ERROR second command M105
2025-04-07T06:50:06.825534+0800 ERROR finish command M105
2025-04-07T06:50:06.825534+0800 ERROR SENT: G250 S21
2025-04-07T06:50:06.825534+0800 ERROR write command G250 S21
2025-04-07T06:50:06.825534+0800 ERROR second command G250 S21
2025-04-07T06:50:06.825534+0800 ERROR finish command G250 S21
2025-04-07T06:50:06.825534+0800 ERROR SENT: G250 S800
2025-04-07T06:50:06.826535+0800 ERROR write command G250 S800
2025-04-07T06:50:06.826535+0800 ERROR second command G250 S800
2025-04-07T06:50:06.826535+0800 ERROR finish command G250 S800
2025-04-07T06:50:06.826535+0800 ERROR SENT: M154 S1
2025-04-07T06:50:06.826535+0800 ERROR write command M154 S1
2025-04-07T06:50:06.826535+0800 ERROR second command M154 S1
2025-04-07T06:50:06.827536+0800 ERROR finish command M154 S1
2025-04-07T06:50:10.742903+0800 ERROR SENT: M105
2025-04-07T06:50:10.742903+0800 ERROR write command M105
2025-04-07T06:50:10.742903+0800 ERROR second command M105
2025-04-07T06:50:10.742903+0800 ERROR finish command M105
2025-04-07T06:50:10.742903+0800 ERROR SENT: G250 S21
2025-04-07T06:50:10.742903+0800 ERROR write command G250 S21
2025-04-07T06:50:10.743915+0800 ERROR second command G250 S21
2025-04-07T06:50:10.743915+0800 ERROR finish command G250 S21
2025-04-07T06:50:10.743915+0800 ERROR SENT: G250 S800
2025-04-07T06:50:10.743915+0800 ERROR write command G250 S800
2025-04-07T06:50:10.743915+0800 ERROR second command G250 S800
2025-04-07T06:50:10.743915+0800 ERROR finish command G250 S800
2025-04-07T06:50:10.743915+0800 ERROR SENT: M154 S1
2025-04-07T06:50:10.743915+0800 ERROR write command M154 S1
2025-04-07T06:50:10.743915+0800 ERROR second command M154 S1
2025-04-07T06:50:10.744912+0800 ERROR finish command M154 S1
2025-04-07T06:50:14.641867+0800 ERROR SENT: M105
2025-04-07T06:50:14.641867+0800 ERROR write command M105
2025-04-07T06:50:14.641867+0800 ERROR second command M105
2025-04-07T06:50:14.642765+0800 ERROR finish command M105
2025-04-07T06:50:14.642765+0800 ERROR SENT: G250 S21
2025-04-07T06:50:14.642765+0800 ERROR write command G250 S21
2025-04-07T06:50:14.642765+0800 ERROR second command G250 S21
2025-04-07T06:50:14.642765+0800 ERROR finish command G250 S21
2025-04-07T06:50:14.642765+0800 ERROR SENT: G250 S800
2025-04-07T06:50:14.642765+0800 ERROR write command G250 S800
2025-04-07T06:50:14.642765+0800 ERROR second command G250 S800
2025-04-07T06:50:14.643765+0800 ERROR finish command G250 S800
2025-04-07T06:50:14.643765+0800 ERROR SENT: M154 S1
2025-04-07T06:50:14.643975+0800 ERROR write command M154 S1
2025-04-07T06:50:14.643975+0800 ERROR second command M154 S1
2025-04-07T06:50:14.643975+0800 ERROR finish command M154 S1
2025-04-07T06:50:18.528160+0800 ERROR SENT: M105
2025-04-07T06:50:18.528160+0800 ERROR write command M105
2025-04-07T06:50:18.528160+0800 ERROR second command M105
2025-04-07T06:50:18.528160+0800 ERROR finish command M105
2025-04-07T06:50:18.528160+0800 ERROR SENT: G250 S21
2025-04-07T06:50:18.528160+0800 ERROR write command G250 S21
2025-04-07T06:50:18.529090+0800 ERROR second command G250 S21
2025-04-07T06:50:18.529090+0800 ERROR finish command G250 S21
2025-04-07T06:50:18.529090+0800 ERROR SENT: G250 S800
2025-04-07T06:50:18.529090+0800 ERROR write command G250 S800
2025-04-07T06:50:18.529090+0800 ERROR second command G250 S800
2025-04-07T06:50:18.529090+0800 ERROR finish command G250 S800
2025-04-07T06:50:18.529090+0800 ERROR SENT: M154 S1
2025-04-07T06:50:18.530106+0800 ERROR write command M154 S1
2025-04-07T06:50:18.530106+0800 ERROR second command M154 S1
2025-04-07T06:50:18.530106+0800 ERROR finish command M154 S1
2025-04-07T06:50:22.450511+0800 ERROR SENT: M105
2025-04-07T06:50:22.450511+0800 ERROR write command M105
2025-04-07T06:50:22.450511+0800 ERROR second command M105
2025-04-07T06:50:22.451522+0800 ERROR finish command M105
2025-04-07T06:50:22.451522+0800 ERROR SENT: G250 S21
2025-04-07T06:50:22.451522+0800 ERROR write command G250 S21
2025-04-07T06:50:22.451522+0800 ERROR second command G250 S21
2025-04-07T06:50:22.451522+0800 ERROR finish command G250 S21
2025-04-07T06:50:22.451522+0800 ERROR SENT: G250 S800
2025-04-07T06:50:22.452523+0800 ERROR write command G250 S800
2025-04-07T06:50:22.452523+0800 ERROR second command G250 S800
2025-04-07T06:50:22.452523+0800 ERROR finish command G250 S800
2025-04-07T06:50:22.452523+0800 ERROR SENT: M154 S1
2025-04-07T06:50:22.452523+0800 ERROR write command M154 S1
2025-04-07T06:50:22.452523+0800 ERROR second command M154 S1
2025-04-07T06:50:22.453520+0800 ERROR finish command M154 S1
2025-04-07T06:50:26.389901+0800 ERROR SENT: M105
2025-04-07T06:50:26.389901+0800 ERROR write command M105
2025-04-07T06:50:26.389901+0800 ERROR second command M105
2025-04-07T06:50:26.390910+0800 ERROR finish command M105
2025-04-07T06:50:26.390910+0800 ERROR SENT: G250 S21
2025-04-07T06:50:26.390910+0800 ERROR write command G250 S21
2025-04-07T06:50:26.390910+0800 ERROR second command G250 S21
2025-04-07T06:50:26.390910+0800 ERROR finish command G250 S21
2025-04-07T06:50:26.390910+0800 ERROR SENT: G250 S800
2025-04-07T06:50:26.390910+0800 ERROR write command G250 S800
2025-04-07T06:50:26.390910+0800 ERROR second command G250 S800
2025-04-07T06:50:26.391910+0800 ERROR finish command G250 S800
2025-04-07T06:50:26.391910+0800 ERROR SENT: M154 S1
2025-04-07T06:50:26.391910+0800 ERROR write command M154 S1
2025-04-07T06:50:26.391910+0800 ERROR second command M154 S1
2025-04-07T06:50:26.391910+0800 ERROR finish command M154 S1
2025-04-07T06:50:30.302787+0800 ERROR SENT: M105
2025-04-07T06:50:30.302787+0800 ERROR write command M105
2025-04-07T06:50:30.302787+0800 ERROR second command M105
2025-04-07T06:50:30.302787+0800 ERROR finish command M105
2025-04-07T06:50:30.302787+0800 ERROR SENT: G250 S21
2025-04-07T06:50:30.302787+0800 ERROR write command G250 S21
2025-04-07T06:50:30.303778+0800 ERROR second command G250 S21
2025-04-07T06:50:30.303778+0800 ERROR finish command G250 S21
2025-04-07T06:50:30.303778+0800 ERROR SENT: G250 S800
2025-04-07T06:50:30.303778+0800 ERROR write command G250 S800
2025-04-07T06:50:30.303778+0800 ERROR second command G250 S800
2025-04-07T06:50:30.303778+0800 ERROR finish command G250 S800
2025-04-07T06:50:30.303778+0800 ERROR SENT: M154 S1
2025-04-07T06:50:30.303778+0800 ERROR write command M154 S1
2025-04-07T06:50:30.304779+0800 ERROR second command M154 S1
2025-04-07T06:50:30.304779+0800 ERROR finish command M154 S1
2025-04-07T06:50:34.156485+0800 ERROR SENT: M105
2025-04-07T06:50:34.156485+0800 ERROR write command M105
2025-04-07T06:50:34.157492+0800 ERROR second command M105
2025-04-07T06:50:34.157492+0800 ERROR finish command M105
2025-04-07T06:50:34.157492+0800 ERROR SENT: G250 S21
2025-04-07T06:50:34.158489+0800 ERROR write command G250 S21
2025-04-07T06:50:34.158489+0800 ERROR second command G250 S21
2025-04-07T06:50:34.158489+0800 ERROR finish command G250 S21
2025-04-07T06:50:34.158489+0800 ERROR SENT: G250 S800
2025-04-07T06:50:34.158489+0800 ERROR write command G250 S800
2025-04-07T06:50:34.158489+0800 ERROR second command G250 S800
2025-04-07T06:50:34.158489+0800 ERROR finish command G250 S800
2025-04-07T06:50:34.158489+0800 ERROR SENT: M154 S1
2025-04-07T06:50:34.158489+0800 ERROR write command M154 S1
2025-04-07T06:50:34.158489+0800 ERROR second command M154 S1
2025-04-07T06:50:34.159489+0800 ERROR finish command M154 S1
2025-04-07T06:50:38.078650+0800 ERROR SENT: M105
2025-04-07T06:50:38.078650+0800 ERROR write command M105
2025-04-07T06:50:38.078650+0800 ERROR second command M105
2025-04-07T06:50:38.078650+0800 ERROR finish command M105
2025-04-07T06:50:38.079657+0800 ERROR SENT: G250 S21
2025-04-07T06:50:38.079657+0800 ERROR write command G250 S21
2025-04-07T06:50:38.079657+0800 ERROR second command G250 S21
2025-04-07T06:50:38.079657+0800 ERROR finish command G250 S21
2025-04-07T06:50:38.079657+0800 ERROR SENT: G250 S800
2025-04-07T06:50:38.079657+0800 ERROR write command G250 S800
2025-04-07T06:50:38.079657+0800 ERROR second command G250 S800
2025-04-07T06:50:38.079657+0800 ERROR finish command G250 S800
2025-04-07T06:50:38.080657+0800 ERROR SENT: M154 S1
2025-04-07T06:50:38.080657+0800 ERROR write command M154 S1
2025-04-07T06:50:38.080657+0800 ERROR second command M154 S1
2025-04-07T06:50:38.080657+0800 ERROR finish command M154 S1
2025-04-07T06:50:41.955514+0800 ERROR SENT: M105
2025-04-07T06:50:41.955514+0800 ERROR write command M105
2025-04-07T06:50:41.955514+0800 ERROR second command M105
2025-04-07T06:50:41.955514+0800 ERROR finish command M105
2025-04-07T06:50:41.956514+0800 ERROR SENT: G250 S21
2025-04-07T06:50:41.956514+0800 ERROR write command G250 S21
2025-04-07T06:50:41.956514+0800 ERROR second command G250 S21
2025-04-07T06:50:41.956514+0800 ERROR finish command G250 S21
2025-04-07T06:50:41.956514+0800 ERROR SENT: G250 S800
2025-04-07T06:50:41.956514+0800 ERROR write command G250 S800
2025-04-07T06:50:41.956514+0800 ERROR second command G250 S800
2025-04-07T06:50:41.957512+0800 ERROR finish command G250 S800
2025-04-07T06:50:41.957512+0800 ERROR SENT: M154 S1
2025-04-07T06:50:41.957512+0800 ERROR write command M154 S1
2025-04-07T06:50:41.957512+0800 ERROR second command M154 S1
2025-04-07T06:50:41.957512+0800 ERROR finish command M154 S1
2025-04-07T06:50:45.886672+0800 ERROR SENT: M105
2025-04-07T06:50:45.886672+0800 ERROR write command M105
2025-04-07T06:50:45.886672+0800 ERROR second command M105
2025-04-07T06:50:45.886672+0800 ERROR finish command M105
2025-04-07T06:50:45.886672+0800 ERROR SENT: G250 S21
2025-04-07T06:50:45.887674+0800 ERROR write command G250 S21
2025-04-07T06:50:45.887674+0800 ERROR second command G250 S21
2025-04-07T06:50:45.887674+0800 ERROR finish command G250 S21
2025-04-07T06:50:45.887674+0800 ERROR SENT: G250 S800
2025-04-07T06:50:45.887674+0800 ERROR write command G250 S800
2025-04-07T06:50:45.887674+0800 ERROR second command G250 S800
2025-04-07T06:50:45.887674+0800 ERROR finish command G250 S800
2025-04-07T06:50:45.888675+0800 ERROR SENT: M154 S1
2025-04-07T06:50:45.888675+0800 ERROR write command M154 S1
2025-04-07T06:50:45.888675+0800 ERROR second command M154 S1
2025-04-07T06:50:45.888675+0800 ERROR finish command M154 S1
2025-04-07T06:50:49.724834+0800 ERROR SENT: M105
2025-04-07T06:50:49.724834+0800 ERROR write command M105
2025-04-07T06:50:49.724834+0800 ERROR second command M105
2025-04-07T06:50:49.724834+0800 ERROR finish command M105
2025-04-07T06:50:49.724834+0800 ERROR SENT: G250 S21
2025-04-07T06:50:49.725842+0800 ERROR write command G250 S21
2025-04-07T06:50:49.725842+0800 ERROR second command G250 S21
2025-04-07T06:50:49.725842+0800 ERROR finish command G250 S21
2025-04-07T06:50:49.725842+0800 ERROR SENT: G250 S800
2025-04-07T06:50:49.725842+0800 ERROR write command G250 S800
2025-04-07T06:50:49.725842+0800 ERROR second command G250 S800
2025-04-07T06:50:49.725842+0800 ERROR finish command G250 S800
2025-04-07T06:50:49.725842+0800 ERROR SENT: M154 S1
2025-04-07T06:50:49.726872+0800 ERROR write command M154 S1
2025-04-07T06:50:49.726872+0800 ERROR second command M154 S1
2025-04-07T06:50:49.726872+0800 ERROR finish command M154 S1
2025-04-07T06:50:53.611583+0800 ERROR SENT: M105
2025-04-07T06:50:53.611583+0800 ERROR write command M105
2025-04-07T06:50:53.611583+0800 ERROR second command M105
2025-04-07T06:50:53.612583+0800 ERROR finish command M105
2025-04-07T06:50:53.612583+0800 ERROR SENT: G250 S21
2025-04-07T06:50:53.612583+0800 ERROR write command G250 S21
2025-04-07T06:50:53.612583+0800 ERROR second command G250 S21
2025-04-07T06:50:53.612583+0800 ERROR finish command G250 S21
2025-04-07T06:50:53.612583+0800 ERROR SENT: G250 S800
2025-04-07T06:50:53.612583+0800 ERROR write command G250 S800
2025-04-07T06:50:53.613633+0800 ERROR second command G250 S800
2025-04-07T06:50:53.613633+0800 ERROR finish command G250 S800
2025-04-07T06:50:53.613633+0800 ERROR SENT: M154 S1
2025-04-07T06:50:53.613633+0800 ERROR write command M154 S1
2025-04-07T06:50:53.613633+0800 ERROR second command M154 S1
2025-04-07T06:50:53.614582+0800 ERROR finish command M154 S1
2025-04-07T06:50:57.508884+0800 ERROR SENT: M105
2025-04-07T06:50:57.508884+0800 ERROR write command M105
2025-04-07T06:50:57.509884+0800 ERROR second command M105
2025-04-07T06:50:57.509884+0800 ERROR finish command M105
2025-04-07T06:50:57.509884+0800 ERROR SENT: G250 S21
2025-04-07T06:50:57.509884+0800 ERROR write command G250 S21
2025-04-07T06:50:57.509884+0800 ERROR second command G250 S21
2025-04-07T06:50:57.509884+0800 ERROR finish command G250 S21
2025-04-07T06:50:57.509884+0800 ERROR SENT: G250 S800
2025-04-07T06:50:57.509884+0800 ERROR write command G250 S800
2025-04-07T06:50:57.510884+0800 ERROR second command G250 S800
2025-04-07T06:50:57.510884+0800 ERROR finish command G250 S800
2025-04-07T06:50:57.510884+0800 ERROR SENT: M154 S1
2025-04-07T06:50:57.510884+0800 ERROR write command M154 S1
2025-04-07T06:50:57.511884+0800 ERROR second command M154 S1
2025-04-07T06:50:57.511884+0800 ERROR finish command M154 S1
2025-04-07T06:51:01.424157+0800 ERROR SENT: M105
2025-04-07T06:51:01.424157+0800 ERROR write command M105
2025-04-07T06:51:01.425131+0800 ERROR second command M105
2025-04-07T06:51:01.425131+0800 ERROR finish command M105
2025-04-07T06:51:01.425131+0800 ERROR SENT: G250 S21
2025-04-07T06:51:01.425131+0800 ERROR write command G250 S21
2025-04-07T06:51:01.425131+0800 ERROR second command G250 S21
2025-04-07T06:51:01.426086+0800 ERROR finish command G250 S21
2025-04-07T06:51:01.426086+0800 ERROR SENT: G250 S800
2025-04-07T06:51:01.426086+0800 ERROR write command G250 S800
2025-04-07T06:51:01.426086+0800 ERROR second command G250 S800
2025-04-07T06:51:01.426086+0800 ERROR finish command G250 S800
2025-04-07T06:51:01.426086+0800 ERROR SENT: M154 S1
2025-04-07T06:51:01.426086+0800 ERROR write command M154 S1
2025-04-07T06:51:01.427086+0800 ERROR second command M154 S1
2025-04-07T06:51:01.427086+0800 ERROR finish command M154 S1
2025-04-07T06:51:05.322349+0800 ERROR SENT: M105
2025-04-07T06:51:05.322349+0800 ERROR write command M105
2025-04-07T06:51:05.322349+0800 ERROR second command M105
2025-04-07T06:51:05.322349+0800 ERROR finish command M105
2025-04-07T06:51:05.323350+0800 ERROR SENT: G250 S21
2025-04-07T06:51:05.323350+0800 ERROR write command G250 S21
2025-04-07T06:51:05.323350+0800 ERROR second command G250 S21
2025-04-07T06:51:05.323350+0800 ERROR finish command G250 S21
2025-04-07T06:51:05.323350+0800 ERROR SENT: G250 S800
2025-04-07T06:51:05.323350+0800 ERROR write command G250 S800
2025-04-07T06:51:05.323350+0800 ERROR second command G250 S800
2025-04-07T06:51:05.323350+0800 ERROR finish command G250 S800
2025-04-07T06:51:05.324064+0800 ERROR SENT: M154 S1
2025-04-07T06:51:05.324064+0800 ERROR write command M154 S1
2025-04-07T06:51:05.325380+0800 ERROR second command M154 S1
2025-04-07T06:51:05.325380+0800 ERROR finish command M154 S1
2025-04-07T06:51:09.219734+0800 ERROR SENT: M105
2025-04-07T06:51:09.219734+0800 ERROR write command M105
2025-04-07T06:51:09.219734+0800 ERROR second command M105
2025-04-07T06:51:09.220741+0800 ERROR finish command M105
2025-04-07T06:51:09.220741+0800 ERROR SENT: G250 S21
2025-04-07T06:51:09.220741+0800 ERROR write command G250 S21
2025-04-07T06:51:09.220741+0800 ERROR second command G250 S21
2025-04-07T06:51:09.221738+0800 ERROR finish command G250 S21
2025-04-07T06:51:09.221738+0800 ERROR SENT: G250 S800
2025-04-07T06:51:09.221738+0800 ERROR write command G250 S800
2025-04-07T06:51:09.221738+0800 ERROR second command G250 S800
2025-04-07T06:51:09.221738+0800 ERROR finish command G250 S800
2025-04-07T06:51:09.221738+0800 ERROR SENT: M154 S1
2025-04-07T06:51:09.221738+0800 ERROR write command M154 S1
2025-04-07T06:51:09.222738+0800 ERROR second command M154 S1
2025-04-07T06:51:09.222738+0800 ERROR finish command M154 S1
2025-04-07T06:51:13.072784+0800 ERROR SENT: M105
2025-04-07T06:51:13.072784+0800 ERROR write command M105
2025-04-07T06:51:13.072784+0800 ERROR second command M105
2025-04-07T06:51:13.072784+0800 ERROR finish command M105
2025-04-07T06:51:13.072784+0800 ERROR SENT: G250 S21
2025-04-07T06:51:13.073788+0800 ERROR write command G250 S21
2025-04-07T06:51:13.073788+0800 ERROR second command G250 S21
2025-04-07T06:51:13.073788+0800 ERROR finish command G250 S21
2025-04-07T06:51:13.073788+0800 ERROR SENT: G250 S800
2025-04-07T06:51:13.073788+0800 ERROR write command G250 S800
2025-04-07T06:51:13.073788+0800 ERROR second command G250 S800
2025-04-07T06:51:13.073788+0800 ERROR finish command G250 S800
2025-04-07T06:51:13.073788+0800 ERROR SENT: M154 S1
2025-04-07T06:51:13.074789+0800 ERROR write command M154 S1
2025-04-07T06:51:13.074789+0800 ERROR second command M154 S1
2025-04-07T06:51:13.074789+0800 ERROR finish command M154 S1
2025-04-07T06:51:17.004908+0800 ERROR SENT: M105
2025-04-07T06:51:17.004908+0800 ERROR write command M105
2025-04-07T06:51:17.004908+0800 ERROR second command M105
2025-04-07T06:51:17.004908+0800 ERROR finish command M105
2025-04-07T06:51:17.004908+0800 ERROR SENT: G250 S21
2025-04-07T06:51:17.005909+0800 ERROR write command G250 S21
2025-04-07T06:51:17.005909+0800 ERROR second command G250 S21
2025-04-07T06:51:17.005909+0800 ERROR finish command G250 S21
2025-04-07T06:51:17.005909+0800 ERROR SENT: G250 S800
2025-04-07T06:51:17.005909+0800 ERROR write command G250 S800
2025-04-07T06:51:17.005909+0800 ERROR second command G250 S800
2025-04-07T06:51:17.005909+0800 ERROR finish command G250 S800
2025-04-07T06:51:17.005909+0800 ERROR SENT: M154 S1
2025-04-07T06:51:17.006918+0800 ERROR write command M154 S1
2025-04-07T06:51:17.006918+0800 ERROR second command M154 S1
2025-04-07T06:51:17.006918+0800 ERROR finish command M154 S1
2025-04-07T06:51:20.858500+0800 ERROR SENT: M105
2025-04-07T06:51:20.858500+0800 ERROR write command M105
2025-04-07T06:51:20.858500+0800 ERROR second command M105
2025-04-07T06:51:20.859510+0800 ERROR finish command M105
2025-04-07T06:51:20.859510+0800 ERROR SENT: G250 S21
2025-04-07T06:51:20.859510+0800 ERROR write command G250 S21
2025-04-07T06:51:20.860507+0800 ERROR second command G250 S21
2025-04-07T06:51:20.860507+0800 ERROR finish command G250 S21
2025-04-07T06:51:20.860507+0800 ERROR SENT: G250 S800
2025-04-07T06:51:20.860507+0800 ERROR write command G250 S800
2025-04-07T06:51:20.860507+0800 ERROR second command G250 S800
2025-04-07T06:51:20.860507+0800 ERROR finish command G250 S800
2025-04-07T06:51:20.860507+0800 ERROR SENT: M154 S1
2025-04-07T06:51:20.861509+0800 ERROR write command M154 S1
2025-04-07T06:51:20.861509+0800 ERROR second command M154 S1
2025-04-07T06:51:20.861509+0800 ERROR finish command M154 S1
2025-04-07T06:51:24.755468+0800 ERROR SENT: M105
2025-04-07T06:51:24.755468+0800 ERROR write command M105
2025-04-07T06:51:24.755468+0800 ERROR second command M105
2025-04-07T06:51:24.755468+0800 ERROR finish command M105
2025-04-07T06:51:24.755468+0800 ERROR SENT: G250 S21
2025-04-07T06:51:24.755468+0800 ERROR write command G250 S21
2025-04-07T06:51:24.755468+0800 ERROR second command G250 S21
2025-04-07T06:51:24.756492+0800 ERROR finish command G250 S21
2025-04-07T06:51:24.756492+0800 ERROR SENT: G250 S800
2025-04-07T06:51:24.756492+0800 ERROR write command G250 S800
2025-04-07T06:51:24.756492+0800 ERROR second command G250 S800
2025-04-07T06:51:24.756492+0800 ERROR finish command G250 S800
2025-04-07T06:51:24.756492+0800 ERROR SENT: M154 S1
2025-04-07T06:51:24.757492+0800 ERROR write command M154 S1
2025-04-07T06:51:24.757492+0800 ERROR second command M154 S1
2025-04-07T06:51:24.757492+0800 ERROR finish command M154 S1
2025-04-07T06:51:28.685951+0800 ERROR SENT: M105
2025-04-07T06:51:28.685951+0800 ERROR write command M105
2025-04-07T06:51:28.685951+0800 ERROR second command M105
2025-04-07T06:51:28.685951+0800 ERROR finish command M105
2025-04-07T06:51:28.685951+0800 ERROR SENT: G250 S21
2025-04-07T06:51:28.685951+0800 ERROR write command G250 S21
2025-04-07T06:51:28.685951+0800 ERROR second command G250 S21
2025-04-07T06:51:28.686959+0800 ERROR finish command G250 S21
2025-04-07T06:51:28.686959+0800 ERROR SENT: G250 S800
2025-04-07T06:51:28.686959+0800 ERROR write command G250 S800
2025-04-07T06:51:28.686959+0800 ERROR second command G250 S800
2025-04-07T06:51:28.686959+0800 ERROR finish command G250 S800
2025-04-07T06:51:28.686959+0800 ERROR SENT: M154 S1
2025-04-07T06:51:28.686959+0800 ERROR write command M154 S1
2025-04-07T06:51:28.686959+0800 ERROR second command M154 S1
2025-04-07T06:51:28.686959+0800 ERROR finish command M154 S1
2025-04-07T06:51:32.539023+0800 ERROR SENT: M105
2025-04-07T06:51:32.539023+0800 ERROR write command M105
2025-04-07T06:51:32.539023+0800 ERROR second command M105
2025-04-07T06:51:32.539023+0800 ERROR finish command M105
2025-04-07T06:51:32.540022+0800 ERROR SENT: G250 S21
2025-04-07T06:51:32.540022+0800 ERROR write command G250 S21
2025-04-07T06:51:32.540022+0800 ERROR second command G250 S21
2025-04-07T06:51:32.540022+0800 ERROR finish command G250 S21
2025-04-07T06:51:32.540022+0800 ERROR SENT: G250 S800
2025-04-07T06:51:32.540022+0800 ERROR write command G250 S800
2025-04-07T06:51:32.540022+0800 ERROR second command G250 S800
2025-04-07T06:51:32.540022+0800 ERROR finish command G250 S800
2025-04-07T06:51:32.541023+0800 ERROR SENT: M154 S1
2025-04-07T06:51:32.541023+0800 ERROR write command M154 S1
2025-04-07T06:51:32.541023+0800 ERROR second command M154 S1
2025-04-07T06:51:32.541023+0800 ERROR finish command M154 S1
2025-04-07T06:51:36.384697+0800 ERROR SENT: M105
2025-04-07T06:51:36.384697+0800 ERROR write command M105
2025-04-07T06:51:36.385698+0800 ERROR second command M105
2025-04-07T06:51:36.385698+0800 ERROR finish command M105
2025-04-07T06:51:36.385698+0800 ERROR SENT: G250 S21
2025-04-07T06:51:36.386703+0800 ERROR write command G250 S21
2025-04-07T06:51:36.386703+0800 ERROR second command G250 S21
2025-04-07T06:51:36.386703+0800 ERROR finish command G250 S21
2025-04-07T06:51:36.386703+0800 ERROR SENT: G250 S800
2025-04-07T06:51:36.387698+0800 ERROR write command G250 S800
2025-04-07T06:51:36.387698+0800 ERROR second command G250 S800
2025-04-07T06:51:36.387698+0800 ERROR finish command G250 S800
2025-04-07T06:51:36.387698+0800 ERROR SENT: M154 S1
2025-04-07T06:51:36.387698+0800 ERROR write command M154 S1
2025-04-07T06:51:36.388698+0800 ERROR second command M154 S1
2025-04-07T06:51:36.388698+0800 ERROR finish command M154 S1
2025-04-07T06:51:40.261571+0800 ERROR SENT: M105
2025-04-07T06:51:40.261571+0800 ERROR write command M105
2025-04-07T06:51:40.262572+0800 ERROR second command M105
2025-04-07T06:51:40.262572+0800 ERROR finish command M105
2025-04-07T06:51:40.262572+0800 ERROR SENT: G250 S21
2025-04-07T06:51:40.262572+0800 ERROR write command G250 S21
2025-04-07T06:51:40.263571+0800 ERROR second command G250 S21
2025-04-07T06:51:40.263571+0800 ERROR finish command G250 S21
2025-04-07T06:51:40.263571+0800 ERROR SENT: G250 S800
2025-04-07T06:51:40.263571+0800 ERROR write command G250 S800
2025-04-07T06:51:40.264572+0800 ERROR second command G250 S800
2025-04-07T06:51:40.264572+0800 ERROR finish command G250 S800
2025-04-07T06:51:40.264572+0800 ERROR SENT: M154 S1
2025-04-07T06:51:40.264572+0800 ERROR write command M154 S1
2025-04-07T06:51:40.264572+0800 ERROR second command M154 S1
2025-04-07T06:51:40.265572+0800 ERROR finish command M154 S1
2025-04-07T06:51:44.174820+0800 ERROR SENT: M105
2025-04-07T06:51:44.174820+0800 ERROR write command M105
2025-04-07T06:51:44.174820+0800 ERROR second command M105
2025-04-07T06:51:44.175820+0800 ERROR finish command M105
2025-04-07T06:51:44.175820+0800 ERROR SENT: G250 S21
2025-04-07T06:51:44.175820+0800 ERROR write command G250 S21
2025-04-07T06:51:44.175820+0800 ERROR second command G250 S21
2025-04-07T06:51:44.175820+0800 ERROR finish command G250 S21
2025-04-07T06:51:44.176820+0800 ERROR SENT: G250 S800
2025-04-07T06:51:44.176820+0800 ERROR write command G250 S800
2025-04-07T06:51:44.176820+0800 ERROR second command G250 S800
2025-04-07T06:51:44.176820+0800 ERROR finish command G250 S800
2025-04-07T06:51:44.176820+0800 ERROR SENT: M154 S1
2025-04-07T06:51:44.176820+0800 ERROR write command M154 S1
2025-04-07T06:51:44.177820+0800 ERROR second command M154 S1
2025-04-07T06:51:44.177820+0800 ERROR finish command M154 S1
2025-04-07T06:51:48.072202+0800 ERROR SENT: M105
2025-04-07T06:51:48.072202+0800 ERROR write command M105
2025-04-07T06:51:48.072202+0800 ERROR second command M105
2025-04-07T06:51:48.073202+0800 ERROR finish command M105
2025-04-07T06:51:48.073202+0800 ERROR SENT: G250 S21
2025-04-07T06:51:48.073202+0800 ERROR write command G250 S21
2025-04-07T06:51:48.073202+0800 ERROR second command G250 S21
2025-04-07T06:51:48.074203+0800 ERROR finish command G250 S21
2025-04-07T06:51:48.074203+0800 ERROR SENT: G250 S800
2025-04-07T06:51:48.074203+0800 ERROR write command G250 S800
2025-04-07T06:51:48.074203+0800 ERROR second command G250 S800
2025-04-07T06:51:48.074203+0800 ERROR finish command G250 S800
2025-04-07T06:51:48.074203+0800 ERROR SENT: M154 S1
2025-04-07T06:51:48.075203+0800 ERROR write command M154 S1
2025-04-07T06:51:48.075203+0800 ERROR second command M154 S1
2025-04-07T06:51:48.075203+0800 ERROR finish command M154 S1
2025-04-07T06:51:51.994318+0800 ERROR SENT: M105
2025-04-07T06:51:51.994318+0800 ERROR write command M105
2025-04-07T06:51:51.994318+0800 ERROR second command M105
2025-04-07T06:51:51.994318+0800 ERROR finish command M105
2025-04-07T06:51:51.994318+0800 ERROR SENT: G250 S21
2025-04-07T06:51:51.995315+0800 ERROR write command G250 S21
2025-04-07T06:51:51.995315+0800 ERROR second command G250 S21
2025-04-07T06:51:51.995315+0800 ERROR finish command G250 S21
2025-04-07T06:51:51.995315+0800 ERROR SENT: G250 S800
2025-04-07T06:51:51.995315+0800 ERROR write command G250 S800
2025-04-07T06:51:51.995315+0800 ERROR second command G250 S800
2025-04-07T06:51:51.995315+0800 ERROR finish command G250 S800
2025-04-07T06:51:51.995315+0800 ERROR SENT: M154 S1
2025-04-07T06:51:51.996317+0800 ERROR write command M154 S1
2025-04-07T06:51:51.996317+0800 ERROR second command M154 S1
2025-04-07T06:51:51.996317+0800 ERROR finish command M154 S1
2025-04-07T06:51:55.851008+0800 ERROR SENT: M105
2025-04-07T06:51:55.851008+0800 ERROR write command M105
2025-04-07T06:51:55.851008+0800 ERROR second command M105
2025-04-07T06:51:55.851008+0800 ERROR finish command M105
2025-04-07T06:51:55.852018+0800 ERROR SENT: G250 S21
2025-04-07T06:51:55.852018+0800 ERROR write command G250 S21
2025-04-07T06:51:55.852018+0800 ERROR second command G250 S21
2025-04-07T06:51:55.852018+0800 ERROR finish command G250 S21
2025-04-07T06:51:55.852018+0800 ERROR SENT: G250 S800
2025-04-07T06:51:55.852018+0800 ERROR write command G250 S800
2025-04-07T06:51:55.852018+0800 ERROR second command G250 S800
2025-04-07T06:51:55.852018+0800 ERROR finish command G250 S800
2025-04-07T06:51:55.852018+0800 ERROR SENT: M154 S1
2025-04-07T06:51:55.853017+0800 ERROR write command M154 S1
2025-04-07T06:51:55.853017+0800 ERROR second command M154 S1
2025-04-07T06:51:55.853017+0800 ERROR finish command M154 S1
2025-04-07T06:51:59.738364+0800 ERROR SENT: M105
2025-04-07T06:51:59.738364+0800 ERROR write command M105
2025-04-07T06:51:59.738364+0800 ERROR second command M105
2025-04-07T06:51:59.738364+0800 ERROR finish command M105
2025-04-07T06:51:59.738364+0800 ERROR SENT: G250 S21
2025-04-07T06:51:59.739272+0800 ERROR write command G250 S21
2025-04-07T06:51:59.739272+0800 ERROR second command G250 S21
2025-04-07T06:51:59.739272+0800 ERROR finish command G250 S21
2025-04-07T06:51:59.739272+0800 ERROR SENT: G250 S800
2025-04-07T06:51:59.739272+0800 ERROR write command G250 S800
2025-04-07T06:51:59.739272+0800 ERROR second command G250 S800
2025-04-07T06:51:59.739272+0800 ERROR finish command G250 S800
2025-04-07T06:51:59.739272+0800 ERROR SENT: M154 S1
2025-04-07T06:51:59.740270+0800 ERROR write command M154 S1
2025-04-07T06:51:59.740270+0800 ERROR second command M154 S1
2025-04-07T06:51:59.740270+0800 ERROR finish command M154 S1
2025-04-07T06:52:03.656464+0800 ERROR SENT: M105
2025-04-07T06:52:03.656464+0800 ERROR write command M105
2025-04-07T06:52:03.656464+0800 ERROR second command M105
2025-04-07T06:52:03.657473+0800 ERROR finish command M105
2025-04-07T06:52:03.657473+0800 ERROR SENT: G250 S21
2025-04-07T06:52:03.657473+0800 ERROR write command G250 S21
2025-04-07T06:52:03.657473+0800 ERROR second command G250 S21
2025-04-07T06:52:03.657473+0800 ERROR finish command G250 S21
2025-04-07T06:52:03.657473+0800 ERROR SENT: G250 S800
2025-04-07T06:52:03.657473+0800 ERROR write command G250 S800
2025-04-07T06:52:03.657473+0800 ERROR second command G250 S800
2025-04-07T06:52:03.657473+0800 ERROR finish command G250 S800
2025-04-07T06:52:03.657473+0800 ERROR SENT: M154 S1
2025-04-07T06:52:03.658472+0800 ERROR write command M154 S1
2025-04-07T06:52:03.658472+0800 ERROR second command M154 S1
2025-04-07T06:52:03.658472+0800 ERROR finish command M154 S1
2025-04-07T06:52:07.554188+0800 ERROR SENT: M105
2025-04-07T06:52:07.554188+0800 ERROR write command M105
2025-04-07T06:52:07.554188+0800 ERROR second command M105
2025-04-07T06:52:07.555199+0800 ERROR finish command M105
2025-04-07T06:52:07.555199+0800 ERROR SENT: G250 S21
2025-04-07T06:52:07.555199+0800 ERROR write command G250 S21
2025-04-07T06:52:07.555199+0800 ERROR second command G250 S21
2025-04-07T06:52:07.555199+0800 ERROR finish command G250 S21
2025-04-07T06:52:07.555199+0800 ERROR SENT: G250 S800
2025-04-07T06:52:07.555199+0800 ERROR write command G250 S800
2025-04-07T06:52:07.555199+0800 ERROR second command G250 S800
2025-04-07T06:52:07.555199+0800 ERROR finish command G250 S800
2025-04-07T06:52:07.556197+0800 ERROR SENT: M154 S1
2025-04-07T06:52:07.556197+0800 ERROR write command M154 S1
2025-04-07T06:52:07.556197+0800 ERROR second command M154 S1
2025-04-07T06:52:07.556197+0800 ERROR finish command M154 S1
2025-04-07T06:52:11.449878+0800 ERROR SENT: M105
2025-04-07T06:52:11.449878+0800 ERROR write command M105
2025-04-07T06:52:11.449878+0800 ERROR second command M105
2025-04-07T06:52:11.450889+0800 ERROR finish command M105
2025-04-07T06:52:11.450889+0800 ERROR SENT: G250 S21
2025-04-07T06:52:11.450889+0800 ERROR write command G250 S21
2025-04-07T06:52:11.450889+0800 ERROR second command G250 S21
2025-04-07T06:52:11.450889+0800 ERROR finish command G250 S21
2025-04-07T06:52:11.450889+0800 ERROR SENT: G250 S800
2025-04-07T06:52:11.450889+0800 ERROR write command G250 S800
2025-04-07T06:52:11.450889+0800 ERROR second command G250 S800
2025-04-07T06:52:11.450889+0800 ERROR finish command G250 S800
2025-04-07T06:52:11.450889+0800 ERROR SENT: M154 S1
2025-04-07T06:52:11.451888+0800 ERROR write command M154 S1
2025-04-07T06:52:11.451888+0800 ERROR second command M154 S1
2025-04-07T06:52:11.451888+0800 ERROR finish command M154 S1
2025-04-07T06:52:15.347121+0800 ERROR SENT: M105
2025-04-07T06:52:15.347121+0800 ERROR write command M105
2025-04-07T06:52:15.347121+0800 ERROR second command M105
2025-04-07T06:52:15.348130+0800 ERROR finish command M105
2025-04-07T06:52:15.348130+0800 ERROR SENT: G250 S21
2025-04-07T06:52:15.348130+0800 ERROR write command G250 S21
2025-04-07T06:52:15.348130+0800 ERROR second command G250 S21
2025-04-07T06:52:15.348130+0800 ERROR finish command G250 S21
2025-04-07T06:52:15.348130+0800 ERROR SENT: G250 S800
2025-04-07T06:52:15.349130+0800 ERROR write command G250 S800
2025-04-07T06:52:15.349130+0800 ERROR second command G250 S800
2025-04-07T06:52:15.349130+0800 ERROR finish command G250 S800
2025-04-07T06:52:15.349130+0800 ERROR SENT: M154 S1
2025-04-07T06:52:15.349130+0800 ERROR write command M154 S1
2025-04-07T06:52:15.349130+0800 ERROR second command M154 S1
2025-04-07T06:52:15.349130+0800 ERROR finish command M154 S1
2025-04-07T06:52:19.235549+0800 ERROR SENT: M105
2025-04-07T06:52:19.235549+0800 ERROR write command M105
2025-04-07T06:52:19.235549+0800 ERROR second command M105
2025-04-07T06:52:19.235549+0800 ERROR finish command M105
2025-04-07T06:52:19.235549+0800 ERROR SENT: G250 S21
2025-04-07T06:52:19.236550+0800 ERROR write command G250 S21
2025-04-07T06:52:19.236550+0800 ERROR second command G250 S21
2025-04-07T06:52:19.236550+0800 ERROR finish command G250 S21
2025-04-07T06:52:19.236550+0800 ERROR SENT: G250 S800
2025-04-07T06:52:19.236550+0800 ERROR write command G250 S800
2025-04-07T06:52:19.236550+0800 ERROR second command G250 S800
2025-04-07T06:52:19.236550+0800 ERROR finish command G250 S800
2025-04-07T06:52:19.236550+0800 ERROR SENT: M154 S1
2025-04-07T06:52:19.236550+0800 ERROR write command M154 S1
2025-04-07T06:52:19.236550+0800 ERROR second command M154 S1
2025-04-07T06:52:19.237550+0800 ERROR finish command M154 S1
2025-04-07T06:52:23.105123+0800 ERROR SENT: M105
2025-04-07T06:52:23.105123+0800 ERROR write command M105
2025-04-07T06:52:23.105123+0800 ERROR second command M105
2025-04-07T06:52:23.105123+0800 ERROR finish command M105
2025-04-07T06:52:23.105123+0800 ERROR SENT: G250 S21
2025-04-07T06:52:23.105123+0800 ERROR write command G250 S21
2025-04-07T06:52:23.105123+0800 ERROR second command G250 S21
2025-04-07T06:52:23.105123+0800 ERROR finish command G250 S21
2025-04-07T06:52:23.106124+0800 ERROR SENT: G250 S800
2025-04-07T06:52:23.106124+0800 ERROR write command G250 S800
2025-04-07T06:52:23.106124+0800 ERROR second command G250 S800
2025-04-07T06:52:23.106124+0800 ERROR finish command G250 S800
2025-04-07T06:52:23.110123+0800 ERROR SENT: M154 S1
2025-04-07T06:52:23.110123+0800 ERROR write command M154 S1
2025-04-07T06:52:23.110123+0800 ERROR second command M154 S1
2025-04-07T06:52:23.110123+0800 ERROR finish command M154 S1
2025-04-07T06:52:26.987703+0800 ERROR SENT: M105
2025-04-07T06:52:26.987703+0800 ERROR write command M105
2025-04-07T06:52:26.987703+0800 ERROR second command M105
2025-04-07T06:52:26.988704+0800 ERROR finish command M105
2025-04-07T06:52:26.988704+0800 ERROR SENT: G250 S21
2025-04-07T06:52:26.988704+0800 ERROR write command G250 S21
2025-04-07T06:52:26.988704+0800 ERROR second command G250 S21
2025-04-07T06:52:26.988704+0800 ERROR finish command G250 S21
2025-04-07T06:52:26.988704+0800 ERROR SENT: G250 S800
2025-04-07T06:52:26.988704+0800 ERROR write command G250 S800
2025-04-07T06:52:26.988704+0800 ERROR second command G250 S800
2025-04-07T06:52:26.988704+0800 ERROR finish command G250 S800
2025-04-07T06:52:26.988704+0800 ERROR SENT: M154 S1
2025-04-07T06:52:26.989704+0800 ERROR write command M154 S1
2025-04-07T06:52:26.989704+0800 ERROR second command M154 S1
2025-04-07T06:52:26.989704+0800 ERROR finish command M154 S1
2025-04-07T06:52:30.918761+0800 ERROR SENT: M105
2025-04-07T06:52:30.918761+0800 ERROR write command M105
2025-04-07T06:52:30.919656+0800 ERROR second command M105
2025-04-07T06:52:30.919656+0800 ERROR finish command M105
2025-04-07T06:52:30.919656+0800 ERROR SENT: G250 S21
2025-04-07T06:52:30.919656+0800 ERROR write command G250 S21
2025-04-07T06:52:30.919656+0800 ERROR second command G250 S21
2025-04-07T06:52:30.920676+0800 ERROR finish command G250 S21
2025-04-07T06:52:30.920676+0800 ERROR SENT: G250 S800
2025-04-07T06:52:30.920676+0800 ERROR write command G250 S800
2025-04-07T06:52:30.920676+0800 ERROR second command G250 S800
2025-04-07T06:52:30.920676+0800 ERROR finish command G250 S800
2025-04-07T06:52:30.920676+0800 ERROR SENT: M154 S1
2025-04-07T06:52:30.920676+0800 ERROR write command M154 S1
2025-04-07T06:52:30.920676+0800 ERROR second command M154 S1
2025-04-07T06:52:30.921659+0800 ERROR finish command M154 S1
2025-04-07T06:52:34.763844+0800 ERROR SENT: M105
2025-04-07T06:52:34.763844+0800 ERROR write command M105
2025-04-07T06:52:34.763844+0800 ERROR second command M105
2025-04-07T06:52:34.763844+0800 ERROR finish command M105
2025-04-07T06:52:34.764851+0800 ERROR SENT: G250 S21
2025-04-07T06:52:34.764851+0800 ERROR write command G250 S21
2025-04-07T06:52:34.764851+0800 ERROR second command G250 S21
2025-04-07T06:52:34.764851+0800 ERROR finish command G250 S21
2025-04-07T06:52:34.764851+0800 ERROR SENT: G250 S800
2025-04-07T06:52:34.764851+0800 ERROR write command G250 S800
2025-04-07T06:52:34.764851+0800 ERROR second command G250 S800
2025-04-07T06:52:34.764851+0800 ERROR finish command G250 S800
2025-04-07T06:52:34.764851+0800 ERROR SENT: M154 S1
2025-04-07T06:52:34.764851+0800 ERROR write command M154 S1
2025-04-07T06:52:34.765851+0800 ERROR second command M154 S1
2025-04-07T06:52:34.765851+0800 ERROR finish command M154 S1
2025-04-07T06:52:38.655653+0800 ERROR SENT: M105
2025-04-07T06:52:38.655653+0800 ERROR write command M105
2025-04-07T06:52:38.655653+0800 ERROR second command M105
2025-04-07T06:52:38.656658+0800 ERROR finish command M105
2025-04-07T06:52:38.656658+0800 ERROR SENT: G250 S21
2025-04-07T06:52:38.656658+0800 ERROR write command G250 S21
2025-04-07T06:52:38.656658+0800 ERROR second command G250 S21
2025-04-07T06:52:38.656658+0800 ERROR finish command G250 S21
2025-04-07T06:52:38.656658+0800 ERROR SENT: G250 S800
2025-04-07T06:52:38.657658+0800 ERROR write command G250 S800
2025-04-07T06:52:38.657658+0800 ERROR second command G250 S800
2025-04-07T06:52:38.657658+0800 ERROR finish command G250 S800
2025-04-07T06:52:38.657658+0800 ERROR SENT: M154 S1
2025-04-07T06:52:38.657658+0800 ERROR write command M154 S1
2025-04-07T06:52:38.657658+0800 ERROR second command M154 S1
2025-04-07T06:52:38.657658+0800 ERROR finish command M154 S1
2025-04-07T06:52:42.553412+0800 ERROR SENT: M105
2025-04-07T06:52:42.553412+0800 ERROR write command M105
2025-04-07T06:52:42.553412+0800 ERROR second command M105
2025-04-07T06:52:42.554338+0800 ERROR finish command M105
2025-04-07T06:52:42.554338+0800 ERROR SENT: G250 S21
2025-04-07T06:52:42.554338+0800 ERROR write command G250 S21
2025-04-07T06:52:42.554338+0800 ERROR second command G250 S21
2025-04-07T06:52:42.554338+0800 ERROR finish command G250 S21
2025-04-07T06:52:42.554338+0800 ERROR SENT: G250 S800
2025-04-07T06:52:42.554338+0800 ERROR write command G250 S800
2025-04-07T06:52:42.554338+0800 ERROR second command G250 S800
2025-04-07T06:52:42.554338+0800 ERROR finish command G250 S800
2025-04-07T06:52:42.554338+0800 ERROR SENT: M154 S1
2025-04-07T06:52:42.554338+0800 ERROR write command M154 S1
2025-04-07T06:52:42.555337+0800 ERROR second command M154 S1
2025-04-07T06:52:42.555337+0800 ERROR finish command M154 S1
2025-04-07T06:52:46.431070+0800 ERROR SENT: M105
2025-04-07T06:52:46.431070+0800 ERROR write command M105
2025-04-07T06:52:46.431070+0800 ERROR second command M105
2025-04-07T06:52:46.432071+0800 ERROR finish command M105
2025-04-07T06:52:46.432071+0800 ERROR SENT: G250 S21
2025-04-07T06:52:46.432071+0800 ERROR write command G250 S21
2025-04-07T06:52:46.432071+0800 ERROR second command G250 S21
2025-04-07T06:52:46.432071+0800 ERROR finish command G250 S21
2025-04-07T06:52:46.432071+0800 ERROR SENT: G250 S800
2025-04-07T06:52:46.432071+0800 ERROR write command G250 S800
2025-04-07T06:52:46.433071+0800 ERROR second command G250 S800
2025-04-07T06:52:46.433071+0800 ERROR finish command G250 S800
2025-04-07T06:52:46.433071+0800 ERROR SENT: M154 S1
2025-04-07T06:52:46.433071+0800 ERROR write command M154 S1
2025-04-07T06:52:46.433071+0800 ERROR second command M154 S1
2025-04-07T06:52:46.433071+0800 ERROR finish command M154 S1
2025-04-07T06:52:50.367037+0800 ERROR SENT: M105
2025-04-07T06:52:50.367377+0800 ERROR write command M105
2025-04-07T06:52:50.367884+0800 ERROR second command M105
2025-04-07T06:52:50.367884+0800 ERROR finish command M105
2025-04-07T06:52:50.367884+0800 ERROR SENT: G250 S21
2025-04-07T06:52:50.367884+0800 ERROR write command G250 S21
2025-04-07T06:52:50.367884+0800 ERROR second command G250 S21
2025-04-07T06:52:50.367884+0800 ERROR finish command G250 S21
2025-04-07T06:52:50.367884+0800 ERROR SENT: G250 S800
2025-04-07T06:52:50.367884+0800 ERROR write command G250 S800
2025-04-07T06:52:50.367884+0800 ERROR second command G250 S800
2025-04-07T06:52:50.368890+0800 ERROR finish command G250 S800
2025-04-07T06:52:50.368890+0800 ERROR SENT: M154 S1
2025-04-07T06:52:50.368890+0800 ERROR write command M154 S1
2025-04-07T06:52:50.368890+0800 ERROR second command M154 S1
2025-04-07T06:52:50.368890+0800 ERROR finish command M154 S1
2025-04-07T06:52:54.278032+0800 ERROR SENT: M105
2025-04-07T06:52:54.278032+0800 ERROR write command M105
2025-04-07T06:52:54.278032+0800 ERROR second command M105
2025-04-07T06:52:54.279043+0800 ERROR finish command M105
2025-04-07T06:52:54.279043+0800 ERROR SENT: G250 S21
2025-04-07T06:52:54.279043+0800 ERROR write command G250 S21
2025-04-07T06:52:54.279043+0800 ERROR second command G250 S21
2025-04-07T06:52:54.279043+0800 ERROR finish command G250 S21
2025-04-07T06:52:54.279043+0800 ERROR SENT: G250 S800
2025-04-07T06:52:54.279043+0800 ERROR write command G250 S800
2025-04-07T06:52:54.279043+0800 ERROR second command G250 S800
2025-04-07T06:52:54.279043+0800 ERROR finish command G250 S800
2025-04-07T06:52:54.279043+0800 ERROR SENT: M154 S1
2025-04-07T06:52:54.280043+0800 ERROR write command M154 S1
2025-04-07T06:52:54.280043+0800 ERROR second command M154 S1
2025-04-07T06:52:54.280043+0800 ERROR finish command M154 S1
2025-04-07T06:52:58.140790+0800 ERROR SENT: M105
2025-04-07T06:52:58.140790+0800 ERROR write command M105
2025-04-07T06:52:58.140790+0800 ERROR second command M105
2025-04-07T06:52:58.140790+0800 ERROR finish command M105
2025-04-07T06:52:58.140790+0800 ERROR SENT: G250 S21
2025-04-07T06:52:58.141800+0800 ERROR write command G250 S21
2025-04-07T06:52:58.141800+0800 ERROR second command G250 S21
2025-04-07T06:52:58.141800+0800 ERROR finish command G250 S21
2025-04-07T06:52:58.141800+0800 ERROR SENT: G250 S800
2025-04-07T06:52:58.141800+0800 ERROR write command G250 S800
2025-04-07T06:52:58.141800+0800 ERROR second command G250 S800
2025-04-07T06:52:58.142798+0800 ERROR finish command G250 S800
2025-04-07T06:52:58.142798+0800 ERROR SENT: M154 S1
2025-04-07T06:52:58.142798+0800 ERROR write command M154 S1
2025-04-07T06:52:58.142798+0800 ERROR second command M154 S1
2025-04-07T06:52:58.143517+0800 ERROR finish command M154 S1
2025-04-07T06:53:02.075689+0800 ERROR SENT: M105
2025-04-07T06:53:02.075689+0800 ERROR write command M105
2025-04-07T06:53:02.075689+0800 ERROR second command M105
2025-04-07T06:53:02.075689+0800 ERROR finish command M105
2025-04-07T06:53:02.075689+0800 ERROR SENT: G250 S21
2025-04-07T06:53:02.076698+0800 ERROR write command G250 S21
2025-04-07T06:53:02.076698+0800 ERROR second command G250 S21
2025-04-07T06:53:02.076698+0800 ERROR finish command G250 S21
2025-04-07T06:53:02.076698+0800 ERROR SENT: G250 S800
2025-04-07T06:53:02.076698+0800 ERROR write command G250 S800
2025-04-07T06:53:02.076698+0800 ERROR second command G250 S800
2025-04-07T06:53:02.076698+0800 ERROR finish command G250 S800
2025-04-07T06:53:02.077699+0800 ERROR SENT: M154 S1
2025-04-07T06:53:02.077699+0800 ERROR write command M154 S1
2025-04-07T06:53:02.077699+0800 ERROR second command M154 S1
2025-04-07T06:53:02.078159+0800 ERROR finish command M154 S1
2025-04-07T06:53:05.987751+0800 ERROR SENT: M105
2025-04-07T06:53:05.987751+0800 ERROR write command M105
2025-04-07T06:53:05.987751+0800 ERROR second command M105
2025-04-07T06:53:05.987751+0800 ERROR finish command M105
2025-04-07T06:53:05.987751+0800 ERROR SENT: G250 S21
2025-04-07T06:53:05.988759+0800 ERROR write command G250 S21
2025-04-07T06:53:05.988759+0800 ERROR second command G250 S21
2025-04-07T06:53:05.988759+0800 ERROR finish command G250 S21
2025-04-07T06:53:05.988759+0800 ERROR SENT: G250 S800
2025-04-07T06:53:05.988759+0800 ERROR write command G250 S800
2025-04-07T06:53:05.988759+0800 ERROR second command G250 S800
2025-04-07T06:53:05.988759+0800 ERROR finish command G250 S800
2025-04-07T06:53:05.988759+0800 ERROR SENT: M154 S1
2025-04-07T06:53:05.989759+0800 ERROR write command M154 S1
2025-04-07T06:53:05.989759+0800 ERROR second command M154 S1
2025-04-07T06:53:05.989759+0800 ERROR finish command M154 S1
2025-04-07T06:53:09.879883+0800 ERROR SENT: M105
2025-04-07T06:53:09.879883+0800 ERROR write command M105
2025-04-07T06:53:09.879883+0800 ERROR second command M105
2025-04-07T06:53:09.879883+0800 ERROR finish command M105
2025-04-07T06:53:09.880893+0800 ERROR SENT: G250 S21
2025-04-07T06:53:09.880893+0800 ERROR write command G250 S21
2025-04-07T06:53:09.880893+0800 ERROR second command G250 S21
2025-04-07T06:53:09.880893+0800 ERROR finish command G250 S21
2025-04-07T06:53:09.880893+0800 ERROR SENT: G250 S800
2025-04-07T06:53:09.880893+0800 ERROR write command G250 S800
2025-04-07T06:53:09.881893+0800 ERROR second command G250 S800
2025-04-07T06:53:09.881893+0800 ERROR finish command G250 S800
2025-04-07T06:53:09.881893+0800 ERROR SENT: M154 S1
2025-04-07T06:53:09.881893+0800 ERROR write command M154 S1
2025-04-07T06:53:09.882893+0800 ERROR second command M154 S1
2025-04-07T06:53:09.882893+0800 ERROR finish command M154 S1
2025-04-07T06:53:13.819059+0800 ERROR SENT: M105
2025-04-07T06:53:13.819059+0800 ERROR write command M105
2025-04-07T06:53:13.819059+0800 ERROR second command M105
2025-04-07T06:53:13.819059+0800 ERROR finish command M105
2025-04-07T06:53:13.819059+0800 ERROR SENT: G250 S21
2025-04-07T06:53:13.819992+0800 ERROR write command G250 S21
2025-04-07T06:53:13.819992+0800 ERROR second command G250 S21
2025-04-07T06:53:13.819992+0800 ERROR finish command G250 S21
2025-04-07T06:53:13.819992+0800 ERROR SENT: G250 S800
2025-04-07T06:53:13.819992+0800 ERROR write command G250 S800
2025-04-07T06:53:13.819992+0800 ERROR second command G250 S800
2025-04-07T06:53:13.819992+0800 ERROR finish command G250 S800
2025-04-07T06:53:13.819992+0800 ERROR SENT: M154 S1
2025-04-07T06:53:13.820991+0800 ERROR write command M154 S1
2025-04-07T06:53:13.820991+0800 ERROR second command M154 S1
2025-04-07T06:53:13.820991+0800 ERROR finish command M154 S1
2025-04-07T06:53:17.755776+0800 ERROR SENT: M105
2025-04-07T06:53:17.755776+0800 ERROR write command M105
2025-04-07T06:53:17.756775+0800 ERROR second command M105
2025-04-07T06:53:17.756775+0800 ERROR finish command M105
2025-04-07T06:53:17.756775+0800 ERROR SENT: G250 S21
2025-04-07T06:53:17.756775+0800 ERROR write command G250 S21
2025-04-07T06:53:17.756775+0800 ERROR second command G250 S21
2025-04-07T06:53:17.757775+0800 ERROR finish command G250 S21
2025-04-07T06:53:17.757775+0800 ERROR SENT: G250 S800
2025-04-07T06:53:17.757775+0800 ERROR write command G250 S800
2025-04-07T06:53:17.757775+0800 ERROR second command G250 S800
2025-04-07T06:53:17.757775+0800 ERROR finish command G250 S800
2025-04-07T06:53:17.757775+0800 ERROR SENT: M154 S1
2025-04-07T06:53:17.757775+0800 ERROR write command M154 S1
2025-04-07T06:53:17.758775+0800 ERROR second command M154 S1
2025-04-07T06:53:17.758775+0800 ERROR finish command M154 S1
2025-04-07T06:53:21.661680+0800 ERROR SENT: M105
2025-04-07T06:53:21.661680+0800 ERROR write command M105
2025-04-07T06:53:21.661680+0800 ERROR second command M105
2025-04-07T06:53:21.661680+0800 ERROR finish command M105
2025-04-07T06:53:21.661680+0800 ERROR SENT: G250 S21
2025-04-07T06:53:21.662689+0800 ERROR write command G250 S21
2025-04-07T06:53:21.662689+0800 ERROR second command G250 S21
2025-04-07T06:53:21.662689+0800 ERROR finish command G250 S21
2025-04-07T06:53:21.662689+0800 ERROR SENT: G250 S800
2025-04-07T06:53:21.663691+0800 ERROR write command G250 S800
2025-04-07T06:53:21.663691+0800 ERROR second command G250 S800
2025-04-07T06:53:21.663691+0800 ERROR finish command G250 S800
2025-04-07T06:53:21.663691+0800 ERROR SENT: M154 S1
2025-04-07T06:53:21.663691+0800 ERROR write command M154 S1
2025-04-07T06:53:21.664690+0800 ERROR second command M154 S1
2025-04-07T06:53:21.664690+0800 ERROR finish command M154 S1
2025-04-07T06:53:25.566761+0800 ERROR SENT: M105
2025-04-07T06:53:25.566761+0800 ERROR write command M105
2025-04-07T06:53:25.566761+0800 ERROR second command M105
2025-04-07T06:53:25.566761+0800 ERROR finish command M105
2025-04-07T06:53:25.566761+0800 ERROR SENT: G250 S21
2025-04-07T06:53:25.567689+0800 ERROR write command G250 S21
2025-04-07T06:53:25.567689+0800 ERROR second command G250 S21
2025-04-07T06:53:25.567689+0800 ERROR finish command G250 S21
2025-04-07T06:53:25.567689+0800 ERROR SENT: G250 S800
2025-04-07T06:53:25.567689+0800 ERROR write command G250 S800
2025-04-07T06:53:25.567689+0800 ERROR second command G250 S800
2025-04-07T06:53:25.567689+0800 ERROR finish command G250 S800
2025-04-07T06:53:25.567689+0800 ERROR SENT: M154 S1
2025-04-07T06:53:25.568689+0800 ERROR write command M154 S1
2025-04-07T06:53:25.568689+0800 ERROR second command M154 S1
2025-04-07T06:53:25.568689+0800 ERROR finish command M154 S1
2025-04-07T06:53:29.481432+0800 ERROR SENT: M105
2025-04-07T06:53:29.481432+0800 ERROR write command M105
2025-04-07T06:53:29.481432+0800 ERROR second command M105
2025-04-07T06:53:29.482334+0800 ERROR finish command M105
2025-04-07T06:53:29.482334+0800 ERROR SENT: G250 S21
2025-04-07T06:53:29.482334+0800 ERROR write command G250 S21
2025-04-07T06:53:29.482334+0800 ERROR second command G250 S21
2025-04-07T06:53:29.482334+0800 ERROR finish command G250 S21
2025-04-07T06:53:29.482334+0800 ERROR SENT: G250 S800
2025-04-07T06:53:29.482334+0800 ERROR write command G250 S800
2025-04-07T06:53:29.482334+0800 ERROR second command G250 S800
2025-04-07T06:53:29.482334+0800 ERROR finish command G250 S800
2025-04-07T06:53:29.482334+0800 ERROR SENT: M154 S1
2025-04-07T06:53:29.483400+0800 ERROR write command M154 S1
2025-04-07T06:53:29.483709+0800 ERROR second command M154 S1
2025-04-07T06:53:29.483709+0800 ERROR finish command M154 S1
2025-04-07T06:53:33.373672+0800 ERROR SENT: M105
2025-04-07T06:53:33.373672+0800 ERROR write command M105
2025-04-07T06:53:33.374177+0800 ERROR second command M105
2025-04-07T06:53:33.374177+0800 ERROR finish command M105
2025-04-07T06:53:33.374177+0800 ERROR SENT: G250 S21
2025-04-07T06:53:33.374177+0800 ERROR write command G250 S21
2025-04-07T06:53:33.374177+0800 ERROR second command G250 S21
2025-04-07T06:53:33.374177+0800 ERROR finish command G250 S21
2025-04-07T06:53:33.374177+0800 ERROR SENT: G250 S800
2025-04-07T06:53:33.374177+0800 ERROR write command G250 S800
2025-04-07T06:53:33.374177+0800 ERROR second command G250 S800
2025-04-07T06:53:33.375179+0800 ERROR finish command G250 S800
2025-04-07T06:53:33.375179+0800 ERROR SENT: M154 S1
2025-04-07T06:53:33.375179+0800 ERROR write command M154 S1
2025-04-07T06:53:33.375179+0800 ERROR second command M154 S1
2025-04-07T06:53:33.375179+0800 ERROR finish command M154 S1
2025-04-07T06:53:37.261541+0800 ERROR SENT: M105
2025-04-07T06:53:37.261541+0800 ERROR write command M105
2025-04-07T06:53:37.262515+0800 ERROR second command M105
2025-04-07T06:53:37.262515+0800 ERROR finish command M105
2025-04-07T06:53:37.262515+0800 ERROR SENT: G250 S21
2025-04-07T06:53:37.262515+0800 ERROR write command G250 S21
2025-04-07T06:53:37.262515+0800 ERROR second command G250 S21
2025-04-07T06:53:37.262515+0800 ERROR finish command G250 S21
2025-04-07T06:53:37.262515+0800 ERROR SENT: G250 S800
2025-04-07T06:53:37.262515+0800 ERROR write command G250 S800
2025-04-07T06:53:37.262515+0800 ERROR second command G250 S800
2025-04-07T06:53:37.262515+0800 ERROR finish command G250 S800
2025-04-07T06:53:37.263519+0800 ERROR SENT: M154 S1
2025-04-07T06:53:37.263519+0800 ERROR write command M154 S1
2025-04-07T06:53:37.263519+0800 ERROR second command M154 S1
2025-04-07T06:53:37.263519+0800 ERROR finish command M154 S1
2025-04-07T06:53:41.140133+0800 ERROR SENT: M105
2025-04-07T06:53:41.140133+0800 ERROR write command M105
2025-04-07T06:53:41.140133+0800 ERROR second command M105
2025-04-07T06:53:41.140133+0800 ERROR finish command M105
2025-04-07T06:53:41.140133+0800 ERROR SENT: G250 S21
2025-04-07T06:53:41.140133+0800 ERROR write command G250 S21
2025-04-07T06:53:41.141132+0800 ERROR second command G250 S21
2025-04-07T06:53:41.141132+0800 ERROR finish command G250 S21
2025-04-07T06:53:41.141132+0800 ERROR SENT: G250 S800
2025-04-07T06:53:41.141132+0800 ERROR write command G250 S800
2025-04-07T06:53:41.141132+0800 ERROR second command G250 S800
2025-04-07T06:53:41.141132+0800 ERROR finish command G250 S800
2025-04-07T06:53:41.141132+0800 ERROR SENT: M154 S1
2025-04-07T06:53:41.142133+0800 ERROR write command M154 S1
2025-04-07T06:53:41.142133+0800 ERROR second command M154 S1
2025-04-07T06:53:41.142133+0800 ERROR finish command M154 S1
2025-04-07T06:53:45.032340+0800 ERROR SENT: M105
2025-04-07T06:53:45.032340+0800 ERROR write command M105
2025-04-07T06:53:45.032340+0800 ERROR second command M105
2025-04-07T06:53:45.032340+0800 ERROR finish command M105
2025-04-07T06:53:45.033349+0800 ERROR SENT: G250 S21
2025-04-07T06:53:45.033349+0800 ERROR write command G250 S21
2025-04-07T06:53:45.033349+0800 ERROR second command G250 S21
2025-04-07T06:53:45.033349+0800 ERROR finish command G250 S21
2025-04-07T06:53:45.033349+0800 ERROR SENT: G250 S800
2025-04-07T06:53:45.033349+0800 ERROR write command G250 S800
2025-04-07T06:53:45.033349+0800 ERROR second command G250 S800
2025-04-07T06:53:45.034350+0800 ERROR finish command G250 S800
2025-04-07T06:53:45.034350+0800 ERROR SENT: M154 S1
2025-04-07T06:53:45.034350+0800 ERROR write command M154 S1
2025-04-07T06:53:45.034350+0800 ERROR second command M154 S1
2025-04-07T06:53:45.034350+0800 ERROR finish command M154 S1
2025-04-07T06:53:48.951067+0800 ERROR SENT: M105
2025-04-07T06:53:48.951067+0800 ERROR write command M105
2025-04-07T06:53:48.951067+0800 ERROR second command M105
2025-04-07T06:53:48.952000+0800 ERROR finish command M105
2025-04-07T06:53:48.952000+0800 ERROR SENT: G250 S21
2025-04-07T06:53:48.952000+0800 ERROR write command G250 S21
2025-04-07T06:53:48.952000+0800 ERROR second command G250 S21
2025-04-07T06:53:48.952000+0800 ERROR finish command G250 S21
2025-04-07T06:53:48.952000+0800 ERROR SENT: G250 S800
2025-04-07T06:53:48.952000+0800 ERROR write command G250 S800
2025-04-07T06:53:48.952000+0800 ERROR second command G250 S800
2025-04-07T06:53:48.952000+0800 ERROR finish command G250 S800
2025-04-07T06:53:48.952000+0800 ERROR SENT: M154 S1
2025-04-07T06:53:48.953033+0800 ERROR write command M154 S1
2025-04-07T06:53:48.953033+0800 ERROR second command M154 S1
2025-04-07T06:53:48.953033+0800 ERROR finish command M154 S1
2025-04-07T06:53:52.849791+0800 ERROR SENT: M105
2025-04-07T06:53:52.849791+0800 ERROR write command M105
2025-04-07T06:53:52.849791+0800 ERROR second command M105
2025-04-07T06:53:52.849791+0800 ERROR finish command M105
2025-04-07T06:53:52.850688+0800 ERROR SENT: G250 S21
2025-04-07T06:53:52.850688+0800 ERROR write command G250 S21
2025-04-07T06:53:52.850688+0800 ERROR second command G250 S21
2025-04-07T06:53:52.850688+0800 ERROR finish command G250 S21
2025-04-07T06:53:52.850688+0800 ERROR SENT: G250 S800
2025-04-07T06:53:52.850688+0800 ERROR write command G250 S800
2025-04-07T06:53:52.850688+0800 ERROR second command G250 S800
2025-04-07T06:53:52.850688+0800 ERROR finish command G250 S800
2025-04-07T06:53:52.850688+0800 ERROR SENT: M154 S1
2025-04-07T06:53:52.851696+0800 ERROR write command M154 S1
2025-04-07T06:53:52.851696+0800 ERROR second command M154 S1
2025-04-07T06:53:52.851696+0800 ERROR finish command M154 S1
2025-04-07T06:53:56.745947+0800 ERROR SENT: M105
2025-04-07T06:53:56.745947+0800 ERROR write command M105
2025-04-07T06:53:56.745947+0800 ERROR second command M105
2025-04-07T06:53:56.745947+0800 ERROR finish command M105
2025-04-07T06:53:56.746947+0800 ERROR SENT: G250 S21
2025-04-07T06:53:56.746947+0800 ERROR write command G250 S21
2025-04-07T06:53:56.746947+0800 ERROR second command G250 S21
2025-04-07T06:53:56.746947+0800 ERROR finish command G250 S21
2025-04-07T06:53:56.746947+0800 ERROR SENT: G250 S800
2025-04-07T06:53:56.746947+0800 ERROR write command G250 S800
2025-04-07T06:53:56.747947+0800 ERROR second command G250 S800
2025-04-07T06:53:56.747947+0800 ERROR finish command G250 S800
2025-04-07T06:53:56.747947+0800 ERROR SENT: M154 S1
2025-04-07T06:53:56.747947+0800 ERROR write command M154 S1
2025-04-07T06:53:56.747947+0800 ERROR second command M154 S1
2025-04-07T06:53:56.748947+0800 ERROR finish command M154 S1
2025-04-07T06:54:00.654543+0800 ERROR SENT: M105
2025-04-07T06:54:00.654543+0800 ERROR write command M105
2025-04-07T06:54:00.654543+0800 ERROR second command M105
2025-04-07T06:54:00.654543+0800 ERROR finish command M105
2025-04-07T06:54:00.655446+0800 ERROR SENT: G250 S21
2025-04-07T06:54:00.655446+0800 ERROR write command G250 S21
2025-04-07T06:54:00.655446+0800 ERROR second command G250 S21
2025-04-07T06:54:00.655446+0800 ERROR finish command G250 S21
2025-04-07T06:54:00.655446+0800 ERROR SENT: G250 S800
2025-04-07T06:54:00.655446+0800 ERROR write command G250 S800
2025-04-07T06:54:00.655446+0800 ERROR second command G250 S800
2025-04-07T06:54:00.655446+0800 ERROR finish command G250 S800
2025-04-07T06:54:00.656438+0800 ERROR SENT: M154 S1
2025-04-07T06:54:00.656438+0800 ERROR write command M154 S1
2025-04-07T06:54:00.656438+0800 ERROR second command M154 S1
2025-04-07T06:54:00.656438+0800 ERROR finish command M154 S1
2025-04-07T06:54:04.549862+0800 ERROR SENT: M105
2025-04-07T06:54:04.549862+0800 ERROR write command M105
2025-04-07T06:54:04.549862+0800 ERROR second command M105
2025-04-07T06:54:04.549862+0800 ERROR finish command M105
2025-04-07T06:54:04.549862+0800 ERROR SENT: G250 S21
2025-04-07T06:54:04.549862+0800 ERROR write command G250 S21
2025-04-07T06:54:04.550869+0800 ERROR second command G250 S21
2025-04-07T06:54:04.550869+0800 ERROR finish command G250 S21
2025-04-07T06:54:04.550869+0800 ERROR SENT: G250 S800
2025-04-07T06:54:04.550869+0800 ERROR write command G250 S800
2025-04-07T06:54:04.550869+0800 ERROR second command G250 S800
2025-04-07T06:54:04.550869+0800 ERROR finish command G250 S800
2025-04-07T06:54:04.550869+0800 ERROR SENT: M154 S1
2025-04-07T06:54:04.551901+0800 ERROR write command M154 S1
2025-04-07T06:54:04.551901+0800 ERROR second command M154 S1
2025-04-07T06:54:04.551901+0800 ERROR finish command M154 S1
2025-04-07T06:54:08.476071+0800 ERROR SENT: M105
2025-04-07T06:54:08.476071+0800 ERROR write command M105
2025-04-07T06:54:08.476071+0800 ERROR second command M105
2025-04-07T06:54:08.477079+0800 ERROR finish command M105
2025-04-07T06:54:08.477079+0800 ERROR SENT: G250 S21
2025-04-07T06:54:08.477079+0800 ERROR write command G250 S21
2025-04-07T06:54:08.477079+0800 ERROR second command G250 S21
2025-04-07T06:54:08.477079+0800 ERROR finish command G250 S21
2025-04-07T06:54:08.477079+0800 ERROR SENT: G250 S800
2025-04-07T06:54:08.477079+0800 ERROR write command G250 S800
2025-04-07T06:54:08.477079+0800 ERROR second command G250 S800
2025-04-07T06:54:08.477079+0800 ERROR finish command G250 S800
2025-04-07T06:54:08.477079+0800 ERROR SENT: M154 S1
2025-04-07T06:54:08.477079+0800 ERROR write command M154 S1
2025-04-07T06:54:08.478078+0800 ERROR second command M154 S1
2025-04-07T06:54:08.478078+0800 ERROR finish command M154 S1
2025-04-07T06:54:12.366936+0800 ERROR SENT: M105
2025-04-07T06:54:12.366936+0800 ERROR write command M105
2025-04-07T06:54:12.367449+0800 ERROR second command M105
2025-04-07T06:54:12.367449+0800 ERROR finish command M105
2025-04-07T06:54:12.367449+0800 ERROR SENT: G250 S21
2025-04-07T06:54:12.367449+0800 ERROR write command G250 S21
2025-04-07T06:54:12.367449+0800 ERROR second command G250 S21
2025-04-07T06:54:12.367449+0800 ERROR finish command G250 S21
2025-04-07T06:54:12.367449+0800 ERROR SENT: G250 S800
2025-04-07T06:54:12.367449+0800 ERROR write command G250 S800
2025-04-07T06:54:12.367449+0800 ERROR second command G250 S800
2025-04-07T06:54:12.367449+0800 ERROR finish command G250 S800
2025-04-07T06:54:12.368444+0800 ERROR SENT: M154 S1
2025-04-07T06:54:12.368444+0800 ERROR write command M154 S1
2025-04-07T06:54:12.368444+0800 ERROR second command M154 S1
2025-04-07T06:54:12.368444+0800 ERROR finish command M154 S1
2025-04-07T06:54:16.291242+0800 ERROR SENT: M105
2025-04-07T06:54:16.291242+0800 ERROR write command M105
2025-04-07T06:54:16.291242+0800 ERROR second command M105
2025-04-07T06:54:16.291242+0800 ERROR finish command M105
2025-04-07T06:54:16.291242+0800 ERROR SENT: G250 S21
2025-04-07T06:54:16.292175+0800 ERROR write command G250 S21
2025-04-07T06:54:16.292175+0800 ERROR second command G250 S21
2025-04-07T06:54:16.292175+0800 ERROR finish command G250 S21
2025-04-07T06:54:16.292175+0800 ERROR SENT: G250 S800
2025-04-07T06:54:16.292175+0800 ERROR write command G250 S800
2025-04-07T06:54:16.292175+0800 ERROR second command G250 S800
2025-04-07T06:54:16.292175+0800 ERROR finish command G250 S800
2025-04-07T06:54:16.292175+0800 ERROR SENT: M154 S1
2025-04-07T06:54:16.293175+0800 ERROR write command M154 S1
2025-04-07T06:54:16.293175+0800 ERROR second command M154 S1
2025-04-07T06:54:16.293175+0800 ERROR finish command M154 S1
2025-04-07T06:54:20.204738+0800 ERROR SENT: M105
2025-04-07T06:54:20.204738+0800 ERROR write command M105
2025-04-07T06:54:20.204738+0800 ERROR second command M105
2025-04-07T06:54:20.205666+0800 ERROR finish command M105
2025-04-07T06:54:20.205666+0800 ERROR SENT: G250 S21
2025-04-07T06:54:20.205666+0800 ERROR write command G250 S21
2025-04-07T06:54:20.205666+0800 ERROR second command G250 S21
2025-04-07T06:54:20.205666+0800 ERROR finish command G250 S21
2025-04-07T06:54:20.205666+0800 ERROR SENT: G250 S800
2025-04-07T06:54:20.205666+0800 ERROR write command G250 S800
2025-04-07T06:54:20.205666+0800 ERROR second command G250 S800
2025-04-07T06:54:20.205666+0800 ERROR finish command G250 S800
2025-04-07T06:54:20.205666+0800 ERROR SENT: M154 S1
2025-04-07T06:54:20.205666+0800 ERROR write command M154 S1
2025-04-07T06:54:20.206666+0800 ERROR second command M154 S1
2025-04-07T06:54:20.206666+0800 ERROR finish command M154 S1
2025-04-07T06:54:24.147440+0800 ERROR SENT: M105
2025-04-07T06:54:24.147440+0800 ERROR write command M105
2025-04-07T06:54:24.147440+0800 ERROR second command M105
2025-04-07T06:54:24.147440+0800 ERROR finish command M105
2025-04-07T06:54:24.147440+0800 ERROR SENT: G250 S21
2025-04-07T06:54:24.147440+0800 ERROR write command G250 S21
2025-04-07T06:54:24.148450+0800 ERROR second command G250 S21
2025-04-07T06:54:24.148450+0800 ERROR finish command G250 S21
2025-04-07T06:54:24.148450+0800 ERROR SENT: G250 S800
2025-04-07T06:54:24.148450+0800 ERROR write command G250 S800
2025-04-07T06:54:24.148450+0800 ERROR second command G250 S800
2025-04-07T06:54:24.148450+0800 ERROR finish command G250 S800
2025-04-07T06:54:24.148450+0800 ERROR SENT: M154 S1
2025-04-07T06:54:24.149351+0800 ERROR write command M154 S1
2025-04-07T06:54:24.149351+0800 ERROR second command M154 S1
2025-04-07T06:54:24.149351+0800 ERROR finish command M154 S1
2025-04-07T06:54:28.092559+0800 ERROR SENT: M105
2025-04-07T06:54:28.092559+0800 ERROR write command M105
2025-04-07T06:54:28.092559+0800 ERROR second command M105
2025-04-07T06:54:28.093444+0800 ERROR finish command M105
2025-04-07T06:54:28.093444+0800 ERROR SENT: G250 S21
2025-04-07T06:54:28.093444+0800 ERROR write command G250 S21
2025-04-07T06:54:28.093444+0800 ERROR second command G250 S21
2025-04-07T06:54:28.093444+0800 ERROR finish command G250 S21
2025-04-07T06:54:28.093444+0800 ERROR SENT: G250 S800
2025-04-07T06:54:28.093444+0800 ERROR write command G250 S800
2025-04-07T06:54:28.094443+0800 ERROR second command G250 S800
2025-04-07T06:54:28.094443+0800 ERROR finish command G250 S800
2025-04-07T06:54:28.094443+0800 ERROR SENT: M154 S1
2025-04-07T06:54:28.094443+0800 ERROR write command M154 S1
2025-04-07T06:54:28.094962+0800 ERROR second command M154 S1
2025-04-07T06:54:28.094962+0800 ERROR finish command M154 S1
2025-04-07T06:54:32.020550+0800 ERROR SENT: M105
2025-04-07T06:54:32.020550+0800 ERROR write command M105
2025-04-07T06:54:32.020550+0800 ERROR second command M105
2025-04-07T06:54:32.021450+0800 ERROR finish command M105
2025-04-07T06:54:32.021450+0800 ERROR SENT: G250 S21
2025-04-07T06:54:32.021450+0800 ERROR write command G250 S21
2025-04-07T06:54:32.021450+0800 ERROR second command G250 S21
2025-04-07T06:54:32.021450+0800 ERROR finish command G250 S21
2025-04-07T06:54:32.021450+0800 ERROR SENT: G250 S800
2025-04-07T06:54:32.021450+0800 ERROR write command G250 S800
2025-04-07T06:54:32.021450+0800 ERROR second command G250 S800
2025-04-07T06:54:32.021450+0800 ERROR finish command G250 S800
2025-04-07T06:54:32.022450+0800 ERROR SENT: M154 S1
2025-04-07T06:54:32.022450+0800 ERROR write command M154 S1
2025-04-07T06:54:32.022450+0800 ERROR second command M154 S1
2025-04-07T06:54:32.022450+0800 ERROR finish command M154 S1
2025-04-07T06:54:35.936550+0800 ERROR SENT: M105
2025-04-07T06:54:35.936550+0800 ERROR write command M105
2025-04-07T06:54:35.936550+0800 ERROR second command M105
2025-04-07T06:54:35.936550+0800 ERROR finish command M105
2025-04-07T06:54:35.937464+0800 ERROR SENT: G250 S21
2025-04-07T06:54:35.937464+0800 ERROR write command G250 S21
2025-04-07T06:54:35.937464+0800 ERROR second command G250 S21
2025-04-07T06:54:35.937464+0800 ERROR finish command G250 S21
2025-04-07T06:54:35.937464+0800 ERROR SENT: G250 S800
2025-04-07T06:54:35.937464+0800 ERROR write command G250 S800
2025-04-07T06:54:35.937464+0800 ERROR second command G250 S800
2025-04-07T06:54:35.938465+0800 ERROR finish command G250 S800
2025-04-07T06:54:35.938465+0800 ERROR SENT: M154 S1
2025-04-07T06:54:35.938465+0800 ERROR write command M154 S1
2025-04-07T06:54:35.938465+0800 ERROR second command M154 S1
2025-04-07T06:54:35.938465+0800 ERROR finish command M154 S1
2025-04-07T06:54:39.866884+0800 ERROR SENT: M105
2025-04-07T06:54:39.866884+0800 ERROR write command M105
2025-04-07T06:54:39.866884+0800 ERROR second command M105
2025-04-07T06:54:39.867897+0800 ERROR finish command M105
2025-04-07T06:54:39.867897+0800 ERROR SENT: G250 S21
2025-04-07T06:54:39.867897+0800 ERROR write command G250 S21
2025-04-07T06:54:39.867897+0800 ERROR second command G250 S21
2025-04-07T06:54:39.867897+0800 ERROR finish command G250 S21
2025-04-07T06:54:39.867897+0800 ERROR SENT: G250 S800
2025-04-07T06:54:39.867897+0800 ERROR write command G250 S800
2025-04-07T06:54:39.867897+0800 ERROR second command G250 S800
2025-04-07T06:54:39.867897+0800 ERROR finish command G250 S800
2025-04-07T06:54:39.867897+0800 ERROR SENT: M154 S1
2025-04-07T06:54:39.868936+0800 ERROR write command M154 S1
2025-04-07T06:54:39.868936+0800 ERROR second command M154 S1
2025-04-07T06:54:39.868936+0800 ERROR finish command M154 S1
2025-04-07T06:54:43.760765+0800 ERROR SENT: M105
2025-04-07T06:54:43.760765+0800 ERROR write command M105
2025-04-07T06:54:43.760765+0800 ERROR second command M105
2025-04-07T06:54:43.761674+0800 ERROR finish command M105
2025-04-07T06:54:43.761674+0800 ERROR SENT: G250 S21
2025-04-07T06:54:43.761674+0800 ERROR write command G250 S21
2025-04-07T06:54:43.761674+0800 ERROR second command G250 S21
2025-04-07T06:54:43.762666+0800 ERROR finish command G250 S21
2025-04-07T06:54:43.762666+0800 ERROR SENT: G250 S800
2025-04-07T06:54:43.762666+0800 ERROR write command G250 S800
2025-04-07T06:54:43.762666+0800 ERROR second command G250 S800
2025-04-07T06:54:43.762666+0800 ERROR finish command G250 S800
2025-04-07T06:54:43.762666+0800 ERROR SENT: M154 S1
2025-04-07T06:54:43.762666+0800 ERROR write command M154 S1
2025-04-07T06:54:43.762666+0800 ERROR second command M154 S1
2025-04-07T06:54:43.763429+0800 ERROR finish command M154 S1
2025-04-07T06:54:47.678433+0800 ERROR SENT: M105
2025-04-07T06:54:47.678433+0800 ERROR write command M105
2025-04-07T06:54:47.678433+0800 ERROR second command M105
2025-04-07T06:54:47.678433+0800 ERROR finish command M105
2025-04-07T06:54:47.679444+0800 ERROR SENT: G250 S21
2025-04-07T06:54:47.679444+0800 ERROR write command G250 S21
2025-04-07T06:54:47.679444+0800 ERROR second command G250 S21
2025-04-07T06:54:47.679444+0800 ERROR finish command G250 S21
2025-04-07T06:54:47.679444+0800 ERROR SENT: G250 S800
2025-04-07T06:54:47.679444+0800 ERROR write command G250 S800
2025-04-07T06:54:47.679444+0800 ERROR second command G250 S800
2025-04-07T06:54:47.679444+0800 ERROR finish command G250 S800
2025-04-07T06:54:47.679444+0800 ERROR SENT: M154 S1
2025-04-07T06:54:47.680460+0800 ERROR write command M154 S1
2025-04-07T06:54:47.680460+0800 ERROR second command M154 S1
2025-04-07T06:54:47.680460+0800 ERROR finish command M154 S1
2025-04-07T06:54:51.585515+0800 ERROR SENT: M105
2025-04-07T06:54:51.585515+0800 ERROR write command M105
2025-04-07T06:54:51.585515+0800 ERROR second command M105
2025-04-07T06:54:51.585515+0800 ERROR finish command M105
2025-04-07T06:54:51.585515+0800 ERROR SENT: G250 S21
2025-04-07T06:54:51.585515+0800 ERROR write command G250 S21
2025-04-07T06:54:51.586524+0800 ERROR second command G250 S21
2025-04-07T06:54:51.586524+0800 ERROR finish command G250 S21
2025-04-07T06:54:51.586524+0800 ERROR SENT: G250 S800
2025-04-07T06:54:51.586524+0800 ERROR write command G250 S800
2025-04-07T06:54:51.586524+0800 ERROR second command G250 S800
2025-04-07T06:54:51.586524+0800 ERROR finish command G250 S800
2025-04-07T06:54:51.586524+0800 ERROR SENT: M154 S1
2025-04-07T06:54:51.587525+0800 ERROR write command M154 S1
2025-04-07T06:54:51.587690+0800 ERROR second command M154 S1
2025-04-07T06:54:51.587690+0800 ERROR finish command M154 S1
2025-04-07T06:54:55.544955+0800 ERROR SENT: M105
2025-04-07T06:54:55.544955+0800 ERROR write command M105
2025-04-07T06:54:55.544955+0800 ERROR second command M105
2025-04-07T06:54:55.544955+0800 ERROR finish command M105
2025-04-07T06:54:55.544955+0800 ERROR SENT: G250 S21
2025-04-07T06:54:55.545886+0800 ERROR write command G250 S21
2025-04-07T06:54:55.545886+0800 ERROR second command G250 S21
2025-04-07T06:54:55.545886+0800 ERROR finish command G250 S21
2025-04-07T06:54:55.545886+0800 ERROR SENT: G250 S800
2025-04-07T06:54:55.545886+0800 ERROR write command G250 S800
2025-04-07T06:54:55.545886+0800 ERROR second command G250 S800
2025-04-07T06:54:55.545886+0800 ERROR finish command G250 S800
2025-04-07T06:54:55.545886+0800 ERROR SENT: M154 S1
2025-04-07T06:54:55.546885+0800 ERROR write command M154 S1
2025-04-07T06:54:55.546885+0800 ERROR second command M154 S1
2025-04-07T06:54:55.546885+0800 ERROR finish command M154 S1
2025-04-07T06:54:59.461604+0800 ERROR SENT: M105
2025-04-07T06:54:59.461604+0800 ERROR write command M105
2025-04-07T06:54:59.461604+0800 ERROR second command M105
2025-04-07T06:54:59.462493+0800 ERROR finish command M105
2025-04-07T06:54:59.462493+0800 ERROR SENT: G250 S21
2025-04-07T06:54:59.462493+0800 ERROR write command G250 S21
2025-04-07T06:54:59.462493+0800 ERROR second command G250 S21
2025-04-07T06:54:59.462493+0800 ERROR finish command G250 S21
2025-04-07T06:54:59.462493+0800 ERROR SENT: G250 S800
2025-04-07T06:54:59.462493+0800 ERROR write command G250 S800
2025-04-07T06:54:59.462493+0800 ERROR second command G250 S800
2025-04-07T06:54:59.462493+0800 ERROR finish command G250 S800
2025-04-07T06:54:59.462493+0800 ERROR SENT: M154 S1
2025-04-07T06:54:59.463500+0800 ERROR write command M154 S1
2025-04-07T06:54:59.463500+0800 ERROR second command M154 S1
2025-04-07T06:54:59.463500+0800 ERROR finish command M154 S1
2025-04-07T06:55:03.358182+0800 ERROR SENT: M105
2025-04-07T06:55:03.358182+0800 ERROR write command M105
2025-04-07T06:55:03.358182+0800 ERROR second command M105
2025-04-07T06:55:03.358182+0800 ERROR finish command M105
2025-04-07T06:55:03.358182+0800 ERROR SENT: G250 S21
2025-04-07T06:55:03.359198+0800 ERROR write command G250 S21
2025-04-07T06:55:03.359198+0800 ERROR second command G250 S21
2025-04-07T06:55:03.359198+0800 ERROR finish command G250 S21
2025-04-07T06:55:03.359198+0800 ERROR SENT: G250 S800
2025-04-07T06:55:03.359198+0800 ERROR write command G250 S800
2025-04-07T06:55:03.359198+0800 ERROR second command G250 S800
2025-04-07T06:55:03.359198+0800 ERROR finish command G250 S800
2025-04-07T06:55:03.359830+0800 ERROR SENT: M154 S1
2025-04-07T06:55:03.359830+0800 ERROR write command M154 S1
2025-04-07T06:55:03.360361+0800 ERROR second command M154 S1
2025-04-07T06:55:03.360684+0800 ERROR finish command M154 S1
2025-04-07T06:55:07.220311+0800 ERROR SENT: M105
2025-04-07T06:55:07.220311+0800 ERROR write command M105
2025-04-07T06:55:07.220311+0800 ERROR second command M105
2025-04-07T06:55:07.220311+0800 ERROR finish command M105
2025-04-07T06:55:07.220311+0800 ERROR SENT: G250 S21
2025-04-07T06:55:07.221321+0800 ERROR write command G250 S21
2025-04-07T06:55:07.221321+0800 ERROR second command G250 S21
2025-04-07T06:55:07.221321+0800 ERROR finish command G250 S21
2025-04-07T06:55:07.221321+0800 ERROR SENT: G250 S800
2025-04-07T06:55:07.221321+0800 ERROR write command G250 S800
2025-04-07T06:55:07.221321+0800 ERROR second command G250 S800
2025-04-07T06:55:07.221321+0800 ERROR finish command G250 S800
2025-04-07T06:55:07.221321+0800 ERROR SENT: M154 S1
2025-04-07T06:55:07.222320+0800 ERROR write command M154 S1
2025-04-07T06:55:07.222320+0800 ERROR second command M154 S1
2025-04-07T06:55:07.222320+0800 ERROR finish command M154 S1
2025-04-07T06:55:11.111562+0800 ERROR SENT: M105
2025-04-07T06:55:11.111562+0800 ERROR write command M105
2025-04-07T06:55:11.112488+0800 ERROR second command M105
2025-04-07T06:55:11.112488+0800 ERROR finish command M105
2025-04-07T06:55:11.112488+0800 ERROR SENT: G250 S21
2025-04-07T06:55:11.112488+0800 ERROR write command G250 S21
2025-04-07T06:55:11.112488+0800 ERROR second command G250 S21
2025-04-07T06:55:11.112488+0800 ERROR finish command G250 S21
2025-04-07T06:55:11.113488+0800 ERROR SENT: G250 S800
2025-04-07T06:55:11.113488+0800 ERROR write command G250 S800
2025-04-07T06:55:11.113488+0800 ERROR second command G250 S800
2025-04-07T06:55:11.114496+0800 ERROR finish command G250 S800
2025-04-07T06:55:11.114496+0800 ERROR SENT: M154 S1
2025-04-07T06:55:11.114496+0800 ERROR write command M154 S1
2025-04-07T06:55:11.115488+0800 ERROR second command M154 S1
2025-04-07T06:55:11.115488+0800 ERROR finish command M154 S1
2025-04-07T06:55:15.039897+0800 ERROR SENT: M105
2025-04-07T06:55:15.039897+0800 ERROR write command M105
2025-04-07T06:55:15.039897+0800 ERROR second command M105
2025-04-07T06:55:15.040895+0800 ERROR finish command M105
2025-04-07T06:55:15.040895+0800 ERROR SENT: G250 S21
2025-04-07T06:55:15.040895+0800 ERROR write command G250 S21
2025-04-07T06:55:15.040895+0800 ERROR second command G250 S21
2025-04-07T06:55:15.040895+0800 ERROR finish command G250 S21
2025-04-07T06:55:15.040895+0800 ERROR SENT: G250 S800
2025-04-07T06:55:15.040895+0800 ERROR write command G250 S800
2025-04-07T06:55:15.041896+0800 ERROR second command G250 S800
2025-04-07T06:55:15.041896+0800 ERROR finish command G250 S800
2025-04-07T06:55:15.041896+0800 ERROR SENT: M154 S1
2025-04-07T06:55:15.041896+0800 ERROR write command M154 S1
2025-04-07T06:55:15.041896+0800 ERROR second command M154 S1
2025-04-07T06:55:15.041896+0800 ERROR finish command M154 S1
2025-04-07T06:55:18.894290+0800 ERROR SENT: M105
2025-04-07T06:55:18.894290+0800 ERROR write command M105
2025-04-07T06:55:18.895290+0800 ERROR second command M105
2025-04-07T06:55:18.895290+0800 ERROR finish command M105
2025-04-07T06:55:18.895290+0800 ERROR SENT: G250 S21
2025-04-07T06:55:18.895290+0800 ERROR write command G250 S21
2025-04-07T06:55:18.895290+0800 ERROR second command G250 S21
2025-04-07T06:55:18.896291+0800 ERROR finish command G250 S21
2025-04-07T06:55:18.896291+0800 ERROR SENT: G250 S800
2025-04-07T06:55:18.896291+0800 ERROR write command G250 S800
2025-04-07T06:55:18.896291+0800 ERROR second command G250 S800
2025-04-07T06:55:18.896291+0800 ERROR finish command G250 S800
2025-04-07T06:55:18.896291+0800 ERROR SENT: M154 S1
2025-04-07T06:55:18.896291+0800 ERROR write command M154 S1
2025-04-07T06:55:18.896291+0800 ERROR second command M154 S1
2025-04-07T06:55:18.897290+0800 ERROR finish command M154 S1
2025-04-07T06:55:22.845305+0800 ERROR SENT: M105
2025-04-07T06:55:22.845305+0800 ERROR write command M105
2025-04-07T06:55:22.845305+0800 ERROR second command M105
2025-04-07T06:55:22.845305+0800 ERROR finish command M105
2025-04-07T06:55:22.846334+0800 ERROR SENT: G250 S21
2025-04-07T06:55:22.846334+0800 ERROR write command G250 S21
2025-04-07T06:55:22.846334+0800 ERROR second command G250 S21
2025-04-07T06:55:22.846334+0800 ERROR finish command G250 S21
2025-04-07T06:55:22.846334+0800 ERROR SENT: G250 S800
2025-04-07T06:55:22.846334+0800 ERROR write command G250 S800
2025-04-07T06:55:22.846334+0800 ERROR second command G250 S800
2025-04-07T06:55:22.846334+0800 ERROR finish command G250 S800
2025-04-07T06:55:22.847304+0800 ERROR SENT: M154 S1
2025-04-07T06:55:22.847304+0800 ERROR write command M154 S1
2025-04-07T06:55:22.847304+0800 ERROR second command M154 S1
2025-04-07T06:55:22.847304+0800 ERROR finish command M154 S1
2025-04-07T06:55:26.764181+0800 ERROR SENT: M105
2025-04-07T06:55:26.764181+0800 ERROR write command M105
2025-04-07T06:55:26.764181+0800 ERROR second command M105
2025-04-07T06:55:26.764181+0800 ERROR finish command M105
2025-04-07T06:55:26.764181+0800 ERROR SENT: G250 S21
2025-04-07T06:55:26.764181+0800 ERROR write command G250 S21
2025-04-07T06:55:26.764181+0800 ERROR second command G250 S21
2025-04-07T06:55:26.765180+0800 ERROR finish command G250 S21
2025-04-07T06:55:26.765180+0800 ERROR SENT: G250 S800
2025-04-07T06:55:26.765180+0800 ERROR write command G250 S800
2025-04-07T06:55:26.765180+0800 ERROR second command G250 S800
2025-04-07T06:55:26.765180+0800 ERROR finish command G250 S800
2025-04-07T06:55:26.765180+0800 ERROR SENT: M154 S1
2025-04-07T06:55:26.765180+0800 ERROR write command M154 S1
2025-04-07T06:55:26.765180+0800 ERROR second command M154 S1
2025-04-07T06:55:26.765180+0800 ERROR finish command M154 S1
2025-04-07T06:55:30.690805+0800 ERROR SENT: M105
2025-04-07T06:55:30.690805+0800 ERROR write command M105
2025-04-07T06:55:30.690805+0800 ERROR second command M105
2025-04-07T06:55:30.690805+0800 ERROR finish command M105
2025-04-07T06:55:30.691715+0800 ERROR SENT: G250 S21
2025-04-07T06:55:30.691715+0800 ERROR write command G250 S21
2025-04-07T06:55:30.691715+0800 ERROR second command G250 S21
2025-04-07T06:55:30.691715+0800 ERROR finish command G250 S21
2025-04-07T06:55:30.691715+0800 ERROR SENT: G250 S800
2025-04-07T06:55:30.691715+0800 ERROR write command G250 S800
2025-04-07T06:55:30.692713+0800 ERROR second command G250 S800
2025-04-07T06:55:30.692713+0800 ERROR finish command G250 S800
2025-04-07T06:55:30.692713+0800 ERROR SENT: M154 S1
2025-04-07T06:55:30.693223+0800 ERROR write command M154 S1
2025-04-07T06:55:30.693223+0800 ERROR second command M154 S1
2025-04-07T06:55:30.693223+0800 ERROR finish command M154 S1
2025-04-07T06:55:34.642097+0800 ERROR SENT: M105
2025-04-07T06:55:34.642097+0800 ERROR write command M105
2025-04-07T06:55:34.642097+0800 ERROR second command M105
2025-04-07T06:55:34.642097+0800 ERROR finish command M105
2025-04-07T06:55:34.643100+0800 ERROR SENT: G250 S21
2025-04-07T06:55:34.643100+0800 ERROR write command G250 S21
2025-04-07T06:55:34.643100+0800 ERROR second command G250 S21
2025-04-07T06:55:34.643100+0800 ERROR finish command G250 S21
2025-04-07T06:55:34.643100+0800 ERROR SENT: G250 S800
2025-04-07T06:55:34.643100+0800 ERROR write command G250 S800
2025-04-07T06:55:34.643100+0800 ERROR second command G250 S800
2025-04-07T06:55:34.644100+0800 ERROR finish command G250 S800
2025-04-07T06:55:34.644100+0800 ERROR SENT: M154 S1
2025-04-07T06:55:34.644100+0800 ERROR write command M154 S1
2025-04-07T06:55:34.644100+0800 ERROR second command M154 S1
2025-04-07T06:55:34.644100+0800 ERROR finish command M154 S1
2025-04-07T06:55:38.556083+0800 ERROR SENT: M105
2025-04-07T06:55:38.556083+0800 ERROR write command M105
2025-04-07T06:55:38.556083+0800 ERROR second command M105
2025-04-07T06:55:38.556083+0800 ERROR finish command M105
2025-04-07T06:55:38.557083+0800 ERROR SENT: G250 S21
2025-04-07T06:55:38.557083+0800 ERROR write command G250 S21
2025-04-07T06:55:38.557083+0800 ERROR second command G250 S21
2025-04-07T06:55:38.558083+0800 ERROR finish command G250 S21
2025-04-07T06:55:38.559084+0800 ERROR SENT: G250 S800
2025-04-07T06:55:38.559084+0800 ERROR write command G250 S800
2025-04-07T06:55:38.559084+0800 ERROR second command G250 S800
2025-04-07T06:55:38.559084+0800 ERROR finish command G250 S800
2025-04-07T06:55:38.561084+0800 ERROR SENT: M154 S1
2025-04-07T06:55:38.562084+0800 ERROR write command M154 S1
2025-04-07T06:55:38.562084+0800 ERROR second command M154 S1
2025-04-07T06:55:38.562084+0800 ERROR finish command M154 S1
