2025-04-07T10:11:36.686711+0800 INFO 设备已成功连接
2025-04-07T10:11:36.686711+0800 ERROR SENT: M105
2025-04-07T10:11:36.686711+0800 ERROR write command M105
2025-04-07T10:11:36.687802+0800 ERROR second command M105
2025-04-07T10:11:36.687802+0800 ERROR finish command M105
2025-04-07T10:11:36.687802+0800 ERROR SENT: G250 S21
2025-04-07T10:11:36.687802+0800 ERROR write command G250 S21
2025-04-07T10:11:36.687802+0800 ERROR second command G250 S21
2025-04-07T10:11:36.687802+0800 ERROR finish command G250 S21
2025-04-07T10:11:36.687802+0800 ERROR SENT: G250 S800
2025-04-07T10:11:36.687802+0800 ERROR write command G250 S800
2025-04-07T10:11:36.687802+0800 ERROR second command G250 S800
2025-04-07T10:11:36.687802+0800 ERROR finish command G250 S800
2025-04-07T10:11:36.697727+0800 ERROR SENT: M154 S1
2025-04-07T10:11:36.697727+0800 ERROR write command M154 S1
2025-04-07T10:11:36.697727+0800 ERROR second command M154 S1
2025-04-07T10:11:36.698727+0800 ERROR finish command M154 S1
2025-04-07T10:11:40.598471+0800 ERROR SENT: M105
2025-04-07T10:11:40.598471+0800 ERROR write command M105
2025-04-07T10:11:40.598471+0800 ERROR second command M105
2025-04-07T10:11:40.599474+0800 ERROR finish command M105
2025-04-07T10:11:40.599474+0800 ERROR SENT: G250 S21
2025-04-07T10:11:40.599474+0800 ERROR write command G250 S21
2025-04-07T10:11:40.599474+0800 ERROR second command G250 S21
2025-04-07T10:11:40.599474+0800 ERROR finish command G250 S21
2025-04-07T10:11:40.599474+0800 ERROR SENT: G250 S800
2025-04-07T10:11:40.600473+0800 ERROR write command G250 S800
2025-04-07T10:11:40.600473+0800 ERROR second command G250 S800
2025-04-07T10:11:40.600473+0800 ERROR finish command G250 S800
2025-04-07T10:11:40.600473+0800 ERROR SENT: M154 S1
2025-04-07T10:11:40.600473+0800 ERROR write command M154 S1
2025-04-07T10:11:40.600473+0800 ERROR second command M154 S1
2025-04-07T10:11:40.601472+0800 ERROR finish command M154 S1
2025-04-07T10:11:46.498917+0800 ERROR SENT: M105
2025-04-07T10:11:46.499905+0800 ERROR write command M105
2025-04-07T10:11:46.500906+0800 ERROR second command M105
2025-04-07T10:11:46.500906+0800 ERROR finish command M105
2025-04-07T10:11:46.500906+0800 ERROR SENT: G250 S21
2025-04-07T10:11:46.500906+0800 ERROR write command G250 S21
2025-04-07T10:11:46.500906+0800 ERROR second command G250 S21
2025-04-07T10:11:46.501905+0800 ERROR finish command G250 S21
2025-04-07T10:11:46.501905+0800 ERROR SENT: G250 S800
2025-04-07T10:11:46.501905+0800 ERROR write command G250 S800
2025-04-07T10:11:46.501905+0800 ERROR second command G250 S800
2025-04-07T10:11:46.501905+0800 ERROR finish command G250 S800
2025-04-07T10:11:46.501905+0800 ERROR SENT: M154 S1
2025-04-07T10:11:46.501905+0800 ERROR write command M154 S1
2025-04-07T10:11:46.502906+0800 ERROR second command M154 S1
2025-04-07T10:11:46.502906+0800 ERROR finish command M154 S1
2025-04-07T10:11:50.382052+0800 ERROR SENT: M105
2025-04-07T10:11:50.382052+0800 ERROR write command M105
2025-04-07T10:11:50.382052+0800 ERROR second command M105
2025-04-07T10:11:50.382052+0800 ERROR finish command M105
2025-04-07T10:11:50.382940+0800 ERROR SENT: G250 S21
2025-04-07T10:11:50.382940+0800 ERROR write command G250 S21
2025-04-07T10:11:50.382940+0800 ERROR second command G250 S21
2025-04-07T10:11:50.382940+0800 ERROR finish command G250 S21
2025-04-07T10:11:50.382940+0800 ERROR SENT: G250 S800
2025-04-07T10:11:50.382940+0800 ERROR write command G250 S800
2025-04-07T10:11:50.382940+0800 ERROR second command G250 S800
2025-04-07T10:11:50.382940+0800 ERROR finish command G250 S800
2025-04-07T10:11:50.382940+0800 ERROR SENT: M154 S1
2025-04-07T10:11:50.383940+0800 ERROR write command M154 S1
2025-04-07T10:11:50.383940+0800 ERROR second command M154 S1
2025-04-07T10:11:50.383940+0800 ERROR finish command M154 S1
2025-04-07T10:11:54.279731+0800 ERROR SENT: M105
2025-04-07T10:11:54.279731+0800 ERROR write command M105
2025-04-07T10:11:54.279731+0800 ERROR second command M105
2025-04-07T10:11:54.280736+0800 ERROR finish command M105
2025-04-07T10:11:54.280736+0800 ERROR SENT: G250 S21
2025-04-07T10:11:54.280736+0800 ERROR write command G250 S21
2025-04-07T10:11:54.280736+0800 ERROR second command G250 S21
2025-04-07T10:11:54.280736+0800 ERROR finish command G250 S21
2025-04-07T10:11:54.281737+0800 ERROR SENT: G250 S800
2025-04-07T10:11:54.281737+0800 ERROR write command G250 S800
2025-04-07T10:11:54.281737+0800 ERROR second command G250 S800
2025-04-07T10:11:54.281737+0800 ERROR finish command G250 S800
2025-04-07T10:11:54.281737+0800 ERROR SENT: M154 S1
2025-04-07T10:11:54.281737+0800 ERROR write command M154 S1
2025-04-07T10:11:54.282736+0800 ERROR second command M154 S1
2025-04-07T10:11:54.282736+0800 ERROR finish command M154 S1
2025-04-07T10:11:58.187782+0800 ERROR SENT: M105
2025-04-07T10:11:58.187782+0800 ERROR write command M105
2025-04-07T10:11:58.187782+0800 ERROR second command M105
2025-04-07T10:11:58.188782+0800 ERROR finish command M105
2025-04-07T10:11:58.188782+0800 ERROR SENT: G250 S21
2025-04-07T10:11:58.188782+0800 ERROR write command G250 S21
2025-04-07T10:11:58.188782+0800 ERROR second command G250 S21
2025-04-07T10:11:58.188782+0800 ERROR finish command G250 S21
2025-04-07T10:11:58.188782+0800 ERROR SENT: G250 S800
2025-04-07T10:11:58.188782+0800 ERROR write command G250 S800
2025-04-07T10:11:58.188782+0800 ERROR second command G250 S800
2025-04-07T10:11:58.188782+0800 ERROR finish command G250 S800
2025-04-07T10:11:58.189783+0800 ERROR SENT: M154 S1
2025-04-07T10:11:58.189783+0800 ERROR write command M154 S1
2025-04-07T10:11:58.189783+0800 ERROR second command M154 S1
2025-04-07T10:11:58.189783+0800 ERROR finish command M154 S1
2025-04-07T10:12:02.044178+0800 ERROR SENT: M105
2025-04-07T10:12:02.045098+0800 ERROR write command M105
2025-04-07T10:12:02.045098+0800 ERROR second command M105
2025-04-07T10:12:02.045098+0800 ERROR finish command M105
2025-04-07T10:12:02.046098+0800 ERROR SENT: G250 S21
2025-04-07T10:12:02.046098+0800 ERROR write command G250 S21
2025-04-07T10:12:02.046098+0800 ERROR second command G250 S21
2025-04-07T10:12:02.046098+0800 ERROR finish command G250 S21
2025-04-07T10:12:02.046098+0800 ERROR SENT: G250 S800
2025-04-07T10:12:02.046098+0800 ERROR write command G250 S800
2025-04-07T10:12:02.046098+0800 ERROR second command G250 S800
2025-04-07T10:12:02.047099+0800 ERROR finish command G250 S800
2025-04-07T10:12:02.047099+0800 ERROR SENT: M154 S1
2025-04-07T10:12:02.047099+0800 ERROR write command M154 S1
2025-04-07T10:12:02.047099+0800 ERROR second command M154 S1
2025-04-07T10:12:02.047099+0800 ERROR finish command M154 S1
2025-04-07T10:12:05.994607+0800 ERROR SENT: M105
2025-04-07T10:12:05.994607+0800 ERROR write command M105
2025-04-07T10:12:05.994607+0800 ERROR second command M105
2025-04-07T10:12:05.994607+0800 ERROR finish command M105
2025-04-07T10:12:05.994607+0800 ERROR SENT: G250 S21
2025-04-07T10:12:05.994607+0800 ERROR write command G250 S21
2025-04-07T10:12:05.995615+0800 ERROR second command G250 S21
2025-04-07T10:12:05.995615+0800 ERROR finish command G250 S21
2025-04-07T10:12:05.995615+0800 ERROR SENT: G250 S800
2025-04-07T10:12:05.995615+0800 ERROR write command G250 S800
2025-04-07T10:12:05.995615+0800 ERROR second command G250 S800
2025-04-07T10:12:05.995615+0800 ERROR finish command G250 S800
2025-04-07T10:12:05.995615+0800 ERROR SENT: M154 S1
2025-04-07T10:12:05.995615+0800 ERROR write command M154 S1
2025-04-07T10:12:05.996629+0800 ERROR second command M154 S1
2025-04-07T10:12:05.996629+0800 ERROR finish command M154 S1
