2025-04-11T11:23:57.025987+0800 INFO 设备已成功连接
2025-04-11T11:23:57.026979+0800 ERROR SENT: M105
2025-04-11T11:23:57.026979+0800 ERROR write command M105
2025-04-11T11:23:57.026979+0800 ERROR second command M105
2025-04-11T11:23:57.026979+0800 ERROR finish command M105
2025-04-11T11:23:57.027978+0800 ERROR SENT: G250 S21
2025-04-11T11:23:57.027978+0800 ERROR write command G250 S21
2025-04-11T11:23:57.027978+0800 ERROR second command G250 S21
2025-04-11T11:23:57.027978+0800 ERROR finish command G250 S21
2025-04-11T11:23:57.027978+0800 ERROR SENT: G250 S800
2025-04-11T11:23:57.028978+0800 ERROR write command G250 S800
2025-04-11T11:23:57.028978+0800 ERROR second command G250 S800
2025-04-11T11:23:57.028978+0800 ERROR finish command G250 S800
2025-04-11T11:23:57.028978+0800 ERROR SENT: M154 S1
2025-04-11T11:23:57.028978+0800 ERROR write command M154 S1
2025-04-11T11:23:57.029979+0800 ERROR second command M154 S1
2025-04-11T11:23:57.029979+0800 ERROR finish command M154 S1
2025-04-11T11:24:00.848092+0800 ERROR SENT: M105
2025-04-11T11:24:00.848465+0800 ERROR write command M105
2025-04-11T11:24:00.848977+0800 ERROR second command M105
2025-04-11T11:24:00.848977+0800 ERROR finish command M105
2025-04-11T11:24:00.848977+0800 ERROR SENT: G250 S21
2025-04-11T11:24:00.848977+0800 ERROR write command G250 S21
2025-04-11T11:24:00.848977+0800 ERROR second command G250 S21
2025-04-11T11:24:00.848977+0800 ERROR finish command G250 S21
2025-04-11T11:24:00.848977+0800 ERROR SENT: G250 S800
2025-04-11T11:24:00.848977+0800 ERROR write command G250 S800
2025-04-11T11:24:00.848977+0800 ERROR second command G250 S800
2025-04-11T11:24:00.848977+0800 ERROR finish command G250 S800
2025-04-11T11:24:00.849975+0800 ERROR SENT: M154 S1
2025-04-11T11:24:00.849975+0800 ERROR write command M154 S1
2025-04-11T11:24:00.849975+0800 ERROR second command M154 S1
2025-04-11T11:24:00.849975+0800 ERROR finish command M154 S1
2025-04-11T11:24:04.909478+0800 ERROR SENT: M105
2025-04-11T11:24:04.909478+0800 ERROR write command M105
2025-04-11T11:24:04.909478+0800 ERROR second command M105
2025-04-11T11:24:04.909478+0800 ERROR finish command M105
2025-04-11T11:24:04.909478+0800 ERROR SENT: G250 S21
2025-04-11T11:24:04.909478+0800 ERROR write command G250 S21
2025-04-11T11:24:04.910477+0800 ERROR second command G250 S21
2025-04-11T11:24:04.910477+0800 ERROR finish command G250 S21
2025-04-11T11:24:04.910477+0800 ERROR SENT: G250 S800
2025-04-11T11:24:04.910477+0800 ERROR write command G250 S800
2025-04-11T11:24:04.910477+0800 ERROR second command G250 S800
2025-04-11T11:24:04.910477+0800 ERROR finish command G250 S800
2025-04-11T11:24:04.910477+0800 ERROR SENT: M154 S1
2025-04-11T11:24:04.910477+0800 ERROR write command M154 S1
2025-04-11T11:24:04.910477+0800 ERROR second command M154 S1
2025-04-11T11:24:04.911467+0800 ERROR finish command M154 S1
2025-04-11T11:24:08.717538+0800 ERROR SENT: M105
2025-04-11T11:24:08.717538+0800 ERROR write command M105
2025-04-11T11:24:08.717538+0800 ERROR second command M105
2025-04-11T11:24:08.717538+0800 ERROR finish command M105
2025-04-11T11:24:08.718530+0800 ERROR SENT: G250 S21
2025-04-11T11:24:08.718530+0800 ERROR write command G250 S21
2025-04-11T11:24:08.718530+0800 ERROR second command G250 S21
2025-04-11T11:24:08.718530+0800 ERROR finish command G250 S21
2025-04-11T11:24:08.718530+0800 ERROR SENT: G250 S800
2025-04-11T11:24:08.718530+0800 ERROR write command G250 S800
2025-04-11T11:24:08.718530+0800 ERROR second command G250 S800
2025-04-11T11:24:08.718530+0800 ERROR finish command G250 S800
2025-04-11T11:24:08.718530+0800 ERROR SENT: M154 S1
2025-04-11T11:24:08.718530+0800 ERROR write command M154 S1
2025-04-11T11:24:08.719529+0800 ERROR second command M154 S1
2025-04-11T11:24:08.719529+0800 ERROR finish command M154 S1
2025-04-11T11:24:12.521696+0800 ERROR SENT: M105
2025-04-11T11:24:12.521696+0800 ERROR write command M105
2025-04-11T11:24:12.521696+0800 ERROR second command M105
2025-04-11T11:24:12.521696+0800 ERROR finish command M105
2025-04-11T11:24:12.521696+0800 ERROR SENT: G250 S21
2025-04-11T11:24:12.522694+0800 ERROR write command G250 S21
2025-04-11T11:24:12.522694+0800 ERROR second command G250 S21
2025-04-11T11:24:12.522694+0800 ERROR finish command G250 S21
2025-04-11T11:24:12.522694+0800 ERROR SENT: G250 S800
2025-04-11T11:24:12.522694+0800 ERROR write command G250 S800
2025-04-11T11:24:12.522694+0800 ERROR second command G250 S800
2025-04-11T11:24:12.522694+0800 ERROR finish command G250 S800
2025-04-11T11:24:12.522694+0800 ERROR SENT: M154 S1
2025-04-11T11:24:12.523726+0800 ERROR write command M154 S1
2025-04-11T11:24:12.523726+0800 ERROR second command M154 S1
2025-04-11T11:24:12.523726+0800 ERROR finish command M154 S1
2025-04-11T11:24:16.349534+0800 ERROR SENT: M105
2025-04-11T11:24:16.349534+0800 ERROR write command M105
2025-04-11T11:24:16.349534+0800 ERROR second command M105
2025-04-11T11:24:16.349534+0800 ERROR finish command M105
2025-04-11T11:24:16.350534+0800 ERROR SENT: G250 S21
2025-04-11T11:24:16.350534+0800 ERROR write command G250 S21
2025-04-11T11:24:16.350534+0800 ERROR second command G250 S21
2025-04-11T11:24:16.350534+0800 ERROR finish command G250 S21
2025-04-11T11:24:16.350534+0800 ERROR SENT: G250 S800
2025-04-11T11:24:16.350534+0800 ERROR write command G250 S800
2025-04-11T11:24:16.351533+0800 ERROR second command G250 S800
2025-04-11T11:24:16.351533+0800 ERROR finish command G250 S800
2025-04-11T11:24:16.351533+0800 ERROR SENT: M154 S1
2025-04-11T11:24:16.351533+0800 ERROR write command M154 S1
2025-04-11T11:24:16.351533+0800 ERROR second command M154 S1
2025-04-11T11:24:16.351533+0800 ERROR finish command M154 S1
2025-04-11T11:24:20.210634+0800 ERROR SENT: M105
2025-04-11T11:24:20.210634+0800 ERROR write command M105
2025-04-11T11:24:20.210634+0800 ERROR second command M105
2025-04-11T11:24:20.210634+0800 ERROR finish command M105
2025-04-11T11:24:20.210634+0800 ERROR SENT: G250 S21
2025-04-11T11:24:20.210634+0800 ERROR write command G250 S21
2025-04-11T11:24:20.211566+0800 ERROR second command G250 S21
2025-04-11T11:24:20.211566+0800 ERROR finish command G250 S21
2025-04-11T11:24:20.211566+0800 ERROR SENT: G250 S800
2025-04-11T11:24:20.211566+0800 ERROR write command G250 S800
2025-04-11T11:24:20.211566+0800 ERROR second command G250 S800
2025-04-11T11:24:20.211566+0800 ERROR finish command G250 S800
2025-04-11T11:24:20.211566+0800 ERROR SENT: M154 S1
2025-04-11T11:24:20.212566+0800 ERROR write command M154 S1
2025-04-11T11:24:20.212566+0800 ERROR second command M154 S1
2025-04-11T11:24:20.212566+0800 ERROR finish command M154 S1
2025-04-11T11:24:24.039098+0800 ERROR SENT: M105
2025-04-11T11:24:24.039098+0800 ERROR write command M105
2025-04-11T11:24:24.039098+0800 ERROR second command M105
2025-04-11T11:24:24.040098+0800 ERROR finish command M105
2025-04-11T11:24:24.040098+0800 ERROR SENT: G250 S21
2025-04-11T11:24:24.040098+0800 ERROR write command G250 S21
2025-04-11T11:24:24.040098+0800 ERROR second command G250 S21
2025-04-11T11:24:24.040098+0800 ERROR finish command G250 S21
2025-04-11T11:24:24.040098+0800 ERROR SENT: G250 S800
2025-04-11T11:24:24.040098+0800 ERROR write command G250 S800
2025-04-11T11:24:24.040098+0800 ERROR second command G250 S800
2025-04-11T11:24:24.041098+0800 ERROR finish command G250 S800
2025-04-11T11:24:24.041098+0800 ERROR SENT: M154 S1
2025-04-11T11:24:24.041098+0800 ERROR write command M154 S1
2025-04-11T11:24:24.041098+0800 ERROR second command M154 S1
2025-04-11T11:24:24.041098+0800 ERROR finish command M154 S1
2025-04-11T11:24:27.887023+0800 ERROR SENT: M105
2025-04-11T11:24:27.887023+0800 ERROR write command M105
2025-04-11T11:24:27.887023+0800 ERROR second command M105
2025-04-11T11:24:27.887023+0800 ERROR finish command M105
2025-04-11T11:24:27.887023+0800 ERROR SENT: G250 S21
2025-04-11T11:24:27.887957+0800 ERROR write command G250 S21
2025-04-11T11:24:27.887957+0800 ERROR second command G250 S21
2025-04-11T11:24:27.887957+0800 ERROR finish command G250 S21
2025-04-11T11:24:27.887957+0800 ERROR SENT: G250 S800
2025-04-11T11:24:27.887957+0800 ERROR write command G250 S800
2025-04-11T11:24:27.887957+0800 ERROR second command G250 S800
2025-04-11T11:24:27.887957+0800 ERROR finish command G250 S800
2025-04-11T11:24:27.887957+0800 ERROR SENT: M154 S1
2025-04-11T11:24:27.888957+0800 ERROR write command M154 S1
2025-04-11T11:24:27.888957+0800 ERROR second command M154 S1
2025-04-11T11:24:27.888957+0800 ERROR finish command M154 S1
2025-04-11T11:24:31.698178+0800 ERROR SENT: M105
2025-04-11T11:24:31.698178+0800 ERROR write command M105
2025-04-11T11:24:31.698178+0800 ERROR second command M105
2025-04-11T11:24:31.698178+0800 ERROR finish command M105
2025-04-11T11:24:31.698178+0800 ERROR SENT: G250 S21
2025-04-11T11:24:31.698178+0800 ERROR write command G250 S21
2025-04-11T11:24:31.699179+0800 ERROR second command G250 S21
2025-04-11T11:24:31.699179+0800 ERROR finish command G250 S21
2025-04-11T11:24:31.699179+0800 ERROR SENT: G250 S800
2025-04-11T11:24:31.699179+0800 ERROR write command G250 S800
2025-04-11T11:24:31.699179+0800 ERROR second command G250 S800
2025-04-11T11:24:31.699179+0800 ERROR finish command G250 S800
2025-04-11T11:24:31.699179+0800 ERROR SENT: M154 S1
2025-04-11T11:24:31.699179+0800 ERROR write command M154 S1
2025-04-11T11:24:31.699179+0800 ERROR second command M154 S1
2025-04-11T11:24:31.700179+0800 ERROR finish command M154 S1
2025-04-11T11:24:35.567398+0800 ERROR SENT: M105
2025-04-11T11:24:35.567398+0800 ERROR write command M105
2025-04-11T11:24:35.567398+0800 ERROR second command M105
2025-04-11T11:24:35.567398+0800 ERROR finish command M105
2025-04-11T11:24:35.567398+0800 ERROR SENT: G250 S21
2025-04-11T11:24:35.568398+0800 ERROR write command G250 S21
2025-04-11T11:24:35.568398+0800 ERROR second command G250 S21
2025-04-11T11:24:35.568398+0800 ERROR finish command G250 S21
2025-04-11T11:24:35.568398+0800 ERROR SENT: G250 S800
2025-04-11T11:24:35.568398+0800 ERROR write command G250 S800
2025-04-11T11:24:35.568398+0800 ERROR second command G250 S800
2025-04-11T11:24:35.568398+0800 ERROR finish command G250 S800
2025-04-11T11:24:35.568398+0800 ERROR SENT: M154 S1
2025-04-11T11:24:35.568398+0800 ERROR write command M154 S1
2025-04-11T11:24:35.569397+0800 ERROR second command M154 S1
2025-04-11T11:24:35.569397+0800 ERROR finish command M154 S1
2025-04-11T11:24:39.376722+0800 ERROR SENT: M105
2025-04-11T11:24:39.377066+0800 ERROR write command M105
2025-04-11T11:24:39.377066+0800 ERROR second command M105
2025-04-11T11:24:39.377066+0800 ERROR finish command M105
2025-04-11T11:24:39.377577+0800 ERROR SENT: G250 S21
2025-04-11T11:24:39.377577+0800 ERROR write command G250 S21
2025-04-11T11:24:39.377577+0800 ERROR second command G250 S21
2025-04-11T11:24:39.377577+0800 ERROR finish command G250 S21
2025-04-11T11:24:39.377577+0800 ERROR SENT: G250 S800
2025-04-11T11:24:39.377577+0800 ERROR write command G250 S800
2025-04-11T11:24:39.377577+0800 ERROR second command G250 S800
2025-04-11T11:24:39.377577+0800 ERROR finish command G250 S800
2025-04-11T11:24:39.377577+0800 ERROR SENT: M154 S1
2025-04-11T11:24:39.378659+0800 ERROR write command M154 S1
2025-04-11T11:24:39.378659+0800 ERROR second command M154 S1
2025-04-11T11:24:39.378659+0800 ERROR finish command M154 S1
2025-04-11T11:24:43.201118+0800 ERROR SENT: M105
2025-04-11T11:24:43.201118+0800 ERROR write command M105
2025-04-11T11:24:43.201118+0800 ERROR second command M105
2025-04-11T11:24:43.201118+0800 ERROR finish command M105
2025-04-11T11:24:43.202119+0800 ERROR SENT: G250 S21
2025-04-11T11:24:43.202119+0800 ERROR write command G250 S21
2025-04-11T11:24:43.202119+0800 ERROR second command G250 S21
2025-04-11T11:24:43.202119+0800 ERROR finish command G250 S21
2025-04-11T11:24:43.202119+0800 ERROR SENT: G250 S800
2025-04-11T11:24:43.202119+0800 ERROR write command G250 S800
2025-04-11T11:24:43.202119+0800 ERROR second command G250 S800
2025-04-11T11:24:43.202119+0800 ERROR finish command G250 S800
2025-04-11T11:24:43.203119+0800 ERROR SENT: M154 S1
2025-04-11T11:24:43.203119+0800 ERROR write command M154 S1
2025-04-11T11:24:43.203119+0800 ERROR second command M154 S1
2025-04-11T11:24:43.203119+0800 ERROR finish command M154 S1
2025-04-11T11:24:47.015766+0800 ERROR SENT: M105
2025-04-11T11:24:47.015766+0800 ERROR write command M105
2025-04-11T11:24:47.015766+0800 ERROR second command M105
2025-04-11T11:24:47.015766+0800 ERROR finish command M105
2025-04-11T11:24:47.016696+0800 ERROR SENT: G250 S21
2025-04-11T11:24:47.016696+0800 ERROR write command G250 S21
2025-04-11T11:24:47.016696+0800 ERROR second command G250 S21
2025-04-11T11:24:47.016696+0800 ERROR finish command G250 S21
2025-04-11T11:24:47.016696+0800 ERROR SENT: G250 S800
2025-04-11T11:24:47.016696+0800 ERROR write command G250 S800
2025-04-11T11:24:47.016696+0800 ERROR second command G250 S800
2025-04-11T11:24:47.016696+0800 ERROR finish command G250 S800
2025-04-11T11:24:47.016696+0800 ERROR SENT: M154 S1
2025-04-11T11:24:47.017696+0800 ERROR write command M154 S1
2025-04-11T11:24:47.017696+0800 ERROR second command M154 S1
2025-04-11T11:24:47.017696+0800 ERROR finish command M154 S1
2025-04-11T11:24:51.504886+0800 ERROR SENT: M105
2025-04-11T11:24:51.504886+0800 ERROR write command M105
2025-04-11T11:24:51.504886+0800 ERROR second command M105
2025-04-11T11:24:51.505886+0800 ERROR finish command M105
2025-04-11T11:24:51.505886+0800 ERROR SENT: G250 S21
2025-04-11T11:24:51.505886+0800 ERROR write command G250 S21
2025-04-11T11:24:51.505886+0800 ERROR second command G250 S21
2025-04-11T11:24:51.505886+0800 ERROR finish command G250 S21
2025-04-11T11:24:51.505886+0800 ERROR SENT: G250 S800
2025-04-11T11:24:51.506885+0800 ERROR write command G250 S800
2025-04-11T11:24:51.506885+0800 ERROR second command G250 S800
2025-04-11T11:24:51.506885+0800 ERROR finish command G250 S800
2025-04-11T11:24:51.506885+0800 ERROR SENT: M154 S1
2025-04-11T11:24:51.506885+0800 ERROR write command M154 S1
2025-04-11T11:24:51.506885+0800 ERROR second command M154 S1
2025-04-11T11:24:51.507885+0800 ERROR finish command M154 S1
2025-04-11T11:24:55.343203+0800 ERROR SENT: M105
2025-04-11T11:24:55.343203+0800 ERROR write command M105
2025-04-11T11:24:55.343203+0800 ERROR second command M105
2025-04-11T11:24:55.343203+0800 ERROR finish command M105
2025-04-11T11:24:55.343203+0800 ERROR SENT: G250 S21
2025-04-11T11:24:55.344125+0800 ERROR write command G250 S21
2025-04-11T11:24:55.344125+0800 ERROR second command G250 S21
2025-04-11T11:24:55.344125+0800 ERROR finish command G250 S21
2025-04-11T11:24:55.344125+0800 ERROR SENT: G250 S800
2025-04-11T11:24:55.344125+0800 ERROR write command G250 S800
2025-04-11T11:24:55.344125+0800 ERROR second command G250 S800
2025-04-11T11:24:55.344125+0800 ERROR finish command G250 S800
2025-04-11T11:24:55.345124+0800 ERROR SENT: M154 S1
2025-04-11T11:24:55.345124+0800 ERROR write command M154 S1
2025-04-11T11:24:55.345124+0800 ERROR second command M154 S1
2025-04-11T11:24:55.345124+0800 ERROR finish command M154 S1
2025-04-11T11:24:59.208911+0800 ERROR SENT: M105
2025-04-11T11:24:59.208911+0800 ERROR write command M105
2025-04-11T11:24:59.208911+0800 ERROR second command M105
2025-04-11T11:24:59.208911+0800 ERROR finish command M105
2025-04-11T11:24:59.209912+0800 ERROR SENT: G250 S21
2025-04-11T11:24:59.211911+0800 ERROR write command G250 S21
2025-04-11T11:24:59.211911+0800 ERROR second command G250 S21
2025-04-11T11:24:59.211911+0800 ERROR finish command G250 S21
2025-04-11T11:24:59.211911+0800 ERROR SENT: G250 S800
2025-04-11T11:24:59.212911+0800 ERROR write command G250 S800
2025-04-11T11:24:59.212911+0800 ERROR second command G250 S800
2025-04-11T11:24:59.212911+0800 ERROR finish command G250 S800
2025-04-11T11:24:59.218911+0800 ERROR SENT: M154 S1
2025-04-11T11:24:59.218911+0800 ERROR write command M154 S1
2025-04-11T11:24:59.219911+0800 ERROR second command M154 S1
2025-04-11T11:24:59.219911+0800 ERROR finish command M154 S1
2025-04-11T11:25:03.185133+0800 ERROR SENT: M105
2025-04-11T11:25:03.185133+0800 ERROR write command M105
2025-04-11T11:25:03.185133+0800 ERROR second command M105
2025-04-11T11:25:03.185133+0800 ERROR finish command M105
2025-04-11T11:25:03.186133+0800 ERROR SENT: G250 S21
2025-04-11T11:25:03.186133+0800 ERROR write command G250 S21
2025-04-11T11:25:03.186133+0800 ERROR second command G250 S21
2025-04-11T11:25:03.186133+0800 ERROR finish command G250 S21
2025-04-11T11:25:03.186133+0800 ERROR SENT: G250 S800
2025-04-11T11:25:03.186133+0800 ERROR write command G250 S800
2025-04-11T11:25:03.186133+0800 ERROR second command G250 S800
2025-04-11T11:25:03.186133+0800 ERROR finish command G250 S800
2025-04-11T11:25:03.186133+0800 ERROR SENT: M154 S1
2025-04-11T11:25:03.187132+0800 ERROR write command M154 S1
2025-04-11T11:25:03.187132+0800 ERROR second command M154 S1
2025-04-11T11:25:03.187132+0800 ERROR finish command M154 S1
2025-04-11T11:25:07.036696+0800 ERROR SENT: M105
2025-04-11T11:25:07.036696+0800 ERROR write command M105
2025-04-11T11:25:07.037629+0800 ERROR second command M105
2025-04-11T11:25:07.037629+0800 ERROR finish command M105
2025-04-11T11:25:07.037629+0800 ERROR SENT: G250 S21
2025-04-11T11:25:07.037629+0800 ERROR write command G250 S21
2025-04-11T11:25:07.037629+0800 ERROR second command G250 S21
2025-04-11T11:25:07.037629+0800 ERROR finish command G250 S21
2025-04-11T11:25:07.037629+0800 ERROR SENT: G250 S800
2025-04-11T11:25:07.038629+0800 ERROR write command G250 S800
2025-04-11T11:25:07.038629+0800 ERROR second command G250 S800
2025-04-11T11:25:07.038629+0800 ERROR finish command G250 S800
2025-04-11T11:25:07.038629+0800 ERROR SENT: M154 S1
2025-04-11T11:25:07.038629+0800 ERROR write command M154 S1
2025-04-11T11:25:07.038629+0800 ERROR second command M154 S1
2025-04-11T11:25:07.038629+0800 ERROR finish command M154 S1
2025-04-11T11:25:11.054780+0800 ERROR SENT: M105
2025-04-11T11:25:11.054780+0800 ERROR write command M105
2025-04-11T11:25:11.055781+0800 ERROR second command M105
2025-04-11T11:25:11.055781+0800 ERROR finish command M105
2025-04-11T11:25:11.055781+0800 ERROR SENT: G250 S21
2025-04-11T11:25:11.056781+0800 ERROR write command G250 S21
2025-04-11T11:25:11.056781+0800 ERROR second command G250 S21
2025-04-11T11:25:11.056781+0800 ERROR finish command G250 S21
2025-04-11T11:25:11.056781+0800 ERROR SENT: G250 S800
2025-04-11T11:25:11.056781+0800 ERROR write command G250 S800
2025-04-11T11:25:11.056781+0800 ERROR second command G250 S800
2025-04-11T11:25:11.056781+0800 ERROR finish command G250 S800
2025-04-11T11:25:11.056781+0800 ERROR SENT: M154 S1
2025-04-11T11:25:11.058781+0800 ERROR write command M154 S1
2025-04-11T11:25:11.058781+0800 ERROR second command M154 S1
2025-04-11T11:25:11.058781+0800 ERROR finish command M154 S1
2025-04-11T11:25:15.050011+0800 ERROR SENT: M105
2025-04-11T11:25:15.050011+0800 ERROR write command M105
2025-04-11T11:25:15.050011+0800 ERROR second command M105
2025-04-11T11:25:15.050929+0800 ERROR finish command M105
2025-04-11T11:25:15.050929+0800 ERROR SENT: G250 S21
2025-04-11T11:25:15.050929+0800 ERROR write command G250 S21
2025-04-11T11:25:15.050929+0800 ERROR second command G250 S21
2025-04-11T11:25:15.050929+0800 ERROR finish command G250 S21
2025-04-11T11:25:15.050929+0800 ERROR SENT: G250 S800
2025-04-11T11:25:15.050929+0800 ERROR write command G250 S800
2025-04-11T11:25:15.050929+0800 ERROR second command G250 S800
2025-04-11T11:25:15.050929+0800 ERROR finish command G250 S800
2025-04-11T11:25:15.050929+0800 ERROR SENT: M154 S1
2025-04-11T11:25:15.051930+0800 ERROR write command M154 S1
2025-04-11T11:25:15.051930+0800 ERROR second command M154 S1
2025-04-11T11:25:15.051930+0800 ERROR finish command M154 S1
2025-04-11T11:25:18.952307+0800 ERROR SENT: M105
2025-04-11T11:25:18.953307+0800 ERROR write command M105
2025-04-11T11:25:18.953307+0800 ERROR second command M105
2025-04-11T11:25:18.953307+0800 ERROR finish command M105
2025-04-11T11:25:18.954307+0800 ERROR SENT: G250 S21
2025-04-11T11:25:18.954307+0800 ERROR write command G250 S21
2025-04-11T11:25:18.954307+0800 ERROR second command G250 S21
2025-04-11T11:25:18.954307+0800 ERROR finish command G250 S21
2025-04-11T11:25:18.955309+0800 ERROR SENT: G250 S800
2025-04-11T11:25:18.955309+0800 ERROR write command G250 S800
2025-04-11T11:25:18.955309+0800 ERROR second command G250 S800
2025-04-11T11:25:18.955309+0800 ERROR finish command G250 S800
2025-04-11T11:25:18.955309+0800 ERROR SENT: M154 S1
2025-04-11T11:25:18.956308+0800 ERROR write command M154 S1
2025-04-11T11:25:18.956308+0800 ERROR second command M154 S1
2025-04-11T11:25:18.957013+0800 ERROR finish command M154 S1
2025-04-11T11:25:22.885126+0800 ERROR SENT: M105
2025-04-11T11:25:22.886127+0800 ERROR write command M105
2025-04-11T11:25:22.886127+0800 ERROR second command M105
2025-04-11T11:25:22.886127+0800 ERROR finish command M105
2025-04-11T11:25:22.886127+0800 ERROR SENT: G250 S21
2025-04-11T11:25:22.887127+0800 ERROR write command G250 S21
2025-04-11T11:25:22.887127+0800 ERROR second command G250 S21
2025-04-11T11:25:22.887127+0800 ERROR finish command G250 S21
2025-04-11T11:25:22.887127+0800 ERROR SENT: G250 S800
2025-04-11T11:25:22.887127+0800 ERROR write command G250 S800
2025-04-11T11:25:22.887127+0800 ERROR second command G250 S800
2025-04-11T11:25:22.888127+0800 ERROR finish command G250 S800
2025-04-11T11:25:22.889127+0800 ERROR SENT: M154 S1
2025-04-11T11:25:22.889127+0800 ERROR write command M154 S1
2025-04-11T11:25:22.889127+0800 ERROR second command M154 S1
2025-04-11T11:25:22.890127+0800 ERROR finish command M154 S1
2025-04-11T11:25:26.779909+0800 ERROR SENT: M105
2025-04-11T11:25:26.779909+0800 ERROR write command M105
2025-04-11T11:25:26.779909+0800 ERROR second command M105
2025-04-11T11:25:26.780909+0800 ERROR finish command M105
2025-04-11T11:25:26.780909+0800 ERROR SENT: G250 S21
2025-04-11T11:25:26.780909+0800 ERROR write command G250 S21
2025-04-11T11:25:26.780909+0800 ERROR second command G250 S21
2025-04-11T11:25:26.781909+0800 ERROR finish command G250 S21
2025-04-11T11:25:26.781909+0800 ERROR SENT: G250 S800
2025-04-11T11:25:26.781909+0800 ERROR write command G250 S800
2025-04-11T11:25:26.781909+0800 ERROR second command G250 S800
2025-04-11T11:25:26.781909+0800 ERROR finish command G250 S800
2025-04-11T11:25:26.781909+0800 ERROR SENT: M154 S1
2025-04-11T11:25:26.781909+0800 ERROR write command M154 S1
2025-04-11T11:25:26.782909+0800 ERROR second command M154 S1
2025-04-11T11:25:26.782909+0800 ERROR finish command M154 S1
2025-04-11T11:25:30.652847+0800 ERROR SENT: M105
2025-04-11T11:25:30.652847+0800 ERROR write command M105
2025-04-11T11:25:30.652847+0800 ERROR second command M105
2025-04-11T11:25:30.652847+0800 ERROR finish command M105
2025-04-11T11:25:30.652847+0800 ERROR SENT: G250 S21
2025-04-11T11:25:30.653849+0800 ERROR write command G250 S21
2025-04-11T11:25:30.653849+0800 ERROR second command G250 S21
2025-04-11T11:25:30.653849+0800 ERROR finish command G250 S21
2025-04-11T11:25:30.653849+0800 ERROR SENT: G250 S800
2025-04-11T11:25:30.653849+0800 ERROR write command G250 S800
2025-04-11T11:25:30.653849+0800 ERROR second command G250 S800
2025-04-11T11:25:30.653849+0800 ERROR finish command G250 S800
2025-04-11T11:25:30.653849+0800 ERROR SENT: M154 S1
2025-04-11T11:25:30.654848+0800 ERROR write command M154 S1
2025-04-11T11:25:30.654848+0800 ERROR second command M154 S1
2025-04-11T11:25:30.654848+0800 ERROR finish command M154 S1
2025-04-11T11:25:34.485048+0800 ERROR SENT: M105
2025-04-11T11:25:34.485048+0800 ERROR write command M105
2025-04-11T11:25:34.485048+0800 ERROR second command M105
2025-04-11T11:25:34.485048+0800 ERROR finish command M105
2025-04-11T11:25:34.485048+0800 ERROR SENT: G250 S21
2025-04-11T11:25:34.485048+0800 ERROR write command G250 S21
2025-04-11T11:25:34.485048+0800 ERROR second command G250 S21
2025-04-11T11:25:34.485048+0800 ERROR finish command G250 S21
2025-04-11T11:25:34.485048+0800 ERROR SENT: G250 S800
2025-04-11T11:25:34.486048+0800 ERROR write command G250 S800
2025-04-11T11:25:34.486048+0800 ERROR second command G250 S800
2025-04-11T11:25:34.486048+0800 ERROR finish command G250 S800
2025-04-11T11:25:34.486048+0800 ERROR SENT: M154 S1
2025-04-11T11:25:34.486048+0800 ERROR write command M154 S1
2025-04-11T11:25:34.486048+0800 ERROR second command M154 S1
2025-04-11T11:25:34.487049+0800 ERROR finish command M154 S1
2025-04-11T11:25:38.324083+0800 ERROR SENT: M105
2025-04-11T11:25:38.324083+0800 ERROR write command M105
2025-04-11T11:25:38.324083+0800 ERROR second command M105
2025-04-11T11:25:38.325015+0800 ERROR finish command M105
2025-04-11T11:25:38.325015+0800 ERROR SENT: G250 S21
2025-04-11T11:25:38.325015+0800 ERROR write command G250 S21
2025-04-11T11:25:38.325015+0800 ERROR second command G250 S21
2025-04-11T11:25:38.325015+0800 ERROR finish command G250 S21
2025-04-11T11:25:38.325015+0800 ERROR SENT: G250 S800
2025-04-11T11:25:38.325015+0800 ERROR write command G250 S800
2025-04-11T11:25:38.326017+0800 ERROR second command G250 S800
2025-04-11T11:25:38.326017+0800 ERROR finish command G250 S800
2025-04-11T11:25:38.326017+0800 ERROR SENT: M154 S1
2025-04-11T11:25:38.326017+0800 ERROR write command M154 S1
2025-04-11T11:25:38.326017+0800 ERROR second command M154 S1
2025-04-11T11:25:38.326017+0800 ERROR finish command M154 S1
2025-04-11T11:25:42.134642+0800 ERROR SENT: M105
2025-04-11T11:25:42.134642+0800 ERROR write command M105
2025-04-11T11:25:42.134642+0800 ERROR second command M105
2025-04-11T11:25:42.134642+0800 ERROR finish command M105
2025-04-11T11:25:42.134642+0800 ERROR SENT: G250 S21
2025-04-11T11:25:42.135642+0800 ERROR write command G250 S21
2025-04-11T11:25:42.135642+0800 ERROR second command G250 S21
2025-04-11T11:25:42.135642+0800 ERROR finish command G250 S21
2025-04-11T11:25:42.135642+0800 ERROR SENT: G250 S800
2025-04-11T11:25:42.136642+0800 ERROR write command G250 S800
2025-04-11T11:25:42.136642+0800 ERROR second command G250 S800
2025-04-11T11:25:42.136642+0800 ERROR finish command G250 S800
2025-04-11T11:25:42.136642+0800 ERROR SENT: M154 S1
2025-04-11T11:25:42.136642+0800 ERROR write command M154 S1
2025-04-11T11:25:42.136642+0800 ERROR second command M154 S1
2025-04-11T11:25:42.136642+0800 ERROR finish command M154 S1
2025-04-11T11:25:45.980201+0800 ERROR SENT: M105
2025-04-11T11:25:45.980201+0800 ERROR write command M105
2025-04-11T11:25:45.980201+0800 ERROR second command M105
2025-04-11T11:25:45.980201+0800 ERROR finish command M105
2025-04-11T11:25:45.980201+0800 ERROR SENT: G250 S21
2025-04-11T11:25:45.981203+0800 ERROR write command G250 S21
2025-04-11T11:25:45.981203+0800 ERROR second command G250 S21
2025-04-11T11:25:45.981203+0800 ERROR finish command G250 S21
2025-04-11T11:25:45.981203+0800 ERROR SENT: G250 S800
2025-04-11T11:25:45.981203+0800 ERROR write command G250 S800
2025-04-11T11:25:45.981203+0800 ERROR second command G250 S800
2025-04-11T11:25:45.981203+0800 ERROR finish command G250 S800
2025-04-11T11:25:45.981203+0800 ERROR SENT: M154 S1
2025-04-11T11:25:45.982202+0800 ERROR write command M154 S1
2025-04-11T11:25:45.982202+0800 ERROR second command M154 S1
2025-04-11T11:25:45.982202+0800 ERROR finish command M154 S1
2025-04-11T11:25:49.832299+0800 ERROR SENT: M105
2025-04-11T11:25:49.832299+0800 ERROR write command M105
2025-04-11T11:25:49.833300+0800 ERROR second command M105
2025-04-11T11:25:49.833300+0800 ERROR finish command M105
2025-04-11T11:25:49.833300+0800 ERROR SENT: G250 S21
2025-04-11T11:25:49.833300+0800 ERROR write command G250 S21
2025-04-11T11:25:49.833300+0800 ERROR second command G250 S21
2025-04-11T11:25:49.833300+0800 ERROR finish command G250 S21
2025-04-11T11:25:49.834301+0800 ERROR SENT: G250 S800
2025-04-11T11:25:49.834301+0800 ERROR write command G250 S800
2025-04-11T11:25:49.834301+0800 ERROR second command G250 S800
2025-04-11T11:25:49.834301+0800 ERROR finish command G250 S800
2025-04-11T11:25:49.834301+0800 ERROR SENT: M154 S1
2025-04-11T11:25:49.835302+0800 ERROR write command M154 S1
2025-04-11T11:25:49.835302+0800 ERROR second command M154 S1
2025-04-11T11:25:49.835302+0800 ERROR finish command M154 S1
2025-04-11T11:25:53.626292+0800 ERROR SENT: M105
2025-04-11T11:25:53.626292+0800 ERROR write command M105
2025-04-11T11:25:53.626292+0800 ERROR second command M105
2025-04-11T11:25:53.626292+0800 ERROR finish command M105
2025-04-11T11:25:53.627294+0800 ERROR SENT: G250 S21
2025-04-11T11:25:53.627294+0800 ERROR write command G250 S21
2025-04-11T11:25:53.627294+0800 ERROR second command G250 S21
2025-04-11T11:25:53.627294+0800 ERROR finish command G250 S21
2025-04-11T11:25:53.627294+0800 ERROR SENT: G250 S800
2025-04-11T11:25:53.627294+0800 ERROR write command G250 S800
2025-04-11T11:25:53.627294+0800 ERROR second command G250 S800
2025-04-11T11:25:53.627294+0800 ERROR finish command G250 S800
2025-04-11T11:25:53.627294+0800 ERROR SENT: M154 S1
2025-04-11T11:25:53.627294+0800 ERROR write command M154 S1
2025-04-11T11:25:53.628293+0800 ERROR second command M154 S1
2025-04-11T11:25:53.628293+0800 ERROR finish command M154 S1
2025-04-11T11:25:57.468332+0800 ERROR SENT: M105
2025-04-11T11:25:57.468332+0800 ERROR write command M105
2025-04-11T11:25:57.468843+0800 ERROR second command M105
2025-04-11T11:25:57.468843+0800 ERROR finish command M105
2025-04-11T11:25:57.468843+0800 ERROR SENT: G250 S21
2025-04-11T11:25:57.468843+0800 ERROR write command G250 S21
2025-04-11T11:25:57.468843+0800 ERROR second command G250 S21
2025-04-11T11:25:57.468843+0800 ERROR finish command G250 S21
2025-04-11T11:25:57.468843+0800 ERROR SENT: G250 S800
2025-04-11T11:25:57.469842+0800 ERROR write command G250 S800
2025-04-11T11:25:57.469842+0800 ERROR second command G250 S800
2025-04-11T11:25:57.469842+0800 ERROR finish command G250 S800
2025-04-11T11:25:57.469842+0800 ERROR SENT: M154 S1
2025-04-11T11:25:57.469842+0800 ERROR write command M154 S1
2025-04-11T11:25:57.469842+0800 ERROR second command M154 S1
2025-04-11T11:25:57.469842+0800 ERROR finish command M154 S1
2025-04-11T11:26:01.294328+0800 ERROR SENT: M105
2025-04-11T11:26:01.294328+0800 ERROR write command M105
2025-04-11T11:26:01.294328+0800 ERROR second command M105
2025-04-11T11:26:01.294328+0800 ERROR finish command M105
2025-04-11T11:26:01.294328+0800 ERROR SENT: G250 S21
2025-04-11T11:26:01.295330+0800 ERROR write command G250 S21
2025-04-11T11:26:01.295330+0800 ERROR second command G250 S21
2025-04-11T11:26:01.295330+0800 ERROR finish command G250 S21
2025-04-11T11:26:01.295330+0800 ERROR SENT: G250 S800
2025-04-11T11:26:01.295330+0800 ERROR write command G250 S800
2025-04-11T11:26:01.295330+0800 ERROR second command G250 S800
2025-04-11T11:26:01.295330+0800 ERROR finish command G250 S800
2025-04-11T11:26:01.295330+0800 ERROR SENT: M154 S1
2025-04-11T11:26:01.296329+0800 ERROR write command M154 S1
2025-04-11T11:26:01.296329+0800 ERROR second command M154 S1
2025-04-11T11:26:01.296329+0800 ERROR finish command M154 S1
2025-04-11T11:26:05.127505+0800 ERROR SENT: M105
2025-04-11T11:26:05.127505+0800 ERROR write command M105
2025-04-11T11:26:05.127505+0800 ERROR second command M105
2025-04-11T11:26:05.127505+0800 ERROR finish command M105
2025-04-11T11:26:05.127505+0800 ERROR SENT: G250 S21
2025-04-11T11:26:05.127505+0800 ERROR write command G250 S21
2025-04-11T11:26:05.127505+0800 ERROR second command G250 S21
2025-04-11T11:26:05.128429+0800 ERROR finish command G250 S21
2025-04-11T11:26:05.128429+0800 ERROR SENT: G250 S800
2025-04-11T11:26:05.128429+0800 ERROR write command G250 S800
2025-04-11T11:26:05.128429+0800 ERROR second command G250 S800
2025-04-11T11:26:05.128429+0800 ERROR finish command G250 S800
2025-04-11T11:26:05.128429+0800 ERROR SENT: M154 S1
2025-04-11T11:26:05.128429+0800 ERROR write command M154 S1
2025-04-11T11:26:05.129432+0800 ERROR second command M154 S1
2025-04-11T11:26:05.129432+0800 ERROR finish command M154 S1
2025-04-11T11:26:08.955761+0800 ERROR SENT: M105
2025-04-11T11:26:08.955761+0800 ERROR write command M105
2025-04-11T11:26:08.955761+0800 ERROR second command M105
2025-04-11T11:26:08.956690+0800 ERROR finish command M105
2025-04-11T11:26:08.956690+0800 ERROR SENT: G250 S21
2025-04-11T11:26:08.956690+0800 ERROR write command G250 S21
2025-04-11T11:26:08.956690+0800 ERROR second command G250 S21
2025-04-11T11:26:08.956690+0800 ERROR finish command G250 S21
2025-04-11T11:26:08.956690+0800 ERROR SENT: G250 S800
2025-04-11T11:26:08.956690+0800 ERROR write command G250 S800
2025-04-11T11:26:08.956690+0800 ERROR second command G250 S800
2025-04-11T11:26:08.956690+0800 ERROR finish command G250 S800
2025-04-11T11:26:08.957690+0800 ERROR SENT: M154 S1
2025-04-11T11:26:08.957690+0800 ERROR write command M154 S1
2025-04-11T11:26:08.957690+0800 ERROR second command M154 S1
2025-04-11T11:26:08.957690+0800 ERROR finish command M154 S1
2025-04-11T11:26:12.786516+0800 ERROR SENT: M105
2025-04-11T11:26:12.786516+0800 ERROR write command M105
2025-04-11T11:26:12.786516+0800 ERROR second command M105
2025-04-11T11:26:12.787441+0800 ERROR finish command M105
2025-04-11T11:26:12.787441+0800 ERROR SENT: G250 S21
2025-04-11T11:26:12.787441+0800 ERROR write command G250 S21
2025-04-11T11:26:12.787441+0800 ERROR second command G250 S21
2025-04-11T11:26:12.787441+0800 ERROR finish command G250 S21
2025-04-11T11:26:12.787441+0800 ERROR SENT: G250 S800
2025-04-11T11:26:12.788440+0800 ERROR write command G250 S800
2025-04-11T11:26:12.788440+0800 ERROR second command G250 S800
2025-04-11T11:26:12.788440+0800 ERROR finish command G250 S800
2025-04-11T11:26:12.788440+0800 ERROR SENT: M154 S1
2025-04-11T11:26:12.788440+0800 ERROR write command M154 S1
2025-04-11T11:26:12.788440+0800 ERROR second command M154 S1
2025-04-11T11:26:12.788440+0800 ERROR finish command M154 S1
2025-04-11T11:26:16.611466+0800 ERROR SENT: M105
2025-04-11T11:26:16.611466+0800 ERROR write command M105
2025-04-11T11:26:16.611466+0800 ERROR second command M105
2025-04-11T11:26:16.612438+0800 ERROR finish command M105
2025-04-11T11:26:16.612438+0800 ERROR SENT: G250 S21
2025-04-11T11:26:16.612438+0800 ERROR write command G250 S21
2025-04-11T11:26:16.612438+0800 ERROR second command G250 S21
2025-04-11T11:26:16.612438+0800 ERROR finish command G250 S21
2025-04-11T11:26:16.612438+0800 ERROR SENT: G250 S800
2025-04-11T11:26:16.612438+0800 ERROR write command G250 S800
2025-04-11T11:26:16.612438+0800 ERROR second command G250 S800
2025-04-11T11:26:16.613438+0800 ERROR finish command G250 S800
2025-04-11T11:26:16.613438+0800 ERROR SENT: M154 S1
2025-04-11T11:26:16.613438+0800 ERROR write command M154 S1
2025-04-11T11:26:16.613438+0800 ERROR second command M154 S1
2025-04-11T11:26:16.613438+0800 ERROR finish command M154 S1
2025-04-11T11:26:20.419562+0800 ERROR SENT: M105
2025-04-11T11:26:20.419562+0800 ERROR write command M105
2025-04-11T11:26:20.419562+0800 ERROR second command M105
2025-04-11T11:26:20.419562+0800 ERROR finish command M105
2025-04-11T11:26:20.419562+0800 ERROR SENT: G250 S21
2025-04-11T11:26:20.419562+0800 ERROR write command G250 S21
2025-04-11T11:26:20.420495+0800 ERROR second command G250 S21
2025-04-11T11:26:20.420495+0800 ERROR finish command G250 S21
2025-04-11T11:26:20.420495+0800 ERROR SENT: G250 S800
2025-04-11T11:26:20.420495+0800 ERROR write command G250 S800
2025-04-11T11:26:20.420495+0800 ERROR second command G250 S800
2025-04-11T11:26:20.420495+0800 ERROR finish command G250 S800
2025-04-11T11:26:20.421495+0800 ERROR SENT: M154 S1
2025-04-11T11:26:20.421495+0800 ERROR write command M154 S1
2025-04-11T11:26:20.421495+0800 ERROR second command M154 S1
2025-04-11T11:26:20.421495+0800 ERROR finish command M154 S1
2025-04-11T11:26:24.225664+0800 ERROR SENT: M105
2025-04-11T11:26:24.225664+0800 ERROR write command M105
2025-04-11T11:26:24.226595+0800 ERROR second command M105
2025-04-11T11:26:24.226595+0800 ERROR finish command M105
2025-04-11T11:26:24.226595+0800 ERROR SENT: G250 S21
2025-04-11T11:26:24.226595+0800 ERROR write command G250 S21
2025-04-11T11:26:24.226595+0800 ERROR second command G250 S21
2025-04-11T11:26:24.226595+0800 ERROR finish command G250 S21
2025-04-11T11:26:24.226595+0800 ERROR SENT: G250 S800
2025-04-11T11:26:24.226595+0800 ERROR write command G250 S800
2025-04-11T11:26:24.226595+0800 ERROR second command G250 S800
2025-04-11T11:26:24.227597+0800 ERROR finish command G250 S800
2025-04-11T11:26:24.227597+0800 ERROR SENT: M154 S1
2025-04-11T11:26:24.227597+0800 ERROR write command M154 S1
2025-04-11T11:26:24.227597+0800 ERROR second command M154 S1
2025-04-11T11:26:24.227597+0800 ERROR finish command M154 S1
2025-04-11T11:26:28.065484+0800 ERROR SENT: M105
2025-04-11T11:26:28.065484+0800 ERROR write command M105
2025-04-11T11:26:28.065484+0800 ERROR second command M105
2025-04-11T11:26:28.065484+0800 ERROR finish command M105
2025-04-11T11:26:28.065484+0800 ERROR SENT: G250 S21
2025-04-11T11:26:28.065484+0800 ERROR write command G250 S21
2025-04-11T11:26:28.066414+0800 ERROR second command G250 S21
2025-04-11T11:26:28.066414+0800 ERROR finish command G250 S21
2025-04-11T11:26:28.066414+0800 ERROR SENT: G250 S800
2025-04-11T11:26:28.066414+0800 ERROR write command G250 S800
2025-04-11T11:26:28.066414+0800 ERROR second command G250 S800
2025-04-11T11:26:28.066414+0800 ERROR finish command G250 S800
2025-04-11T11:26:28.066414+0800 ERROR SENT: M154 S1
2025-04-11T11:26:28.067415+0800 ERROR write command M154 S1
2025-04-11T11:26:28.067415+0800 ERROR second command M154 S1
2025-04-11T11:26:28.067415+0800 ERROR finish command M154 S1
2025-04-11T11:26:31.871563+0800 ERROR SENT: M105
2025-04-11T11:26:31.871563+0800 ERROR write command M105
2025-04-11T11:26:31.871563+0800 ERROR second command M105
2025-04-11T11:26:31.871563+0800 ERROR finish command M105
2025-04-11T11:26:31.871563+0800 ERROR SENT: G250 S21
2025-04-11T11:26:31.871563+0800 ERROR write command G250 S21
2025-04-11T11:26:31.872564+0800 ERROR second command G250 S21
2025-04-11T11:26:31.872564+0800 ERROR finish command G250 S21
2025-04-11T11:26:31.872564+0800 ERROR SENT: G250 S800
2025-04-11T11:26:31.872564+0800 ERROR write command G250 S800
2025-04-11T11:26:31.872564+0800 ERROR second command G250 S800
2025-04-11T11:26:31.872564+0800 ERROR finish command G250 S800
2025-04-11T11:26:31.872564+0800 ERROR SENT: M154 S1
2025-04-11T11:26:31.872564+0800 ERROR write command M154 S1
2025-04-11T11:26:31.873563+0800 ERROR second command M154 S1
2025-04-11T11:26:31.873563+0800 ERROR finish command M154 S1
2025-04-11T11:26:35.764330+0800 ERROR SENT: M105
2025-04-11T11:26:35.764330+0800 ERROR write command M105
2025-04-11T11:26:35.764330+0800 ERROR second command M105
2025-04-11T11:26:35.765330+0800 ERROR finish command M105
2025-04-11T11:26:35.765330+0800 ERROR SENT: G250 S21
2025-04-11T11:26:35.765330+0800 ERROR write command G250 S21
2025-04-11T11:26:35.765330+0800 ERROR second command G250 S21
2025-04-11T11:26:35.765330+0800 ERROR finish command G250 S21
2025-04-11T11:26:35.765330+0800 ERROR SENT: G250 S800
2025-04-11T11:26:35.765330+0800 ERROR write command G250 S800
2025-04-11T11:26:35.766330+0800 ERROR second command G250 S800
2025-04-11T11:26:35.766330+0800 ERROR finish command G250 S800
2025-04-11T11:26:35.766330+0800 ERROR SENT: M154 S1
2025-04-11T11:26:35.766330+0800 ERROR write command M154 S1
2025-04-11T11:26:35.766330+0800 ERROR second command M154 S1
2025-04-11T11:26:35.766330+0800 ERROR finish command M154 S1
