2025-05-13T17:45:02.150558+0800 INFO G91
2025-05-13T17:45:02.150558+0800 INFO Not connected to printer.
2025-05-13T17:45:02.151564+0800 INFO L1 E-0.1 F400
2025-05-13T17:45:02.151564+0800 INFO Not connected to printer.
2025-05-13T17:45:02.151564+0800 INFO G90
2025-05-13T17:45:02.151564+0800 INFO Not connected to printer.
2025-05-13T17:45:03.363573+0800 INFO G91
2025-05-13T17:45:03.363573+0800 INFO Not connected to printer.
2025-05-13T17:45:03.363573+0800 INFO L1 Y0.1 F3000
2025-05-13T17:45:03.363573+0800 INFO Not connected to printer.
2025-05-13T17:45:03.363573+0800 INFO G90
2025-05-13T17:45:03.363573+0800 INFO Not connected to printer.
2025-05-13T17:45:03.916071+0800 INFO G91
2025-05-13T17:45:03.916071+0800 INFO Not connected to printer.
2025-05-13T17:45:03.916071+0800 INFO L1 Y0.1 F3000
2025-05-13T17:45:03.917070+0800 INFO Not connected to printer.
2025-05-13T17:45:03.917070+0800 INFO G90
2025-05-13T17:45:03.917070+0800 INFO Not connected to printer.
2025-05-13T17:45:04.891057+0800 INFO G91
2025-05-13T17:45:04.892053+0800 INFO Not connected to printer.
2025-05-13T17:45:04.892053+0800 INFO L1 E-0.1 F400
2025-05-13T17:45:04.893054+0800 INFO Not connected to printer.
2025-05-13T17:45:04.893054+0800 INFO G90
2025-05-13T17:45:04.893054+0800 INFO Not connected to printer.
2025-05-13T17:45:05.276830+0800 INFO G91
2025-05-13T17:45:05.277830+0800 INFO Not connected to printer.
2025-05-13T17:45:05.277830+0800 INFO L1 E-0.1 F400
2025-05-13T17:45:05.277830+0800 INFO Not connected to printer.
2025-05-13T17:45:05.277830+0800 INFO G90
2025-05-13T17:45:05.277830+0800 INFO Not connected to printer.
2025-05-13T17:45:05.731542+0800 INFO G91
2025-05-13T17:45:05.732542+0800 INFO Not connected to printer.
2025-05-13T17:45:05.732542+0800 INFO L1 E-0.1 F400
2025-05-13T17:45:05.733545+0800 INFO Not connected to printer.
2025-05-13T17:45:05.733545+0800 INFO G90
2025-05-13T17:45:05.733545+0800 INFO Not connected to printer.
2025-05-13T17:45:05.980537+0800 INFO G91
2025-05-13T17:45:05.980537+0800 INFO Not connected to printer.
2025-05-13T17:45:05.980537+0800 INFO L1 E-0.1 F400
2025-05-13T17:45:05.981535+0800 INFO Not connected to printer.
2025-05-13T17:45:05.981535+0800 INFO G90
2025-05-13T17:45:05.981535+0800 INFO Not connected to printer.
2025-05-13T17:45:09.474592+0800 INFO M290 Z-0.1
2025-05-13T17:45:09.474592+0800 INFO Not connected to printer.
