2025-05-20T10:03:41.411427+0800 INFO L109 time:2025/05/20 10:03:41#./GCODE/100方块.gcode#
2025-05-20T10:03:41.412424+0800 INFO Not connected to printer.
2025-05-20T10:03:42.819226+0800 ERROR SENT: G250 S31
2025-05-20T10:03:42.820225+0800 ERROR write command G250 S31
2025-05-20T10:03:42.820225+0800 ERROR socket error Attempting to use a port that is not opencommand G250 S31
2025-05-20T10:03:42.821224+0800 ERROR Can't write to printer (disconnected ?):
Traceback (most recent call last):
  File "D:\INLONG20250501301\printcore.py", line 944, in _send
    self.printer.write((command_temp + "\n").encode('gbk'))
  File "D:\INLONG2025050801\.venv\lib\site-packages\serial\serialwin32.py", line 306, in write
    raise PortNotOpenError()
serial.serialutil.PortNotOpenError: Attempting to use a port that is not open

2025-05-20T10:03:42.821224+0800 INFO M257 S1
2025-05-20T10:03:42.822228+0800 INFO Not connected to printer.
2025-05-20T10:03:42.822228+0800 INFO L110 S81
2025-05-20T10:03:42.822228+0800 INFO Not connected to printer.
2025-05-20T10:03:46.263421+0800 INFO G250 S888

2025-05-20T10:03:46.263421+0800 INFO Not connected to printer.
2025-05-20T10:03:46.264419+0800 INFO M257 S0
2025-05-20T10:03:46.264419+0800 INFO Not connected to printer.
2025-05-20T10:03:50.008066+0800 INFO L109
2025-05-20T10:03:50.011066+0800 INFO Not connected to printer.
2025-05-20T10:03:50.011066+0800 INFO M109 S0
2025-05-20T10:03:50.011066+0800 INFO Not connected to printer.
2025-05-20T10:03:50.011066+0800 INFO M257 S1
2025-05-20T10:03:50.011066+0800 INFO Not connected to printer.
2025-05-20T10:03:52.929701+0800 INFO G250 S888

2025-05-20T10:03:52.929701+0800 INFO Not connected to printer.
2025-05-20T10:03:52.930702+0800 INFO M257 S0
2025-05-20T10:03:52.930702+0800 INFO Not connected to printer.
2025-05-20T10:03:57.390370+0800 INFO L109
2025-05-20T10:03:57.391375+0800 INFO Not connected to printer.
2025-05-20T10:03:57.391375+0800 INFO M109 S0
2025-05-20T10:03:57.391375+0800 INFO Not connected to printer.
2025-05-20T10:03:57.391375+0800 INFO M257 S1
2025-05-20T10:03:57.392370+0800 INFO Not connected to printer.
2025-05-20T10:04:04.574056+0800 INFO G250 S888

2025-05-20T10:04:04.575053+0800 INFO Not connected to printer.
2025-05-20T10:04:04.575053+0800 INFO M257 S0
2025-05-20T10:04:04.576053+0800 INFO Not connected to printer.
2025-05-20T10:04:21.222607+0800 INFO L109
2025-05-20T10:04:21.222607+0800 INFO Not connected to printer.
2025-05-20T10:04:21.222607+0800 INFO M109 S0
2025-05-20T10:04:21.222607+0800 INFO Not connected to printer.
2025-05-20T10:04:21.222607+0800 INFO M257 S1
2025-05-20T10:04:21.223607+0800 INFO Not connected to printer.
2025-05-20T10:04:29.698323+0800 INFO G250 S888

2025-05-20T10:04:29.698323+0800 INFO Not connected to printer.
2025-05-20T10:04:29.698323+0800 INFO M257 S0
2025-05-20T10:04:29.698323+0800 INFO Not connected to printer.
2025-05-20T10:04:35.214099+0800 INFO L109
2025-05-20T10:04:35.215098+0800 INFO Not connected to printer.
2025-05-20T10:04:35.215098+0800 INFO M109 S0
2025-05-20T10:04:35.215098+0800 INFO Not connected to printer.
2025-05-20T10:04:35.215098+0800 INFO M257 S1
2025-05-20T10:04:35.215098+0800 INFO Not connected to printer.
