2025-04-06T21:43:53.493567+0800 INFO 设备已成功连接
2025-04-06T21:43:53.494559+0800 ERROR SENT: M105
2025-04-06T21:43:53.494559+0800 ERROR write command M105
2025-04-06T21:43:53.494559+0800 ERROR second command M105
2025-04-06T21:43:53.494559+0800 ERROR finish command M105
2025-04-06T21:43:53.494559+0800 ERROR SENT: G250 S21
2025-04-06T21:43:53.494559+0800 ERROR write command G250 S21
2025-04-06T21:43:53.494559+0800 ERROR second command G250 S21
2025-04-06T21:43:53.494559+0800 ERROR finish command G250 S21
2025-04-06T21:43:53.495559+0800 ERROR SENT: G250 S800
2025-04-06T21:43:53.495559+0800 ERROR write command G250 S800
2025-04-06T21:43:53.495559+0800 ERROR second command G250 S800
2025-04-06T21:43:53.495559+0800 ERROR finish command G250 S800
2025-04-06T21:43:53.495559+0800 ERROR SENT: M154 S1
2025-04-06T21:43:53.495559+0800 ERROR write command M154 S1
2025-04-06T21:43:53.969032+0800 ERROR second command M154 S1
2025-04-06T21:43:53.971038+0800 ERROR finish command M154 S1
2025-04-06T21:43:53.971038+0800 ERROR SENT: 2025-04-06 21:43:53
2025-04-06T21:43:53.972032+0800 ERROR write command 2025-04-06 21:43:53
2025-04-06T21:43:53.972032+0800 ERROR second command 2025-04-06 21:43:53
2025-04-06T21:43:53.973033+0800 ERROR finish command 2025-04-06 21:43:53
2025-04-06T21:43:57.875429+0800 ERROR SENT: M105
2025-04-06T21:43:57.875429+0800 ERROR write command M105
2025-04-06T21:43:57.875429+0800 ERROR second command M105
2025-04-06T21:43:57.875429+0800 ERROR finish command M105
2025-04-06T21:43:57.876355+0800 ERROR SENT: G250 S21
2025-04-06T21:43:57.876355+0800 ERROR write command G250 S21
2025-04-06T21:43:57.876355+0800 ERROR second command G250 S21
2025-04-06T21:43:57.876355+0800 ERROR finish command G250 S21
2025-04-06T21:43:57.876355+0800 ERROR SENT: G250 S800
2025-04-06T21:43:57.876355+0800 ERROR write command G250 S800
2025-04-06T21:43:57.876355+0800 ERROR second command G250 S800
2025-04-06T21:43:57.876355+0800 ERROR finish command G250 S800
2025-04-06T21:43:57.876355+0800 ERROR SENT: M154 S1
2025-04-06T21:43:57.876355+0800 ERROR write command M154 S1
2025-04-06T21:43:57.877354+0800 ERROR second command M154 S1
2025-04-06T21:43:57.877354+0800 ERROR finish command M154 S1
2025-04-06T21:43:57.877354+0800 ERROR SENT: 2025-04-06 21:43:57
2025-04-06T21:43:57.877354+0800 ERROR write command 2025-04-06 21:43:57
2025-04-06T21:43:57.877354+0800 ERROR second command 2025-04-06 21:43:57
2025-04-06T21:43:57.878353+0800 ERROR finish command 2025-04-06 21:43:57
2025-04-06T21:44:01.800785+0800 ERROR SENT: M105
2025-04-06T21:44:01.800785+0800 ERROR write command M105
2025-04-06T21:44:01.800785+0800 ERROR second command M105
2025-04-06T21:44:01.801797+0800 ERROR finish command M105
2025-04-06T21:44:01.801797+0800 ERROR SENT: G250 S21
2025-04-06T21:44:01.801797+0800 ERROR write command G250 S21
2025-04-06T21:44:01.801797+0800 ERROR second command G250 S21
2025-04-06T21:44:01.801797+0800 ERROR finish command G250 S21
2025-04-06T21:44:01.801797+0800 ERROR SENT: G250 S800
2025-04-06T21:44:01.801797+0800 ERROR write command G250 S800
2025-04-06T21:44:01.801797+0800 ERROR second command G250 S800
2025-04-06T21:44:01.801797+0800 ERROR finish command G250 S800
2025-04-06T21:44:01.802795+0800 ERROR SENT: M154 S1
2025-04-06T21:44:01.802795+0800 ERROR write command M154 S1
2025-04-06T21:44:01.802795+0800 ERROR second command M154 S1
2025-04-06T21:44:01.802795+0800 ERROR finish command M154 S1
2025-04-06T21:44:01.803796+0800 ERROR SENT: 2025-04-06 21:44:01
2025-04-06T21:44:01.803796+0800 ERROR write command 2025-04-06 21:44:01
2025-04-06T21:44:01.803796+0800 ERROR second command 2025-04-06 21:44:01
2025-04-06T21:44:01.803796+0800 ERROR finish command 2025-04-06 21:44:01
2025-04-06T21:44:05.727434+0800 ERROR SENT: M105
2025-04-06T21:44:05.727434+0800 ERROR write command M105
2025-04-06T21:44:05.727434+0800 ERROR second command M105
2025-04-06T21:44:05.727434+0800 ERROR finish command M105
2025-04-06T21:44:05.727434+0800 ERROR SENT: G250 S21
2025-04-06T21:44:05.728424+0800 ERROR write command G250 S21
2025-04-06T21:44:05.728424+0800 ERROR second command G250 S21
2025-04-06T21:44:05.728424+0800 ERROR finish command G250 S21
2025-04-06T21:44:05.728424+0800 ERROR SENT: G250 S800
2025-04-06T21:44:05.728424+0800 ERROR write command G250 S800
2025-04-06T21:44:05.728424+0800 ERROR second command G250 S800
2025-04-06T21:44:05.728424+0800 ERROR finish command G250 S800
2025-04-06T21:44:05.728424+0800 ERROR SENT: M154 S1
2025-04-06T21:44:05.728424+0800 ERROR write command M154 S1
2025-04-06T21:44:05.729424+0800 ERROR second command M154 S1
2025-04-06T21:44:05.729424+0800 ERROR finish command M154 S1
2025-04-06T21:44:05.729424+0800 ERROR SENT: 2025-04-06 21:44:05
2025-04-06T21:44:05.729424+0800 ERROR write command 2025-04-06 21:44:05
2025-04-06T21:44:05.729424+0800 ERROR second command 2025-04-06 21:44:05
2025-04-06T21:44:05.729424+0800 ERROR finish command 2025-04-06 21:44:05
2025-04-06T21:44:09.665302+0800 ERROR SENT: M105
2025-04-06T21:44:09.665302+0800 ERROR write command M105
2025-04-06T21:44:09.666304+0800 ERROR second command M105
2025-04-06T21:44:09.666304+0800 ERROR finish command M105
2025-04-06T21:44:09.666304+0800 ERROR SENT: G250 S21
2025-04-06T21:44:09.666304+0800 ERROR write command G250 S21
2025-04-06T21:44:09.667303+0800 ERROR second command G250 S21
2025-04-06T21:44:09.667303+0800 ERROR finish command G250 S21
2025-04-06T21:44:09.667303+0800 ERROR SENT: G250 S800
2025-04-06T21:44:09.667303+0800 ERROR write command G250 S800
2025-04-06T21:44:09.667303+0800 ERROR second command G250 S800
2025-04-06T21:44:09.668304+0800 ERROR finish command G250 S800
2025-04-06T21:44:09.668304+0800 ERROR SENT: M154 S1
2025-04-06T21:44:09.668304+0800 ERROR write command M154 S1
2025-04-06T21:44:09.668304+0800 ERROR second command M154 S1
2025-04-06T21:44:09.668304+0800 ERROR finish command M154 S1
2025-04-06T21:44:09.669305+0800 ERROR SENT: 2025-04-06 21:44:09
2025-04-06T21:44:09.669305+0800 ERROR write command 2025-04-06 21:44:09
2025-04-06T21:44:09.669305+0800 ERROR second command 2025-04-06 21:44:09
2025-04-06T21:44:09.669305+0800 ERROR finish command 2025-04-06 21:44:09
2025-04-06T21:44:13.560387+0800 ERROR SENT: M105
2025-04-06T21:44:13.560387+0800 ERROR write command M105
2025-04-06T21:44:13.560387+0800 ERROR second command M105
2025-04-06T21:44:13.560387+0800 ERROR finish command M105
2025-04-06T21:44:13.561398+0800 ERROR SENT: G250 S21
2025-04-06T21:44:13.561398+0800 ERROR write command G250 S21
2025-04-06T21:44:13.561398+0800 ERROR second command G250 S21
2025-04-06T21:44:13.561398+0800 ERROR finish command G250 S21
2025-04-06T21:44:13.561398+0800 ERROR SENT: G250 S800
2025-04-06T21:44:13.561398+0800 ERROR write command G250 S800
2025-04-06T21:44:13.561398+0800 ERROR second command G250 S800
2025-04-06T21:44:13.562397+0800 ERROR finish command G250 S800
2025-04-06T21:44:13.562397+0800 ERROR SENT: M154 S1
2025-04-06T21:44:13.562397+0800 ERROR write command M154 S1
2025-04-06T21:44:13.562397+0800 ERROR second command M154 S1
2025-04-06T21:44:13.562397+0800 ERROR finish command M154 S1
2025-04-06T21:44:13.562397+0800 ERROR SENT: 2025-04-06 21:44:13
2025-04-06T21:44:13.563398+0800 ERROR write command 2025-04-06 21:44:13
2025-04-06T21:44:13.563398+0800 ERROR second command 2025-04-06 21:44:13
2025-04-06T21:44:13.563398+0800 ERROR finish command 2025-04-06 21:44:13
