2025-04-11T12:03:28.815720+0800 INFO 设备已成功连接
2025-04-11T12:03:28.815720+0800 ERROR SENT: M105
2025-04-11T12:03:28.816720+0800 ERROR write command M105
2025-04-11T12:03:28.816720+0800 ERROR second command M105
2025-04-11T12:03:28.816720+0800 ERROR finish command M105
2025-04-11T12:03:28.817719+0800 ERROR SENT: G250 S21
2025-04-11T12:03:28.817719+0800 ERROR write command G250 S21
2025-04-11T12:03:28.817719+0800 ERROR second command G250 S21
2025-04-11T12:03:28.817719+0800 ERROR finish command G250 S21
2025-04-11T12:03:28.818720+0800 ERROR SENT: G250 S800
2025-04-11T12:03:28.818720+0800 ERROR write command G250 S800
2025-04-11T12:03:28.818720+0800 ERROR second command G250 S800
2025-04-11T12:03:28.818720+0800 ERROR finish command G250 S800
2025-04-11T12:03:28.818720+0800 ERROR SENT: M154 S1
2025-04-11T12:03:28.819720+0800 ERROR write command M154 S1
2025-04-11T12:03:28.819720+0800 ERROR second command M154 S1
2025-04-11T12:03:28.820720+0800 ERROR finish command M154 S1
2025-04-11T12:03:32.736174+0800 ERROR SENT: M105
2025-04-11T12:03:32.736174+0800 ERROR write command M105
2025-04-11T12:03:32.736174+0800 ERROR second command M105
2025-04-11T12:03:32.737174+0800 ERROR finish command M105
2025-04-11T12:03:32.737174+0800 ERROR SENT: G250 S21
2025-04-11T12:03:32.737174+0800 ERROR write command G250 S21
2025-04-11T12:03:32.737174+0800 ERROR second command G250 S21
2025-04-11T12:03:32.737174+0800 ERROR finish command G250 S21
2025-04-11T12:03:32.737174+0800 ERROR SENT: G250 S800
2025-04-11T12:03:32.737174+0800 ERROR write command G250 S800
2025-04-11T12:03:32.738173+0800 ERROR second command G250 S800
2025-04-11T12:03:32.738173+0800 ERROR finish command G250 S800
2025-04-11T12:03:32.738173+0800 ERROR SENT: M154 S1
2025-04-11T12:03:32.738173+0800 ERROR write command M154 S1
2025-04-11T12:03:32.738173+0800 ERROR second command M154 S1
2025-04-11T12:03:32.738173+0800 ERROR finish command M154 S1
2025-04-11T12:03:36.935160+0800 ERROR SENT: M105
2025-04-11T12:03:36.935160+0800 ERROR write command M105
2025-04-11T12:03:36.935160+0800 ERROR second command M105
2025-04-11T12:03:36.935160+0800 ERROR finish command M105
2025-04-11T12:03:36.935160+0800 ERROR SENT: G250 S21
2025-04-11T12:03:36.936160+0800 ERROR write command G250 S21
2025-04-11T12:03:36.936160+0800 ERROR second command G250 S21
2025-04-11T12:03:36.936160+0800 ERROR finish command G250 S21
2025-04-11T12:03:36.936160+0800 ERROR SENT: G250 S800
2025-04-11T12:03:36.936160+0800 ERROR write command G250 S800
2025-04-11T12:03:36.936160+0800 ERROR second command G250 S800
2025-04-11T12:03:36.937160+0800 ERROR finish command G250 S800
2025-04-11T12:03:36.937160+0800 ERROR SENT: M154 S1
2025-04-11T12:03:36.937160+0800 ERROR write command M154 S1
2025-04-11T12:03:36.937160+0800 ERROR second command M154 S1
2025-04-11T12:03:36.937160+0800 ERROR finish command M154 S1
2025-04-11T12:03:40.733768+0800 ERROR SENT: M105
2025-04-11T12:03:40.733768+0800 ERROR write command M105
2025-04-11T12:03:40.733768+0800 ERROR second command M105
2025-04-11T12:03:40.733768+0800 ERROR finish command M105
2025-04-11T12:03:40.733768+0800 ERROR SENT: G250 S21
2025-04-11T12:03:40.733768+0800 ERROR write command G250 S21
2025-04-11T12:03:40.733768+0800 ERROR second command G250 S21
2025-04-11T12:03:40.733768+0800 ERROR finish command G250 S21
2025-04-11T12:03:40.734769+0800 ERROR SENT: G250 S800
2025-04-11T12:03:40.734769+0800 ERROR write command G250 S800
2025-04-11T12:03:40.734769+0800 ERROR second command G250 S800
2025-04-11T12:03:40.734769+0800 ERROR finish command G250 S800
2025-04-11T12:03:40.734769+0800 ERROR SENT: M154 S1
2025-04-11T12:03:40.735767+0800 ERROR write command M154 S1
2025-04-11T12:03:40.735767+0800 ERROR second command M154 S1
2025-04-11T12:03:40.735767+0800 ERROR finish command M154 S1
2025-04-11T12:03:44.631884+0800 ERROR SENT: M105
2025-04-11T12:03:44.631884+0800 ERROR write command M105
2025-04-11T12:03:44.631884+0800 ERROR second command M105
2025-04-11T12:03:44.631884+0800 ERROR finish command M105
2025-04-11T12:03:44.631884+0800 ERROR SENT: G250 S21
2025-04-11T12:03:44.632877+0800 ERROR write command G250 S21
2025-04-11T12:03:44.632877+0800 ERROR second command G250 S21
2025-04-11T12:03:44.632877+0800 ERROR finish command G250 S21
2025-04-11T12:03:44.632877+0800 ERROR SENT: G250 S800
2025-04-11T12:03:44.632877+0800 ERROR write command G250 S800
2025-04-11T12:03:44.632877+0800 ERROR second command G250 S800
2025-04-11T12:03:44.632877+0800 ERROR finish command G250 S800
2025-04-11T12:03:44.632877+0800 ERROR SENT: M154 S1
2025-04-11T12:03:44.633876+0800 ERROR write command M154 S1
2025-04-11T12:03:44.633876+0800 ERROR second command M154 S1
2025-04-11T12:03:44.633876+0800 ERROR finish command M154 S1
2025-04-11T12:03:48.543149+0800 ERROR SENT: M105
2025-04-11T12:03:48.543149+0800 ERROR write command M105
2025-04-11T12:03:48.543149+0800 ERROR second command M105
2025-04-11T12:03:48.543149+0800 ERROR finish command M105
2025-04-11T12:03:48.544083+0800 ERROR SENT: G250 S21
2025-04-11T12:03:48.544083+0800 ERROR write command G250 S21
2025-04-11T12:03:48.544083+0800 ERROR second command G250 S21
2025-04-11T12:03:48.544083+0800 ERROR finish command G250 S21
2025-04-11T12:03:48.544083+0800 ERROR SENT: G250 S800
2025-04-11T12:03:48.544083+0800 ERROR write command G250 S800
2025-04-11T12:03:48.544083+0800 ERROR second command G250 S800
2025-04-11T12:03:48.545082+0800 ERROR finish command G250 S800
2025-04-11T12:03:48.545082+0800 ERROR SENT: M154 S1
2025-04-11T12:03:48.545082+0800 ERROR write command M154 S1
2025-04-11T12:03:48.545082+0800 ERROR second command M154 S1
2025-04-11T12:03:48.545082+0800 ERROR finish command M154 S1
2025-04-11T12:03:52.379105+0800 ERROR SENT: M105
2025-04-11T12:03:52.379105+0800 ERROR write command M105
2025-04-11T12:03:52.379105+0800 ERROR second command M105
2025-04-11T12:03:52.379982+0800 ERROR finish command M105
2025-04-11T12:03:52.379982+0800 ERROR SENT: G250 S21
2025-04-11T12:03:52.379982+0800 ERROR write command G250 S21
2025-04-11T12:03:52.379982+0800 ERROR second command G250 S21
2025-04-11T12:03:52.379982+0800 ERROR finish command G250 S21
2025-04-11T12:03:52.379982+0800 ERROR SENT: G250 S800
2025-04-11T12:03:52.379982+0800 ERROR write command G250 S800
2025-04-11T12:03:52.379982+0800 ERROR second command G250 S800
2025-04-11T12:03:52.379982+0800 ERROR finish command G250 S800
2025-04-11T12:03:52.380985+0800 ERROR SENT: M154 S1
2025-04-11T12:03:52.380985+0800 ERROR write command M154 S1
2025-04-11T12:03:52.380985+0800 ERROR second command M154 S1
2025-04-11T12:03:52.380985+0800 ERROR finish command M154 S1
2025-04-11T12:03:56.754997+0800 ERROR SENT: M105
2025-04-11T12:03:56.754997+0800 ERROR write command M105
2025-04-11T12:03:56.754997+0800 ERROR second command M105
2025-04-11T12:03:56.755998+0800 ERROR finish command M105
2025-04-11T12:03:56.755998+0800 ERROR SENT: G250 S21
2025-04-11T12:03:56.755998+0800 ERROR write command G250 S21
2025-04-11T12:03:56.755998+0800 ERROR second command G250 S21
2025-04-11T12:03:56.755998+0800 ERROR finish command G250 S21
2025-04-11T12:03:56.755998+0800 ERROR SENT: G250 S800
2025-04-11T12:03:56.756997+0800 ERROR write command G250 S800
2025-04-11T12:03:56.756997+0800 ERROR second command G250 S800
2025-04-11T12:03:56.756997+0800 ERROR finish command G250 S800
2025-04-11T12:03:56.796998+0800 ERROR SENT: M154 S1
2025-04-11T12:03:56.796998+0800 ERROR write command M154 S1
2025-04-11T12:03:56.796998+0800 ERROR second command M154 S1
2025-04-11T12:03:56.796998+0800 ERROR finish command M154 S1
2025-04-11T12:04:00.836910+0800 ERROR SENT: M105
2025-04-11T12:04:00.839911+0800 ERROR write command M105
2025-04-11T12:04:00.839911+0800 ERROR second command M105
2025-04-11T12:04:00.839911+0800 ERROR finish command M105
2025-04-11T12:04:00.839911+0800 ERROR SENT: G250 S21
2025-04-11T12:04:00.840910+0800 ERROR write command G250 S21
2025-04-11T12:04:00.840910+0800 ERROR second command G250 S21
2025-04-11T12:04:00.840910+0800 ERROR finish command G250 S21
2025-04-11T12:04:00.840910+0800 ERROR SENT: G250 S800
2025-04-11T12:04:00.840910+0800 ERROR write command G250 S800
2025-04-11T12:04:00.840910+0800 ERROR second command G250 S800
2025-04-11T12:04:00.840910+0800 ERROR finish command G250 S800
2025-04-11T12:04:00.882910+0800 ERROR SENT: M154 S1
2025-04-11T12:04:00.882910+0800 ERROR write command M154 S1
2025-04-11T12:04:00.882910+0800 ERROR second command M154 S1
2025-04-11T12:04:00.882910+0800 ERROR finish command M154 S1
2025-04-11T12:04:04.925405+0800 ERROR SENT: M105
2025-04-11T12:04:04.925405+0800 ERROR write command M105
2025-04-11T12:04:04.925405+0800 ERROR second command M105
2025-04-11T12:04:04.925405+0800 ERROR finish command M105
2025-04-11T12:04:04.925405+0800 ERROR SENT: G250 S21
2025-04-11T12:04:04.925405+0800 ERROR write command G250 S21
2025-04-11T12:04:04.926408+0800 ERROR second command G250 S21
2025-04-11T12:04:04.926408+0800 ERROR finish command G250 S21
2025-04-11T12:04:04.926408+0800 ERROR SENT: G250 S800
2025-04-11T12:04:04.926408+0800 ERROR write command G250 S800
2025-04-11T12:04:04.926408+0800 ERROR second command G250 S800
2025-04-11T12:04:04.926408+0800 ERROR finish command G250 S800
2025-04-11T12:04:04.926408+0800 ERROR SENT: M154 S1
2025-04-11T12:04:04.926408+0800 ERROR write command M154 S1
2025-04-11T12:04:04.927397+0800 ERROR second command M154 S1
2025-04-11T12:04:04.927397+0800 ERROR finish command M154 S1
2025-04-11T12:04:09.147026+0800 ERROR SENT: M105
2025-04-11T12:04:09.147026+0800 ERROR write command M105
2025-04-11T12:04:09.147026+0800 ERROR second command M105
2025-04-11T12:04:09.147026+0800 ERROR finish command M105
2025-04-11T12:04:09.148028+0800 ERROR SENT: G250 S21
2025-04-11T12:04:09.148028+0800 ERROR write command G250 S21
2025-04-11T12:04:09.148028+0800 ERROR second command G250 S21
2025-04-11T12:04:09.148028+0800 ERROR finish command G250 S21
2025-04-11T12:04:09.148028+0800 ERROR SENT: G250 S800
2025-04-11T12:04:09.148028+0800 ERROR write command G250 S800
2025-04-11T12:04:09.148028+0800 ERROR second command G250 S800
2025-04-11T12:04:09.148028+0800 ERROR finish command G250 S800
2025-04-11T12:04:09.148028+0800 ERROR SENT: M154 S1
2025-04-11T12:04:09.149029+0800 ERROR write command M154 S1
2025-04-11T12:04:09.149029+0800 ERROR second command M154 S1
2025-04-11T12:04:09.149029+0800 ERROR finish command M154 S1
2025-04-11T12:04:13.026053+0800 ERROR SENT: M105
2025-04-11T12:04:13.026053+0800 ERROR write command M105
2025-04-11T12:04:13.026053+0800 ERROR second command M105
2025-04-11T12:04:13.026053+0800 ERROR finish command M105
2025-04-11T12:04:13.026053+0800 ERROR SENT: G250 S21
2025-04-11T12:04:13.026985+0800 ERROR write command G250 S21
2025-04-11T12:04:13.026985+0800 ERROR second command G250 S21
2025-04-11T12:04:13.026985+0800 ERROR finish command G250 S21
2025-04-11T12:04:13.026985+0800 ERROR SENT: G250 S800
2025-04-11T12:04:13.026985+0800 ERROR write command G250 S800
2025-04-11T12:04:13.026985+0800 ERROR second command G250 S800
2025-04-11T12:04:13.026985+0800 ERROR finish command G250 S800
2025-04-11T12:04:13.026985+0800 ERROR SENT: M154 S1
2025-04-11T12:04:13.027987+0800 ERROR write command M154 S1
2025-04-11T12:04:13.027987+0800 ERROR second command M154 S1
2025-04-11T12:04:13.027987+0800 ERROR finish command M154 S1
2025-04-11T12:04:17.027259+0800 ERROR SENT: M105
2025-04-11T12:04:17.027259+0800 ERROR write command M105
2025-04-11T12:04:17.027259+0800 ERROR second command M105
2025-04-11T12:04:17.027259+0800 ERROR finish command M105
2025-04-11T12:04:17.028258+0800 ERROR SENT: G250 S21
2025-04-11T12:04:17.028258+0800 ERROR write command G250 S21
2025-04-11T12:04:17.028258+0800 ERROR second command G250 S21
2025-04-11T12:04:17.028258+0800 ERROR finish command G250 S21
2025-04-11T12:04:17.028258+0800 ERROR SENT: G250 S800
2025-04-11T12:04:17.028258+0800 ERROR write command G250 S800
2025-04-11T12:04:17.028258+0800 ERROR second command G250 S800
2025-04-11T12:04:17.029258+0800 ERROR finish command G250 S800
2025-04-11T12:04:17.030258+0800 ERROR SENT: M154 S1
2025-04-11T12:04:17.030258+0800 ERROR write command M154 S1
2025-04-11T12:04:17.030258+0800 ERROR second command M154 S1
2025-04-11T12:04:17.030258+0800 ERROR finish command M154 S1
2025-04-11T12:04:20.983412+0800 ERROR SENT: M105
2025-04-11T12:04:20.983412+0800 ERROR write command M105
2025-04-11T12:04:20.984412+0800 ERROR second command M105
2025-04-11T12:04:20.984412+0800 ERROR finish command M105
2025-04-11T12:04:20.984412+0800 ERROR SENT: G250 S21
2025-04-11T12:04:20.984412+0800 ERROR write command G250 S21
2025-04-11T12:04:20.985412+0800 ERROR second command G250 S21
2025-04-11T12:04:20.985412+0800 ERROR finish command G250 S21
2025-04-11T12:04:20.985412+0800 ERROR SENT: G250 S800
2025-04-11T12:04:20.985412+0800 ERROR write command G250 S800
2025-04-11T12:04:20.986412+0800 ERROR second command G250 S800
2025-04-11T12:04:20.986412+0800 ERROR finish command G250 S800
2025-04-11T12:04:20.986412+0800 ERROR SENT: M154 S1
2025-04-11T12:04:20.986412+0800 ERROR write command M154 S1
2025-04-11T12:04:20.986412+0800 ERROR second command M154 S1
2025-04-11T12:04:20.987411+0800 ERROR finish command M154 S1
2025-04-11T12:04:24.811756+0800 ERROR SENT: M105
2025-04-11T12:04:24.811756+0800 ERROR write command M105
2025-04-11T12:04:24.811756+0800 ERROR second command M105
2025-04-11T12:04:24.811756+0800 ERROR finish command M105
2025-04-11T12:04:24.812687+0800 ERROR SENT: G250 S21
2025-04-11T12:04:24.812687+0800 ERROR write command G250 S21
2025-04-11T12:04:24.812687+0800 ERROR second command G250 S21
2025-04-11T12:04:24.812687+0800 ERROR finish command G250 S21
2025-04-11T12:04:24.812687+0800 ERROR SENT: G250 S800
2025-04-11T12:04:24.813687+0800 ERROR write command G250 S800
2025-04-11T12:04:24.813687+0800 ERROR second command G250 S800
2025-04-11T12:04:24.813687+0800 ERROR finish command G250 S800
2025-04-11T12:04:24.813687+0800 ERROR SENT: M154 S1
2025-04-11T12:04:24.813687+0800 ERROR write command M154 S1
2025-04-11T12:04:24.813687+0800 ERROR second command M154 S1
2025-04-11T12:04:24.814688+0800 ERROR finish command M154 S1
2025-04-11T12:04:28.908525+0800 ERROR SENT: M105
2025-04-11T12:04:28.908525+0800 ERROR write command M105
2025-04-11T12:04:28.909527+0800 ERROR second command M105
2025-04-11T12:04:28.909527+0800 ERROR finish command M105
2025-04-11T12:04:28.909527+0800 ERROR SENT: G250 S21
2025-04-11T12:04:28.909527+0800 ERROR write command G250 S21
2025-04-11T12:04:28.909527+0800 ERROR second command G250 S21
2025-04-11T12:04:28.909527+0800 ERROR finish command G250 S21
2025-04-11T12:04:28.910526+0800 ERROR SENT: G250 S800
2025-04-11T12:04:28.910526+0800 ERROR write command G250 S800
2025-04-11T12:04:28.910526+0800 ERROR second command G250 S800
2025-04-11T12:04:28.910526+0800 ERROR finish command G250 S800
2025-04-11T12:04:28.924526+0800 ERROR SENT: M154 S1
2025-04-11T12:04:28.925526+0800 ERROR write command M154 S1
2025-04-11T12:04:28.925526+0800 ERROR second command M154 S1
2025-04-11T12:04:28.925526+0800 ERROR finish command M154 S1
2025-04-11T12:04:32.952554+0800 ERROR SENT: M105
2025-04-11T12:04:32.952554+0800 ERROR write command M105
2025-04-11T12:04:32.952554+0800 ERROR second command M105
2025-04-11T12:04:32.952554+0800 ERROR finish command M105
2025-04-11T12:04:32.953555+0800 ERROR SENT: G250 S21
2025-04-11T12:04:32.953555+0800 ERROR write command G250 S21
2025-04-11T12:04:32.953555+0800 ERROR second command G250 S21
2025-04-11T12:04:32.953555+0800 ERROR finish command G250 S21
2025-04-11T12:04:32.953555+0800 ERROR SENT: G250 S800
2025-04-11T12:04:32.953555+0800 ERROR write command G250 S800
2025-04-11T12:04:32.953555+0800 ERROR second command G250 S800
2025-04-11T12:04:32.953555+0800 ERROR finish command G250 S800
2025-04-11T12:04:32.954555+0800 ERROR SENT: M154 S1
2025-04-11T12:04:32.954555+0800 ERROR write command M154 S1
2025-04-11T12:04:32.954555+0800 ERROR second command M154 S1
2025-04-11T12:04:32.954555+0800 ERROR finish command M154 S1
2025-04-11T12:04:36.888062+0800 ERROR SENT: M105
2025-04-11T12:04:36.888062+0800 ERROR write command M105
2025-04-11T12:04:36.889063+0800 ERROR second command M105
2025-04-11T12:04:36.889063+0800 ERROR finish command M105
2025-04-11T12:04:36.889063+0800 ERROR SENT: G250 S21
2025-04-11T12:04:36.889063+0800 ERROR write command G250 S21
2025-04-11T12:04:36.889063+0800 ERROR second command G250 S21
2025-04-11T12:04:36.889063+0800 ERROR finish command G250 S21
2025-04-11T12:04:36.889063+0800 ERROR SENT: G250 S800
2025-04-11T12:04:36.890062+0800 ERROR write command G250 S800
2025-04-11T12:04:36.890062+0800 ERROR second command G250 S800
2025-04-11T12:04:36.890062+0800 ERROR finish command G250 S800
2025-04-11T12:04:37.013062+0800 ERROR SENT: M154 S1
2025-04-11T12:04:37.014061+0800 ERROR write command M154 S1
2025-04-11T12:04:37.014061+0800 ERROR second command M154 S1
2025-04-11T12:04:37.014061+0800 ERROR finish command M154 S1
2025-04-11T12:04:40.959887+0800 ERROR SENT: M105
2025-04-11T12:04:40.959887+0800 ERROR write command M105
2025-04-11T12:04:40.959887+0800 ERROR second command M105
2025-04-11T12:04:40.960887+0800 ERROR finish command M105
2025-04-11T12:04:40.960887+0800 ERROR SENT: G250 S21
2025-04-11T12:04:40.960887+0800 ERROR write command G250 S21
2025-04-11T12:04:40.960887+0800 ERROR second command G250 S21
2025-04-11T12:04:40.961888+0800 ERROR finish command G250 S21
2025-04-11T12:04:40.961888+0800 ERROR SENT: G250 S800
2025-04-11T12:04:40.961888+0800 ERROR write command G250 S800
2025-04-11T12:04:40.961888+0800 ERROR second command G250 S800
2025-04-11T12:04:40.962887+0800 ERROR finish command G250 S800
2025-04-11T12:04:40.964887+0800 ERROR SENT: M154 S1
2025-04-11T12:04:40.964887+0800 ERROR write command M154 S1
2025-04-11T12:04:40.964887+0800 ERROR second command M154 S1
2025-04-11T12:04:40.965888+0800 ERROR finish command M154 S1
2025-04-11T12:04:44.801538+0800 ERROR SENT: M105
2025-04-11T12:04:44.802538+0800 ERROR write command M105
2025-04-11T12:04:44.802538+0800 ERROR second command M105
2025-04-11T12:04:44.802538+0800 ERROR finish command M105
2025-04-11T12:04:44.802538+0800 ERROR SENT: G250 S21
2025-04-11T12:04:44.802538+0800 ERROR write command G250 S21
2025-04-11T12:04:44.803538+0800 ERROR second command G250 S21
2025-04-11T12:04:44.803538+0800 ERROR finish command G250 S21
2025-04-11T12:04:44.803538+0800 ERROR SENT: G250 S800
2025-04-11T12:04:44.803538+0800 ERROR write command G250 S800
2025-04-11T12:04:44.803538+0800 ERROR second command G250 S800
2025-04-11T12:04:44.803538+0800 ERROR finish command G250 S800
2025-04-11T12:04:44.808538+0800 ERROR SENT: M154 S1
2025-04-11T12:04:44.808538+0800 ERROR write command M154 S1
2025-04-11T12:04:44.809538+0800 ERROR second command M154 S1
2025-04-11T12:04:44.809538+0800 ERROR finish command M154 S1
2025-04-11T12:04:48.849831+0800 ERROR SENT: M105
2025-04-11T12:04:48.849831+0800 ERROR write command M105
2025-04-11T12:04:48.850629+0800 ERROR second command M105
2025-04-11T12:04:48.850629+0800 ERROR finish command M105
2025-04-11T12:04:48.851148+0800 ERROR SENT: G250 S21
2025-04-11T12:04:48.851148+0800 ERROR write command G250 S21
2025-04-11T12:04:48.851148+0800 ERROR second command G250 S21
2025-04-11T12:04:48.851148+0800 ERROR finish command G250 S21
2025-04-11T12:04:48.851148+0800 ERROR SENT: G250 S800
2025-04-11T12:04:48.852139+0800 ERROR write command G250 S800
2025-04-11T12:04:48.852139+0800 ERROR second command G250 S800
2025-04-11T12:04:48.852139+0800 ERROR finish command G250 S800
2025-04-11T12:04:48.852139+0800 ERROR SENT: M154 S1
2025-04-11T12:04:48.852139+0800 ERROR write command M154 S1
2025-04-11T12:04:48.853140+0800 ERROR second command M154 S1
2025-04-11T12:04:48.853140+0800 ERROR finish command M154 S1
