2025-04-06T22:04:57.866357+0800 INFO 设备已成功连接
2025-04-06T22:04:57.866357+0800 ERROR SENT: M105
2025-04-06T22:04:57.866357+0800 ERROR write command M105
2025-04-06T22:04:57.867367+0800 ERROR second command M105
2025-04-06T22:04:57.867367+0800 ERROR finish command M105
2025-04-06T22:04:57.867367+0800 ERROR SENT: G250 S21
2025-04-06T22:04:57.868367+0800 ERROR write command G250 S21
2025-04-06T22:04:57.868367+0800 ERROR second command G250 S21
2025-04-06T22:04:57.868367+0800 ERROR finish command G250 S21
2025-04-06T22:04:57.868367+0800 ERROR SENT: G250 S800
2025-04-06T22:04:57.868367+0800 ERROR write command G250 S800
2025-04-06T22:04:57.869367+0800 ERROR second command G250 S800
2025-04-06T22:04:57.869367+0800 ERROR finish command G250 S800
2025-04-06T22:04:57.869367+0800 ERROR SENT: M154 S1
2025-04-06T22:04:57.869367+0800 ERROR write command M154 S1
2025-04-06T22:04:57.869367+0800 ERROR second command M154 S1
2025-04-06T22:04:57.869367+0800 ERROR finish command M154 S1
2025-04-06T22:04:57.870377+0800 ERROR SENT: 2025-04-06 22:04:57
2025-04-06T22:04:57.870377+0800 ERROR write command 2025-04-06 22:04:57
2025-04-06T22:04:57.870377+0800 ERROR second command 2025-04-06 22:04:57
2025-04-06T22:04:57.870377+0800 ERROR finish command 2025-04-06 22:04:57
2025-04-06T22:05:01.806476+0800 ERROR SENT: M105
2025-04-06T22:05:01.806476+0800 ERROR write command M105
2025-04-06T22:05:01.806476+0800 ERROR second command M105
2025-04-06T22:05:01.806476+0800 ERROR finish command M105
2025-04-06T22:05:01.806476+0800 ERROR SENT: G250 S21
2025-04-06T22:05:01.807466+0800 ERROR write command G250 S21
2025-04-06T22:05:01.807466+0800 ERROR second command G250 S21
2025-04-06T22:05:01.807466+0800 ERROR finish command G250 S21
2025-04-06T22:05:01.807466+0800 ERROR SENT: G250 S800
2025-04-06T22:05:01.807466+0800 ERROR write command G250 S800
2025-04-06T22:05:01.807466+0800 ERROR second command G250 S800
2025-04-06T22:05:01.807466+0800 ERROR finish command G250 S800
2025-04-06T22:05:01.808466+0800 ERROR SENT: M154 S1
2025-04-06T22:05:01.808466+0800 ERROR write command M154 S1
2025-04-06T22:05:01.808466+0800 ERROR second command M154 S1
2025-04-06T22:05:01.808466+0800 ERROR finish command M154 S1
2025-04-06T22:05:01.808466+0800 ERROR SENT: 2025-04-06 22:05:01
2025-04-06T22:05:01.808466+0800 ERROR write command 2025-04-06 22:05:01
2025-04-06T22:05:01.808466+0800 ERROR second command 2025-04-06 22:05:01
2025-04-06T22:05:01.808466+0800 ERROR finish command 2025-04-06 22:05:01
2025-04-06T22:05:05.730108+0800 ERROR SENT: M105
2025-04-06T22:05:05.730108+0800 ERROR write command M105
2025-04-06T22:05:05.730108+0800 ERROR second command M105
2025-04-06T22:05:05.730108+0800 ERROR finish command M105
2025-04-06T22:05:05.730108+0800 ERROR SENT: G250 S21
2025-04-06T22:05:05.731118+0800 ERROR write command G250 S21
2025-04-06T22:05:05.731118+0800 ERROR second command G250 S21
2025-04-06T22:05:05.731118+0800 ERROR finish command G250 S21
2025-04-06T22:05:05.731118+0800 ERROR SENT: G250 S800
2025-04-06T22:05:05.731118+0800 ERROR write command G250 S800
2025-04-06T22:05:05.731118+0800 ERROR second command G250 S800
2025-04-06T22:05:05.731118+0800 ERROR finish command G250 S800
2025-04-06T22:05:05.731118+0800 ERROR SENT: M154 S1
2025-04-06T22:05:05.732118+0800 ERROR write command M154 S1
2025-04-06T22:05:05.732118+0800 ERROR second command M154 S1
2025-04-06T22:05:05.732118+0800 ERROR finish command M154 S1
2025-04-06T22:05:05.732118+0800 ERROR SENT: 2025-04-06 22:05:05
2025-04-06T22:05:05.733117+0800 ERROR write command 2025-04-06 22:05:05
2025-04-06T22:05:05.733117+0800 ERROR second command 2025-04-06 22:05:05
2025-04-06T22:05:05.733117+0800 ERROR finish command 2025-04-06 22:05:05
2025-04-06T22:05:09.649020+0800 ERROR SENT: M105
2025-04-06T22:05:09.649828+0800 ERROR write command M105
2025-04-06T22:05:09.649828+0800 ERROR second command M105
2025-04-06T22:05:09.649828+0800 ERROR finish command M105
2025-04-06T22:05:09.649828+0800 ERROR SENT: G250 S21
2025-04-06T22:05:09.649828+0800 ERROR write command G250 S21
2025-04-06T22:05:09.649828+0800 ERROR second command G250 S21
2025-04-06T22:05:09.649828+0800 ERROR finish command G250 S21
2025-04-06T22:05:09.649828+0800 ERROR SENT: G250 S800
2025-04-06T22:05:09.649828+0800 ERROR write command G250 S800
2025-04-06T22:05:09.650835+0800 ERROR second command G250 S800
2025-04-06T22:05:09.650835+0800 ERROR finish command G250 S800
2025-04-06T22:05:09.650835+0800 ERROR SENT: M154 S1
2025-04-06T22:05:09.650835+0800 ERROR write command M154 S1
2025-04-06T22:05:09.650835+0800 ERROR second command M154 S1
2025-04-06T22:05:09.651834+0800 ERROR finish command M154 S1
2025-04-06T22:05:09.651834+0800 ERROR SENT: 2025-04-06 22:05:09
2025-04-06T22:05:09.651834+0800 ERROR write command 2025-04-06 22:05:09
2025-04-06T22:05:09.652834+0800 ERROR second command 2025-04-06 22:05:09
2025-04-06T22:05:09.652834+0800 ERROR finish command 2025-04-06 22:05:09
2025-04-06T22:05:13.532722+0800 ERROR SENT: M105
2025-04-06T22:05:13.532722+0800 ERROR write command M105
2025-04-06T22:05:13.532722+0800 ERROR second command M105
2025-04-06T22:05:13.532722+0800 ERROR finish command M105
2025-04-06T22:05:13.532722+0800 ERROR SENT: G250 S21
2025-04-06T22:05:13.532722+0800 ERROR write command G250 S21
2025-04-06T22:05:13.533721+0800 ERROR second command G250 S21
2025-04-06T22:05:13.533721+0800 ERROR finish command G250 S21
2025-04-06T22:05:13.533721+0800 ERROR SENT: G250 S800
2025-04-06T22:05:13.533721+0800 ERROR write command G250 S800
2025-04-06T22:05:13.533721+0800 ERROR second command G250 S800
2025-04-06T22:05:13.533721+0800 ERROR finish command G250 S800
2025-04-06T22:05:13.533721+0800 ERROR SENT: M154 S1
2025-04-06T22:05:13.534721+0800 ERROR write command M154 S1
2025-04-06T22:05:13.534721+0800 ERROR second command M154 S1
2025-04-06T22:05:13.534721+0800 ERROR finish command M154 S1
2025-04-06T22:05:13.534721+0800 ERROR SENT: 2025-04-06 22:05:13
2025-04-06T22:05:13.535721+0800 ERROR write command 2025-04-06 22:05:13
2025-04-06T22:05:13.535721+0800 ERROR second command 2025-04-06 22:05:13
2025-04-06T22:05:13.535721+0800 ERROR finish command 2025-04-06 22:05:13
2025-04-06T22:05:17.434585+0800 ERROR SENT: M105
2025-04-06T22:05:17.434585+0800 ERROR write command M105
2025-04-06T22:05:17.434585+0800 ERROR second command M105
2025-04-06T22:05:17.434585+0800 ERROR finish command M105
2025-04-06T22:05:17.434585+0800 ERROR SENT: G250 S21
2025-04-06T22:05:17.434585+0800 ERROR write command G250 S21
2025-04-06T22:05:17.435586+0800 ERROR second command G250 S21
2025-04-06T22:05:17.435586+0800 ERROR finish command G250 S21
2025-04-06T22:05:17.435586+0800 ERROR SENT: G250 S800
2025-04-06T22:05:17.435586+0800 ERROR write command G250 S800
2025-04-06T22:05:17.435586+0800 ERROR second command G250 S800
2025-04-06T22:05:17.436587+0800 ERROR finish command G250 S800
2025-04-06T22:05:17.436587+0800 ERROR SENT: M154 S1
2025-04-06T22:05:17.436587+0800 ERROR write command M154 S1
2025-04-06T22:05:17.436587+0800 ERROR second command M154 S1
2025-04-06T22:05:17.436587+0800 ERROR finish command M154 S1
2025-04-06T22:05:17.436587+0800 ERROR SENT: 2025-04-06 22:05:17
2025-04-06T22:05:17.437586+0800 ERROR write command 2025-04-06 22:05:17
2025-04-06T22:05:17.437586+0800 ERROR second command 2025-04-06 22:05:17
2025-04-06T22:05:17.437586+0800 ERROR finish command 2025-04-06 22:05:17
2025-04-06T22:05:21.301605+0800 ERROR SENT: M105
2025-04-06T22:05:21.301605+0800 ERROR write command M105
2025-04-06T22:05:21.302537+0800 ERROR second command M105
2025-04-06T22:05:21.302537+0800 ERROR finish command M105
2025-04-06T22:05:21.302537+0800 ERROR SENT: G250 S21
2025-04-06T22:05:21.302537+0800 ERROR write command G250 S21
2025-04-06T22:05:21.302537+0800 ERROR second command G250 S21
2025-04-06T22:05:21.302537+0800 ERROR finish command G250 S21
2025-04-06T22:05:21.303536+0800 ERROR SENT: G250 S800
2025-04-06T22:05:21.303536+0800 ERROR write command G250 S800
2025-04-06T22:05:21.303536+0800 ERROR second command G250 S800
2025-04-06T22:05:21.303536+0800 ERROR finish command G250 S800
2025-04-06T22:05:21.303536+0800 ERROR SENT: M154 S1
2025-04-06T22:05:21.303536+0800 ERROR write command M154 S1
2025-04-06T22:05:21.304535+0800 ERROR second command M154 S1
2025-04-06T22:05:21.304535+0800 ERROR finish command M154 S1
2025-04-06T22:05:21.304535+0800 ERROR SENT: 2025-04-06 22:05:21
2025-04-06T22:05:21.304535+0800 ERROR write command 2025-04-06 22:05:21
2025-04-06T22:05:21.304535+0800 ERROR second command 2025-04-06 22:05:21
2025-04-06T22:05:21.305536+0800 ERROR finish command 2025-04-06 22:05:21
2025-04-06T22:05:25.208481+0800 ERROR SENT: M105
2025-04-06T22:05:25.208481+0800 ERROR write command M105
2025-04-06T22:05:25.208481+0800 ERROR second command M105
2025-04-06T22:05:25.208481+0800 ERROR finish command M105
2025-04-06T22:05:25.208481+0800 ERROR SENT: G250 S21
2025-04-06T22:05:25.208481+0800 ERROR write command G250 S21
2025-04-06T22:05:25.209503+0800 ERROR second command G250 S21
2025-04-06T22:05:25.209503+0800 ERROR finish command G250 S21
2025-04-06T22:05:25.209503+0800 ERROR SENT: G250 S800
2025-04-06T22:05:25.209503+0800 ERROR write command G250 S800
2025-04-06T22:05:25.209503+0800 ERROR second command G250 S800
2025-04-06T22:05:25.209503+0800 ERROR finish command G250 S800
2025-04-06T22:05:25.210505+0800 ERROR SENT: M154 S1
2025-04-06T22:05:25.210505+0800 ERROR write command M154 S1
2025-04-06T22:05:25.210505+0800 ERROR second command M154 S1
2025-04-06T22:05:25.210505+0800 ERROR finish command M154 S1
2025-04-06T22:05:25.210505+0800 ERROR SENT: 2025-04-06 22:05:25
2025-04-06T22:05:25.211503+0800 ERROR write command 2025-04-06 22:05:25
2025-04-06T22:05:25.211503+0800 ERROR second command 2025-04-06 22:05:25
2025-04-06T22:05:25.211503+0800 ERROR finish command 2025-04-06 22:05:25
2025-04-06T22:05:29.036308+0800 ERROR SENT: M105
2025-04-06T22:05:29.036308+0800 ERROR write command M105
2025-04-06T22:05:29.036308+0800 ERROR second command M105
2025-04-06T22:05:29.036308+0800 ERROR finish command M105
2025-04-06T22:05:29.036308+0800 ERROR SENT: G250 S21
2025-04-06T22:05:29.037316+0800 ERROR write command G250 S21
2025-04-06T22:05:29.037316+0800 ERROR second command G250 S21
2025-04-06T22:05:29.037316+0800 ERROR finish command G250 S21
2025-04-06T22:05:29.037316+0800 ERROR SENT: G250 S800
2025-04-06T22:05:29.037316+0800 ERROR write command G250 S800
2025-04-06T22:05:29.037316+0800 ERROR second command G250 S800
2025-04-06T22:05:29.038316+0800 ERROR finish command G250 S800
2025-04-06T22:05:29.038316+0800 ERROR SENT: M154 S1
2025-04-06T22:05:29.038316+0800 ERROR write command M154 S1
2025-04-06T22:05:29.038316+0800 ERROR second command M154 S1
2025-04-06T22:05:29.038316+0800 ERROR finish command M154 S1
2025-04-06T22:05:29.038316+0800 ERROR SENT: 2025-04-06 22:05:29
2025-04-06T22:05:29.039316+0800 ERROR write command 2025-04-06 22:05:29
2025-04-06T22:05:29.039316+0800 ERROR second command 2025-04-06 22:05:29
2025-04-06T22:05:29.039316+0800 ERROR finish command 2025-04-06 22:05:29
2025-04-06T22:05:32.938387+0800 ERROR SENT: M105
2025-04-06T22:05:32.938387+0800 ERROR write command M105
2025-04-06T22:05:32.938387+0800 ERROR second command M105
2025-04-06T22:05:32.938387+0800 ERROR finish command M105
2025-04-06T22:05:32.938387+0800 ERROR SENT: G250 S21
2025-04-06T22:05:32.939389+0800 ERROR write command G250 S21
2025-04-06T22:05:32.939389+0800 ERROR second command G250 S21
2025-04-06T22:05:32.939389+0800 ERROR finish command G250 S21
2025-04-06T22:05:32.939389+0800 ERROR SENT: G250 S800
2025-04-06T22:05:32.939389+0800 ERROR write command G250 S800
2025-04-06T22:05:32.939389+0800 ERROR second command G250 S800
2025-04-06T22:05:32.939389+0800 ERROR finish command G250 S800
2025-04-06T22:05:32.939389+0800 ERROR SENT: M154 S1
2025-04-06T22:05:32.940388+0800 ERROR write command M154 S1
2025-04-06T22:05:32.940388+0800 ERROR second command M154 S1
2025-04-06T22:05:32.940388+0800 ERROR finish command M154 S1
2025-04-06T22:05:32.940388+0800 ERROR SENT: 2025-04-06 22:05:32
2025-04-06T22:05:32.940388+0800 ERROR write command 2025-04-06 22:05:32
2025-04-06T22:05:32.941388+0800 ERROR second command 2025-04-06 22:05:32
2025-04-06T22:05:32.941388+0800 ERROR finish command 2025-04-06 22:05:32
2025-04-06T22:05:36.881142+0800 ERROR SENT: M105
2025-04-06T22:05:36.881142+0800 ERROR write command M105
2025-04-06T22:05:36.881142+0800 ERROR second command M105
2025-04-06T22:05:36.881142+0800 ERROR finish command M105
2025-04-06T22:05:36.882070+0800 ERROR SENT: G250 S21
2025-04-06T22:05:36.882070+0800 ERROR write command G250 S21
2025-04-06T22:05:36.882070+0800 ERROR second command G250 S21
2025-04-06T22:05:36.882070+0800 ERROR finish command G250 S21
2025-04-06T22:05:36.882070+0800 ERROR SENT: G250 S800
2025-04-06T22:05:36.882070+0800 ERROR write command G250 S800
2025-04-06T22:05:36.882070+0800 ERROR second command G250 S800
2025-04-06T22:05:36.882070+0800 ERROR finish command G250 S800
2025-04-06T22:05:36.883069+0800 ERROR SENT: M154 S1
2025-04-06T22:05:36.883069+0800 ERROR write command M154 S1
2025-04-06T22:05:36.883069+0800 ERROR second command M154 S1
2025-04-06T22:05:36.883069+0800 ERROR finish command M154 S1
2025-04-06T22:05:36.883069+0800 ERROR SENT: 2025-04-06 22:05:36
2025-04-06T22:05:36.884069+0800 ERROR write command 2025-04-06 22:05:36
2025-04-06T22:05:36.884069+0800 ERROR second command 2025-04-06 22:05:36
2025-04-06T22:05:36.884069+0800 ERROR finish command 2025-04-06 22:05:36
2025-04-06T22:05:40.831834+0800 ERROR SENT: M105
2025-04-06T22:05:40.831834+0800 ERROR write command M105
2025-04-06T22:05:40.831834+0800 ERROR second command M105
2025-04-06T22:05:40.831834+0800 ERROR finish command M105
2025-04-06T22:05:40.831834+0800 ERROR SENT: G250 S21
2025-04-06T22:05:40.831834+0800 ERROR write command G250 S21
2025-04-06T22:05:40.832766+0800 ERROR second command G250 S21
2025-04-06T22:05:40.832766+0800 ERROR finish command G250 S21
2025-04-06T22:05:40.832766+0800 ERROR SENT: G250 S800
2025-04-06T22:05:40.832766+0800 ERROR write command G250 S800
2025-04-06T22:05:40.832766+0800 ERROR second command G250 S800
2025-04-06T22:05:40.832766+0800 ERROR finish command G250 S800
2025-04-06T22:05:40.832766+0800 ERROR SENT: M154 S1
2025-04-06T22:05:40.833802+0800 ERROR write command M154 S1
2025-04-06T22:05:40.833802+0800 ERROR second command M154 S1
2025-04-06T22:05:40.833802+0800 ERROR finish command M154 S1
2025-04-06T22:05:40.833802+0800 ERROR SENT: 2025-04-06 22:05:40
2025-04-06T22:05:40.834836+0800 ERROR write command 2025-04-06 22:05:40
2025-04-06T22:05:40.834836+0800 ERROR second command 2025-04-06 22:05:40
2025-04-06T22:05:40.834836+0800 ERROR finish command 2025-04-06 22:05:40
2025-04-06T22:05:44.715585+0800 ERROR SENT: M105
2025-04-06T22:05:44.715585+0800 ERROR write command M105
2025-04-06T22:05:44.715585+0800 ERROR second command M105
2025-04-06T22:05:44.716444+0800 ERROR finish command M105
2025-04-06T22:05:44.716444+0800 ERROR SENT: G250 S21
2025-04-06T22:05:44.716444+0800 ERROR write command G250 S21
2025-04-06T22:05:44.716444+0800 ERROR second command G250 S21
2025-04-06T22:05:44.716444+0800 ERROR finish command G250 S21
2025-04-06T22:05:44.716444+0800 ERROR SENT: G250 S800
2025-04-06T22:05:44.716444+0800 ERROR write command G250 S800
2025-04-06T22:05:44.717443+0800 ERROR second command G250 S800
2025-04-06T22:05:44.717443+0800 ERROR finish command G250 S800
2025-04-06T22:05:44.717443+0800 ERROR SENT: M154 S1
2025-04-06T22:05:44.717443+0800 ERROR write command M154 S1
2025-04-06T22:05:44.717443+0800 ERROR second command M154 S1
2025-04-06T22:05:44.717443+0800 ERROR finish command M154 S1
2025-04-06T22:05:44.718444+0800 ERROR SENT: 2025-04-06 22:05:44
2025-04-06T22:05:44.718444+0800 ERROR write command 2025-04-06 22:05:44
2025-04-06T22:05:44.718444+0800 ERROR second command 2025-04-06 22:05:44
2025-04-06T22:05:44.718444+0800 ERROR finish command 2025-04-06 22:05:44
2025-04-06T22:05:48.595844+0800 ERROR SENT: M105
2025-04-06T22:05:48.595844+0800 ERROR write command M105
2025-04-06T22:05:48.596851+0800 ERROR second command M105
2025-04-06T22:05:48.596851+0800 ERROR finish command M105
2025-04-06T22:05:48.596851+0800 ERROR SENT: G250 S21
2025-04-06T22:05:48.596851+0800 ERROR write command G250 S21
2025-04-06T22:05:48.596851+0800 ERROR second command G250 S21
2025-04-06T22:05:48.597850+0800 ERROR finish command G250 S21
2025-04-06T22:05:48.597850+0800 ERROR SENT: G250 S800
2025-04-06T22:05:48.597850+0800 ERROR write command G250 S800
2025-04-06T22:05:48.597850+0800 ERROR second command G250 S800
2025-04-06T22:05:48.597850+0800 ERROR finish command G250 S800
2025-04-06T22:05:48.597850+0800 ERROR SENT: M154 S1
2025-04-06T22:05:48.597850+0800 ERROR write command M154 S1
2025-04-06T22:05:48.598851+0800 ERROR second command M154 S1
2025-04-06T22:05:48.598851+0800 ERROR finish command M154 S1
2025-04-06T22:05:48.598851+0800 ERROR SENT: 2025-04-06 22:05:48
2025-04-06T22:05:48.599852+0800 ERROR write command 2025-04-06 22:05:48
2025-04-06T22:05:48.599852+0800 ERROR second command 2025-04-06 22:05:48
2025-04-06T22:05:48.599852+0800 ERROR finish command 2025-04-06 22:05:48
2025-04-06T22:05:52.507085+0800 ERROR SENT: M105
2025-04-06T22:05:52.507085+0800 ERROR write command M105
2025-04-06T22:05:52.507085+0800 ERROR second command M105
2025-04-06T22:05:52.507085+0800 ERROR finish command M105
2025-04-06T22:05:52.508094+0800 ERROR SENT: G250 S21
2025-04-06T22:05:52.508094+0800 ERROR write command G250 S21
2025-04-06T22:05:52.508094+0800 ERROR second command G250 S21
2025-04-06T22:05:52.508094+0800 ERROR finish command G250 S21
2025-04-06T22:05:52.508094+0800 ERROR SENT: G250 S800
2025-04-06T22:05:52.508094+0800 ERROR write command G250 S800
2025-04-06T22:05:52.508094+0800 ERROR second command G250 S800
2025-04-06T22:05:52.508094+0800 ERROR finish command G250 S800
2025-04-06T22:05:52.508094+0800 ERROR SENT: M154 S1
2025-04-06T22:05:52.509094+0800 ERROR write command M154 S1
2025-04-06T22:05:52.509094+0800 ERROR second command M154 S1
2025-04-06T22:05:52.509094+0800 ERROR finish command M154 S1
2025-04-06T22:05:52.509094+0800 ERROR SENT: 2025-04-06 22:05:52
2025-04-06T22:05:52.510094+0800 ERROR write command 2025-04-06 22:05:52
2025-04-06T22:05:52.510094+0800 ERROR second command 2025-04-06 22:05:52
2025-04-06T22:05:52.510094+0800 ERROR finish command 2025-04-06 22:05:52
2025-04-06T22:05:56.373022+0800 ERROR SENT: M105
2025-04-06T22:05:56.373022+0800 ERROR write command M105
2025-04-06T22:05:56.373534+0800 ERROR second command M105
2025-04-06T22:05:56.373534+0800 ERROR finish command M105
2025-04-06T22:05:56.373534+0800 ERROR SENT: G250 S21
2025-04-06T22:05:56.373534+0800 ERROR write command G250 S21
2025-04-06T22:05:56.373534+0800 ERROR second command G250 S21
2025-04-06T22:05:56.373534+0800 ERROR finish command G250 S21
2025-04-06T22:05:56.373534+0800 ERROR SENT: G250 S800
2025-04-06T22:05:56.373534+0800 ERROR write command G250 S800
2025-04-06T22:05:56.373534+0800 ERROR second command G250 S800
2025-04-06T22:05:56.373534+0800 ERROR finish command G250 S800
2025-04-06T22:05:56.373534+0800 ERROR SENT: M154 S1
2025-04-06T22:05:56.374532+0800 ERROR write command M154 S1
2025-04-06T22:05:56.374532+0800 ERROR second command M154 S1
2025-04-06T22:05:56.374532+0800 ERROR finish command M154 S1
2025-04-06T22:05:56.375533+0800 ERROR SENT: 2025-04-06 22:05:56
2025-04-06T22:05:56.375533+0800 ERROR write command 2025-04-06 22:05:56
2025-04-06T22:05:56.375533+0800 ERROR second command 2025-04-06 22:05:56
2025-04-06T22:05:56.375533+0800 ERROR finish command 2025-04-06 22:05:56
2025-04-06T22:06:00.213130+0800 ERROR SENT: M105
2025-04-06T22:06:00.213130+0800 ERROR write command M105
2025-04-06T22:06:00.214140+0800 ERROR second command M105
2025-04-06T22:06:00.214140+0800 ERROR finish command M105
2025-04-06T22:06:00.214140+0800 ERROR SENT: G250 S21
2025-04-06T22:06:00.214140+0800 ERROR write command G250 S21
2025-04-06T22:06:00.214140+0800 ERROR second command G250 S21
2025-04-06T22:06:00.214140+0800 ERROR finish command G250 S21
2025-04-06T22:06:00.214140+0800 ERROR SENT: G250 S800
2025-04-06T22:06:00.215140+0800 ERROR write command G250 S800
2025-04-06T22:06:00.215140+0800 ERROR second command G250 S800
2025-04-06T22:06:00.215140+0800 ERROR finish command G250 S800
2025-04-06T22:06:00.215140+0800 ERROR SENT: M154 S1
2025-04-06T22:06:00.215140+0800 ERROR write command M154 S1
2025-04-06T22:06:00.215140+0800 ERROR second command M154 S1
2025-04-06T22:06:00.216138+0800 ERROR finish command M154 S1
2025-04-06T22:06:00.216138+0800 ERROR SENT: 2025-04-06 22:06:00
2025-04-06T22:06:00.216138+0800 ERROR write command 2025-04-06 22:06:00
2025-04-06T22:06:00.216138+0800 ERROR second command 2025-04-06 22:06:00
2025-04-06T22:06:00.216138+0800 ERROR finish command 2025-04-06 22:06:00
2025-04-06T22:06:04.153017+0800 ERROR SENT: M105
2025-04-06T22:06:04.153017+0800 ERROR write command M105
2025-04-06T22:06:04.153017+0800 ERROR second command M105
2025-04-06T22:06:04.153017+0800 ERROR finish command M105
2025-04-06T22:06:04.153017+0800 ERROR SENT: G250 S21
2025-04-06T22:06:04.153017+0800 ERROR write command G250 S21
2025-04-06T22:06:04.154026+0800 ERROR second command G250 S21
2025-04-06T22:06:04.154026+0800 ERROR finish command G250 S21
2025-04-06T22:06:04.154026+0800 ERROR SENT: G250 S800
2025-04-06T22:06:04.154026+0800 ERROR write command G250 S800
2025-04-06T22:06:04.154026+0800 ERROR second command G250 S800
2025-04-06T22:06:04.154026+0800 ERROR finish command G250 S800
2025-04-06T22:06:04.154026+0800 ERROR SENT: M154 S1
2025-04-06T22:06:04.155041+0800 ERROR write command M154 S1
2025-04-06T22:06:04.155041+0800 ERROR second command M154 S1
2025-04-06T22:06:04.155731+0800 ERROR finish command M154 S1
2025-04-06T22:06:04.155731+0800 ERROR SENT: 2025-04-06 22:06:04
2025-04-06T22:06:04.155731+0800 ERROR write command 2025-04-06 22:06:04
2025-04-06T22:06:04.155731+0800 ERROR second command 2025-04-06 22:06:04
2025-04-06T22:06:04.156733+0800 ERROR finish command 2025-04-06 22:06:04
2025-04-06T22:06:08.067580+0800 ERROR SENT: M105
2025-04-06T22:06:08.067580+0800 ERROR write command M105
2025-04-06T22:06:08.067580+0800 ERROR second command M105
2025-04-06T22:06:08.067580+0800 ERROR finish command M105
2025-04-06T22:06:08.067580+0800 ERROR SENT: G250 S21
2025-04-06T22:06:08.068589+0800 ERROR write command G250 S21
2025-04-06T22:06:08.068589+0800 ERROR second command G250 S21
2025-04-06T22:06:08.068589+0800 ERROR finish command G250 S21
2025-04-06T22:06:08.068589+0800 ERROR SENT: G250 S800
2025-04-06T22:06:08.068589+0800 ERROR write command G250 S800
2025-04-06T22:06:08.068589+0800 ERROR second command G250 S800
2025-04-06T22:06:08.069589+0800 ERROR finish command G250 S800
2025-04-06T22:06:08.069589+0800 ERROR SENT: M154 S1
2025-04-06T22:06:08.069589+0800 ERROR write command M154 S1
2025-04-06T22:06:08.069589+0800 ERROR second command M154 S1
2025-04-06T22:06:08.069589+0800 ERROR finish command M154 S1
2025-04-06T22:06:08.069589+0800 ERROR SENT: 2025-04-06 22:06:08
2025-04-06T22:06:08.070587+0800 ERROR write command 2025-04-06 22:06:08
2025-04-06T22:06:08.070587+0800 ERROR second command 2025-04-06 22:06:08
2025-04-06T22:06:08.070587+0800 ERROR finish command 2025-04-06 22:06:08
2025-04-06T22:06:11.984881+0800 ERROR SENT: M105
2025-04-06T22:06:11.984881+0800 ERROR write command M105
2025-04-06T22:06:11.984881+0800 ERROR second command M105
2025-04-06T22:06:11.984881+0800 ERROR finish command M105
2025-04-06T22:06:11.985808+0800 ERROR SENT: G250 S21
2025-04-06T22:06:11.985808+0800 ERROR write command G250 S21
2025-04-06T22:06:11.985808+0800 ERROR second command G250 S21
2025-04-06T22:06:11.985808+0800 ERROR finish command G250 S21
2025-04-06T22:06:11.985808+0800 ERROR SENT: G250 S800
2025-04-06T22:06:11.985808+0800 ERROR write command G250 S800
2025-04-06T22:06:11.985808+0800 ERROR second command G250 S800
2025-04-06T22:06:11.985808+0800 ERROR finish command G250 S800
2025-04-06T22:06:11.985808+0800 ERROR SENT: M154 S1
2025-04-06T22:06:11.985808+0800 ERROR write command M154 S1
2025-04-06T22:06:11.986809+0800 ERROR second command M154 S1
2025-04-06T22:06:11.986809+0800 ERROR finish command M154 S1
2025-04-06T22:06:11.986809+0800 ERROR SENT: 2025-04-06 22:06:11
2025-04-06T22:06:11.986809+0800 ERROR write command 2025-04-06 22:06:11
2025-04-06T22:06:11.986809+0800 ERROR second command 2025-04-06 22:06:11
2025-04-06T22:06:11.987808+0800 ERROR finish command 2025-04-06 22:06:11
2025-04-06T22:06:15.904042+0800 ERROR SENT: M105
2025-04-06T22:06:15.904042+0800 ERROR write command M105
2025-04-06T22:06:15.904042+0800 ERROR second command M105
2025-04-06T22:06:15.904042+0800 ERROR finish command M105
2025-04-06T22:06:15.904042+0800 ERROR SENT: G250 S21
2025-04-06T22:06:15.904042+0800 ERROR write command G250 S21
2025-04-06T22:06:15.905052+0800 ERROR second command G250 S21
2025-04-06T22:06:15.905052+0800 ERROR finish command G250 S21
2025-04-06T22:06:15.905052+0800 ERROR SENT: G250 S800
2025-04-06T22:06:15.905052+0800 ERROR write command G250 S800
2025-04-06T22:06:15.905052+0800 ERROR second command G250 S800
2025-04-06T22:06:15.906051+0800 ERROR finish command G250 S800
2025-04-06T22:06:15.906051+0800 ERROR SENT: M154 S1
2025-04-06T22:06:15.906051+0800 ERROR write command M154 S1
2025-04-06T22:06:15.906051+0800 ERROR second command M154 S1
2025-04-06T22:06:15.907051+0800 ERROR finish command M154 S1
2025-04-06T22:06:15.907051+0800 ERROR SENT: 2025-04-06 22:06:15
2025-04-06T22:06:15.907051+0800 ERROR write command 2025-04-06 22:06:15
2025-04-06T22:06:15.907051+0800 ERROR second command 2025-04-06 22:06:15
2025-04-06T22:06:15.907051+0800 ERROR finish command 2025-04-06 22:06:15
2025-04-06T22:06:19.806875+0800 ERROR SENT: M105
2025-04-06T22:06:19.806875+0800 ERROR write command M105
2025-04-06T22:06:19.806875+0800 ERROR second command M105
2025-04-06T22:06:19.807774+0800 ERROR finish command M105
2025-04-06T22:06:19.807774+0800 ERROR SENT: G250 S21
2025-04-06T22:06:19.807774+0800 ERROR write command G250 S21
2025-04-06T22:06:19.807774+0800 ERROR second command G250 S21
2025-04-06T22:06:19.807774+0800 ERROR finish command G250 S21
2025-04-06T22:06:19.807774+0800 ERROR SENT: G250 S800
2025-04-06T22:06:19.807774+0800 ERROR write command G250 S800
2025-04-06T22:06:19.807774+0800 ERROR second command G250 S800
2025-04-06T22:06:19.807774+0800 ERROR finish command G250 S800
2025-04-06T22:06:19.808742+0800 ERROR SENT: M154 S1
2025-04-06T22:06:19.808742+0800 ERROR write command M154 S1
2025-04-06T22:06:19.808742+0800 ERROR second command M154 S1
2025-04-06T22:06:19.808742+0800 ERROR finish command M154 S1
2025-04-06T22:06:19.809745+0800 ERROR SENT: 2025-04-06 22:06:19
2025-04-06T22:06:19.809745+0800 ERROR write command 2025-04-06 22:06:19
2025-04-06T22:06:19.809745+0800 ERROR second command 2025-04-06 22:06:19
2025-04-06T22:06:19.809745+0800 ERROR finish command 2025-04-06 22:06:19
2025-04-06T22:06:23.687542+0800 ERROR SENT: M105
2025-04-06T22:06:23.687542+0800 ERROR write command M105
2025-04-06T22:06:23.688543+0800 ERROR second command M105
2025-04-06T22:06:23.688543+0800 ERROR finish command M105
2025-04-06T22:06:23.688543+0800 ERROR SENT: G250 S21
2025-04-06T22:06:23.688543+0800 ERROR write command G250 S21
2025-04-06T22:06:23.688543+0800 ERROR second command G250 S21
2025-04-06T22:06:23.689543+0800 ERROR finish command G250 S21
2025-04-06T22:06:23.689543+0800 ERROR SENT: G250 S800
2025-04-06T22:06:23.689543+0800 ERROR write command G250 S800
2025-04-06T22:06:23.689543+0800 ERROR second command G250 S800
2025-04-06T22:06:23.689543+0800 ERROR finish command G250 S800
2025-04-06T22:06:23.689543+0800 ERROR SENT: M154 S1
2025-04-06T22:06:23.689543+0800 ERROR write command M154 S1
2025-04-06T22:06:23.690542+0800 ERROR second command M154 S1
2025-04-06T22:06:23.690542+0800 ERROR finish command M154 S1
2025-04-06T22:06:23.690542+0800 ERROR SENT: 2025-04-06 22:06:23
2025-04-06T22:06:23.690542+0800 ERROR write command 2025-04-06 22:06:23
2025-04-06T22:06:23.691542+0800 ERROR second command 2025-04-06 22:06:23
2025-04-06T22:06:23.691542+0800 ERROR finish command 2025-04-06 22:06:23
2025-04-06T22:06:27.602682+0800 ERROR SENT: M105
2025-04-06T22:06:27.602682+0800 ERROR write command M105
2025-04-06T22:06:27.603695+0800 ERROR second command M105
2025-04-06T22:06:27.603695+0800 ERROR finish command M105
2025-04-06T22:06:27.603695+0800 ERROR SENT: G250 S21
2025-04-06T22:06:27.603695+0800 ERROR write command G250 S21
2025-04-06T22:06:27.604735+0800 ERROR second command G250 S21
2025-04-06T22:06:27.604735+0800 ERROR finish command G250 S21
2025-04-06T22:06:27.604735+0800 ERROR SENT: G250 S800
2025-04-06T22:06:27.604735+0800 ERROR write command G250 S800
2025-04-06T22:06:27.605774+0800 ERROR second command G250 S800
2025-04-06T22:06:27.605774+0800 ERROR finish command G250 S800
2025-04-06T22:06:27.605774+0800 ERROR SENT: M154 S1
2025-04-06T22:06:27.605774+0800 ERROR write command M154 S1
2025-04-06T22:06:27.606760+0800 ERROR second command M154 S1
2025-04-06T22:06:27.606760+0800 ERROR finish command M154 S1
2025-04-06T22:06:27.606760+0800 ERROR SENT: 2025-04-06 22:06:27
2025-04-06T22:06:27.606760+0800 ERROR write command 2025-04-06 22:06:27
2025-04-06T22:06:27.606760+0800 ERROR second command 2025-04-06 22:06:27
2025-04-06T22:06:27.606760+0800 ERROR finish command 2025-04-06 22:06:27
2025-04-06T22:06:31.527742+0800 ERROR SENT: M105
2025-04-06T22:06:31.527742+0800 ERROR write command M105
2025-04-06T22:06:31.527742+0800 ERROR second command M105
2025-04-06T22:06:31.527742+0800 ERROR finish command M105
2025-04-06T22:06:31.527742+0800 ERROR SENT: G250 S21
2025-04-06T22:06:31.527742+0800 ERROR write command G250 S21
2025-04-06T22:06:31.528743+0800 ERROR second command G250 S21
2025-04-06T22:06:31.528743+0800 ERROR finish command G250 S21
2025-04-06T22:06:31.528743+0800 ERROR SENT: G250 S800
2025-04-06T22:06:31.528743+0800 ERROR write command G250 S800
2025-04-06T22:06:31.528743+0800 ERROR second command G250 S800
2025-04-06T22:06:31.528743+0800 ERROR finish command G250 S800
2025-04-06T22:06:31.528743+0800 ERROR SENT: M154 S1
2025-04-06T22:06:31.528743+0800 ERROR write command M154 S1
2025-04-06T22:06:31.529743+0800 ERROR second command M154 S1
2025-04-06T22:06:31.529743+0800 ERROR finish command M154 S1
2025-04-06T22:06:31.529743+0800 ERROR SENT: 2025-04-06 22:06:31
2025-04-06T22:06:31.530744+0800 ERROR write command 2025-04-06 22:06:31
2025-04-06T22:06:31.530744+0800 ERROR second command 2025-04-06 22:06:31
2025-04-06T22:06:31.530744+0800 ERROR finish command 2025-04-06 22:06:31
