2025-04-11T10:51:38.509870+0800 INFO 设备已成功连接
2025-04-11T10:51:38.510870+0800 ERROR SENT: M105
2025-04-11T10:51:38.510870+0800 ERROR write command M105
2025-04-11T10:51:38.510870+0800 ERROR second command M105
2025-04-11T10:51:38.510870+0800 ERROR finish command M105
2025-04-11T10:51:38.510870+0800 ERROR SENT: G250 S21
2025-04-11T10:51:38.511870+0800 ERROR write command G250 S21
2025-04-11T10:51:38.512873+0800 ERROR second command G250 S21
2025-04-11T10:51:38.512873+0800 ERROR finish command G250 S21
2025-04-11T10:51:38.512873+0800 ERROR SENT: G250 S800
2025-04-11T10:51:38.512873+0800 ERROR write command G250 S800
2025-04-11T10:51:38.513910+0800 ERROR second command G250 S800
2025-04-11T10:51:38.513910+0800 ERROR finish command G250 S800
2025-04-11T10:51:38.514874+0800 ERROR SENT: M154 S1
2025-04-11T10:51:38.514874+0800 ERROR write command M154 S1
2025-04-11T10:51:38.515871+0800 ERROR second command M154 S1
2025-04-11T10:51:38.515871+0800 ERROR finish command M154 S1
2025-04-11T10:51:42.416460+0800 ERROR SENT: M105
2025-04-11T10:51:42.416460+0800 ERROR write command M105
2025-04-11T10:51:42.416460+0800 ERROR second command M105
2025-04-11T10:51:42.416460+0800 ERROR finish command M105
2025-04-11T10:51:42.417459+0800 ERROR SENT: G250 S21
2025-04-11T10:51:42.417459+0800 ERROR write command G250 S21
2025-04-11T10:51:42.417459+0800 ERROR second command G250 S21
2025-04-11T10:51:42.417459+0800 ERROR finish command G250 S21
2025-04-11T10:51:42.417459+0800 ERROR SENT: G250 S800
2025-04-11T10:51:42.417459+0800 ERROR write command G250 S800
2025-04-11T10:51:42.417459+0800 ERROR second command G250 S800
2025-04-11T10:51:42.417459+0800 ERROR finish command G250 S800
2025-04-11T10:51:42.417459+0800 ERROR SENT: M154 S1
2025-04-11T10:51:42.418458+0800 ERROR write command M154 S1
2025-04-11T10:51:42.418458+0800 ERROR second command M154 S1
2025-04-11T10:51:42.418458+0800 ERROR finish command M154 S1
2025-04-11T10:51:46.669045+0800 ERROR SENT: M105
2025-04-11T10:51:46.669045+0800 ERROR write command M105
2025-04-11T10:51:46.669045+0800 ERROR second command M105
2025-04-11T10:51:46.670054+0800 ERROR finish command M105
2025-04-11T10:51:46.670054+0800 ERROR SENT: G250 S21
2025-04-11T10:51:46.670054+0800 ERROR write command G250 S21
2025-04-11T10:51:46.670054+0800 ERROR second command G250 S21
2025-04-11T10:51:46.671049+0800 ERROR finish command G250 S21
2025-04-11T10:51:46.671049+0800 ERROR SENT: G250 S800
2025-04-11T10:51:46.671049+0800 ERROR write command G250 S800
2025-04-11T10:51:46.671049+0800 ERROR second command G250 S800
2025-04-11T10:51:46.672046+0800 ERROR finish command G250 S800
2025-04-11T10:51:46.672046+0800 ERROR SENT: M154 S1
2025-04-11T10:51:46.672046+0800 ERROR write command M154 S1
2025-04-11T10:51:46.672046+0800 ERROR second command M154 S1
2025-04-11T10:51:46.673045+0800 ERROR finish command M154 S1
2025-04-11T10:51:50.683651+0800 ERROR SENT: M105
2025-04-11T10:51:50.684652+0800 ERROR write command M105
2025-04-11T10:51:50.684652+0800 ERROR second command M105
2025-04-11T10:51:50.684652+0800 ERROR finish command M105
2025-04-11T10:51:50.684652+0800 ERROR SENT: G250 S21
2025-04-11T10:51:50.684652+0800 ERROR write command G250 S21
2025-04-11T10:51:50.685651+0800 ERROR second command G250 S21
2025-04-11T10:51:50.685651+0800 ERROR finish command G250 S21
2025-04-11T10:51:50.685651+0800 ERROR SENT: G250 S800
2025-04-11T10:51:50.685651+0800 ERROR write command G250 S800
2025-04-11T10:51:50.685651+0800 ERROR second command G250 S800
2025-04-11T10:51:50.686651+0800 ERROR finish command G250 S800
2025-04-11T10:51:50.686651+0800 ERROR SENT: M154 S1
2025-04-11T10:51:50.686651+0800 ERROR write command M154 S1
2025-04-11T10:51:50.686651+0800 ERROR second command M154 S1
2025-04-11T10:51:50.686651+0800 ERROR finish command M154 S1
2025-04-11T10:51:55.019705+0800 ERROR SENT: M105
2025-04-11T10:51:55.019705+0800 ERROR write command M105
2025-04-11T10:51:55.020706+0800 ERROR second command M105
2025-04-11T10:51:55.020706+0800 ERROR finish command M105
2025-04-11T10:51:55.020706+0800 ERROR SENT: G250 S21
2025-04-11T10:51:55.021716+0800 ERROR write command G250 S21
2025-04-11T10:51:55.022706+0800 ERROR second command G250 S21
2025-04-11T10:51:55.022706+0800 ERROR finish command G250 S21
2025-04-11T10:51:55.023706+0800 ERROR SENT: G250 S800
2025-04-11T10:51:55.024706+0800 ERROR write command G250 S800
2025-04-11T10:51:55.024706+0800 ERROR second command G250 S800
2025-04-11T10:51:55.024706+0800 ERROR finish command G250 S800
2025-04-11T10:51:55.024706+0800 ERROR SENT: M154 S1
2025-04-11T10:51:55.024706+0800 ERROR write command M154 S1
2025-04-11T10:51:55.025706+0800 ERROR second command M154 S1
2025-04-11T10:51:55.025706+0800 ERROR finish command M154 S1
2025-04-11T10:51:59.567993+0800 ERROR SENT: M105
2025-04-11T10:51:59.567993+0800 ERROR write command M105
2025-04-11T10:51:59.568993+0800 ERROR second command M105
2025-04-11T10:51:59.568993+0800 ERROR finish command M105
2025-04-11T10:51:59.568993+0800 ERROR SENT: G250 S21
2025-04-11T10:51:59.568993+0800 ERROR write command G250 S21
2025-04-11T10:51:59.569993+0800 ERROR second command G250 S21
2025-04-11T10:51:59.569993+0800 ERROR finish command G250 S21
2025-04-11T10:51:59.569993+0800 ERROR SENT: G250 S800
2025-04-11T10:51:59.569993+0800 ERROR write command G250 S800
2025-04-11T10:51:59.569993+0800 ERROR second command G250 S800
2025-04-11T10:51:59.570993+0800 ERROR finish command G250 S800
2025-04-11T10:51:59.570993+0800 ERROR SENT: M154 S1
2025-04-11T10:51:59.570993+0800 ERROR write command M154 S1
2025-04-11T10:51:59.570993+0800 ERROR second command M154 S1
2025-04-11T10:51:59.570993+0800 ERROR finish command M154 S1
2025-04-11T10:52:03.491712+0800 ERROR SENT: M105
2025-04-11T10:52:03.491712+0800 ERROR write command M105
2025-04-11T10:52:03.492713+0800 ERROR second command M105
2025-04-11T10:52:03.492713+0800 ERROR finish command M105
2025-04-11T10:52:03.492713+0800 ERROR SENT: G250 S21
2025-04-11T10:52:03.492713+0800 ERROR write command G250 S21
2025-04-11T10:52:03.492713+0800 ERROR second command G250 S21
2025-04-11T10:52:03.493711+0800 ERROR finish command G250 S21
2025-04-11T10:52:03.493711+0800 ERROR SENT: G250 S800
2025-04-11T10:52:03.493711+0800 ERROR write command G250 S800
2025-04-11T10:52:03.493711+0800 ERROR second command G250 S800
2025-04-11T10:52:03.493711+0800 ERROR finish command G250 S800
2025-04-11T10:52:03.493711+0800 ERROR SENT: M154 S1
2025-04-11T10:52:03.493711+0800 ERROR write command M154 S1
2025-04-11T10:52:03.494711+0800 ERROR second command M154 S1
2025-04-11T10:52:03.494711+0800 ERROR finish command M154 S1
2025-04-11T10:52:07.365356+0800 ERROR SENT: M105
2025-04-11T10:52:07.365356+0800 ERROR write command M105
2025-04-11T10:52:07.365356+0800 ERROR second command M105
2025-04-11T10:52:07.366358+0800 ERROR finish command M105
2025-04-11T10:52:07.366358+0800 ERROR SENT: G250 S21
2025-04-11T10:52:07.366358+0800 ERROR write command G250 S21
2025-04-11T10:52:07.366358+0800 ERROR second command G250 S21
2025-04-11T10:52:07.366358+0800 ERROR finish command G250 S21
2025-04-11T10:52:07.366358+0800 ERROR SENT: G250 S800
2025-04-11T10:52:07.367357+0800 ERROR write command G250 S800
2025-04-11T10:52:07.367357+0800 ERROR second command G250 S800
2025-04-11T10:52:07.367357+0800 ERROR finish command G250 S800
2025-04-11T10:52:07.367357+0800 ERROR SENT: M154 S1
2025-04-11T10:52:07.367357+0800 ERROR write command M154 S1
2025-04-11T10:52:07.367357+0800 ERROR second command M154 S1
2025-04-11T10:52:07.368358+0800 ERROR finish command M154 S1
2025-04-11T10:52:11.388995+0800 ERROR SENT: M105
2025-04-11T10:52:11.388995+0800 ERROR write command M105
2025-04-11T10:52:11.389996+0800 ERROR second command M105
2025-04-11T10:52:11.390997+0800 ERROR finish command M105
2025-04-11T10:52:11.390997+0800 ERROR SENT: G250 S21
2025-04-11T10:52:11.390997+0800 ERROR write command G250 S21
2025-04-11T10:52:11.390997+0800 ERROR second command G250 S21
2025-04-11T10:52:11.390997+0800 ERROR finish command G250 S21
2025-04-11T10:52:11.391996+0800 ERROR SENT: G250 S800
2025-04-11T10:52:11.391996+0800 ERROR write command G250 S800
2025-04-11T10:52:11.391996+0800 ERROR second command G250 S800
2025-04-11T10:52:11.391996+0800 ERROR finish command G250 S800
2025-04-11T10:52:11.428001+0800 ERROR SENT: M154 S1
2025-04-11T10:52:11.428998+0800 ERROR write command M154 S1
2025-04-11T10:52:11.428998+0800 ERROR second command M154 S1
2025-04-11T10:52:11.428998+0800 ERROR finish command M154 S1
2025-04-11T10:52:15.308767+0800 ERROR SENT: M105
2025-04-11T10:52:15.308767+0800 ERROR write command M105
2025-04-11T10:52:15.308767+0800 ERROR second command M105
2025-04-11T10:52:15.308767+0800 ERROR finish command M105
2025-04-11T10:52:15.309767+0800 ERROR SENT: G250 S21
2025-04-11T10:52:15.309767+0800 ERROR write command G250 S21
2025-04-11T10:52:15.309767+0800 ERROR second command G250 S21
2025-04-11T10:52:15.309767+0800 ERROR finish command G250 S21
2025-04-11T10:52:15.309767+0800 ERROR SENT: G250 S800
2025-04-11T10:52:15.309767+0800 ERROR write command G250 S800
2025-04-11T10:52:15.309767+0800 ERROR second command G250 S800
2025-04-11T10:52:15.309767+0800 ERROR finish command G250 S800
2025-04-11T10:52:15.309767+0800 ERROR SENT: M154 S1
2025-04-11T10:52:15.310757+0800 ERROR write command M154 S1
2025-04-11T10:52:15.310757+0800 ERROR second command M154 S1
2025-04-11T10:52:15.310757+0800 ERROR finish command M154 S1
2025-04-11T10:52:19.240594+0800 ERROR SENT: M105
2025-04-11T10:52:19.240594+0800 ERROR write command M105
2025-04-11T10:52:19.241593+0800 ERROR second command M105
2025-04-11T10:52:19.241593+0800 ERROR finish command M105
2025-04-11T10:52:19.241593+0800 ERROR SENT: G250 S21
2025-04-11T10:52:19.241593+0800 ERROR write command G250 S21
2025-04-11T10:52:19.241593+0800 ERROR second command G250 S21
2025-04-11T10:52:19.241593+0800 ERROR finish command G250 S21
2025-04-11T10:52:19.241593+0800 ERROR SENT: G250 S800
2025-04-11T10:52:19.242593+0800 ERROR write command G250 S800
2025-04-11T10:52:19.242593+0800 ERROR second command G250 S800
2025-04-11T10:52:19.242593+0800 ERROR finish command G250 S800
2025-04-11T10:52:19.244593+0800 ERROR SENT: M154 S1
2025-04-11T10:52:19.244593+0800 ERROR write command M154 S1
2025-04-11T10:52:19.245593+0800 ERROR second command M154 S1
2025-04-11T10:52:19.245593+0800 ERROR finish command M154 S1
2025-04-11T10:52:23.135813+0800 ERROR SENT: M105
2025-04-11T10:52:23.135813+0800 ERROR write command M105
2025-04-11T10:52:23.135813+0800 ERROR second command M105
2025-04-11T10:52:23.136813+0800 ERROR finish command M105
2025-04-11T10:52:23.136813+0800 ERROR SENT: G250 S21
2025-04-11T10:52:23.136813+0800 ERROR write command G250 S21
2025-04-11T10:52:23.136813+0800 ERROR second command G250 S21
2025-04-11T10:52:23.136813+0800 ERROR finish command G250 S21
2025-04-11T10:52:23.137813+0800 ERROR SENT: G250 S800
2025-04-11T10:52:23.137813+0800 ERROR write command G250 S800
2025-04-11T10:52:23.137813+0800 ERROR second command G250 S800
2025-04-11T10:52:23.137813+0800 ERROR finish command G250 S800
2025-04-11T10:52:23.137813+0800 ERROR SENT: M154 S1
2025-04-11T10:52:23.137813+0800 ERROR write command M154 S1
2025-04-11T10:52:23.137813+0800 ERROR second command M154 S1
2025-04-11T10:52:23.138812+0800 ERROR finish command M154 S1
2025-04-11T10:52:27.060520+0800 ERROR SENT: M105
2025-04-11T10:52:27.060520+0800 ERROR write command M105
2025-04-11T10:52:27.060520+0800 ERROR second command M105
2025-04-11T10:52:27.061480+0800 ERROR finish command M105
2025-04-11T10:52:27.061480+0800 ERROR SENT: G250 S21
2025-04-11T10:52:27.061480+0800 ERROR write command G250 S21
2025-04-11T10:52:27.061480+0800 ERROR second command G250 S21
2025-04-11T10:52:27.061480+0800 ERROR finish command G250 S21
2025-04-11T10:52:27.061480+0800 ERROR SENT: G250 S800
2025-04-11T10:52:27.061480+0800 ERROR write command G250 S800
2025-04-11T10:52:27.061480+0800 ERROR second command G250 S800
2025-04-11T10:52:27.062481+0800 ERROR finish command G250 S800
2025-04-11T10:52:27.062481+0800 ERROR SENT: M154 S1
2025-04-11T10:52:27.062481+0800 ERROR write command M154 S1
2025-04-11T10:52:27.062481+0800 ERROR second command M154 S1
2025-04-11T10:52:27.062481+0800 ERROR finish command M154 S1
2025-04-11T10:52:30.972707+0800 ERROR SENT: M105
2025-04-11T10:52:30.972707+0800 ERROR write command M105
2025-04-11T10:52:30.972707+0800 ERROR second command M105
2025-04-11T10:52:30.973707+0800 ERROR finish command M105
2025-04-11T10:52:30.973707+0800 ERROR SENT: G250 S21
2025-04-11T10:52:30.973707+0800 ERROR write command G250 S21
2025-04-11T10:52:30.973707+0800 ERROR second command G250 S21
2025-04-11T10:52:30.973707+0800 ERROR finish command G250 S21
2025-04-11T10:52:30.973707+0800 ERROR SENT: G250 S800
2025-04-11T10:52:30.973707+0800 ERROR write command G250 S800
2025-04-11T10:52:30.974707+0800 ERROR second command G250 S800
2025-04-11T10:52:30.974707+0800 ERROR finish command G250 S800
2025-04-11T10:52:30.974707+0800 ERROR SENT: M154 S1
2025-04-11T10:52:30.974707+0800 ERROR write command M154 S1
2025-04-11T10:52:30.974707+0800 ERROR second command M154 S1
2025-04-11T10:52:30.974707+0800 ERROR finish command M154 S1
2025-04-11T10:52:34.892162+0800 ERROR SENT: M105
2025-04-11T10:52:34.892162+0800 ERROR write command M105
2025-04-11T10:52:34.892162+0800 ERROR second command M105
2025-04-11T10:52:34.893163+0800 ERROR finish command M105
2025-04-11T10:52:34.893163+0800 ERROR SENT: G250 S21
2025-04-11T10:52:34.893163+0800 ERROR write command G250 S21
2025-04-11T10:52:34.893163+0800 ERROR second command G250 S21
2025-04-11T10:52:34.893163+0800 ERROR finish command G250 S21
2025-04-11T10:52:34.893163+0800 ERROR SENT: G250 S800
2025-04-11T10:52:34.893163+0800 ERROR write command G250 S800
2025-04-11T10:52:34.893163+0800 ERROR second command G250 S800
2025-04-11T10:52:34.893163+0800 ERROR finish command G250 S800
2025-04-11T10:52:34.894164+0800 ERROR SENT: M154 S1
2025-04-11T10:52:34.894164+0800 ERROR write command M154 S1
2025-04-11T10:52:34.894164+0800 ERROR second command M154 S1
2025-04-11T10:52:34.894164+0800 ERROR finish command M154 S1
2025-04-11T10:52:38.821795+0800 ERROR SENT: M105
2025-04-11T10:52:38.822794+0800 ERROR write command M105
2025-04-11T10:52:38.822794+0800 ERROR second command M105
2025-04-11T10:52:38.823797+0800 ERROR finish command M105
2025-04-11T10:52:38.823797+0800 ERROR SENT: G250 S21
2025-04-11T10:52:38.823797+0800 ERROR write command G250 S21
2025-04-11T10:52:38.823797+0800 ERROR second command G250 S21
2025-04-11T10:52:38.824799+0800 ERROR finish command G250 S21
2025-04-11T10:52:38.824799+0800 ERROR SENT: G250 S800
2025-04-11T10:52:38.824799+0800 ERROR write command G250 S800
2025-04-11T10:52:38.825795+0800 ERROR second command G250 S800
2025-04-11T10:52:38.825795+0800 ERROR finish command G250 S800
2025-04-11T10:52:38.825795+0800 ERROR SENT: M154 S1
2025-04-11T10:52:38.825795+0800 ERROR write command M154 S1
2025-04-11T10:52:38.825795+0800 ERROR second command M154 S1
2025-04-11T10:52:38.825795+0800 ERROR finish command M154 S1
2025-04-11T10:52:42.835189+0800 ERROR SENT: M105
2025-04-11T10:52:42.836187+0800 ERROR write command M105
2025-04-11T10:52:42.836187+0800 ERROR second command M105
2025-04-11T10:52:42.837188+0800 ERROR finish command M105
2025-04-11T10:52:42.837188+0800 ERROR SENT: G250 S21
2025-04-11T10:52:42.837188+0800 ERROR write command G250 S21
2025-04-11T10:52:42.837188+0800 ERROR second command G250 S21
2025-04-11T10:52:42.837188+0800 ERROR finish command G250 S21
2025-04-11T10:52:42.837188+0800 ERROR SENT: G250 S800
2025-04-11T10:52:42.838194+0800 ERROR write command G250 S800
2025-04-11T10:52:42.838194+0800 ERROR second command G250 S800
2025-04-11T10:52:42.839192+0800 ERROR finish command G250 S800
2025-04-11T10:52:42.839192+0800 ERROR SENT: M154 S1
2025-04-11T10:52:42.839192+0800 ERROR write command M154 S1
2025-04-11T10:52:42.840188+0800 ERROR second command M154 S1
2025-04-11T10:52:42.840188+0800 ERROR finish command M154 S1
2025-04-11T10:52:46.775034+0800 ERROR SENT: M105
2025-04-11T10:52:46.775034+0800 ERROR write command M105
2025-04-11T10:52:46.776035+0800 ERROR second command M105
2025-04-11T10:52:46.776035+0800 ERROR finish command M105
2025-04-11T10:52:46.776035+0800 ERROR SENT: G250 S21
2025-04-11T10:52:46.776035+0800 ERROR write command G250 S21
2025-04-11T10:52:46.776035+0800 ERROR second command G250 S21
2025-04-11T10:52:46.776035+0800 ERROR finish command G250 S21
2025-04-11T10:52:46.776035+0800 ERROR SENT: G250 S800
2025-04-11T10:52:46.777035+0800 ERROR write command G250 S800
2025-04-11T10:52:46.777035+0800 ERROR second command G250 S800
2025-04-11T10:52:46.777035+0800 ERROR finish command G250 S800
2025-04-11T10:52:46.777035+0800 ERROR SENT: M154 S1
2025-04-11T10:52:46.777035+0800 ERROR write command M154 S1
2025-04-11T10:52:46.778034+0800 ERROR second command M154 S1
2025-04-11T10:52:46.778034+0800 ERROR finish command M154 S1
2025-04-11T10:52:50.703793+0800 ERROR SENT: M105
2025-04-11T10:52:50.703793+0800 ERROR write command M105
2025-04-11T10:52:50.704794+0800 ERROR second command M105
2025-04-11T10:52:50.704794+0800 ERROR finish command M105
2025-04-11T10:52:50.705794+0800 ERROR SENT: G250 S21
2025-04-11T10:52:50.705794+0800 ERROR write command G250 S21
2025-04-11T10:52:50.705794+0800 ERROR second command G250 S21
2025-04-11T10:52:50.705794+0800 ERROR finish command G250 S21
2025-04-11T10:52:50.706794+0800 ERROR SENT: G250 S800
2025-04-11T10:52:50.706794+0800 ERROR write command G250 S800
2025-04-11T10:52:50.706794+0800 ERROR second command G250 S800
2025-04-11T10:52:50.706794+0800 ERROR finish command G250 S800
2025-04-11T10:52:50.706794+0800 ERROR SENT: M154 S1
2025-04-11T10:52:50.707793+0800 ERROR write command M154 S1
2025-04-11T10:52:50.707793+0800 ERROR second command M154 S1
2025-04-11T10:52:50.707793+0800 ERROR finish command M154 S1
2025-04-11T10:52:54.611686+0800 ERROR SENT: M105
2025-04-11T10:52:54.612687+0800 ERROR write command M105
2025-04-11T10:52:54.612687+0800 ERROR second command M105
2025-04-11T10:52:54.612687+0800 ERROR finish command M105
2025-04-11T10:52:54.613687+0800 ERROR SENT: G250 S21
2025-04-11T10:52:54.613687+0800 ERROR write command G250 S21
2025-04-11T10:52:54.613687+0800 ERROR second command G250 S21
2025-04-11T10:52:54.613687+0800 ERROR finish command G250 S21
2025-04-11T10:52:54.613687+0800 ERROR SENT: G250 S800
2025-04-11T10:52:54.614687+0800 ERROR write command G250 S800
2025-04-11T10:52:54.614687+0800 ERROR second command G250 S800
2025-04-11T10:52:54.614687+0800 ERROR finish command G250 S800
2025-04-11T10:52:54.614687+0800 ERROR SENT: M154 S1
2025-04-11T10:52:54.614687+0800 ERROR write command M154 S1
2025-04-11T10:52:54.615688+0800 ERROR second command M154 S1
2025-04-11T10:52:54.615688+0800 ERROR finish command M154 S1
2025-04-11T10:52:58.567113+0800 ERROR SENT: M105
2025-04-11T10:52:58.567113+0800 ERROR write command M105
2025-04-11T10:52:58.568114+0800 ERROR second command M105
2025-04-11T10:52:58.568114+0800 ERROR finish command M105
2025-04-11T10:52:58.568114+0800 ERROR SENT: G250 S21
2025-04-11T10:52:58.569114+0800 ERROR write command G250 S21
2025-04-11T10:52:58.569114+0800 ERROR second command G250 S21
2025-04-11T10:52:58.569114+0800 ERROR finish command G250 S21
2025-04-11T10:52:58.569114+0800 ERROR SENT: G250 S800
2025-04-11T10:52:58.570113+0800 ERROR write command G250 S800
2025-04-11T10:52:58.570113+0800 ERROR second command G250 S800
2025-04-11T10:52:58.570113+0800 ERROR finish command G250 S800
2025-04-11T10:52:58.570113+0800 ERROR SENT: M154 S1
2025-04-11T10:52:58.570113+0800 ERROR write command M154 S1
2025-04-11T10:52:58.571113+0800 ERROR second command M154 S1
2025-04-11T10:52:58.571113+0800 ERROR finish command M154 S1
2025-04-11T10:53:02.699922+0800 ERROR SENT: M105
2025-04-11T10:53:02.699922+0800 ERROR write command M105
2025-04-11T10:53:02.700913+0800 ERROR second command M105
2025-04-11T10:53:02.700913+0800 ERROR finish command M105
2025-04-11T10:53:02.700913+0800 ERROR SENT: G250 S21
2025-04-11T10:53:02.700913+0800 ERROR write command G250 S21
2025-04-11T10:53:02.700913+0800 ERROR second command G250 S21
2025-04-11T10:53:02.701913+0800 ERROR finish command G250 S21
2025-04-11T10:53:02.701913+0800 ERROR SENT: G250 S800
2025-04-11T10:53:02.701913+0800 ERROR write command G250 S800
2025-04-11T10:53:02.701913+0800 ERROR second command G250 S800
2025-04-11T10:53:02.701913+0800 ERROR finish command G250 S800
2025-04-11T10:53:02.701913+0800 ERROR SENT: M154 S1
2025-04-11T10:53:02.702912+0800 ERROR write command M154 S1
2025-04-11T10:53:02.702912+0800 ERROR second command M154 S1
2025-04-11T10:53:02.702912+0800 ERROR finish command M154 S1
2025-04-11T10:53:06.601929+0800 ERROR SENT: M105
2025-04-11T10:53:06.601929+0800 ERROR write command M105
2025-04-11T10:53:06.601929+0800 ERROR second command M105
2025-04-11T10:53:06.601929+0800 ERROR finish command M105
2025-04-11T10:53:06.601929+0800 ERROR SENT: G250 S21
2025-04-11T10:53:06.602921+0800 ERROR write command G250 S21
2025-04-11T10:53:06.602921+0800 ERROR second command G250 S21
2025-04-11T10:53:06.602921+0800 ERROR finish command G250 S21
2025-04-11T10:53:06.602921+0800 ERROR SENT: G250 S800
2025-04-11T10:53:06.602921+0800 ERROR write command G250 S800
2025-04-11T10:53:06.603920+0800 ERROR second command G250 S800
2025-04-11T10:53:06.603920+0800 ERROR finish command G250 S800
2025-04-11T10:53:06.603920+0800 ERROR SENT: M154 S1
2025-04-11T10:53:06.603920+0800 ERROR write command M154 S1
2025-04-11T10:53:06.603920+0800 ERROR second command M154 S1
2025-04-11T10:53:06.603920+0800 ERROR finish command M154 S1
2025-04-11T10:53:10.522435+0800 ERROR SENT: M105
2025-04-11T10:53:10.522435+0800 ERROR write command M105
2025-04-11T10:53:10.522435+0800 ERROR second command M105
2025-04-11T10:53:10.522435+0800 ERROR finish command M105
2025-04-11T10:53:10.523434+0800 ERROR SENT: G250 S21
2025-04-11T10:53:10.523434+0800 ERROR write command G250 S21
2025-04-11T10:53:10.523434+0800 ERROR second command G250 S21
2025-04-11T10:53:10.523434+0800 ERROR finish command G250 S21
2025-04-11T10:53:10.523434+0800 ERROR SENT: G250 S800
2025-04-11T10:53:10.523434+0800 ERROR write command G250 S800
2025-04-11T10:53:10.523434+0800 ERROR second command G250 S800
2025-04-11T10:53:10.523434+0800 ERROR finish command G250 S800
2025-04-11T10:53:10.524433+0800 ERROR SENT: M154 S1
2025-04-11T10:53:10.524433+0800 ERROR write command M154 S1
2025-04-11T10:53:10.524433+0800 ERROR second command M154 S1
2025-04-11T10:53:10.524433+0800 ERROR finish command M154 S1
2025-04-11T10:53:14.373002+0800 ERROR SENT: M105
2025-04-11T10:53:14.374002+0800 ERROR write command M105
2025-04-11T10:53:14.374002+0800 ERROR second command M105
2025-04-11T10:53:14.374002+0800 ERROR finish command M105
2025-04-11T10:53:14.374002+0800 ERROR SENT: G250 S21
2025-04-11T10:53:14.375002+0800 ERROR write command G250 S21
2025-04-11T10:53:14.375002+0800 ERROR second command G250 S21
2025-04-11T10:53:14.375002+0800 ERROR finish command G250 S21
2025-04-11T10:53:14.375002+0800 ERROR SENT: G250 S800
2025-04-11T10:53:14.375002+0800 ERROR write command G250 S800
2025-04-11T10:53:14.375002+0800 ERROR second command G250 S800
2025-04-11T10:53:14.375002+0800 ERROR finish command G250 S800
2025-04-11T10:53:14.376002+0800 ERROR SENT: M154 S1
2025-04-11T10:53:14.376002+0800 ERROR write command M154 S1
2025-04-11T10:53:14.376002+0800 ERROR second command M154 S1
2025-04-11T10:53:14.376002+0800 ERROR finish command M154 S1
2025-04-11T10:53:18.269695+0800 ERROR SENT: M105
2025-04-11T10:53:18.269695+0800 ERROR write command M105
2025-04-11T10:53:18.269695+0800 ERROR second command M105
2025-04-11T10:53:18.269695+0800 ERROR finish command M105
2025-04-11T10:53:18.270707+0800 ERROR SENT: G250 S21
2025-04-11T10:53:18.270707+0800 ERROR write command G250 S21
2025-04-11T10:53:18.270707+0800 ERROR second command G250 S21
2025-04-11T10:53:18.270707+0800 ERROR finish command G250 S21
2025-04-11T10:53:18.270707+0800 ERROR SENT: G250 S800
2025-04-11T10:53:18.270707+0800 ERROR write command G250 S800
2025-04-11T10:53:18.271697+0800 ERROR second command G250 S800
2025-04-11T10:53:18.271697+0800 ERROR finish command G250 S800
2025-04-11T10:53:18.271697+0800 ERROR SENT: M154 S1
2025-04-11T10:53:18.271697+0800 ERROR write command M154 S1
2025-04-11T10:53:18.272695+0800 ERROR second command M154 S1
2025-04-11T10:53:18.272695+0800 ERROR finish command M154 S1
2025-04-11T10:53:22.142949+0800 ERROR SENT: M105
2025-04-11T10:53:22.143950+0800 ERROR write command M105
2025-04-11T10:53:22.143950+0800 ERROR second command M105
2025-04-11T10:53:22.143950+0800 ERROR finish command M105
2025-04-11T10:53:22.143950+0800 ERROR SENT: G250 S21
2025-04-11T10:53:22.143950+0800 ERROR write command G250 S21
2025-04-11T10:53:22.145036+0800 ERROR second command G250 S21
2025-04-11T10:53:22.145036+0800 ERROR finish command G250 S21
2025-04-11T10:53:22.145036+0800 ERROR SENT: G250 S800
2025-04-11T10:53:22.145036+0800 ERROR write command G250 S800
2025-04-11T10:53:22.145036+0800 ERROR second command G250 S800
2025-04-11T10:53:22.145036+0800 ERROR finish command G250 S800
2025-04-11T10:53:22.145036+0800 ERROR SENT: M154 S1
2025-04-11T10:53:22.145958+0800 ERROR write command M154 S1
2025-04-11T10:53:22.145958+0800 ERROR second command M154 S1
2025-04-11T10:53:22.145958+0800 ERROR finish command M154 S1
2025-04-11T10:53:25.986389+0800 ERROR SENT: M105
2025-04-11T10:53:25.986389+0800 ERROR write command M105
2025-04-11T10:53:25.986389+0800 ERROR second command M105
2025-04-11T10:53:25.986389+0800 ERROR finish command M105
2025-04-11T10:53:25.987309+0800 ERROR SENT: G250 S21
2025-04-11T10:53:25.987309+0800 ERROR write command G250 S21
2025-04-11T10:53:25.987309+0800 ERROR second command G250 S21
2025-04-11T10:53:25.987309+0800 ERROR finish command G250 S21
2025-04-11T10:53:25.987309+0800 ERROR SENT: G250 S800
2025-04-11T10:53:25.987309+0800 ERROR write command G250 S800
2025-04-11T10:53:25.987309+0800 ERROR second command G250 S800
2025-04-11T10:53:25.987309+0800 ERROR finish command G250 S800
2025-04-11T10:53:25.987309+0800 ERROR SENT: M154 S1
2025-04-11T10:53:25.988309+0800 ERROR write command M154 S1
2025-04-11T10:53:25.988309+0800 ERROR second command M154 S1
2025-04-11T10:53:25.988309+0800 ERROR finish command M154 S1
2025-04-11T10:53:29.868513+0800 ERROR SENT: M105
2025-04-11T10:53:29.868513+0800 ERROR write command M105
2025-04-11T10:53:29.868513+0800 ERROR second command M105
2025-04-11T10:53:29.868513+0800 ERROR finish command M105
2025-04-11T10:53:29.869513+0800 ERROR SENT: G250 S21
2025-04-11T10:53:29.869513+0800 ERROR write command G250 S21
2025-04-11T10:53:29.869513+0800 ERROR second command G250 S21
2025-04-11T10:53:29.869513+0800 ERROR finish command G250 S21
2025-04-11T10:53:29.869513+0800 ERROR SENT: G250 S800
2025-04-11T10:53:29.869513+0800 ERROR write command G250 S800
2025-04-11T10:53:29.869513+0800 ERROR second command G250 S800
2025-04-11T10:53:29.869513+0800 ERROR finish command G250 S800
2025-04-11T10:53:29.869513+0800 ERROR SENT: M154 S1
2025-04-11T10:53:29.870513+0800 ERROR write command M154 S1
2025-04-11T10:53:29.870513+0800 ERROR second command M154 S1
2025-04-11T10:53:29.870513+0800 ERROR finish command M154 S1
2025-04-11T10:53:33.839083+0800 ERROR SENT: M105
2025-04-11T10:53:33.840083+0800 ERROR write command M105
2025-04-11T10:53:33.841083+0800 ERROR second command M105
2025-04-11T10:53:33.841083+0800 ERROR finish command M105
2025-04-11T10:53:33.841083+0800 ERROR SENT: G250 S21
2025-04-11T10:53:33.841083+0800 ERROR write command G250 S21
2025-04-11T10:53:33.841083+0800 ERROR second command G250 S21
2025-04-11T10:53:33.841083+0800 ERROR finish command G250 S21
2025-04-11T10:53:33.841083+0800 ERROR SENT: G250 S800
2025-04-11T10:53:33.841083+0800 ERROR write command G250 S800
2025-04-11T10:53:33.842083+0800 ERROR second command G250 S800
2025-04-11T10:53:33.842083+0800 ERROR finish command G250 S800
2025-04-11T10:53:33.843083+0800 ERROR SENT: M154 S1
2025-04-11T10:53:33.843083+0800 ERROR write command M154 S1
2025-04-11T10:53:33.843083+0800 ERROR second command M154 S1
2025-04-11T10:53:33.843083+0800 ERROR finish command M154 S1
2025-04-11T10:53:37.732965+0800 ERROR SENT: M105
2025-04-11T10:53:37.732965+0800 ERROR write command M105
2025-04-11T10:53:37.732965+0800 ERROR second command M105
2025-04-11T10:53:37.733965+0800 ERROR finish command M105
2025-04-11T10:53:37.733965+0800 ERROR SENT: G250 S21
2025-04-11T10:53:37.733965+0800 ERROR write command G250 S21
2025-04-11T10:53:37.733965+0800 ERROR second command G250 S21
2025-04-11T10:53:37.733965+0800 ERROR finish command G250 S21
2025-04-11T10:53:37.733965+0800 ERROR SENT: G250 S800
2025-04-11T10:53:37.734965+0800 ERROR write command G250 S800
2025-04-11T10:53:37.734965+0800 ERROR second command G250 S800
2025-04-11T10:53:37.734965+0800 ERROR finish command G250 S800
2025-04-11T10:53:37.736965+0800 ERROR SENT: M154 S1
2025-04-11T10:53:37.736965+0800 ERROR write command M154 S1
2025-04-11T10:53:37.736965+0800 ERROR second command M154 S1
2025-04-11T10:53:37.736965+0800 ERROR finish command M154 S1
2025-04-11T10:53:41.646847+0800 ERROR SENT: M105
2025-04-11T10:53:41.646847+0800 ERROR write command M105
2025-04-11T10:53:41.647848+0800 ERROR second command M105
2025-04-11T10:53:41.647848+0800 ERROR finish command M105
2025-04-11T10:53:41.647848+0800 ERROR SENT: G250 S21
2025-04-11T10:53:41.647848+0800 ERROR write command G250 S21
2025-04-11T10:53:41.648847+0800 ERROR second command G250 S21
2025-04-11T10:53:41.648847+0800 ERROR finish command G250 S21
2025-04-11T10:53:41.648847+0800 ERROR SENT: G250 S800
2025-04-11T10:53:41.648847+0800 ERROR write command G250 S800
2025-04-11T10:53:41.648847+0800 ERROR second command G250 S800
2025-04-11T10:53:41.649848+0800 ERROR finish command G250 S800
2025-04-11T10:53:41.649848+0800 ERROR SENT: M154 S1
2025-04-11T10:53:41.649848+0800 ERROR write command M154 S1
2025-04-11T10:53:41.649848+0800 ERROR second command M154 S1
2025-04-11T10:53:41.650848+0800 ERROR finish command M154 S1
2025-04-11T10:53:45.536495+0800 ERROR SENT: M105
2025-04-11T10:53:45.536495+0800 ERROR write command M105
2025-04-11T10:53:45.536495+0800 ERROR second command M105
2025-04-11T10:53:45.536495+0800 ERROR finish command M105
2025-04-11T10:53:45.536495+0800 ERROR SENT: G250 S21
2025-04-11T10:53:45.536495+0800 ERROR write command G250 S21
2025-04-11T10:53:45.537487+0800 ERROR second command G250 S21
2025-04-11T10:53:45.537487+0800 ERROR finish command G250 S21
2025-04-11T10:53:45.537487+0800 ERROR SENT: G250 S800
2025-04-11T10:53:45.537487+0800 ERROR write command G250 S800
2025-04-11T10:53:45.537487+0800 ERROR second command G250 S800
2025-04-11T10:53:45.537487+0800 ERROR finish command G250 S800
2025-04-11T10:53:45.537487+0800 ERROR SENT: M154 S1
2025-04-11T10:53:45.537487+0800 ERROR write command M154 S1
2025-04-11T10:53:45.537487+0800 ERROR second command M154 S1
2025-04-11T10:53:45.538486+0800 ERROR finish command M154 S1
2025-04-11T10:53:49.454581+0800 ERROR SENT: M105
2025-04-11T10:53:49.455506+0800 ERROR write command M105
2025-04-11T10:53:49.455506+0800 ERROR second command M105
2025-04-11T10:53:49.455506+0800 ERROR finish command M105
2025-04-11T10:53:49.455506+0800 ERROR SENT: G250 S21
2025-04-11T10:53:49.455506+0800 ERROR write command G250 S21
2025-04-11T10:53:49.455506+0800 ERROR second command G250 S21
2025-04-11T10:53:49.455506+0800 ERROR finish command G250 S21
2025-04-11T10:53:49.455506+0800 ERROR SENT: G250 S800
2025-04-11T10:53:49.455506+0800 ERROR write command G250 S800
2025-04-11T10:53:49.455506+0800 ERROR second command G250 S800
2025-04-11T10:53:49.455506+0800 ERROR finish command G250 S800
2025-04-11T10:53:49.456506+0800 ERROR SENT: M154 S1
2025-04-11T10:53:49.456506+0800 ERROR write command M154 S1
2025-04-11T10:53:49.456506+0800 ERROR second command M154 S1
2025-04-11T10:53:49.457545+0800 ERROR finish command M154 S1
2025-04-11T10:53:53.413325+0800 ERROR SENT: M105
2025-04-11T10:53:53.413325+0800 ERROR write command M105
2025-04-11T10:53:53.413325+0800 ERROR second command M105
2025-04-11T10:53:53.414231+0800 ERROR finish command M105
2025-04-11T10:53:53.414231+0800 ERROR SENT: G250 S21
2025-04-11T10:53:53.414231+0800 ERROR write command G250 S21
2025-04-11T10:53:53.414231+0800 ERROR second command G250 S21
2025-04-11T10:53:53.414231+0800 ERROR finish command G250 S21
2025-04-11T10:53:53.414231+0800 ERROR SENT: G250 S800
2025-04-11T10:53:53.414231+0800 ERROR write command G250 S800
2025-04-11T10:53:53.415232+0800 ERROR second command G250 S800
2025-04-11T10:53:53.415232+0800 ERROR finish command G250 S800
2025-04-11T10:53:53.415232+0800 ERROR SENT: M154 S1
2025-04-11T10:53:53.415232+0800 ERROR write command M154 S1
2025-04-11T10:53:53.415232+0800 ERROR second command M154 S1
2025-04-11T10:53:53.415232+0800 ERROR finish command M154 S1
2025-04-11T10:53:57.416000+0800 ERROR SENT: M105
2025-04-11T10:53:57.416000+0800 ERROR write command M105
2025-04-11T10:53:57.417001+0800 ERROR second command M105
2025-04-11T10:53:57.417001+0800 ERROR finish command M105
2025-04-11T10:53:57.417001+0800 ERROR SENT: G250 S21
2025-04-11T10:53:57.417001+0800 ERROR write command G250 S21
2025-04-11T10:53:57.417001+0800 ERROR second command G250 S21
2025-04-11T10:53:57.417001+0800 ERROR finish command G250 S21
2025-04-11T10:53:57.417001+0800 ERROR SENT: G250 S800
2025-04-11T10:53:57.418001+0800 ERROR write command G250 S800
2025-04-11T10:53:57.418001+0800 ERROR second command G250 S800
2025-04-11T10:53:57.418001+0800 ERROR finish command G250 S800
2025-04-11T10:53:57.418001+0800 ERROR SENT: M154 S1
2025-04-11T10:53:57.418001+0800 ERROR write command M154 S1
2025-04-11T10:53:57.419001+0800 ERROR second command M154 S1
2025-04-11T10:53:57.419001+0800 ERROR finish command M154 S1
2025-04-11T10:54:01.471454+0800 ERROR SENT: M105
2025-04-11T10:54:01.472453+0800 ERROR write command M105
2025-04-11T10:54:01.472453+0800 ERROR second command M105
2025-04-11T10:54:01.473453+0800 ERROR finish command M105
2025-04-11T10:54:01.473453+0800 ERROR SENT: G250 S21
2025-04-11T10:54:01.473453+0800 ERROR write command G250 S21
2025-04-11T10:54:01.473453+0800 ERROR second command G250 S21
2025-04-11T10:54:01.474453+0800 ERROR finish command G250 S21
2025-04-11T10:54:01.474453+0800 ERROR SENT: G250 S800
2025-04-11T10:54:01.474453+0800 ERROR write command G250 S800
2025-04-11T10:54:01.474453+0800 ERROR second command G250 S800
2025-04-11T10:54:01.474453+0800 ERROR finish command G250 S800
2025-04-11T10:54:01.475453+0800 ERROR SENT: M154 S1
2025-04-11T10:54:01.475453+0800 ERROR write command M154 S1
2025-04-11T10:54:01.475453+0800 ERROR second command M154 S1
2025-04-11T10:54:01.477453+0800 ERROR finish command M154 S1
2025-04-11T10:54:05.359511+0800 ERROR SENT: M105
2025-04-11T10:54:05.359511+0800 ERROR write command M105
2025-04-11T10:54:05.359511+0800 ERROR second command M105
2025-04-11T10:54:05.359511+0800 ERROR finish command M105
2025-04-11T10:54:05.359511+0800 ERROR SENT: G250 S21
2025-04-11T10:54:05.360443+0800 ERROR write command G250 S21
2025-04-11T10:54:05.360443+0800 ERROR second command G250 S21
2025-04-11T10:54:05.360443+0800 ERROR finish command G250 S21
2025-04-11T10:54:05.360443+0800 ERROR SENT: G250 S800
2025-04-11T10:54:05.360443+0800 ERROR write command G250 S800
2025-04-11T10:54:05.361440+0800 ERROR second command G250 S800
2025-04-11T10:54:05.361440+0800 ERROR finish command G250 S800
2025-04-11T10:54:05.361440+0800 ERROR SENT: M154 S1
2025-04-11T10:54:05.361440+0800 ERROR write command M154 S1
2025-04-11T10:54:05.361440+0800 ERROR second command M154 S1
2025-04-11T10:54:05.361440+0800 ERROR finish command M154 S1
2025-04-11T10:54:09.254933+0800 ERROR SENT: M105
2025-04-11T10:54:09.254933+0800 ERROR write command M105
2025-04-11T10:54:09.254933+0800 ERROR second command M105
2025-04-11T10:54:09.254933+0800 ERROR finish command M105
2025-04-11T10:54:09.254933+0800 ERROR SENT: G250 S21
2025-04-11T10:54:09.255932+0800 ERROR write command G250 S21
2025-04-11T10:54:09.255932+0800 ERROR second command G250 S21
2025-04-11T10:54:09.255932+0800 ERROR finish command G250 S21
2025-04-11T10:54:09.255932+0800 ERROR SENT: G250 S800
2025-04-11T10:54:09.255932+0800 ERROR write command G250 S800
2025-04-11T10:54:09.255932+0800 ERROR second command G250 S800
2025-04-11T10:54:09.255932+0800 ERROR finish command G250 S800
2025-04-11T10:54:09.255932+0800 ERROR SENT: M154 S1
2025-04-11T10:54:09.256933+0800 ERROR write command M154 S1
2025-04-11T10:54:09.256933+0800 ERROR second command M154 S1
2025-04-11T10:54:09.256933+0800 ERROR finish command M154 S1
2025-04-11T10:54:13.134714+0800 ERROR SENT: M105
2025-04-11T10:54:13.134714+0800 ERROR write command M105
2025-04-11T10:54:13.134714+0800 ERROR second command M105
2025-04-11T10:54:13.134714+0800 ERROR finish command M105
2025-04-11T10:54:13.134714+0800 ERROR SENT: G250 S21
2025-04-11T10:54:13.134714+0800 ERROR write command G250 S21
2025-04-11T10:54:13.135801+0800 ERROR second command G250 S21
2025-04-11T10:54:13.135801+0800 ERROR finish command G250 S21
2025-04-11T10:54:13.135801+0800 ERROR SENT: G250 S800
2025-04-11T10:54:13.135801+0800 ERROR write command G250 S800
2025-04-11T10:54:13.135801+0800 ERROR second command G250 S800
2025-04-11T10:54:13.135801+0800 ERROR finish command G250 S800
2025-04-11T10:54:13.135801+0800 ERROR SENT: M154 S1
2025-04-11T10:54:13.135801+0800 ERROR write command M154 S1
2025-04-11T10:54:13.136797+0800 ERROR second command M154 S1
2025-04-11T10:54:13.136797+0800 ERROR finish command M154 S1
2025-04-11T10:54:17.064185+0800 ERROR SENT: M105
2025-04-11T10:54:17.064185+0800 ERROR write command M105
2025-04-11T10:54:17.064185+0800 ERROR second command M105
2025-04-11T10:54:17.064185+0800 ERROR finish command M105
2025-04-11T10:54:17.064185+0800 ERROR SENT: G250 S21
2025-04-11T10:54:17.065184+0800 ERROR write command G250 S21
2025-04-11T10:54:17.065184+0800 ERROR second command G250 S21
2025-04-11T10:54:17.065184+0800 ERROR finish command G250 S21
2025-04-11T10:54:17.065184+0800 ERROR SENT: G250 S800
2025-04-11T10:54:17.065184+0800 ERROR write command G250 S800
2025-04-11T10:54:17.065184+0800 ERROR second command G250 S800
2025-04-11T10:54:17.066174+0800 ERROR finish command G250 S800
2025-04-11T10:54:17.066174+0800 ERROR SENT: M154 S1
2025-04-11T10:54:17.066174+0800 ERROR write command M154 S1
2025-04-11T10:54:17.066174+0800 ERROR second command M154 S1
2025-04-11T10:54:17.066174+0800 ERROR finish command M154 S1
2025-04-11T10:54:20.944056+0800 ERROR SENT: M105
2025-04-11T10:54:20.944056+0800 ERROR write command M105
2025-04-11T10:54:20.944056+0800 ERROR second command M105
2025-04-11T10:54:20.945056+0800 ERROR finish command M105
2025-04-11T10:54:20.945056+0800 ERROR SENT: G250 S21
2025-04-11T10:54:20.945056+0800 ERROR write command G250 S21
2025-04-11T10:54:20.945056+0800 ERROR second command G250 S21
2025-04-11T10:54:20.945056+0800 ERROR finish command G250 S21
2025-04-11T10:54:20.945056+0800 ERROR SENT: G250 S800
2025-04-11T10:54:20.945056+0800 ERROR write command G250 S800
2025-04-11T10:54:20.946057+0800 ERROR second command G250 S800
2025-04-11T10:54:20.946057+0800 ERROR finish command G250 S800
2025-04-11T10:54:20.946057+0800 ERROR SENT: M154 S1
2025-04-11T10:54:20.946057+0800 ERROR write command M154 S1
2025-04-11T10:54:20.946057+0800 ERROR second command M154 S1
2025-04-11T10:54:20.946057+0800 ERROR finish command M154 S1
2025-04-11T10:54:24.846587+0800 ERROR SENT: M105
2025-04-11T10:54:24.846587+0800 ERROR write command M105
2025-04-11T10:54:24.846587+0800 ERROR second command M105
2025-04-11T10:54:24.846587+0800 ERROR finish command M105
2025-04-11T10:54:24.847515+0800 ERROR SENT: G250 S21
2025-04-11T10:54:24.847515+0800 ERROR write command G250 S21
2025-04-11T10:54:24.847515+0800 ERROR second command G250 S21
2025-04-11T10:54:24.847515+0800 ERROR finish command G250 S21
2025-04-11T10:54:24.847515+0800 ERROR SENT: G250 S800
2025-04-11T10:54:24.847515+0800 ERROR write command G250 S800
2025-04-11T10:54:24.847515+0800 ERROR second command G250 S800
2025-04-11T10:54:24.847515+0800 ERROR finish command G250 S800
2025-04-11T10:54:24.847515+0800 ERROR SENT: M154 S1
2025-04-11T10:54:24.848515+0800 ERROR write command M154 S1
2025-04-11T10:54:24.848515+0800 ERROR second command M154 S1
2025-04-11T10:54:24.848515+0800 ERROR finish command M154 S1
2025-04-11T10:54:28.921367+0800 ERROR SENT: M105
2025-04-11T10:54:28.923368+0800 ERROR write command M105
2025-04-11T10:54:28.924368+0800 ERROR second command M105
2025-04-11T10:54:28.924368+0800 ERROR finish command M105
2025-04-11T10:54:28.925369+0800 ERROR SENT: G250 S21
2025-04-11T10:54:28.925369+0800 ERROR write command G250 S21
2025-04-11T10:54:28.926368+0800 ERROR second command G250 S21
2025-04-11T10:54:28.926368+0800 ERROR finish command G250 S21
2025-04-11T10:54:28.926368+0800 ERROR SENT: G250 S800
2025-04-11T10:54:28.927368+0800 ERROR write command G250 S800
2025-04-11T10:54:28.930367+0800 ERROR second command G250 S800
2025-04-11T10:54:28.930367+0800 ERROR finish command G250 S800
2025-04-11T10:54:28.930367+0800 ERROR SENT: M154 S1
2025-04-11T10:54:28.932367+0800 ERROR write command M154 S1
2025-04-11T10:54:28.934367+0800 ERROR second command M154 S1
2025-04-11T10:54:28.934367+0800 ERROR finish command M154 S1
2025-04-11T10:54:32.957576+0800 ERROR SENT: M105
2025-04-11T10:54:32.957576+0800 ERROR write command M105
2025-04-11T10:54:32.958576+0800 ERROR second command M105
2025-04-11T10:54:32.958576+0800 ERROR finish command M105
2025-04-11T10:54:32.958576+0800 ERROR SENT: G250 S21
2025-04-11T10:54:32.958576+0800 ERROR write command G250 S21
2025-04-11T10:54:32.959576+0800 ERROR second command G250 S21
2025-04-11T10:54:32.959576+0800 ERROR finish command G250 S21
2025-04-11T10:54:32.959576+0800 ERROR SENT: G250 S800
2025-04-11T10:54:32.959576+0800 ERROR write command G250 S800
2025-04-11T10:54:32.959576+0800 ERROR second command G250 S800
2025-04-11T10:54:32.960576+0800 ERROR finish command G250 S800
2025-04-11T10:54:32.960576+0800 ERROR SENT: M154 S1
2025-04-11T10:54:32.960576+0800 ERROR write command M154 S1
2025-04-11T10:54:32.960576+0800 ERROR second command M154 S1
2025-04-11T10:54:32.961575+0800 ERROR finish command M154 S1
2025-04-11T10:54:36.892583+0800 ERROR SENT: M105
2025-04-11T10:54:36.893586+0800 ERROR write command M105
2025-04-11T10:54:36.893586+0800 ERROR second command M105
2025-04-11T10:54:36.893586+0800 ERROR finish command M105
2025-04-11T10:54:36.893586+0800 ERROR SENT: G250 S21
2025-04-11T10:54:36.894585+0800 ERROR write command G250 S21
2025-04-11T10:54:36.894585+0800 ERROR second command G250 S21
2025-04-11T10:54:36.894585+0800 ERROR finish command G250 S21
2025-04-11T10:54:36.894585+0800 ERROR SENT: G250 S800
2025-04-11T10:54:36.894585+0800 ERROR write command G250 S800
2025-04-11T10:54:36.894585+0800 ERROR second command G250 S800
2025-04-11T10:54:36.895586+0800 ERROR finish command G250 S800
2025-04-11T10:54:36.897584+0800 ERROR SENT: M154 S1
2025-04-11T10:54:36.897584+0800 ERROR write command M154 S1
2025-04-11T10:54:36.897584+0800 ERROR second command M154 S1
2025-04-11T10:54:36.898586+0800 ERROR finish command M154 S1
2025-04-11T10:54:40.939866+0800 ERROR SENT: M105
2025-04-11T10:54:40.940866+0800 ERROR write command M105
2025-04-11T10:54:40.940866+0800 ERROR second command M105
2025-04-11T10:54:40.941865+0800 ERROR finish command M105
2025-04-11T10:54:40.941865+0800 ERROR SENT: G250 S21
2025-04-11T10:54:40.941865+0800 ERROR write command G250 S21
2025-04-11T10:54:40.941865+0800 ERROR second command G250 S21
2025-04-11T10:54:40.941865+0800 ERROR finish command G250 S21
2025-04-11T10:54:40.941865+0800 ERROR SENT: G250 S800
2025-04-11T10:54:40.942865+0800 ERROR write command G250 S800
2025-04-11T10:54:40.942865+0800 ERROR second command G250 S800
2025-04-11T10:54:40.942865+0800 ERROR finish command G250 S800
2025-04-11T10:54:40.980864+0800 ERROR SENT: M154 S1
2025-04-11T10:54:40.980864+0800 ERROR write command M154 S1
2025-04-11T10:54:40.981865+0800 ERROR second command M154 S1
2025-04-11T10:54:40.981865+0800 ERROR finish command M154 S1
