2025-04-07T10:59:56.930370+0800 INFO 设备已成功连接
2025-04-07T10:59:56.931371+0800 ERROR SENT: M105
2025-04-07T10:59:56.931371+0800 ERROR write command M105
2025-04-07T10:59:56.932375+0800 ERROR second command M105
2025-04-07T10:59:56.932375+0800 ERROR finish command M105
2025-04-07T10:59:56.932375+0800 ERROR SENT: G250 S21
2025-04-07T10:59:56.933371+0800 ERROR write command G250 S21
2025-04-07T10:59:56.933371+0800 ERROR second command G250 S21
2025-04-07T10:59:56.933371+0800 ERROR finish command G250 S21
2025-04-07T10:59:56.933371+0800 ERROR SENT: G250 S800
2025-04-07T10:59:56.934372+0800 ERROR write command G250 S800
2025-04-07T10:59:56.934372+0800 ERROR second command G250 S800
2025-04-07T10:59:56.934372+0800 ERROR finish command G250 S800
2025-04-07T10:59:56.934372+0800 ERROR SENT: M154 S1
2025-04-07T10:59:56.935373+0800 ERROR write command M154 S1
2025-04-07T10:59:56.935373+0800 ERROR second command M154 S1
2025-04-07T10:59:56.935373+0800 ERROR finish command M154 S1
2025-04-07T11:00:00.841678+0800 ERROR SENT: M105
2025-04-07T11:00:00.841678+0800 ERROR write command M105
2025-04-07T11:00:00.841678+0800 ERROR second command M105
2025-04-07T11:00:00.841678+0800 ERROR finish command M105
2025-04-07T11:00:00.841678+0800 ERROR SENT: G250 S21
2025-04-07T11:00:00.842606+0800 ERROR write command G250 S21
2025-04-07T11:00:00.842606+0800 ERROR second command G250 S21
2025-04-07T11:00:00.842606+0800 ERROR finish command G250 S21
2025-04-07T11:00:00.842606+0800 ERROR SENT: G250 S800
2025-04-07T11:00:00.842606+0800 ERROR write command G250 S800
2025-04-07T11:00:00.842606+0800 ERROR second command G250 S800
2025-04-07T11:00:00.842606+0800 ERROR finish command G250 S800
2025-04-07T11:00:00.843607+0800 ERROR SENT: M154 S1
2025-04-07T11:00:00.843607+0800 ERROR write command M154 S1
2025-04-07T11:00:00.843607+0800 ERROR second command M154 S1
2025-04-07T11:00:00.843607+0800 ERROR finish command M154 S1
2025-04-07T11:00:04.843374+0800 ERROR SENT: M105
2025-04-07T11:00:04.843374+0800 ERROR write command M105
2025-04-07T11:00:04.843374+0800 ERROR second command M105
2025-04-07T11:00:04.843374+0800 ERROR finish command M105
2025-04-07T11:00:04.843374+0800 ERROR SENT: G250 S21
2025-04-07T11:00:04.844388+0800 ERROR write command G250 S21
2025-04-07T11:00:04.844388+0800 ERROR second command G250 S21
2025-04-07T11:00:04.844388+0800 ERROR finish command G250 S21
2025-04-07T11:00:04.844388+0800 ERROR SENT: G250 S800
2025-04-07T11:00:04.844388+0800 ERROR write command G250 S800
2025-04-07T11:00:04.844388+0800 ERROR second command G250 S800
2025-04-07T11:00:04.844388+0800 ERROR finish command G250 S800
2025-04-07T11:00:04.845388+0800 ERROR SENT: M154 S1
2025-04-07T11:00:04.845388+0800 ERROR write command M154 S1
2025-04-07T11:00:04.845964+0800 ERROR second command M154 S1
2025-04-07T11:00:04.845964+0800 ERROR finish command M154 S1
2025-04-07T11:00:08.776766+0800 ERROR SENT: M105
2025-04-07T11:00:08.776766+0800 ERROR write command M105
2025-04-07T11:00:08.777774+0800 ERROR second command M105
2025-04-07T11:00:08.777774+0800 ERROR finish command M105
2025-04-07T11:00:08.777774+0800 ERROR SENT: G250 S21
2025-04-07T11:00:08.777774+0800 ERROR write command G250 S21
2025-04-07T11:00:08.777774+0800 ERROR second command G250 S21
2025-04-07T11:00:08.778772+0800 ERROR finish command G250 S21
2025-04-07T11:00:08.778772+0800 ERROR SENT: G250 S800
2025-04-07T11:00:08.778772+0800 ERROR write command G250 S800
2025-04-07T11:00:08.778772+0800 ERROR second command G250 S800
2025-04-07T11:00:08.778772+0800 ERROR finish command G250 S800
2025-04-07T11:00:08.778772+0800 ERROR SENT: M154 S1
2025-04-07T11:00:08.778772+0800 ERROR write command M154 S1
2025-04-07T11:00:08.779773+0800 ERROR second command M154 S1
2025-04-07T11:00:08.779773+0800 ERROR finish command M154 S1
2025-04-07T11:00:12.679292+0800 ERROR SENT: M105
2025-04-07T11:00:12.679292+0800 ERROR write command M105
2025-04-07T11:00:12.679292+0800 ERROR second command M105
2025-04-07T11:00:12.680223+0800 ERROR finish command M105
2025-04-07T11:00:12.680223+0800 ERROR SENT: G250 S21
2025-04-07T11:00:12.680223+0800 ERROR write command G250 S21
2025-04-07T11:00:12.680223+0800 ERROR second command G250 S21
2025-04-07T11:00:12.680223+0800 ERROR finish command G250 S21
2025-04-07T11:00:12.680223+0800 ERROR SENT: G250 S800
2025-04-07T11:00:12.680223+0800 ERROR write command G250 S800
2025-04-07T11:00:12.681221+0800 ERROR second command G250 S800
2025-04-07T11:00:12.681221+0800 ERROR finish command G250 S800
2025-04-07T11:00:12.681221+0800 ERROR SENT: M154 S1
2025-04-07T11:00:12.681221+0800 ERROR write command M154 S1
2025-04-07T11:00:12.681221+0800 ERROR second command M154 S1
2025-04-07T11:00:12.682222+0800 ERROR finish command M154 S1
2025-04-07T11:00:16.594305+0800 ERROR SENT: M105
2025-04-07T11:00:16.594305+0800 ERROR write command M105
2025-04-07T11:00:16.594305+0800 ERROR second command M105
2025-04-07T11:00:16.594305+0800 ERROR finish command M105
2025-04-07T11:00:16.595279+0800 ERROR SENT: G250 S21
2025-04-07T11:00:16.595279+0800 ERROR write command G250 S21
2025-04-07T11:00:16.595279+0800 ERROR second command G250 S21
2025-04-07T11:00:16.595279+0800 ERROR finish command G250 S21
2025-04-07T11:00:16.595279+0800 ERROR SENT: G250 S800
2025-04-07T11:00:16.595279+0800 ERROR write command G250 S800
2025-04-07T11:00:16.595279+0800 ERROR second command G250 S800
2025-04-07T11:00:16.595279+0800 ERROR finish command G250 S800
2025-04-07T11:00:16.595279+0800 ERROR SENT: M154 S1
2025-04-07T11:00:16.596241+0800 ERROR write command M154 S1
2025-04-07T11:00:16.596241+0800 ERROR second command M154 S1
2025-04-07T11:00:16.596241+0800 ERROR finish command M154 S1
2025-04-07T11:00:20.521954+0800 ERROR SENT: M105
2025-04-07T11:00:20.521954+0800 ERROR write command M105
2025-04-07T11:00:20.522953+0800 ERROR second command M105
2025-04-07T11:00:20.522953+0800 ERROR finish command M105
2025-04-07T11:00:20.522953+0800 ERROR SENT: G250 S21
2025-04-07T11:00:20.522953+0800 ERROR write command G250 S21
2025-04-07T11:00:20.522953+0800 ERROR second command G250 S21
2025-04-07T11:00:20.522953+0800 ERROR finish command G250 S21
2025-04-07T11:00:20.523951+0800 ERROR SENT: G250 S800
2025-04-07T11:00:20.523951+0800 ERROR write command G250 S800
2025-04-07T11:00:20.523951+0800 ERROR second command G250 S800
2025-04-07T11:00:20.523951+0800 ERROR finish command G250 S800
2025-04-07T11:00:20.523951+0800 ERROR SENT: M154 S1
2025-04-07T11:00:20.523951+0800 ERROR write command M154 S1
2025-04-07T11:00:20.523951+0800 ERROR second command M154 S1
2025-04-07T11:00:20.525048+0800 ERROR finish command M154 S1
2025-04-07T11:00:24.392204+0800 ERROR SENT: M105
2025-04-07T11:00:24.393134+0800 ERROR write command M105
2025-04-07T11:00:24.393134+0800 ERROR second command M105
2025-04-07T11:00:24.393134+0800 ERROR finish command M105
2025-04-07T11:00:24.393134+0800 ERROR SENT: G250 S21
2025-04-07T11:00:24.393134+0800 ERROR write command G250 S21
2025-04-07T11:00:24.394131+0800 ERROR second command G250 S21
2025-04-07T11:00:24.394131+0800 ERROR finish command G250 S21
2025-04-07T11:00:24.394131+0800 ERROR SENT: G250 S800
2025-04-07T11:00:24.394131+0800 ERROR write command G250 S800
2025-04-07T11:00:24.394131+0800 ERROR second command G250 S800
2025-04-07T11:00:24.394131+0800 ERROR finish command G250 S800
2025-04-07T11:00:24.394131+0800 ERROR SENT: M154 S1
2025-04-07T11:00:24.394131+0800 ERROR write command M154 S1
2025-04-07T11:00:24.395219+0800 ERROR second command M154 S1
2025-04-07T11:00:24.395219+0800 ERROR finish command M154 S1
2025-04-07T11:00:28.262430+0800 ERROR SENT: M105
2025-04-07T11:00:28.262430+0800 ERROR write command M105
2025-04-07T11:00:28.263346+0800 ERROR second command M105
2025-04-07T11:00:28.263346+0800 ERROR finish command M105
2025-04-07T11:00:28.263346+0800 ERROR SENT: G250 S21
2025-04-07T11:00:28.263346+0800 ERROR write command G250 S21
2025-04-07T11:00:28.263346+0800 ERROR second command G250 S21
2025-04-07T11:00:28.263346+0800 ERROR finish command G250 S21
2025-04-07T11:00:28.263346+0800 ERROR SENT: G250 S800
2025-04-07T11:00:28.264355+0800 ERROR write command G250 S800
2025-04-07T11:00:28.264355+0800 ERROR second command G250 S800
2025-04-07T11:00:28.264355+0800 ERROR finish command G250 S800
2025-04-07T11:00:28.264355+0800 ERROR SENT: M154 S1
2025-04-07T11:00:28.264355+0800 ERROR write command M154 S1
2025-04-07T11:00:28.264355+0800 ERROR second command M154 S1
2025-04-07T11:00:28.265345+0800 ERROR finish command M154 S1
2025-04-07T11:00:32.174609+0800 ERROR SENT: M105
2025-04-07T11:00:32.174609+0800 ERROR write command M105
2025-04-07T11:00:32.175607+0800 ERROR second command M105
2025-04-07T11:00:32.175607+0800 ERROR finish command M105
2025-04-07T11:00:32.175607+0800 ERROR SENT: G250 S21
2025-04-07T11:00:32.175607+0800 ERROR write command G250 S21
2025-04-07T11:00:32.176607+0800 ERROR second command G250 S21
2025-04-07T11:00:32.176607+0800 ERROR finish command G250 S21
2025-04-07T11:00:32.176607+0800 ERROR SENT: G250 S800
2025-04-07T11:00:32.176607+0800 ERROR write command G250 S800
2025-04-07T11:00:32.176607+0800 ERROR second command G250 S800
2025-04-07T11:00:32.176607+0800 ERROR finish command G250 S800
2025-04-07T11:00:32.176607+0800 ERROR SENT: M154 S1
2025-04-07T11:00:32.176607+0800 ERROR write command M154 S1
2025-04-07T11:00:32.177609+0800 ERROR second command M154 S1
2025-04-07T11:00:32.177609+0800 ERROR finish command M154 S1
2025-04-07T11:00:36.079306+0800 ERROR SENT: M105
2025-04-07T11:00:36.080263+0800 ERROR write command M105
2025-04-07T11:00:36.080263+0800 ERROR second command M105
2025-04-07T11:00:36.080263+0800 ERROR finish command M105
2025-04-07T11:00:36.080263+0800 ERROR SENT: G250 S21
2025-04-07T11:00:36.081263+0800 ERROR write command G250 S21
2025-04-07T11:00:36.081263+0800 ERROR second command G250 S21
2025-04-07T11:00:36.081263+0800 ERROR finish command G250 S21
2025-04-07T11:00:36.081263+0800 ERROR SENT: G250 S800
2025-04-07T11:00:36.081263+0800 ERROR write command G250 S800
2025-04-07T11:00:36.081263+0800 ERROR second command G250 S800
2025-04-07T11:00:36.081263+0800 ERROR finish command G250 S800
2025-04-07T11:00:36.081263+0800 ERROR SENT: M154 S1
2025-04-07T11:00:36.081263+0800 ERROR write command M154 S1
2025-04-07T11:00:36.082263+0800 ERROR second command M154 S1
2025-04-07T11:00:36.082263+0800 ERROR finish command M154 S1
2025-04-07T11:00:39.961464+0800 ERROR SENT: M105
2025-04-07T11:00:39.961464+0800 ERROR write command M105
2025-04-07T11:00:39.961464+0800 ERROR second command M105
2025-04-07T11:00:39.961464+0800 ERROR finish command M105
2025-04-07T11:00:39.961464+0800 ERROR SENT: G250 S21
2025-04-07T11:00:39.962784+0800 ERROR write command G250 S21
2025-04-07T11:00:39.962784+0800 ERROR second command G250 S21
2025-04-07T11:00:39.962784+0800 ERROR finish command G250 S21
2025-04-07T11:00:39.962784+0800 ERROR SENT: G250 S800
2025-04-07T11:00:39.962784+0800 ERROR write command G250 S800
2025-04-07T11:00:39.962784+0800 ERROR second command G250 S800
2025-04-07T11:00:39.962784+0800 ERROR finish command G250 S800
2025-04-07T11:00:39.962784+0800 ERROR SENT: M154 S1
2025-04-07T11:00:39.963854+0800 ERROR write command M154 S1
2025-04-07T11:00:39.963854+0800 ERROR second command M154 S1
2025-04-07T11:00:39.963854+0800 ERROR finish command M154 S1
2025-04-07T11:00:43.873298+0800 ERROR SENT: M105
2025-04-07T11:00:43.873298+0800 ERROR write command M105
2025-04-07T11:00:43.873298+0800 ERROR second command M105
2025-04-07T11:00:43.873298+0800 ERROR finish command M105
2025-04-07T11:00:43.873298+0800 ERROR SENT: G250 S21
2025-04-07T11:00:43.874308+0800 ERROR write command G250 S21
2025-04-07T11:00:43.874308+0800 ERROR second command G250 S21
2025-04-07T11:00:43.874308+0800 ERROR finish command G250 S21
2025-04-07T11:00:43.874308+0800 ERROR SENT: G250 S800
2025-04-07T11:00:43.874308+0800 ERROR write command G250 S800
2025-04-07T11:00:43.874308+0800 ERROR second command G250 S800
2025-04-07T11:00:43.874308+0800 ERROR finish command G250 S800
2025-04-07T11:00:43.875028+0800 ERROR SENT: M154 S1
2025-04-07T11:00:43.875385+0800 ERROR write command M154 S1
2025-04-07T11:00:43.875385+0800 ERROR second command M154 S1
2025-04-07T11:00:43.875385+0800 ERROR finish command M154 S1
