2025-04-06T22:06:35.579788+0800 INFO 设备已成功连接
2025-04-06T22:06:35.580410+0800 ERROR SENT: M105
2025-04-06T22:06:35.580410+0800 ERROR write command M105
2025-04-06T22:06:35.580410+0800 ERROR second command M105
2025-04-06T22:06:35.580410+0800 ERROR finish command M105
2025-04-06T22:06:35.580410+0800 ERROR SENT: G250 S21
2025-04-06T22:06:35.580410+0800 ERROR write command G250 S21
2025-04-06T22:06:35.580410+0800 ERROR second command G250 S21
2025-04-06T22:06:35.581413+0800 ERROR finish command G250 S21
2025-04-06T22:06:35.581413+0800 ERROR SENT: G250 S800
2025-04-06T22:06:35.581413+0800 ERROR write command G250 S800
2025-04-06T22:06:35.581413+0800 ERROR second command G250 S800
2025-04-06T22:06:35.581413+0800 ERROR finish command G250 S800
2025-04-06T22:06:35.581413+0800 ERROR SENT: M154 S1
2025-04-06T22:06:35.582413+0800 ERROR write command M154 S1
2025-04-06T22:06:35.582413+0800 ERROR second command M154 S1
2025-04-06T22:06:35.582413+0800 ERROR finish command M154 S1
2025-04-06T22:06:35.582413+0800 ERROR SENT: 2025-04-06 22:06:35
2025-04-06T22:06:35.583413+0800 ERROR write command 2025-04-06 22:06:35
2025-04-06T22:06:35.583413+0800 ERROR second command 2025-04-06 22:06:35
2025-04-06T22:06:35.583413+0800 ERROR finish command 2025-04-06 22:06:35
2025-04-06T22:06:39.499146+0800 ERROR SENT: M105
2025-04-06T22:06:39.499146+0800 ERROR write command M105
2025-04-06T22:06:39.499146+0800 ERROR second command M105
2025-04-06T22:06:39.499146+0800 ERROR finish command M105
2025-04-06T22:06:39.499146+0800 ERROR SENT: G250 S21
2025-04-06T22:06:39.499146+0800 ERROR write command G250 S21
2025-04-06T22:06:39.500155+0800 ERROR second command G250 S21
2025-04-06T22:06:39.500155+0800 ERROR finish command G250 S21
2025-04-06T22:06:39.500155+0800 ERROR SENT: G250 S800
2025-04-06T22:06:39.500155+0800 ERROR write command G250 S800
2025-04-06T22:06:39.500155+0800 ERROR second command G250 S800
2025-04-06T22:06:39.501154+0800 ERROR finish command G250 S800
2025-04-06T22:06:39.501154+0800 ERROR SENT: M154 S1
2025-04-06T22:06:39.501154+0800 ERROR write command M154 S1
2025-04-06T22:06:39.501154+0800 ERROR second command M154 S1
2025-04-06T22:06:39.501154+0800 ERROR finish command M154 S1
2025-04-06T22:06:39.501154+0800 ERROR SENT: 2025-04-06 22:06:39
2025-04-06T22:06:39.502241+0800 ERROR write command 2025-04-06 22:06:39
2025-04-06T22:06:39.502241+0800 ERROR second command 2025-04-06 22:06:39
2025-04-06T22:06:39.502241+0800 ERROR finish command 2025-04-06 22:06:39
2025-04-06T22:06:43.417807+0800 ERROR SENT: M105
2025-04-06T22:06:43.418806+0800 ERROR write command M105
2025-04-06T22:06:43.418806+0800 ERROR second command M105
2025-04-06T22:06:43.418806+0800 ERROR finish command M105
2025-04-06T22:06:43.418806+0800 ERROR SENT: G250 S21
2025-04-06T22:06:43.418806+0800 ERROR write command G250 S21
2025-04-06T22:06:43.418806+0800 ERROR second command G250 S21
2025-04-06T22:06:43.418806+0800 ERROR finish command G250 S21
2025-04-06T22:06:43.419807+0800 ERROR SENT: G250 S800
2025-04-06T22:06:43.419807+0800 ERROR write command G250 S800
2025-04-06T22:06:43.419807+0800 ERROR second command G250 S800
2025-04-06T22:06:43.419807+0800 ERROR finish command G250 S800
2025-04-06T22:06:43.419807+0800 ERROR SENT: M154 S1
2025-04-06T22:06:43.419807+0800 ERROR write command M154 S1
2025-04-06T22:06:43.419807+0800 ERROR second command M154 S1
2025-04-06T22:06:43.420807+0800 ERROR finish command M154 S1
2025-04-06T22:06:43.420807+0800 ERROR SENT: 2025-04-06 22:06:43
2025-04-06T22:06:43.420807+0800 ERROR write command 2025-04-06 22:06:43
2025-04-06T22:06:43.420807+0800 ERROR second command 2025-04-06 22:06:43
2025-04-06T22:06:43.420807+0800 ERROR finish command 2025-04-06 22:06:43
2025-04-06T22:06:47.348455+0800 ERROR SENT: M105
2025-04-06T22:06:47.348455+0800 ERROR write command M105
2025-04-06T22:06:47.348455+0800 ERROR second command M105
2025-04-06T22:06:47.349466+0800 ERROR finish command M105
2025-04-06T22:06:47.349466+0800 ERROR SENT: G250 S21
2025-04-06T22:06:47.349466+0800 ERROR write command G250 S21
2025-04-06T22:06:47.349466+0800 ERROR second command G250 S21
2025-04-06T22:06:47.350469+0800 ERROR finish command G250 S21
2025-04-06T22:06:47.350469+0800 ERROR SENT: G250 S800
2025-04-06T22:06:47.350469+0800 ERROR write command G250 S800
2025-04-06T22:06:47.350469+0800 ERROR second command G250 S800
2025-04-06T22:06:47.350469+0800 ERROR finish command G250 S800
2025-04-06T22:06:47.350469+0800 ERROR SENT: M154 S1
2025-04-06T22:06:47.350469+0800 ERROR write command M154 S1
2025-04-06T22:06:47.351465+0800 ERROR second command M154 S1
2025-04-06T22:06:47.351465+0800 ERROR finish command M154 S1
2025-04-06T22:06:47.351465+0800 ERROR SENT: 2025-04-06 22:06:47
2025-04-06T22:06:47.352466+0800 ERROR write command 2025-04-06 22:06:47
2025-04-06T22:06:47.352466+0800 ERROR second command 2025-04-06 22:06:47
2025-04-06T22:06:47.352466+0800 ERROR finish command 2025-04-06 22:06:47
2025-04-06T22:06:51.276295+0800 ERROR SENT: M105
2025-04-06T22:06:51.276295+0800 ERROR write command M105
2025-04-06T22:06:51.276295+0800 ERROR second command M105
2025-04-06T22:06:51.276295+0800 ERROR finish command M105
2025-04-06T22:06:51.277295+0800 ERROR SENT: G250 S21
2025-04-06T22:06:51.277295+0800 ERROR write command G250 S21
2025-04-06T22:06:51.277295+0800 ERROR second command G250 S21
2025-04-06T22:06:51.277295+0800 ERROR finish command G250 S21
2025-04-06T22:06:51.277295+0800 ERROR SENT: G250 S800
2025-04-06T22:06:51.277295+0800 ERROR write command G250 S800
2025-04-06T22:06:51.277295+0800 ERROR second command G250 S800
2025-04-06T22:06:51.278294+0800 ERROR finish command G250 S800
2025-04-06T22:06:51.278294+0800 ERROR SENT: M154 S1
2025-04-06T22:06:51.278294+0800 ERROR write command M154 S1
2025-04-06T22:06:51.278294+0800 ERROR second command M154 S1
2025-04-06T22:06:51.278294+0800 ERROR finish command M154 S1
2025-04-06T22:06:51.278294+0800 ERROR SENT: 2025-04-06 22:06:51
2025-04-06T22:06:51.279294+0800 ERROR write command 2025-04-06 22:06:51
2025-04-06T22:06:51.279294+0800 ERROR second command 2025-04-06 22:06:51
2025-04-06T22:06:51.279294+0800 ERROR finish command 2025-04-06 22:06:51
2025-04-06T22:06:55.183320+0800 ERROR SENT: M105
2025-04-06T22:06:55.183320+0800 ERROR write command M105
2025-04-06T22:06:55.183320+0800 ERROR second command M105
2025-04-06T22:06:55.183320+0800 ERROR finish command M105
2025-04-06T22:06:55.183320+0800 ERROR SENT: G250 S21
2025-04-06T22:06:55.183320+0800 ERROR write command G250 S21
2025-04-06T22:06:55.183320+0800 ERROR second command G250 S21
2025-04-06T22:06:55.184313+0800 ERROR finish command G250 S21
2025-04-06T22:06:55.184313+0800 ERROR SENT: G250 S800
2025-04-06T22:06:55.184313+0800 ERROR write command G250 S800
2025-04-06T22:06:55.184313+0800 ERROR second command G250 S800
2025-04-06T22:06:55.184313+0800 ERROR finish command G250 S800
2025-04-06T22:06:55.184313+0800 ERROR SENT: M154 S1
2025-04-06T22:06:55.184313+0800 ERROR write command M154 S1
2025-04-06T22:06:55.184313+0800 ERROR second command M154 S1
2025-04-06T22:06:55.184313+0800 ERROR finish command M154 S1
2025-04-06T22:06:55.185311+0800 ERROR SENT: 2025-04-06 22:06:55
2025-04-06T22:06:55.185311+0800 ERROR write command 2025-04-06 22:06:55
2025-04-06T22:06:55.185311+0800 ERROR second command 2025-04-06 22:06:55
2025-04-06T22:06:55.185311+0800 ERROR finish command 2025-04-06 22:06:55
2025-04-06T22:06:59.077837+0800 ERROR SENT: M105
2025-04-06T22:06:59.077837+0800 ERROR write command M105
2025-04-06T22:06:59.077837+0800 ERROR second command M105
2025-04-06T22:06:59.077837+0800 ERROR finish command M105
2025-04-06T22:06:59.077837+0800 ERROR SENT: G250 S21
2025-04-06T22:06:59.078860+0800 ERROR write command G250 S21
2025-04-06T22:06:59.078860+0800 ERROR second command G250 S21
2025-04-06T22:06:59.078860+0800 ERROR finish command G250 S21
2025-04-06T22:06:59.078860+0800 ERROR SENT: G250 S800
2025-04-06T22:06:59.078860+0800 ERROR write command G250 S800
2025-04-06T22:06:59.078860+0800 ERROR second command G250 S800
2025-04-06T22:06:59.078860+0800 ERROR finish command G250 S800
2025-04-06T22:06:59.078860+0800 ERROR SENT: M154 S1
2025-04-06T22:06:59.079859+0800 ERROR write command M154 S1
2025-04-06T22:06:59.079859+0800 ERROR second command M154 S1
2025-04-06T22:06:59.079859+0800 ERROR finish command M154 S1
2025-04-06T22:06:59.079859+0800 ERROR SENT: 2025-04-06 22:06:59
2025-04-06T22:06:59.080859+0800 ERROR write command 2025-04-06 22:06:59
2025-04-06T22:06:59.080859+0800 ERROR second command 2025-04-06 22:06:59
2025-04-06T22:06:59.080859+0800 ERROR finish command 2025-04-06 22:06:59
2025-04-06T22:07:03.002665+0800 ERROR SENT: M105
2025-04-06T22:07:03.002665+0800 ERROR write command M105
2025-04-06T22:07:03.002665+0800 ERROR second command M105
2025-04-06T22:07:03.002665+0800 ERROR finish command M105
2025-04-06T22:07:03.002665+0800 ERROR SENT: G250 S21
2025-04-06T22:07:03.003674+0800 ERROR write command G250 S21
2025-04-06T22:07:03.003674+0800 ERROR second command G250 S21
2025-04-06T22:07:03.003674+0800 ERROR finish command G250 S21
2025-04-06T22:07:03.003674+0800 ERROR SENT: G250 S800
2025-04-06T22:07:03.003674+0800 ERROR write command G250 S800
2025-04-06T22:07:03.003674+0800 ERROR second command G250 S800
2025-04-06T22:07:03.003674+0800 ERROR finish command G250 S800
2025-04-06T22:07:03.003674+0800 ERROR SENT: M154 S1
2025-04-06T22:07:03.004677+0800 ERROR write command M154 S1
2025-04-06T22:07:03.004677+0800 ERROR second command M154 S1
2025-04-06T22:07:03.004677+0800 ERROR finish command M154 S1
2025-04-06T22:07:03.004677+0800 ERROR SENT: 2025-04-06 22:07:03
2025-04-06T22:07:03.005689+0800 ERROR write command 2025-04-06 22:07:03
2025-04-06T22:07:03.005689+0800 ERROR second command 2025-04-06 22:07:03
2025-04-06T22:07:03.005689+0800 ERROR finish command 2025-04-06 22:07:03
2025-04-06T22:07:06.935553+0800 ERROR SENT: M105
2025-04-06T22:07:06.935553+0800 ERROR write command M105
2025-04-06T22:07:06.935553+0800 ERROR second command M105
2025-04-06T22:07:06.935553+0800 ERROR finish command M105
2025-04-06T22:07:06.935553+0800 ERROR SENT: G250 S21
2025-04-06T22:07:06.936564+0800 ERROR write command G250 S21
2025-04-06T22:07:06.936564+0800 ERROR second command G250 S21
2025-04-06T22:07:06.936564+0800 ERROR finish command G250 S21
2025-04-06T22:07:06.936564+0800 ERROR SENT: G250 S800
2025-04-06T22:07:06.936564+0800 ERROR write command G250 S800
2025-04-06T22:07:06.936564+0800 ERROR second command G250 S800
2025-04-06T22:07:06.936564+0800 ERROR finish command G250 S800
2025-04-06T22:07:06.936564+0800 ERROR SENT: M154 S1
2025-04-06T22:07:06.937563+0800 ERROR write command M154 S1
2025-04-06T22:07:06.937563+0800 ERROR second command M154 S1
2025-04-06T22:07:06.937563+0800 ERROR finish command M154 S1
2025-04-06T22:07:06.937563+0800 ERROR SENT: 2025-04-06 22:07:06
2025-04-06T22:07:06.938563+0800 ERROR write command 2025-04-06 22:07:06
2025-04-06T22:07:06.938563+0800 ERROR second command 2025-04-06 22:07:06
2025-04-06T22:07:06.938563+0800 ERROR finish command 2025-04-06 22:07:06
2025-04-06T22:07:10.879046+0800 ERROR SENT: M105
2025-04-06T22:07:10.879046+0800 ERROR write command M105
2025-04-06T22:07:10.879046+0800 ERROR second command M105
2025-04-06T22:07:10.879046+0800 ERROR finish command M105
2025-04-06T22:07:10.879978+0800 ERROR SENT: G250 S21
2025-04-06T22:07:10.879978+0800 ERROR write command G250 S21
2025-04-06T22:07:10.879978+0800 ERROR second command G250 S21
2025-04-06T22:07:10.879978+0800 ERROR finish command G250 S21
2025-04-06T22:07:10.881046+0800 ERROR SENT: G250 S800
2025-04-06T22:07:10.881046+0800 ERROR write command G250 S800
2025-04-06T22:07:10.881046+0800 ERROR second command G250 S800
2025-04-06T22:07:10.881046+0800 ERROR finish command G250 S800
2025-04-06T22:07:10.881046+0800 ERROR SENT: M154 S1
2025-04-06T22:07:10.881046+0800 ERROR write command M154 S1
2025-04-06T22:07:10.881046+0800 ERROR second command M154 S1
2025-04-06T22:07:10.881046+0800 ERROR finish command M154 S1
2025-04-06T22:07:10.881046+0800 ERROR SENT: 2025-04-06 22:07:10
2025-04-06T22:07:10.881046+0800 ERROR write command 2025-04-06 22:07:10
2025-04-06T22:07:10.882053+0800 ERROR second command 2025-04-06 22:07:10
2025-04-06T22:07:10.882053+0800 ERROR finish command 2025-04-06 22:07:10
2025-04-06T22:07:14.773417+0800 ERROR SENT: M105
2025-04-06T22:07:14.773417+0800 ERROR write command M105
2025-04-06T22:07:14.773417+0800 ERROR second command M105
2025-04-06T22:07:14.773417+0800 ERROR finish command M105
2025-04-06T22:07:14.773417+0800 ERROR SENT: G250 S21
2025-04-06T22:07:14.773417+0800 ERROR write command G250 S21
2025-04-06T22:07:14.773417+0800 ERROR second command G250 S21
2025-04-06T22:07:14.774431+0800 ERROR finish command G250 S21
2025-04-06T22:07:14.774431+0800 ERROR SENT: G250 S800
2025-04-06T22:07:14.774431+0800 ERROR write command G250 S800
2025-04-06T22:07:14.774431+0800 ERROR second command G250 S800
2025-04-06T22:07:14.774431+0800 ERROR finish command G250 S800
2025-04-06T22:07:14.774431+0800 ERROR SENT: M154 S1
2025-04-06T22:07:14.774431+0800 ERROR write command M154 S1
2025-04-06T22:07:14.774431+0800 ERROR second command M154 S1
2025-04-06T22:07:14.774431+0800 ERROR finish command M154 S1
2025-04-06T22:07:14.774431+0800 ERROR SENT: 2025-04-06 22:07:14
2025-04-06T22:07:14.775430+0800 ERROR write command 2025-04-06 22:07:14
2025-04-06T22:07:14.775430+0800 ERROR second command 2025-04-06 22:07:14
2025-04-06T22:07:14.775430+0800 ERROR finish command 2025-04-06 22:07:14
2025-04-06T22:07:18.742983+0800 ERROR SENT: M105
2025-04-06T22:07:18.743984+0800 ERROR write command M105
2025-04-06T22:07:18.743984+0800 ERROR second command M105
2025-04-06T22:07:18.743984+0800 ERROR finish command M105
2025-04-06T22:07:18.744984+0800 ERROR SENT: G250 S21
2025-04-06T22:07:18.744984+0800 ERROR write command G250 S21
2025-04-06T22:07:18.744984+0800 ERROR second command G250 S21
2025-04-06T22:07:18.745985+0800 ERROR finish command G250 S21
2025-04-06T22:07:18.745985+0800 ERROR SENT: G250 S800
2025-04-06T22:07:18.745985+0800 ERROR write command G250 S800
2025-04-06T22:07:18.745985+0800 ERROR second command G250 S800
2025-04-06T22:07:18.745985+0800 ERROR finish command G250 S800
2025-04-06T22:07:18.745985+0800 ERROR SENT: M154 S1
2025-04-06T22:07:18.764984+0800 ERROR write command M154 S1
2025-04-06T22:07:18.764984+0800 ERROR second command M154 S1
2025-04-06T22:07:18.764984+0800 ERROR finish command M154 S1
2025-04-06T22:07:18.764984+0800 ERROR SENT: 2025-04-06 22:07:18
2025-04-06T22:07:18.764984+0800 ERROR write command 2025-04-06 22:07:18
2025-04-06T22:07:18.765984+0800 ERROR second command 2025-04-06 22:07:18
2025-04-06T22:07:18.765984+0800 ERROR finish command 2025-04-06 22:07:18
2025-04-06T22:07:22.607475+0800 ERROR SENT: M105
2025-04-06T22:07:22.607475+0800 ERROR write command M105
2025-04-06T22:07:22.607475+0800 ERROR second command M105
2025-04-06T22:07:22.607475+0800 ERROR finish command M105
2025-04-06T22:07:22.608405+0800 ERROR SENT: G250 S21
2025-04-06T22:07:22.608405+0800 ERROR write command G250 S21
2025-04-06T22:07:22.608405+0800 ERROR second command G250 S21
2025-04-06T22:07:22.608405+0800 ERROR finish command G250 S21
2025-04-06T22:07:22.608405+0800 ERROR SENT: G250 S800
2025-04-06T22:07:22.608405+0800 ERROR write command G250 S800
2025-04-06T22:07:22.609405+0800 ERROR second command G250 S800
2025-04-06T22:07:22.609405+0800 ERROR finish command G250 S800
2025-04-06T22:07:22.609405+0800 ERROR SENT: M154 S1
2025-04-06T22:07:22.609405+0800 ERROR write command M154 S1
2025-04-06T22:07:22.609405+0800 ERROR second command M154 S1
2025-04-06T22:07:22.609405+0800 ERROR finish command M154 S1
2025-04-06T22:07:22.609405+0800 ERROR SENT: 2025-04-06 22:07:22
2025-04-06T22:07:22.610405+0800 ERROR write command 2025-04-06 22:07:22
2025-04-06T22:07:22.610405+0800 ERROR second command 2025-04-06 22:07:22
2025-04-06T22:07:22.610405+0800 ERROR finish command 2025-04-06 22:07:22
2025-04-06T22:07:26.518264+0800 ERROR SENT: M105
2025-04-06T22:07:26.518264+0800 ERROR write command M105
2025-04-06T22:07:26.518264+0800 ERROR second command M105
2025-04-06T22:07:26.518264+0800 ERROR finish command M105
2025-04-06T22:07:26.518264+0800 ERROR SENT: G250 S21
2025-04-06T22:07:26.518264+0800 ERROR write command G250 S21
2025-04-06T22:07:26.519250+0800 ERROR second command G250 S21
2025-04-06T22:07:26.519250+0800 ERROR finish command G250 S21
2025-04-06T22:07:26.519250+0800 ERROR SENT: G250 S800
2025-04-06T22:07:26.519250+0800 ERROR write command G250 S800
2025-04-06T22:07:26.519250+0800 ERROR second command G250 S800
2025-04-06T22:07:26.519250+0800 ERROR finish command G250 S800
2025-04-06T22:07:26.519250+0800 ERROR SENT: M154 S1
2025-04-06T22:07:26.519250+0800 ERROR write command M154 S1
2025-04-06T22:07:26.519250+0800 ERROR second command M154 S1
2025-04-06T22:07:26.519250+0800 ERROR finish command M154 S1
2025-04-06T22:07:26.519250+0800 ERROR SENT: 2025-04-06 22:07:26
2025-04-06T22:07:26.520250+0800 ERROR write command 2025-04-06 22:07:26
2025-04-06T22:07:26.520250+0800 ERROR second command 2025-04-06 22:07:26
2025-04-06T22:07:26.520250+0800 ERROR finish command 2025-04-06 22:07:26
2025-04-06T22:07:30.399243+0800 ERROR SENT: M105
2025-04-06T22:07:30.399243+0800 ERROR write command M105
2025-04-06T22:07:30.399243+0800 ERROR second command M105
2025-04-06T22:07:30.399243+0800 ERROR finish command M105
2025-04-06T22:07:30.399243+0800 ERROR SENT: G250 S21
2025-04-06T22:07:30.399243+0800 ERROR write command G250 S21
2025-04-06T22:07:30.400245+0800 ERROR second command G250 S21
2025-04-06T22:07:30.400245+0800 ERROR finish command G250 S21
2025-04-06T22:07:30.400245+0800 ERROR SENT: G250 S800
2025-04-06T22:07:30.400245+0800 ERROR write command G250 S800
2025-04-06T22:07:30.400245+0800 ERROR second command G250 S800
2025-04-06T22:07:30.400245+0800 ERROR finish command G250 S800
2025-04-06T22:07:30.400245+0800 ERROR SENT: M154 S1
2025-04-06T22:07:30.401243+0800 ERROR write command M154 S1
2025-04-06T22:07:30.401243+0800 ERROR second command M154 S1
2025-04-06T22:07:30.401243+0800 ERROR finish command M154 S1
2025-04-06T22:07:30.401243+0800 ERROR SENT: 2025-04-06 22:07:30
2025-04-06T22:07:30.401243+0800 ERROR write command 2025-04-06 22:07:30
2025-04-06T22:07:30.402325+0800 ERROR second command 2025-04-06 22:07:30
2025-04-06T22:07:30.402325+0800 ERROR finish command 2025-04-06 22:07:30
2025-04-06T22:07:34.243104+0800 ERROR SENT: M105
2025-04-06T22:07:34.243104+0800 ERROR write command M105
2025-04-06T22:07:34.244105+0800 ERROR second command M105
2025-04-06T22:07:34.244105+0800 ERROR finish command M105
2025-04-06T22:07:34.244105+0800 ERROR SENT: G250 S21
2025-04-06T22:07:34.244105+0800 ERROR write command G250 S21
2025-04-06T22:07:34.244105+0800 ERROR second command G250 S21
2025-04-06T22:07:34.244105+0800 ERROR finish command G250 S21
2025-04-06T22:07:34.244105+0800 ERROR SENT: G250 S800
2025-04-06T22:07:34.244105+0800 ERROR write command G250 S800
2025-04-06T22:07:34.244105+0800 ERROR second command G250 S800
2025-04-06T22:07:34.244105+0800 ERROR finish command G250 S800
2025-04-06T22:07:34.245111+0800 ERROR SENT: M154 S1
2025-04-06T22:07:34.245111+0800 ERROR write command M154 S1
2025-04-06T22:07:34.245111+0800 ERROR second command M154 S1
2025-04-06T22:07:34.245111+0800 ERROR finish command M154 S1
2025-04-06T22:07:34.245111+0800 ERROR SENT: 2025-04-06 22:07:34
2025-04-06T22:07:34.246109+0800 ERROR write command 2025-04-06 22:07:34
2025-04-06T22:07:34.246109+0800 ERROR second command 2025-04-06 22:07:34
2025-04-06T22:07:34.246109+0800 ERROR finish command 2025-04-06 22:07:34
2025-04-06T22:07:38.122512+0800 ERROR SENT: M105
2025-04-06T22:07:38.122512+0800 ERROR write command M105
2025-04-06T22:07:38.122512+0800 ERROR second command M105
2025-04-06T22:07:38.122512+0800 ERROR finish command M105
2025-04-06T22:07:38.123430+0800 ERROR SENT: G250 S21
2025-04-06T22:07:38.123430+0800 ERROR write command G250 S21
2025-04-06T22:07:38.123430+0800 ERROR second command G250 S21
2025-04-06T22:07:38.123430+0800 ERROR finish command G250 S21
2025-04-06T22:07:38.123430+0800 ERROR SENT: G250 S800
2025-04-06T22:07:38.123430+0800 ERROR write command G250 S800
2025-04-06T22:07:38.123430+0800 ERROR second command G250 S800
2025-04-06T22:07:38.123430+0800 ERROR finish command G250 S800
2025-04-06T22:07:38.123430+0800 ERROR SENT: M154 S1
2025-04-06T22:07:38.124431+0800 ERROR write command M154 S1
2025-04-06T22:07:38.124431+0800 ERROR second command M154 S1
2025-04-06T22:07:38.124431+0800 ERROR finish command M154 S1
2025-04-06T22:07:38.124431+0800 ERROR SENT: 2025-04-06 22:07:38
2025-04-06T22:07:38.125435+0800 ERROR write command 2025-04-06 22:07:38
2025-04-06T22:07:38.125435+0800 ERROR second command 2025-04-06 22:07:38
2025-04-06T22:07:38.125435+0800 ERROR finish command 2025-04-06 22:07:38
2025-04-06T22:07:42.060189+0800 ERROR SENT: M105
2025-04-06T22:07:42.060189+0800 ERROR write command M105
2025-04-06T22:07:42.060189+0800 ERROR second command M105
2025-04-06T22:07:42.060189+0800 ERROR finish command M105
2025-04-06T22:07:42.061189+0800 ERROR SENT: G250 S21
2025-04-06T22:07:42.061189+0800 ERROR write command G250 S21
2025-04-06T22:07:42.061189+0800 ERROR second command G250 S21
2025-04-06T22:07:42.061189+0800 ERROR finish command G250 S21
2025-04-06T22:07:42.061189+0800 ERROR SENT: G250 S800
2025-04-06T22:07:42.061189+0800 ERROR write command G250 S800
2025-04-06T22:07:42.061189+0800 ERROR second command G250 S800
2025-04-06T22:07:42.061189+0800 ERROR finish command G250 S800
2025-04-06T22:07:42.061189+0800 ERROR SENT: M154 S1
2025-04-06T22:07:42.062189+0800 ERROR write command M154 S1
2025-04-06T22:07:42.062189+0800 ERROR second command M154 S1
2025-04-06T22:07:42.062189+0800 ERROR finish command M154 S1
2025-04-06T22:07:42.062189+0800 ERROR SENT: 2025-04-06 22:07:42
2025-04-06T22:07:42.063217+0800 ERROR write command 2025-04-06 22:07:42
2025-04-06T22:07:42.063217+0800 ERROR second command 2025-04-06 22:07:42
2025-04-06T22:07:42.063217+0800 ERROR finish command 2025-04-06 22:07:42
2025-04-06T22:07:45.983778+0800 ERROR SENT: M105
2025-04-06T22:07:45.983778+0800 ERROR write command M105
2025-04-06T22:07:45.983778+0800 ERROR second command M105
2025-04-06T22:07:45.983778+0800 ERROR finish command M105
2025-04-06T22:07:45.984782+0800 ERROR SENT: G250 S21
2025-04-06T22:07:45.984782+0800 ERROR write command G250 S21
2025-04-06T22:07:45.984782+0800 ERROR second command G250 S21
2025-04-06T22:07:45.984782+0800 ERROR finish command G250 S21
2025-04-06T22:07:45.984782+0800 ERROR SENT: G250 S800
2025-04-06T22:07:45.984782+0800 ERROR write command G250 S800
2025-04-06T22:07:45.984782+0800 ERROR second command G250 S800
2025-04-06T22:07:45.984782+0800 ERROR finish command G250 S800
2025-04-06T22:07:45.985766+0800 ERROR SENT: M154 S1
2025-04-06T22:07:45.985766+0800 ERROR write command M154 S1
2025-04-06T22:07:45.986768+0800 ERROR second command M154 S1
2025-04-06T22:07:45.986768+0800 ERROR finish command M154 S1
2025-04-06T22:07:45.986768+0800 ERROR SENT: 2025-04-06 22:07:45
2025-04-06T22:07:45.986768+0800 ERROR write command 2025-04-06 22:07:45
2025-04-06T22:07:45.988033+0800 ERROR second command 2025-04-06 22:07:45
2025-04-06T22:07:45.988033+0800 ERROR finish command 2025-04-06 22:07:45
2025-04-06T22:07:49.896303+0800 ERROR SENT: M105
2025-04-06T22:07:49.896303+0800 ERROR write command M105
2025-04-06T22:07:49.896303+0800 ERROR second command M105
2025-04-06T22:07:49.896303+0800 ERROR finish command M105
2025-04-06T22:07:49.896303+0800 ERROR SENT: G250 S21
2025-04-06T22:07:49.897318+0800 ERROR write command G250 S21
2025-04-06T22:07:49.897318+0800 ERROR second command G250 S21
2025-04-06T22:07:49.897318+0800 ERROR finish command G250 S21
2025-04-06T22:07:49.897318+0800 ERROR SENT: G250 S800
2025-04-06T22:07:49.897318+0800 ERROR write command G250 S800
2025-04-06T22:07:49.897318+0800 ERROR second command G250 S800
2025-04-06T22:07:49.897318+0800 ERROR finish command G250 S800
2025-04-06T22:07:49.897318+0800 ERROR SENT: M154 S1
2025-04-06T22:07:49.897318+0800 ERROR write command M154 S1
2025-04-06T22:07:49.898320+0800 ERROR second command M154 S1
2025-04-06T22:07:49.898320+0800 ERROR finish command M154 S1
2025-04-06T22:07:49.898320+0800 ERROR SENT: 2025-04-06 22:07:49
2025-04-06T22:07:49.898320+0800 ERROR write command 2025-04-06 22:07:49
2025-04-06T22:07:49.898320+0800 ERROR second command 2025-04-06 22:07:49
2025-04-06T22:07:49.898320+0800 ERROR finish command 2025-04-06 22:07:49
2025-04-06T22:07:53.806381+0800 ERROR SENT: M105
2025-04-06T22:07:53.806381+0800 ERROR write command M105
2025-04-06T22:07:53.806381+0800 ERROR second command M105
2025-04-06T22:07:53.806381+0800 ERROR finish command M105
2025-04-06T22:07:53.806381+0800 ERROR SENT: G250 S21
2025-04-06T22:07:53.807382+0800 ERROR write command G250 S21
2025-04-06T22:07:53.807382+0800 ERROR second command G250 S21
2025-04-06T22:07:53.807382+0800 ERROR finish command G250 S21
2025-04-06T22:07:53.807382+0800 ERROR SENT: G250 S800
2025-04-06T22:07:53.807382+0800 ERROR write command G250 S800
2025-04-06T22:07:53.807382+0800 ERROR second command G250 S800
2025-04-06T22:07:53.807382+0800 ERROR finish command G250 S800
2025-04-06T22:07:53.807382+0800 ERROR SENT: M154 S1
2025-04-06T22:07:53.807382+0800 ERROR write command M154 S1
2025-04-06T22:07:53.807382+0800 ERROR second command M154 S1
2025-04-06T22:07:53.808382+0800 ERROR finish command M154 S1
2025-04-06T22:07:53.808382+0800 ERROR SENT: 2025-04-06 22:07:53
2025-04-06T22:07:53.808382+0800 ERROR write command 2025-04-06 22:07:53
2025-04-06T22:07:53.808382+0800 ERROR second command 2025-04-06 22:07:53
2025-04-06T22:07:53.808382+0800 ERROR finish command 2025-04-06 22:07:53
2025-04-06T22:07:57.641231+0800 ERROR SENT: M105
2025-04-06T22:07:57.641231+0800 ERROR write command M105
2025-04-06T22:07:57.641231+0800 ERROR second command M105
2025-04-06T22:07:57.641231+0800 ERROR finish command M105
2025-04-06T22:07:57.641231+0800 ERROR SENT: G250 S21
2025-04-06T22:07:57.641231+0800 ERROR write command G250 S21
2025-04-06T22:07:57.642287+0800 ERROR second command G250 S21
2025-04-06T22:07:57.642287+0800 ERROR finish command G250 S21
2025-04-06T22:07:57.642287+0800 ERROR SENT: G250 S800
2025-04-06T22:07:57.642287+0800 ERROR write command G250 S800
2025-04-06T22:07:57.642287+0800 ERROR second command G250 S800
2025-04-06T22:07:57.642287+0800 ERROR finish command G250 S800
2025-04-06T22:07:57.642287+0800 ERROR SENT: M154 S1
2025-04-06T22:07:57.643301+0800 ERROR write command M154 S1
2025-04-06T22:07:57.643301+0800 ERROR second command M154 S1
2025-04-06T22:07:57.643301+0800 ERROR finish command M154 S1
2025-04-06T22:07:57.643301+0800 ERROR SENT: 2025-04-06 22:07:57
2025-04-06T22:07:57.643301+0800 ERROR write command 2025-04-06 22:07:57
2025-04-06T22:07:57.644313+0800 ERROR second command 2025-04-06 22:07:57
2025-04-06T22:07:57.644313+0800 ERROR finish command 2025-04-06 22:07:57
2025-04-06T22:08:01.535857+0800 ERROR SENT: M105
2025-04-06T22:08:01.535857+0800 ERROR write command M105
2025-04-06T22:08:01.535857+0800 ERROR second command M105
2025-04-06T22:08:01.535857+0800 ERROR finish command M105
2025-04-06T22:08:01.536800+0800 ERROR SENT: G250 S21
2025-04-06T22:08:01.536800+0800 ERROR write command G250 S21
2025-04-06T22:08:01.536800+0800 ERROR second command G250 S21
2025-04-06T22:08:01.536800+0800 ERROR finish command G250 S21
2025-04-06T22:08:01.536800+0800 ERROR SENT: G250 S800
2025-04-06T22:08:01.536800+0800 ERROR write command G250 S800
2025-04-06T22:08:01.536800+0800 ERROR second command G250 S800
2025-04-06T22:08:01.536800+0800 ERROR finish command G250 S800
2025-04-06T22:08:01.536800+0800 ERROR SENT: M154 S1
2025-04-06T22:08:01.536800+0800 ERROR write command M154 S1
2025-04-06T22:08:01.537810+0800 ERROR second command M154 S1
2025-04-06T22:08:01.537810+0800 ERROR finish command M154 S1
2025-04-06T22:08:01.537810+0800 ERROR SENT: 2025-04-06 22:08:01
2025-04-06T22:08:01.537810+0800 ERROR write command 2025-04-06 22:08:01
2025-04-06T22:08:01.537810+0800 ERROR second command 2025-04-06 22:08:01
2025-04-06T22:08:01.537810+0800 ERROR finish command 2025-04-06 22:08:01
2025-04-06T22:08:05.472360+0800 ERROR SENT: M105
2025-04-06T22:08:05.472360+0800 ERROR write command M105
2025-04-06T22:08:05.472360+0800 ERROR second command M105
2025-04-06T22:08:05.473360+0800 ERROR finish command M105
2025-04-06T22:08:05.473360+0800 ERROR SENT: G250 S21
2025-04-06T22:08:05.473360+0800 ERROR write command G250 S21
2025-04-06T22:08:05.473360+0800 ERROR second command G250 S21
2025-04-06T22:08:05.473360+0800 ERROR finish command G250 S21
2025-04-06T22:08:05.473360+0800 ERROR SENT: G250 S800
2025-04-06T22:08:05.474360+0800 ERROR write command G250 S800
2025-04-06T22:08:05.474360+0800 ERROR second command G250 S800
2025-04-06T22:08:05.474360+0800 ERROR finish command G250 S800
2025-04-06T22:08:05.474360+0800 ERROR SENT: M154 S1
2025-04-06T22:08:05.492360+0800 ERROR write command M154 S1
2025-04-06T22:08:05.492360+0800 ERROR second command M154 S1
2025-04-06T22:08:05.492360+0800 ERROR finish command M154 S1
2025-04-06T22:08:05.493361+0800 ERROR SENT: 2025-04-06 22:08:05
2025-04-06T22:08:05.493361+0800 ERROR write command 2025-04-06 22:08:05
2025-04-06T22:08:05.549358+0800 ERROR second command 2025-04-06 22:08:05
2025-04-06T22:08:05.549358+0800 ERROR finish command 2025-04-06 22:08:05
2025-04-06T22:08:09.414004+0800 ERROR SENT: M105
2025-04-06T22:08:09.415005+0800 ERROR write command M105
2025-04-06T22:08:09.416006+0800 ERROR second command M105
2025-04-06T22:08:09.416006+0800 ERROR finish command M105
2025-04-06T22:08:09.416006+0800 ERROR SENT: G250 S21
2025-04-06T22:08:09.416006+0800 ERROR write command G250 S21
2025-04-06T22:08:09.416006+0800 ERROR second command G250 S21
2025-04-06T22:08:09.416006+0800 ERROR finish command G250 S21
2025-04-06T22:08:09.417006+0800 ERROR SENT: G250 S800
2025-04-06T22:08:09.417006+0800 ERROR write command G250 S800
2025-04-06T22:08:09.417006+0800 ERROR second command G250 S800
2025-04-06T22:08:09.417006+0800 ERROR finish command G250 S800
2025-04-06T22:08:09.422005+0800 ERROR SENT: M154 S1
2025-04-06T22:08:09.423005+0800 ERROR write command M154 S1
2025-04-06T22:08:09.423005+0800 ERROR second command M154 S1
2025-04-06T22:08:09.423005+0800 ERROR finish command M154 S1
2025-04-06T22:08:09.423005+0800 ERROR SENT: 2025-04-06 22:08:09
2025-04-06T22:08:09.423005+0800 ERROR write command 2025-04-06 22:08:09
2025-04-06T22:08:09.424005+0800 ERROR second command 2025-04-06 22:08:09
2025-04-06T22:08:09.424005+0800 ERROR finish command 2025-04-06 22:08:09
2025-04-06T22:08:13.272236+0800 ERROR SENT: M105
2025-04-06T22:08:13.272236+0800 ERROR write command M105
2025-04-06T22:08:13.272236+0800 ERROR second command M105
2025-04-06T22:08:13.272236+0800 ERROR finish command M105
2025-04-06T22:08:13.272236+0800 ERROR SENT: G250 S21
2025-04-06T22:08:13.273229+0800 ERROR write command G250 S21
2025-04-06T22:08:13.273229+0800 ERROR second command G250 S21
2025-04-06T22:08:13.273229+0800 ERROR finish command G250 S21
2025-04-06T22:08:13.273229+0800 ERROR SENT: G250 S800
2025-04-06T22:08:13.273229+0800 ERROR write command G250 S800
2025-04-06T22:08:13.273229+0800 ERROR second command G250 S800
2025-04-06T22:08:13.273229+0800 ERROR finish command G250 S800
2025-04-06T22:08:13.273229+0800 ERROR SENT: M154 S1
2025-04-06T22:08:13.273229+0800 ERROR write command M154 S1
2025-04-06T22:08:13.274228+0800 ERROR second command M154 S1
2025-04-06T22:08:13.274228+0800 ERROR finish command M154 S1
2025-04-06T22:08:13.274228+0800 ERROR SENT: 2025-04-06 22:08:13
2025-04-06T22:08:13.274228+0800 ERROR write command 2025-04-06 22:08:13
2025-04-06T22:08:13.274228+0800 ERROR second command 2025-04-06 22:08:13
2025-04-06T22:08:13.274228+0800 ERROR finish command 2025-04-06 22:08:13
2025-04-06T22:08:17.158355+0800 ERROR SENT: M105
2025-04-06T22:08:17.158355+0800 ERROR write command M105
2025-04-06T22:08:17.158355+0800 ERROR second command M105
2025-04-06T22:08:17.158355+0800 ERROR finish command M105
2025-04-06T22:08:17.158355+0800 ERROR SENT: G250 S21
2025-04-06T22:08:17.158355+0800 ERROR write command G250 S21
2025-04-06T22:08:17.158355+0800 ERROR second command G250 S21
2025-04-06T22:08:17.159451+0800 ERROR finish command G250 S21
2025-04-06T22:08:17.159451+0800 ERROR SENT: G250 S800
2025-04-06T22:08:17.159451+0800 ERROR write command G250 S800
2025-04-06T22:08:17.159451+0800 ERROR second command G250 S800
2025-04-06T22:08:17.159451+0800 ERROR finish command G250 S800
2025-04-06T22:08:17.159451+0800 ERROR SENT: M154 S1
2025-04-06T22:08:17.159451+0800 ERROR write command M154 S1
2025-04-06T22:08:17.160433+0800 ERROR second command M154 S1
2025-04-06T22:08:17.160433+0800 ERROR finish command M154 S1
2025-04-06T22:08:17.160433+0800 ERROR SENT: 2025-04-06 22:08:17
2025-04-06T22:08:17.161423+0800 ERROR write command 2025-04-06 22:08:17
2025-04-06T22:08:17.161423+0800 ERROR second command 2025-04-06 22:08:17
2025-04-06T22:08:17.161423+0800 ERROR finish command 2025-04-06 22:08:17
2025-04-06T22:08:21.075411+0800 ERROR SENT: M105
2025-04-06T22:08:21.075411+0800 ERROR write command M105
2025-04-06T22:08:21.075411+0800 ERROR second command M105
2025-04-06T22:08:21.075411+0800 ERROR finish command M105
2025-04-06T22:08:21.076412+0800 ERROR SENT: G250 S21
2025-04-06T22:08:21.076412+0800 ERROR write command G250 S21
2025-04-06T22:08:21.076412+0800 ERROR second command G250 S21
2025-04-06T22:08:21.076412+0800 ERROR finish command G250 S21
2025-04-06T22:08:21.076412+0800 ERROR SENT: G250 S800
2025-04-06T22:08:21.076412+0800 ERROR write command G250 S800
2025-04-06T22:08:21.076412+0800 ERROR second command G250 S800
2025-04-06T22:08:21.076412+0800 ERROR finish command G250 S800
2025-04-06T22:08:21.076412+0800 ERROR SENT: M154 S1
2025-04-06T22:08:21.076412+0800 ERROR write command M154 S1
2025-04-06T22:08:21.077421+0800 ERROR second command M154 S1
2025-04-06T22:08:21.077421+0800 ERROR finish command M154 S1
2025-04-06T22:08:21.077421+0800 ERROR SENT: 2025-04-06 22:08:21
2025-04-06T22:08:21.077421+0800 ERROR write command 2025-04-06 22:08:21
2025-04-06T22:08:21.077421+0800 ERROR second command 2025-04-06 22:08:21
2025-04-06T22:08:21.078411+0800 ERROR finish command 2025-04-06 22:08:21
2025-04-06T22:08:24.911102+0800 ERROR SENT: M105
2025-04-06T22:08:24.911102+0800 ERROR write command M105
2025-04-06T22:08:24.911102+0800 ERROR second command M105
2025-04-06T22:08:24.911102+0800 ERROR finish command M105
2025-04-06T22:08:24.911102+0800 ERROR SENT: G250 S21
2025-04-06T22:08:24.911102+0800 ERROR write command G250 S21
2025-04-06T22:08:24.912106+0800 ERROR second command G250 S21
2025-04-06T22:08:24.912106+0800 ERROR finish command G250 S21
2025-04-06T22:08:24.912106+0800 ERROR SENT: G250 S800
2025-04-06T22:08:24.912106+0800 ERROR write command G250 S800
2025-04-06T22:08:24.912106+0800 ERROR second command G250 S800
2025-04-06T22:08:24.912106+0800 ERROR finish command G250 S800
2025-04-06T22:08:24.912106+0800 ERROR SENT: M154 S1
2025-04-06T22:08:24.912106+0800 ERROR write command M154 S1
2025-04-06T22:08:24.913096+0800 ERROR second command M154 S1
2025-04-06T22:08:24.913096+0800 ERROR finish command M154 S1
2025-04-06T22:08:24.913096+0800 ERROR SENT: 2025-04-06 22:08:24
2025-04-06T22:08:24.913096+0800 ERROR write command 2025-04-06 22:08:24
2025-04-06T22:08:24.913096+0800 ERROR second command 2025-04-06 22:08:24
2025-04-06T22:08:24.913096+0800 ERROR finish command 2025-04-06 22:08:24
2025-04-06T22:08:28.842364+0800 ERROR SENT: M105
2025-04-06T22:08:28.842364+0800 ERROR write command M105
2025-04-06T22:08:28.842364+0800 ERROR second command M105
2025-04-06T22:08:28.842364+0800 ERROR finish command M105
2025-04-06T22:08:28.842364+0800 ERROR SENT: G250 S21
2025-04-06T22:08:28.843357+0800 ERROR write command G250 S21
2025-04-06T22:08:28.843357+0800 ERROR second command G250 S21
2025-04-06T22:08:28.843357+0800 ERROR finish command G250 S21
2025-04-06T22:08:28.843357+0800 ERROR SENT: G250 S800
2025-04-06T22:08:28.843357+0800 ERROR write command G250 S800
2025-04-06T22:08:28.843357+0800 ERROR second command G250 S800
2025-04-06T22:08:28.843357+0800 ERROR finish command G250 S800
2025-04-06T22:08:28.843357+0800 ERROR SENT: M154 S1
2025-04-06T22:08:28.843357+0800 ERROR write command M154 S1
2025-04-06T22:08:28.843357+0800 ERROR second command M154 S1
2025-04-06T22:08:28.844356+0800 ERROR finish command M154 S1
2025-04-06T22:08:28.844356+0800 ERROR SENT: 2025-04-06 22:08:28
2025-04-06T22:08:28.844356+0800 ERROR write command 2025-04-06 22:08:28
2025-04-06T22:08:28.844356+0800 ERROR second command 2025-04-06 22:08:28
2025-04-06T22:08:28.844356+0800 ERROR finish command 2025-04-06 22:08:28
2025-04-06T22:08:32.739693+0800 ERROR SENT: M105
2025-04-06T22:08:32.739693+0800 ERROR write command M105
2025-04-06T22:08:32.739693+0800 ERROR second command M105
2025-04-06T22:08:32.739693+0800 ERROR finish command M105
2025-04-06T22:08:32.740702+0800 ERROR SENT: G250 S21
2025-04-06T22:08:32.740702+0800 ERROR write command G250 S21
2025-04-06T22:08:32.740702+0800 ERROR second command G250 S21
2025-04-06T22:08:32.740702+0800 ERROR finish command G250 S21
2025-04-06T22:08:32.740702+0800 ERROR SENT: G250 S800
2025-04-06T22:08:32.740702+0800 ERROR write command G250 S800
2025-04-06T22:08:32.740702+0800 ERROR second command G250 S800
2025-04-06T22:08:32.740702+0800 ERROR finish command G250 S800
2025-04-06T22:08:32.740702+0800 ERROR SENT: M154 S1
2025-04-06T22:08:32.741706+0800 ERROR write command M154 S1
2025-04-06T22:08:32.741706+0800 ERROR second command M154 S1
2025-04-06T22:08:32.741706+0800 ERROR finish command M154 S1
2025-04-06T22:08:32.741706+0800 ERROR SENT: 2025-04-06 22:08:32
2025-04-06T22:08:32.742701+0800 ERROR write command 2025-04-06 22:08:32
2025-04-06T22:08:32.742701+0800 ERROR second command 2025-04-06 22:08:32
2025-04-06T22:08:32.742701+0800 ERROR finish command 2025-04-06 22:08:32
2025-04-06T22:08:36.643751+0800 ERROR SENT: M105
2025-04-06T22:08:36.643751+0800 ERROR write command M105
2025-04-06T22:08:36.643751+0800 ERROR second command M105
2025-04-06T22:08:36.643751+0800 ERROR finish command M105
2025-04-06T22:08:36.643751+0800 ERROR SENT: G250 S21
2025-04-06T22:08:36.644746+0800 ERROR write command G250 S21
2025-04-06T22:08:36.644746+0800 ERROR second command G250 S21
2025-04-06T22:08:36.644746+0800 ERROR finish command G250 S21
2025-04-06T22:08:36.644746+0800 ERROR SENT: G250 S800
2025-04-06T22:08:36.644746+0800 ERROR write command G250 S800
2025-04-06T22:08:36.644746+0800 ERROR second command G250 S800
2025-04-06T22:08:36.644746+0800 ERROR finish command G250 S800
2025-04-06T22:08:36.644746+0800 ERROR SENT: M154 S1
2025-04-06T22:08:36.644746+0800 ERROR write command M154 S1
2025-04-06T22:08:36.645747+0800 ERROR second command M154 S1
2025-04-06T22:08:36.645747+0800 ERROR finish command M154 S1
2025-04-06T22:08:36.645747+0800 ERROR SENT: 2025-04-06 22:08:36
2025-04-06T22:08:36.645747+0800 ERROR write command 2025-04-06 22:08:36
2025-04-06T22:08:36.645747+0800 ERROR second command 2025-04-06 22:08:36
2025-04-06T22:08:36.646747+0800 ERROR finish command 2025-04-06 22:08:36
2025-04-06T22:08:40.575819+0800 ERROR SENT: M105
2025-04-06T22:08:40.575819+0800 ERROR write command M105
2025-04-06T22:08:40.575819+0800 ERROR second command M105
2025-04-06T22:08:40.576819+0800 ERROR finish command M105
2025-04-06T22:08:40.576819+0800 ERROR SENT: G250 S21
2025-04-06T22:08:40.576819+0800 ERROR write command G250 S21
2025-04-06T22:08:40.576819+0800 ERROR second command G250 S21
2025-04-06T22:08:40.576819+0800 ERROR finish command G250 S21
2025-04-06T22:08:40.576819+0800 ERROR SENT: G250 S800
2025-04-06T22:08:40.576819+0800 ERROR write command G250 S800
2025-04-06T22:08:40.576819+0800 ERROR second command G250 S800
2025-04-06T22:08:40.576819+0800 ERROR finish command G250 S800
2025-04-06T22:08:40.578820+0800 ERROR SENT: M154 S1
2025-04-06T22:08:40.578820+0800 ERROR write command M154 S1
2025-04-06T22:08:40.578820+0800 ERROR second command M154 S1
2025-04-06T22:08:40.579820+0800 ERROR finish command M154 S1
2025-04-06T22:08:40.579820+0800 ERROR SENT: 2025-04-06 22:08:40
2025-04-06T22:08:40.579820+0800 ERROR write command 2025-04-06 22:08:40
2025-04-06T22:08:40.579820+0800 ERROR second command 2025-04-06 22:08:40
2025-04-06T22:08:40.579820+0800 ERROR finish command 2025-04-06 22:08:40
2025-04-06T22:08:44.475509+0800 ERROR SENT: M105
2025-04-06T22:08:44.475509+0800 ERROR write command M105
2025-04-06T22:08:44.475509+0800 ERROR second command M105
2025-04-06T22:08:44.476519+0800 ERROR finish command M105
2025-04-06T22:08:44.476519+0800 ERROR SENT: G250 S21
2025-04-06T22:08:44.476519+0800 ERROR write command G250 S21
2025-04-06T22:08:44.476519+0800 ERROR second command G250 S21
2025-04-06T22:08:44.476519+0800 ERROR finish command G250 S21
2025-04-06T22:08:44.476519+0800 ERROR SENT: G250 S800
2025-04-06T22:08:44.476519+0800 ERROR write command G250 S800
2025-04-06T22:08:44.476519+0800 ERROR second command G250 S800
2025-04-06T22:08:44.476519+0800 ERROR finish command G250 S800
2025-04-06T22:08:44.476519+0800 ERROR SENT: M154 S1
2025-04-06T22:08:44.477518+0800 ERROR write command M154 S1
2025-04-06T22:08:44.477518+0800 ERROR second command M154 S1
2025-04-06T22:08:44.477518+0800 ERROR finish command M154 S1
2025-04-06T22:08:44.477518+0800 ERROR SENT: 2025-04-06 22:08:44
2025-04-06T22:08:44.477518+0800 ERROR write command 2025-04-06 22:08:44
2025-04-06T22:08:44.478518+0800 ERROR second command 2025-04-06 22:08:44
2025-04-06T22:08:44.478518+0800 ERROR finish command 2025-04-06 22:08:44
2025-04-06T22:08:48.370432+0800 ERROR SENT: M105
2025-04-06T22:08:48.370432+0800 ERROR write command M105
2025-04-06T22:08:48.370940+0800 ERROR second command M105
2025-04-06T22:08:48.370940+0800 ERROR finish command M105
2025-04-06T22:08:48.370940+0800 ERROR SENT: G250 S21
2025-04-06T22:08:48.370940+0800 ERROR write command G250 S21
2025-04-06T22:08:48.370940+0800 ERROR second command G250 S21
2025-04-06T22:08:48.370940+0800 ERROR finish command G250 S21
2025-04-06T22:08:48.370940+0800 ERROR SENT: G250 S800
2025-04-06T22:08:48.370940+0800 ERROR write command G250 S800
2025-04-06T22:08:48.370940+0800 ERROR second command G250 S800
2025-04-06T22:08:48.370940+0800 ERROR finish command G250 S800
2025-04-06T22:08:48.372013+0800 ERROR SENT: M154 S1
2025-04-06T22:08:48.372013+0800 ERROR write command M154 S1
2025-04-06T22:08:48.372013+0800 ERROR second command M154 S1
2025-04-06T22:08:48.372013+0800 ERROR finish command M154 S1
2025-04-06T22:08:48.373016+0800 ERROR SENT: 2025-04-06 22:08:48
2025-04-06T22:08:48.373016+0800 ERROR write command 2025-04-06 22:08:48
2025-04-06T22:08:48.373016+0800 ERROR second command 2025-04-06 22:08:48
2025-04-06T22:08:48.373016+0800 ERROR finish command 2025-04-06 22:08:48
2025-04-06T22:08:52.235924+0800 ERROR SENT: M105
2025-04-06T22:08:52.235924+0800 ERROR write command M105
2025-04-06T22:08:52.235924+0800 ERROR second command M105
2025-04-06T22:08:52.236934+0800 ERROR finish command M105
2025-04-06T22:08:52.236934+0800 ERROR SENT: G250 S21
2025-04-06T22:08:52.236934+0800 ERROR write command G250 S21
2025-04-06T22:08:52.236934+0800 ERROR second command G250 S21
2025-04-06T22:08:52.236934+0800 ERROR finish command G250 S21
2025-04-06T22:08:52.237933+0800 ERROR SENT: G250 S800
2025-04-06T22:08:52.237933+0800 ERROR write command G250 S800
2025-04-06T22:08:52.237933+0800 ERROR second command G250 S800
2025-04-06T22:08:52.237933+0800 ERROR finish command G250 S800
2025-04-06T22:08:52.237933+0800 ERROR SENT: M154 S1
2025-04-06T22:08:52.237933+0800 ERROR write command M154 S1
2025-04-06T22:08:52.237933+0800 ERROR second command M154 S1
2025-04-06T22:08:52.238933+0800 ERROR finish command M154 S1
2025-04-06T22:08:52.238933+0800 ERROR SENT: 2025-04-06 22:08:52
2025-04-06T22:08:52.238933+0800 ERROR write command 2025-04-06 22:08:52
2025-04-06T22:08:52.238933+0800 ERROR second command 2025-04-06 22:08:52
2025-04-06T22:08:52.238933+0800 ERROR finish command 2025-04-06 22:08:52
2025-04-06T22:08:56.170292+0800 ERROR SENT: M105
2025-04-06T22:08:56.170292+0800 ERROR write command M105
2025-04-06T22:08:56.170292+0800 ERROR second command M105
2025-04-06T22:08:56.171303+0800 ERROR finish command M105
2025-04-06T22:08:56.171303+0800 ERROR SENT: G250 S21
2025-04-06T22:08:56.171303+0800 ERROR write command G250 S21
2025-04-06T22:08:56.171303+0800 ERROR second command G250 S21
2025-04-06T22:08:56.171303+0800 ERROR finish command G250 S21
2025-04-06T22:08:56.171303+0800 ERROR SENT: G250 S800
2025-04-06T22:08:56.171303+0800 ERROR write command G250 S800
2025-04-06T22:08:56.171303+0800 ERROR second command G250 S800
2025-04-06T22:08:56.171303+0800 ERROR finish command G250 S800
2025-04-06T22:08:56.171303+0800 ERROR SENT: M154 S1
2025-04-06T22:08:56.172302+0800 ERROR write command M154 S1
2025-04-06T22:08:56.172302+0800 ERROR second command M154 S1
2025-04-06T22:08:56.172302+0800 ERROR finish command M154 S1
2025-04-06T22:08:56.172302+0800 ERROR SENT: 2025-04-06 22:08:56
2025-04-06T22:08:56.173301+0800 ERROR write command 2025-04-06 22:08:56
2025-04-06T22:08:56.173301+0800 ERROR second command 2025-04-06 22:08:56
2025-04-06T22:08:56.173301+0800 ERROR finish command 2025-04-06 22:08:56
2025-04-06T22:09:00.116072+0800 ERROR SENT: M105
2025-04-06T22:09:00.116072+0800 ERROR write command M105
2025-04-06T22:09:00.116072+0800 ERROR second command M105
2025-04-06T22:09:00.116072+0800 ERROR finish command M105
2025-04-06T22:09:00.116072+0800 ERROR SENT: G250 S21
2025-04-06T22:09:00.117081+0800 ERROR write command G250 S21
2025-04-06T22:09:00.117081+0800 ERROR second command G250 S21
2025-04-06T22:09:00.117081+0800 ERROR finish command G250 S21
2025-04-06T22:09:00.117081+0800 ERROR SENT: G250 S800
2025-04-06T22:09:00.117081+0800 ERROR write command G250 S800
2025-04-06T22:09:00.117081+0800 ERROR second command G250 S800
2025-04-06T22:09:00.117081+0800 ERROR finish command G250 S800
2025-04-06T22:09:00.117081+0800 ERROR SENT: M154 S1
2025-04-06T22:09:00.117081+0800 ERROR write command M154 S1
2025-04-06T22:09:00.118080+0800 ERROR second command M154 S1
2025-04-06T22:09:00.118399+0800 ERROR finish command M154 S1
2025-04-06T22:09:00.118399+0800 ERROR SENT: 2025-04-06 22:09:00
2025-04-06T22:09:00.118399+0800 ERROR write command 2025-04-06 22:09:00
2025-04-06T22:09:00.118399+0800 ERROR second command 2025-04-06 22:09:00
2025-04-06T22:09:00.118399+0800 ERROR finish command 2025-04-06 22:09:00
2025-04-06T22:09:04.057715+0800 ERROR SENT: M105
2025-04-06T22:09:04.057715+0800 ERROR write command M105
2025-04-06T22:09:04.057715+0800 ERROR second command M105
2025-04-06T22:09:04.057715+0800 ERROR finish command M105
2025-04-06T22:09:04.058725+0800 ERROR SENT: G250 S21
2025-04-06T22:09:04.058725+0800 ERROR write command G250 S21
2025-04-06T22:09:04.058725+0800 ERROR second command G250 S21
2025-04-06T22:09:04.058725+0800 ERROR finish command G250 S21
2025-04-06T22:09:04.058725+0800 ERROR SENT: G250 S800
2025-04-06T22:09:04.058725+0800 ERROR write command G250 S800
2025-04-06T22:09:04.058725+0800 ERROR second command G250 S800
2025-04-06T22:09:04.059729+0800 ERROR finish command G250 S800
2025-04-06T22:09:04.059729+0800 ERROR SENT: M154 S1
2025-04-06T22:09:04.059963+0800 ERROR write command M154 S1
2025-04-06T22:09:04.059963+0800 ERROR second command M154 S1
2025-04-06T22:09:04.059963+0800 ERROR finish command M154 S1
2025-04-06T22:09:04.059963+0800 ERROR SENT: 2025-04-06 22:09:04
2025-04-06T22:09:04.061042+0800 ERROR write command 2025-04-06 22:09:04
2025-04-06T22:09:04.061042+0800 ERROR second command 2025-04-06 22:09:04
2025-04-06T22:09:04.061042+0800 ERROR finish command 2025-04-06 22:09:04
2025-04-06T22:09:07.933960+0800 ERROR SENT: M105
2025-04-06T22:09:07.933960+0800 ERROR write command M105
2025-04-06T22:09:07.933960+0800 ERROR second command M105
2025-04-06T22:09:07.933960+0800 ERROR finish command M105
2025-04-06T22:09:07.933960+0800 ERROR SENT: G250 S21
2025-04-06T22:09:07.933960+0800 ERROR write command G250 S21
2025-04-06T22:09:07.933960+0800 ERROR second command G250 S21
2025-04-06T22:09:07.934961+0800 ERROR finish command G250 S21
2025-04-06T22:09:07.934961+0800 ERROR SENT: G250 S800
2025-04-06T22:09:07.934961+0800 ERROR write command G250 S800
2025-04-06T22:09:07.934961+0800 ERROR second command G250 S800
2025-04-06T22:09:07.934961+0800 ERROR finish command G250 S800
2025-04-06T22:09:07.934961+0800 ERROR SENT: M154 S1
2025-04-06T22:09:07.935962+0800 ERROR write command M154 S1
2025-04-06T22:09:07.935962+0800 ERROR second command M154 S1
2025-04-06T22:09:07.935962+0800 ERROR finish command M154 S1
2025-04-06T22:09:07.935962+0800 ERROR SENT: 2025-04-06 22:09:07
2025-04-06T22:09:07.935962+0800 ERROR write command 2025-04-06 22:09:07
2025-04-06T22:09:07.935962+0800 ERROR second command 2025-04-06 22:09:07
2025-04-06T22:09:07.936961+0800 ERROR finish command 2025-04-06 22:09:07
2025-04-06T22:09:11.944257+0800 ERROR SENT: M105
2025-04-06T22:09:11.945256+0800 ERROR write command M105
2025-04-06T22:09:11.945256+0800 ERROR second command M105
2025-04-06T22:09:11.945256+0800 ERROR finish command M105
2025-04-06T22:09:11.945256+0800 ERROR SENT: G250 S21
2025-04-06T22:09:11.946257+0800 ERROR write command G250 S21
2025-04-06T22:09:11.946257+0800 ERROR second command G250 S21
2025-04-06T22:09:11.946257+0800 ERROR finish command G250 S21
2025-04-06T22:09:11.946257+0800 ERROR SENT: G250 S800
2025-04-06T22:09:11.946257+0800 ERROR write command G250 S800
2025-04-06T22:09:11.946257+0800 ERROR second command G250 S800
2025-04-06T22:09:11.946257+0800 ERROR finish command G250 S800
2025-04-06T22:09:11.947256+0800 ERROR SENT: M154 S1
2025-04-06T22:09:11.948256+0800 ERROR write command M154 S1
2025-04-06T22:09:11.948256+0800 ERROR second command M154 S1
2025-04-06T22:09:11.949257+0800 ERROR finish command M154 S1
2025-04-06T22:09:11.949257+0800 ERROR SENT: 2025-04-06 22:09:11
2025-04-06T22:09:11.949257+0800 ERROR write command 2025-04-06 22:09:11
2025-04-06T22:09:11.949257+0800 ERROR second command 2025-04-06 22:09:11
2025-04-06T22:09:11.950256+0800 ERROR finish command 2025-04-06 22:09:11
2025-04-06T22:09:15.905886+0800 ERROR SENT: M105
2025-04-06T22:09:15.905886+0800 ERROR write command M105
2025-04-06T22:09:15.905886+0800 ERROR second command M105
2025-04-06T22:09:15.905886+0800 ERROR finish command M105
2025-04-06T22:09:15.906806+0800 ERROR SENT: G250 S21
2025-04-06T22:09:15.906806+0800 ERROR write command G250 S21
2025-04-06T22:09:15.906806+0800 ERROR second command G250 S21
2025-04-06T22:09:15.906806+0800 ERROR finish command G250 S21
2025-04-06T22:09:15.906806+0800 ERROR SENT: G250 S800
2025-04-06T22:09:15.907806+0800 ERROR write command G250 S800
2025-04-06T22:09:15.907806+0800 ERROR second command G250 S800
2025-04-06T22:09:15.907806+0800 ERROR finish command G250 S800
2025-04-06T22:09:15.907806+0800 ERROR SENT: M154 S1
2025-04-06T22:09:15.907806+0800 ERROR write command M154 S1
2025-04-06T22:09:15.907806+0800 ERROR second command M154 S1
2025-04-06T22:09:15.908807+0800 ERROR finish command M154 S1
2025-04-06T22:09:15.908807+0800 ERROR SENT: 2025-04-06 22:09:15
2025-04-06T22:09:15.908807+0800 ERROR write command 2025-04-06 22:09:15
2025-04-06T22:09:15.908807+0800 ERROR second command 2025-04-06 22:09:15
2025-04-06T22:09:15.908807+0800 ERROR finish command 2025-04-06 22:09:15
2025-04-06T22:09:19.828254+0800 ERROR SENT: M105
2025-04-06T22:09:19.828254+0800 ERROR write command M105
2025-04-06T22:09:19.828254+0800 ERROR second command M105
2025-04-06T22:09:19.829140+0800 ERROR finish command M105
2025-04-06T22:09:19.829140+0800 ERROR SENT: G250 S21
2025-04-06T22:09:19.829140+0800 ERROR write command G250 S21
2025-04-06T22:09:19.829140+0800 ERROR second command G250 S21
2025-04-06T22:09:19.829140+0800 ERROR finish command G250 S21
2025-04-06T22:09:19.829140+0800 ERROR SENT: G250 S800
2025-04-06T22:09:19.829140+0800 ERROR write command G250 S800
2025-04-06T22:09:19.829140+0800 ERROR second command G250 S800
2025-04-06T22:09:19.829140+0800 ERROR finish command G250 S800
2025-04-06T22:09:19.830140+0800 ERROR SENT: M154 S1
2025-04-06T22:09:19.830140+0800 ERROR write command M154 S1
2025-04-06T22:09:19.830140+0800 ERROR second command M154 S1
2025-04-06T22:09:19.830140+0800 ERROR finish command M154 S1
2025-04-06T22:09:19.830140+0800 ERROR SENT: 2025-04-06 22:09:19
2025-04-06T22:09:19.831138+0800 ERROR write command 2025-04-06 22:09:19
2025-04-06T22:09:19.831138+0800 ERROR second command 2025-04-06 22:09:19
2025-04-06T22:09:19.831138+0800 ERROR finish command 2025-04-06 22:09:19
2025-04-06T22:09:23.740757+0800 ERROR SENT: M105
2025-04-06T22:09:23.740757+0800 ERROR write command M105
2025-04-06T22:09:23.740757+0800 ERROR second command M105
2025-04-06T22:09:23.741766+0800 ERROR finish command M105
2025-04-06T22:09:23.741766+0800 ERROR SENT: G250 S21
2025-04-06T22:09:23.741766+0800 ERROR write command G250 S21
2025-04-06T22:09:23.741766+0800 ERROR second command G250 S21
2025-04-06T22:09:23.741766+0800 ERROR finish command G250 S21
2025-04-06T22:09:23.741766+0800 ERROR SENT: G250 S800
2025-04-06T22:09:23.741766+0800 ERROR write command G250 S800
2025-04-06T22:09:23.742766+0800 ERROR second command G250 S800
2025-04-06T22:09:23.742766+0800 ERROR finish command G250 S800
2025-04-06T22:09:23.742766+0800 ERROR SENT: M154 S1
2025-04-06T22:09:23.742766+0800 ERROR write command M154 S1
2025-04-06T22:09:23.742766+0800 ERROR second command M154 S1
2025-04-06T22:09:23.743765+0800 ERROR finish command M154 S1
2025-04-06T22:09:23.743765+0800 ERROR SENT: 2025-04-06 22:09:23
2025-04-06T22:09:23.743765+0800 ERROR write command 2025-04-06 22:09:23
2025-04-06T22:09:23.743765+0800 ERROR second command 2025-04-06 22:09:23
2025-04-06T22:09:23.744767+0800 ERROR finish command 2025-04-06 22:09:23
2025-04-06T22:09:27.683026+0800 ERROR SENT: M105
2025-04-06T22:09:27.683026+0800 ERROR write command M105
2025-04-06T22:09:27.683026+0800 ERROR second command M105
2025-04-06T22:09:27.683026+0800 ERROR finish command M105
2025-04-06T22:09:27.683026+0800 ERROR SENT: G250 S21
2025-04-06T22:09:27.684035+0800 ERROR write command G250 S21
2025-04-06T22:09:27.684035+0800 ERROR second command G250 S21
2025-04-06T22:09:27.684035+0800 ERROR finish command G250 S21
2025-04-06T22:09:27.684035+0800 ERROR SENT: G250 S800
2025-04-06T22:09:27.684035+0800 ERROR write command G250 S800
2025-04-06T22:09:27.684035+0800 ERROR second command G250 S800
2025-04-06T22:09:27.684035+0800 ERROR finish command G250 S800
2025-04-06T22:09:27.684035+0800 ERROR SENT: M154 S1
2025-04-06T22:09:27.685035+0800 ERROR write command M154 S1
2025-04-06T22:09:27.685035+0800 ERROR second command M154 S1
2025-04-06T22:09:27.685035+0800 ERROR finish command M154 S1
2025-04-06T22:09:27.685035+0800 ERROR SENT: 2025-04-06 22:09:27
2025-04-06T22:09:27.685035+0800 ERROR write command 2025-04-06 22:09:27
2025-04-06T22:09:27.686047+0800 ERROR second command 2025-04-06 22:09:27
2025-04-06T22:09:27.686047+0800 ERROR finish command 2025-04-06 22:09:27
2025-04-06T22:09:31.542213+0800 ERROR SENT: M105
2025-04-06T22:09:31.542213+0800 ERROR write command M105
2025-04-06T22:09:31.542213+0800 ERROR second command M105
2025-04-06T22:09:31.542213+0800 ERROR finish command M105
2025-04-06T22:09:31.542213+0800 ERROR SENT: G250 S21
2025-04-06T22:09:31.543103+0800 ERROR write command G250 S21
2025-04-06T22:09:31.543103+0800 ERROR second command G250 S21
2025-04-06T22:09:31.543103+0800 ERROR finish command G250 S21
2025-04-06T22:09:31.543103+0800 ERROR SENT: G250 S800
2025-04-06T22:09:31.543103+0800 ERROR write command G250 S800
2025-04-06T22:09:31.543103+0800 ERROR second command G250 S800
2025-04-06T22:09:31.543103+0800 ERROR finish command G250 S800
2025-04-06T22:09:31.543103+0800 ERROR SENT: M154 S1
2025-04-06T22:09:31.544101+0800 ERROR write command M154 S1
2025-04-06T22:09:31.544101+0800 ERROR second command M154 S1
2025-04-06T22:09:31.544101+0800 ERROR finish command M154 S1
2025-04-06T22:09:31.544101+0800 ERROR SENT: 2025-04-06 22:09:31
2025-04-06T22:09:31.545100+0800 ERROR write command 2025-04-06 22:09:31
2025-04-06T22:09:31.545100+0800 ERROR second command 2025-04-06 22:09:31
2025-04-06T22:09:31.545100+0800 ERROR finish command 2025-04-06 22:09:31
2025-04-06T22:09:35.476165+0800 ERROR SENT: M105
2025-04-06T22:09:35.476165+0800 ERROR write command M105
2025-04-06T22:09:35.476165+0800 ERROR second command M105
2025-04-06T22:09:35.476165+0800 ERROR finish command M105
2025-04-06T22:09:35.476165+0800 ERROR SENT: G250 S21
2025-04-06T22:09:35.477178+0800 ERROR write command G250 S21
2025-04-06T22:09:35.477178+0800 ERROR second command G250 S21
2025-04-06T22:09:35.477178+0800 ERROR finish command G250 S21
2025-04-06T22:09:35.477178+0800 ERROR SENT: G250 S800
2025-04-06T22:09:35.477178+0800 ERROR write command G250 S800
2025-04-06T22:09:35.477178+0800 ERROR second command G250 S800
2025-04-06T22:09:35.477178+0800 ERROR finish command G250 S800
2025-04-06T22:09:35.477178+0800 ERROR SENT: M154 S1
2025-04-06T22:09:35.478173+0800 ERROR write command M154 S1
2025-04-06T22:09:35.478173+0800 ERROR second command M154 S1
2025-04-06T22:09:35.478173+0800 ERROR finish command M154 S1
2025-04-06T22:09:35.479173+0800 ERROR SENT: 2025-04-06 22:09:35
2025-04-06T22:09:35.479173+0800 ERROR write command 2025-04-06 22:09:35
2025-04-06T22:09:35.479173+0800 ERROR second command 2025-04-06 22:09:35
2025-04-06T22:09:35.479173+0800 ERROR finish command 2025-04-06 22:09:35
2025-04-06T22:09:39.340427+0800 ERROR SENT: M105
2025-04-06T22:09:39.340427+0800 ERROR write command M105
2025-04-06T22:09:39.340427+0800 ERROR second command M105
2025-04-06T22:09:39.341425+0800 ERROR finish command M105
2025-04-06T22:09:39.341425+0800 ERROR SENT: G250 S21
2025-04-06T22:09:39.341425+0800 ERROR write command G250 S21
2025-04-06T22:09:39.341425+0800 ERROR second command G250 S21
2025-04-06T22:09:39.341425+0800 ERROR finish command G250 S21
2025-04-06T22:09:39.341425+0800 ERROR SENT: G250 S800
2025-04-06T22:09:39.341425+0800 ERROR write command G250 S800
2025-04-06T22:09:39.341425+0800 ERROR second command G250 S800
2025-04-06T22:09:39.341425+0800 ERROR finish command G250 S800
2025-04-06T22:09:39.342437+0800 ERROR SENT: M154 S1
2025-04-06T22:09:39.342437+0800 ERROR write command M154 S1
2025-04-06T22:09:39.342437+0800 ERROR second command M154 S1
2025-04-06T22:09:39.342437+0800 ERROR finish command M154 S1
2025-04-06T22:09:39.342437+0800 ERROR SENT: 2025-04-06 22:09:39
2025-04-06T22:09:39.343425+0800 ERROR write command 2025-04-06 22:09:39
2025-04-06T22:09:39.343425+0800 ERROR second command 2025-04-06 22:09:39
2025-04-06T22:09:39.343425+0800 ERROR finish command 2025-04-06 22:09:39
2025-04-06T22:09:43.272669+0800 ERROR SENT: M105
2025-04-06T22:09:43.272669+0800 ERROR write command M105
2025-04-06T22:09:43.273668+0800 ERROR second command M105
2025-04-06T22:09:43.273668+0800 ERROR finish command M105
2025-04-06T22:09:43.273668+0800 ERROR SENT: G250 S21
2025-04-06T22:09:43.273668+0800 ERROR write command G250 S21
2025-04-06T22:09:43.273668+0800 ERROR second command G250 S21
2025-04-06T22:09:43.273668+0800 ERROR finish command G250 S21
2025-04-06T22:09:43.273668+0800 ERROR SENT: G250 S800
2025-04-06T22:09:43.273668+0800 ERROR write command G250 S800
2025-04-06T22:09:43.273668+0800 ERROR second command G250 S800
2025-04-06T22:09:43.273668+0800 ERROR finish command G250 S800
2025-04-06T22:09:43.274668+0800 ERROR SENT: M154 S1
2025-04-06T22:09:43.274668+0800 ERROR write command M154 S1
2025-04-06T22:09:43.274668+0800 ERROR second command M154 S1
2025-04-06T22:09:43.275667+0800 ERROR finish command M154 S1
2025-04-06T22:09:43.275667+0800 ERROR SENT: 2025-04-06 22:09:43
2025-04-06T22:09:43.275667+0800 ERROR write command 2025-04-06 22:09:43
2025-04-06T22:09:43.276675+0800 ERROR second command 2025-04-06 22:09:43
2025-04-06T22:09:43.276675+0800 ERROR finish command 2025-04-06 22:09:43
2025-04-06T22:09:47.189683+0800 ERROR SENT: M105
2025-04-06T22:09:47.189683+0800 ERROR write command M105
2025-04-06T22:09:47.190685+0800 ERROR second command M105
2025-04-06T22:09:47.190685+0800 ERROR finish command M105
2025-04-06T22:09:47.190685+0800 ERROR SENT: G250 S21
2025-04-06T22:09:47.190685+0800 ERROR write command G250 S21
2025-04-06T22:09:47.190685+0800 ERROR second command G250 S21
2025-04-06T22:09:47.190685+0800 ERROR finish command G250 S21
2025-04-06T22:09:47.190685+0800 ERROR SENT: G250 S800
2025-04-06T22:09:47.191684+0800 ERROR write command G250 S800
2025-04-06T22:09:47.191684+0800 ERROR second command G250 S800
2025-04-06T22:09:47.191684+0800 ERROR finish command G250 S800
2025-04-06T22:09:47.191684+0800 ERROR SENT: M154 S1
2025-04-06T22:09:47.191684+0800 ERROR write command M154 S1
2025-04-06T22:09:47.191684+0800 ERROR second command M154 S1
2025-04-06T22:09:47.191684+0800 ERROR finish command M154 S1
2025-04-06T22:09:47.191684+0800 ERROR SENT: 2025-04-06 22:09:47
2025-04-06T22:09:47.192685+0800 ERROR write command 2025-04-06 22:09:47
2025-04-06T22:09:47.192685+0800 ERROR second command 2025-04-06 22:09:47
2025-04-06T22:09:47.192685+0800 ERROR finish command 2025-04-06 22:09:47
2025-04-06T22:09:51.105587+0800 ERROR SENT: M105
2025-04-06T22:09:51.105587+0800 ERROR write command M105
2025-04-06T22:09:51.105587+0800 ERROR second command M105
2025-04-06T22:09:51.105587+0800 ERROR finish command M105
2025-04-06T22:09:51.105587+0800 ERROR SENT: G250 S21
2025-04-06T22:09:51.105587+0800 ERROR write command G250 S21
2025-04-06T22:09:51.106577+0800 ERROR second command G250 S21
2025-04-06T22:09:51.106577+0800 ERROR finish command G250 S21
2025-04-06T22:09:51.106577+0800 ERROR SENT: G250 S800
2025-04-06T22:09:51.106577+0800 ERROR write command G250 S800
2025-04-06T22:09:51.106577+0800 ERROR second command G250 S800
2025-04-06T22:09:51.106577+0800 ERROR finish command G250 S800
2025-04-06T22:09:51.106577+0800 ERROR SENT: M154 S1
2025-04-06T22:09:51.106577+0800 ERROR write command M154 S1
2025-04-06T22:09:51.107586+0800 ERROR second command M154 S1
2025-04-06T22:09:51.107586+0800 ERROR finish command M154 S1
2025-04-06T22:09:51.107586+0800 ERROR SENT: 2025-04-06 22:09:51
2025-04-06T22:09:51.107586+0800 ERROR write command 2025-04-06 22:09:51
2025-04-06T22:09:51.107586+0800 ERROR second command 2025-04-06 22:09:51
2025-04-06T22:09:51.108577+0800 ERROR finish command 2025-04-06 22:09:51
2025-04-06T22:09:54.992062+0800 ERROR SENT: M105
2025-04-06T22:09:54.992062+0800 ERROR write command M105
2025-04-06T22:09:54.992062+0800 ERROR second command M105
2025-04-06T22:09:54.992062+0800 ERROR finish command M105
2025-04-06T22:09:54.992062+0800 ERROR SENT: G250 S21
2025-04-06T22:09:54.992062+0800 ERROR write command G250 S21
2025-04-06T22:09:54.992062+0800 ERROR second command G250 S21
2025-04-06T22:09:54.993063+0800 ERROR finish command G250 S21
2025-04-06T22:09:54.993063+0800 ERROR SENT: G250 S800
2025-04-06T22:09:54.993063+0800 ERROR write command G250 S800
2025-04-06T22:09:54.993063+0800 ERROR second command G250 S800
2025-04-06T22:09:54.993063+0800 ERROR finish command G250 S800
2025-04-06T22:09:54.993063+0800 ERROR SENT: M154 S1
2025-04-06T22:09:54.993063+0800 ERROR write command M154 S1
2025-04-06T22:09:54.993063+0800 ERROR second command M154 S1
2025-04-06T22:09:54.993063+0800 ERROR finish command M154 S1
2025-04-06T22:09:54.993063+0800 ERROR SENT: 2025-04-06 22:09:54
2025-04-06T22:09:54.994062+0800 ERROR write command 2025-04-06 22:09:54
2025-04-06T22:09:54.994062+0800 ERROR second command 2025-04-06 22:09:54
2025-04-06T22:09:54.994062+0800 ERROR finish command 2025-04-06 22:09:54
2025-04-06T22:09:58.903384+0800 ERROR SENT: M105
2025-04-06T22:09:58.903384+0800 ERROR write command M105
2025-04-06T22:09:58.903384+0800 ERROR second command M105
2025-04-06T22:09:58.904385+0800 ERROR finish command M105
2025-04-06T22:09:58.904385+0800 ERROR SENT: G250 S21
2025-04-06T22:09:58.904385+0800 ERROR write command G250 S21
2025-04-06T22:09:58.904385+0800 ERROR second command G250 S21
2025-04-06T22:09:58.904385+0800 ERROR finish command G250 S21
2025-04-06T22:09:58.904385+0800 ERROR SENT: G250 S800
2025-04-06T22:09:58.905385+0800 ERROR write command G250 S800
2025-04-06T22:09:58.905385+0800 ERROR second command G250 S800
2025-04-06T22:09:58.905385+0800 ERROR finish command G250 S800
2025-04-06T22:09:58.905385+0800 ERROR SENT: M154 S1
2025-04-06T22:09:58.905385+0800 ERROR write command M154 S1
2025-04-06T22:09:58.905385+0800 ERROR second command M154 S1
2025-04-06T22:09:58.905385+0800 ERROR finish command M154 S1
2025-04-06T22:09:58.905385+0800 ERROR SENT: 2025-04-06 22:09:58
2025-04-06T22:09:58.906385+0800 ERROR write command 2025-04-06 22:09:58
2025-04-06T22:09:58.906385+0800 ERROR second command 2025-04-06 22:09:58
2025-04-06T22:09:58.906385+0800 ERROR finish command 2025-04-06 22:09:58
