2025-04-08T17:24:21.371341+0800 INFO 设备已成功连接
2025-04-08T17:24:21.372342+0800 ERROR SENT: M105
2025-04-08T17:24:21.373352+0800 ERROR write command M105
2025-04-08T17:24:21.373352+0800 ERROR second command M105
2025-04-08T17:24:21.373352+0800 ERROR finish command M105
2025-04-08T17:24:21.373352+0800 ERROR SENT: G250 S21
2025-04-08T17:24:21.373352+0800 ERROR write command G250 S21
2025-04-08T17:24:21.374342+0800 ERROR second command G250 S21
2025-04-08T17:24:21.374342+0800 ERROR finish command G250 S21
2025-04-08T17:24:21.374342+0800 ERROR SENT: G250 S800
2025-04-08T17:24:21.374342+0800 ERROR write command G250 S800
2025-04-08T17:24:21.374342+0800 ERROR second command G250 S800
2025-04-08T17:24:21.375341+0800 ERROR finish command G250 S800
2025-04-08T17:24:21.375341+0800 ERROR SENT: M154 S1
2025-04-08T17:24:21.375341+0800 ERROR write command M154 S1
2025-04-08T17:24:21.375341+0800 ERROR second command M154 S1
2025-04-08T17:24:21.375341+0800 ERROR finish command M154 S1
2025-04-08T17:24:25.264203+0800 ERROR SENT: M105
2025-04-08T17:24:25.264203+0800 ERROR write command M105
2025-04-08T17:24:25.264203+0800 ERROR second command M105
2025-04-08T17:24:25.264203+0800 ERROR finish command M105
2025-04-08T17:24:25.265120+0800 ERROR SENT: G250 S21
2025-04-08T17:24:25.265120+0800 ERROR write command G250 S21
2025-04-08T17:24:25.265120+0800 ERROR second command G250 S21
2025-04-08T17:24:25.265120+0800 ERROR finish command G250 S21
2025-04-08T17:24:25.265120+0800 ERROR SENT: G250 S800
2025-04-08T17:24:25.265120+0800 ERROR write command G250 S800
2025-04-08T17:24:25.265120+0800 ERROR second command G250 S800
2025-04-08T17:24:25.265120+0800 ERROR finish command G250 S800
2025-04-08T17:24:25.265120+0800 ERROR SENT: M154 S1
2025-04-08T17:24:25.266120+0800 ERROR write command M154 S1
2025-04-08T17:24:25.266120+0800 ERROR second command M154 S1
2025-04-08T17:24:25.266120+0800 ERROR finish command M154 S1
2025-04-08T17:24:29.455678+0800 ERROR SENT: M105
2025-04-08T17:24:29.455678+0800 ERROR write command M105
2025-04-08T17:24:29.455678+0800 ERROR second command M105
2025-04-08T17:24:29.455678+0800 ERROR finish command M105
2025-04-08T17:24:29.455678+0800 ERROR SENT: G250 S21
2025-04-08T17:24:29.455678+0800 ERROR write command G250 S21
2025-04-08T17:24:29.455678+0800 ERROR second command G250 S21
2025-04-08T17:24:29.456688+0800 ERROR finish command G250 S21
2025-04-08T17:24:29.456688+0800 ERROR SENT: G250 S800
2025-04-08T17:24:29.456688+0800 ERROR write command G250 S800
2025-04-08T17:24:29.456688+0800 ERROR second command G250 S800
2025-04-08T17:24:29.456688+0800 ERROR finish command G250 S800
2025-04-08T17:24:29.456688+0800 ERROR SENT: M154 S1
2025-04-08T17:24:29.456688+0800 ERROR write command M154 S1
2025-04-08T17:24:29.457699+0800 ERROR second command M154 S1
2025-04-08T17:24:29.457699+0800 ERROR finish command M154 S1
2025-04-08T17:24:33.306610+0800 ERROR SENT: M105
2025-04-08T17:24:33.306610+0800 ERROR write command M105
2025-04-08T17:24:33.306610+0800 ERROR second command M105
2025-04-08T17:24:33.306610+0800 ERROR finish command M105
2025-04-08T17:24:33.307595+0800 ERROR SENT: G250 S21
2025-04-08T17:24:33.307595+0800 ERROR write command G250 S21
2025-04-08T17:24:33.307595+0800 ERROR second command G250 S21
2025-04-08T17:24:33.307595+0800 ERROR finish command G250 S21
2025-04-08T17:24:33.307595+0800 ERROR SENT: G250 S800
2025-04-08T17:24:33.307595+0800 ERROR write command G250 S800
2025-04-08T17:24:33.307595+0800 ERROR second command G250 S800
2025-04-08T17:24:33.307595+0800 ERROR finish command G250 S800
2025-04-08T17:24:33.308596+0800 ERROR SENT: M154 S1
2025-04-08T17:24:33.308596+0800 ERROR write command M154 S1
2025-04-08T17:24:33.308596+0800 ERROR second command M154 S1
2025-04-08T17:24:33.308596+0800 ERROR finish command M154 S1
2025-04-08T17:24:37.218374+0800 ERROR SENT: M105
2025-04-08T17:24:37.218374+0800 ERROR write command M105
2025-04-08T17:24:37.219257+0800 ERROR second command M105
2025-04-08T17:24:37.219257+0800 ERROR finish command M105
2025-04-08T17:24:37.219257+0800 ERROR SENT: G250 S21
2025-04-08T17:24:37.219257+0800 ERROR write command G250 S21
2025-04-08T17:24:37.219257+0800 ERROR second command G250 S21
2025-04-08T17:24:37.219257+0800 ERROR finish command G250 S21
2025-04-08T17:24:37.219257+0800 ERROR SENT: G250 S800
2025-04-08T17:24:37.219257+0800 ERROR write command G250 S800
2025-04-08T17:24:37.219257+0800 ERROR second command G250 S800
2025-04-08T17:24:37.219257+0800 ERROR finish command G250 S800
2025-04-08T17:24:37.220257+0800 ERROR SENT: M154 S1
2025-04-08T17:24:37.220257+0800 ERROR write command M154 S1
2025-04-08T17:24:37.220257+0800 ERROR second command M154 S1
2025-04-08T17:24:37.220257+0800 ERROR finish command M154 S1
2025-04-08T17:24:40.835061+0800 INFO G1 X76.69 Y137.05 F15000
2025-04-08T17:24:40.835061+0800 INFO Not connected to printer.
2025-04-08T17:24:41.112702+0800 ERROR SENT: M105
2025-04-08T17:24:41.112702+0800 ERROR write command M105
2025-04-08T17:24:41.112702+0800 ERROR second command M105
2025-04-08T17:24:41.112702+0800 ERROR finish command M105
2025-04-08T17:24:41.113674+0800 ERROR SENT: G250 S21
2025-04-08T17:24:41.113674+0800 ERROR write command G250 S21
2025-04-08T17:24:41.113674+0800 ERROR second command G250 S21
2025-04-08T17:24:41.113674+0800 ERROR finish command G250 S21
2025-04-08T17:24:41.113674+0800 ERROR SENT: G250 S800
2025-04-08T17:24:41.113674+0800 ERROR write command G250 S800
2025-04-08T17:24:41.113674+0800 ERROR second command G250 S800
2025-04-08T17:24:41.114675+0800 ERROR finish command G250 S800
2025-04-08T17:24:41.114675+0800 ERROR SENT: M154 S1
2025-04-08T17:24:41.114675+0800 ERROR write command M154 S1
2025-04-08T17:24:41.114675+0800 ERROR second command M154 S1
2025-04-08T17:24:41.114675+0800 ERROR finish command M154 S1
2025-04-08T17:24:45.034012+0800 ERROR SENT: M105
2025-04-08T17:24:45.034012+0800 ERROR write command M105
2025-04-08T17:24:45.034012+0800 ERROR second command M105
2025-04-08T17:24:45.034905+0800 ERROR finish command M105
2025-04-08T17:24:45.034905+0800 ERROR SENT: G250 S21
2025-04-08T17:24:45.034905+0800 ERROR write command G250 S21
2025-04-08T17:24:45.034905+0800 ERROR second command G250 S21
2025-04-08T17:24:45.034905+0800 ERROR finish command G250 S21
2025-04-08T17:24:45.034905+0800 ERROR SENT: G250 S800
2025-04-08T17:24:45.034905+0800 ERROR write command G250 S800
2025-04-08T17:24:45.035906+0800 ERROR second command G250 S800
2025-04-08T17:24:45.035906+0800 ERROR finish command G250 S800
2025-04-08T17:24:45.035906+0800 ERROR SENT: M154 S1
2025-04-08T17:24:45.035906+0800 ERROR write command M154 S1
2025-04-08T17:24:45.035906+0800 ERROR second command M154 S1
2025-04-08T17:24:45.035906+0800 ERROR finish command M154 S1
