2025-04-11T12:17:14.038749+0800 INFO 设备已成功连接
2025-04-11T12:17:14.039748+0800 ERROR SENT: M105
2025-04-11T12:17:14.039748+0800 ERROR write command M105
2025-04-11T12:17:14.039748+0800 ERROR second command M105
2025-04-11T12:17:14.039748+0800 ERROR finish command M105
2025-04-11T12:17:14.039748+0800 ERROR SENT: G250 S21
2025-04-11T12:17:14.039748+0800 ERROR write command G250 S21
2025-04-11T12:17:14.039748+0800 ERROR second command G250 S21
2025-04-11T12:17:14.040749+0800 ERROR finish command G250 S21
2025-04-11T12:17:14.040749+0800 ERROR SENT: G250 S800
2025-04-11T12:17:14.040749+0800 ERROR write command G250 S800
2025-04-11T12:17:14.040749+0800 ERROR second command G250 S800
2025-04-11T12:17:14.040749+0800 ERROR finish command G250 S800
2025-04-11T12:17:14.040749+0800 ERROR SENT: M154 S1
2025-04-11T12:17:14.040749+0800 ERROR write command M154 S1
2025-04-11T12:17:14.041747+0800 ERROR second command M154 S1
2025-04-11T12:17:14.041747+0800 ERROR finish command M154 S1
2025-04-11T12:17:17.845178+0800 ERROR SENT: M105
2025-04-11T12:17:17.845178+0800 ERROR write command M105
2025-04-11T12:17:17.845178+0800 ERROR second command M105
2025-04-11T12:17:17.846111+0800 ERROR finish command M105
2025-04-11T12:17:17.846111+0800 ERROR SENT: G250 S21
2025-04-11T12:17:17.846111+0800 ERROR write command G250 S21
2025-04-11T12:17:17.846111+0800 ERROR second command G250 S21
2025-04-11T12:17:17.846111+0800 ERROR finish command G250 S21
2025-04-11T12:17:17.847110+0800 ERROR SENT: G250 S800
2025-04-11T12:17:17.847110+0800 ERROR write command G250 S800
2025-04-11T12:17:17.847110+0800 ERROR second command G250 S800
2025-04-11T12:17:17.847110+0800 ERROR finish command G250 S800
2025-04-11T12:17:17.847110+0800 ERROR SENT: M154 S1
2025-04-11T12:17:17.847110+0800 ERROR write command M154 S1
2025-04-11T12:17:17.847110+0800 ERROR second command M154 S1
2025-04-11T12:17:17.847110+0800 ERROR finish command M154 S1
2025-04-11T12:17:21.985186+0800 ERROR SENT: M105
2025-04-11T12:17:21.985186+0800 ERROR write command M105
2025-04-11T12:17:21.985186+0800 ERROR second command M105
2025-04-11T12:17:21.985186+0800 ERROR finish command M105
2025-04-11T12:17:21.986106+0800 ERROR SENT: G250 S21
2025-04-11T12:17:21.986106+0800 ERROR write command G250 S21
2025-04-11T12:17:21.986106+0800 ERROR second command G250 S21
2025-04-11T12:17:21.986106+0800 ERROR finish command G250 S21
2025-04-11T12:17:21.986106+0800 ERROR SENT: G250 S800
2025-04-11T12:17:21.986106+0800 ERROR write command G250 S800
2025-04-11T12:17:21.986106+0800 ERROR second command G250 S800
2025-04-11T12:17:21.986106+0800 ERROR finish command G250 S800
2025-04-11T12:17:21.987105+0800 ERROR SENT: M154 S1
2025-04-11T12:17:21.987105+0800 ERROR write command M154 S1
2025-04-11T12:17:21.987105+0800 ERROR second command M154 S1
2025-04-11T12:17:21.987105+0800 ERROR finish command M154 S1
2025-04-11T12:17:25.801830+0800 ERROR SENT: M105
2025-04-11T12:17:25.801830+0800 ERROR write command M105
2025-04-11T12:17:25.801830+0800 ERROR second command M105
2025-04-11T12:17:25.801830+0800 ERROR finish command M105
2025-04-11T12:17:25.802754+0800 ERROR SENT: G250 S21
2025-04-11T12:17:25.802754+0800 ERROR write command G250 S21
2025-04-11T12:17:25.802754+0800 ERROR second command G250 S21
2025-04-11T12:17:25.802754+0800 ERROR finish command G250 S21
2025-04-11T12:17:25.802754+0800 ERROR SENT: G250 S800
2025-04-11T12:17:25.802754+0800 ERROR write command G250 S800
2025-04-11T12:17:25.802754+0800 ERROR second command G250 S800
2025-04-11T12:17:25.803754+0800 ERROR finish command G250 S800
2025-04-11T12:17:25.803754+0800 ERROR SENT: M154 S1
2025-04-11T12:17:25.803754+0800 ERROR write command M154 S1
2025-04-11T12:17:25.803754+0800 ERROR second command M154 S1
2025-04-11T12:17:25.803754+0800 ERROR finish command M154 S1
2025-04-11T12:17:29.611621+0800 ERROR SENT: M105
2025-04-11T12:17:29.611621+0800 ERROR write command M105
2025-04-11T12:17:29.611621+0800 ERROR second command M105
2025-04-11T12:17:29.611621+0800 ERROR finish command M105
2025-04-11T12:17:29.612552+0800 ERROR SENT: G250 S21
2025-04-11T12:17:29.612552+0800 ERROR write command G250 S21
2025-04-11T12:17:29.612552+0800 ERROR second command G250 S21
2025-04-11T12:17:29.612552+0800 ERROR finish command G250 S21
2025-04-11T12:17:29.612552+0800 ERROR SENT: G250 S800
2025-04-11T12:17:29.612552+0800 ERROR write command G250 S800
2025-04-11T12:17:29.612552+0800 ERROR second command G250 S800
2025-04-11T12:17:29.612552+0800 ERROR finish command G250 S800
2025-04-11T12:17:29.612552+0800 ERROR SENT: M154 S1
2025-04-11T12:17:29.613552+0800 ERROR write command M154 S1
2025-04-11T12:17:29.613552+0800 ERROR second command M154 S1
2025-04-11T12:17:29.613552+0800 ERROR finish command M154 S1
2025-04-11T12:17:33.447089+0800 ERROR SENT: M105
2025-04-11T12:17:33.447089+0800 ERROR write command M105
2025-04-11T12:17:33.447089+0800 ERROR second command M105
2025-04-11T12:17:33.447089+0800 ERROR finish command M105
2025-04-11T12:17:33.448009+0800 ERROR SENT: G250 S21
2025-04-11T12:17:33.448009+0800 ERROR write command G250 S21
2025-04-11T12:17:33.448009+0800 ERROR second command G250 S21
2025-04-11T12:17:33.448009+0800 ERROR finish command G250 S21
2025-04-11T12:17:33.448009+0800 ERROR SENT: G250 S800
2025-04-11T12:17:33.448009+0800 ERROR write command G250 S800
2025-04-11T12:17:33.448009+0800 ERROR second command G250 S800
2025-04-11T12:17:33.448009+0800 ERROR finish command G250 S800
2025-04-11T12:17:33.448009+0800 ERROR SENT: M154 S1
2025-04-11T12:17:33.449103+0800 ERROR write command M154 S1
2025-04-11T12:17:33.449103+0800 ERROR second command M154 S1
2025-04-11T12:17:33.449103+0800 ERROR finish command M154 S1
2025-04-11T12:17:37.258587+0800 ERROR SENT: M105
2025-04-11T12:17:37.258587+0800 ERROR write command M105
2025-04-11T12:17:37.258587+0800 ERROR second command M105
2025-04-11T12:17:37.259580+0800 ERROR finish command M105
2025-04-11T12:17:37.259580+0800 ERROR SENT: G250 S21
2025-04-11T12:17:37.259580+0800 ERROR write command G250 S21
2025-04-11T12:17:37.259580+0800 ERROR second command G250 S21
2025-04-11T12:17:37.259580+0800 ERROR finish command G250 S21
2025-04-11T12:17:37.259580+0800 ERROR SENT: G250 S800
2025-04-11T12:17:37.259580+0800 ERROR write command G250 S800
2025-04-11T12:17:37.259580+0800 ERROR second command G250 S800
2025-04-11T12:17:37.259580+0800 ERROR finish command G250 S800
2025-04-11T12:17:37.260579+0800 ERROR SENT: M154 S1
2025-04-11T12:17:37.260579+0800 ERROR write command M154 S1
2025-04-11T12:17:37.260579+0800 ERROR second command M154 S1
2025-04-11T12:17:37.260579+0800 ERROR finish command M154 S1
2025-04-11T12:17:41.309425+0800 ERROR SENT: M105
2025-04-11T12:17:41.309425+0800 ERROR write command M105
2025-04-11T12:17:41.309425+0800 ERROR second command M105
2025-04-11T12:17:41.310425+0800 ERROR finish command M105
2025-04-11T12:17:41.310425+0800 ERROR SENT: G250 S21
2025-04-11T12:17:41.310425+0800 ERROR write command G250 S21
2025-04-11T12:17:41.310425+0800 ERROR second command G250 S21
2025-04-11T12:17:41.310425+0800 ERROR finish command G250 S21
2025-04-11T12:17:41.310425+0800 ERROR SENT: G250 S800
2025-04-11T12:17:41.310425+0800 ERROR write command G250 S800
2025-04-11T12:17:41.310425+0800 ERROR second command G250 S800
2025-04-11T12:17:41.310425+0800 ERROR finish command G250 S800
2025-04-11T12:17:41.312424+0800 ERROR SENT: M154 S1
2025-04-11T12:17:41.312424+0800 ERROR write command M154 S1
2025-04-11T12:17:41.312424+0800 ERROR second command M154 S1
2025-04-11T12:17:41.312424+0800 ERROR finish command M154 S1
2025-04-11T12:17:45.549468+0800 ERROR SENT: M105
2025-04-11T12:17:45.549468+0800 ERROR write command M105
2025-04-11T12:17:45.550454+0800 ERROR second command M105
2025-04-11T12:17:45.550454+0800 ERROR finish command M105
2025-04-11T12:17:45.550454+0800 ERROR SENT: G250 S21
2025-04-11T12:17:45.551454+0800 ERROR write command G250 S21
2025-04-11T12:17:45.551454+0800 ERROR second command G250 S21
2025-04-11T12:17:45.551454+0800 ERROR finish command G250 S21
2025-04-11T12:17:45.551454+0800 ERROR SENT: G250 S800
2025-04-11T12:17:45.552454+0800 ERROR write command G250 S800
2025-04-11T12:17:45.552454+0800 ERROR second command G250 S800
2025-04-11T12:17:45.552454+0800 ERROR finish command G250 S800
2025-04-11T12:17:45.552454+0800 ERROR SENT: M154 S1
2025-04-11T12:17:45.552454+0800 ERROR write command M154 S1
2025-04-11T12:17:45.553454+0800 ERROR second command M154 S1
2025-04-11T12:17:45.553454+0800 ERROR finish command M154 S1
2025-04-11T12:17:49.391757+0800 ERROR SENT: M105
2025-04-11T12:17:49.391757+0800 ERROR write command M105
2025-04-11T12:17:49.391757+0800 ERROR second command M105
2025-04-11T12:17:49.392690+0800 ERROR finish command M105
2025-04-11T12:17:49.392690+0800 ERROR SENT: G250 S21
2025-04-11T12:17:49.392690+0800 ERROR write command G250 S21
2025-04-11T12:17:49.392690+0800 ERROR second command G250 S21
2025-04-11T12:17:49.392690+0800 ERROR finish command G250 S21
2025-04-11T12:17:49.392690+0800 ERROR SENT: G250 S800
2025-04-11T12:17:49.392690+0800 ERROR write command G250 S800
2025-04-11T12:17:49.392690+0800 ERROR second command G250 S800
2025-04-11T12:17:49.392690+0800 ERROR finish command G250 S800
2025-04-11T12:17:49.393689+0800 ERROR SENT: M154 S1
2025-04-11T12:17:49.393689+0800 ERROR write command M154 S1
2025-04-11T12:17:49.393689+0800 ERROR second command M154 S1
2025-04-11T12:17:49.393689+0800 ERROR finish command M154 S1
2025-04-11T12:17:53.211291+0800 ERROR SENT: M105
2025-04-11T12:17:53.211291+0800 ERROR write command M105
2025-04-11T12:17:53.211291+0800 ERROR second command M105
2025-04-11T12:17:53.211291+0800 ERROR finish command M105
2025-04-11T12:17:53.211291+0800 ERROR SENT: G250 S21
2025-04-11T12:17:53.212214+0800 ERROR write command G250 S21
2025-04-11T12:17:53.212214+0800 ERROR second command G250 S21
2025-04-11T12:17:53.212214+0800 ERROR finish command G250 S21
2025-04-11T12:17:53.212214+0800 ERROR SENT: G250 S800
2025-04-11T12:17:53.212214+0800 ERROR write command G250 S800
2025-04-11T12:17:53.212214+0800 ERROR second command G250 S800
2025-04-11T12:17:53.212214+0800 ERROR finish command G250 S800
2025-04-11T12:17:53.212214+0800 ERROR SENT: M154 S1
2025-04-11T12:17:53.212214+0800 ERROR write command M154 S1
2025-04-11T12:17:53.213228+0800 ERROR second command M154 S1
2025-04-11T12:17:53.213228+0800 ERROR finish command M154 S1
2025-04-11T12:17:57.057635+0800 ERROR SENT: M105
2025-04-11T12:17:57.057635+0800 ERROR write command M105
2025-04-11T12:17:57.057635+0800 ERROR second command M105
2025-04-11T12:17:57.057635+0800 ERROR finish command M105
2025-04-11T12:17:57.058636+0800 ERROR SENT: G250 S21
2025-04-11T12:17:57.058636+0800 ERROR write command G250 S21
2025-04-11T12:17:57.058636+0800 ERROR second command G250 S21
2025-04-11T12:17:57.058636+0800 ERROR finish command G250 S21
2025-04-11T12:17:57.058636+0800 ERROR SENT: G250 S800
2025-04-11T12:17:57.058636+0800 ERROR write command G250 S800
2025-04-11T12:17:57.058636+0800 ERROR second command G250 S800
2025-04-11T12:17:57.058636+0800 ERROR finish command G250 S800
2025-04-11T12:17:57.059637+0800 ERROR SENT: M154 S1
2025-04-11T12:17:57.059637+0800 ERROR write command M154 S1
2025-04-11T12:17:57.059637+0800 ERROR second command M154 S1
2025-04-11T12:17:57.059637+0800 ERROR finish command M154 S1
2025-04-11T12:18:00.878842+0800 ERROR SENT: M105
2025-04-11T12:18:00.878842+0800 ERROR write command M105
2025-04-11T12:18:00.878842+0800 ERROR second command M105
2025-04-11T12:18:00.878842+0800 ERROR finish command M105
2025-04-11T12:18:00.879812+0800 ERROR SENT: G250 S21
2025-04-11T12:18:00.879812+0800 ERROR write command G250 S21
2025-04-11T12:18:00.879812+0800 ERROR second command G250 S21
2025-04-11T12:18:00.879812+0800 ERROR finish command G250 S21
2025-04-11T12:18:00.879812+0800 ERROR SENT: G250 S800
2025-04-11T12:18:00.879812+0800 ERROR write command G250 S800
2025-04-11T12:18:00.879812+0800 ERROR second command G250 S800
2025-04-11T12:18:00.879812+0800 ERROR finish command G250 S800
2025-04-11T12:18:00.879812+0800 ERROR SENT: M154 S1
2025-04-11T12:18:00.880775+0800 ERROR write command M154 S1
2025-04-11T12:18:00.880775+0800 ERROR second command M154 S1
2025-04-11T12:18:00.880775+0800 ERROR finish command M154 S1
2025-04-11T12:18:04.680369+0800 ERROR SENT: M105
2025-04-11T12:18:04.680369+0800 ERROR write command M105
2025-04-11T12:18:04.680369+0800 ERROR second command M105
2025-04-11T12:18:04.680369+0800 ERROR finish command M105
2025-04-11T12:18:04.680369+0800 ERROR SENT: G250 S21
2025-04-11T12:18:04.681287+0800 ERROR write command G250 S21
2025-04-11T12:18:04.681287+0800 ERROR second command G250 S21
2025-04-11T12:18:04.681287+0800 ERROR finish command G250 S21
2025-04-11T12:18:04.681287+0800 ERROR SENT: G250 S800
2025-04-11T12:18:04.681287+0800 ERROR write command G250 S800
2025-04-11T12:18:04.681287+0800 ERROR second command G250 S800
2025-04-11T12:18:04.682287+0800 ERROR finish command G250 S800
2025-04-11T12:18:04.682287+0800 ERROR SENT: M154 S1
2025-04-11T12:18:04.682287+0800 ERROR write command M154 S1
2025-04-11T12:18:04.682287+0800 ERROR second command M154 S1
2025-04-11T12:18:04.682287+0800 ERROR finish command M154 S1
