2025-04-11T12:18:38.425328+0800 INFO 设备已成功连接
2025-04-11T12:18:38.425328+0800 ERROR SENT: M105
2025-04-11T12:18:38.426328+0800 ERROR write command M105
2025-04-11T12:18:38.426328+0800 ERROR second command M105
2025-04-11T12:18:38.426328+0800 ERROR finish command M105
2025-04-11T12:18:38.426328+0800 ERROR SENT: G250 S21
2025-04-11T12:18:38.426328+0800 ERROR write command G250 S21
2025-04-11T12:18:38.426328+0800 ERROR second command G250 S21
2025-04-11T12:18:38.426328+0800 ERROR finish command G250 S21
2025-04-11T12:18:38.426328+0800 ERROR SENT: G250 S800
2025-04-11T12:18:38.426328+0800 ERROR write command G250 S800
2025-04-11T12:18:38.427328+0800 ERROR second command G250 S800
2025-04-11T12:18:38.427328+0800 ERROR finish command G250 S800
2025-04-11T12:18:38.427328+0800 ERROR SENT: M154 S1
2025-04-11T12:18:38.427328+0800 ERROR write command M154 S1
2025-04-11T12:18:38.428330+0800 ERROR second command M154 S1
2025-04-11T12:18:38.428330+0800 ERROR finish command M154 S1
2025-04-11T12:18:42.247987+0800 ERROR SENT: M105
2025-04-11T12:18:42.247987+0800 ERROR write command M105
2025-04-11T12:18:42.247987+0800 ERROR second command M105
2025-04-11T12:18:42.247987+0800 ERROR finish command M105
2025-04-11T12:18:42.248909+0800 ERROR SENT: G250 S21
2025-04-11T12:18:42.248909+0800 ERROR write command G250 S21
2025-04-11T12:18:42.248909+0800 ERROR second command G250 S21
2025-04-11T12:18:42.248909+0800 ERROR finish command G250 S21
2025-04-11T12:18:42.248909+0800 ERROR SENT: G250 S800
2025-04-11T12:18:42.248909+0800 ERROR write command G250 S800
2025-04-11T12:18:42.249908+0800 ERROR second command G250 S800
2025-04-11T12:18:42.249908+0800 ERROR finish command G250 S800
2025-04-11T12:18:42.249908+0800 ERROR SENT: M154 S1
2025-04-11T12:18:42.249908+0800 ERROR write command M154 S1
2025-04-11T12:18:42.249908+0800 ERROR second command M154 S1
2025-04-11T12:18:42.249908+0800 ERROR finish command M154 S1
2025-04-11T12:18:46.385556+0800 ERROR SENT: M105
2025-04-11T12:18:46.385556+0800 ERROR write command M105
2025-04-11T12:18:46.385556+0800 ERROR second command M105
2025-04-11T12:18:46.385556+0800 ERROR finish command M105
2025-04-11T12:18:46.385556+0800 ERROR SENT: G250 S21
2025-04-11T12:18:46.386479+0800 ERROR write command G250 S21
2025-04-11T12:18:46.386479+0800 ERROR second command G250 S21
2025-04-11T12:18:46.386479+0800 ERROR finish command G250 S21
2025-04-11T12:18:46.386479+0800 ERROR SENT: G250 S800
2025-04-11T12:18:46.386479+0800 ERROR write command G250 S800
2025-04-11T12:18:46.387478+0800 ERROR second command G250 S800
2025-04-11T12:18:46.387478+0800 ERROR finish command G250 S800
2025-04-11T12:18:46.387478+0800 ERROR SENT: M154 S1
2025-04-11T12:18:46.387478+0800 ERROR write command M154 S1
2025-04-11T12:18:46.387478+0800 ERROR second command M154 S1
2025-04-11T12:18:46.387478+0800 ERROR finish command M154 S1
2025-04-11T12:18:50.214652+0800 ERROR SENT: M105
2025-04-11T12:18:50.214652+0800 ERROR write command M105
2025-04-11T12:18:50.214652+0800 ERROR second command M105
2025-04-11T12:18:50.214652+0800 ERROR finish command M105
2025-04-11T12:18:50.214652+0800 ERROR SENT: G250 S21
2025-04-11T12:18:50.214652+0800 ERROR write command G250 S21
2025-04-11T12:18:50.215645+0800 ERROR second command G250 S21
2025-04-11T12:18:50.215645+0800 ERROR finish command G250 S21
2025-04-11T12:18:50.215645+0800 ERROR SENT: G250 S800
2025-04-11T12:18:50.215645+0800 ERROR write command G250 S800
2025-04-11T12:18:50.215645+0800 ERROR second command G250 S800
2025-04-11T12:18:50.215645+0800 ERROR finish command G250 S800
2025-04-11T12:18:50.215645+0800 ERROR SENT: M154 S1
2025-04-11T12:18:50.215645+0800 ERROR write command M154 S1
2025-04-11T12:18:50.216644+0800 ERROR second command M154 S1
2025-04-11T12:18:50.216644+0800 ERROR finish command M154 S1
2025-04-11T12:18:54.051015+0800 ERROR SENT: M105
2025-04-11T12:18:54.051015+0800 ERROR write command M105
2025-04-11T12:18:54.051944+0800 ERROR second command M105
2025-04-11T12:18:54.051944+0800 ERROR finish command M105
2025-04-11T12:18:54.051944+0800 ERROR SENT: G250 S21
2025-04-11T12:18:54.051944+0800 ERROR write command G250 S21
2025-04-11T12:18:54.051944+0800 ERROR second command G250 S21
2025-04-11T12:18:54.051944+0800 ERROR finish command G250 S21
2025-04-11T12:18:54.051944+0800 ERROR SENT: G250 S800
2025-04-11T12:18:54.052945+0800 ERROR write command G250 S800
2025-04-11T12:18:54.052945+0800 ERROR second command G250 S800
2025-04-11T12:18:54.052945+0800 ERROR finish command G250 S800
2025-04-11T12:18:54.052945+0800 ERROR SENT: M154 S1
2025-04-11T12:18:54.052945+0800 ERROR write command M154 S1
2025-04-11T12:18:54.052945+0800 ERROR second command M154 S1
2025-04-11T12:18:54.052945+0800 ERROR finish command M154 S1
