2025-04-07T15:42:57.792761+0800 INFO 设备已成功连接
2025-04-07T15:42:57.793760+0800 ERROR SENT: M105
2025-04-07T15:42:57.793760+0800 ERROR write command M105
2025-04-07T15:42:57.793760+0800 ERROR second command M105
2025-04-07T15:42:57.794760+0800 ERROR finish command M105
2025-04-07T15:42:57.794760+0800 ERROR SENT: G250 S21
2025-04-07T15:42:57.794760+0800 ERROR write command G250 S21
2025-04-07T15:42:57.794760+0800 ERROR second command G250 S21
2025-04-07T15:42:57.795761+0800 ERROR finish command G250 S21
2025-04-07T15:42:57.795761+0800 ERROR SENT: G250 S800
2025-04-07T15:42:57.795761+0800 ERROR write command G250 S800
2025-04-07T15:42:57.795761+0800 ERROR second command G250 S800
2025-04-07T15:42:57.795761+0800 ERROR finish command G250 S800
2025-04-07T15:42:57.795761+0800 ERROR SENT: M154 S1
2025-04-07T15:42:57.795761+0800 ERROR write command M154 S1
2025-04-07T15:42:57.796761+0800 ERROR second command M154 S1
2025-04-07T15:42:57.796761+0800 ERROR finish command M154 S1
2025-04-07T15:43:01.661102+0800 ERROR SENT: M105
2025-04-07T15:43:01.661102+0800 ERROR write command M105
2025-04-07T15:43:01.661102+0800 ERROR second command M105
2025-04-07T15:43:01.662102+0800 ERROR finish command M105
2025-04-07T15:43:01.662102+0800 ERROR SENT: G250 S21
2025-04-07T15:43:01.662102+0800 ERROR write command G250 S21
2025-04-07T15:43:01.662102+0800 ERROR second command G250 S21
2025-04-07T15:43:01.662102+0800 ERROR finish command G250 S21
2025-04-07T15:43:01.662102+0800 ERROR SENT: G250 S800
2025-04-07T15:43:01.662102+0800 ERROR write command G250 S800
2025-04-07T15:43:01.662102+0800 ERROR second command G250 S800
2025-04-07T15:43:01.663103+0800 ERROR finish command G250 S800
2025-04-07T15:43:01.663103+0800 ERROR SENT: M154 S1
2025-04-07T15:43:01.663103+0800 ERROR write command M154 S1
2025-04-07T15:43:01.663103+0800 ERROR second command M154 S1
2025-04-07T15:43:01.663103+0800 ERROR finish command M154 S1
2025-04-07T15:43:05.668573+0800 ERROR SENT: M105
2025-04-07T15:43:05.668573+0800 ERROR write command M105
2025-04-07T15:43:05.669499+0800 ERROR second command M105
2025-04-07T15:43:05.669499+0800 ERROR finish command M105
2025-04-07T15:43:05.669499+0800 ERROR SENT: G250 S21
2025-04-07T15:43:05.669499+0800 ERROR write command G250 S21
2025-04-07T15:43:05.669499+0800 ERROR second command G250 S21
2025-04-07T15:43:05.670498+0800 ERROR finish command G250 S21
2025-04-07T15:43:05.670498+0800 ERROR SENT: G250 S800
2025-04-07T15:43:05.670498+0800 ERROR write command G250 S800
2025-04-07T15:43:05.670498+0800 ERROR second command G250 S800
2025-04-07T15:43:05.670498+0800 ERROR finish command G250 S800
2025-04-07T15:43:05.670498+0800 ERROR SENT: M154 S1
2025-04-07T15:43:05.670498+0800 ERROR write command M154 S1
2025-04-07T15:43:05.670498+0800 ERROR second command M154 S1
2025-04-07T15:43:05.670498+0800 ERROR finish command M154 S1
2025-04-07T15:43:09.574140+0800 ERROR SENT: M105
2025-04-07T15:43:09.574140+0800 ERROR write command M105
2025-04-07T15:43:09.574140+0800 ERROR second command M105
2025-04-07T15:43:09.574140+0800 ERROR finish command M105
2025-04-07T15:43:09.574140+0800 ERROR SENT: G250 S21
2025-04-07T15:43:09.575240+0800 ERROR write command G250 S21
2025-04-07T15:43:09.575240+0800 ERROR second command G250 S21
2025-04-07T15:43:09.575240+0800 ERROR finish command G250 S21
2025-04-07T15:43:09.575240+0800 ERROR SENT: G250 S800
2025-04-07T15:43:09.575240+0800 ERROR write command G250 S800
2025-04-07T15:43:09.575240+0800 ERROR second command G250 S800
2025-04-07T15:43:09.575240+0800 ERROR finish command G250 S800
2025-04-07T15:43:09.575240+0800 ERROR SENT: M154 S1
2025-04-07T15:43:09.575240+0800 ERROR write command M154 S1
2025-04-07T15:43:09.575240+0800 ERROR second command M154 S1
2025-04-07T15:43:09.576240+0800 ERROR finish command M154 S1
2025-04-07T15:43:13.468300+0800 ERROR SENT: M105
2025-04-07T15:43:13.468300+0800 ERROR write command M105
2025-04-07T15:43:13.468300+0800 ERROR second command M105
2025-04-07T15:43:13.469233+0800 ERROR finish command M105
2025-04-07T15:43:13.469233+0800 ERROR SENT: G250 S21
2025-04-07T15:43:13.469233+0800 ERROR write command G250 S21
2025-04-07T15:43:13.469233+0800 ERROR second command G250 S21
2025-04-07T15:43:13.469233+0800 ERROR finish command G250 S21
2025-04-07T15:43:13.469233+0800 ERROR SENT: G250 S800
2025-04-07T15:43:13.469233+0800 ERROR write command G250 S800
2025-04-07T15:43:13.469233+0800 ERROR second command G250 S800
2025-04-07T15:43:13.469233+0800 ERROR finish command G250 S800
2025-04-07T15:43:13.470233+0800 ERROR SENT: M154 S1
2025-04-07T15:43:13.470233+0800 ERROR write command M154 S1
2025-04-07T15:43:13.470233+0800 ERROR second command M154 S1
2025-04-07T15:43:13.470233+0800 ERROR finish command M154 S1
2025-04-07T15:43:17.392577+0800 ERROR SENT: M105
2025-04-07T15:43:17.392577+0800 ERROR write command M105
2025-04-07T15:43:17.392577+0800 ERROR second command M105
2025-04-07T15:43:17.392577+0800 ERROR finish command M105
2025-04-07T15:43:17.393481+0800 ERROR SENT: G250 S21
2025-04-07T15:43:17.393481+0800 ERROR write command G250 S21
2025-04-07T15:43:17.393481+0800 ERROR second command G250 S21
2025-04-07T15:43:17.393481+0800 ERROR finish command G250 S21
2025-04-07T15:43:17.393481+0800 ERROR SENT: G250 S800
2025-04-07T15:43:17.393481+0800 ERROR write command G250 S800
2025-04-07T15:43:17.393481+0800 ERROR second command G250 S800
2025-04-07T15:43:17.393481+0800 ERROR finish command G250 S800
2025-04-07T15:43:17.393481+0800 ERROR SENT: M154 S1
2025-04-07T15:43:17.394488+0800 ERROR write command M154 S1
2025-04-07T15:43:17.394488+0800 ERROR second command M154 S1
2025-04-07T15:43:17.394488+0800 ERROR finish command M154 S1
2025-04-07T15:43:21.437291+0800 ERROR SENT: M105
2025-04-07T15:43:21.437291+0800 ERROR write command M105
2025-04-07T15:43:21.437291+0800 ERROR second command M105
2025-04-07T15:43:21.438290+0800 ERROR finish command M105
2025-04-07T15:43:21.438290+0800 ERROR SENT: G250 S21
2025-04-07T15:43:21.438290+0800 ERROR write command G250 S21
2025-04-07T15:43:21.438290+0800 ERROR second command G250 S21
2025-04-07T15:43:21.438290+0800 ERROR finish command G250 S21
2025-04-07T15:43:21.438290+0800 ERROR SENT: G250 S800
2025-04-07T15:43:21.439291+0800 ERROR write command G250 S800
2025-04-07T15:43:21.439291+0800 ERROR second command G250 S800
2025-04-07T15:43:21.439291+0800 ERROR finish command G250 S800
2025-04-07T15:43:21.439291+0800 ERROR SENT: M154 S1
2025-04-07T15:43:21.439291+0800 ERROR write command M154 S1
2025-04-07T15:43:21.439291+0800 ERROR second command M154 S1
2025-04-07T15:43:21.439291+0800 ERROR finish command M154 S1
2025-04-07T15:43:25.632665+0800 ERROR SENT: M105
2025-04-07T15:43:25.632665+0800 ERROR write command M105
2025-04-07T15:43:25.633665+0800 ERROR second command M105
2025-04-07T15:43:25.633665+0800 ERROR finish command M105
2025-04-07T15:43:25.633665+0800 ERROR SENT: G250 S21
2025-04-07T15:43:25.633665+0800 ERROR write command G250 S21
2025-04-07T15:43:25.633665+0800 ERROR second command G250 S21
2025-04-07T15:43:25.633665+0800 ERROR finish command G250 S21
2025-04-07T15:43:25.634665+0800 ERROR SENT: G250 S800
2025-04-07T15:43:25.634665+0800 ERROR write command G250 S800
2025-04-07T15:43:25.635666+0800 ERROR second command G250 S800
2025-04-07T15:43:25.635666+0800 ERROR finish command G250 S800
2025-04-07T15:43:25.635666+0800 ERROR SENT: M154 S1
2025-04-07T15:43:25.635666+0800 ERROR write command M154 S1
2025-04-07T15:43:25.636665+0800 ERROR second command M154 S1
2025-04-07T15:43:25.636665+0800 ERROR finish command M154 S1
2025-04-07T15:43:29.513956+0800 ERROR SENT: M105
2025-04-07T15:43:29.513956+0800 ERROR write command M105
2025-04-07T15:43:29.513956+0800 ERROR second command M105
2025-04-07T15:43:29.514957+0800 ERROR finish command M105
2025-04-07T15:43:29.514957+0800 ERROR SENT: G250 S21
2025-04-07T15:43:29.514957+0800 ERROR write command G250 S21
2025-04-07T15:43:29.514957+0800 ERROR second command G250 S21
2025-04-07T15:43:29.514957+0800 ERROR finish command G250 S21
2025-04-07T15:43:29.514957+0800 ERROR SENT: G250 S800
2025-04-07T15:43:29.515956+0800 ERROR write command G250 S800
2025-04-07T15:43:29.515956+0800 ERROR second command G250 S800
2025-04-07T15:43:29.515956+0800 ERROR finish command G250 S800
2025-04-07T15:43:29.515956+0800 ERROR SENT: M154 S1
2025-04-07T15:43:29.515956+0800 ERROR write command M154 S1
2025-04-07T15:43:29.515956+0800 ERROR second command M154 S1
2025-04-07T15:43:29.516956+0800 ERROR finish command M154 S1
2025-04-07T15:43:33.413237+0800 ERROR SENT: M105
2025-04-07T15:43:33.413237+0800 ERROR write command M105
2025-04-07T15:43:33.413237+0800 ERROR second command M105
2025-04-07T15:43:33.413237+0800 ERROR finish command M105
2025-04-07T15:43:33.413237+0800 ERROR SENT: G250 S21
2025-04-07T15:43:33.414225+0800 ERROR write command G250 S21
2025-04-07T15:43:33.414225+0800 ERROR second command G250 S21
2025-04-07T15:43:33.414225+0800 ERROR finish command G250 S21
2025-04-07T15:43:33.414225+0800 ERROR SENT: G250 S800
2025-04-07T15:43:33.414225+0800 ERROR write command G250 S800
2025-04-07T15:43:33.414225+0800 ERROR second command G250 S800
2025-04-07T15:43:33.414225+0800 ERROR finish command G250 S800
2025-04-07T15:43:33.414225+0800 ERROR SENT: M154 S1
2025-04-07T15:43:33.414225+0800 ERROR write command M154 S1
2025-04-07T15:43:33.415224+0800 ERROR second command M154 S1
2025-04-07T15:43:33.415224+0800 ERROR finish command M154 S1
2025-04-07T15:43:37.346793+0800 ERROR SENT: M105
2025-04-07T15:43:37.346793+0800 ERROR write command M105
2025-04-07T15:43:37.346793+0800 ERROR second command M105
2025-04-07T15:43:37.346793+0800 ERROR finish command M105
2025-04-07T15:43:37.347715+0800 ERROR SENT: G250 S21
2025-04-07T15:43:37.347715+0800 ERROR write command G250 S21
2025-04-07T15:43:37.347715+0800 ERROR second command G250 S21
2025-04-07T15:43:37.347715+0800 ERROR finish command G250 S21
2025-04-07T15:43:37.347715+0800 ERROR SENT: G250 S800
2025-04-07T15:43:37.347715+0800 ERROR write command G250 S800
2025-04-07T15:43:37.347715+0800 ERROR second command G250 S800
2025-04-07T15:43:37.348713+0800 ERROR finish command G250 S800
2025-04-07T15:43:37.348713+0800 ERROR SENT: M154 S1
2025-04-07T15:43:37.348713+0800 ERROR write command M154 S1
2025-04-07T15:43:37.348713+0800 ERROR second command M154 S1
2025-04-07T15:43:37.348713+0800 ERROR finish command M154 S1
2025-04-07T15:43:41.231375+0800 ERROR SENT: M105
2025-04-07T15:43:41.231375+0800 ERROR write command M105
2025-04-07T15:43:41.231375+0800 ERROR second command M105
2025-04-07T15:43:41.231375+0800 ERROR finish command M105
2025-04-07T15:43:41.231375+0800 ERROR SENT: G250 S21
2025-04-07T15:43:41.232281+0800 ERROR write command G250 S21
2025-04-07T15:43:41.232281+0800 ERROR second command G250 S21
2025-04-07T15:43:41.232281+0800 ERROR finish command G250 S21
2025-04-07T15:43:41.232281+0800 ERROR SENT: G250 S800
2025-04-07T15:43:41.232281+0800 ERROR write command G250 S800
2025-04-07T15:43:41.232281+0800 ERROR second command G250 S800
2025-04-07T15:43:41.232281+0800 ERROR finish command G250 S800
2025-04-07T15:43:41.233282+0800 ERROR SENT: M154 S1
2025-04-07T15:43:41.233282+0800 ERROR write command M154 S1
2025-04-07T15:43:41.233282+0800 ERROR second command M154 S1
2025-04-07T15:43:41.233282+0800 ERROR finish command M154 S1
2025-04-07T15:43:45.151458+0800 ERROR SENT: M105
2025-04-07T15:43:45.151458+0800 ERROR write command M105
2025-04-07T15:43:45.152458+0800 ERROR second command M105
2025-04-07T15:43:45.152458+0800 ERROR finish command M105
2025-04-07T15:43:45.152458+0800 ERROR SENT: G250 S21
2025-04-07T15:43:45.152458+0800 ERROR write command G250 S21
2025-04-07T15:43:45.152458+0800 ERROR second command G250 S21
2025-04-07T15:43:45.152458+0800 ERROR finish command G250 S21
2025-04-07T15:43:45.152458+0800 ERROR SENT: G250 S800
2025-04-07T15:43:45.153458+0800 ERROR write command G250 S800
2025-04-07T15:43:45.153458+0800 ERROR second command G250 S800
2025-04-07T15:43:45.153458+0800 ERROR finish command G250 S800
2025-04-07T15:43:45.153458+0800 ERROR SENT: M154 S1
2025-04-07T15:43:45.153458+0800 ERROR write command M154 S1
2025-04-07T15:43:45.153458+0800 ERROR second command M154 S1
2025-04-07T15:43:45.153458+0800 ERROR finish command M154 S1
2025-04-07T15:43:49.075922+0800 ERROR SENT: M105
2025-04-07T15:43:49.075922+0800 ERROR write command M105
2025-04-07T15:43:49.075922+0800 ERROR second command M105
2025-04-07T15:43:49.076850+0800 ERROR finish command M105
2025-04-07T15:43:49.076850+0800 ERROR SENT: G250 S21
2025-04-07T15:43:49.076850+0800 ERROR write command G250 S21
2025-04-07T15:43:49.076850+0800 ERROR second command G250 S21
2025-04-07T15:43:49.076850+0800 ERROR finish command G250 S21
2025-04-07T15:43:49.076850+0800 ERROR SENT: G250 S800
2025-04-07T15:43:49.076850+0800 ERROR write command G250 S800
2025-04-07T15:43:49.077849+0800 ERROR second command G250 S800
2025-04-07T15:43:49.077849+0800 ERROR finish command G250 S800
2025-04-07T15:43:49.077849+0800 ERROR SENT: M154 S1
2025-04-07T15:43:49.077849+0800 ERROR write command M154 S1
2025-04-07T15:43:49.077849+0800 ERROR second command M154 S1
2025-04-07T15:43:49.077849+0800 ERROR finish command M154 S1
2025-04-07T15:43:52.996192+0800 ERROR SENT: M105
2025-04-07T15:43:52.996192+0800 ERROR write command M105
2025-04-07T15:43:52.996192+0800 ERROR second command M105
2025-04-07T15:43:52.996192+0800 ERROR finish command M105
2025-04-07T15:43:52.996192+0800 ERROR SENT: G250 S21
2025-04-07T15:43:52.996192+0800 ERROR write command G250 S21
2025-04-07T15:43:52.996192+0800 ERROR second command G250 S21
2025-04-07T15:43:52.997121+0800 ERROR finish command G250 S21
2025-04-07T15:43:52.997121+0800 ERROR SENT: G250 S800
2025-04-07T15:43:52.997121+0800 ERROR write command G250 S800
2025-04-07T15:43:52.997121+0800 ERROR second command G250 S800
2025-04-07T15:43:52.997121+0800 ERROR finish command G250 S800
2025-04-07T15:43:52.997121+0800 ERROR SENT: M154 S1
2025-04-07T15:43:52.997121+0800 ERROR write command M154 S1
2025-04-07T15:43:52.998113+0800 ERROR second command M154 S1
2025-04-07T15:43:52.998113+0800 ERROR finish command M154 S1
2025-04-07T15:43:56.917656+0800 ERROR SENT: M105
2025-04-07T15:43:56.917656+0800 ERROR write command M105
2025-04-07T15:43:56.917656+0800 ERROR second command M105
2025-04-07T15:43:56.917656+0800 ERROR finish command M105
2025-04-07T15:43:56.917656+0800 ERROR SENT: G250 S21
2025-04-07T15:43:56.918590+0800 ERROR write command G250 S21
2025-04-07T15:43:56.918590+0800 ERROR second command G250 S21
2025-04-07T15:43:56.918590+0800 ERROR finish command G250 S21
2025-04-07T15:43:56.918590+0800 ERROR SENT: G250 S800
2025-04-07T15:43:56.918590+0800 ERROR write command G250 S800
2025-04-07T15:43:56.918590+0800 ERROR second command G250 S800
2025-04-07T15:43:56.918590+0800 ERROR finish command G250 S800
2025-04-07T15:43:56.918590+0800 ERROR SENT: M154 S1
2025-04-07T15:43:56.919588+0800 ERROR write command M154 S1
2025-04-07T15:43:56.919588+0800 ERROR second command M154 S1
2025-04-07T15:43:56.919588+0800 ERROR finish command M154 S1
2025-04-07T15:44:00.866765+0800 ERROR SENT: M105
2025-04-07T15:44:00.866765+0800 ERROR write command M105
2025-04-07T15:44:00.866765+0800 ERROR second command M105
2025-04-07T15:44:00.867765+0800 ERROR finish command M105
2025-04-07T15:44:00.867765+0800 ERROR SENT: G250 S21
2025-04-07T15:44:00.867765+0800 ERROR write command G250 S21
2025-04-07T15:44:00.867765+0800 ERROR second command G250 S21
2025-04-07T15:44:00.867765+0800 ERROR finish command G250 S21
2025-04-07T15:44:00.868766+0800 ERROR SENT: G250 S800
2025-04-07T15:44:00.868766+0800 ERROR write command G250 S800
2025-04-07T15:44:00.868766+0800 ERROR second command G250 S800
2025-04-07T15:44:00.868766+0800 ERROR finish command G250 S800
2025-04-07T15:44:00.868766+0800 ERROR SENT: M154 S1
2025-04-07T15:44:00.869766+0800 ERROR write command M154 S1
2025-04-07T15:44:00.869766+0800 ERROR second command M154 S1
2025-04-07T15:44:00.869766+0800 ERROR finish command M154 S1
2025-04-07T15:44:04.773381+0800 ERROR SENT: M105
2025-04-07T15:44:04.774287+0800 ERROR write command M105
2025-04-07T15:44:04.774287+0800 ERROR second command M105
2025-04-07T15:44:04.774287+0800 ERROR finish command M105
2025-04-07T15:44:04.774287+0800 ERROR SENT: G250 S21
2025-04-07T15:44:04.774287+0800 ERROR write command G250 S21
2025-04-07T15:44:04.775286+0800 ERROR second command G250 S21
2025-04-07T15:44:04.775286+0800 ERROR finish command G250 S21
2025-04-07T15:44:04.775286+0800 ERROR SENT: G250 S800
2025-04-07T15:44:04.775286+0800 ERROR write command G250 S800
2025-04-07T15:44:04.775286+0800 ERROR second command G250 S800
2025-04-07T15:44:04.775286+0800 ERROR finish command G250 S800
2025-04-07T15:44:04.776290+0800 ERROR SENT: M154 S1
2025-04-07T15:44:04.776290+0800 ERROR write command M154 S1
2025-04-07T15:44:04.776290+0800 ERROR second command M154 S1
2025-04-07T15:44:04.776290+0800 ERROR finish command M154 S1
2025-04-07T15:44:08.691503+0800 ERROR SENT: M105
2025-04-07T15:44:08.692424+0800 ERROR write command M105
2025-04-07T15:44:08.692424+0800 ERROR second command M105
2025-04-07T15:44:08.692424+0800 ERROR finish command M105
2025-04-07T15:44:08.693423+0800 ERROR SENT: G250 S21
2025-04-07T15:44:08.693423+0800 ERROR write command G250 S21
2025-04-07T15:44:08.693423+0800 ERROR second command G250 S21
2025-04-07T15:44:08.693423+0800 ERROR finish command G250 S21
2025-04-07T15:44:08.693423+0800 ERROR SENT: G250 S800
2025-04-07T15:44:08.693423+0800 ERROR write command G250 S800
2025-04-07T15:44:08.694422+0800 ERROR second command G250 S800
2025-04-07T15:44:08.694422+0800 ERROR finish command G250 S800
2025-04-07T15:44:08.694422+0800 ERROR SENT: M154 S1
2025-04-07T15:44:08.694422+0800 ERROR write command M154 S1
2025-04-07T15:44:08.694422+0800 ERROR second command M154 S1
2025-04-07T15:44:08.694422+0800 ERROR finish command M154 S1
2025-04-07T15:44:12.596832+0800 ERROR SENT: M105
2025-04-07T15:44:12.596832+0800 ERROR write command M105
2025-04-07T15:44:12.596832+0800 ERROR second command M105
2025-04-07T15:44:12.597830+0800 ERROR finish command M105
2025-04-07T15:44:12.597830+0800 ERROR SENT: G250 S21
2025-04-07T15:44:12.597830+0800 ERROR write command G250 S21
2025-04-07T15:44:12.597830+0800 ERROR second command G250 S21
2025-04-07T15:44:12.597830+0800 ERROR finish command G250 S21
2025-04-07T15:44:12.597830+0800 ERROR SENT: G250 S800
2025-04-07T15:44:12.597830+0800 ERROR write command G250 S800
2025-04-07T15:44:12.597830+0800 ERROR second command G250 S800
2025-04-07T15:44:12.597830+0800 ERROR finish command G250 S800
2025-04-07T15:44:12.597830+0800 ERROR SENT: M154 S1
2025-04-07T15:44:12.598828+0800 ERROR write command M154 S1
2025-04-07T15:44:12.598828+0800 ERROR second command M154 S1
2025-04-07T15:44:12.598828+0800 ERROR finish command M154 S1
2025-04-07T15:44:16.516203+0800 ERROR SENT: M105
2025-04-07T15:44:16.516203+0800 ERROR write command M105
2025-04-07T15:44:16.516203+0800 ERROR second command M105
2025-04-07T15:44:16.516203+0800 ERROR finish command M105
2025-04-07T15:44:16.517134+0800 ERROR SENT: G250 S21
2025-04-07T15:44:16.517134+0800 ERROR write command G250 S21
2025-04-07T15:44:16.517134+0800 ERROR second command G250 S21
2025-04-07T15:44:16.517134+0800 ERROR finish command G250 S21
2025-04-07T15:44:16.517134+0800 ERROR SENT: G250 S800
2025-04-07T15:44:16.517134+0800 ERROR write command G250 S800
2025-04-07T15:44:16.517134+0800 ERROR second command G250 S800
2025-04-07T15:44:16.518134+0800 ERROR finish command G250 S800
2025-04-07T15:44:16.518134+0800 ERROR SENT: M154 S1
2025-04-07T15:44:16.518134+0800 ERROR write command M154 S1
2025-04-07T15:44:16.518134+0800 ERROR second command M154 S1
2025-04-07T15:44:16.518134+0800 ERROR finish command M154 S1
2025-04-07T15:44:20.417769+0800 ERROR SENT: M105
2025-04-07T15:44:20.417769+0800 ERROR write command M105
2025-04-07T15:44:20.417769+0800 ERROR second command M105
2025-04-07T15:44:20.417769+0800 ERROR finish command M105
2025-04-07T15:44:20.418761+0800 ERROR SENT: G250 S21
2025-04-07T15:44:20.418761+0800 ERROR write command G250 S21
2025-04-07T15:44:20.418761+0800 ERROR second command G250 S21
2025-04-07T15:44:20.418761+0800 ERROR finish command G250 S21
2025-04-07T15:44:20.418761+0800 ERROR SENT: G250 S800
2025-04-07T15:44:20.418761+0800 ERROR write command G250 S800
2025-04-07T15:44:20.418761+0800 ERROR second command G250 S800
2025-04-07T15:44:20.418761+0800 ERROR finish command G250 S800
2025-04-07T15:44:20.418761+0800 ERROR SENT: M154 S1
2025-04-07T15:44:20.418761+0800 ERROR write command M154 S1
2025-04-07T15:44:20.419759+0800 ERROR second command M154 S1
2025-04-07T15:44:20.419759+0800 ERROR finish command M154 S1
2025-04-07T15:44:24.335884+0800 ERROR SENT: M105
2025-04-07T15:44:24.335884+0800 ERROR write command M105
2025-04-07T15:44:24.335884+0800 ERROR second command M105
2025-04-07T15:44:24.335884+0800 ERROR finish command M105
2025-04-07T15:44:24.335884+0800 ERROR SENT: G250 S21
2025-04-07T15:44:24.335884+0800 ERROR write command G250 S21
2025-04-07T15:44:24.336814+0800 ERROR second command G250 S21
2025-04-07T15:44:24.336814+0800 ERROR finish command G250 S21
2025-04-07T15:44:24.336814+0800 ERROR SENT: G250 S800
2025-04-07T15:44:24.336814+0800 ERROR write command G250 S800
2025-04-07T15:44:24.336814+0800 ERROR second command G250 S800
2025-04-07T15:44:24.336814+0800 ERROR finish command G250 S800
2025-04-07T15:44:24.336814+0800 ERROR SENT: M154 S1
2025-04-07T15:44:24.336814+0800 ERROR write command M154 S1
2025-04-07T15:44:24.336814+0800 ERROR second command M154 S1
2025-04-07T15:44:24.336814+0800 ERROR finish command M154 S1
2025-04-07T15:44:28.266949+0800 ERROR SENT: M105
2025-04-07T15:44:28.266949+0800 ERROR write command M105
2025-04-07T15:44:28.267950+0800 ERROR second command M105
2025-04-07T15:44:28.267950+0800 ERROR finish command M105
2025-04-07T15:44:28.267950+0800 ERROR SENT: G250 S21
2025-04-07T15:44:28.267950+0800 ERROR write command G250 S21
2025-04-07T15:44:28.267950+0800 ERROR second command G250 S21
2025-04-07T15:44:28.268948+0800 ERROR finish command G250 S21
2025-04-07T15:44:28.268948+0800 ERROR SENT: G250 S800
2025-04-07T15:44:28.268948+0800 ERROR write command G250 S800
2025-04-07T15:44:28.268948+0800 ERROR second command G250 S800
2025-04-07T15:44:28.269949+0800 ERROR finish command G250 S800
2025-04-07T15:44:28.269949+0800 ERROR SENT: M154 S1
2025-04-07T15:44:28.269949+0800 ERROR write command M154 S1
2025-04-07T15:44:28.269949+0800 ERROR second command M154 S1
2025-04-07T15:44:28.269949+0800 ERROR finish command M154 S1
2025-04-07T15:44:32.163864+0800 ERROR SENT: M105
2025-04-07T15:44:32.163864+0800 ERROR write command M105
2025-04-07T15:44:32.163864+0800 ERROR second command M105
2025-04-07T15:44:32.163864+0800 ERROR finish command M105
2025-04-07T15:44:32.164864+0800 ERROR SENT: G250 S21
2025-04-07T15:44:32.164864+0800 ERROR write command G250 S21
2025-04-07T15:44:32.164864+0800 ERROR second command G250 S21
2025-04-07T15:44:32.164864+0800 ERROR finish command G250 S21
2025-04-07T15:44:32.164864+0800 ERROR SENT: G250 S800
2025-04-07T15:44:32.164864+0800 ERROR write command G250 S800
2025-04-07T15:44:32.164864+0800 ERROR second command G250 S800
2025-04-07T15:44:32.165863+0800 ERROR finish command G250 S800
2025-04-07T15:44:32.165863+0800 ERROR SENT: M154 S1
2025-04-07T15:44:32.165863+0800 ERROR write command M154 S1
2025-04-07T15:44:32.165863+0800 ERROR second command M154 S1
2025-04-07T15:44:32.165863+0800 ERROR finish command M154 S1
2025-04-07T15:44:36.221631+0800 ERROR SENT: M105
2025-04-07T15:44:36.221631+0800 ERROR write command M105
2025-04-07T15:44:36.222631+0800 ERROR second command M105
2025-04-07T15:44:36.222631+0800 ERROR finish command M105
2025-04-07T15:44:36.222631+0800 ERROR SENT: G250 S21
2025-04-07T15:44:36.222631+0800 ERROR write command G250 S21
2025-04-07T15:44:36.222631+0800 ERROR second command G250 S21
2025-04-07T15:44:36.222631+0800 ERROR finish command G250 S21
2025-04-07T15:44:36.223630+0800 ERROR SENT: G250 S800
2025-04-07T15:44:36.223630+0800 ERROR write command G250 S800
2025-04-07T15:44:36.224637+0800 ERROR second command G250 S800
2025-04-07T15:44:36.224637+0800 ERROR finish command G250 S800
2025-04-07T15:44:36.229631+0800 ERROR SENT: M154 S1
2025-04-07T15:44:36.230631+0800 ERROR write command M154 S1
2025-04-07T15:44:36.230631+0800 ERROR second command M154 S1
2025-04-07T15:44:36.230631+0800 ERROR finish command M154 S1
