2025-04-07T08:54:44.789137+0800 INFO 设备已成功连接
2025-04-07T08:54:44.789137+0800 ERROR SENT: M105
2025-04-07T08:54:44.790139+0800 ERROR write command M105
2025-04-07T08:54:44.790139+0800 ERROR second command M105
2025-04-07T08:54:44.790139+0800 ERROR finish command M105
2025-04-07T08:54:44.791137+0800 ERROR SENT: G250 S21
2025-04-07T08:54:44.791137+0800 ERROR write command G250 S21
2025-04-07T08:54:44.791137+0800 ERROR second command G250 S21
2025-04-07T08:54:44.792137+0800 ERROR finish command G250 S21
2025-04-07T08:54:44.792137+0800 ERROR SENT: G250 S800
2025-04-07T08:54:44.792137+0800 ERROR write command G250 S800
2025-04-07T08:54:44.792137+0800 ERROR second command G250 S800
2025-04-07T08:54:44.792137+0800 ERROR finish command G250 S800
2025-04-07T08:54:44.793136+0800 ERROR SENT: M154 S1
2025-04-07T08:54:44.793136+0800 ERROR write command M154 S1
2025-04-07T08:54:44.793136+0800 ERROR second command M154 S1
2025-04-07T08:54:44.793136+0800 ERROR finish command M154 S1
2025-04-07T08:54:48.720275+0800 ERROR SENT: M105
2025-04-07T08:54:48.720275+0800 ERROR write command M105
2025-04-07T08:54:48.720275+0800 ERROR second command M105
2025-04-07T08:54:48.721262+0800 ERROR finish command M105
2025-04-07T08:54:48.721262+0800 ERROR SENT: G250 S21
2025-04-07T08:54:48.721262+0800 ERROR write command G250 S21
2025-04-07T08:54:48.721262+0800 ERROR second command G250 S21
2025-04-07T08:54:48.721262+0800 ERROR finish command G250 S21
2025-04-07T08:54:48.722262+0800 ERROR SENT: G250 S800
2025-04-07T08:54:48.722262+0800 ERROR write command G250 S800
2025-04-07T08:54:48.722262+0800 ERROR second command G250 S800
2025-04-07T08:54:48.722262+0800 ERROR finish command G250 S800
2025-04-07T08:54:48.722262+0800 ERROR SENT: M154 S1
2025-04-07T08:54:48.722262+0800 ERROR write command M154 S1
2025-04-07T08:54:48.723263+0800 ERROR second command M154 S1
2025-04-07T08:54:48.723263+0800 ERROR finish command M154 S1
2025-04-07T08:54:52.912214+0800 ERROR SENT: M105
2025-04-07T08:54:52.912214+0800 ERROR write command M105
2025-04-07T08:54:52.912214+0800 ERROR second command M105
2025-04-07T08:54:52.912214+0800 ERROR finish command M105
2025-04-07T08:54:52.913113+0800 ERROR SENT: G250 S21
2025-04-07T08:54:52.913113+0800 ERROR write command G250 S21
2025-04-07T08:54:52.913113+0800 ERROR second command G250 S21
2025-04-07T08:54:52.913113+0800 ERROR finish command G250 S21
2025-04-07T08:54:52.913113+0800 ERROR SENT: G250 S800
2025-04-07T08:54:52.913113+0800 ERROR write command G250 S800
2025-04-07T08:54:52.913113+0800 ERROR second command G250 S800
2025-04-07T08:54:52.913113+0800 ERROR finish command G250 S800
2025-04-07T08:54:52.913113+0800 ERROR SENT: M154 S1
2025-04-07T08:54:52.913974+0800 ERROR write command M154 S1
2025-04-07T08:54:52.913974+0800 ERROR second command M154 S1
2025-04-07T08:54:52.913974+0800 ERROR finish command M154 S1
2025-04-07T08:54:56.840114+0800 ERROR SENT: M105
2025-04-07T08:54:56.840114+0800 ERROR write command M105
2025-04-07T08:54:56.840114+0800 ERROR second command M105
2025-04-07T08:54:56.840114+0800 ERROR finish command M105
2025-04-07T08:54:56.841046+0800 ERROR SENT: G250 S21
2025-04-07T08:54:56.841046+0800 ERROR write command G250 S21
2025-04-07T08:54:56.841046+0800 ERROR second command G250 S21
2025-04-07T08:54:56.841046+0800 ERROR finish command G250 S21
2025-04-07T08:54:56.841046+0800 ERROR SENT: G250 S800
2025-04-07T08:54:56.841046+0800 ERROR write command G250 S800
2025-04-07T08:54:56.841046+0800 ERROR second command G250 S800
2025-04-07T08:54:56.841046+0800 ERROR finish command G250 S800
2025-04-07T08:54:56.841046+0800 ERROR SENT: M154 S1
2025-04-07T08:54:56.842048+0800 ERROR write command M154 S1
2025-04-07T08:54:56.842048+0800 ERROR second command M154 S1
2025-04-07T08:54:56.842048+0800 ERROR finish command M154 S1
2025-04-07T08:55:00.800276+0800 ERROR SENT: M105
2025-04-07T08:55:00.800276+0800 ERROR write command M105
2025-04-07T08:55:00.800276+0800 ERROR second command M105
2025-04-07T08:55:00.800276+0800 ERROR finish command M105
2025-04-07T08:55:00.800276+0800 ERROR SENT: G250 S21
2025-04-07T08:55:00.801285+0800 ERROR write command G250 S21
2025-04-07T08:55:00.801285+0800 ERROR second command G250 S21
2025-04-07T08:55:00.801285+0800 ERROR finish command G250 S21
2025-04-07T08:55:00.801285+0800 ERROR SENT: G250 S800
2025-04-07T08:55:00.801285+0800 ERROR write command G250 S800
2025-04-07T08:55:00.801285+0800 ERROR second command G250 S800
2025-04-07T08:55:00.801285+0800 ERROR finish command G250 S800
2025-04-07T08:55:00.801285+0800 ERROR SENT: M154 S1
2025-04-07T08:55:00.802285+0800 ERROR write command M154 S1
2025-04-07T08:55:00.802285+0800 ERROR second command M154 S1
2025-04-07T08:55:00.802285+0800 ERROR finish command M154 S1
2025-04-07T08:55:04.749203+0800 ERROR SENT: M105
2025-04-07T08:55:04.749203+0800 ERROR write command M105
2025-04-07T08:55:04.749203+0800 ERROR second command M105
2025-04-07T08:55:04.749203+0800 ERROR finish command M105
2025-04-07T08:55:04.749203+0800 ERROR SENT: G250 S21
2025-04-07T08:55:04.750213+0800 ERROR write command G250 S21
2025-04-07T08:55:04.750213+0800 ERROR second command G250 S21
2025-04-07T08:55:04.750213+0800 ERROR finish command G250 S21
2025-04-07T08:55:04.750213+0800 ERROR SENT: G250 S800
2025-04-07T08:55:04.750213+0800 ERROR write command G250 S800
2025-04-07T08:55:04.750213+0800 ERROR second command G250 S800
2025-04-07T08:55:04.750213+0800 ERROR finish command G250 S800
2025-04-07T08:55:04.750849+0800 ERROR SENT: M154 S1
2025-04-07T08:55:04.750849+0800 ERROR write command M154 S1
2025-04-07T08:55:04.750849+0800 ERROR second command M154 S1
2025-04-07T08:55:04.751853+0800 ERROR finish command M154 S1
2025-04-07T08:55:08.707761+0800 ERROR SENT: M105
2025-04-07T08:55:08.707761+0800 ERROR write command M105
2025-04-07T08:55:08.707761+0800 ERROR second command M105
2025-04-07T08:55:08.707761+0800 ERROR finish command M105
2025-04-07T08:55:08.707761+0800 ERROR SENT: G250 S21
2025-04-07T08:55:08.707761+0800 ERROR write command G250 S21
2025-04-07T08:55:08.708773+0800 ERROR second command G250 S21
2025-04-07T08:55:08.708773+0800 ERROR finish command G250 S21
2025-04-07T08:55:08.708773+0800 ERROR SENT: G250 S800
2025-04-07T08:55:08.708773+0800 ERROR write command G250 S800
2025-04-07T08:55:08.708773+0800 ERROR second command G250 S800
2025-04-07T08:55:08.708773+0800 ERROR finish command G250 S800
2025-04-07T08:55:08.708773+0800 ERROR SENT: M154 S1
2025-04-07T08:55:08.708773+0800 ERROR write command M154 S1
2025-04-07T08:55:08.709902+0800 ERROR second command M154 S1
2025-04-07T08:55:08.709902+0800 ERROR finish command M154 S1
2025-04-07T08:55:12.645681+0800 ERROR SENT: M105
2025-04-07T08:55:12.645681+0800 ERROR write command M105
2025-04-07T08:55:12.645681+0800 ERROR second command M105
2025-04-07T08:55:12.645681+0800 ERROR finish command M105
2025-04-07T08:55:12.645681+0800 ERROR SENT: G250 S21
2025-04-07T08:55:12.645681+0800 ERROR write command G250 S21
2025-04-07T08:55:12.646690+0800 ERROR second command G250 S21
2025-04-07T08:55:12.646690+0800 ERROR finish command G250 S21
2025-04-07T08:55:12.646690+0800 ERROR SENT: G250 S800
2025-04-07T08:55:12.646690+0800 ERROR write command G250 S800
2025-04-07T08:55:12.646690+0800 ERROR second command G250 S800
2025-04-07T08:55:12.646690+0800 ERROR finish command G250 S800
2025-04-07T08:55:12.647449+0800 ERROR SENT: M154 S1
2025-04-07T08:55:12.647449+0800 ERROR write command M154 S1
2025-04-07T08:55:12.647449+0800 ERROR second command M154 S1
2025-04-07T08:55:12.648451+0800 ERROR finish command M154 S1
2025-04-07T08:55:16.603457+0800 ERROR SENT: M105
2025-04-07T08:55:16.603457+0800 ERROR write command M105
2025-04-07T08:55:16.603457+0800 ERROR second command M105
2025-04-07T08:55:16.603457+0800 ERROR finish command M105
2025-04-07T08:55:16.604467+0800 ERROR SENT: G250 S21
2025-04-07T08:55:16.604467+0800 ERROR write command G250 S21
2025-04-07T08:55:16.604467+0800 ERROR second command G250 S21
2025-04-07T08:55:16.604467+0800 ERROR finish command G250 S21
2025-04-07T08:55:16.604467+0800 ERROR SENT: G250 S800
2025-04-07T08:55:16.604467+0800 ERROR write command G250 S800
2025-04-07T08:55:16.604467+0800 ERROR second command G250 S800
2025-04-07T08:55:16.604467+0800 ERROR finish command G250 S800
2025-04-07T08:55:16.604467+0800 ERROR SENT: M154 S1
2025-04-07T08:55:16.605468+0800 ERROR write command M154 S1
2025-04-07T08:55:16.605468+0800 ERROR second command M154 S1
2025-04-07T08:55:16.605468+0800 ERROR finish command M154 S1
2025-04-07T08:55:20.551811+0800 ERROR SENT: M105
2025-04-07T08:55:20.551811+0800 ERROR write command M105
2025-04-07T08:55:20.551811+0800 ERROR second command M105
2025-04-07T08:55:20.551811+0800 ERROR finish command M105
2025-04-07T08:55:20.552821+0800 ERROR SENT: G250 S21
2025-04-07T08:55:20.552821+0800 ERROR write command G250 S21
2025-04-07T08:55:20.552821+0800 ERROR second command G250 S21
2025-04-07T08:55:20.552821+0800 ERROR finish command G250 S21
2025-04-07T08:55:20.552821+0800 ERROR SENT: G250 S800
2025-04-07T08:55:20.552821+0800 ERROR write command G250 S800
2025-04-07T08:55:20.552821+0800 ERROR second command G250 S800
2025-04-07T08:55:20.552821+0800 ERROR finish command G250 S800
2025-04-07T08:55:20.552821+0800 ERROR SENT: M154 S1
2025-04-07T08:55:20.553820+0800 ERROR write command M154 S1
2025-04-07T08:55:20.553820+0800 ERROR second command M154 S1
2025-04-07T08:55:20.553820+0800 ERROR finish command M154 S1
2025-04-07T08:55:24.477568+0800 ERROR SENT: M105
2025-04-07T08:55:24.477568+0800 ERROR write command M105
2025-04-07T08:55:24.477568+0800 ERROR second command M105
2025-04-07T08:55:24.477568+0800 ERROR finish command M105
2025-04-07T08:55:24.477568+0800 ERROR SENT: G250 S21
2025-04-07T08:55:24.477568+0800 ERROR write command G250 S21
2025-04-07T08:55:24.478582+0800 ERROR second command G250 S21
2025-04-07T08:55:24.478582+0800 ERROR finish command G250 S21
2025-04-07T08:55:24.478582+0800 ERROR SENT: G250 S800
2025-04-07T08:55:24.478582+0800 ERROR write command G250 S800
2025-04-07T08:55:24.478582+0800 ERROR second command G250 S800
2025-04-07T08:55:24.478582+0800 ERROR finish command G250 S800
2025-04-07T08:55:24.478582+0800 ERROR SENT: M154 S1
2025-04-07T08:55:24.479454+0800 ERROR write command M154 S1
2025-04-07T08:55:24.479454+0800 ERROR second command M154 S1
2025-04-07T08:55:24.479454+0800 ERROR finish command M154 S1
2025-04-07T08:55:28.377849+0800 ERROR SENT: M105
2025-04-07T08:55:28.377849+0800 ERROR write command M105
2025-04-07T08:55:28.377849+0800 ERROR second command M105
2025-04-07T08:55:28.377849+0800 ERROR finish command M105
2025-04-07T08:55:28.377849+0800 ERROR SENT: G250 S21
2025-04-07T08:55:28.377849+0800 ERROR write command G250 S21
2025-04-07T08:55:28.378717+0800 ERROR second command G250 S21
2025-04-07T08:55:28.378717+0800 ERROR finish command G250 S21
2025-04-07T08:55:28.378717+0800 ERROR SENT: G250 S800
2025-04-07T08:55:28.378717+0800 ERROR write command G250 S800
2025-04-07T08:55:28.378717+0800 ERROR second command G250 S800
2025-04-07T08:55:28.378717+0800 ERROR finish command G250 S800
2025-04-07T08:55:28.378717+0800 ERROR SENT: M154 S1
2025-04-07T08:55:28.379716+0800 ERROR write command M154 S1
2025-04-07T08:55:28.379716+0800 ERROR second command M154 S1
2025-04-07T08:55:28.379716+0800 ERROR finish command M154 S1
2025-04-07T08:55:32.276453+0800 ERROR SENT: M105
2025-04-07T08:55:32.276453+0800 ERROR write command M105
2025-04-07T08:55:32.276453+0800 ERROR second command M105
2025-04-07T08:55:32.277339+0800 ERROR finish command M105
2025-04-07T08:55:32.277339+0800 ERROR SENT: G250 S21
2025-04-07T08:55:32.277339+0800 ERROR write command G250 S21
2025-04-07T08:55:32.277339+0800 ERROR second command G250 S21
2025-04-07T08:55:32.277339+0800 ERROR finish command G250 S21
2025-04-07T08:55:32.277339+0800 ERROR SENT: G250 S800
2025-04-07T08:55:32.277339+0800 ERROR write command G250 S800
2025-04-07T08:55:32.277339+0800 ERROR second command G250 S800
2025-04-07T08:55:32.277339+0800 ERROR finish command G250 S800
2025-04-07T08:55:32.278338+0800 ERROR SENT: M154 S1
2025-04-07T08:55:32.278338+0800 ERROR write command M154 S1
2025-04-07T08:55:32.278338+0800 ERROR second command M154 S1
2025-04-07T08:55:32.278338+0800 ERROR finish command M154 S1
2025-04-07T08:55:36.209496+0800 ERROR SENT: M105
2025-04-07T08:55:36.209496+0800 ERROR write command M105
2025-04-07T08:55:36.209496+0800 ERROR second command M105
2025-04-07T08:55:36.209496+0800 ERROR finish command M105
2025-04-07T08:55:36.209496+0800 ERROR SENT: G250 S21
2025-04-07T08:55:36.210495+0800 ERROR write command G250 S21
2025-04-07T08:55:36.210495+0800 ERROR second command G250 S21
2025-04-07T08:55:36.210495+0800 ERROR finish command G250 S21
2025-04-07T08:55:36.210495+0800 ERROR SENT: G250 S800
2025-04-07T08:55:36.210495+0800 ERROR write command G250 S800
2025-04-07T08:55:36.210495+0800 ERROR second command G250 S800
2025-04-07T08:55:36.210495+0800 ERROR finish command G250 S800
2025-04-07T08:55:36.211497+0800 ERROR SENT: M154 S1
2025-04-07T08:55:36.211497+0800 ERROR write command M154 S1
2025-04-07T08:55:36.211497+0800 ERROR second command M154 S1
2025-04-07T08:55:36.211497+0800 ERROR finish command M154 S1
2025-04-07T08:55:40.050343+0800 ERROR SENT: M105
2025-04-07T08:55:40.050343+0800 ERROR write command M105
2025-04-07T08:55:40.050343+0800 ERROR second command M105
2025-04-07T08:55:40.051355+0800 ERROR finish command M105
2025-04-07T08:55:40.051355+0800 ERROR SENT: G250 S21
2025-04-07T08:55:40.051355+0800 ERROR write command G250 S21
2025-04-07T08:55:40.051355+0800 ERROR second command G250 S21
2025-04-07T08:55:40.051355+0800 ERROR finish command G250 S21
2025-04-07T08:55:40.051355+0800 ERROR SENT: G250 S800
2025-04-07T08:55:40.051355+0800 ERROR write command G250 S800
2025-04-07T08:55:40.052354+0800 ERROR second command G250 S800
2025-04-07T08:55:40.052354+0800 ERROR finish command G250 S800
2025-04-07T08:55:40.052354+0800 ERROR SENT: M154 S1
2025-04-07T08:55:40.052354+0800 ERROR write command M154 S1
2025-04-07T08:55:40.052354+0800 ERROR second command M154 S1
2025-04-07T08:55:40.052354+0800 ERROR finish command M154 S1
2025-04-07T08:55:43.994329+0800 ERROR SENT: M105
2025-04-07T08:55:43.994329+0800 ERROR write command M105
2025-04-07T08:55:43.994329+0800 ERROR second command M105
2025-04-07T08:55:43.994329+0800 ERROR finish command M105
2025-04-07T08:55:43.994329+0800 ERROR SENT: G250 S21
2025-04-07T08:55:43.995354+0800 ERROR write command G250 S21
2025-04-07T08:55:43.995354+0800 ERROR second command G250 S21
2025-04-07T08:55:43.995354+0800 ERROR finish command G250 S21
2025-04-07T08:55:43.995354+0800 ERROR SENT: G250 S800
2025-04-07T08:55:43.995354+0800 ERROR write command G250 S800
2025-04-07T08:55:43.995354+0800 ERROR second command G250 S800
2025-04-07T08:55:43.995354+0800 ERROR finish command G250 S800
2025-04-07T08:55:43.995354+0800 ERROR SENT: M154 S1
2025-04-07T08:55:43.996337+0800 ERROR write command M154 S1
2025-04-07T08:55:43.996337+0800 ERROR second command M154 S1
2025-04-07T08:55:43.996337+0800 ERROR finish command M154 S1
2025-04-07T08:55:47.950700+0800 ERROR SENT: M105
2025-04-07T08:55:47.950700+0800 ERROR write command M105
2025-04-07T08:55:47.950700+0800 ERROR second command M105
2025-04-07T08:55:47.950700+0800 ERROR finish command M105
2025-04-07T08:55:47.950700+0800 ERROR SENT: G250 S21
2025-04-07T08:55:47.951724+0800 ERROR write command G250 S21
2025-04-07T08:55:47.951724+0800 ERROR second command G250 S21
2025-04-07T08:55:47.951724+0800 ERROR finish command G250 S21
2025-04-07T08:55:47.951724+0800 ERROR SENT: G250 S800
2025-04-07T08:55:47.951724+0800 ERROR write command G250 S800
2025-04-07T08:55:47.951724+0800 ERROR second command G250 S800
2025-04-07T08:55:47.951724+0800 ERROR finish command G250 S800
2025-04-07T08:55:47.951724+0800 ERROR SENT: M154 S1
2025-04-07T08:55:47.952708+0800 ERROR write command M154 S1
2025-04-07T08:55:47.952708+0800 ERROR second command M154 S1
2025-04-07T08:55:47.952708+0800 ERROR finish command M154 S1
2025-04-07T08:55:51.887663+0800 ERROR SENT: M105
2025-04-07T08:55:51.887663+0800 ERROR write command M105
2025-04-07T08:55:51.887663+0800 ERROR second command M105
2025-04-07T08:55:51.887663+0800 ERROR finish command M105
2025-04-07T08:55:51.888722+0800 ERROR SENT: G250 S21
2025-04-07T08:55:51.888722+0800 ERROR write command G250 S21
2025-04-07T08:55:51.888722+0800 ERROR second command G250 S21
2025-04-07T08:55:51.888722+0800 ERROR finish command G250 S21
2025-04-07T08:55:51.888722+0800 ERROR SENT: G250 S800
2025-04-07T08:55:51.888722+0800 ERROR write command G250 S800
2025-04-07T08:55:51.888722+0800 ERROR second command G250 S800
2025-04-07T08:55:51.888722+0800 ERROR finish command G250 S800
2025-04-07T08:55:51.888722+0800 ERROR SENT: M154 S1
2025-04-07T08:55:51.889673+0800 ERROR write command M154 S1
2025-04-07T08:55:51.889673+0800 ERROR second command M154 S1
2025-04-07T08:55:51.889673+0800 ERROR finish command M154 S1
2025-04-07T08:55:55.827467+0800 ERROR SENT: M105
2025-04-07T08:55:55.827467+0800 ERROR write command M105
2025-04-07T08:55:55.827467+0800 ERROR second command M105
2025-04-07T08:55:55.827467+0800 ERROR finish command M105
2025-04-07T08:55:55.827467+0800 ERROR SENT: G250 S21
2025-04-07T08:55:55.827467+0800 ERROR write command G250 S21
2025-04-07T08:55:55.827467+0800 ERROR second command G250 S21
2025-04-07T08:55:55.828468+0800 ERROR finish command G250 S21
2025-04-07T08:55:55.828468+0800 ERROR SENT: G250 S800
2025-04-07T08:55:55.828468+0800 ERROR write command G250 S800
2025-04-07T08:55:55.828468+0800 ERROR second command G250 S800
2025-04-07T08:55:55.828468+0800 ERROR finish command G250 S800
2025-04-07T08:55:55.828468+0800 ERROR SENT: M154 S1
2025-04-07T08:55:55.829469+0800 ERROR write command M154 S1
2025-04-07T08:55:55.829469+0800 ERROR second command M154 S1
2025-04-07T08:55:55.829469+0800 ERROR finish command M154 S1
2025-04-07T08:55:59.758752+0800 ERROR SENT: M105
2025-04-07T08:55:59.758752+0800 ERROR write command M105
2025-04-07T08:55:59.758752+0800 ERROR second command M105
2025-04-07T08:55:59.758752+0800 ERROR finish command M105
2025-04-07T08:55:59.758752+0800 ERROR SENT: G250 S21
2025-04-07T08:55:59.759761+0800 ERROR write command G250 S21
2025-04-07T08:55:59.759761+0800 ERROR second command G250 S21
2025-04-07T08:55:59.759761+0800 ERROR finish command G250 S21
2025-04-07T08:55:59.759761+0800 ERROR SENT: G250 S800
2025-04-07T08:55:59.759761+0800 ERROR write command G250 S800
2025-04-07T08:55:59.759761+0800 ERROR second command G250 S800
2025-04-07T08:55:59.759761+0800 ERROR finish command G250 S800
2025-04-07T08:55:59.759761+0800 ERROR SENT: M154 S1
2025-04-07T08:55:59.760858+0800 ERROR write command M154 S1
2025-04-07T08:55:59.760858+0800 ERROR second command M154 S1
2025-04-07T08:55:59.760858+0800 ERROR finish command M154 S1
2025-04-07T08:56:03.649802+0800 ERROR SENT: M105
2025-04-07T08:56:03.649802+0800 ERROR write command M105
2025-04-07T08:56:03.649802+0800 ERROR second command M105
2025-04-07T08:56:03.649802+0800 ERROR finish command M105
2025-04-07T08:56:03.649802+0800 ERROR SENT: G250 S21
2025-04-07T08:56:03.650794+0800 ERROR write command G250 S21
2025-04-07T08:56:03.650794+0800 ERROR second command G250 S21
2025-04-07T08:56:03.650794+0800 ERROR finish command G250 S21
2025-04-07T08:56:03.650794+0800 ERROR SENT: G250 S800
2025-04-07T08:56:03.650794+0800 ERROR write command G250 S800
2025-04-07T08:56:03.650794+0800 ERROR second command G250 S800
2025-04-07T08:56:03.650794+0800 ERROR finish command G250 S800
2025-04-07T08:56:03.650794+0800 ERROR SENT: M154 S1
2025-04-07T08:56:03.650794+0800 ERROR write command M154 S1
2025-04-07T08:56:03.651794+0800 ERROR second command M154 S1
2025-04-07T08:56:03.651794+0800 ERROR finish command M154 S1
2025-04-07T08:56:07.542694+0800 ERROR SENT: M105
2025-04-07T08:56:07.542694+0800 ERROR write command M105
2025-04-07T08:56:07.542694+0800 ERROR second command M105
2025-04-07T08:56:07.543628+0800 ERROR finish command M105
2025-04-07T08:56:07.543628+0800 ERROR SENT: G250 S21
2025-04-07T08:56:07.543628+0800 ERROR write command G250 S21
2025-04-07T08:56:07.543628+0800 ERROR second command G250 S21
2025-04-07T08:56:07.543628+0800 ERROR finish command G250 S21
2025-04-07T08:56:07.543628+0800 ERROR SENT: G250 S800
2025-04-07T08:56:07.543628+0800 ERROR write command G250 S800
2025-04-07T08:56:07.543628+0800 ERROR second command G250 S800
2025-04-07T08:56:07.543628+0800 ERROR finish command G250 S800
2025-04-07T08:56:07.543628+0800 ERROR SENT: M154 S1
2025-04-07T08:56:07.543628+0800 ERROR write command M154 S1
2025-04-07T08:56:07.544637+0800 ERROR second command M154 S1
2025-04-07T08:56:07.544637+0800 ERROR finish command M154 S1
2025-04-07T08:56:11.498201+0800 ERROR SENT: M105
2025-04-07T08:56:11.498201+0800 ERROR write command M105
2025-04-07T08:56:11.498201+0800 ERROR second command M105
2025-04-07T08:56:11.498201+0800 ERROR finish command M105
2025-04-07T08:56:11.498201+0800 ERROR SENT: G250 S21
2025-04-07T08:56:11.498201+0800 ERROR write command G250 S21
2025-04-07T08:56:11.498201+0800 ERROR second command G250 S21
2025-04-07T08:56:11.499202+0800 ERROR finish command G250 S21
2025-04-07T08:56:11.499202+0800 ERROR SENT: G250 S800
2025-04-07T08:56:11.499202+0800 ERROR write command G250 S800
2025-04-07T08:56:11.499202+0800 ERROR second command G250 S800
2025-04-07T08:56:11.499202+0800 ERROR finish command G250 S800
2025-04-07T08:56:11.499653+0800 ERROR SENT: M154 S1
2025-04-07T08:56:11.499653+0800 ERROR write command M154 S1
2025-04-07T08:56:11.499653+0800 ERROR second command M154 S1
2025-04-07T08:56:11.499653+0800 ERROR finish command M154 S1
2025-04-07T08:56:15.440832+0800 ERROR SENT: M105
2025-04-07T08:56:15.440832+0800 ERROR write command M105
2025-04-07T08:56:15.440832+0800 ERROR second command M105
2025-04-07T08:56:15.440832+0800 ERROR finish command M105
2025-04-07T08:56:15.440832+0800 ERROR SENT: G250 S21
2025-04-07T08:56:15.440832+0800 ERROR write command G250 S21
2025-04-07T08:56:15.441838+0800 ERROR second command G250 S21
2025-04-07T08:56:15.441838+0800 ERROR finish command G250 S21
2025-04-07T08:56:15.441838+0800 ERROR SENT: G250 S800
2025-04-07T08:56:15.441838+0800 ERROR write command G250 S800
2025-04-07T08:56:15.441838+0800 ERROR second command G250 S800
2025-04-07T08:56:15.441838+0800 ERROR finish command G250 S800
2025-04-07T08:56:15.442451+0800 ERROR SENT: M154 S1
2025-04-07T08:56:15.442451+0800 ERROR write command M154 S1
2025-04-07T08:56:15.442451+0800 ERROR second command M154 S1
2025-04-07T08:56:15.442451+0800 ERROR finish command M154 S1
2025-04-07T08:56:19.388873+0800 ERROR SENT: M105
2025-04-07T08:56:19.388873+0800 ERROR write command M105
2025-04-07T08:56:19.388873+0800 ERROR second command M105
2025-04-07T08:56:19.388873+0800 ERROR finish command M105
2025-04-07T08:56:19.388873+0800 ERROR SENT: G250 S21
2025-04-07T08:56:19.388873+0800 ERROR write command G250 S21
2025-04-07T08:56:19.389878+0800 ERROR second command G250 S21
2025-04-07T08:56:19.389878+0800 ERROR finish command G250 S21
2025-04-07T08:56:19.389878+0800 ERROR SENT: G250 S800
2025-04-07T08:56:19.389878+0800 ERROR write command G250 S800
2025-04-07T08:56:19.389878+0800 ERROR second command G250 S800
2025-04-07T08:56:19.389878+0800 ERROR finish command G250 S800
2025-04-07T08:56:19.389878+0800 ERROR SENT: M154 S1
2025-04-07T08:56:19.389878+0800 ERROR write command M154 S1
2025-04-07T08:56:19.389878+0800 ERROR second command M154 S1
2025-04-07T08:56:19.390876+0800 ERROR finish command M154 S1
2025-04-07T08:56:23.303634+0800 ERROR SENT: M105
2025-04-07T08:56:23.303634+0800 ERROR write command M105
2025-04-07T08:56:23.303634+0800 ERROR second command M105
2025-04-07T08:56:23.304634+0800 ERROR finish command M105
2025-04-07T08:56:23.304634+0800 ERROR SENT: G250 S21
2025-04-07T08:56:23.304634+0800 ERROR write command G250 S21
2025-04-07T08:56:23.304634+0800 ERROR second command G250 S21
2025-04-07T08:56:23.304634+0800 ERROR finish command G250 S21
2025-04-07T08:56:23.305634+0800 ERROR SENT: G250 S800
2025-04-07T08:56:23.305634+0800 ERROR write command G250 S800
2025-04-07T08:56:23.305634+0800 ERROR second command G250 S800
2025-04-07T08:56:23.305634+0800 ERROR finish command G250 S800
2025-04-07T08:56:23.305634+0800 ERROR SENT: M154 S1
2025-04-07T08:56:23.306635+0800 ERROR write command M154 S1
2025-04-07T08:56:23.306635+0800 ERROR second command M154 S1
2025-04-07T08:56:23.306635+0800 ERROR finish command M154 S1
2025-04-07T08:56:27.190665+0800 ERROR SENT: M105
2025-04-07T08:56:27.191665+0800 ERROR write command M105
2025-04-07T08:56:27.191665+0800 ERROR second command M105
2025-04-07T08:56:27.192665+0800 ERROR finish command M105
2025-04-07T08:56:27.193665+0800 ERROR SENT: G250 S21
2025-04-07T08:56:27.193665+0800 ERROR write command G250 S21
2025-04-07T08:56:27.193665+0800 ERROR second command G250 S21
2025-04-07T08:56:27.193665+0800 ERROR finish command G250 S21
2025-04-07T08:56:27.193665+0800 ERROR SENT: G250 S800
2025-04-07T08:56:27.194665+0800 ERROR write command G250 S800
2025-04-07T08:56:27.194665+0800 ERROR second command G250 S800
2025-04-07T08:56:27.194665+0800 ERROR finish command G250 S800
2025-04-07T08:56:27.194665+0800 ERROR SENT: M154 S1
2025-04-07T08:56:27.194665+0800 ERROR write command M154 S1
2025-04-07T08:56:27.194665+0800 ERROR second command M154 S1
2025-04-07T08:56:27.194665+0800 ERROR finish command M154 S1
2025-04-07T08:56:31.073008+0800 ERROR SENT: M105
2025-04-07T08:56:31.073008+0800 ERROR write command M105
2025-04-07T08:56:31.073008+0800 ERROR second command M105
2025-04-07T08:56:31.073892+0800 ERROR finish command M105
2025-04-07T08:56:31.073892+0800 ERROR SENT: G250 S21
2025-04-07T08:56:31.073892+0800 ERROR write command G250 S21
2025-04-07T08:56:31.073892+0800 ERROR second command G250 S21
2025-04-07T08:56:31.074891+0800 ERROR finish command G250 S21
2025-04-07T08:56:31.074891+0800 ERROR SENT: G250 S800
2025-04-07T08:56:31.074891+0800 ERROR write command G250 S800
2025-04-07T08:56:31.074891+0800 ERROR second command G250 S800
2025-04-07T08:56:31.074891+0800 ERROR finish command G250 S800
2025-04-07T08:56:31.074891+0800 ERROR SENT: M154 S1
2025-04-07T08:56:31.074891+0800 ERROR write command M154 S1
2025-04-07T08:56:31.075891+0800 ERROR second command M154 S1
2025-04-07T08:56:31.075891+0800 ERROR finish command M154 S1
2025-04-07T08:56:35.012146+0800 ERROR SENT: M105
2025-04-07T08:56:35.012146+0800 ERROR write command M105
2025-04-07T08:56:35.012146+0800 ERROR second command M105
2025-04-07T08:56:35.012146+0800 ERROR finish command M105
2025-04-07T08:56:35.013155+0800 ERROR SENT: G250 S21
2025-04-07T08:56:35.013155+0800 ERROR write command G250 S21
2025-04-07T08:56:35.013155+0800 ERROR second command G250 S21
2025-04-07T08:56:35.013155+0800 ERROR finish command G250 S21
2025-04-07T08:56:35.013155+0800 ERROR SENT: G250 S800
2025-04-07T08:56:35.013155+0800 ERROR write command G250 S800
2025-04-07T08:56:35.013155+0800 ERROR second command G250 S800
2025-04-07T08:56:35.013155+0800 ERROR finish command G250 S800
2025-04-07T08:56:35.013155+0800 ERROR SENT: M154 S1
2025-04-07T08:56:35.014155+0800 ERROR write command M154 S1
2025-04-07T08:56:35.014155+0800 ERROR second command M154 S1
2025-04-07T08:56:35.014155+0800 ERROR finish command M154 S1
2025-04-07T08:56:38.951784+0800 ERROR SENT: M105
2025-04-07T08:56:38.951784+0800 ERROR write command M105
2025-04-07T08:56:38.951784+0800 ERROR second command M105
2025-04-07T08:56:38.951784+0800 ERROR finish command M105
2025-04-07T08:56:38.951784+0800 ERROR SENT: G250 S21
2025-04-07T08:56:38.951784+0800 ERROR write command G250 S21
2025-04-07T08:56:38.952807+0800 ERROR second command G250 S21
2025-04-07T08:56:38.952807+0800 ERROR finish command G250 S21
2025-04-07T08:56:38.952807+0800 ERROR SENT: G250 S800
2025-04-07T08:56:38.952807+0800 ERROR write command G250 S800
2025-04-07T08:56:38.952807+0800 ERROR second command G250 S800
2025-04-07T08:56:38.952807+0800 ERROR finish command G250 S800
2025-04-07T08:56:38.952807+0800 ERROR SENT: M154 S1
2025-04-07T08:56:38.953791+0800 ERROR write command M154 S1
2025-04-07T08:56:38.953791+0800 ERROR second command M154 S1
2025-04-07T08:56:38.953791+0800 ERROR finish command M154 S1
2025-04-07T08:56:42.828565+0800 ERROR SENT: M105
2025-04-07T08:56:42.828565+0800 ERROR write command M105
2025-04-07T08:56:42.828565+0800 ERROR second command M105
2025-04-07T08:56:42.828565+0800 ERROR finish command M105
2025-04-07T08:56:42.829495+0800 ERROR SENT: G250 S21
2025-04-07T08:56:42.829495+0800 ERROR write command G250 S21
2025-04-07T08:56:42.829495+0800 ERROR second command G250 S21
2025-04-07T08:56:42.829495+0800 ERROR finish command G250 S21
2025-04-07T08:56:42.829495+0800 ERROR SENT: G250 S800
2025-04-07T08:56:42.829495+0800 ERROR write command G250 S800
2025-04-07T08:56:42.829495+0800 ERROR second command G250 S800
2025-04-07T08:56:42.829495+0800 ERROR finish command G250 S800
2025-04-07T08:56:42.829495+0800 ERROR SENT: M154 S1
2025-04-07T08:56:42.830484+0800 ERROR write command M154 S1
2025-04-07T08:56:42.830484+0800 ERROR second command M154 S1
2025-04-07T08:56:42.830484+0800 ERROR finish command M154 S1
2025-04-07T08:56:46.767906+0800 ERROR SENT: M105
2025-04-07T08:56:46.767906+0800 ERROR write command M105
2025-04-07T08:56:46.767906+0800 ERROR second command M105
2025-04-07T08:56:46.768906+0800 ERROR finish command M105
2025-04-07T08:56:46.768906+0800 ERROR SENT: G250 S21
2025-04-07T08:56:46.768906+0800 ERROR write command G250 S21
2025-04-07T08:56:46.768906+0800 ERROR second command G250 S21
2025-04-07T08:56:46.769907+0800 ERROR finish command G250 S21
2025-04-07T08:56:46.769907+0800 ERROR SENT: G250 S800
2025-04-07T08:56:46.769907+0800 ERROR write command G250 S800
2025-04-07T08:56:46.769907+0800 ERROR second command G250 S800
2025-04-07T08:56:46.769907+0800 ERROR finish command G250 S800
2025-04-07T08:56:46.769907+0800 ERROR SENT: M154 S1
2025-04-07T08:56:46.769907+0800 ERROR write command M154 S1
2025-04-07T08:56:46.769907+0800 ERROR second command M154 S1
2025-04-07T08:56:46.769907+0800 ERROR finish command M154 S1
2025-04-07T08:56:50.686250+0800 ERROR SENT: M105
2025-04-07T08:56:50.686250+0800 ERROR write command M105
2025-04-07T08:56:50.686250+0800 ERROR second command M105
2025-04-07T08:56:50.687249+0800 ERROR finish command M105
2025-04-07T08:56:50.687249+0800 ERROR SENT: G250 S21
2025-04-07T08:56:50.687249+0800 ERROR write command G250 S21
2025-04-07T08:56:50.687249+0800 ERROR second command G250 S21
2025-04-07T08:56:50.687249+0800 ERROR finish command G250 S21
2025-04-07T08:56:50.687249+0800 ERROR SENT: G250 S800
2025-04-07T08:56:50.687249+0800 ERROR write command G250 S800
2025-04-07T08:56:50.687249+0800 ERROR second command G250 S800
2025-04-07T08:56:50.687249+0800 ERROR finish command G250 S800
2025-04-07T08:56:50.687249+0800 ERROR SENT: M154 S1
2025-04-07T08:56:50.688280+0800 ERROR write command M154 S1
2025-04-07T08:56:50.688280+0800 ERROR second command M154 S1
2025-04-07T08:56:50.688280+0800 ERROR finish command M154 S1
2025-04-07T08:56:54.594274+0800 ERROR SENT: M105
2025-04-07T08:56:54.594274+0800 ERROR write command M105
2025-04-07T08:56:54.594274+0800 ERROR second command M105
2025-04-07T08:56:54.594274+0800 ERROR finish command M105
2025-04-07T08:56:54.595283+0800 ERROR SENT: G250 S21
2025-04-07T08:56:54.595283+0800 ERROR write command G250 S21
2025-04-07T08:56:54.595283+0800 ERROR second command G250 S21
2025-04-07T08:56:54.595283+0800 ERROR finish command G250 S21
2025-04-07T08:56:54.595283+0800 ERROR SENT: G250 S800
2025-04-07T08:56:54.595283+0800 ERROR write command G250 S800
2025-04-07T08:56:54.595283+0800 ERROR second command G250 S800
2025-04-07T08:56:54.595283+0800 ERROR finish command G250 S800
2025-04-07T08:56:54.596284+0800 ERROR SENT: M154 S1
2025-04-07T08:56:54.596284+0800 ERROR write command M154 S1
2025-04-07T08:56:54.596284+0800 ERROR second command M154 S1
2025-04-07T08:56:54.596284+0800 ERROR finish command M154 S1
2025-04-07T08:56:58.534141+0800 ERROR SENT: M105
2025-04-07T08:56:58.534141+0800 ERROR write command M105
2025-04-07T08:56:58.534141+0800 ERROR second command M105
2025-04-07T08:56:58.534141+0800 ERROR finish command M105
2025-04-07T08:56:58.534141+0800 ERROR SENT: G250 S21
2025-04-07T08:56:58.535142+0800 ERROR write command G250 S21
2025-04-07T08:56:58.535142+0800 ERROR second command G250 S21
2025-04-07T08:56:58.535142+0800 ERROR finish command G250 S21
2025-04-07T08:56:58.535142+0800 ERROR SENT: G250 S800
2025-04-07T08:56:58.535142+0800 ERROR write command G250 S800
2025-04-07T08:56:58.535142+0800 ERROR second command G250 S800
2025-04-07T08:56:58.535142+0800 ERROR finish command G250 S800
2025-04-07T08:56:58.535142+0800 ERROR SENT: M154 S1
2025-04-07T08:56:58.536140+0800 ERROR write command M154 S1
2025-04-07T08:56:58.536140+0800 ERROR second command M154 S1
2025-04-07T08:56:58.536140+0800 ERROR finish command M154 S1
2025-04-07T08:57:02.457424+0800 ERROR SENT: M105
2025-04-07T08:57:02.457424+0800 ERROR write command M105
2025-04-07T08:57:02.457424+0800 ERROR second command M105
2025-04-07T08:57:02.457424+0800 ERROR finish command M105
2025-04-07T08:57:02.457424+0800 ERROR SENT: G250 S21
2025-04-07T08:57:02.458433+0800 ERROR write command G250 S21
2025-04-07T08:57:02.458433+0800 ERROR second command G250 S21
2025-04-07T08:57:02.458433+0800 ERROR finish command G250 S21
2025-04-07T08:57:02.458433+0800 ERROR SENT: G250 S800
2025-04-07T08:57:02.458433+0800 ERROR write command G250 S800
2025-04-07T08:57:02.458433+0800 ERROR second command G250 S800
2025-04-07T08:57:02.458433+0800 ERROR finish command G250 S800
2025-04-07T08:57:02.458433+0800 ERROR SENT: M154 S1
2025-04-07T08:57:02.459437+0800 ERROR write command M154 S1
2025-04-07T08:57:02.459437+0800 ERROR second command M154 S1
2025-04-07T08:57:02.459437+0800 ERROR finish command M154 S1
2025-04-07T08:57:06.340607+0800 ERROR SENT: M105
2025-04-07T08:57:06.340607+0800 ERROR write command M105
2025-04-07T08:57:06.340607+0800 ERROR second command M105
2025-04-07T08:57:06.340607+0800 ERROR finish command M105
2025-04-07T08:57:06.340607+0800 ERROR SENT: G250 S21
2025-04-07T08:57:06.341599+0800 ERROR write command G250 S21
2025-04-07T08:57:06.341599+0800 ERROR second command G250 S21
2025-04-07T08:57:06.341599+0800 ERROR finish command G250 S21
2025-04-07T08:57:06.341599+0800 ERROR SENT: G250 S800
2025-04-07T08:57:06.341599+0800 ERROR write command G250 S800
2025-04-07T08:57:06.341599+0800 ERROR second command G250 S800
2025-04-07T08:57:06.341599+0800 ERROR finish command G250 S800
2025-04-07T08:57:06.342281+0800 ERROR SENT: M154 S1
2025-04-07T08:57:06.342281+0800 ERROR write command M154 S1
2025-04-07T08:57:06.342281+0800 ERROR second command M154 S1
2025-04-07T08:57:06.342970+0800 ERROR finish command M154 S1
2025-04-07T08:57:10.282151+0800 ERROR SENT: M105
2025-04-07T08:57:10.282151+0800 ERROR write command M105
2025-04-07T08:57:10.282151+0800 ERROR second command M105
2025-04-07T08:57:10.282151+0800 ERROR finish command M105
2025-04-07T08:57:10.282151+0800 ERROR SENT: G250 S21
2025-04-07T08:57:10.283165+0800 ERROR write command G250 S21
2025-04-07T08:57:10.283165+0800 ERROR second command G250 S21
2025-04-07T08:57:10.283165+0800 ERROR finish command G250 S21
2025-04-07T08:57:10.283165+0800 ERROR SENT: G250 S800
2025-04-07T08:57:10.283165+0800 ERROR write command G250 S800
2025-04-07T08:57:10.283165+0800 ERROR second command G250 S800
2025-04-07T08:57:10.283165+0800 ERROR finish command G250 S800
2025-04-07T08:57:10.283165+0800 ERROR SENT: M154 S1
2025-04-07T08:57:10.284040+0800 ERROR write command M154 S1
2025-04-07T08:57:10.284040+0800 ERROR second command M154 S1
2025-04-07T08:57:10.284040+0800 ERROR finish command M154 S1
2025-04-07T08:57:14.211709+0800 ERROR SENT: M105
2025-04-07T08:57:14.211709+0800 ERROR write command M105
2025-04-07T08:57:14.211709+0800 ERROR second command M105
2025-04-07T08:57:14.211709+0800 ERROR finish command M105
2025-04-07T08:57:14.211709+0800 ERROR SENT: G250 S21
2025-04-07T08:57:14.211709+0800 ERROR write command G250 S21
2025-04-07T08:57:14.212709+0800 ERROR second command G250 S21
2025-04-07T08:57:14.212709+0800 ERROR finish command G250 S21
2025-04-07T08:57:14.212709+0800 ERROR SENT: G250 S800
2025-04-07T08:57:14.212709+0800 ERROR write command G250 S800
2025-04-07T08:57:14.212709+0800 ERROR second command G250 S800
2025-04-07T08:57:14.212709+0800 ERROR finish command G250 S800
2025-04-07T08:57:14.213709+0800 ERROR SENT: M154 S1
2025-04-07T08:57:14.213709+0800 ERROR write command M154 S1
2025-04-07T08:57:14.213709+0800 ERROR second command M154 S1
2025-04-07T08:57:14.213709+0800 ERROR finish command M154 S1
2025-04-07T08:57:18.076800+0800 ERROR SENT: M105
2025-04-07T08:57:18.076800+0800 ERROR write command M105
2025-04-07T08:57:18.076800+0800 ERROR second command M105
2025-04-07T08:57:18.076800+0800 ERROR finish command M105
2025-04-07T08:57:18.076800+0800 ERROR SENT: G250 S21
2025-04-07T08:57:18.077789+0800 ERROR write command G250 S21
2025-04-07T08:57:18.077789+0800 ERROR second command G250 S21
2025-04-07T08:57:18.077789+0800 ERROR finish command G250 S21
2025-04-07T08:57:18.077789+0800 ERROR SENT: G250 S800
2025-04-07T08:57:18.077789+0800 ERROR write command G250 S800
2025-04-07T08:57:18.077789+0800 ERROR second command G250 S800
2025-04-07T08:57:18.077789+0800 ERROR finish command G250 S800
2025-04-07T08:57:18.077789+0800 ERROR SENT: M154 S1
2025-04-07T08:57:18.078789+0800 ERROR write command M154 S1
2025-04-07T08:57:18.078789+0800 ERROR second command M154 S1
2025-04-07T08:57:18.078789+0800 ERROR finish command M154 S1
2025-04-07T08:57:21.987644+0800 ERROR SENT: M105
2025-04-07T08:57:21.987644+0800 ERROR write command M105
2025-04-07T08:57:21.987644+0800 ERROR second command M105
2025-04-07T08:57:21.988635+0800 ERROR finish command M105
2025-04-07T08:57:21.988635+0800 ERROR SENT: G250 S21
2025-04-07T08:57:21.988635+0800 ERROR write command G250 S21
2025-04-07T08:57:21.988635+0800 ERROR second command G250 S21
2025-04-07T08:57:21.988635+0800 ERROR finish command G250 S21
2025-04-07T08:57:21.988635+0800 ERROR SENT: G250 S800
2025-04-07T08:57:21.988635+0800 ERROR write command G250 S800
2025-04-07T08:57:21.988635+0800 ERROR second command G250 S800
2025-04-07T08:57:21.988635+0800 ERROR finish command G250 S800
2025-04-07T08:57:21.988635+0800 ERROR SENT: M154 S1
2025-04-07T08:57:21.989635+0800 ERROR write command M154 S1
2025-04-07T08:57:21.989635+0800 ERROR second command M154 S1
2025-04-07T08:57:21.989635+0800 ERROR finish command M154 S1
2025-04-07T08:57:25.899332+0800 ERROR SENT: M105
2025-04-07T08:57:25.899332+0800 ERROR write command M105
2025-04-07T08:57:25.899332+0800 ERROR second command M105
2025-04-07T08:57:25.899332+0800 ERROR finish command M105
2025-04-07T08:57:25.900332+0800 ERROR SENT: G250 S21
2025-04-07T08:57:25.900332+0800 ERROR write command G250 S21
2025-04-07T08:57:25.919333+0800 ERROR second command G250 S21
2025-04-07T08:57:25.919333+0800 ERROR finish command G250 S21
2025-04-07T08:57:25.919333+0800 ERROR SENT: G250 S800
2025-04-07T08:57:25.919333+0800 ERROR write command G250 S800
2025-04-07T08:57:25.920333+0800 ERROR second command G250 S800
2025-04-07T08:57:25.920333+0800 ERROR finish command G250 S800
2025-04-07T08:57:25.920333+0800 ERROR SENT: M154 S1
2025-04-07T08:57:25.920333+0800 ERROR write command M154 S1
2025-04-07T08:57:25.920333+0800 ERROR second command M154 S1
2025-04-07T08:57:25.921334+0800 ERROR finish command M154 S1
2025-04-07T08:57:29.866087+0800 ERROR SENT: M105
2025-04-07T08:57:29.866087+0800 ERROR write command M105
2025-04-07T08:57:29.866087+0800 ERROR second command M105
2025-04-07T08:57:29.866087+0800 ERROR finish command M105
2025-04-07T08:57:29.866087+0800 ERROR SENT: G250 S21
2025-04-07T08:57:29.867019+0800 ERROR write command G250 S21
2025-04-07T08:57:29.867019+0800 ERROR second command G250 S21
2025-04-07T08:57:29.867019+0800 ERROR finish command G250 S21
2025-04-07T08:57:29.867019+0800 ERROR SENT: G250 S800
2025-04-07T08:57:29.867019+0800 ERROR write command G250 S800
2025-04-07T08:57:29.867019+0800 ERROR second command G250 S800
2025-04-07T08:57:29.867019+0800 ERROR finish command G250 S800
2025-04-07T08:57:29.867019+0800 ERROR SENT: M154 S1
2025-04-07T08:57:29.867019+0800 ERROR write command M154 S1
2025-04-07T08:57:29.868087+0800 ERROR second command M154 S1
2025-04-07T08:57:29.868087+0800 ERROR finish command M154 S1
2025-04-07T08:57:33.730896+0800 ERROR SENT: M105
2025-04-07T08:57:33.730896+0800 ERROR write command M105
2025-04-07T08:57:33.731790+0800 ERROR second command M105
2025-04-07T08:57:33.731790+0800 ERROR finish command M105
2025-04-07T08:57:33.731790+0800 ERROR SENT: G250 S21
2025-04-07T08:57:33.731790+0800 ERROR write command G250 S21
2025-04-07T08:57:33.731790+0800 ERROR second command G250 S21
2025-04-07T08:57:33.731790+0800 ERROR finish command G250 S21
2025-04-07T08:57:33.731790+0800 ERROR SENT: G250 S800
2025-04-07T08:57:33.731790+0800 ERROR write command G250 S800
2025-04-07T08:57:33.731790+0800 ERROR second command G250 S800
2025-04-07T08:57:33.732790+0800 ERROR finish command G250 S800
2025-04-07T08:57:33.732790+0800 ERROR SENT: M154 S1
2025-04-07T08:57:33.732790+0800 ERROR write command M154 S1
2025-04-07T08:57:33.732790+0800 ERROR second command M154 S1
2025-04-07T08:57:33.732790+0800 ERROR finish command M154 S1
2025-04-07T08:57:37.657849+0800 ERROR SENT: M105
2025-04-07T08:57:37.657849+0800 ERROR write command M105
2025-04-07T08:57:37.657849+0800 ERROR second command M105
2025-04-07T08:57:37.657849+0800 ERROR finish command M105
2025-04-07T08:57:37.657849+0800 ERROR SENT: G250 S21
2025-04-07T08:57:37.657849+0800 ERROR write command G250 S21
2025-04-07T08:57:37.658849+0800 ERROR second command G250 S21
2025-04-07T08:57:37.658849+0800 ERROR finish command G250 S21
2025-04-07T08:57:37.658849+0800 ERROR SENT: G250 S800
2025-04-07T08:57:37.658849+0800 ERROR write command G250 S800
2025-04-07T08:57:37.658849+0800 ERROR second command G250 S800
2025-04-07T08:57:37.658849+0800 ERROR finish command G250 S800
2025-04-07T08:57:37.659849+0800 ERROR SENT: M154 S1
2025-04-07T08:57:37.659849+0800 ERROR write command M154 S1
2025-04-07T08:57:37.659849+0800 ERROR second command M154 S1
2025-04-07T08:57:37.659849+0800 ERROR finish command M154 S1
2025-04-07T08:57:41.552850+0800 ERROR SENT: M105
2025-04-07T08:57:41.552850+0800 ERROR write command M105
2025-04-07T08:57:41.553847+0800 ERROR second command M105
2025-04-07T08:57:41.553847+0800 ERROR finish command M105
2025-04-07T08:57:41.553847+0800 ERROR SENT: G250 S21
2025-04-07T08:57:41.553847+0800 ERROR write command G250 S21
2025-04-07T08:57:41.553847+0800 ERROR second command G250 S21
2025-04-07T08:57:41.553847+0800 ERROR finish command G250 S21
2025-04-07T08:57:41.554847+0800 ERROR SENT: G250 S800
2025-04-07T08:57:41.554847+0800 ERROR write command G250 S800
2025-04-07T08:57:41.554847+0800 ERROR second command G250 S800
2025-04-07T08:57:41.554847+0800 ERROR finish command G250 S800
2025-04-07T08:57:41.554847+0800 ERROR SENT: M154 S1
2025-04-07T08:57:41.556847+0800 ERROR write command M154 S1
2025-04-07T08:57:41.556847+0800 ERROR second command M154 S1
2025-04-07T08:57:41.556847+0800 ERROR finish command M154 S1
2025-04-07T08:57:45.471038+0800 ERROR SENT: M105
2025-04-07T08:57:45.471038+0800 ERROR write command M105
2025-04-07T08:57:45.471038+0800 ERROR second command M105
2025-04-07T08:57:45.471038+0800 ERROR finish command M105
2025-04-07T08:57:45.471971+0800 ERROR SENT: G250 S21
2025-04-07T08:57:45.471971+0800 ERROR write command G250 S21
2025-04-07T08:57:45.471971+0800 ERROR second command G250 S21
2025-04-07T08:57:45.471971+0800 ERROR finish command G250 S21
2025-04-07T08:57:45.471971+0800 ERROR SENT: G250 S800
2025-04-07T08:57:45.471971+0800 ERROR write command G250 S800
2025-04-07T08:57:45.471971+0800 ERROR second command G250 S800
2025-04-07T08:57:45.471971+0800 ERROR finish command G250 S800
2025-04-07T08:57:45.471971+0800 ERROR SENT: M154 S1
2025-04-07T08:57:45.472970+0800 ERROR write command M154 S1
2025-04-07T08:57:45.472970+0800 ERROR second command M154 S1
2025-04-07T08:57:45.472970+0800 ERROR finish command M154 S1
2025-04-07T08:57:49.413598+0800 ERROR SENT: M105
2025-04-07T08:57:49.413598+0800 ERROR write command M105
2025-04-07T08:57:49.413598+0800 ERROR second command M105
2025-04-07T08:57:49.414614+0800 ERROR finish command M105
2025-04-07T08:57:49.414614+0800 ERROR SENT: G250 S21
2025-04-07T08:57:49.414614+0800 ERROR write command G250 S21
2025-04-07T08:57:49.414614+0800 ERROR second command G250 S21
2025-04-07T08:57:49.414614+0800 ERROR finish command G250 S21
2025-04-07T08:57:49.414614+0800 ERROR SENT: G250 S800
2025-04-07T08:57:49.414614+0800 ERROR write command G250 S800
2025-04-07T08:57:49.414614+0800 ERROR second command G250 S800
2025-04-07T08:57:49.414614+0800 ERROR finish command G250 S800
2025-04-07T08:57:49.414614+0800 ERROR SENT: M154 S1
2025-04-07T08:57:49.415608+0800 ERROR write command M154 S1
2025-04-07T08:57:49.415608+0800 ERROR second command M154 S1
2025-04-07T08:57:49.415608+0800 ERROR finish command M154 S1
2025-04-07T08:57:53.334533+0800 ERROR SENT: M105
2025-04-07T08:57:53.334533+0800 ERROR write command M105
2025-04-07T08:57:53.334533+0800 ERROR second command M105
2025-04-07T08:57:53.335543+0800 ERROR finish command M105
2025-04-07T08:57:53.335543+0800 ERROR SENT: G250 S21
2025-04-07T08:57:53.335543+0800 ERROR write command G250 S21
2025-04-07T08:57:53.335543+0800 ERROR second command G250 S21
2025-04-07T08:57:53.335543+0800 ERROR finish command G250 S21
2025-04-07T08:57:53.335543+0800 ERROR SENT: G250 S800
2025-04-07T08:57:53.336541+0800 ERROR write command G250 S800
2025-04-07T08:57:53.336541+0800 ERROR second command G250 S800
2025-04-07T08:57:53.336541+0800 ERROR finish command G250 S800
2025-04-07T08:57:53.336541+0800 ERROR SENT: M154 S1
2025-04-07T08:57:53.336541+0800 ERROR write command M154 S1
2025-04-07T08:57:53.337558+0800 ERROR second command M154 S1
2025-04-07T08:57:53.337558+0800 ERROR finish command M154 S1
2025-04-07T08:57:57.251168+0800 ERROR SENT: M105
2025-04-07T08:57:57.262168+0800 ERROR write command M105
2025-04-07T08:57:57.263168+0800 ERROR second command M105
2025-04-07T08:57:57.263168+0800 ERROR finish command M105
2025-04-07T08:57:57.263168+0800 ERROR SENT: G250 S21
2025-04-07T08:57:57.264168+0800 ERROR write command G250 S21
2025-04-07T08:57:57.264168+0800 ERROR second command G250 S21
2025-04-07T08:57:57.264168+0800 ERROR finish command G250 S21
2025-04-07T08:57:57.264168+0800 ERROR SENT: G250 S800
2025-04-07T08:57:57.264168+0800 ERROR write command G250 S800
2025-04-07T08:57:57.265170+0800 ERROR second command G250 S800
2025-04-07T08:57:57.265170+0800 ERROR finish command G250 S800
2025-04-07T08:57:57.265170+0800 ERROR SENT: M154 S1
2025-04-07T08:57:57.273170+0800 ERROR write command M154 S1
2025-04-07T08:57:57.274169+0800 ERROR second command M154 S1
2025-04-07T08:57:57.274169+0800 ERROR finish command M154 S1
2025-04-07T08:58:01.179008+0800 ERROR SENT: M105
2025-04-07T08:58:01.179008+0800 ERROR write command M105
2025-04-07T08:58:01.179008+0800 ERROR second command M105
2025-04-07T08:58:01.179008+0800 ERROR finish command M105
2025-04-07T08:58:01.179008+0800 ERROR SENT: G250 S21
2025-04-07T08:58:01.180015+0800 ERROR write command G250 S21
2025-04-07T08:58:01.180015+0800 ERROR second command G250 S21
2025-04-07T08:58:01.180015+0800 ERROR finish command G250 S21
2025-04-07T08:58:01.180015+0800 ERROR SENT: G250 S800
2025-04-07T08:58:01.180015+0800 ERROR write command G250 S800
2025-04-07T08:58:01.180015+0800 ERROR second command G250 S800
2025-04-07T08:58:01.180015+0800 ERROR finish command G250 S800
2025-04-07T08:58:01.181017+0800 ERROR SENT: M154 S1
2025-04-07T08:58:01.181017+0800 ERROR write command M154 S1
2025-04-07T08:58:01.181017+0800 ERROR second command M154 S1
2025-04-07T08:58:01.182111+0800 ERROR finish command M154 S1
2025-04-07T08:58:05.122157+0800 ERROR SENT: M105
2025-04-07T08:58:05.122157+0800 ERROR write command M105
2025-04-07T08:58:05.123157+0800 ERROR second command M105
2025-04-07T08:58:05.123157+0800 ERROR finish command M105
2025-04-07T08:58:05.123157+0800 ERROR SENT: G250 S21
2025-04-07T08:58:05.123157+0800 ERROR write command G250 S21
2025-04-07T08:58:05.124157+0800 ERROR second command G250 S21
2025-04-07T08:58:05.124157+0800 ERROR finish command G250 S21
2025-04-07T08:58:05.124157+0800 ERROR SENT: G250 S800
2025-04-07T08:58:05.124157+0800 ERROR write command G250 S800
2025-04-07T08:58:05.124157+0800 ERROR second command G250 S800
2025-04-07T08:58:05.124157+0800 ERROR finish command G250 S800
2025-04-07T08:58:05.127157+0800 ERROR SENT: M154 S1
2025-04-07T08:58:05.128157+0800 ERROR write command M154 S1
2025-04-07T08:58:05.128157+0800 ERROR second command M154 S1
2025-04-07T08:58:05.128157+0800 ERROR finish command M154 S1
2025-04-07T08:58:09.036282+0800 ERROR SENT: M105
2025-04-07T08:58:09.036282+0800 ERROR write command M105
2025-04-07T08:58:09.036282+0800 ERROR second command M105
2025-04-07T08:58:09.036282+0800 ERROR finish command M105
2025-04-07T08:58:09.036282+0800 ERROR SENT: G250 S21
2025-04-07T08:58:09.036282+0800 ERROR write command G250 S21
2025-04-07T08:58:09.037293+0800 ERROR second command G250 S21
2025-04-07T08:58:09.037293+0800 ERROR finish command G250 S21
2025-04-07T08:58:09.037293+0800 ERROR SENT: G250 S800
2025-04-07T08:58:09.037293+0800 ERROR write command G250 S800
2025-04-07T08:58:09.037293+0800 ERROR second command G250 S800
2025-04-07T08:58:09.037293+0800 ERROR finish command G250 S800
2025-04-07T08:58:09.037293+0800 ERROR SENT: M154 S1
2025-04-07T08:58:09.038294+0800 ERROR write command M154 S1
2025-04-07T08:58:09.038294+0800 ERROR second command M154 S1
2025-04-07T08:58:09.038294+0800 ERROR finish command M154 S1
2025-04-07T08:58:12.942480+0800 ERROR SENT: M105
2025-04-07T08:58:12.943481+0800 ERROR write command M105
2025-04-07T08:58:12.943481+0800 ERROR second command M105
2025-04-07T08:58:12.943481+0800 ERROR finish command M105
2025-04-07T08:58:12.943481+0800 ERROR SENT: G250 S21
2025-04-07T08:58:12.943481+0800 ERROR write command G250 S21
2025-04-07T08:58:12.944479+0800 ERROR second command G250 S21
2025-04-07T08:58:12.944479+0800 ERROR finish command G250 S21
2025-04-07T08:58:12.944479+0800 ERROR SENT: G250 S800
2025-04-07T08:58:12.944479+0800 ERROR write command G250 S800
2025-04-07T08:58:12.944479+0800 ERROR second command G250 S800
2025-04-07T08:58:12.944479+0800 ERROR finish command G250 S800
2025-04-07T08:58:12.944479+0800 ERROR SENT: M154 S1
2025-04-07T08:58:12.945479+0800 ERROR write command M154 S1
2025-04-07T08:58:12.945479+0800 ERROR second command M154 S1
2025-04-07T08:58:12.946480+0800 ERROR finish command M154 S1
2025-04-07T08:58:16.853990+0800 ERROR SENT: M105
2025-04-07T08:58:16.853990+0800 ERROR write command M105
2025-04-07T08:58:16.853990+0800 ERROR second command M105
2025-04-07T08:58:16.853990+0800 ERROR finish command M105
2025-04-07T08:58:16.854995+0800 ERROR SENT: G250 S21
2025-04-07T08:58:16.854995+0800 ERROR write command G250 S21
2025-04-07T08:58:16.854995+0800 ERROR second command G250 S21
2025-04-07T08:58:16.854995+0800 ERROR finish command G250 S21
2025-04-07T08:58:16.854995+0800 ERROR SENT: G250 S800
2025-04-07T08:58:16.854995+0800 ERROR write command G250 S800
2025-04-07T08:58:16.854995+0800 ERROR second command G250 S800
2025-04-07T08:58:16.856082+0800 ERROR finish command G250 S800
2025-04-07T08:58:16.856082+0800 ERROR SENT: M154 S1
2025-04-07T08:58:16.856082+0800 ERROR write command M154 S1
2025-04-07T08:58:16.856082+0800 ERROR second command M154 S1
2025-04-07T08:58:16.856082+0800 ERROR finish command M154 S1
2025-04-07T08:58:20.783461+0800 ERROR SENT: M105
2025-04-07T08:58:20.783461+0800 ERROR write command M105
2025-04-07T08:58:20.783461+0800 ERROR second command M105
2025-04-07T08:58:20.783461+0800 ERROR finish command M105
2025-04-07T08:58:20.784514+0800 ERROR SENT: G250 S21
2025-04-07T08:58:20.784514+0800 ERROR write command G250 S21
2025-04-07T08:58:20.784514+0800 ERROR second command G250 S21
2025-04-07T08:58:20.784514+0800 ERROR finish command G250 S21
2025-04-07T08:58:20.784514+0800 ERROR SENT: G250 S800
2025-04-07T08:58:20.784514+0800 ERROR write command G250 S800
2025-04-07T08:58:20.784514+0800 ERROR second command G250 S800
2025-04-07T08:58:20.784514+0800 ERROR finish command G250 S800
2025-04-07T08:58:20.784514+0800 ERROR SENT: M154 S1
2025-04-07T08:58:20.785553+0800 ERROR write command M154 S1
2025-04-07T08:58:20.785553+0800 ERROR second command M154 S1
2025-04-07T08:58:20.785553+0800 ERROR finish command M154 S1
2025-04-07T08:58:24.668098+0800 ERROR SENT: M105
2025-04-07T08:58:24.668098+0800 ERROR write command M105
2025-04-07T08:58:24.669099+0800 ERROR second command M105
2025-04-07T08:58:24.669099+0800 ERROR finish command M105
2025-04-07T08:58:24.669099+0800 ERROR SENT: G250 S21
2025-04-07T08:58:24.669099+0800 ERROR write command G250 S21
2025-04-07T08:58:24.670099+0800 ERROR second command G250 S21
2025-04-07T08:58:24.670099+0800 ERROR finish command G250 S21
2025-04-07T08:58:24.670099+0800 ERROR SENT: G250 S800
2025-04-07T08:58:24.671100+0800 ERROR write command G250 S800
2025-04-07T08:58:24.671100+0800 ERROR second command G250 S800
2025-04-07T08:58:24.671100+0800 ERROR finish command G250 S800
2025-04-07T08:58:24.671100+0800 ERROR SENT: M154 S1
2025-04-07T08:58:24.671100+0800 ERROR write command M154 S1
2025-04-07T08:58:24.671100+0800 ERROR second command M154 S1
2025-04-07T08:58:24.672099+0800 ERROR finish command M154 S1
2025-04-07T08:58:28.553120+0800 ERROR SENT: M105
2025-04-07T08:58:28.553120+0800 ERROR write command M105
2025-04-07T08:58:28.553120+0800 ERROR second command M105
2025-04-07T08:58:28.553120+0800 ERROR finish command M105
2025-04-07T08:58:28.554126+0800 ERROR SENT: G250 S21
2025-04-07T08:58:28.554126+0800 ERROR write command G250 S21
2025-04-07T08:58:28.554126+0800 ERROR second command G250 S21
2025-04-07T08:58:28.554126+0800 ERROR finish command G250 S21
2025-04-07T08:58:28.554126+0800 ERROR SENT: G250 S800
2025-04-07T08:58:28.554126+0800 ERROR write command G250 S800
2025-04-07T08:58:28.554126+0800 ERROR second command G250 S800
2025-04-07T08:58:28.554126+0800 ERROR finish command G250 S800
2025-04-07T08:58:28.554126+0800 ERROR SENT: M154 S1
2025-04-07T08:58:28.554953+0800 ERROR write command M154 S1
2025-04-07T08:58:28.554953+0800 ERROR second command M154 S1
2025-04-07T08:58:28.555654+0800 ERROR finish command M154 S1
2025-04-07T08:58:32.444115+0800 ERROR SENT: M105
2025-04-07T08:58:32.444115+0800 ERROR write command M105
2025-04-07T08:58:32.445115+0800 ERROR second command M105
2025-04-07T08:58:32.445115+0800 ERROR finish command M105
2025-04-07T08:58:32.445115+0800 ERROR SENT: G250 S21
2025-04-07T08:58:32.445115+0800 ERROR write command G250 S21
2025-04-07T08:58:32.445115+0800 ERROR second command G250 S21
2025-04-07T08:58:32.445115+0800 ERROR finish command G250 S21
2025-04-07T08:58:32.445115+0800 ERROR SENT: G250 S800
2025-04-07T08:58:32.445115+0800 ERROR write command G250 S800
2025-04-07T08:58:32.446114+0800 ERROR second command G250 S800
2025-04-07T08:58:32.446114+0800 ERROR finish command G250 S800
2025-04-07T08:58:32.446114+0800 ERROR SENT: M154 S1
2025-04-07T08:58:32.446114+0800 ERROR write command M154 S1
2025-04-07T08:58:32.447115+0800 ERROR second command M154 S1
2025-04-07T08:58:32.447115+0800 ERROR finish command M154 S1
2025-04-07T08:58:36.328477+0800 ERROR SENT: M105
2025-04-07T08:58:36.328477+0800 ERROR write command M105
2025-04-07T08:58:36.328477+0800 ERROR second command M105
2025-04-07T08:58:36.328477+0800 ERROR finish command M105
2025-04-07T08:58:36.328477+0800 ERROR SENT: G250 S21
2025-04-07T08:58:36.328477+0800 ERROR write command G250 S21
2025-04-07T08:58:36.328477+0800 ERROR second command G250 S21
2025-04-07T08:58:36.329483+0800 ERROR finish command G250 S21
2025-04-07T08:58:36.329483+0800 ERROR SENT: G250 S800
2025-04-07T08:58:36.329483+0800 ERROR write command G250 S800
2025-04-07T08:58:36.329483+0800 ERROR second command G250 S800
2025-04-07T08:58:36.329483+0800 ERROR finish command G250 S800
2025-04-07T08:58:36.330025+0800 ERROR SENT: M154 S1
2025-04-07T08:58:36.330025+0800 ERROR write command M154 S1
2025-04-07T08:58:36.330687+0800 ERROR second command M154 S1
2025-04-07T08:58:36.330687+0800 ERROR finish command M154 S1
2025-04-07T08:58:40.220300+0800 ERROR SENT: M105
2025-04-07T08:58:40.220300+0800 ERROR write command M105
2025-04-07T08:58:40.220300+0800 ERROR second command M105
2025-04-07T08:58:40.220300+0800 ERROR finish command M105
2025-04-07T08:58:40.220300+0800 ERROR SENT: G250 S21
2025-04-07T08:58:40.220300+0800 ERROR write command G250 S21
2025-04-07T08:58:40.221301+0800 ERROR second command G250 S21
2025-04-07T08:58:40.221301+0800 ERROR finish command G250 S21
2025-04-07T08:58:40.221301+0800 ERROR SENT: G250 S800
2025-04-07T08:58:40.221301+0800 ERROR write command G250 S800
2025-04-07T08:58:40.221301+0800 ERROR second command G250 S800
2025-04-07T08:58:40.221301+0800 ERROR finish command G250 S800
2025-04-07T08:58:40.221301+0800 ERROR SENT: M154 S1
2025-04-07T08:58:40.222302+0800 ERROR write command M154 S1
2025-04-07T08:58:40.222302+0800 ERROR second command M154 S1
2025-04-07T08:58:40.222302+0800 ERROR finish command M154 S1
2025-04-07T08:58:44.067617+0800 ERROR SENT: M105
2025-04-07T08:58:44.067617+0800 ERROR write command M105
2025-04-07T08:58:44.067617+0800 ERROR second command M105
2025-04-07T08:58:44.067617+0800 ERROR finish command M105
2025-04-07T08:58:44.067617+0800 ERROR SENT: G250 S21
2025-04-07T08:58:44.067617+0800 ERROR write command G250 S21
2025-04-07T08:58:44.067617+0800 ERROR second command G250 S21
2025-04-07T08:58:44.068616+0800 ERROR finish command G250 S21
2025-04-07T08:58:44.068616+0800 ERROR SENT: G250 S800
2025-04-07T08:58:44.068616+0800 ERROR write command G250 S800
2025-04-07T08:58:44.068616+0800 ERROR second command G250 S800
2025-04-07T08:58:44.068616+0800 ERROR finish command G250 S800
2025-04-07T08:58:44.068616+0800 ERROR SENT: M154 S1
2025-04-07T08:58:44.068616+0800 ERROR write command M154 S1
2025-04-07T08:58:44.069616+0800 ERROR second command M154 S1
2025-04-07T08:58:44.069616+0800 ERROR finish command M154 S1
2025-04-07T08:58:47.983053+0800 ERROR SENT: M105
2025-04-07T08:58:47.983053+0800 ERROR write command M105
2025-04-07T08:58:47.983053+0800 ERROR second command M105
2025-04-07T08:58:47.983053+0800 ERROR finish command M105
2025-04-07T08:58:47.983053+0800 ERROR SENT: G250 S21
2025-04-07T08:58:47.984053+0800 ERROR write command G250 S21
2025-04-07T08:58:47.984053+0800 ERROR second command G250 S21
2025-04-07T08:58:47.984053+0800 ERROR finish command G250 S21
2025-04-07T08:58:47.984053+0800 ERROR SENT: G250 S800
2025-04-07T08:58:47.984053+0800 ERROR write command G250 S800
2025-04-07T08:58:47.984053+0800 ERROR second command G250 S800
2025-04-07T08:58:47.984053+0800 ERROR finish command G250 S800
2025-04-07T08:58:47.984053+0800 ERROR SENT: M154 S1
2025-04-07T08:58:47.985054+0800 ERROR write command M154 S1
2025-04-07T08:58:47.985054+0800 ERROR second command M154 S1
2025-04-07T08:58:47.985054+0800 ERROR finish command M154 S1
2025-04-07T08:58:51.904723+0800 ERROR SENT: M105
2025-04-07T08:58:51.904723+0800 ERROR write command M105
2025-04-07T08:58:51.904723+0800 ERROR second command M105
2025-04-07T08:58:51.904723+0800 ERROR finish command M105
2025-04-07T08:58:51.905585+0800 ERROR SENT: G250 S21
2025-04-07T08:58:51.905585+0800 ERROR write command G250 S21
2025-04-07T08:58:51.905585+0800 ERROR second command G250 S21
2025-04-07T08:58:51.905585+0800 ERROR finish command G250 S21
2025-04-07T08:58:51.905585+0800 ERROR SENT: G250 S800
2025-04-07T08:58:51.905585+0800 ERROR write command G250 S800
2025-04-07T08:58:51.905585+0800 ERROR second command G250 S800
2025-04-07T08:58:51.906585+0800 ERROR finish command G250 S800
2025-04-07T08:58:51.906585+0800 ERROR SENT: M154 S1
2025-04-07T08:58:51.906866+0800 ERROR write command M154 S1
2025-04-07T08:58:51.906866+0800 ERROR second command M154 S1
2025-04-07T08:58:51.906866+0800 ERROR finish command M154 S1
2025-04-07T08:58:55.801594+0800 ERROR SENT: M105
2025-04-07T08:58:55.801594+0800 ERROR write command M105
2025-04-07T08:58:55.801594+0800 ERROR second command M105
2025-04-07T08:58:55.801594+0800 ERROR finish command M105
2025-04-07T08:58:55.801594+0800 ERROR SENT: G250 S21
2025-04-07T08:58:55.801594+0800 ERROR write command G250 S21
2025-04-07T08:58:55.802602+0800 ERROR second command G250 S21
2025-04-07T08:58:55.802602+0800 ERROR finish command G250 S21
2025-04-07T08:58:55.802602+0800 ERROR SENT: G250 S800
2025-04-07T08:58:55.802602+0800 ERROR write command G250 S800
2025-04-07T08:58:55.802602+0800 ERROR second command G250 S800
2025-04-07T08:58:55.802602+0800 ERROR finish command G250 S800
2025-04-07T08:58:55.802602+0800 ERROR SENT: M154 S1
2025-04-07T08:58:55.803619+0800 ERROR write command M154 S1
2025-04-07T08:58:55.803619+0800 ERROR second command M154 S1
2025-04-07T08:58:55.803619+0800 ERROR finish command M154 S1
2025-04-07T08:58:59.729116+0800 ERROR SENT: M105
2025-04-07T08:58:59.729116+0800 ERROR write command M105
2025-04-07T08:58:59.729116+0800 ERROR second command M105
2025-04-07T08:58:59.729116+0800 ERROR finish command M105
2025-04-07T08:58:59.729116+0800 ERROR SENT: G250 S21
2025-04-07T08:58:59.730153+0800 ERROR write command G250 S21
2025-04-07T08:58:59.730153+0800 ERROR second command G250 S21
2025-04-07T08:58:59.730153+0800 ERROR finish command G250 S21
2025-04-07T08:58:59.730153+0800 ERROR SENT: G250 S800
2025-04-07T08:58:59.730153+0800 ERROR write command G250 S800
2025-04-07T08:58:59.730153+0800 ERROR second command G250 S800
2025-04-07T08:58:59.730153+0800 ERROR finish command G250 S800
2025-04-07T08:58:59.730153+0800 ERROR SENT: M154 S1
2025-04-07T08:58:59.731129+0800 ERROR write command M154 S1
2025-04-07T08:58:59.731129+0800 ERROR second command M154 S1
2025-04-07T08:58:59.731129+0800 ERROR finish command M154 S1
2025-04-07T08:59:03.722745+0800 ERROR SENT: M105
2025-04-07T08:59:03.722745+0800 ERROR write command M105
2025-04-07T08:59:03.722745+0800 ERROR second command M105
2025-04-07T08:59:03.723745+0800 ERROR finish command M105
2025-04-07T08:59:03.723745+0800 ERROR SENT: G250 S21
2025-04-07T08:59:03.723745+0800 ERROR write command G250 S21
2025-04-07T08:59:03.723745+0800 ERROR second command G250 S21
2025-04-07T08:59:03.723745+0800 ERROR finish command G250 S21
2025-04-07T08:59:03.723745+0800 ERROR SENT: G250 S800
2025-04-07T08:59:03.723745+0800 ERROR write command G250 S800
2025-04-07T08:59:03.723745+0800 ERROR second command G250 S800
2025-04-07T08:59:03.723745+0800 ERROR finish command G250 S800
2025-04-07T08:59:03.724746+0800 ERROR SENT: M154 S1
2025-04-07T08:59:03.724746+0800 ERROR write command M154 S1
2025-04-07T08:59:03.724746+0800 ERROR second command M154 S1
2025-04-07T08:59:03.724746+0800 ERROR finish command M154 S1
2025-04-07T08:59:07.639939+0800 ERROR SENT: M105
2025-04-07T08:59:07.639939+0800 ERROR write command M105
2025-04-07T08:59:07.639939+0800 ERROR second command M105
2025-04-07T08:59:07.639939+0800 ERROR finish command M105
2025-04-07T08:59:07.639939+0800 ERROR SENT: G250 S21
2025-04-07T08:59:07.639939+0800 ERROR write command G250 S21
2025-04-07T08:59:07.640956+0800 ERROR second command G250 S21
2025-04-07T08:59:07.640956+0800 ERROR finish command G250 S21
2025-04-07T08:59:07.640956+0800 ERROR SENT: G250 S800
2025-04-07T08:59:07.640956+0800 ERROR write command G250 S800
2025-04-07T08:59:07.640956+0800 ERROR second command G250 S800
2025-04-07T08:59:07.640956+0800 ERROR finish command G250 S800
2025-04-07T08:59:07.640956+0800 ERROR SENT: M154 S1
2025-04-07T08:59:07.641947+0800 ERROR write command M154 S1
2025-04-07T08:59:07.641947+0800 ERROR second command M154 S1
2025-04-07T08:59:07.641947+0800 ERROR finish command M154 S1
