2025-04-07T06:55:42.679466+0800 INFO 设备已成功连接
2025-04-07T06:55:42.680458+0800 ERROR SENT: M105
2025-04-07T06:55:42.680458+0800 ERROR write command M105
2025-04-07T06:55:42.680458+0800 ERROR second command M105
2025-04-07T06:55:42.680458+0800 ERROR finish command M105
2025-04-07T06:55:42.681458+0800 ERROR SENT: G250 S21
2025-04-07T06:55:42.681458+0800 ERROR write command G250 S21
2025-04-07T06:55:42.681458+0800 ERROR second command G250 S21
2025-04-07T06:55:42.681458+0800 ERROR finish command G250 S21
2025-04-07T06:55:42.681458+0800 ERROR SENT: G250 S800
2025-04-07T06:55:42.682464+0800 ERROR write command G250 S800
2025-04-07T06:55:42.682464+0800 ERROR second command G250 S800
2025-04-07T06:55:42.682464+0800 ERROR finish command G250 S800
2025-04-07T06:55:42.682464+0800 ERROR SENT: M154 S1
2025-04-07T06:55:42.682464+0800 ERROR write command M154 S1
2025-04-07T06:55:42.682464+0800 ERROR second command M154 S1
2025-04-07T06:55:42.683458+0800 ERROR finish command M154 S1
2025-04-07T06:55:46.551887+0800 ERROR SENT: M105
2025-04-07T06:55:46.551887+0800 ERROR write command M105
2025-04-07T06:55:46.551887+0800 ERROR second command M105
2025-04-07T06:55:46.551887+0800 ERROR finish command M105
2025-04-07T06:55:46.552815+0800 ERROR SENT: G250 S21
2025-04-07T06:55:46.552815+0800 ERROR write command G250 S21
2025-04-07T06:55:46.552815+0800 ERROR second command G250 S21
2025-04-07T06:55:46.552815+0800 ERROR finish command G250 S21
2025-04-07T06:55:46.552815+0800 ERROR SENT: G250 S800
2025-04-07T06:55:46.552815+0800 ERROR write command G250 S800
2025-04-07T06:55:46.552815+0800 ERROR second command G250 S800
2025-04-07T06:55:46.552815+0800 ERROR finish command G250 S800
2025-04-07T06:55:46.552815+0800 ERROR SENT: M154 S1
2025-04-07T06:55:46.553814+0800 ERROR write command M154 S1
2025-04-07T06:55:46.553814+0800 ERROR second command M154 S1
2025-04-07T06:55:46.553814+0800 ERROR finish command M154 S1
2025-04-07T06:55:50.663205+0800 ERROR SENT: M105
2025-04-07T06:55:50.663205+0800 ERROR write command M105
2025-04-07T06:55:50.663205+0800 ERROR second command M105
2025-04-07T06:55:50.663205+0800 ERROR finish command M105
2025-04-07T06:55:50.663205+0800 ERROR SENT: G250 S21
2025-04-07T06:55:50.664212+0800 ERROR write command G250 S21
2025-04-07T06:55:50.664212+0800 ERROR second command G250 S21
2025-04-07T06:55:50.664212+0800 ERROR finish command G250 S21
2025-04-07T06:55:50.664212+0800 ERROR SENT: G250 S800
2025-04-07T06:55:50.664212+0800 ERROR write command G250 S800
2025-04-07T06:55:50.664212+0800 ERROR second command G250 S800
2025-04-07T06:55:50.664212+0800 ERROR finish command G250 S800
2025-04-07T06:55:50.665211+0800 ERROR SENT: M154 S1
2025-04-07T06:55:50.665211+0800 ERROR write command M154 S1
2025-04-07T06:55:50.665211+0800 ERROR second command M154 S1
2025-04-07T06:55:50.665211+0800 ERROR finish command M154 S1
2025-04-07T06:55:54.601816+0800 ERROR SENT: M105
2025-04-07T06:55:54.601816+0800 ERROR write command M105
2025-04-07T06:55:54.601816+0800 ERROR second command M105
2025-04-07T06:55:54.601816+0800 ERROR finish command M105
2025-04-07T06:55:54.602827+0800 ERROR SENT: G250 S21
2025-04-07T06:55:54.602827+0800 ERROR write command G250 S21
2025-04-07T06:55:54.602827+0800 ERROR second command G250 S21
2025-04-07T06:55:54.602827+0800 ERROR finish command G250 S21
2025-04-07T06:55:54.602827+0800 ERROR SENT: G250 S800
2025-04-07T06:55:54.602827+0800 ERROR write command G250 S800
2025-04-07T06:55:54.602827+0800 ERROR second command G250 S800
2025-04-07T06:55:54.602827+0800 ERROR finish command G250 S800
2025-04-07T06:55:54.603826+0800 ERROR SENT: M154 S1
2025-04-07T06:55:54.603826+0800 ERROR write command M154 S1
2025-04-07T06:55:54.603826+0800 ERROR second command M154 S1
2025-04-07T06:55:54.603826+0800 ERROR finish command M154 S1
2025-04-07T06:55:58.534518+0800 ERROR SENT: M105
2025-04-07T06:55:58.534518+0800 ERROR write command M105
2025-04-07T06:55:58.534518+0800 ERROR second command M105
2025-04-07T06:55:58.534518+0800 ERROR finish command M105
2025-04-07T06:55:58.534518+0800 ERROR SENT: G250 S21
2025-04-07T06:55:58.534518+0800 ERROR write command G250 S21
2025-04-07T06:55:58.535509+0800 ERROR second command G250 S21
2025-04-07T06:55:58.535509+0800 ERROR finish command G250 S21
2025-04-07T06:55:58.535509+0800 ERROR SENT: G250 S800
2025-04-07T06:55:58.535509+0800 ERROR write command G250 S800
2025-04-07T06:55:58.535509+0800 ERROR second command G250 S800
2025-04-07T06:55:58.535509+0800 ERROR finish command G250 S800
2025-04-07T06:55:58.535509+0800 ERROR SENT: M154 S1
2025-04-07T06:55:58.535509+0800 ERROR write command M154 S1
2025-04-07T06:55:58.535509+0800 ERROR second command M154 S1
2025-04-07T06:55:58.535509+0800 ERROR finish command M154 S1
2025-04-07T06:56:02.468746+0800 ERROR SENT: M105
2025-04-07T06:56:02.468746+0800 ERROR write command M105
2025-04-07T06:56:02.468746+0800 ERROR second command M105
2025-04-07T06:56:02.468746+0800 ERROR finish command M105
2025-04-07T06:56:02.468746+0800 ERROR SENT: G250 S21
2025-04-07T06:56:02.469747+0800 ERROR write command G250 S21
2025-04-07T06:56:02.469747+0800 ERROR second command G250 S21
2025-04-07T06:56:02.469747+0800 ERROR finish command G250 S21
2025-04-07T06:56:02.469747+0800 ERROR SENT: G250 S800
2025-04-07T06:56:02.470747+0800 ERROR write command G250 S800
2025-04-07T06:56:02.470747+0800 ERROR second command G250 S800
2025-04-07T06:56:02.470747+0800 ERROR finish command G250 S800
2025-04-07T06:56:02.470747+0800 ERROR SENT: M154 S1
2025-04-07T06:56:02.470747+0800 ERROR write command M154 S1
2025-04-07T06:56:02.471747+0800 ERROR second command M154 S1
2025-04-07T06:56:02.471747+0800 ERROR finish command M154 S1
2025-04-07T06:56:06.389121+0800 ERROR SENT: M105
2025-04-07T06:56:06.390121+0800 ERROR write command M105
2025-04-07T06:56:06.390121+0800 ERROR second command M105
2025-04-07T06:56:06.390121+0800 ERROR finish command M105
2025-04-07T06:56:06.390121+0800 ERROR SENT: G250 S21
2025-04-07T06:56:06.390121+0800 ERROR write command G250 S21
2025-04-07T06:56:06.391121+0800 ERROR second command G250 S21
2025-04-07T06:56:06.391121+0800 ERROR finish command G250 S21
2025-04-07T06:56:06.391121+0800 ERROR SENT: G250 S800
2025-04-07T06:56:06.391121+0800 ERROR write command G250 S800
2025-04-07T06:56:06.391121+0800 ERROR second command G250 S800
2025-04-07T06:56:06.391121+0800 ERROR finish command G250 S800
2025-04-07T06:56:06.418121+0800 ERROR SENT: M154 S1
2025-04-07T06:56:06.418121+0800 ERROR write command M154 S1
2025-04-07T06:56:06.418121+0800 ERROR second command M154 S1
2025-04-07T06:56:06.418121+0800 ERROR finish command M154 S1
2025-04-07T06:56:10.311922+0800 ERROR SENT: M105
2025-04-07T06:56:10.311922+0800 ERROR write command M105
2025-04-07T06:56:10.311922+0800 ERROR second command M105
2025-04-07T06:56:10.312914+0800 ERROR finish command M105
2025-04-07T06:56:10.312914+0800 ERROR SENT: G250 S21
2025-04-07T06:56:10.312914+0800 ERROR write command G250 S21
2025-04-07T06:56:10.312914+0800 ERROR second command G250 S21
2025-04-07T06:56:10.312914+0800 ERROR finish command G250 S21
2025-04-07T06:56:10.312914+0800 ERROR SENT: G250 S800
2025-04-07T06:56:10.313913+0800 ERROR write command G250 S800
2025-04-07T06:56:10.313913+0800 ERROR second command G250 S800
2025-04-07T06:56:10.313913+0800 ERROR finish command G250 S800
2025-04-07T06:56:10.313913+0800 ERROR SENT: M154 S1
2025-04-07T06:56:10.313913+0800 ERROR write command M154 S1
2025-04-07T06:56:10.314913+0800 ERROR second command M154 S1
2025-04-07T06:56:10.314913+0800 ERROR finish command M154 S1
2025-04-07T06:56:14.245521+0800 ERROR SENT: M105
2025-04-07T06:56:14.245521+0800 ERROR write command M105
2025-04-07T06:56:14.245521+0800 ERROR second command M105
2025-04-07T06:56:14.245521+0800 ERROR finish command M105
2025-04-07T06:56:14.246449+0800 ERROR SENT: G250 S21
2025-04-07T06:56:14.246449+0800 ERROR write command G250 S21
2025-04-07T06:56:14.246449+0800 ERROR second command G250 S21
2025-04-07T06:56:14.246449+0800 ERROR finish command G250 S21
2025-04-07T06:56:14.246449+0800 ERROR SENT: G250 S800
2025-04-07T06:56:14.246449+0800 ERROR write command G250 S800
2025-04-07T06:56:14.246449+0800 ERROR second command G250 S800
2025-04-07T06:56:14.246449+0800 ERROR finish command G250 S800
2025-04-07T06:56:14.246449+0800 ERROR SENT: M154 S1
2025-04-07T06:56:14.247449+0800 ERROR write command M154 S1
2025-04-07T06:56:14.247449+0800 ERROR second command M154 S1
2025-04-07T06:56:14.247449+0800 ERROR finish command M154 S1
2025-04-07T06:56:18.099072+0800 ERROR SENT: M105
2025-04-07T06:56:18.099072+0800 ERROR write command M105
2025-04-07T06:56:18.099072+0800 ERROR second command M105
2025-04-07T06:56:18.099072+0800 ERROR finish command M105
2025-04-07T06:56:18.099072+0800 ERROR SENT: G250 S21
2025-04-07T06:56:18.100094+0800 ERROR write command G250 S21
2025-04-07T06:56:18.100094+0800 ERROR second command G250 S21
2025-04-07T06:56:18.100094+0800 ERROR finish command G250 S21
2025-04-07T06:56:18.100094+0800 ERROR SENT: G250 S800
2025-04-07T06:56:18.100094+0800 ERROR write command G250 S800
2025-04-07T06:56:18.100094+0800 ERROR second command G250 S800
2025-04-07T06:56:18.100094+0800 ERROR finish command G250 S800
2025-04-07T06:56:18.100094+0800 ERROR SENT: M154 S1
2025-04-07T06:56:18.101080+0800 ERROR write command M154 S1
2025-04-07T06:56:18.101080+0800 ERROR second command M154 S1
2025-04-07T06:56:18.101080+0800 ERROR finish command M154 S1
