2025-04-06T22:10:33.217414+0800 INFO 设备已成功连接
2025-04-06T22:10:33.218409+0800 ERROR SENT: M105
2025-04-06T22:10:33.218409+0800 ERROR write command M105
2025-04-06T22:10:33.218409+0800 ERROR second command M105
2025-04-06T22:10:33.219410+0800 ERROR finish command M105
2025-04-06T22:10:33.219410+0800 ERROR SENT: G250 S21
2025-04-06T22:10:33.219410+0800 ERROR write command G250 S21
2025-04-06T22:10:33.220409+0800 ERROR second command G250 S21
2025-04-06T22:10:33.220409+0800 ERROR finish command G250 S21
2025-04-06T22:10:33.220409+0800 ERROR SENT: G250 S800
2025-04-06T22:10:33.220409+0800 ERROR write command G250 S800
2025-04-06T22:10:33.220409+0800 ERROR second command G250 S800
2025-04-06T22:10:33.220409+0800 ERROR finish command G250 S800
2025-04-06T22:10:33.220409+0800 ERROR SENT: M154 S1
2025-04-06T22:10:33.220409+0800 ERROR write command M154 S1
2025-04-06T22:10:33.221409+0800 ERROR second command M154 S1
2025-04-06T22:10:33.221409+0800 ERROR finish command M154 S1
2025-04-06T22:10:33.221409+0800 ERROR SENT: 2025-04-06 22:10:33
2025-04-06T22:10:33.222409+0800 ERROR write command 2025-04-06 22:10:33
2025-04-06T22:10:33.222409+0800 ERROR second command 2025-04-06 22:10:33
2025-04-06T22:10:33.222409+0800 ERROR finish command 2025-04-06 22:10:33
2025-04-06T22:10:37.150921+0800 ERROR SENT: M105
2025-04-06T22:10:37.150921+0800 ERROR write command M105
2025-04-06T22:10:37.151842+0800 ERROR second command M105
2025-04-06T22:10:37.151842+0800 ERROR finish command M105
2025-04-06T22:10:37.151842+0800 ERROR SENT: G250 S21
2025-04-06T22:10:37.151842+0800 ERROR write command G250 S21
2025-04-06T22:10:37.151842+0800 ERROR second command G250 S21
2025-04-06T22:10:37.151842+0800 ERROR finish command G250 S21
2025-04-06T22:10:37.151842+0800 ERROR SENT: G250 S800
2025-04-06T22:10:37.151842+0800 ERROR write command G250 S800
2025-04-06T22:10:37.152817+0800 ERROR second command G250 S800
2025-04-06T22:10:37.152817+0800 ERROR finish command G250 S800
2025-04-06T22:10:37.152817+0800 ERROR SENT: M154 S1
2025-04-06T22:10:37.152817+0800 ERROR write command M154 S1
2025-04-06T22:10:37.152817+0800 ERROR second command M154 S1
2025-04-06T22:10:37.153817+0800 ERROR finish command M154 S1
2025-04-06T22:10:37.153817+0800 ERROR SENT: 2025-04-06 22:10:37
2025-04-06T22:10:37.153817+0800 ERROR write command 2025-04-06 22:10:37
2025-04-06T22:10:37.153817+0800 ERROR second command 2025-04-06 22:10:37
2025-04-06T22:10:37.153817+0800 ERROR finish command 2025-04-06 22:10:37
2025-04-06T22:10:41.066930+0800 ERROR SENT: M105
2025-04-06T22:10:41.066930+0800 ERROR write command M105
2025-04-06T22:10:41.066930+0800 ERROR second command M105
2025-04-06T22:10:41.066930+0800 ERROR finish command M105
2025-04-06T22:10:41.066930+0800 ERROR SENT: G250 S21
2025-04-06T22:10:41.067937+0800 ERROR write command G250 S21
2025-04-06T22:10:41.067937+0800 ERROR second command G250 S21
2025-04-06T22:10:41.067937+0800 ERROR finish command G250 S21
2025-04-06T22:10:41.067937+0800 ERROR SENT: G250 S800
2025-04-06T22:10:41.067937+0800 ERROR write command G250 S800
2025-04-06T22:10:41.067937+0800 ERROR second command G250 S800
2025-04-06T22:10:41.067937+0800 ERROR finish command G250 S800
2025-04-06T22:10:41.068937+0800 ERROR SENT: M154 S1
2025-04-06T22:10:41.068937+0800 ERROR write command M154 S1
2025-04-06T22:10:41.068937+0800 ERROR second command M154 S1
2025-04-06T22:10:41.068937+0800 ERROR finish command M154 S1
2025-04-06T22:10:41.068937+0800 ERROR SENT: 2025-04-06 22:10:41
2025-04-06T22:10:41.068937+0800 ERROR write command 2025-04-06 22:10:41
2025-04-06T22:10:41.068937+0800 ERROR second command 2025-04-06 22:10:41
2025-04-06T22:10:41.068937+0800 ERROR finish command 2025-04-06 22:10:41
2025-04-06T22:10:44.962363+0800 ERROR SENT: M105
2025-04-06T22:10:44.962363+0800 ERROR write command M105
2025-04-06T22:10:44.963378+0800 ERROR second command M105
2025-04-06T22:10:44.963378+0800 ERROR finish command M105
2025-04-06T22:10:44.963378+0800 ERROR SENT: G250 S21
2025-04-06T22:10:44.963378+0800 ERROR write command G250 S21
2025-04-06T22:10:44.964381+0800 ERROR second command G250 S21
2025-04-06T22:10:44.964381+0800 ERROR finish command G250 S21
2025-04-06T22:10:44.964381+0800 ERROR SENT: G250 S800
2025-04-06T22:10:44.964381+0800 ERROR write command G250 S800
2025-04-06T22:10:44.964381+0800 ERROR second command G250 S800
2025-04-06T22:10:44.964381+0800 ERROR finish command G250 S800
2025-04-06T22:10:44.964381+0800 ERROR SENT: M154 S1
2025-04-06T22:10:44.965427+0800 ERROR write command M154 S1
2025-04-06T22:10:44.965427+0800 ERROR second command M154 S1
2025-04-06T22:10:44.965427+0800 ERROR finish command M154 S1
2025-04-06T22:10:44.966465+0800 ERROR SENT: 2025-04-06 22:10:44
2025-04-06T22:10:44.966465+0800 ERROR write command 2025-04-06 22:10:44
2025-04-06T22:10:44.966465+0800 ERROR second command 2025-04-06 22:10:44
2025-04-06T22:10:44.967377+0800 ERROR finish command 2025-04-06 22:10:44
2025-04-06T22:10:48.864992+0800 ERROR SENT: M105
2025-04-06T22:10:48.864992+0800 ERROR write command M105
2025-04-06T22:10:48.864992+0800 ERROR second command M105
2025-04-06T22:10:48.864992+0800 ERROR finish command M105
2025-04-06T22:10:48.866001+0800 ERROR SENT: G250 S21
2025-04-06T22:10:48.866001+0800 ERROR write command G250 S21
2025-04-06T22:10:48.866001+0800 ERROR second command G250 S21
2025-04-06T22:10:48.866001+0800 ERROR finish command G250 S21
2025-04-06T22:10:48.866001+0800 ERROR SENT: G250 S800
2025-04-06T22:10:48.866001+0800 ERROR write command G250 S800
2025-04-06T22:10:48.866001+0800 ERROR second command G250 S800
2025-04-06T22:10:48.866001+0800 ERROR finish command G250 S800
2025-04-06T22:10:48.867001+0800 ERROR SENT: M154 S1
2025-04-06T22:10:48.867001+0800 ERROR write command M154 S1
2025-04-06T22:10:48.867001+0800 ERROR second command M154 S1
2025-04-06T22:10:48.867001+0800 ERROR finish command M154 S1
2025-04-06T22:10:48.867001+0800 ERROR SENT: 2025-04-06 22:10:48
2025-04-06T22:10:48.867001+0800 ERROR write command 2025-04-06 22:10:48
2025-04-06T22:10:48.867001+0800 ERROR second command 2025-04-06 22:10:48
2025-04-06T22:10:48.867001+0800 ERROR finish command 2025-04-06 22:10:48
