2025-04-07T09:46:32.868022+0800 INFO 设备已成功连接
2025-04-07T09:46:32.868022+0800 ERROR SENT: M105
2025-04-07T09:46:32.869020+0800 ERROR write command M105
2025-04-07T09:46:32.869020+0800 ERROR second command M105
2025-04-07T09:46:32.869020+0800 ERROR finish command M105
2025-04-07T09:46:32.869020+0800 ERROR SENT: G250 S21
2025-04-07T09:46:32.869020+0800 ERROR write command G250 S21
2025-04-07T09:46:32.869020+0800 ERROR second command G250 S21
2025-04-07T09:46:32.869020+0800 ERROR finish command G250 S21
2025-04-07T09:46:32.870021+0800 ERROR SENT: G250 S800
2025-04-07T09:46:32.870021+0800 ERROR write command G250 S800
2025-04-07T09:46:32.870021+0800 ERROR second command G250 S800
2025-04-07T09:46:32.870021+0800 ERROR finish command G250 S800
2025-04-07T09:46:32.870021+0800 ERROR SENT: M154 S1
2025-04-07T09:46:32.870021+0800 ERROR write command M154 S1
2025-04-07T09:46:32.871020+0800 ERROR second command M154 S1
2025-04-07T09:46:32.871020+0800 ERROR finish command M154 S1
2025-04-07T09:46:36.784662+0800 ERROR SENT: M105
2025-04-07T09:46:36.784662+0800 ERROR write command M105
2025-04-07T09:46:36.784662+0800 ERROR second command M105
2025-04-07T09:46:36.784662+0800 ERROR finish command M105
2025-04-07T09:46:36.784662+0800 ERROR SENT: G250 S21
2025-04-07T09:46:36.785634+0800 ERROR write command G250 S21
2025-04-07T09:46:36.785634+0800 ERROR second command G250 S21
2025-04-07T09:46:36.785634+0800 ERROR finish command G250 S21
2025-04-07T09:46:36.785634+0800 ERROR SENT: G250 S800
2025-04-07T09:46:36.785634+0800 ERROR write command G250 S800
2025-04-07T09:46:36.785634+0800 ERROR second command G250 S800
2025-04-07T09:46:36.785634+0800 ERROR finish command G250 S800
2025-04-07T09:46:36.786632+0800 ERROR SENT: M154 S1
2025-04-07T09:46:36.786632+0800 ERROR write command M154 S1
2025-04-07T09:46:36.786632+0800 ERROR second command M154 S1
2025-04-07T09:46:36.786632+0800 ERROR finish command M154 S1
2025-04-07T09:46:41.119729+0800 ERROR SENT: M105
2025-04-07T09:46:41.165800+0800 ERROR write command M105
2025-04-07T09:46:41.180805+0800 ERROR second command M105
2025-04-07T09:46:41.180805+0800 ERROR finish command M105
2025-04-07T09:46:41.180805+0800 ERROR SENT: G250 S21
2025-04-07T09:46:41.180805+0800 ERROR write command G250 S21
2025-04-07T09:46:41.180805+0800 ERROR second command G250 S21
2025-04-07T09:46:41.180805+0800 ERROR finish command G250 S21
2025-04-07T09:46:41.181730+0800 ERROR SENT: G250 S800
2025-04-07T09:46:41.181730+0800 ERROR write command G250 S800
2025-04-07T09:46:41.212729+0800 ERROR second command G250 S800
2025-04-07T09:46:41.212729+0800 ERROR finish command G250 S800
2025-04-07T09:46:41.228739+0800 ERROR SENT: M154 S1
2025-04-07T09:46:41.402810+0800 ERROR write command M154 S1
2025-04-07T09:46:41.414811+0800 ERROR second command M154 S1
2025-04-07T09:46:41.415730+0800 ERROR finish command M154 S1
2025-04-07T09:46:42.973470+0800 INFO L109 time:2025/04/07 09:46:42#./GCODE/100方块.gcode#
2025-04-07T09:46:42.973470+0800 INFO Not connected to printer.
2025-04-07T09:46:45.278037+0800 ERROR SENT: M105
2025-04-07T09:46:45.278037+0800 ERROR write command M105
2025-04-07T09:46:45.278037+0800 ERROR second command M105
2025-04-07T09:46:45.278037+0800 ERROR finish command M105
2025-04-07T09:46:45.278037+0800 ERROR SENT: G250 S21
2025-04-07T09:46:45.278037+0800 ERROR write command G250 S21
2025-04-07T09:46:45.279056+0800 ERROR second command G250 S21
2025-04-07T09:46:45.279056+0800 ERROR finish command G250 S21
2025-04-07T09:46:45.279056+0800 ERROR SENT: G250 S800
2025-04-07T09:46:45.279056+0800 ERROR write command G250 S800
2025-04-07T09:46:45.279056+0800 ERROR second command G250 S800
2025-04-07T09:46:45.279056+0800 ERROR finish command G250 S800
2025-04-07T09:46:45.279056+0800 ERROR SENT: M154 S1
2025-04-07T09:46:45.279056+0800 ERROR write command M154 S1
2025-04-07T09:46:45.280125+0800 ERROR second command M154 S1
2025-04-07T09:46:45.280125+0800 ERROR finish command M154 S1
2025-04-07T09:46:49.192126+0800 ERROR SENT: M105
2025-04-07T09:46:49.192126+0800 ERROR write command M105
2025-04-07T09:46:49.192126+0800 ERROR second command M105
2025-04-07T09:46:49.192126+0800 ERROR finish command M105
2025-04-07T09:46:49.193023+0800 ERROR SENT: G250 S21
2025-04-07T09:46:49.193023+0800 ERROR write command G250 S21
2025-04-07T09:46:49.193023+0800 ERROR second command G250 S21
2025-04-07T09:46:49.193023+0800 ERROR finish command G250 S21
2025-04-07T09:46:49.193023+0800 ERROR SENT: G250 S800
2025-04-07T09:46:49.193023+0800 ERROR write command G250 S800
2025-04-07T09:46:49.193023+0800 ERROR second command G250 S800
2025-04-07T09:46:49.193023+0800 ERROR finish command G250 S800
2025-04-07T09:46:49.194023+0800 ERROR SENT: M154 S1
2025-04-07T09:46:49.194023+0800 ERROR write command M154 S1
2025-04-07T09:46:49.194023+0800 ERROR second command M154 S1
2025-04-07T09:46:49.194023+0800 ERROR finish command M154 S1
2025-04-07T09:46:49.452447+0800 INFO L109 time:2025/04/07 09:46:49#./GCODE/100方块.gcode#
2025-04-07T09:46:49.453456+0800 INFO Not connected to printer.
2025-04-07T09:46:53.075490+0800 ERROR SENT: M105
2025-04-07T09:46:53.075490+0800 ERROR write command M105
2025-04-07T09:46:53.075490+0800 ERROR second command M105
2025-04-07T09:46:53.075490+0800 ERROR finish command M105
2025-04-07T09:46:53.076515+0800 ERROR SENT: G250 S21
2025-04-07T09:46:53.076515+0800 ERROR write command G250 S21
2025-04-07T09:46:53.076515+0800 ERROR second command G250 S21
2025-04-07T09:46:53.076515+0800 ERROR finish command G250 S21
2025-04-07T09:46:53.076515+0800 ERROR SENT: G250 S800
2025-04-07T09:46:53.076515+0800 ERROR write command G250 S800
2025-04-07T09:46:53.076515+0800 ERROR second command G250 S800
2025-04-07T09:46:53.077499+0800 ERROR finish command G250 S800
2025-04-07T09:46:53.077499+0800 ERROR SENT: M154 S1
2025-04-07T09:46:53.077499+0800 ERROR write command M154 S1
2025-04-07T09:46:53.077499+0800 ERROR second command M154 S1
2025-04-07T09:46:53.077499+0800 ERROR finish command M154 S1
