2025-04-07T06:57:58.129391+0800 INFO 设备已成功连接
2025-04-07T06:57:58.130391+0800 ERROR SENT: M105
2025-04-07T06:57:58.130391+0800 ERROR write command M105
2025-04-07T06:57:58.131390+0800 ERROR second command M105
2025-04-07T06:57:58.131390+0800 ERROR finish command M105
2025-04-07T06:57:58.131390+0800 ERROR SENT: G250 S21
2025-04-07T06:57:58.131390+0800 ERROR write command G250 S21
2025-04-07T06:57:58.131390+0800 ERROR second command G250 S21
2025-04-07T06:57:58.132390+0800 ERROR finish command G250 S21
2025-04-07T06:57:58.132390+0800 ERROR SENT: G250 S800
2025-04-07T06:57:58.132390+0800 ERROR write command G250 S800
2025-04-07T06:57:58.132390+0800 ERROR second command G250 S800
2025-04-07T06:57:58.132390+0800 ERROR finish command G250 S800
2025-04-07T06:57:58.132390+0800 ERROR SENT: M154 S1
2025-04-07T06:57:58.132390+0800 ERROR write command M154 S1
2025-04-07T06:57:58.133390+0800 ERROR second command M154 S1
2025-04-07T06:57:58.133390+0800 ERROR finish command M154 S1
2025-04-07T06:58:02.009073+0800 ERROR SENT: M105
2025-04-07T06:58:02.009073+0800 ERROR write command M105
2025-04-07T06:58:02.009073+0800 ERROR second command M105
2025-04-07T06:58:02.010081+0800 ERROR finish command M105
2025-04-07T06:58:02.010081+0800 ERROR SENT: G250 S21
2025-04-07T06:58:02.010081+0800 ERROR write command G250 S21
2025-04-07T06:58:02.010081+0800 ERROR second command G250 S21
2025-04-07T06:58:02.010081+0800 ERROR finish command G250 S21
2025-04-07T06:58:02.010081+0800 ERROR SENT: G250 S800
2025-04-07T06:58:02.010081+0800 ERROR write command G250 S800
2025-04-07T06:58:02.010081+0800 ERROR second command G250 S800
2025-04-07T06:58:02.010081+0800 ERROR finish command G250 S800
2025-04-07T06:58:02.010081+0800 ERROR SENT: M154 S1
2025-04-07T06:58:02.011080+0800 ERROR write command M154 S1
2025-04-07T06:58:02.011080+0800 ERROR second command M154 S1
2025-04-07T06:58:02.011080+0800 ERROR finish command M154 S1
2025-04-07T06:58:06.217980+0800 ERROR SENT: M105
2025-04-07T06:58:06.217980+0800 ERROR write command M105
2025-04-07T06:58:06.217980+0800 ERROR second command M105
2025-04-07T06:58:06.217980+0800 ERROR finish command M105
2025-04-07T06:58:06.217980+0800 ERROR SENT: G250 S21
2025-04-07T06:58:06.217980+0800 ERROR write command G250 S21
2025-04-07T06:58:06.218985+0800 ERROR second command G250 S21
2025-04-07T06:58:06.218985+0800 ERROR finish command G250 S21
2025-04-07T06:58:06.218985+0800 ERROR SENT: G250 S800
2025-04-07T06:58:06.218985+0800 ERROR write command G250 S800
2025-04-07T06:58:06.218985+0800 ERROR second command G250 S800
2025-04-07T06:58:06.218985+0800 ERROR finish command G250 S800
2025-04-07T06:58:06.218985+0800 ERROR SENT: M154 S1
2025-04-07T06:58:06.219984+0800 ERROR write command M154 S1
2025-04-07T06:58:06.219984+0800 ERROR second command M154 S1
2025-04-07T06:58:06.219984+0800 ERROR finish command M154 S1
2025-04-07T06:58:10.190391+0800 ERROR SENT: M105
2025-04-07T06:58:10.191391+0800 ERROR write command M105
2025-04-07T06:58:10.191391+0800 ERROR second command M105
2025-04-07T06:58:10.192392+0800 ERROR finish command M105
2025-04-07T06:58:10.192392+0800 ERROR SENT: G250 S21
2025-04-07T06:58:10.192392+0800 ERROR write command G250 S21
2025-04-07T06:58:10.192392+0800 ERROR second command G250 S21
2025-04-07T06:58:10.192392+0800 ERROR finish command G250 S21
2025-04-07T06:58:10.192392+0800 ERROR SENT: G250 S800
2025-04-07T06:58:10.193391+0800 ERROR write command G250 S800
2025-04-07T06:58:10.193391+0800 ERROR second command G250 S800
2025-04-07T06:58:10.193391+0800 ERROR finish command G250 S800
2025-04-07T06:58:10.193391+0800 ERROR SENT: M154 S1
2025-04-07T06:58:10.193391+0800 ERROR write command M154 S1
2025-04-07T06:58:10.193391+0800 ERROR second command M154 S1
2025-04-07T06:58:10.193391+0800 ERROR finish command M154 S1
2025-04-07T06:58:14.044995+0800 ERROR SENT: M105
2025-04-07T06:58:14.044995+0800 ERROR write command M105
2025-04-07T06:58:14.044995+0800 ERROR second command M105
2025-04-07T06:58:14.044995+0800 ERROR finish command M105
2025-04-07T06:58:14.044995+0800 ERROR SENT: G250 S21
2025-04-07T06:58:14.046004+0800 ERROR write command G250 S21
2025-04-07T06:58:14.046004+0800 ERROR second command G250 S21
2025-04-07T06:58:14.046004+0800 ERROR finish command G250 S21
2025-04-07T06:58:14.046004+0800 ERROR SENT: G250 S800
2025-04-07T06:58:14.046004+0800 ERROR write command G250 S800
2025-04-07T06:58:14.046004+0800 ERROR second command G250 S800
2025-04-07T06:58:14.046004+0800 ERROR finish command G250 S800
2025-04-07T06:58:14.046004+0800 ERROR SENT: M154 S1
2025-04-07T06:58:14.047003+0800 ERROR write command M154 S1
2025-04-07T06:58:14.047003+0800 ERROR second command M154 S1
2025-04-07T06:58:14.047003+0800 ERROR finish command M154 S1
2025-04-07T06:58:17.959866+0800 ERROR SENT: M105
2025-04-07T06:58:17.959866+0800 ERROR write command M105
2025-04-07T06:58:17.959866+0800 ERROR second command M105
2025-04-07T06:58:17.959866+0800 ERROR finish command M105
2025-04-07T06:58:17.959866+0800 ERROR SENT: G250 S21
2025-04-07T06:58:17.959866+0800 ERROR write command G250 S21
2025-04-07T06:58:17.960864+0800 ERROR second command G250 S21
2025-04-07T06:58:17.960864+0800 ERROR finish command G250 S21
2025-04-07T06:58:17.960864+0800 ERROR SENT: G250 S800
2025-04-07T06:58:17.960864+0800 ERROR write command G250 S800
2025-04-07T06:58:17.960864+0800 ERROR second command G250 S800
2025-04-07T06:58:17.960864+0800 ERROR finish command G250 S800
2025-04-07T06:58:17.960864+0800 ERROR SENT: M154 S1
2025-04-07T06:58:17.960864+0800 ERROR write command M154 S1
2025-04-07T06:58:17.961864+0800 ERROR second command M154 S1
2025-04-07T06:58:17.961864+0800 ERROR finish command M154 S1
2025-04-07T06:58:21.795740+0800 ERROR SENT: M105
2025-04-07T06:58:21.795740+0800 ERROR write command M105
2025-04-07T06:58:21.795740+0800 ERROR second command M105
2025-04-07T06:58:21.795740+0800 ERROR finish command M105
2025-04-07T06:58:21.795740+0800 ERROR SENT: G250 S21
2025-04-07T06:58:21.795740+0800 ERROR write command G250 S21
2025-04-07T06:58:21.796662+0800 ERROR second command G250 S21
2025-04-07T06:58:21.796662+0800 ERROR finish command G250 S21
2025-04-07T06:58:21.796662+0800 ERROR SENT: G250 S800
2025-04-07T06:58:21.796662+0800 ERROR write command G250 S800
2025-04-07T06:58:21.796662+0800 ERROR second command G250 S800
2025-04-07T06:58:21.796662+0800 ERROR finish command G250 S800
2025-04-07T06:58:21.796662+0800 ERROR SENT: M154 S1
2025-04-07T06:58:21.797662+0800 ERROR write command M154 S1
2025-04-07T06:58:21.797662+0800 ERROR second command M154 S1
2025-04-07T06:58:21.797662+0800 ERROR finish command M154 S1
2025-04-07T06:58:25.674718+0800 ERROR SENT: M105
2025-04-07T06:58:25.674718+0800 ERROR write command M105
2025-04-07T06:58:25.675718+0800 ERROR second command M105
2025-04-07T06:58:25.675718+0800 ERROR finish command M105
2025-04-07T06:58:25.675718+0800 ERROR SENT: G250 S21
2025-04-07T06:58:25.675718+0800 ERROR write command G250 S21
2025-04-07T06:58:25.675718+0800 ERROR second command G250 S21
2025-04-07T06:58:25.675718+0800 ERROR finish command G250 S21
2025-04-07T06:58:25.675718+0800 ERROR SENT: G250 S800
2025-04-07T06:58:25.675718+0800 ERROR write command G250 S800
2025-04-07T06:58:25.675718+0800 ERROR second command G250 S800
2025-04-07T06:58:25.676718+0800 ERROR finish command G250 S800
2025-04-07T06:58:25.678718+0800 ERROR SENT: M154 S1
2025-04-07T06:58:25.679718+0800 ERROR write command M154 S1
2025-04-07T06:58:25.679718+0800 ERROR second command M154 S1
2025-04-07T06:58:25.679718+0800 ERROR finish command M154 S1
2025-04-07T06:58:29.583171+0800 ERROR SENT: M105
2025-04-07T06:58:29.583171+0800 ERROR write command M105
2025-04-07T06:58:29.583171+0800 ERROR second command M105
2025-04-07T06:58:29.583171+0800 ERROR finish command M105
2025-04-07T06:58:29.584172+0800 ERROR SENT: G250 S21
2025-04-07T06:58:29.584172+0800 ERROR write command G250 S21
2025-04-07T06:58:29.584172+0800 ERROR second command G250 S21
2025-04-07T06:58:29.584172+0800 ERROR finish command G250 S21
2025-04-07T06:58:29.584172+0800 ERROR SENT: G250 S800
2025-04-07T06:58:29.584172+0800 ERROR write command G250 S800
2025-04-07T06:58:29.584172+0800 ERROR second command G250 S800
2025-04-07T06:58:29.584172+0800 ERROR finish command G250 S800
2025-04-07T06:58:29.584172+0800 ERROR SENT: M154 S1
2025-04-07T06:58:29.584172+0800 ERROR write command M154 S1
2025-04-07T06:58:29.585171+0800 ERROR second command M154 S1
2025-04-07T06:58:29.585171+0800 ERROR finish command M154 S1
2025-04-07T06:58:33.414727+0800 ERROR SENT: M105
2025-04-07T06:58:33.414727+0800 ERROR write command M105
2025-04-07T06:58:33.414727+0800 ERROR second command M105
2025-04-07T06:58:33.414727+0800 ERROR finish command M105
2025-04-07T06:58:33.415728+0800 ERROR SENT: G250 S21
2025-04-07T06:58:33.415728+0800 ERROR write command G250 S21
2025-04-07T06:58:33.415728+0800 ERROR second command G250 S21
2025-04-07T06:58:33.415728+0800 ERROR finish command G250 S21
2025-04-07T06:58:33.415728+0800 ERROR SENT: G250 S800
2025-04-07T06:58:33.415728+0800 ERROR write command G250 S800
2025-04-07T06:58:33.415728+0800 ERROR second command G250 S800
2025-04-07T06:58:33.415728+0800 ERROR finish command G250 S800
2025-04-07T06:58:33.415728+0800 ERROR SENT: M154 S1
2025-04-07T06:58:33.415728+0800 ERROR write command M154 S1
2025-04-07T06:58:33.416728+0800 ERROR second command M154 S1
2025-04-07T06:58:33.416728+0800 ERROR finish command M154 S1
2025-04-07T06:58:37.232563+0800 ERROR SENT: M105
2025-04-07T06:58:37.232563+0800 ERROR write command M105
2025-04-07T06:58:37.233564+0800 ERROR second command M105
2025-04-07T06:58:37.233564+0800 ERROR finish command M105
2025-04-07T06:58:37.233564+0800 ERROR SENT: G250 S21
2025-04-07T06:58:37.233564+0800 ERROR write command G250 S21
2025-04-07T06:58:37.233564+0800 ERROR second command G250 S21
2025-04-07T06:58:37.233564+0800 ERROR finish command G250 S21
2025-04-07T06:58:37.233564+0800 ERROR SENT: G250 S800
2025-04-07T06:58:37.234564+0800 ERROR write command G250 S800
2025-04-07T06:58:37.234564+0800 ERROR second command G250 S800
2025-04-07T06:58:37.234564+0800 ERROR finish command G250 S800
2025-04-07T06:58:37.234564+0800 ERROR SENT: M154 S1
2025-04-07T06:58:37.234564+0800 ERROR write command M154 S1
2025-04-07T06:58:37.234564+0800 ERROR second command M154 S1
2025-04-07T06:58:37.235563+0800 ERROR finish command M154 S1
2025-04-07T06:58:41.172956+0800 ERROR SENT: M105
2025-04-07T06:58:41.172956+0800 ERROR write command M105
2025-04-07T06:58:41.172956+0800 ERROR second command M105
2025-04-07T06:58:41.172956+0800 ERROR finish command M105
2025-04-07T06:58:41.172956+0800 ERROR SENT: G250 S21
2025-04-07T06:58:41.173960+0800 ERROR write command G250 S21
2025-04-07T06:58:41.173960+0800 ERROR second command G250 S21
2025-04-07T06:58:41.173960+0800 ERROR finish command G250 S21
2025-04-07T06:58:41.173960+0800 ERROR SENT: G250 S800
2025-04-07T06:58:41.173960+0800 ERROR write command G250 S800
2025-04-07T06:58:41.173960+0800 ERROR second command G250 S800
2025-04-07T06:58:41.173960+0800 ERROR finish command G250 S800
2025-04-07T06:58:41.173960+0800 ERROR SENT: M154 S1
2025-04-07T06:58:41.174959+0800 ERROR write command M154 S1
2025-04-07T06:58:41.174959+0800 ERROR second command M154 S1
2025-04-07T06:58:41.174959+0800 ERROR finish command M154 S1
2025-04-07T06:58:45.089287+0800 ERROR SENT: M105
2025-04-07T06:58:45.089287+0800 ERROR write command M105
2025-04-07T06:58:45.089287+0800 ERROR second command M105
2025-04-07T06:58:45.089287+0800 ERROR finish command M105
2025-04-07T06:58:45.089287+0800 ERROR SENT: G250 S21
2025-04-07T06:58:45.090312+0800 ERROR write command G250 S21
2025-04-07T06:58:45.090312+0800 ERROR second command G250 S21
2025-04-07T06:58:45.090312+0800 ERROR finish command G250 S21
2025-04-07T06:58:45.090312+0800 ERROR SENT: G250 S800
2025-04-07T06:58:45.090312+0800 ERROR write command G250 S800
2025-04-07T06:58:45.090312+0800 ERROR second command G250 S800
2025-04-07T06:58:45.090312+0800 ERROR finish command G250 S800
2025-04-07T06:58:45.090312+0800 ERROR SENT: M154 S1
2025-04-07T06:58:45.091308+0800 ERROR write command M154 S1
2025-04-07T06:58:45.091308+0800 ERROR second command M154 S1
2025-04-07T06:58:45.091308+0800 ERROR finish command M154 S1
2025-04-07T06:58:49.010710+0800 ERROR SENT: M105
2025-04-07T06:58:49.010710+0800 ERROR write command M105
2025-04-07T06:58:49.010710+0800 ERROR second command M105
2025-04-07T06:58:49.011711+0800 ERROR finish command M105
2025-04-07T06:58:49.011711+0800 ERROR SENT: G250 S21
2025-04-07T06:58:49.011711+0800 ERROR write command G250 S21
2025-04-07T06:58:49.011711+0800 ERROR second command G250 S21
2025-04-07T06:58:49.011711+0800 ERROR finish command G250 S21
2025-04-07T06:58:49.011711+0800 ERROR SENT: G250 S800
2025-04-07T06:58:49.011711+0800 ERROR write command G250 S800
2025-04-07T06:58:49.011711+0800 ERROR second command G250 S800
2025-04-07T06:58:49.011711+0800 ERROR finish command G250 S800
2025-04-07T06:58:49.012711+0800 ERROR SENT: M154 S1
2025-04-07T06:58:49.012711+0800 ERROR write command M154 S1
2025-04-07T06:58:49.012711+0800 ERROR second command M154 S1
2025-04-07T06:58:49.012711+0800 ERROR finish command M154 S1
2025-04-07T06:58:52.929141+0800 ERROR SENT: M105
2025-04-07T06:58:52.929141+0800 ERROR write command M105
2025-04-07T06:58:52.929141+0800 ERROR second command M105
2025-04-07T06:58:52.929141+0800 ERROR finish command M105
2025-04-07T06:58:52.929141+0800 ERROR SENT: G250 S21
2025-04-07T06:58:52.930070+0800 ERROR write command G250 S21
2025-04-07T06:58:52.930070+0800 ERROR second command G250 S21
2025-04-07T06:58:52.930070+0800 ERROR finish command G250 S21
2025-04-07T06:58:52.930070+0800 ERROR SENT: G250 S800
2025-04-07T06:58:52.930070+0800 ERROR write command G250 S800
2025-04-07T06:58:52.930070+0800 ERROR second command G250 S800
2025-04-07T06:58:52.930070+0800 ERROR finish command G250 S800
2025-04-07T06:58:52.930070+0800 ERROR SENT: M154 S1
2025-04-07T06:58:52.930070+0800 ERROR write command M154 S1
2025-04-07T06:58:52.931137+0800 ERROR second command M154 S1
2025-04-07T06:58:52.931137+0800 ERROR finish command M154 S1
2025-04-07T06:58:56.834799+0800 ERROR SENT: M105
2025-04-07T06:58:56.834799+0800 ERROR write command M105
2025-04-07T06:58:56.834799+0800 ERROR second command M105
2025-04-07T06:58:56.835798+0800 ERROR finish command M105
2025-04-07T06:58:56.835798+0800 ERROR SENT: G250 S21
2025-04-07T06:58:56.835798+0800 ERROR write command G250 S21
2025-04-07T06:58:56.835798+0800 ERROR second command G250 S21
2025-04-07T06:58:56.835798+0800 ERROR finish command G250 S21
2025-04-07T06:58:56.835798+0800 ERROR SENT: G250 S800
2025-04-07T06:58:56.835798+0800 ERROR write command G250 S800
2025-04-07T06:58:56.835798+0800 ERROR second command G250 S800
2025-04-07T06:58:56.835798+0800 ERROR finish command G250 S800
2025-04-07T06:58:56.835798+0800 ERROR SENT: M154 S1
2025-04-07T06:58:56.836800+0800 ERROR write command M154 S1
2025-04-07T06:58:56.836800+0800 ERROR second command M154 S1
2025-04-07T06:58:56.836800+0800 ERROR finish command M154 S1
2025-04-07T06:59:00.649248+0800 ERROR SENT: M105
2025-04-07T06:59:00.649248+0800 ERROR write command M105
2025-04-07T06:59:00.649248+0800 ERROR second command M105
2025-04-07T06:59:00.649248+0800 ERROR finish command M105
2025-04-07T06:59:00.650180+0800 ERROR SENT: G250 S21
2025-04-07T06:59:00.650180+0800 ERROR write command G250 S21
2025-04-07T06:59:00.650180+0800 ERROR second command G250 S21
2025-04-07T06:59:00.650180+0800 ERROR finish command G250 S21
2025-04-07T06:59:00.650180+0800 ERROR SENT: G250 S800
2025-04-07T06:59:00.650180+0800 ERROR write command G250 S800
2025-04-07T06:59:00.650180+0800 ERROR second command G250 S800
2025-04-07T06:59:00.650180+0800 ERROR finish command G250 S800
2025-04-07T06:59:00.650180+0800 ERROR SENT: M154 S1
2025-04-07T06:59:00.651181+0800 ERROR write command M154 S1
2025-04-07T06:59:00.651181+0800 ERROR second command M154 S1
2025-04-07T06:59:00.651181+0800 ERROR finish command M154 S1
2025-04-07T06:59:04.534268+0800 ERROR SENT: M105
2025-04-07T06:59:04.534268+0800 ERROR write command M105
2025-04-07T06:59:04.534268+0800 ERROR second command M105
2025-04-07T06:59:04.534268+0800 ERROR finish command M105
2025-04-07T06:59:04.534268+0800 ERROR SENT: G250 S21
2025-04-07T06:59:04.534268+0800 ERROR write command G250 S21
2025-04-07T06:59:04.535198+0800 ERROR second command G250 S21
2025-04-07T06:59:04.535198+0800 ERROR finish command G250 S21
2025-04-07T06:59:04.535198+0800 ERROR SENT: G250 S800
2025-04-07T06:59:04.535198+0800 ERROR write command G250 S800
2025-04-07T06:59:04.535198+0800 ERROR second command G250 S800
2025-04-07T06:59:04.535198+0800 ERROR finish command G250 S800
2025-04-07T06:59:04.535198+0800 ERROR SENT: M154 S1
2025-04-07T06:59:04.535198+0800 ERROR write command M154 S1
2025-04-07T06:59:04.536267+0800 ERROR second command M154 S1
2025-04-07T06:59:04.536267+0800 ERROR finish command M154 S1
2025-04-07T06:59:08.461439+0800 ERROR SENT: M105
2025-04-07T06:59:08.461439+0800 ERROR write command M105
2025-04-07T06:59:08.461439+0800 ERROR second command M105
2025-04-07T06:59:08.461439+0800 ERROR finish command M105
2025-04-07T06:59:08.461439+0800 ERROR SENT: G250 S21
2025-04-07T06:59:08.461439+0800 ERROR write command G250 S21
2025-04-07T06:59:08.462439+0800 ERROR second command G250 S21
2025-04-07T06:59:08.462439+0800 ERROR finish command G250 S21
2025-04-07T06:59:08.462439+0800 ERROR SENT: G250 S800
2025-04-07T06:59:08.462439+0800 ERROR write command G250 S800
2025-04-07T06:59:08.462439+0800 ERROR second command G250 S800
2025-04-07T06:59:08.462439+0800 ERROR finish command G250 S800
2025-04-07T06:59:08.462439+0800 ERROR SENT: M154 S1
2025-04-07T06:59:08.463440+0800 ERROR write command M154 S1
2025-04-07T06:59:08.463440+0800 ERROR second command M154 S1
2025-04-07T06:59:08.463440+0800 ERROR finish command M154 S1
2025-04-07T06:59:12.351229+0800 ERROR SENT: M105
2025-04-07T06:59:12.351229+0800 ERROR write command M105
2025-04-07T06:59:12.351229+0800 ERROR second command M105
2025-04-07T06:59:12.351229+0800 ERROR finish command M105
2025-04-07T06:59:12.351229+0800 ERROR SENT: G250 S21
2025-04-07T06:59:12.352234+0800 ERROR write command G250 S21
2025-04-07T06:59:12.352234+0800 ERROR second command G250 S21
2025-04-07T06:59:12.352234+0800 ERROR finish command G250 S21
2025-04-07T06:59:12.352234+0800 ERROR SENT: G250 S800
2025-04-07T06:59:12.352234+0800 ERROR write command G250 S800
2025-04-07T06:59:12.352234+0800 ERROR second command G250 S800
2025-04-07T06:59:12.352234+0800 ERROR finish command G250 S800
2025-04-07T06:59:12.352234+0800 ERROR SENT: M154 S1
2025-04-07T06:59:12.352234+0800 ERROR write command M154 S1
2025-04-07T06:59:12.353234+0800 ERROR second command M154 S1
2025-04-07T06:59:12.353234+0800 ERROR finish command M154 S1
2025-04-07T06:59:16.301038+0800 ERROR SENT: M105
2025-04-07T06:59:16.301038+0800 ERROR write command M105
2025-04-07T06:59:16.301038+0800 ERROR second command M105
2025-04-07T06:59:16.301924+0800 ERROR finish command M105
2025-04-07T06:59:16.301924+0800 ERROR SENT: G250 S21
2025-04-07T06:59:16.301924+0800 ERROR write command G250 S21
2025-04-07T06:59:16.301924+0800 ERROR second command G250 S21
2025-04-07T06:59:16.301924+0800 ERROR finish command G250 S21
2025-04-07T06:59:16.301924+0800 ERROR SENT: G250 S800
2025-04-07T06:59:16.301924+0800 ERROR write command G250 S800
2025-04-07T06:59:16.301924+0800 ERROR second command G250 S800
2025-04-07T06:59:16.302924+0800 ERROR finish command G250 S800
2025-04-07T06:59:16.302924+0800 ERROR SENT: M154 S1
2025-04-07T06:59:16.302924+0800 ERROR write command M154 S1
2025-04-07T06:59:16.302924+0800 ERROR second command M154 S1
2025-04-07T06:59:16.302924+0800 ERROR finish command M154 S1
