2025-04-18T17:29:11.154959+0800 INFO M290 Z-0.1
2025-04-18T17:29:11.154959+0800 INFO Not connected to printer.
2025-04-18T17:29:12.782425+0800 INFO M290 Z-0.1
2025-04-18T17:29:12.782425+0800 INFO Not connected to printer.
2025-04-18T17:29:13.004908+0800 INFO M290 Z-0.1
2025-04-18T17:29:13.005912+0800 INFO Not connected to printer.
2025-04-18T17:29:13.954402+0800 INFO M290 Z0.1
2025-04-18T17:29:13.955404+0800 INFO Not connected to printer.
2025-04-18T17:29:14.144964+0800 INFO M290 Z0.1
2025-04-18T17:29:14.144964+0800 INFO Not connected to printer.
2025-04-18T17:29:14.737668+0800 INFO G91
2025-04-18T17:29:14.737668+0800 INFO Not connected to printer.
2025-04-18T17:29:14.738671+0800 INFO G28 X
2025-04-18T17:29:14.738671+0800 INFO Not connected to printer.
2025-04-18T17:29:14.738671+0800 INFO G90
2025-04-18T17:29:14.738671+0800 INFO Not connected to printer.
2025-04-18T17:29:17.291968+0800 INFO G91
2025-04-18T17:29:17.292969+0800 INFO Not connected to printer.
2025-04-18T17:29:17.294039+0800 INFO L1 E-0.1 F400
2025-04-18T17:29:17.294039+0800 INFO Not connected to printer.
2025-04-18T17:29:17.294039+0800 INFO G90
2025-04-18T17:29:17.294039+0800 INFO Not connected to printer.
2025-04-18T17:29:17.508764+0800 INFO G91
2025-04-18T17:29:17.508764+0800 INFO Not connected to printer.
2025-04-18T17:29:17.509772+0800 INFO L1 E-0.1 F400
2025-04-18T17:29:17.509772+0800 INFO Not connected to printer.
2025-04-18T17:29:17.509772+0800 INFO G90
2025-04-18T17:29:17.509772+0800 INFO Not connected to printer.
2025-04-18T17:29:17.682306+0800 INFO G91
2025-04-18T17:29:17.682306+0800 INFO Not connected to printer.
2025-04-18T17:29:17.682306+0800 INFO L1 E-0.1 F400
2025-04-18T17:29:17.682306+0800 INFO Not connected to printer.
2025-04-18T17:29:17.682306+0800 INFO G90
2025-04-18T17:29:17.683395+0800 INFO Not connected to printer.
