2025-04-07T15:01:28.539365+0800 INFO 设备已成功连接
2025-04-07T15:01:28.539365+0800 ERROR SENT: M105
2025-04-07T15:01:28.540355+0800 ERROR write command M105
2025-04-07T15:01:28.540355+0800 ERROR second command M105
2025-04-07T15:01:28.540355+0800 ERROR finish command M105
2025-04-07T15:01:28.540355+0800 ERROR SENT: G250 S21
2025-04-07T15:01:28.541355+0800 ERROR write command G250 S21
2025-04-07T15:01:28.541355+0800 ERROR second command G250 S21
2025-04-07T15:01:28.541355+0800 ERROR finish command G250 S21
2025-04-07T15:01:28.542358+0800 ERROR SENT: G250 S800
2025-04-07T15:01:28.542358+0800 ERROR write command G250 S800
2025-04-07T15:01:28.542358+0800 ERROR second command G250 S800
2025-04-07T15:01:28.542358+0800 ERROR finish command G250 S800
2025-04-07T15:01:28.542358+0800 ERROR SENT: M154 S1
2025-04-07T15:01:28.543355+0800 ERROR write command M154 S1
2025-04-07T15:01:28.543355+0800 ERROR second command M154 S1
2025-04-07T15:01:28.543355+0800 ERROR finish command M154 S1
2025-04-07T15:01:32.437093+0800 ERROR SENT: M105
2025-04-07T15:01:32.437093+0800 ERROR write command M105
2025-04-07T15:01:32.437093+0800 ERROR second command M105
2025-04-07T15:01:32.437093+0800 ERROR finish command M105
2025-04-07T15:01:32.437093+0800 ERROR SENT: G250 S21
2025-04-07T15:01:32.437093+0800 ERROR write command G250 S21
2025-04-07T15:01:32.438023+0800 ERROR second command G250 S21
2025-04-07T15:01:32.438023+0800 ERROR finish command G250 S21
2025-04-07T15:01:32.438023+0800 ERROR SENT: G250 S800
2025-04-07T15:01:32.438023+0800 ERROR write command G250 S800
2025-04-07T15:01:32.438023+0800 ERROR second command G250 S800
2025-04-07T15:01:32.438023+0800 ERROR finish command G250 S800
2025-04-07T15:01:32.438023+0800 ERROR SENT: M154 S1
2025-04-07T15:01:32.439024+0800 ERROR write command M154 S1
2025-04-07T15:01:32.439024+0800 ERROR second command M154 S1
2025-04-07T15:01:32.439024+0800 ERROR finish command M154 S1
2025-04-07T15:01:36.855675+0800 ERROR SENT: M105
2025-04-07T15:01:36.855675+0800 ERROR write command M105
2025-04-07T15:01:36.855675+0800 ERROR second command M105
2025-04-07T15:01:36.856667+0800 ERROR finish command M105
2025-04-07T15:01:36.856667+0800 ERROR SENT: G250 S21
2025-04-07T15:01:36.856667+0800 ERROR write command G250 S21
2025-04-07T15:01:36.856667+0800 ERROR second command G250 S21
2025-04-07T15:01:36.856667+0800 ERROR finish command G250 S21
2025-04-07T15:01:36.856667+0800 ERROR SENT: G250 S800
2025-04-07T15:01:36.856667+0800 ERROR write command G250 S800
2025-04-07T15:01:36.856667+0800 ERROR second command G250 S800
2025-04-07T15:01:36.857667+0800 ERROR finish command G250 S800
2025-04-07T15:01:36.857667+0800 ERROR SENT: M154 S1
2025-04-07T15:01:36.857667+0800 ERROR write command M154 S1
2025-04-07T15:01:36.857667+0800 ERROR second command M154 S1
2025-04-07T15:01:36.857667+0800 ERROR finish command M154 S1
2025-04-07T15:01:40.760084+0800 ERROR SENT: M105
2025-04-07T15:01:40.760084+0800 ERROR write command M105
2025-04-07T15:01:40.760084+0800 ERROR second command M105
2025-04-07T15:01:40.760084+0800 ERROR finish command M105
2025-04-07T15:01:40.761084+0800 ERROR SENT: G250 S21
2025-04-07T15:01:40.761084+0800 ERROR write command G250 S21
2025-04-07T15:01:40.761084+0800 ERROR second command G250 S21
2025-04-07T15:01:40.761084+0800 ERROR finish command G250 S21
2025-04-07T15:01:40.761084+0800 ERROR SENT: G250 S800
2025-04-07T15:01:40.762084+0800 ERROR write command G250 S800
2025-04-07T15:01:40.762084+0800 ERROR second command G250 S800
2025-04-07T15:01:40.762084+0800 ERROR finish command G250 S800
2025-04-07T15:01:40.762084+0800 ERROR SENT: M154 S1
2025-04-07T15:01:40.762084+0800 ERROR write command M154 S1
2025-04-07T15:01:40.762084+0800 ERROR second command M154 S1
2025-04-07T15:01:40.763084+0800 ERROR finish command M154 S1
2025-04-07T15:01:44.705024+0800 ERROR SENT: M105
2025-04-07T15:01:44.705024+0800 ERROR write command M105
2025-04-07T15:01:44.705024+0800 ERROR second command M105
2025-04-07T15:01:44.705024+0800 ERROR finish command M105
2025-04-07T15:01:44.705024+0800 ERROR SENT: G250 S21
2025-04-07T15:01:44.705916+0800 ERROR write command G250 S21
2025-04-07T15:01:44.705916+0800 ERROR second command G250 S21
2025-04-07T15:01:44.705916+0800 ERROR finish command G250 S21
2025-04-07T15:01:44.705916+0800 ERROR SENT: G250 S800
2025-04-07T15:01:44.705916+0800 ERROR write command G250 S800
2025-04-07T15:01:44.705916+0800 ERROR second command G250 S800
2025-04-07T15:01:44.706916+0800 ERROR finish command G250 S800
2025-04-07T15:01:44.706916+0800 ERROR SENT: M154 S1
2025-04-07T15:01:44.706916+0800 ERROR write command M154 S1
2025-04-07T15:01:44.706916+0800 ERROR second command M154 S1
2025-04-07T15:01:44.706916+0800 ERROR finish command M154 S1
2025-04-07T15:01:48.623434+0800 ERROR SENT: M105
2025-04-07T15:01:48.623434+0800 ERROR write command M105
2025-04-07T15:01:48.623434+0800 ERROR second command M105
2025-04-07T15:01:48.623434+0800 ERROR finish command M105
2025-04-07T15:01:48.623434+0800 ERROR SENT: G250 S21
2025-04-07T15:01:48.623434+0800 ERROR write command G250 S21
2025-04-07T15:01:48.624433+0800 ERROR second command G250 S21
2025-04-07T15:01:48.624433+0800 ERROR finish command G250 S21
2025-04-07T15:01:48.624433+0800 ERROR SENT: G250 S800
2025-04-07T15:01:48.624433+0800 ERROR write command G250 S800
2025-04-07T15:01:48.624433+0800 ERROR second command G250 S800
2025-04-07T15:01:48.624433+0800 ERROR finish command G250 S800
2025-04-07T15:01:48.625433+0800 ERROR SENT: M154 S1
2025-04-07T15:01:48.625433+0800 ERROR write command M154 S1
2025-04-07T15:01:48.625433+0800 ERROR second command M154 S1
2025-04-07T15:01:48.625433+0800 ERROR finish command M154 S1
2025-04-07T15:01:52.540126+0800 ERROR SENT: M105
2025-04-07T15:01:52.540126+0800 ERROR write command M105
2025-04-07T15:01:52.540126+0800 ERROR second command M105
2025-04-07T15:01:52.540126+0800 ERROR finish command M105
2025-04-07T15:01:52.540126+0800 ERROR SENT: G250 S21
2025-04-07T15:01:52.541133+0800 ERROR write command G250 S21
2025-04-07T15:01:52.541133+0800 ERROR second command G250 S21
2025-04-07T15:01:52.541133+0800 ERROR finish command G250 S21
2025-04-07T15:01:52.541133+0800 ERROR SENT: G250 S800
2025-04-07T15:01:52.541133+0800 ERROR write command G250 S800
2025-04-07T15:01:52.541133+0800 ERROR second command G250 S800
2025-04-07T15:01:52.542134+0800 ERROR finish command G250 S800
2025-04-07T15:01:52.542134+0800 ERROR SENT: M154 S1
2025-04-07T15:01:52.542134+0800 ERROR write command M154 S1
2025-04-07T15:01:52.542134+0800 ERROR second command M154 S1
2025-04-07T15:01:52.542134+0800 ERROR finish command M154 S1
2025-04-07T15:01:56.432324+0800 ERROR SENT: M105
2025-04-07T15:01:56.432324+0800 ERROR write command M105
2025-04-07T15:01:56.432324+0800 ERROR second command M105
2025-04-07T15:01:56.432324+0800 ERROR finish command M105
2025-04-07T15:01:56.432324+0800 ERROR SENT: G250 S21
2025-04-07T15:01:56.432324+0800 ERROR write command G250 S21
2025-04-07T15:01:56.433316+0800 ERROR second command G250 S21
2025-04-07T15:01:56.433316+0800 ERROR finish command G250 S21
2025-04-07T15:01:56.433316+0800 ERROR SENT: G250 S800
2025-04-07T15:01:56.433316+0800 ERROR write command G250 S800
2025-04-07T15:01:56.433316+0800 ERROR second command G250 S800
2025-04-07T15:01:56.433316+0800 ERROR finish command G250 S800
2025-04-07T15:01:56.433316+0800 ERROR SENT: M154 S1
2025-04-07T15:01:56.433316+0800 ERROR write command M154 S1
2025-04-07T15:01:56.434328+0800 ERROR second command M154 S1
2025-04-07T15:01:56.434328+0800 ERROR finish command M154 S1
2025-04-07T15:02:00.373497+0800 ERROR SENT: M105
2025-04-07T15:02:00.374005+0800 ERROR write command M105
2025-04-07T15:02:00.374005+0800 ERROR second command M105
2025-04-07T15:02:00.374005+0800 ERROR finish command M105
2025-04-07T15:02:00.374005+0800 ERROR SENT: G250 S21
2025-04-07T15:02:00.375007+0800 ERROR write command G250 S21
2025-04-07T15:02:00.375007+0800 ERROR second command G250 S21
2025-04-07T15:02:00.375007+0800 ERROR finish command G250 S21
2025-04-07T15:02:00.375007+0800 ERROR SENT: G250 S800
2025-04-07T15:02:00.375007+0800 ERROR write command G250 S800
2025-04-07T15:02:00.375007+0800 ERROR second command G250 S800
2025-04-07T15:02:00.375007+0800 ERROR finish command G250 S800
2025-04-07T15:02:00.375007+0800 ERROR SENT: M154 S1
2025-04-07T15:02:00.376009+0800 ERROR write command M154 S1
2025-04-07T15:02:00.376009+0800 ERROR second command M154 S1
2025-04-07T15:02:00.376009+0800 ERROR finish command M154 S1
2025-04-07T15:02:04.441001+0800 ERROR SENT: M105
2025-04-07T15:02:04.441001+0800 ERROR write command M105
2025-04-07T15:02:04.442001+0800 ERROR second command M105
2025-04-07T15:02:04.442001+0800 ERROR finish command M105
2025-04-07T15:02:04.442001+0800 ERROR SENT: G250 S21
2025-04-07T15:02:04.442001+0800 ERROR write command G250 S21
2025-04-07T15:02:04.442001+0800 ERROR second command G250 S21
2025-04-07T15:02:04.442001+0800 ERROR finish command G250 S21
2025-04-07T15:02:04.442001+0800 ERROR SENT: G250 S800
2025-04-07T15:02:04.443001+0800 ERROR write command G250 S800
2025-04-07T15:02:04.443001+0800 ERROR second command G250 S800
2025-04-07T15:02:04.443001+0800 ERROR finish command G250 S800
2025-04-07T15:02:04.473002+0800 ERROR SENT: M154 S1
2025-04-07T15:02:04.473002+0800 ERROR write command M154 S1
2025-04-07T15:02:04.473002+0800 ERROR second command M154 S1
2025-04-07T15:02:04.473002+0800 ERROR finish command M154 S1
