2025-04-07T09:02:02.148789+0800 INFO 设备已成功连接
2025-04-07T09:02:02.149760+0800 ERROR SENT: M105
2025-04-07T09:02:02.149760+0800 ERROR write command M105
2025-04-07T09:02:02.149760+0800 ERROR second command M105
2025-04-07T09:02:02.149760+0800 ERROR finish command M105
2025-04-07T09:02:02.149760+0800 ERROR SENT: G250 S21
2025-04-07T09:02:02.150709+0800 ERROR write command G250 S21
2025-04-07T09:02:02.150709+0800 ERROR second command G250 S21
2025-04-07T09:02:02.150709+0800 ERROR finish command G250 S21
2025-04-07T09:02:02.150709+0800 ERROR SENT: G250 S800
2025-04-07T09:02:02.150709+0800 ERROR write command G250 S800
2025-04-07T09:02:02.150709+0800 ERROR second command G250 S800
2025-04-07T09:02:02.150709+0800 ERROR finish command G250 S800
2025-04-07T09:02:02.151707+0800 ERROR SENT: M154 S1
2025-04-07T09:02:02.151707+0800 ERROR write command M154 S1
2025-04-07T09:02:02.152707+0800 ERROR second command M154 S1
2025-04-07T09:02:02.152707+0800 ERROR finish command M154 S1
2025-04-07T09:02:06.056140+0800 ERROR SENT: M105
2025-04-07T09:02:06.056140+0800 ERROR write command M105
2025-04-07T09:02:06.056140+0800 ERROR second command M105
2025-04-07T09:02:06.056140+0800 ERROR finish command M105
2025-04-07T09:02:06.056140+0800 ERROR SENT: G250 S21
2025-04-07T09:02:06.057147+0800 ERROR write command G250 S21
2025-04-07T09:02:06.057147+0800 ERROR second command G250 S21
2025-04-07T09:02:06.057147+0800 ERROR finish command G250 S21
2025-04-07T09:02:06.057147+0800 ERROR SENT: G250 S800
2025-04-07T09:02:06.057147+0800 ERROR write command G250 S800
2025-04-07T09:02:06.057147+0800 ERROR second command G250 S800
2025-04-07T09:02:06.057147+0800 ERROR finish command G250 S800
2025-04-07T09:02:06.057147+0800 ERROR SENT: M154 S1
2025-04-07T09:02:06.057147+0800 ERROR write command M154 S1
2025-04-07T09:02:06.058147+0800 ERROR second command M154 S1
2025-04-07T09:02:06.058147+0800 ERROR finish command M154 S1
2025-04-07T09:02:10.204313+0800 ERROR SENT: M105
2025-04-07T09:02:10.204313+0800 ERROR write command M105
2025-04-07T09:02:10.204313+0800 ERROR second command M105
2025-04-07T09:02:10.204313+0800 ERROR finish command M105
2025-04-07T09:02:10.205305+0800 ERROR SENT: G250 S21
2025-04-07T09:02:10.205305+0800 ERROR write command G250 S21
2025-04-07T09:02:10.205305+0800 ERROR second command G250 S21
2025-04-07T09:02:10.205305+0800 ERROR finish command G250 S21
2025-04-07T09:02:10.205305+0800 ERROR SENT: G250 S800
2025-04-07T09:02:10.205305+0800 ERROR write command G250 S800
2025-04-07T09:02:10.205305+0800 ERROR second command G250 S800
2025-04-07T09:02:10.205305+0800 ERROR finish command G250 S800
2025-04-07T09:02:10.205305+0800 ERROR SENT: M154 S1
2025-04-07T09:02:10.205305+0800 ERROR write command M154 S1
2025-04-07T09:02:10.206304+0800 ERROR second command M154 S1
2025-04-07T09:02:10.206304+0800 ERROR finish command M154 S1
2025-04-07T09:02:14.134943+0800 ERROR SENT: M105
2025-04-07T09:02:14.134943+0800 ERROR write command M105
2025-04-07T09:02:14.134943+0800 ERROR second command M105
2025-04-07T09:02:14.135860+0800 ERROR finish command M105
2025-04-07T09:02:14.135860+0800 ERROR SENT: G250 S21
2025-04-07T09:02:14.135860+0800 ERROR write command G250 S21
2025-04-07T09:02:14.135860+0800 ERROR second command G250 S21
2025-04-07T09:02:14.135860+0800 ERROR finish command G250 S21
2025-04-07T09:02:14.135860+0800 ERROR SENT: G250 S800
2025-04-07T09:02:14.136858+0800 ERROR write command G250 S800
2025-04-07T09:02:14.136858+0800 ERROR second command G250 S800
2025-04-07T09:02:14.136858+0800 ERROR finish command G250 S800
2025-04-07T09:02:14.136858+0800 ERROR SENT: M154 S1
2025-04-07T09:02:14.136858+0800 ERROR write command M154 S1
2025-04-07T09:02:14.136858+0800 ERROR second command M154 S1
2025-04-07T09:02:14.136858+0800 ERROR finish command M154 S1
2025-04-07T09:02:18.121743+0800 ERROR SENT: M105
2025-04-07T09:02:18.121743+0800 ERROR write command M105
2025-04-07T09:02:18.121743+0800 ERROR second command M105
2025-04-07T09:02:18.122657+0800 ERROR finish command M105
2025-04-07T09:02:18.122657+0800 ERROR SENT: G250 S21
2025-04-07T09:02:18.122657+0800 ERROR write command G250 S21
2025-04-07T09:02:18.122657+0800 ERROR second command G250 S21
2025-04-07T09:02:18.122657+0800 ERROR finish command G250 S21
2025-04-07T09:02:18.123657+0800 ERROR SENT: G250 S800
2025-04-07T09:02:18.123657+0800 ERROR write command G250 S800
2025-04-07T09:02:18.123657+0800 ERROR second command G250 S800
2025-04-07T09:02:18.123657+0800 ERROR finish command G250 S800
2025-04-07T09:02:18.123657+0800 ERROR SENT: M154 S1
2025-04-07T09:02:18.123657+0800 ERROR write command M154 S1
2025-04-07T09:02:18.123657+0800 ERROR second command M154 S1
2025-04-07T09:02:18.123657+0800 ERROR finish command M154 S1
2025-04-07T09:02:22.161030+0800 ERROR SENT: M105
2025-04-07T09:02:22.161030+0800 ERROR write command M105
2025-04-07T09:02:22.161030+0800 ERROR second command M105
2025-04-07T09:02:22.162030+0800 ERROR finish command M105
2025-04-07T09:02:22.162030+0800 ERROR SENT: G250 S21
2025-04-07T09:02:22.162030+0800 ERROR write command G250 S21
2025-04-07T09:02:22.162030+0800 ERROR second command G250 S21
2025-04-07T09:02:22.162030+0800 ERROR finish command G250 S21
2025-04-07T09:02:22.163030+0800 ERROR SENT: G250 S800
2025-04-07T09:02:22.163030+0800 ERROR write command G250 S800
2025-04-07T09:02:22.163030+0800 ERROR second command G250 S800
2025-04-07T09:02:22.163030+0800 ERROR finish command G250 S800
2025-04-07T09:02:22.163030+0800 ERROR SENT: M154 S1
2025-04-07T09:02:22.163030+0800 ERROR write command M154 S1
2025-04-07T09:02:22.164031+0800 ERROR second command M154 S1
2025-04-07T09:02:22.164031+0800 ERROR finish command M154 S1
2025-04-07T09:02:26.093748+0800 ERROR SENT: M105
2025-04-07T09:02:26.093748+0800 ERROR write command M105
2025-04-07T09:02:26.093748+0800 ERROR second command M105
2025-04-07T09:02:26.093748+0800 ERROR finish command M105
2025-04-07T09:02:26.093748+0800 ERROR SENT: G250 S21
2025-04-07T09:02:26.094751+0800 ERROR write command G250 S21
2025-04-07T09:02:26.094751+0800 ERROR second command G250 S21
2025-04-07T09:02:26.094751+0800 ERROR finish command G250 S21
2025-04-07T09:02:26.094751+0800 ERROR SENT: G250 S800
2025-04-07T09:02:26.094751+0800 ERROR write command G250 S800
2025-04-07T09:02:26.094751+0800 ERROR second command G250 S800
2025-04-07T09:02:26.094751+0800 ERROR finish command G250 S800
2025-04-07T09:02:26.094751+0800 ERROR SENT: M154 S1
2025-04-07T09:02:26.095749+0800 ERROR write command M154 S1
2025-04-07T09:02:26.095749+0800 ERROR second command M154 S1
2025-04-07T09:02:26.095749+0800 ERROR finish command M154 S1
2025-04-07T09:02:30.008469+0800 ERROR SENT: M105
2025-04-07T09:02:30.008469+0800 ERROR write command M105
2025-04-07T09:02:30.008469+0800 ERROR second command M105
2025-04-07T09:02:30.008469+0800 ERROR finish command M105
2025-04-07T09:02:30.008469+0800 ERROR SENT: G250 S21
2025-04-07T09:02:30.008469+0800 ERROR write command G250 S21
2025-04-07T09:02:30.009402+0800 ERROR second command G250 S21
2025-04-07T09:02:30.009402+0800 ERROR finish command G250 S21
2025-04-07T09:02:30.009402+0800 ERROR SENT: G250 S800
2025-04-07T09:02:30.009402+0800 ERROR write command G250 S800
2025-04-07T09:02:30.009402+0800 ERROR second command G250 S800
2025-04-07T09:02:30.009402+0800 ERROR finish command G250 S800
2025-04-07T09:02:30.009402+0800 ERROR SENT: M154 S1
2025-04-07T09:02:30.009402+0800 ERROR write command M154 S1
2025-04-07T09:02:30.010401+0800 ERROR second command M154 S1
2025-04-07T09:02:30.010401+0800 ERROR finish command M154 S1
2025-04-07T09:02:33.949384+0800 ERROR SENT: M105
2025-04-07T09:02:33.949384+0800 ERROR write command M105
2025-04-07T09:02:33.949384+0800 ERROR second command M105
2025-04-07T09:02:33.949384+0800 ERROR finish command M105
2025-04-07T09:02:33.949384+0800 ERROR SENT: G250 S21
2025-04-07T09:02:33.950310+0800 ERROR write command G250 S21
2025-04-07T09:02:33.950310+0800 ERROR second command G250 S21
2025-04-07T09:02:33.950310+0800 ERROR finish command G250 S21
2025-04-07T09:02:33.950310+0800 ERROR SENT: G250 S800
2025-04-07T09:02:33.950310+0800 ERROR write command G250 S800
2025-04-07T09:02:33.950310+0800 ERROR second command G250 S800
2025-04-07T09:02:33.950310+0800 ERROR finish command G250 S800
2025-04-07T09:02:33.950310+0800 ERROR SENT: M154 S1
2025-04-07T09:02:33.950310+0800 ERROR write command M154 S1
2025-04-07T09:02:33.951318+0800 ERROR second command M154 S1
2025-04-07T09:02:33.951318+0800 ERROR finish command M154 S1
2025-04-07T09:02:37.889542+0800 ERROR SENT: M105
2025-04-07T09:02:37.889542+0800 ERROR write command M105
2025-04-07T09:02:37.889542+0800 ERROR second command M105
2025-04-07T09:02:37.889542+0800 ERROR finish command M105
2025-04-07T09:02:37.889542+0800 ERROR SENT: G250 S21
2025-04-07T09:02:37.889542+0800 ERROR write command G250 S21
2025-04-07T09:02:37.890550+0800 ERROR second command G250 S21
2025-04-07T09:02:37.890550+0800 ERROR finish command G250 S21
2025-04-07T09:02:37.890550+0800 ERROR SENT: G250 S800
2025-04-07T09:02:37.890550+0800 ERROR write command G250 S800
2025-04-07T09:02:37.890550+0800 ERROR second command G250 S800
2025-04-07T09:02:37.890550+0800 ERROR finish command G250 S800
2025-04-07T09:02:37.891550+0800 ERROR SENT: M154 S1
2025-04-07T09:02:37.891550+0800 ERROR write command M154 S1
2025-04-07T09:02:37.891550+0800 ERROR second command M154 S1
2025-04-07T09:02:37.891550+0800 ERROR finish command M154 S1
2025-04-07T09:02:41.824398+0800 ERROR SENT: M105
2025-04-07T09:02:41.824398+0800 ERROR write command M105
2025-04-07T09:02:41.824398+0800 ERROR second command M105
2025-04-07T09:02:41.824398+0800 ERROR finish command M105
2025-04-07T09:02:41.825408+0800 ERROR SENT: G250 S21
2025-04-07T09:02:41.825408+0800 ERROR write command G250 S21
2025-04-07T09:02:41.825408+0800 ERROR second command G250 S21
2025-04-07T09:02:41.825408+0800 ERROR finish command G250 S21
2025-04-07T09:02:41.825408+0800 ERROR SENT: G250 S800
2025-04-07T09:02:41.825408+0800 ERROR write command G250 S800
2025-04-07T09:02:41.825408+0800 ERROR second command G250 S800
2025-04-07T09:02:41.826408+0800 ERROR finish command G250 S800
2025-04-07T09:02:41.826408+0800 ERROR SENT: M154 S1
2025-04-07T09:02:41.826408+0800 ERROR write command M154 S1
2025-04-07T09:02:41.826408+0800 ERROR second command M154 S1
2025-04-07T09:02:41.826408+0800 ERROR finish command M154 S1
2025-04-07T09:02:45.766862+0800 ERROR SENT: M105
2025-04-07T09:02:45.766862+0800 ERROR write command M105
2025-04-07T09:02:45.766862+0800 ERROR second command M105
2025-04-07T09:02:45.767872+0800 ERROR finish command M105
2025-04-07T09:02:45.767872+0800 ERROR SENT: G250 S21
2025-04-07T09:02:45.767872+0800 ERROR write command G250 S21
2025-04-07T09:02:45.767872+0800 ERROR second command G250 S21
2025-04-07T09:02:45.767872+0800 ERROR finish command G250 S21
2025-04-07T09:02:45.767872+0800 ERROR SENT: G250 S800
2025-04-07T09:02:45.767872+0800 ERROR write command G250 S800
2025-04-07T09:02:45.767872+0800 ERROR second command G250 S800
2025-04-07T09:02:45.768870+0800 ERROR finish command G250 S800
2025-04-07T09:02:45.768870+0800 ERROR SENT: M154 S1
2025-04-07T09:02:45.768870+0800 ERROR write command M154 S1
2025-04-07T09:02:45.768870+0800 ERROR second command M154 S1
2025-04-07T09:02:45.768870+0800 ERROR finish command M154 S1
2025-04-07T09:02:49.721263+0800 ERROR SENT: M105
2025-04-07T09:02:49.721263+0800 ERROR write command M105
2025-04-07T09:02:49.721263+0800 ERROR second command M105
2025-04-07T09:02:49.721263+0800 ERROR finish command M105
2025-04-07T09:02:49.722285+0800 ERROR SENT: G250 S21
2025-04-07T09:02:49.722285+0800 ERROR write command G250 S21
2025-04-07T09:02:49.722285+0800 ERROR second command G250 S21
2025-04-07T09:02:49.722285+0800 ERROR finish command G250 S21
2025-04-07T09:02:49.722285+0800 ERROR SENT: G250 S800
2025-04-07T09:02:49.722285+0800 ERROR write command G250 S800
2025-04-07T09:02:49.722285+0800 ERROR second command G250 S800
2025-04-07T09:02:49.722285+0800 ERROR finish command G250 S800
2025-04-07T09:02:49.722285+0800 ERROR SENT: M154 S1
2025-04-07T09:02:49.723272+0800 ERROR write command M154 S1
2025-04-07T09:02:49.723272+0800 ERROR second command M154 S1
2025-04-07T09:02:49.723272+0800 ERROR finish command M154 S1
2025-04-07T09:02:53.661032+0800 ERROR SENT: M105
2025-04-07T09:02:53.661032+0800 ERROR write command M105
2025-04-07T09:02:53.661032+0800 ERROR second command M105
2025-04-07T09:02:53.661032+0800 ERROR finish command M105
2025-04-07T09:02:53.661032+0800 ERROR SENT: G250 S21
2025-04-07T09:02:53.662036+0800 ERROR write command G250 S21
2025-04-07T09:02:53.662036+0800 ERROR second command G250 S21
2025-04-07T09:02:53.662036+0800 ERROR finish command G250 S21
2025-04-07T09:02:53.662036+0800 ERROR SENT: G250 S800
2025-04-07T09:02:53.662036+0800 ERROR write command G250 S800
2025-04-07T09:02:53.662036+0800 ERROR second command G250 S800
2025-04-07T09:02:53.662036+0800 ERROR finish command G250 S800
2025-04-07T09:02:53.662036+0800 ERROR SENT: M154 S1
2025-04-07T09:02:53.663036+0800 ERROR write command M154 S1
2025-04-07T09:02:53.663036+0800 ERROR second command M154 S1
2025-04-07T09:02:53.663036+0800 ERROR finish command M154 S1
2025-04-07T09:02:57.583098+0800 ERROR SENT: M105
2025-04-07T09:02:57.583098+0800 ERROR write command M105
2025-04-07T09:02:57.583098+0800 ERROR second command M105
2025-04-07T09:02:57.583098+0800 ERROR finish command M105
2025-04-07T09:02:57.583098+0800 ERROR SENT: G250 S21
2025-04-07T09:02:57.583098+0800 ERROR write command G250 S21
2025-04-07T09:02:57.584100+0800 ERROR second command G250 S21
2025-04-07T09:02:57.584100+0800 ERROR finish command G250 S21
2025-04-07T09:02:57.584100+0800 ERROR SENT: G250 S800
2025-04-07T09:02:57.584100+0800 ERROR write command G250 S800
2025-04-07T09:02:57.584100+0800 ERROR second command G250 S800
2025-04-07T09:02:57.584100+0800 ERROR finish command G250 S800
2025-04-07T09:02:57.584100+0800 ERROR SENT: M154 S1
2025-04-07T09:02:57.585101+0800 ERROR write command M154 S1
2025-04-07T09:02:57.585101+0800 ERROR second command M154 S1
2025-04-07T09:02:57.585101+0800 ERROR finish command M154 S1
2025-04-07T09:03:01.507341+0800 ERROR SENT: M105
2025-04-07T09:03:01.507341+0800 ERROR write command M105
2025-04-07T09:03:01.507341+0800 ERROR second command M105
2025-04-07T09:03:01.507341+0800 ERROR finish command M105
2025-04-07T09:03:01.507341+0800 ERROR SENT: G250 S21
2025-04-07T09:03:01.508331+0800 ERROR write command G250 S21
2025-04-07T09:03:01.508331+0800 ERROR second command G250 S21
2025-04-07T09:03:01.508331+0800 ERROR finish command G250 S21
2025-04-07T09:03:01.508331+0800 ERROR SENT: G250 S800
2025-04-07T09:03:01.508331+0800 ERROR write command G250 S800
2025-04-07T09:03:01.508331+0800 ERROR second command G250 S800
2025-04-07T09:03:01.508331+0800 ERROR finish command G250 S800
2025-04-07T09:03:01.508331+0800 ERROR SENT: M154 S1
2025-04-07T09:03:01.509332+0800 ERROR write command M154 S1
2025-04-07T09:03:01.509332+0800 ERROR second command M154 S1
2025-04-07T09:03:01.509332+0800 ERROR finish command M154 S1
2025-04-07T09:03:05.471144+0800 ERROR SENT: M105
2025-04-07T09:03:05.471144+0800 ERROR write command M105
2025-04-07T09:03:05.471144+0800 ERROR second command M105
2025-04-07T09:03:05.471144+0800 ERROR finish command M105
2025-04-07T09:03:05.472135+0800 ERROR SENT: G250 S21
2025-04-07T09:03:05.472135+0800 ERROR write command G250 S21
2025-04-07T09:03:05.472135+0800 ERROR second command G250 S21
2025-04-07T09:03:05.472135+0800 ERROR finish command G250 S21
2025-04-07T09:03:05.472135+0800 ERROR SENT: G250 S800
2025-04-07T09:03:05.472135+0800 ERROR write command G250 S800
2025-04-07T09:03:05.472135+0800 ERROR second command G250 S800
2025-04-07T09:03:05.472135+0800 ERROR finish command G250 S800
2025-04-07T09:03:05.472135+0800 ERROR SENT: M154 S1
2025-04-07T09:03:05.473135+0800 ERROR write command M154 S1
2025-04-07T09:03:05.473135+0800 ERROR second command M154 S1
2025-04-07T09:03:05.473135+0800 ERROR finish command M154 S1
2025-04-07T09:03:09.380630+0800 ERROR SENT: M105
2025-04-07T09:03:09.380630+0800 ERROR write command M105
2025-04-07T09:03:09.380630+0800 ERROR second command M105
2025-04-07T09:03:09.380630+0800 ERROR finish command M105
2025-04-07T09:03:09.380630+0800 ERROR SENT: G250 S21
2025-04-07T09:03:09.381499+0800 ERROR write command G250 S21
2025-04-07T09:03:09.381499+0800 ERROR second command G250 S21
2025-04-07T09:03:09.381499+0800 ERROR finish command G250 S21
2025-04-07T09:03:09.381499+0800 ERROR SENT: G250 S800
2025-04-07T09:03:09.381499+0800 ERROR write command G250 S800
2025-04-07T09:03:09.381499+0800 ERROR second command G250 S800
2025-04-07T09:03:09.381499+0800 ERROR finish command G250 S800
2025-04-07T09:03:09.381499+0800 ERROR SENT: M154 S1
2025-04-07T09:03:09.381499+0800 ERROR write command M154 S1
2025-04-07T09:03:09.381499+0800 ERROR second command M154 S1
2025-04-07T09:03:09.382498+0800 ERROR finish command M154 S1
2025-04-07T09:03:13.325862+0800 ERROR SENT: M105
2025-04-07T09:03:13.325862+0800 ERROR write command M105
2025-04-07T09:03:13.326792+0800 ERROR second command M105
2025-04-07T09:03:13.326792+0800 ERROR finish command M105
2025-04-07T09:03:13.326792+0800 ERROR SENT: G250 S21
2025-04-07T09:03:13.326792+0800 ERROR write command G250 S21
2025-04-07T09:03:13.326792+0800 ERROR second command G250 S21
2025-04-07T09:03:13.326792+0800 ERROR finish command G250 S21
2025-04-07T09:03:13.327796+0800 ERROR SENT: G250 S800
2025-04-07T09:03:13.327796+0800 ERROR write command G250 S800
2025-04-07T09:03:13.327796+0800 ERROR second command G250 S800
2025-04-07T09:03:13.327796+0800 ERROR finish command G250 S800
2025-04-07T09:03:13.327796+0800 ERROR SENT: M154 S1
2025-04-07T09:03:13.327796+0800 ERROR write command M154 S1
2025-04-07T09:03:13.328553+0800 ERROR second command M154 S1
2025-04-07T09:03:13.328553+0800 ERROR finish command M154 S1
2025-04-07T09:03:17.274858+0800 ERROR SENT: M105
2025-04-07T09:03:17.274858+0800 ERROR write command M105
2025-04-07T09:03:17.274858+0800 ERROR second command M105
2025-04-07T09:03:17.275851+0800 ERROR finish command M105
2025-04-07T09:03:17.275851+0800 ERROR SENT: G250 S21
2025-04-07T09:03:17.275851+0800 ERROR write command G250 S21
2025-04-07T09:03:17.275851+0800 ERROR second command G250 S21
2025-04-07T09:03:17.275851+0800 ERROR finish command G250 S21
2025-04-07T09:03:17.275851+0800 ERROR SENT: G250 S800
2025-04-07T09:03:17.275851+0800 ERROR write command G250 S800
2025-04-07T09:03:17.275851+0800 ERROR second command G250 S800
2025-04-07T09:03:17.276851+0800 ERROR finish command G250 S800
2025-04-07T09:03:17.276851+0800 ERROR SENT: M154 S1
2025-04-07T09:03:17.276851+0800 ERROR write command M154 S1
2025-04-07T09:03:17.276851+0800 ERROR second command M154 S1
2025-04-07T09:03:17.276851+0800 ERROR finish command M154 S1
2025-04-07T09:03:21.207632+0800 ERROR SENT: M105
2025-04-07T09:03:21.207632+0800 ERROR write command M105
2025-04-07T09:03:21.207632+0800 ERROR second command M105
2025-04-07T09:03:21.207632+0800 ERROR finish command M105
2025-04-07T09:03:21.207632+0800 ERROR SENT: G250 S21
2025-04-07T09:03:21.208594+0800 ERROR write command G250 S21
2025-04-07T09:03:21.208594+0800 ERROR second command G250 S21
2025-04-07T09:03:21.208594+0800 ERROR finish command G250 S21
2025-04-07T09:03:21.208594+0800 ERROR SENT: G250 S800
2025-04-07T09:03:21.208594+0800 ERROR write command G250 S800
2025-04-07T09:03:21.208594+0800 ERROR second command G250 S800
2025-04-07T09:03:21.208594+0800 ERROR finish command G250 S800
2025-04-07T09:03:21.208594+0800 ERROR SENT: M154 S1
2025-04-07T09:03:21.208594+0800 ERROR write command M154 S1
2025-04-07T09:03:21.208594+0800 ERROR second command M154 S1
2025-04-07T09:03:21.208594+0800 ERROR finish command M154 S1
2025-04-07T09:03:25.139135+0800 ERROR SENT: M105
2025-04-07T09:03:25.139135+0800 ERROR write command M105
2025-04-07T09:03:25.140140+0800 ERROR second command M105
2025-04-07T09:03:25.140140+0800 ERROR finish command M105
2025-04-07T09:03:25.140140+0800 ERROR SENT: G250 S21
2025-04-07T09:03:25.140140+0800 ERROR write command G250 S21
2025-04-07T09:03:25.140140+0800 ERROR second command G250 S21
2025-04-07T09:03:25.140140+0800 ERROR finish command G250 S21
2025-04-07T09:03:25.140140+0800 ERROR SENT: G250 S800
2025-04-07T09:03:25.140140+0800 ERROR write command G250 S800
2025-04-07T09:03:25.140140+0800 ERROR second command G250 S800
2025-04-07T09:03:25.141138+0800 ERROR finish command G250 S800
2025-04-07T09:03:25.141138+0800 ERROR SENT: M154 S1
2025-04-07T09:03:25.141138+0800 ERROR write command M154 S1
2025-04-07T09:03:25.141138+0800 ERROR second command M154 S1
2025-04-07T09:03:25.141138+0800 ERROR finish command M154 S1
2025-04-07T09:03:29.058589+0800 ERROR SENT: M105
2025-04-07T09:03:29.058589+0800 ERROR write command M105
2025-04-07T09:03:29.058589+0800 ERROR second command M105
2025-04-07T09:03:29.058589+0800 ERROR finish command M105
2025-04-07T09:03:29.058589+0800 ERROR SENT: G250 S21
2025-04-07T09:03:29.058589+0800 ERROR write command G250 S21
2025-04-07T09:03:29.058589+0800 ERROR second command G250 S21
2025-04-07T09:03:29.058589+0800 ERROR finish command G250 S21
2025-04-07T09:03:29.059589+0800 ERROR SENT: G250 S800
2025-04-07T09:03:29.059589+0800 ERROR write command G250 S800
2025-04-07T09:03:29.059589+0800 ERROR second command G250 S800
2025-04-07T09:03:29.059589+0800 ERROR finish command G250 S800
2025-04-07T09:03:29.059589+0800 ERROR SENT: M154 S1
2025-04-07T09:03:29.059589+0800 ERROR write command M154 S1
2025-04-07T09:03:29.060589+0800 ERROR second command M154 S1
2025-04-07T09:03:29.060589+0800 ERROR finish command M154 S1
2025-04-07T09:03:32.952388+0800 ERROR SENT: M105
2025-04-07T09:03:32.952388+0800 ERROR write command M105
2025-04-07T09:03:32.953289+0800 ERROR second command M105
2025-04-07T09:03:32.953289+0800 ERROR finish command M105
2025-04-07T09:03:32.953289+0800 ERROR SENT: G250 S21
2025-04-07T09:03:32.953289+0800 ERROR write command G250 S21
2025-04-07T09:03:32.953289+0800 ERROR second command G250 S21
2025-04-07T09:03:32.954324+0800 ERROR finish command G250 S21
2025-04-07T09:03:32.954324+0800 ERROR SENT: G250 S800
2025-04-07T09:03:32.954324+0800 ERROR write command G250 S800
2025-04-07T09:03:32.954324+0800 ERROR second command G250 S800
2025-04-07T09:03:32.955288+0800 ERROR finish command G250 S800
2025-04-07T09:03:32.955288+0800 ERROR SENT: M154 S1
2025-04-07T09:03:32.955288+0800 ERROR write command M154 S1
2025-04-07T09:03:32.955288+0800 ERROR second command M154 S1
2025-04-07T09:03:32.955288+0800 ERROR finish command M154 S1
2025-04-07T09:03:36.841226+0800 ERROR SENT: M105
2025-04-07T09:03:36.841226+0800 ERROR write command M105
2025-04-07T09:03:36.841226+0800 ERROR second command M105
2025-04-07T09:03:36.842138+0800 ERROR finish command M105
2025-04-07T09:03:36.842138+0800 ERROR SENT: G250 S21
2025-04-07T09:03:36.842138+0800 ERROR write command G250 S21
2025-04-07T09:03:36.842138+0800 ERROR second command G250 S21
2025-04-07T09:03:36.842138+0800 ERROR finish command G250 S21
2025-04-07T09:03:36.842138+0800 ERROR SENT: G250 S800
2025-04-07T09:03:36.842138+0800 ERROR write command G250 S800
2025-04-07T09:03:36.842138+0800 ERROR second command G250 S800
2025-04-07T09:03:36.842138+0800 ERROR finish command G250 S800
2025-04-07T09:03:36.842138+0800 ERROR SENT: M154 S1
2025-04-07T09:03:36.842138+0800 ERROR write command M154 S1
2025-04-07T09:03:36.843138+0800 ERROR second command M154 S1
2025-04-07T09:03:36.843138+0800 ERROR finish command M154 S1
2025-04-07T09:03:40.754526+0800 ERROR SENT: M105
2025-04-07T09:03:40.754526+0800 ERROR write command M105
2025-04-07T09:03:40.754526+0800 ERROR second command M105
2025-04-07T09:03:40.755461+0800 ERROR finish command M105
2025-04-07T09:03:40.755461+0800 ERROR SENT: G250 S21
2025-04-07T09:03:40.755461+0800 ERROR write command G250 S21
2025-04-07T09:03:40.755461+0800 ERROR second command G250 S21
2025-04-07T09:03:40.755461+0800 ERROR finish command G250 S21
2025-04-07T09:03:40.755461+0800 ERROR SENT: G250 S800
2025-04-07T09:03:40.755461+0800 ERROR write command G250 S800
2025-04-07T09:03:40.755461+0800 ERROR second command G250 S800
2025-04-07T09:03:40.755461+0800 ERROR finish command G250 S800
2025-04-07T09:03:40.756458+0800 ERROR SENT: M154 S1
2025-04-07T09:03:40.756458+0800 ERROR write command M154 S1
2025-04-07T09:03:40.756458+0800 ERROR second command M154 S1
2025-04-07T09:03:40.756458+0800 ERROR finish command M154 S1
2025-04-07T09:03:44.659115+0800 ERROR SENT: M105
2025-04-07T09:03:44.659115+0800 ERROR write command M105
2025-04-07T09:03:44.659115+0800 ERROR second command M105
2025-04-07T09:03:44.660114+0800 ERROR finish command M105
2025-04-07T09:03:44.660114+0800 ERROR SENT: G250 S21
2025-04-07T09:03:44.660114+0800 ERROR write command G250 S21
2025-04-07T09:03:44.660114+0800 ERROR second command G250 S21
2025-04-07T09:03:44.660114+0800 ERROR finish command G250 S21
2025-04-07T09:03:44.660114+0800 ERROR SENT: G250 S800
2025-04-07T09:03:44.660114+0800 ERROR write command G250 S800
2025-04-07T09:03:44.661114+0800 ERROR second command G250 S800
2025-04-07T09:03:44.661114+0800 ERROR finish command G250 S800
2025-04-07T09:03:44.661114+0800 ERROR SENT: M154 S1
2025-04-07T09:03:44.661114+0800 ERROR write command M154 S1
2025-04-07T09:03:44.661114+0800 ERROR second command M154 S1
2025-04-07T09:03:44.661114+0800 ERROR finish command M154 S1
2025-04-07T09:03:48.540019+0800 ERROR SENT: M105
2025-04-07T09:03:48.540019+0800 ERROR write command M105
2025-04-07T09:03:48.540019+0800 ERROR second command M105
2025-04-07T09:03:48.540019+0800 ERROR finish command M105
2025-04-07T09:03:48.540019+0800 ERROR SENT: G250 S21
2025-04-07T09:03:48.540019+0800 ERROR write command G250 S21
2025-04-07T09:03:48.541019+0800 ERROR second command G250 S21
2025-04-07T09:03:48.541019+0800 ERROR finish command G250 S21
2025-04-07T09:03:48.541019+0800 ERROR SENT: G250 S800
2025-04-07T09:03:48.541019+0800 ERROR write command G250 S800
2025-04-07T09:03:48.541019+0800 ERROR second command G250 S800
2025-04-07T09:03:48.541019+0800 ERROR finish command G250 S800
2025-04-07T09:03:48.541019+0800 ERROR SENT: M154 S1
2025-04-07T09:03:48.541019+0800 ERROR write command M154 S1
2025-04-07T09:03:48.542019+0800 ERROR second command M154 S1
2025-04-07T09:03:48.542242+0800 ERROR finish command M154 S1
2025-04-07T09:03:52.447667+0800 ERROR SENT: M105
2025-04-07T09:03:52.448667+0800 ERROR write command M105
2025-04-07T09:03:52.448667+0800 ERROR second command M105
2025-04-07T09:03:52.448667+0800 ERROR finish command M105
2025-04-07T09:03:52.448667+0800 ERROR SENT: G250 S21
2025-04-07T09:03:52.448667+0800 ERROR write command G250 S21
2025-04-07T09:03:52.449667+0800 ERROR second command G250 S21
2025-04-07T09:03:52.449667+0800 ERROR finish command G250 S21
2025-04-07T09:03:52.449667+0800 ERROR SENT: G250 S800
2025-04-07T09:03:52.449667+0800 ERROR write command G250 S800
2025-04-07T09:03:52.449667+0800 ERROR second command G250 S800
2025-04-07T09:03:52.449667+0800 ERROR finish command G250 S800
2025-04-07T09:03:52.451667+0800 ERROR SENT: M154 S1
2025-04-07T09:03:52.451667+0800 ERROR write command M154 S1
2025-04-07T09:03:52.452668+0800 ERROR second command M154 S1
2025-04-07T09:03:52.452668+0800 ERROR finish command M154 S1
2025-04-07T09:03:56.409963+0800 ERROR SENT: M105
2025-04-07T09:03:56.409963+0800 ERROR write command M105
2025-04-07T09:03:56.409963+0800 ERROR second command M105
2025-04-07T09:03:56.409963+0800 ERROR finish command M105
2025-04-07T09:03:56.409963+0800 ERROR SENT: G250 S21
2025-04-07T09:03:56.410955+0800 ERROR write command G250 S21
2025-04-07T09:03:56.410955+0800 ERROR second command G250 S21
2025-04-07T09:03:56.410955+0800 ERROR finish command G250 S21
2025-04-07T09:03:56.410955+0800 ERROR SENT: G250 S800
2025-04-07T09:03:56.410955+0800 ERROR write command G250 S800
2025-04-07T09:03:56.410955+0800 ERROR second command G250 S800
2025-04-07T09:03:56.410955+0800 ERROR finish command G250 S800
2025-04-07T09:03:56.410955+0800 ERROR SENT: M154 S1
2025-04-07T09:03:56.410955+0800 ERROR write command M154 S1
2025-04-07T09:03:56.411955+0800 ERROR second command M154 S1
2025-04-07T09:03:56.411955+0800 ERROR finish command M154 S1
2025-04-07T09:04:00.314299+0800 ERROR SENT: M105
2025-04-07T09:04:00.314299+0800 ERROR write command M105
2025-04-07T09:04:00.314299+0800 ERROR second command M105
2025-04-07T09:04:00.314299+0800 ERROR finish command M105
2025-04-07T09:04:00.315205+0800 ERROR SENT: G250 S21
2025-04-07T09:04:00.315205+0800 ERROR write command G250 S21
2025-04-07T09:04:00.315205+0800 ERROR second command G250 S21
2025-04-07T09:04:00.315205+0800 ERROR finish command G250 S21
2025-04-07T09:04:00.315205+0800 ERROR SENT: G250 S800
2025-04-07T09:04:00.315205+0800 ERROR write command G250 S800
2025-04-07T09:04:00.315205+0800 ERROR second command G250 S800
2025-04-07T09:04:00.315205+0800 ERROR finish command G250 S800
2025-04-07T09:04:00.316204+0800 ERROR SENT: M154 S1
2025-04-07T09:04:00.316204+0800 ERROR write command M154 S1
2025-04-07T09:04:00.316204+0800 ERROR second command M154 S1
2025-04-07T09:04:00.316204+0800 ERROR finish command M154 S1
2025-04-07T09:04:04.253854+0800 ERROR SENT: M105
2025-04-07T09:04:04.253854+0800 ERROR write command M105
2025-04-07T09:04:04.253854+0800 ERROR second command M105
2025-04-07T09:04:04.253854+0800 ERROR finish command M105
2025-04-07T09:04:04.253854+0800 ERROR SENT: G250 S21
2025-04-07T09:04:04.254855+0800 ERROR write command G250 S21
2025-04-07T09:04:04.254855+0800 ERROR second command G250 S21
2025-04-07T09:04:04.254855+0800 ERROR finish command G250 S21
2025-04-07T09:04:04.254855+0800 ERROR SENT: G250 S800
2025-04-07T09:04:04.254855+0800 ERROR write command G250 S800
2025-04-07T09:04:04.254855+0800 ERROR second command G250 S800
2025-04-07T09:04:04.255908+0800 ERROR finish command G250 S800
2025-04-07T09:04:04.255908+0800 ERROR SENT: M154 S1
2025-04-07T09:04:04.255908+0800 ERROR write command M154 S1
2025-04-07T09:04:04.255908+0800 ERROR second command M154 S1
2025-04-07T09:04:04.255908+0800 ERROR finish command M154 S1
2025-04-07T09:04:08.065575+0800 ERROR SENT: M105
2025-04-07T09:04:08.065575+0800 ERROR write command M105
2025-04-07T09:04:08.065575+0800 ERROR second command M105
2025-04-07T09:04:08.066576+0800 ERROR finish command M105
2025-04-07T09:04:08.066576+0800 ERROR SENT: G250 S21
2025-04-07T09:04:08.066576+0800 ERROR write command G250 S21
2025-04-07T09:04:08.066576+0800 ERROR second command G250 S21
2025-04-07T09:04:08.066576+0800 ERROR finish command G250 S21
2025-04-07T09:04:08.066576+0800 ERROR SENT: G250 S800
2025-04-07T09:04:08.066576+0800 ERROR write command G250 S800
2025-04-07T09:04:08.066576+0800 ERROR second command G250 S800
2025-04-07T09:04:08.067575+0800 ERROR finish command G250 S800
2025-04-07T09:04:08.067575+0800 ERROR SENT: M154 S1
2025-04-07T09:04:08.067575+0800 ERROR write command M154 S1
2025-04-07T09:04:08.067575+0800 ERROR second command M154 S1
2025-04-07T09:04:08.067575+0800 ERROR finish command M154 S1
2025-04-07T09:04:12.099161+0800 ERROR SENT: M105
2025-04-07T09:04:12.100162+0800 ERROR write command M105
2025-04-07T09:04:12.100162+0800 ERROR second command M105
2025-04-07T09:04:12.100162+0800 ERROR finish command M105
2025-04-07T09:04:12.100162+0800 ERROR SENT: G250 S21
2025-04-07T09:04:12.100162+0800 ERROR write command G250 S21
2025-04-07T09:04:12.101161+0800 ERROR second command G250 S21
2025-04-07T09:04:12.101161+0800 ERROR finish command G250 S21
2025-04-07T09:04:12.101161+0800 ERROR SENT: G250 S800
2025-04-07T09:04:12.101161+0800 ERROR write command G250 S800
2025-04-07T09:04:12.101161+0800 ERROR second command G250 S800
2025-04-07T09:04:12.101161+0800 ERROR finish command G250 S800
2025-04-07T09:04:12.127161+0800 ERROR SENT: M154 S1
2025-04-07T09:04:12.127161+0800 ERROR write command M154 S1
2025-04-07T09:04:12.128162+0800 ERROR second command M154 S1
2025-04-07T09:04:12.128162+0800 ERROR finish command M154 S1
2025-04-07T09:04:16.021738+0800 ERROR SENT: M105
2025-04-07T09:04:16.021738+0800 ERROR write command M105
2025-04-07T09:04:16.021738+0800 ERROR second command M105
2025-04-07T09:04:16.021738+0800 ERROR finish command M105
2025-04-07T09:04:16.022747+0800 ERROR SENT: G250 S21
2025-04-07T09:04:16.022747+0800 ERROR write command G250 S21
2025-04-07T09:04:16.022747+0800 ERROR second command G250 S21
2025-04-07T09:04:16.022747+0800 ERROR finish command G250 S21
2025-04-07T09:04:16.022747+0800 ERROR SENT: G250 S800
2025-04-07T09:04:16.022747+0800 ERROR write command G250 S800
2025-04-07T09:04:16.022747+0800 ERROR second command G250 S800
2025-04-07T09:04:16.022747+0800 ERROR finish command G250 S800
2025-04-07T09:04:16.022747+0800 ERROR SENT: M154 S1
2025-04-07T09:04:16.023747+0800 ERROR write command M154 S1
2025-04-07T09:04:16.023747+0800 ERROR second command M154 S1
2025-04-07T09:04:16.023747+0800 ERROR finish command M154 S1
2025-04-07T09:04:19.931732+0800 ERROR SENT: M105
2025-04-07T09:04:19.931732+0800 ERROR write command M105
2025-04-07T09:04:19.931732+0800 ERROR second command M105
2025-04-07T09:04:19.931732+0800 ERROR finish command M105
2025-04-07T09:04:19.931732+0800 ERROR SENT: G250 S21
2025-04-07T09:04:19.932629+0800 ERROR write command G250 S21
2025-04-07T09:04:19.932629+0800 ERROR second command G250 S21
2025-04-07T09:04:19.932629+0800 ERROR finish command G250 S21
2025-04-07T09:04:19.932629+0800 ERROR SENT: G250 S800
2025-04-07T09:04:19.932629+0800 ERROR write command G250 S800
2025-04-07T09:04:19.932629+0800 ERROR second command G250 S800
2025-04-07T09:04:19.932629+0800 ERROR finish command G250 S800
2025-04-07T09:04:19.932629+0800 ERROR SENT: M154 S1
2025-04-07T09:04:19.933628+0800 ERROR write command M154 S1
2025-04-07T09:04:19.933628+0800 ERROR second command M154 S1
2025-04-07T09:04:19.933628+0800 ERROR finish command M154 S1
2025-04-07T09:04:23.857361+0800 ERROR SENT: M105
2025-04-07T09:04:23.857361+0800 ERROR write command M105
2025-04-07T09:04:23.857361+0800 ERROR second command M105
2025-04-07T09:04:23.858389+0800 ERROR finish command M105
2025-04-07T09:04:23.858389+0800 ERROR SENT: G250 S21
2025-04-07T09:04:23.858389+0800 ERROR write command G250 S21
2025-04-07T09:04:23.858389+0800 ERROR second command G250 S21
2025-04-07T09:04:23.858389+0800 ERROR finish command G250 S21
2025-04-07T09:04:23.858389+0800 ERROR SENT: G250 S800
2025-04-07T09:04:23.858389+0800 ERROR write command G250 S800
2025-04-07T09:04:23.858389+0800 ERROR second command G250 S800
2025-04-07T09:04:23.858389+0800 ERROR finish command G250 S800
2025-04-07T09:04:23.859381+0800 ERROR SENT: M154 S1
2025-04-07T09:04:23.859381+0800 ERROR write command M154 S1
2025-04-07T09:04:23.859381+0800 ERROR second command M154 S1
2025-04-07T09:04:23.859381+0800 ERROR finish command M154 S1
2025-04-07T09:04:27.757964+0800 ERROR SENT: M105
2025-04-07T09:04:27.757964+0800 ERROR write command M105
2025-04-07T09:04:27.757964+0800 ERROR second command M105
2025-04-07T09:04:27.758894+0800 ERROR finish command M105
2025-04-07T09:04:27.758894+0800 ERROR SENT: G250 S21
2025-04-07T09:04:27.758894+0800 ERROR write command G250 S21
2025-04-07T09:04:27.758894+0800 ERROR second command G250 S21
2025-04-07T09:04:27.758894+0800 ERROR finish command G250 S21
2025-04-07T09:04:27.758894+0800 ERROR SENT: G250 S800
2025-04-07T09:04:27.758894+0800 ERROR write command G250 S800
2025-04-07T09:04:27.758894+0800 ERROR second command G250 S800
2025-04-07T09:04:27.759894+0800 ERROR finish command G250 S800
2025-04-07T09:04:27.759894+0800 ERROR SENT: M154 S1
2025-04-07T09:04:27.759894+0800 ERROR write command M154 S1
2025-04-07T09:04:27.759894+0800 ERROR second command M154 S1
2025-04-07T09:04:27.759894+0800 ERROR finish command M154 S1
2025-04-07T09:04:31.683701+0800 ERROR SENT: M105
2025-04-07T09:04:31.683701+0800 ERROR write command M105
2025-04-07T09:04:31.683701+0800 ERROR second command M105
2025-04-07T09:04:31.683701+0800 ERROR finish command M105
2025-04-07T09:04:31.684701+0800 ERROR SENT: G250 S21
2025-04-07T09:04:31.684701+0800 ERROR write command G250 S21
2025-04-07T09:04:31.684701+0800 ERROR second command G250 S21
2025-04-07T09:04:31.684701+0800 ERROR finish command G250 S21
2025-04-07T09:04:31.684701+0800 ERROR SENT: G250 S800
2025-04-07T09:04:31.684701+0800 ERROR write command G250 S800
2025-04-07T09:04:31.684701+0800 ERROR second command G250 S800
2025-04-07T09:04:31.685701+0800 ERROR finish command G250 S800
2025-04-07T09:04:31.685701+0800 ERROR SENT: M154 S1
2025-04-07T09:04:31.685701+0800 ERROR write command M154 S1
2025-04-07T09:04:31.685701+0800 ERROR second command M154 S1
2025-04-07T09:04:31.685701+0800 ERROR finish command M154 S1
2025-04-07T09:04:35.552864+0800 ERROR SENT: M105
2025-04-07T09:04:35.552864+0800 ERROR write command M105
2025-04-07T09:04:35.552864+0800 ERROR second command M105
2025-04-07T09:04:35.553871+0800 ERROR finish command M105
2025-04-07T09:04:35.553871+0800 ERROR SENT: G250 S21
2025-04-07T09:04:35.553871+0800 ERROR write command G250 S21
2025-04-07T09:04:35.553871+0800 ERROR second command G250 S21
2025-04-07T09:04:35.553871+0800 ERROR finish command G250 S21
2025-04-07T09:04:35.553871+0800 ERROR SENT: G250 S800
2025-04-07T09:04:35.554873+0800 ERROR write command G250 S800
2025-04-07T09:04:35.554873+0800 ERROR second command G250 S800
2025-04-07T09:04:35.554873+0800 ERROR finish command G250 S800
2025-04-07T09:04:35.554873+0800 ERROR SENT: M154 S1
2025-04-07T09:04:35.554873+0800 ERROR write command M154 S1
2025-04-07T09:04:35.554873+0800 ERROR second command M154 S1
2025-04-07T09:04:35.554873+0800 ERROR finish command M154 S1
2025-04-07T09:04:39.442667+0800 ERROR SENT: M105
2025-04-07T09:04:39.442667+0800 ERROR write command M105
2025-04-07T09:04:39.442667+0800 ERROR second command M105
2025-04-07T09:04:39.442667+0800 ERROR finish command M105
2025-04-07T09:04:39.442667+0800 ERROR SENT: G250 S21
2025-04-07T09:04:39.443675+0800 ERROR write command G250 S21
2025-04-07T09:04:39.443675+0800 ERROR second command G250 S21
2025-04-07T09:04:39.443675+0800 ERROR finish command G250 S21
2025-04-07T09:04:39.443675+0800 ERROR SENT: G250 S800
2025-04-07T09:04:39.443675+0800 ERROR write command G250 S800
2025-04-07T09:04:39.443675+0800 ERROR second command G250 S800
2025-04-07T09:04:39.443675+0800 ERROR finish command G250 S800
2025-04-07T09:04:39.444745+0800 ERROR SENT: M154 S1
2025-04-07T09:04:39.444745+0800 ERROR write command M154 S1
2025-04-07T09:04:39.444745+0800 ERROR second command M154 S1
2025-04-07T09:04:39.444745+0800 ERROR finish command M154 S1
2025-04-07T09:04:43.358655+0800 ERROR SENT: M105
2025-04-07T09:04:43.358655+0800 ERROR write command M105
2025-04-07T09:04:43.358655+0800 ERROR second command M105
2025-04-07T09:04:43.358655+0800 ERROR finish command M105
2025-04-07T09:04:43.358655+0800 ERROR SENT: G250 S21
2025-04-07T09:04:43.359584+0800 ERROR write command G250 S21
2025-04-07T09:04:43.359584+0800 ERROR second command G250 S21
2025-04-07T09:04:43.359584+0800 ERROR finish command G250 S21
2025-04-07T09:04:43.359584+0800 ERROR SENT: G250 S800
2025-04-07T09:04:43.359584+0800 ERROR write command G250 S800
2025-04-07T09:04:43.359584+0800 ERROR second command G250 S800
2025-04-07T09:04:43.360583+0800 ERROR finish command G250 S800
2025-04-07T09:04:43.360583+0800 ERROR SENT: M154 S1
2025-04-07T09:04:43.360583+0800 ERROR write command M154 S1
2025-04-07T09:04:43.360583+0800 ERROR second command M154 S1
2025-04-07T09:04:43.360583+0800 ERROR finish command M154 S1
2025-04-07T09:04:47.236306+0800 ERROR SENT: M105
2025-04-07T09:04:47.236306+0800 ERROR write command M105
2025-04-07T09:04:47.236306+0800 ERROR second command M105
2025-04-07T09:04:47.237298+0800 ERROR finish command M105
2025-04-07T09:04:47.237298+0800 ERROR SENT: G250 S21
2025-04-07T09:04:47.237298+0800 ERROR write command G250 S21
2025-04-07T09:04:47.237298+0800 ERROR second command G250 S21
2025-04-07T09:04:47.237298+0800 ERROR finish command G250 S21
2025-04-07T09:04:47.237298+0800 ERROR SENT: G250 S800
2025-04-07T09:04:47.237298+0800 ERROR write command G250 S800
2025-04-07T09:04:47.238297+0800 ERROR second command G250 S800
2025-04-07T09:04:47.238297+0800 ERROR finish command G250 S800
2025-04-07T09:04:47.238297+0800 ERROR SENT: M154 S1
2025-04-07T09:04:47.238297+0800 ERROR write command M154 S1
2025-04-07T09:04:47.238297+0800 ERROR second command M154 S1
2025-04-07T09:04:47.238297+0800 ERROR finish command M154 S1
