2025-05-19T21:21:03.915564+0800 INFO G91
2025-05-19T21:21:03.916557+0800 INFO Not connected to printer.
2025-05-19T21:21:03.916557+0800 INFO L1 Z0.1 F3000
2025-05-19T21:21:03.916557+0800 INFO Not connected to printer.
2025-05-19T21:21:03.917559+0800 INFO G90
2025-05-19T21:21:03.917559+0800 INFO Not connected to printer.
2025-05-19T21:21:05.271962+0800 INFO G91
2025-05-19T21:21:05.272959+0800 INFO Not connected to printer.
2025-05-19T21:21:05.272959+0800 INFO L1 Y0.1 F3000
2025-05-19T21:21:05.273959+0800 INFO Not connected to printer.
2025-05-19T21:21:05.273959+0800 INFO G90
2025-05-19T21:21:05.273959+0800 INFO Not connected to printer.
2025-05-19T21:21:05.842772+0800 INFO G91
2025-05-19T21:21:05.843776+0800 INFO Not connected to printer.
2025-05-19T21:21:05.843776+0800 INFO L1 Y-0.1 F3000
2025-05-19T21:21:05.843776+0800 INFO Not connected to printer.
2025-05-19T21:21:05.843776+0800 INFO G90
2025-05-19T21:21:05.844775+0800 INFO Not connected to printer.
2025-05-19T21:21:06.529663+0800 INFO G91
2025-05-19T21:21:06.530664+0800 INFO Not connected to printer.
2025-05-19T21:21:06.530664+0800 INFO L1 X0.1 F3000
2025-05-19T21:21:06.530664+0800 INFO Not connected to printer.
2025-05-19T21:21:06.530664+0800 INFO G90
2025-05-19T21:21:06.530664+0800 INFO Not connected to printer.
2025-05-19T21:21:07.618255+0800 INFO G91
2025-05-19T21:21:07.618255+0800 INFO Not connected to printer.
2025-05-19T21:21:07.618255+0800 INFO G28 Y
2025-05-19T21:21:07.618255+0800 INFO Not connected to printer.
2025-05-19T21:21:07.618255+0800 INFO G90
2025-05-19T21:21:07.619253+0800 INFO Not connected to printer.
2025-05-19T21:21:08.014848+0800 INFO G91
2025-05-19T21:21:08.014848+0800 INFO Not connected to printer.
2025-05-19T21:21:08.014848+0800 INFO G28 X
2025-05-19T21:21:08.014848+0800 INFO Not connected to printer.
2025-05-19T21:21:08.014848+0800 INFO G90
2025-05-19T21:21:08.014848+0800 INFO Not connected to printer.
2025-05-19T21:21:08.768111+0800 INFO M290 Z-0.1
2025-05-19T21:21:08.769103+0800 INFO Not connected to printer.
