2025-04-07T15:04:15.551255+0800 INFO 设备已成功连接
2025-04-07T15:04:15.552244+0800 ERROR SENT: M105
2025-04-07T15:04:15.552244+0800 ERROR write command M105
2025-04-07T15:04:15.553243+0800 ERROR second command M105
2025-04-07T15:04:15.553243+0800 ERROR finish command M105
2025-04-07T15:04:15.553243+0800 ERROR SENT: G250 S21
2025-04-07T15:04:15.553243+0800 ERROR write command G250 S21
2025-04-07T15:04:15.553243+0800 ERROR second command G250 S21
2025-04-07T15:04:15.553243+0800 ERROR finish command G250 S21
2025-04-07T15:04:15.553243+0800 ERROR SENT: G250 S800
2025-04-07T15:04:15.553243+0800 ERROR write command G250 S800
2025-04-07T15:04:15.553243+0800 ERROR second command G250 S800
2025-04-07T15:04:15.553243+0800 ERROR finish command G250 S800
2025-04-07T15:04:15.554244+0800 ERROR SENT: M154 S1
2025-04-07T15:04:15.554244+0800 ERROR write command M154 S1
2025-04-07T15:04:15.554244+0800 ERROR second command M154 S1
2025-04-07T15:04:15.555244+0800 ERROR finish command M154 S1
2025-04-07T15:04:19.463967+0800 ERROR SENT: M105
2025-04-07T15:04:19.463967+0800 ERROR write command M105
2025-04-07T15:04:19.464849+0800 ERROR second command M105
2025-04-07T15:04:19.464849+0800 ERROR finish command M105
2025-04-07T15:04:19.464849+0800 ERROR SENT: G250 S21
2025-04-07T15:04:19.464849+0800 ERROR write command G250 S21
2025-04-07T15:04:19.464849+0800 ERROR second command G250 S21
2025-04-07T15:04:19.464849+0800 ERROR finish command G250 S21
2025-04-07T15:04:19.464849+0800 ERROR SENT: G250 S800
2025-04-07T15:04:19.464849+0800 ERROR write command G250 S800
2025-04-07T15:04:19.465847+0800 ERROR second command G250 S800
2025-04-07T15:04:19.465847+0800 ERROR finish command G250 S800
2025-04-07T15:04:19.465847+0800 ERROR SENT: M154 S1
2025-04-07T15:04:19.465847+0800 ERROR write command M154 S1
2025-04-07T15:04:19.465847+0800 ERROR second command M154 S1
2025-04-07T15:04:19.465847+0800 ERROR finish command M154 S1
2025-04-07T15:04:23.549213+0800 ERROR SENT: M105
2025-04-07T15:04:23.549213+0800 ERROR write command M105
2025-04-07T15:04:23.549213+0800 ERROR second command M105
2025-04-07T15:04:23.550136+0800 ERROR finish command M105
2025-04-07T15:04:23.550136+0800 ERROR SENT: G250 S21
2025-04-07T15:04:23.550136+0800 ERROR write command G250 S21
2025-04-07T15:04:23.550136+0800 ERROR second command G250 S21
2025-04-07T15:04:23.550136+0800 ERROR finish command G250 S21
2025-04-07T15:04:23.550136+0800 ERROR SENT: G250 S800
2025-04-07T15:04:23.550136+0800 ERROR write command G250 S800
2025-04-07T15:04:23.550136+0800 ERROR second command G250 S800
2025-04-07T15:04:23.550136+0800 ERROR finish command G250 S800
2025-04-07T15:04:23.550136+0800 ERROR SENT: M154 S1
2025-04-07T15:04:23.551137+0800 ERROR write command M154 S1
2025-04-07T15:04:23.551137+0800 ERROR second command M154 S1
2025-04-07T15:04:23.551137+0800 ERROR finish command M154 S1
2025-04-07T15:04:27.442003+0800 ERROR SENT: M105
2025-04-07T15:04:27.442003+0800 ERROR write command M105
2025-04-07T15:04:27.442003+0800 ERROR second command M105
2025-04-07T15:04:27.442003+0800 ERROR finish command M105
2025-04-07T15:04:27.442003+0800 ERROR SENT: G250 S21
2025-04-07T15:04:27.442913+0800 ERROR write command G250 S21
2025-04-07T15:04:27.442913+0800 ERROR second command G250 S21
2025-04-07T15:04:27.442913+0800 ERROR finish command G250 S21
2025-04-07T15:04:27.442913+0800 ERROR SENT: G250 S800
2025-04-07T15:04:27.442913+0800 ERROR write command G250 S800
2025-04-07T15:04:27.442913+0800 ERROR second command G250 S800
2025-04-07T15:04:27.442913+0800 ERROR finish command G250 S800
2025-04-07T15:04:27.442913+0800 ERROR SENT: M154 S1
2025-04-07T15:04:27.443913+0800 ERROR write command M154 S1
2025-04-07T15:04:27.443913+0800 ERROR second command M154 S1
2025-04-07T15:04:27.443913+0800 ERROR finish command M154 S1
2025-04-07T15:04:31.361873+0800 ERROR SENT: M105
2025-04-07T15:04:31.361873+0800 ERROR write command M105
2025-04-07T15:04:31.361873+0800 ERROR second command M105
2025-04-07T15:04:31.361873+0800 ERROR finish command M105
2025-04-07T15:04:31.361873+0800 ERROR SENT: G250 S21
2025-04-07T15:04:31.361873+0800 ERROR write command G250 S21
2025-04-07T15:04:31.362875+0800 ERROR second command G250 S21
2025-04-07T15:04:31.362875+0800 ERROR finish command G250 S21
2025-04-07T15:04:31.362875+0800 ERROR SENT: G250 S800
2025-04-07T15:04:31.362875+0800 ERROR write command G250 S800
2025-04-07T15:04:31.362875+0800 ERROR second command G250 S800
2025-04-07T15:04:31.362875+0800 ERROR finish command G250 S800
2025-04-07T15:04:31.362875+0800 ERROR SENT: M154 S1
2025-04-07T15:04:31.362875+0800 ERROR write command M154 S1
2025-04-07T15:04:31.362875+0800 ERROR second command M154 S1
2025-04-07T15:04:31.363865+0800 ERROR finish command M154 S1
2025-04-07T15:04:31.904115+0800 INFO M105
2025-04-07T15:04:31.904115+0800 INFO Not connected to printer.
2025-04-07T15:04:35.317054+0800 ERROR SENT: M105
2025-04-07T15:04:35.317054+0800 ERROR write command M105
2025-04-07T15:04:35.317054+0800 ERROR second command M105
2025-04-07T15:04:35.317054+0800 ERROR finish command M105
2025-04-07T15:04:35.317054+0800 ERROR SENT: G250 S21
2025-04-07T15:04:35.317990+0800 ERROR write command G250 S21
2025-04-07T15:04:35.317990+0800 ERROR second command G250 S21
2025-04-07T15:04:35.317990+0800 ERROR finish command G250 S21
2025-04-07T15:04:35.317990+0800 ERROR SENT: G250 S800
2025-04-07T15:04:35.317990+0800 ERROR write command G250 S800
2025-04-07T15:04:35.318986+0800 ERROR second command G250 S800
2025-04-07T15:04:35.318986+0800 ERROR finish command G250 S800
2025-04-07T15:04:35.318986+0800 ERROR SENT: M154 S1
2025-04-07T15:04:35.318986+0800 ERROR write command M154 S1
2025-04-07T15:04:35.318986+0800 ERROR second command M154 S1
2025-04-07T15:04:35.318986+0800 ERROR finish command M154 S1
2025-04-07T15:04:39.249704+0800 ERROR SENT: M105
2025-04-07T15:04:39.249704+0800 ERROR write command M105
2025-04-07T15:04:39.250705+0800 ERROR second command M105
2025-04-07T15:04:39.250705+0800 ERROR finish command M105
2025-04-07T15:04:39.250705+0800 ERROR SENT: G250 S21
2025-04-07T15:04:39.250705+0800 ERROR write command G250 S21
2025-04-07T15:04:39.250705+0800 ERROR second command G250 S21
2025-04-07T15:04:39.250705+0800 ERROR finish command G250 S21
2025-04-07T15:04:39.250705+0800 ERROR SENT: G250 S800
2025-04-07T15:04:39.251705+0800 ERROR write command G250 S800
2025-04-07T15:04:39.251705+0800 ERROR second command G250 S800
2025-04-07T15:04:39.251705+0800 ERROR finish command G250 S800
2025-04-07T15:04:39.252705+0800 ERROR SENT: M154 S1
2025-04-07T15:04:39.252705+0800 ERROR write command M154 S1
2025-04-07T15:04:39.252705+0800 ERROR second command M154 S1
2025-04-07T15:04:39.252705+0800 ERROR finish command M154 S1
2025-04-07T15:04:43.319261+0800 ERROR SENT: M105
2025-04-07T15:04:43.319261+0800 ERROR write command M105
2025-04-07T15:04:43.319261+0800 ERROR second command M105
2025-04-07T15:04:43.319261+0800 ERROR finish command M105
2025-04-07T15:04:43.320256+0800 ERROR SENT: G250 S21
2025-04-07T15:04:43.320256+0800 ERROR write command G250 S21
2025-04-07T15:04:43.320256+0800 ERROR second command G250 S21
2025-04-07T15:04:43.320256+0800 ERROR finish command G250 S21
2025-04-07T15:04:43.320256+0800 ERROR SENT: G250 S800
2025-04-07T15:04:43.321257+0800 ERROR write command G250 S800
2025-04-07T15:04:43.321257+0800 ERROR second command G250 S800
2025-04-07T15:04:43.321257+0800 ERROR finish command G250 S800
2025-04-07T15:04:43.321257+0800 ERROR SENT: M154 S1
2025-04-07T15:04:43.321257+0800 ERROR write command M154 S1
2025-04-07T15:04:43.322257+0800 ERROR second command M154 S1
2025-04-07T15:04:43.322257+0800 ERROR finish command M154 S1
2025-04-07T15:04:47.287766+0800 ERROR SENT: M105
2025-04-07T15:04:47.287766+0800 ERROR write command M105
2025-04-07T15:04:47.288768+0800 ERROR second command M105
2025-04-07T15:04:47.288768+0800 ERROR finish command M105
2025-04-07T15:04:47.288768+0800 ERROR SENT: G250 S21
2025-04-07T15:04:47.288768+0800 ERROR write command G250 S21
2025-04-07T15:04:47.289768+0800 ERROR second command G250 S21
2025-04-07T15:04:47.289768+0800 ERROR finish command G250 S21
2025-04-07T15:04:47.289768+0800 ERROR SENT: G250 S800
2025-04-07T15:04:47.289768+0800 ERROR write command G250 S800
2025-04-07T15:04:47.289768+0800 ERROR second command G250 S800
2025-04-07T15:04:47.289768+0800 ERROR finish command G250 S800
2025-04-07T15:04:47.289768+0800 ERROR SENT: M154 S1
2025-04-07T15:04:47.289768+0800 ERROR write command M154 S1
2025-04-07T15:04:47.289768+0800 ERROR second command M154 S1
2025-04-07T15:04:47.290766+0800 ERROR finish command M154 S1
