2025-04-11T11:33:06.431407+0800 INFO 设备已成功连接
2025-04-11T11:33:06.431407+0800 ERROR SENT: M105
2025-04-11T11:33:06.432407+0800 ERROR write command M105
2025-04-11T11:33:06.432407+0800 ERROR second command M105
2025-04-11T11:33:06.432407+0800 ERROR finish command M105
2025-04-11T11:33:06.432407+0800 ERROR SENT: G250 S21
2025-04-11T11:33:06.433407+0800 ERROR write command G250 S21
2025-04-11T11:33:06.433407+0800 ERROR second command G250 S21
2025-04-11T11:33:06.433407+0800 ERROR finish command G250 S21
2025-04-11T11:33:06.433407+0800 ERROR SENT: G250 S800
2025-04-11T11:33:06.433407+0800 ERROR write command G250 S800
2025-04-11T11:33:06.434406+0800 ERROR second command G250 S800
2025-04-11T11:33:06.434406+0800 ERROR finish command G250 S800
2025-04-11T11:33:06.434406+0800 ERROR SENT: M154 S1
2025-04-11T11:33:06.434406+0800 ERROR write command M154 S1
2025-04-11T11:33:06.435406+0800 ERROR second command M154 S1
2025-04-11T11:33:06.435406+0800 ERROR finish command M154 S1
2025-04-11T11:33:10.248300+0800 ERROR SENT: M105
2025-04-11T11:33:10.248300+0800 ERROR write command M105
2025-04-11T11:33:10.248300+0800 ERROR second command M105
2025-04-11T11:33:10.248300+0800 ERROR finish command M105
2025-04-11T11:33:10.249234+0800 ERROR SENT: G250 S21
2025-04-11T11:33:10.249234+0800 ERROR write command G250 S21
2025-04-11T11:33:10.249234+0800 ERROR second command G250 S21
2025-04-11T11:33:10.249234+0800 ERROR finish command G250 S21
2025-04-11T11:33:10.249234+0800 ERROR SENT: G250 S800
2025-04-11T11:33:10.249234+0800 ERROR write command G250 S800
2025-04-11T11:33:10.249234+0800 ERROR second command G250 S800
2025-04-11T11:33:10.249234+0800 ERROR finish command G250 S800
2025-04-11T11:33:10.249234+0800 ERROR SENT: M154 S1
2025-04-11T11:33:10.249234+0800 ERROR write command M154 S1
2025-04-11T11:33:10.250233+0800 ERROR second command M154 S1
2025-04-11T11:33:10.250233+0800 ERROR finish command M154 S1
2025-04-11T11:33:14.103755+0800 ERROR SENT: M105
2025-04-11T11:33:14.103755+0800 ERROR write command M105
2025-04-11T11:33:14.103755+0800 ERROR second command M105
2025-04-11T11:33:14.103755+0800 ERROR finish command M105
2025-04-11T11:33:14.103755+0800 ERROR SENT: G250 S21
2025-04-11T11:33:14.104672+0800 ERROR write command G250 S21
2025-04-11T11:33:14.104672+0800 ERROR second command G250 S21
2025-04-11T11:33:14.104672+0800 ERROR finish command G250 S21
2025-04-11T11:33:14.104672+0800 ERROR SENT: G250 S800
2025-04-11T11:33:14.104672+0800 ERROR write command G250 S800
2025-04-11T11:33:14.104672+0800 ERROR second command G250 S800
2025-04-11T11:33:14.104672+0800 ERROR finish command G250 S800
2025-04-11T11:33:14.104672+0800 ERROR SENT: M154 S1
2025-04-11T11:33:14.105670+0800 ERROR write command M154 S1
2025-04-11T11:33:14.105670+0800 ERROR second command M154 S1
2025-04-11T11:33:14.105670+0800 ERROR finish command M154 S1
2025-04-11T11:33:17.971849+0800 ERROR SENT: M105
2025-04-11T11:33:17.971849+0800 ERROR write command M105
2025-04-11T11:33:17.971849+0800 ERROR second command M105
2025-04-11T11:33:17.971849+0800 ERROR finish command M105
2025-04-11T11:33:17.971849+0800 ERROR SENT: G250 S21
2025-04-11T11:33:17.971849+0800 ERROR write command G250 S21
2025-04-11T11:33:17.971849+0800 ERROR second command G250 S21
2025-04-11T11:33:17.972849+0800 ERROR finish command G250 S21
2025-04-11T11:33:17.972849+0800 ERROR SENT: G250 S800
2025-04-11T11:33:17.972849+0800 ERROR write command G250 S800
2025-04-11T11:33:17.972849+0800 ERROR second command G250 S800
2025-04-11T11:33:17.972849+0800 ERROR finish command G250 S800
2025-04-11T11:33:17.972849+0800 ERROR SENT: M154 S1
2025-04-11T11:33:17.972849+0800 ERROR write command M154 S1
2025-04-11T11:33:17.972849+0800 ERROR second command M154 S1
2025-04-11T11:33:17.972849+0800 ERROR finish command M154 S1
2025-04-11T11:33:21.789474+0800 ERROR SENT: M105
2025-04-11T11:33:21.789474+0800 ERROR write command M105
2025-04-11T11:33:21.789474+0800 ERROR second command M105
2025-04-11T11:33:21.789474+0800 ERROR finish command M105
2025-04-11T11:33:21.789474+0800 ERROR SENT: G250 S21
2025-04-11T11:33:21.789474+0800 ERROR write command G250 S21
2025-04-11T11:33:21.790404+0800 ERROR second command G250 S21
2025-04-11T11:33:21.790404+0800 ERROR finish command G250 S21
2025-04-11T11:33:21.790404+0800 ERROR SENT: G250 S800
2025-04-11T11:33:21.790404+0800 ERROR write command G250 S800
2025-04-11T11:33:21.790404+0800 ERROR second command G250 S800
2025-04-11T11:33:21.790404+0800 ERROR finish command G250 S800
2025-04-11T11:33:21.790404+0800 ERROR SENT: M154 S1
2025-04-11T11:33:21.790404+0800 ERROR write command M154 S1
2025-04-11T11:33:21.791404+0800 ERROR second command M154 S1
2025-04-11T11:33:21.791404+0800 ERROR finish command M154 S1
2025-04-11T11:33:25.603720+0800 ERROR SENT: M105
2025-04-11T11:33:25.603720+0800 ERROR write command M105
2025-04-11T11:33:25.603720+0800 ERROR second command M105
2025-04-11T11:33:25.603720+0800 ERROR finish command M105
2025-04-11T11:33:25.604722+0800 ERROR SENT: G250 S21
2025-04-11T11:33:25.604722+0800 ERROR write command G250 S21
2025-04-11T11:33:25.604722+0800 ERROR second command G250 S21
2025-04-11T11:33:25.604722+0800 ERROR finish command G250 S21
2025-04-11T11:33:25.604722+0800 ERROR SENT: G250 S800
2025-04-11T11:33:25.604722+0800 ERROR write command G250 S800
2025-04-11T11:33:25.604722+0800 ERROR second command G250 S800
2025-04-11T11:33:25.604722+0800 ERROR finish command G250 S800
2025-04-11T11:33:25.604722+0800 ERROR SENT: M154 S1
2025-04-11T11:33:25.604722+0800 ERROR write command M154 S1
2025-04-11T11:33:25.605721+0800 ERROR second command M154 S1
2025-04-11T11:33:25.605721+0800 ERROR finish command M154 S1
2025-04-11T11:33:29.463070+0800 ERROR SENT: M105
2025-04-11T11:33:29.463070+0800 ERROR write command M105
2025-04-11T11:33:29.463070+0800 ERROR second command M105
2025-04-11T11:33:29.464070+0800 ERROR finish command M105
2025-04-11T11:33:29.464070+0800 ERROR SENT: G250 S21
2025-04-11T11:33:29.464070+0800 ERROR write command G250 S21
2025-04-11T11:33:29.464070+0800 ERROR second command G250 S21
2025-04-11T11:33:29.464070+0800 ERROR finish command G250 S21
2025-04-11T11:33:29.464070+0800 ERROR SENT: G250 S800
2025-04-11T11:33:29.465071+0800 ERROR write command G250 S800
2025-04-11T11:33:29.465071+0800 ERROR second command G250 S800
2025-04-11T11:33:29.465071+0800 ERROR finish command G250 S800
2025-04-11T11:33:29.465071+0800 ERROR SENT: M154 S1
2025-04-11T11:33:29.465071+0800 ERROR write command M154 S1
2025-04-11T11:33:29.466071+0800 ERROR second command M154 S1
2025-04-11T11:33:29.466071+0800 ERROR finish command M154 S1
2025-04-11T11:33:33.349217+0800 ERROR SENT: M105
2025-04-11T11:33:33.349217+0800 ERROR write command M105
2025-04-11T11:33:33.350218+0800 ERROR second command M105
2025-04-11T11:33:33.350218+0800 ERROR finish command M105
2025-04-11T11:33:33.350218+0800 ERROR SENT: G250 S21
2025-04-11T11:33:33.350218+0800 ERROR write command G250 S21
2025-04-11T11:33:33.351217+0800 ERROR second command G250 S21
2025-04-11T11:33:33.351217+0800 ERROR finish command G250 S21
2025-04-11T11:33:33.351217+0800 ERROR SENT: G250 S800
2025-04-11T11:33:33.351217+0800 ERROR write command G250 S800
2025-04-11T11:33:33.351217+0800 ERROR second command G250 S800
2025-04-11T11:33:33.352218+0800 ERROR finish command G250 S800
2025-04-11T11:33:33.352218+0800 ERROR SENT: M154 S1
2025-04-11T11:33:33.352218+0800 ERROR write command M154 S1
2025-04-11T11:33:33.352218+0800 ERROR second command M154 S1
2025-04-11T11:33:33.353217+0800 ERROR finish command M154 S1
2025-04-11T11:33:37.254144+0800 ERROR SENT: M105
2025-04-11T11:33:37.254144+0800 ERROR write command M105
2025-04-11T11:33:37.254144+0800 ERROR second command M105
2025-04-11T11:33:37.255144+0800 ERROR finish command M105
2025-04-11T11:33:37.255144+0800 ERROR SENT: G250 S21
2025-04-11T11:33:37.255144+0800 ERROR write command G250 S21
2025-04-11T11:33:37.255144+0800 ERROR second command G250 S21
2025-04-11T11:33:37.255144+0800 ERROR finish command G250 S21
2025-04-11T11:33:37.255144+0800 ERROR SENT: G250 S800
2025-04-11T11:33:37.255144+0800 ERROR write command G250 S800
2025-04-11T11:33:37.256143+0800 ERROR second command G250 S800
2025-04-11T11:33:37.256143+0800 ERROR finish command G250 S800
2025-04-11T11:33:37.256143+0800 ERROR SENT: M154 S1
2025-04-11T11:33:37.256143+0800 ERROR write command M154 S1
2025-04-11T11:33:37.256143+0800 ERROR second command M154 S1
2025-04-11T11:33:37.256143+0800 ERROR finish command M154 S1
2025-04-11T11:33:41.112442+0800 ERROR SENT: M105
2025-04-11T11:33:41.112442+0800 ERROR write command M105
2025-04-11T11:33:41.112442+0800 ERROR second command M105
2025-04-11T11:33:41.112442+0800 ERROR finish command M105
2025-04-11T11:33:41.112442+0800 ERROR SENT: G250 S21
2025-04-11T11:33:41.113442+0800 ERROR write command G250 S21
2025-04-11T11:33:41.113442+0800 ERROR second command G250 S21
2025-04-11T11:33:41.113442+0800 ERROR finish command G250 S21
2025-04-11T11:33:41.113442+0800 ERROR SENT: G250 S800
2025-04-11T11:33:41.113442+0800 ERROR write command G250 S800
2025-04-11T11:33:41.113442+0800 ERROR second command G250 S800
2025-04-11T11:33:41.114443+0800 ERROR finish command G250 S800
2025-04-11T11:33:41.114443+0800 ERROR SENT: M154 S1
2025-04-11T11:33:41.114443+0800 ERROR write command M154 S1
2025-04-11T11:33:41.114443+0800 ERROR second command M154 S1
2025-04-11T11:33:41.114443+0800 ERROR finish command M154 S1
2025-04-11T11:33:45.087729+0800 ERROR SENT: M105
2025-04-11T11:33:45.087729+0800 ERROR write command M105
2025-04-11T11:33:45.087729+0800 ERROR second command M105
2025-04-11T11:33:45.087729+0800 ERROR finish command M105
2025-04-11T11:33:45.088728+0800 ERROR SENT: G250 S21
2025-04-11T11:33:45.088728+0800 ERROR write command G250 S21
2025-04-11T11:33:45.088728+0800 ERROR second command G250 S21
2025-04-11T11:33:45.088728+0800 ERROR finish command G250 S21
2025-04-11T11:33:45.088728+0800 ERROR SENT: G250 S800
2025-04-11T11:33:45.088728+0800 ERROR write command G250 S800
2025-04-11T11:33:45.088728+0800 ERROR second command G250 S800
2025-04-11T11:33:45.089728+0800 ERROR finish command G250 S800
2025-04-11T11:33:45.090728+0800 ERROR SENT: M154 S1
2025-04-11T11:33:45.090728+0800 ERROR write command M154 S1
2025-04-11T11:33:45.091729+0800 ERROR second command M154 S1
2025-04-11T11:33:45.091729+0800 ERROR finish command M154 S1
2025-04-11T11:33:49.056734+0800 ERROR SENT: M105
2025-04-11T11:33:49.056734+0800 ERROR write command M105
2025-04-11T11:33:49.057734+0800 ERROR second command M105
2025-04-11T11:33:49.057734+0800 ERROR finish command M105
2025-04-11T11:33:49.057734+0800 ERROR SENT: G250 S21
2025-04-11T11:33:49.057734+0800 ERROR write command G250 S21
2025-04-11T11:33:49.058735+0800 ERROR second command G250 S21
2025-04-11T11:33:49.058735+0800 ERROR finish command G250 S21
2025-04-11T11:33:49.058735+0800 ERROR SENT: G250 S800
2025-04-11T11:33:49.059734+0800 ERROR write command G250 S800
2025-04-11T11:33:49.059734+0800 ERROR second command G250 S800
2025-04-11T11:33:49.059734+0800 ERROR finish command G250 S800
2025-04-11T11:33:49.059734+0800 ERROR SENT: M154 S1
2025-04-11T11:33:49.059734+0800 ERROR write command M154 S1
2025-04-11T11:33:49.060735+0800 ERROR second command M154 S1
2025-04-11T11:33:49.060735+0800 ERROR finish command M154 S1
2025-04-11T11:33:52.954518+0800 ERROR SENT: M105
2025-04-11T11:33:52.954518+0800 ERROR write command M105
2025-04-11T11:33:52.954518+0800 ERROR second command M105
2025-04-11T11:33:52.955509+0800 ERROR finish command M105
2025-04-11T11:33:52.955509+0800 ERROR SENT: G250 S21
2025-04-11T11:33:52.955509+0800 ERROR write command G250 S21
2025-04-11T11:33:52.955509+0800 ERROR second command G250 S21
2025-04-11T11:33:52.955509+0800 ERROR finish command G250 S21
2025-04-11T11:33:52.955509+0800 ERROR SENT: G250 S800
2025-04-11T11:33:52.955509+0800 ERROR write command G250 S800
2025-04-11T11:33:52.955509+0800 ERROR second command G250 S800
2025-04-11T11:33:52.956508+0800 ERROR finish command G250 S800
2025-04-11T11:33:52.956508+0800 ERROR SENT: M154 S1
2025-04-11T11:33:52.956508+0800 ERROR write command M154 S1
2025-04-11T11:33:52.956508+0800 ERROR second command M154 S1
2025-04-11T11:33:52.956508+0800 ERROR finish command M154 S1
2025-04-11T11:33:56.881269+0800 ERROR SENT: M105
2025-04-11T11:33:56.881269+0800 ERROR write command M105
2025-04-11T11:33:56.882270+0800 ERROR second command M105
2025-04-11T11:33:56.882270+0800 ERROR finish command M105
2025-04-11T11:33:56.882270+0800 ERROR SENT: G250 S21
2025-04-11T11:33:56.882270+0800 ERROR write command G250 S21
2025-04-11T11:33:56.883270+0800 ERROR second command G250 S21
2025-04-11T11:33:56.883270+0800 ERROR finish command G250 S21
2025-04-11T11:33:56.883270+0800 ERROR SENT: G250 S800
2025-04-11T11:33:56.883270+0800 ERROR write command G250 S800
2025-04-11T11:33:56.884270+0800 ERROR second command G250 S800
2025-04-11T11:33:56.884270+0800 ERROR finish command G250 S800
2025-04-11T11:33:56.884270+0800 ERROR SENT: M154 S1
2025-04-11T11:33:56.884270+0800 ERROR write command M154 S1
2025-04-11T11:33:56.884270+0800 ERROR second command M154 S1
2025-04-11T11:33:56.885270+0800 ERROR finish command M154 S1
2025-04-11T11:34:00.944723+0800 ERROR SENT: M105
2025-04-11T11:34:00.944723+0800 ERROR write command M105
2025-04-11T11:34:00.945653+0800 ERROR second command M105
2025-04-11T11:34:00.945653+0800 ERROR finish command M105
2025-04-11T11:34:00.945653+0800 ERROR SENT: G250 S21
2025-04-11T11:34:00.945653+0800 ERROR write command G250 S21
2025-04-11T11:34:00.945653+0800 ERROR second command G250 S21
2025-04-11T11:34:00.945653+0800 ERROR finish command G250 S21
2025-04-11T11:34:00.945653+0800 ERROR SENT: G250 S800
2025-04-11T11:34:00.945653+0800 ERROR write command G250 S800
2025-04-11T11:34:00.945653+0800 ERROR second command G250 S800
2025-04-11T11:34:00.946725+0800 ERROR finish command G250 S800
2025-04-11T11:34:00.946725+0800 ERROR SENT: M154 S1
2025-04-11T11:34:00.946725+0800 ERROR write command M154 S1
2025-04-11T11:34:00.946725+0800 ERROR second command M154 S1
2025-04-11T11:34:00.947652+0800 ERROR finish command M154 S1
2025-04-11T11:34:04.978892+0800 ERROR SENT: M105
2025-04-11T11:34:04.979891+0800 ERROR write command M105
2025-04-11T11:34:04.980892+0800 ERROR second command M105
2025-04-11T11:34:04.980892+0800 ERROR finish command M105
2025-04-11T11:34:04.980892+0800 ERROR SENT: G250 S21
2025-04-11T11:34:04.981891+0800 ERROR write command G250 S21
2025-04-11T11:34:04.981891+0800 ERROR second command G250 S21
2025-04-11T11:34:04.981891+0800 ERROR finish command G250 S21
2025-04-11T11:34:04.982892+0800 ERROR SENT: G250 S800
2025-04-11T11:34:04.982892+0800 ERROR write command G250 S800
2025-04-11T11:34:04.983892+0800 ERROR second command G250 S800
2025-04-11T11:34:04.984893+0800 ERROR finish command G250 S800
2025-04-11T11:34:04.984893+0800 ERROR SENT: M154 S1
2025-04-11T11:34:04.984893+0800 ERROR write command M154 S1
2025-04-11T11:34:04.984893+0800 ERROR second command M154 S1
2025-04-11T11:34:04.984893+0800 ERROR finish command M154 S1
2025-04-11T11:34:08.870476+0800 ERROR SENT: M105
2025-04-11T11:34:08.870476+0800 ERROR write command M105
2025-04-11T11:34:08.870476+0800 ERROR second command M105
2025-04-11T11:34:08.871476+0800 ERROR finish command M105
2025-04-11T11:34:08.871476+0800 ERROR SENT: G250 S21
2025-04-11T11:34:08.871476+0800 ERROR write command G250 S21
2025-04-11T11:34:08.871476+0800 ERROR second command G250 S21
2025-04-11T11:34:08.872476+0800 ERROR finish command G250 S21
2025-04-11T11:34:08.872476+0800 ERROR SENT: G250 S800
2025-04-11T11:34:08.872476+0800 ERROR write command G250 S800
2025-04-11T11:34:08.872476+0800 ERROR second command G250 S800
2025-04-11T11:34:08.873476+0800 ERROR finish command G250 S800
2025-04-11T11:34:08.873476+0800 ERROR SENT: M154 S1
2025-04-11T11:34:08.873476+0800 ERROR write command M154 S1
2025-04-11T11:34:08.873476+0800 ERROR second command M154 S1
2025-04-11T11:34:08.873476+0800 ERROR finish command M154 S1
