2025-04-11T10:46:22.288102+0800 INFO 设备已成功连接
2025-04-11T10:46:22.289102+0800 ERROR SENT: M105
2025-04-11T10:46:22.289102+0800 ERROR write command M105
2025-04-11T10:46:22.290102+0800 ERROR second command M105
2025-04-11T10:46:22.290102+0800 ERROR finish command M105
2025-04-11T10:46:22.290102+0800 ERROR SENT: G250 S21
2025-04-11T10:46:22.290102+0800 ERROR write command G250 S21
2025-04-11T10:46:22.291102+0800 ERROR second command G250 S21
2025-04-11T10:46:22.291102+0800 ERROR finish command G250 S21
2025-04-11T10:46:22.291102+0800 ERROR SENT: G250 S800
2025-04-11T10:46:22.291102+0800 ERROR write command G250 S800
2025-04-11T10:46:22.292102+0800 ERROR second command G250 S800
2025-04-11T10:46:22.292102+0800 ERROR finish command G250 S800
2025-04-11T10:46:22.292102+0800 ERROR SENT: M154 S1
2025-04-11T10:46:22.292102+0800 ERROR write command M154 S1
2025-04-11T10:46:22.293103+0800 ERROR second command M154 S1
2025-04-11T10:46:22.293103+0800 ERROR finish command M154 S1
2025-04-11T10:46:26.171732+0800 ERROR SENT: M105
2025-04-11T10:46:26.171732+0800 ERROR write command M105
2025-04-11T10:46:26.171732+0800 ERROR second command M105
2025-04-11T10:46:26.171732+0800 ERROR finish command M105
2025-04-11T10:46:26.172732+0800 ERROR SENT: G250 S21
2025-04-11T10:46:26.172732+0800 ERROR write command G250 S21
2025-04-11T10:46:26.172732+0800 ERROR second command G250 S21
2025-04-11T10:46:26.172732+0800 ERROR finish command G250 S21
2025-04-11T10:46:26.172732+0800 ERROR SENT: G250 S800
2025-04-11T10:46:26.172732+0800 ERROR write command G250 S800
2025-04-11T10:46:26.173731+0800 ERROR second command G250 S800
2025-04-11T10:46:26.173731+0800 ERROR finish command G250 S800
2025-04-11T10:46:26.173731+0800 ERROR SENT: M154 S1
2025-04-11T10:46:26.173731+0800 ERROR write command M154 S1
2025-04-11T10:46:26.173731+0800 ERROR second command M154 S1
2025-04-11T10:46:26.173731+0800 ERROR finish command M154 S1
2025-04-11T10:46:30.561752+0800 ERROR SENT: M105
2025-04-11T10:46:30.561752+0800 ERROR write command M105
2025-04-11T10:46:30.561752+0800 ERROR second command M105
2025-04-11T10:46:30.561752+0800 ERROR finish command M105
2025-04-11T10:46:30.561752+0800 ERROR SENT: G250 S21
2025-04-11T10:46:30.562672+0800 ERROR write command G250 S21
2025-04-11T10:46:30.562672+0800 ERROR second command G250 S21
2025-04-11T10:46:30.562672+0800 ERROR finish command G250 S21
2025-04-11T10:46:30.562672+0800 ERROR SENT: G250 S800
2025-04-11T10:46:30.562672+0800 ERROR write command G250 S800
2025-04-11T10:46:30.562672+0800 ERROR second command G250 S800
2025-04-11T10:46:30.562672+0800 ERROR finish command G250 S800
2025-04-11T10:46:30.562672+0800 ERROR SENT: M154 S1
2025-04-11T10:46:30.562672+0800 ERROR write command M154 S1
2025-04-11T10:46:30.563672+0800 ERROR second command M154 S1
2025-04-11T10:46:30.563672+0800 ERROR finish command M154 S1
2025-04-11T10:46:34.434752+0800 ERROR SENT: M105
2025-04-11T10:46:34.434752+0800 ERROR write command M105
2025-04-11T10:46:34.434752+0800 ERROR second command M105
2025-04-11T10:46:34.435742+0800 ERROR finish command M105
2025-04-11T10:46:34.435742+0800 ERROR SENT: G250 S21
2025-04-11T10:46:34.435742+0800 ERROR write command G250 S21
2025-04-11T10:46:34.435742+0800 ERROR second command G250 S21
2025-04-11T10:46:34.435742+0800 ERROR finish command G250 S21
2025-04-11T10:46:34.435742+0800 ERROR SENT: G250 S800
2025-04-11T10:46:34.435742+0800 ERROR write command G250 S800
2025-04-11T10:46:34.436754+0800 ERROR second command G250 S800
2025-04-11T10:46:34.436754+0800 ERROR finish command G250 S800
2025-04-11T10:46:34.436754+0800 ERROR SENT: M154 S1
2025-04-11T10:46:34.436754+0800 ERROR write command M154 S1
2025-04-11T10:46:34.436754+0800 ERROR second command M154 S1
2025-04-11T10:46:34.436754+0800 ERROR finish command M154 S1
2025-04-11T10:46:35.198354+0800 INFO L110 S61
2025-04-11T10:46:35.199356+0800 INFO Not connected to printer.
2025-04-11T10:46:35.199356+0800 INFO L110 S61
2025-04-11T10:46:35.199356+0800 INFO Not connected to printer.
2025-04-11T10:46:35.199356+0800 INFO L110 S61
2025-04-11T10:46:35.199356+0800 INFO Not connected to printer.
2025-04-11T10:46:35.684353+0800 INFO L110 S60
2025-04-11T10:46:35.684353+0800 INFO Not connected to printer.
2025-04-11T10:46:35.684353+0800 INFO L110 S60
2025-04-11T10:46:35.684353+0800 INFO Not connected to printer.
2025-04-11T10:46:35.684353+0800 INFO L110 S60
2025-04-11T10:46:35.684353+0800 INFO Not connected to printer.
2025-04-11T10:46:38.318046+0800 ERROR SENT: M105
2025-04-11T10:46:38.318046+0800 ERROR write command M105
2025-04-11T10:46:38.319048+0800 ERROR second command M105
2025-04-11T10:46:38.319048+0800 ERROR finish command M105
2025-04-11T10:46:38.319048+0800 ERROR SENT: G250 S21
2025-04-11T10:46:38.319048+0800 ERROR write command G250 S21
2025-04-11T10:46:38.320046+0800 ERROR second command G250 S21
2025-04-11T10:46:38.320046+0800 ERROR finish command G250 S21
2025-04-11T10:46:38.320046+0800 ERROR SENT: G250 S800
2025-04-11T10:46:38.320046+0800 ERROR write command G250 S800
2025-04-11T10:46:38.321046+0800 ERROR second command G250 S800
2025-04-11T10:46:38.321046+0800 ERROR finish command G250 S800
2025-04-11T10:46:38.321046+0800 ERROR SENT: M154 S1
2025-04-11T10:46:38.321046+0800 ERROR write command M154 S1
2025-04-11T10:46:38.321046+0800 ERROR second command M154 S1
2025-04-11T10:46:38.322046+0800 ERROR finish command M154 S1
2025-04-11T10:46:42.937062+0800 ERROR SENT: M105
2025-04-11T10:46:42.937062+0800 ERROR write command M105
2025-04-11T10:46:42.938064+0800 ERROR second command M105
2025-04-11T10:46:42.938064+0800 ERROR finish command M105
2025-04-11T10:46:42.938064+0800 ERROR SENT: G250 S21
2025-04-11T10:46:42.939062+0800 ERROR write command G250 S21
2025-04-11T10:46:42.939062+0800 ERROR second command G250 S21
2025-04-11T10:46:42.939062+0800 ERROR finish command G250 S21
2025-04-11T10:46:42.940063+0800 ERROR SENT: G250 S800
2025-04-11T10:46:42.940063+0800 ERROR write command G250 S800
2025-04-11T10:46:42.940063+0800 ERROR second command G250 S800
2025-04-11T10:46:42.940063+0800 ERROR finish command G250 S800
2025-04-11T10:46:42.941063+0800 ERROR SENT: M154 S1
2025-04-11T10:46:42.941063+0800 ERROR write command M154 S1
2025-04-11T10:46:42.941063+0800 ERROR second command M154 S1
2025-04-11T10:46:42.941063+0800 ERROR finish command M154 S1
2025-04-11T10:46:46.844407+0800 ERROR SENT: M105
2025-04-11T10:46:46.844407+0800 ERROR write command M105
2025-04-11T10:46:46.844407+0800 ERROR second command M105
2025-04-11T10:46:46.845407+0800 ERROR finish command M105
2025-04-11T10:46:46.845407+0800 ERROR SENT: G250 S21
2025-04-11T10:46:46.845407+0800 ERROR write command G250 S21
2025-04-11T10:46:46.845407+0800 ERROR second command G250 S21
2025-04-11T10:46:46.846407+0800 ERROR finish command G250 S21
2025-04-11T10:46:46.846407+0800 ERROR SENT: G250 S800
2025-04-11T10:46:46.846407+0800 ERROR write command G250 S800
2025-04-11T10:46:46.846407+0800 ERROR second command G250 S800
2025-04-11T10:46:46.846407+0800 ERROR finish command G250 S800
2025-04-11T10:46:46.847407+0800 ERROR SENT: M154 S1
2025-04-11T10:46:46.847407+0800 ERROR write command M154 S1
2025-04-11T10:46:46.847407+0800 ERROR second command M154 S1
2025-04-11T10:46:46.847407+0800 ERROR finish command M154 S1
2025-04-11T10:46:50.755420+0800 ERROR SENT: M105
2025-04-11T10:46:50.756413+0800 ERROR write command M105
2025-04-11T10:46:50.757413+0800 ERROR second command M105
2025-04-11T10:46:50.757413+0800 ERROR finish command M105
2025-04-11T10:46:50.758412+0800 ERROR SENT: G250 S21
2025-04-11T10:46:50.758412+0800 ERROR write command G250 S21
2025-04-11T10:46:50.758412+0800 ERROR second command G250 S21
2025-04-11T10:46:50.758412+0800 ERROR finish command G250 S21
2025-04-11T10:46:50.758412+0800 ERROR SENT: G250 S800
2025-04-11T10:46:50.758412+0800 ERROR write command G250 S800
2025-04-11T10:46:50.759410+0800 ERROR second command G250 S800
2025-04-11T10:46:50.759410+0800 ERROR finish command G250 S800
2025-04-11T10:46:50.759410+0800 ERROR SENT: M154 S1
2025-04-11T10:46:50.759410+0800 ERROR write command M154 S1
2025-04-11T10:46:50.759410+0800 ERROR second command M154 S1
2025-04-11T10:46:50.760412+0800 ERROR finish command M154 S1
2025-04-11T10:46:54.663266+0800 ERROR SENT: M105
2025-04-11T10:46:54.663266+0800 ERROR write command M105
2025-04-11T10:46:54.664260+0800 ERROR second command M105
2025-04-11T10:46:54.664260+0800 ERROR finish command M105
2025-04-11T10:46:54.664260+0800 ERROR SENT: G250 S21
2025-04-11T10:46:54.664260+0800 ERROR write command G250 S21
2025-04-11T10:46:54.664260+0800 ERROR second command G250 S21
2025-04-11T10:46:54.664260+0800 ERROR finish command G250 S21
2025-04-11T10:46:54.664260+0800 ERROR SENT: G250 S800
2025-04-11T10:46:54.664260+0800 ERROR write command G250 S800
2025-04-11T10:46:54.665255+0800 ERROR second command G250 S800
2025-04-11T10:46:54.665255+0800 ERROR finish command G250 S800
2025-04-11T10:46:54.665255+0800 ERROR SENT: M154 S1
2025-04-11T10:46:54.665255+0800 ERROR write command M154 S1
2025-04-11T10:46:54.665255+0800 ERROR second command M154 S1
2025-04-11T10:46:54.665255+0800 ERROR finish command M154 S1
2025-04-11T10:46:58.562878+0800 ERROR SENT: M105
2025-04-11T10:46:58.562878+0800 ERROR write command M105
2025-04-11T10:46:58.563811+0800 ERROR second command M105
2025-04-11T10:46:58.563811+0800 ERROR finish command M105
2025-04-11T10:46:58.563811+0800 ERROR SENT: G250 S21
2025-04-11T10:46:58.563811+0800 ERROR write command G250 S21
2025-04-11T10:46:58.563811+0800 ERROR second command G250 S21
2025-04-11T10:46:58.563811+0800 ERROR finish command G250 S21
2025-04-11T10:46:58.564810+0800 ERROR SENT: G250 S800
2025-04-11T10:46:58.564810+0800 ERROR write command G250 S800
2025-04-11T10:46:58.564810+0800 ERROR second command G250 S800
2025-04-11T10:46:58.564810+0800 ERROR finish command G250 S800
2025-04-11T10:46:58.564810+0800 ERROR SENT: M154 S1
2025-04-11T10:46:58.564810+0800 ERROR write command M154 S1
2025-04-11T10:46:58.565812+0800 ERROR second command M154 S1
2025-04-11T10:46:58.565812+0800 ERROR finish command M154 S1
2025-04-11T10:47:02.437497+0800 ERROR SENT: M105
2025-04-11T10:47:02.437497+0800 ERROR write command M105
2025-04-11T10:47:02.437497+0800 ERROR second command M105
2025-04-11T10:47:02.437497+0800 ERROR finish command M105
2025-04-11T10:47:02.437497+0800 ERROR SENT: G250 S21
2025-04-11T10:47:02.437497+0800 ERROR write command G250 S21
2025-04-11T10:47:02.438497+0800 ERROR second command G250 S21
2025-04-11T10:47:02.438497+0800 ERROR finish command G250 S21
2025-04-11T10:47:02.438497+0800 ERROR SENT: G250 S800
2025-04-11T10:47:02.438497+0800 ERROR write command G250 S800
2025-04-11T10:47:02.438497+0800 ERROR second command G250 S800
2025-04-11T10:47:02.438497+0800 ERROR finish command G250 S800
2025-04-11T10:47:02.439495+0800 ERROR SENT: M154 S1
2025-04-11T10:47:02.439495+0800 ERROR write command M154 S1
2025-04-11T10:47:02.439495+0800 ERROR second command M154 S1
2025-04-11T10:47:02.439495+0800 ERROR finish command M154 S1
2025-04-11T10:47:06.314676+0800 ERROR SENT: M105
2025-04-11T10:47:06.314676+0800 ERROR write command M105
2025-04-11T10:47:06.314676+0800 ERROR second command M105
2025-04-11T10:47:06.314676+0800 ERROR finish command M105
2025-04-11T10:47:06.315595+0800 ERROR SENT: G250 S21
2025-04-11T10:47:06.315595+0800 ERROR write command G250 S21
2025-04-11T10:47:06.315595+0800 ERROR second command G250 S21
2025-04-11T10:47:06.315595+0800 ERROR finish command G250 S21
2025-04-11T10:47:06.315595+0800 ERROR SENT: G250 S800
2025-04-11T10:47:06.315595+0800 ERROR write command G250 S800
2025-04-11T10:47:06.315595+0800 ERROR second command G250 S800
2025-04-11T10:47:06.315595+0800 ERROR finish command G250 S800
2025-04-11T10:47:06.315595+0800 ERROR SENT: M154 S1
2025-04-11T10:47:06.316594+0800 ERROR write command M154 S1
2025-04-11T10:47:06.316594+0800 ERROR second command M154 S1
2025-04-11T10:47:06.316594+0800 ERROR finish command M154 S1
2025-04-11T10:47:10.251568+0800 ERROR SENT: M105
2025-04-11T10:47:10.252572+0800 ERROR write command M105
2025-04-11T10:47:10.253578+0800 ERROR second command M105
2025-04-11T10:47:10.253578+0800 ERROR finish command M105
2025-04-11T10:47:10.254570+0800 ERROR SENT: G250 S21
2025-04-11T10:47:10.254570+0800 ERROR write command G250 S21
2025-04-11T10:47:10.254570+0800 ERROR second command G250 S21
2025-04-11T10:47:10.255572+0800 ERROR finish command G250 S21
2025-04-11T10:47:10.255572+0800 ERROR SENT: G250 S800
2025-04-11T10:47:10.255572+0800 ERROR write command G250 S800
2025-04-11T10:47:10.255572+0800 ERROR second command G250 S800
2025-04-11T10:47:10.256569+0800 ERROR finish command G250 S800
2025-04-11T10:47:10.256569+0800 ERROR SENT: M154 S1
2025-04-11T10:47:10.256569+0800 ERROR write command M154 S1
2025-04-11T10:47:10.256569+0800 ERROR second command M154 S1
2025-04-11T10:47:10.257569+0800 ERROR finish command M154 S1
2025-04-11T10:47:14.255296+0800 ERROR SENT: M105
2025-04-11T10:47:14.255296+0800 ERROR write command M105
2025-04-11T10:47:14.256298+0800 ERROR second command M105
2025-04-11T10:47:14.256298+0800 ERROR finish command M105
2025-04-11T10:47:14.256298+0800 ERROR SENT: G250 S21
2025-04-11T10:47:14.256298+0800 ERROR write command G250 S21
2025-04-11T10:47:14.257297+0800 ERROR second command G250 S21
2025-04-11T10:47:14.257297+0800 ERROR finish command G250 S21
2025-04-11T10:47:14.257297+0800 ERROR SENT: G250 S800
2025-04-11T10:47:14.257297+0800 ERROR write command G250 S800
2025-04-11T10:47:14.257297+0800 ERROR second command G250 S800
2025-04-11T10:47:14.258297+0800 ERROR finish command G250 S800
2025-04-11T10:47:14.258297+0800 ERROR SENT: M154 S1
2025-04-11T10:47:14.258297+0800 ERROR write command M154 S1
2025-04-11T10:47:14.258297+0800 ERROR second command M154 S1
2025-04-11T10:47:14.259298+0800 ERROR finish command M154 S1
2025-04-11T10:47:18.139215+0800 ERROR SENT: M105
2025-04-11T10:47:18.139215+0800 ERROR write command M105
2025-04-11T10:47:18.140131+0800 ERROR second command M105
2025-04-11T10:47:18.140131+0800 ERROR finish command M105
2025-04-11T10:47:18.140131+0800 ERROR SENT: G250 S21
2025-04-11T10:47:18.140131+0800 ERROR write command G250 S21
2025-04-11T10:47:18.140131+0800 ERROR second command G250 S21
2025-04-11T10:47:18.140131+0800 ERROR finish command G250 S21
2025-04-11T10:47:18.140131+0800 ERROR SENT: G250 S800
2025-04-11T10:47:18.141131+0800 ERROR write command G250 S800
2025-04-11T10:47:18.141131+0800 ERROR second command G250 S800
2025-04-11T10:47:18.141131+0800 ERROR finish command G250 S800
2025-04-11T10:47:18.141131+0800 ERROR SENT: M154 S1
2025-04-11T10:47:18.141131+0800 ERROR write command M154 S1
2025-04-11T10:47:18.141131+0800 ERROR second command M154 S1
2025-04-11T10:47:18.141131+0800 ERROR finish command M154 S1
2025-04-11T10:47:22.018011+0800 ERROR SENT: M105
2025-04-11T10:47:22.018011+0800 ERROR write command M105
2025-04-11T10:47:22.018011+0800 ERROR second command M105
2025-04-11T10:47:22.018943+0800 ERROR finish command M105
2025-04-11T10:47:22.018943+0800 ERROR SENT: G250 S21
2025-04-11T10:47:22.018943+0800 ERROR write command G250 S21
2025-04-11T10:47:22.018943+0800 ERROR second command G250 S21
2025-04-11T10:47:22.018943+0800 ERROR finish command G250 S21
2025-04-11T10:47:22.018943+0800 ERROR SENT: G250 S800
2025-04-11T10:47:22.018943+0800 ERROR write command G250 S800
2025-04-11T10:47:22.018943+0800 ERROR second command G250 S800
2025-04-11T10:47:22.018943+0800 ERROR finish command G250 S800
2025-04-11T10:47:22.018943+0800 ERROR SENT: M154 S1
2025-04-11T10:47:22.019943+0800 ERROR write command M154 S1
2025-04-11T10:47:22.019943+0800 ERROR second command M154 S1
2025-04-11T10:47:22.019943+0800 ERROR finish command M154 S1
2025-04-11T10:47:25.981408+0800 ERROR SENT: M105
2025-04-11T10:47:25.983405+0800 ERROR write command M105
2025-04-11T10:47:25.984410+0800 ERROR second command M105
2025-04-11T10:47:25.984410+0800 ERROR finish command M105
2025-04-11T10:47:25.985413+0800 ERROR SENT: G250 S21
2025-04-11T10:47:25.985413+0800 ERROR write command G250 S21
2025-04-11T10:47:25.985413+0800 ERROR second command G250 S21
2025-04-11T10:47:25.986406+0800 ERROR finish command G250 S21
2025-04-11T10:47:25.986406+0800 ERROR SENT: G250 S800
2025-04-11T10:47:25.986406+0800 ERROR write command G250 S800
2025-04-11T10:47:25.986406+0800 ERROR second command G250 S800
2025-04-11T10:47:25.987406+0800 ERROR finish command G250 S800
2025-04-11T10:47:25.987406+0800 ERROR SENT: M154 S1
2025-04-11T10:47:25.989406+0800 ERROR write command M154 S1
2025-04-11T10:47:25.989406+0800 ERROR second command M154 S1
2025-04-11T10:47:25.990406+0800 ERROR finish command M154 S1
2025-04-11T10:47:29.888466+0800 ERROR SENT: M105
2025-04-11T10:47:29.889468+0800 ERROR write command M105
2025-04-11T10:47:29.889468+0800 ERROR second command M105
2025-04-11T10:47:29.889468+0800 ERROR finish command M105
2025-04-11T10:47:29.889468+0800 ERROR SENT: G250 S21
2025-04-11T10:47:29.890468+0800 ERROR write command G250 S21
2025-04-11T10:47:29.890468+0800 ERROR second command G250 S21
2025-04-11T10:47:29.890468+0800 ERROR finish command G250 S21
2025-04-11T10:47:29.890468+0800 ERROR SENT: G250 S800
2025-04-11T10:47:29.890468+0800 ERROR write command G250 S800
2025-04-11T10:47:29.891468+0800 ERROR second command G250 S800
2025-04-11T10:47:29.891468+0800 ERROR finish command G250 S800
2025-04-11T10:47:29.891468+0800 ERROR SENT: M154 S1
2025-04-11T10:47:29.891468+0800 ERROR write command M154 S1
2025-04-11T10:47:29.891468+0800 ERROR second command M154 S1
2025-04-11T10:47:29.891468+0800 ERROR finish command M154 S1
2025-04-11T10:47:33.807301+0800 ERROR SENT: M105
2025-04-11T10:47:33.807301+0800 ERROR write command M105
2025-04-11T10:47:33.807301+0800 ERROR second command M105
2025-04-11T10:47:33.808235+0800 ERROR finish command M105
2025-04-11T10:47:33.808235+0800 ERROR SENT: G250 S21
2025-04-11T10:47:33.808235+0800 ERROR write command G250 S21
2025-04-11T10:47:33.808235+0800 ERROR second command G250 S21
2025-04-11T10:47:33.808235+0800 ERROR finish command G250 S21
2025-04-11T10:47:33.808235+0800 ERROR SENT: G250 S800
2025-04-11T10:47:33.808235+0800 ERROR write command G250 S800
2025-04-11T10:47:33.809232+0800 ERROR second command G250 S800
2025-04-11T10:47:33.809232+0800 ERROR finish command G250 S800
2025-04-11T10:47:33.809232+0800 ERROR SENT: M154 S1
2025-04-11T10:47:33.809232+0800 ERROR write command M154 S1
2025-04-11T10:47:33.809232+0800 ERROR second command M154 S1
2025-04-11T10:47:33.809232+0800 ERROR finish command M154 S1
2025-04-11T10:47:37.731411+0800 ERROR SENT: M105
2025-04-11T10:47:37.733412+0800 ERROR write command M105
2025-04-11T10:47:37.733412+0800 ERROR second command M105
2025-04-11T10:47:37.734408+0800 ERROR finish command M105
2025-04-11T10:47:37.734408+0800 ERROR SENT: G250 S21
2025-04-11T10:47:37.734408+0800 ERROR write command G250 S21
2025-04-11T10:47:37.734408+0800 ERROR second command G250 S21
2025-04-11T10:47:37.734408+0800 ERROR finish command G250 S21
2025-04-11T10:47:37.735406+0800 ERROR SENT: G250 S800
2025-04-11T10:47:37.735406+0800 ERROR write command G250 S800
2025-04-11T10:47:37.735406+0800 ERROR second command G250 S800
2025-04-11T10:47:37.735406+0800 ERROR finish command G250 S800
2025-04-11T10:47:37.735406+0800 ERROR SENT: M154 S1
2025-04-11T10:47:37.736407+0800 ERROR write command M154 S1
2025-04-11T10:47:37.736407+0800 ERROR second command M154 S1
2025-04-11T10:47:37.736407+0800 ERROR finish command M154 S1
2025-04-11T10:47:41.637691+0800 ERROR SENT: M105
2025-04-11T10:47:41.637691+0800 ERROR write command M105
2025-04-11T10:47:41.637691+0800 ERROR second command M105
2025-04-11T10:47:41.638619+0800 ERROR finish command M105
2025-04-11T10:47:41.638619+0800 ERROR SENT: G250 S21
2025-04-11T10:47:41.638619+0800 ERROR write command G250 S21
2025-04-11T10:47:41.638619+0800 ERROR second command G250 S21
2025-04-11T10:47:41.638619+0800 ERROR finish command G250 S21
2025-04-11T10:47:41.638619+0800 ERROR SENT: G250 S800
2025-04-11T10:47:41.638619+0800 ERROR write command G250 S800
2025-04-11T10:47:41.638619+0800 ERROR second command G250 S800
2025-04-11T10:47:41.639619+0800 ERROR finish command G250 S800
2025-04-11T10:47:41.639619+0800 ERROR SENT: M154 S1
2025-04-11T10:47:41.639619+0800 ERROR write command M154 S1
2025-04-11T10:47:41.639619+0800 ERROR second command M154 S1
2025-04-11T10:47:41.639619+0800 ERROR finish command M154 S1
2025-04-11T10:47:45.517295+0800 ERROR SENT: M105
2025-04-11T10:47:45.518296+0800 ERROR write command M105
2025-04-11T10:47:45.518296+0800 ERROR second command M105
2025-04-11T10:47:45.518296+0800 ERROR finish command M105
2025-04-11T10:47:45.518296+0800 ERROR SENT: G250 S21
2025-04-11T10:47:45.518296+0800 ERROR write command G250 S21
2025-04-11T10:47:45.519295+0800 ERROR second command G250 S21
2025-04-11T10:47:45.519295+0800 ERROR finish command G250 S21
2025-04-11T10:47:45.519295+0800 ERROR SENT: G250 S800
2025-04-11T10:47:45.519295+0800 ERROR write command G250 S800
2025-04-11T10:47:45.519295+0800 ERROR second command G250 S800
2025-04-11T10:47:45.519295+0800 ERROR finish command G250 S800
2025-04-11T10:47:45.519295+0800 ERROR SENT: M154 S1
2025-04-11T10:47:45.519295+0800 ERROR write command M154 S1
2025-04-11T10:47:45.520315+0800 ERROR second command M154 S1
2025-04-11T10:47:45.520315+0800 ERROR finish command M154 S1
2025-04-11T10:47:49.477169+0800 ERROR SENT: M105
2025-04-11T10:47:49.477169+0800 ERROR write command M105
2025-04-11T10:47:49.477169+0800 ERROR second command M105
2025-04-11T10:47:49.478173+0800 ERROR finish command M105
2025-04-11T10:47:49.478173+0800 ERROR SENT: G250 S21
2025-04-11T10:47:49.478173+0800 ERROR write command G250 S21
2025-04-11T10:47:49.478173+0800 ERROR second command G250 S21
2025-04-11T10:47:49.478173+0800 ERROR finish command G250 S21
2025-04-11T10:47:49.479170+0800 ERROR SENT: G250 S800
2025-04-11T10:47:49.479170+0800 ERROR write command G250 S800
2025-04-11T10:47:49.479170+0800 ERROR second command G250 S800
2025-04-11T10:47:49.479170+0800 ERROR finish command G250 S800
2025-04-11T10:47:49.479170+0800 ERROR SENT: M154 S1
2025-04-11T10:47:49.480174+0800 ERROR write command M154 S1
2025-04-11T10:47:49.481173+0800 ERROR second command M154 S1
2025-04-11T10:47:49.481173+0800 ERROR finish command M154 S1
2025-04-11T10:47:53.374870+0800 ERROR SENT: M105
2025-04-11T10:47:53.375376+0800 ERROR write command M105
2025-04-11T10:47:53.375376+0800 ERROR second command M105
2025-04-11T10:47:53.375376+0800 ERROR finish command M105
2025-04-11T10:47:53.375376+0800 ERROR SENT: G250 S21
2025-04-11T10:47:53.375376+0800 ERROR write command G250 S21
2025-04-11T10:47:53.375376+0800 ERROR second command G250 S21
2025-04-11T10:47:53.375376+0800 ERROR finish command G250 S21
2025-04-11T10:47:53.376379+0800 ERROR SENT: G250 S800
2025-04-11T10:47:53.376379+0800 ERROR write command G250 S800
2025-04-11T10:47:53.376379+0800 ERROR second command G250 S800
2025-04-11T10:47:53.376379+0800 ERROR finish command G250 S800
2025-04-11T10:47:53.376379+0800 ERROR SENT: M154 S1
2025-04-11T10:47:53.376379+0800 ERROR write command M154 S1
2025-04-11T10:47:53.377380+0800 ERROR second command M154 S1
2025-04-11T10:47:53.377380+0800 ERROR finish command M154 S1
2025-04-11T10:47:57.339033+0800 ERROR SENT: M105
2025-04-11T10:47:57.339033+0800 ERROR write command M105
2025-04-11T10:47:57.340033+0800 ERROR second command M105
2025-04-11T10:47:57.340033+0800 ERROR finish command M105
2025-04-11T10:47:57.340033+0800 ERROR SENT: G250 S21
2025-04-11T10:47:57.340033+0800 ERROR write command G250 S21
2025-04-11T10:47:57.340033+0800 ERROR second command G250 S21
2025-04-11T10:47:57.341033+0800 ERROR finish command G250 S21
2025-04-11T10:47:57.341033+0800 ERROR SENT: G250 S800
2025-04-11T10:47:57.341033+0800 ERROR write command G250 S800
2025-04-11T10:47:57.341033+0800 ERROR second command G250 S800
2025-04-11T10:47:57.341033+0800 ERROR finish command G250 S800
2025-04-11T10:47:57.366034+0800 ERROR SENT: M154 S1
2025-04-11T10:47:57.366034+0800 ERROR write command M154 S1
2025-04-11T10:47:57.367034+0800 ERROR second command M154 S1
2025-04-11T10:47:57.367034+0800 ERROR finish command M154 S1
2025-04-11T10:48:01.295929+0800 ERROR SENT: M105
2025-04-11T10:48:01.295929+0800 ERROR write command M105
2025-04-11T10:48:01.295929+0800 ERROR second command M105
2025-04-11T10:48:01.296929+0800 ERROR finish command M105
2025-04-11T10:48:01.296929+0800 ERROR SENT: G250 S21
2025-04-11T10:48:01.296929+0800 ERROR write command G250 S21
2025-04-11T10:48:01.296929+0800 ERROR second command G250 S21
2025-04-11T10:48:01.296929+0800 ERROR finish command G250 S21
2025-04-11T10:48:01.297930+0800 ERROR SENT: G250 S800
2025-04-11T10:48:01.297930+0800 ERROR write command G250 S800
2025-04-11T10:48:01.297930+0800 ERROR second command G250 S800
2025-04-11T10:48:01.297930+0800 ERROR finish command G250 S800
2025-04-11T10:48:01.297930+0800 ERROR SENT: M154 S1
2025-04-11T10:48:01.297930+0800 ERROR write command M154 S1
2025-04-11T10:48:01.297930+0800 ERROR second command M154 S1
2025-04-11T10:48:01.298930+0800 ERROR finish command M154 S1
