2025-04-11T10:42:43.728111+0800 INFO 设备已成功连接
2025-04-11T10:42:43.729111+0800 ERROR SENT: M105
2025-04-11T10:42:43.729111+0800 ERROR write command M105
2025-04-11T10:42:43.730111+0800 ERROR second command M105
2025-04-11T10:42:43.730111+0800 ERROR finish command M105
2025-04-11T10:42:43.730111+0800 ERROR SENT: G250 S21
2025-04-11T10:42:43.730111+0800 ERROR write command G250 S21
2025-04-11T10:42:43.731111+0800 ERROR second command G250 S21
2025-04-11T10:42:43.731111+0800 ERROR finish command G250 S21
2025-04-11T10:42:43.731111+0800 ERROR SENT: G250 S800
2025-04-11T10:42:43.731111+0800 ERROR write command G250 S800
2025-04-11T10:42:43.732110+0800 ERROR second command G250 S800
2025-04-11T10:42:43.732110+0800 ERROR finish command G250 S800
2025-04-11T10:42:43.732110+0800 ERROR SENT: M154 S1
2025-04-11T10:42:43.732110+0800 ERROR write command M154 S1
2025-04-11T10:42:43.733110+0800 ERROR second command M154 S1
2025-04-11T10:42:43.733110+0800 ERROR finish command M154 S1
2025-04-11T10:42:47.556250+0800 ERROR SENT: M105
2025-04-11T10:42:47.556250+0800 ERROR write command M105
2025-04-11T10:42:47.556250+0800 ERROR second command M105
2025-04-11T10:42:47.556250+0800 ERROR finish command M105
2025-04-11T10:42:47.556250+0800 ERROR SENT: G250 S21
2025-04-11T10:42:47.556250+0800 ERROR write command G250 S21
2025-04-11T10:42:47.557169+0800 ERROR second command G250 S21
2025-04-11T10:42:47.557169+0800 ERROR finish command G250 S21
2025-04-11T10:42:47.557169+0800 ERROR SENT: G250 S800
2025-04-11T10:42:47.557169+0800 ERROR write command G250 S800
2025-04-11T10:42:47.557169+0800 ERROR second command G250 S800
2025-04-11T10:42:47.557169+0800 ERROR finish command G250 S800
2025-04-11T10:42:47.557169+0800 ERROR SENT: M154 S1
2025-04-11T10:42:47.557169+0800 ERROR write command M154 S1
2025-04-11T10:42:47.558170+0800 ERROR second command M154 S1
2025-04-11T10:42:47.558170+0800 ERROR finish command M154 S1
2025-04-11T10:42:51.838411+0800 ERROR SENT: M105
2025-04-11T10:42:51.838411+0800 ERROR write command M105
2025-04-11T10:42:51.838411+0800 ERROR second command M105
2025-04-11T10:42:51.839402+0800 ERROR finish command M105
2025-04-11T10:42:51.839402+0800 ERROR SENT: G250 S21
2025-04-11T10:42:51.839402+0800 ERROR write command G250 S21
2025-04-11T10:42:51.839402+0800 ERROR second command G250 S21
2025-04-11T10:42:51.839402+0800 ERROR finish command G250 S21
2025-04-11T10:42:51.839402+0800 ERROR SENT: G250 S800
2025-04-11T10:42:51.839402+0800 ERROR write command G250 S800
2025-04-11T10:42:51.839402+0800 ERROR second command G250 S800
2025-04-11T10:42:51.839402+0800 ERROR finish command G250 S800
2025-04-11T10:42:51.839402+0800 ERROR SENT: M154 S1
2025-04-11T10:42:51.840401+0800 ERROR write command M154 S1
2025-04-11T10:42:51.840401+0800 ERROR second command M154 S1
2025-04-11T10:42:51.840401+0800 ERROR finish command M154 S1
2025-04-11T10:42:55.707480+0800 ERROR SENT: M105
2025-04-11T10:42:55.707480+0800 ERROR write command M105
2025-04-11T10:42:55.707480+0800 ERROR second command M105
2025-04-11T10:42:55.707986+0800 ERROR finish command M105
2025-04-11T10:42:55.707986+0800 ERROR SENT: G250 S21
2025-04-11T10:42:55.707986+0800 ERROR write command G250 S21
2025-04-11T10:42:55.707986+0800 ERROR second command G250 S21
2025-04-11T10:42:55.707986+0800 ERROR finish command G250 S21
2025-04-11T10:42:55.707986+0800 ERROR SENT: G250 S800
2025-04-11T10:42:55.707986+0800 ERROR write command G250 S800
2025-04-11T10:42:55.707986+0800 ERROR second command G250 S800
2025-04-11T10:42:55.707986+0800 ERROR finish command G250 S800
2025-04-11T10:42:55.708994+0800 ERROR SENT: M154 S1
2025-04-11T10:42:55.708994+0800 ERROR write command M154 S1
2025-04-11T10:42:55.708994+0800 ERROR second command M154 S1
2025-04-11T10:42:55.708994+0800 ERROR finish command M154 S1
2025-04-11T10:42:59.590153+0800 ERROR SENT: M105
2025-04-11T10:42:59.590153+0800 ERROR write command M105
2025-04-11T10:42:59.590153+0800 ERROR second command M105
2025-04-11T10:42:59.590153+0800 ERROR finish command M105
2025-04-11T10:42:59.591153+0800 ERROR SENT: G250 S21
2025-04-11T10:42:59.591153+0800 ERROR write command G250 S21
2025-04-11T10:42:59.591153+0800 ERROR second command G250 S21
2025-04-11T10:42:59.591153+0800 ERROR finish command G250 S21
2025-04-11T10:42:59.591153+0800 ERROR SENT: G250 S800
2025-04-11T10:42:59.592153+0800 ERROR write command G250 S800
2025-04-11T10:42:59.592153+0800 ERROR second command G250 S800
2025-04-11T10:42:59.592153+0800 ERROR finish command G250 S800
2025-04-11T10:42:59.592153+0800 ERROR SENT: M154 S1
2025-04-11T10:42:59.592153+0800 ERROR write command M154 S1
2025-04-11T10:42:59.593152+0800 ERROR second command M154 S1
2025-04-11T10:42:59.593152+0800 ERROR finish command M154 S1
2025-04-11T10:43:03.500669+0800 ERROR SENT: M105
2025-04-11T10:43:03.501675+0800 ERROR write command M105
2025-04-11T10:43:03.502672+0800 ERROR second command M105
2025-04-11T10:43:03.502672+0800 ERROR finish command M105
2025-04-11T10:43:03.502672+0800 ERROR SENT: G250 S21
2025-04-11T10:43:03.502672+0800 ERROR write command G250 S21
2025-04-11T10:43:03.502672+0800 ERROR second command G250 S21
2025-04-11T10:43:03.502672+0800 ERROR finish command G250 S21
2025-04-11T10:43:03.502672+0800 ERROR SENT: G250 S800
2025-04-11T10:43:03.503670+0800 ERROR write command G250 S800
2025-04-11T10:43:03.503670+0800 ERROR second command G250 S800
2025-04-11T10:43:03.503670+0800 ERROR finish command G250 S800
2025-04-11T10:43:03.503670+0800 ERROR SENT: M154 S1
2025-04-11T10:43:03.503670+0800 ERROR write command M154 S1
2025-04-11T10:43:03.503670+0800 ERROR second command M154 S1
2025-04-11T10:43:03.503670+0800 ERROR finish command M154 S1
2025-04-11T10:43:07.355298+0800 ERROR SENT: M105
2025-04-11T10:43:07.355298+0800 ERROR write command M105
2025-04-11T10:43:07.356298+0800 ERROR second command M105
2025-04-11T10:43:07.356298+0800 ERROR finish command M105
2025-04-11T10:43:07.356298+0800 ERROR SENT: G250 S21
2025-04-11T10:43:07.356298+0800 ERROR write command G250 S21
2025-04-11T10:43:07.356298+0800 ERROR second command G250 S21
2025-04-11T10:43:07.357301+0800 ERROR finish command G250 S21
2025-04-11T10:43:07.357301+0800 ERROR SENT: G250 S800
2025-04-11T10:43:07.357301+0800 ERROR write command G250 S800
2025-04-11T10:43:07.357301+0800 ERROR second command G250 S800
2025-04-11T10:43:07.358300+0800 ERROR finish command G250 S800
2025-04-11T10:43:07.358300+0800 ERROR SENT: M154 S1
2025-04-11T10:43:07.358300+0800 ERROR write command M154 S1
2025-04-11T10:43:07.359300+0800 ERROR second command M154 S1
2025-04-11T10:43:07.359300+0800 ERROR finish command M154 S1
2025-04-11T10:43:11.239584+0800 ERROR SENT: M105
2025-04-11T10:43:11.239584+0800 ERROR write command M105
2025-04-11T10:43:11.239584+0800 ERROR second command M105
2025-04-11T10:43:11.240502+0800 ERROR finish command M105
2025-04-11T10:43:11.240502+0800 ERROR SENT: G250 S21
2025-04-11T10:43:11.240502+0800 ERROR write command G250 S21
2025-04-11T10:43:11.240502+0800 ERROR second command G250 S21
2025-04-11T10:43:11.240502+0800 ERROR finish command G250 S21
2025-04-11T10:43:11.240502+0800 ERROR SENT: G250 S800
2025-04-11T10:43:11.240502+0800 ERROR write command G250 S800
2025-04-11T10:43:11.241502+0800 ERROR second command G250 S800
2025-04-11T10:43:11.241502+0800 ERROR finish command G250 S800
2025-04-11T10:43:11.241502+0800 ERROR SENT: M154 S1
2025-04-11T10:43:11.241502+0800 ERROR write command M154 S1
2025-04-11T10:43:11.241502+0800 ERROR second command M154 S1
2025-04-11T10:43:11.242503+0800 ERROR finish command M154 S1
2025-04-11T10:43:15.099679+0800 ERROR SENT: M105
2025-04-11T10:43:15.099679+0800 ERROR write command M105
2025-04-11T10:43:15.099679+0800 ERROR second command M105
2025-04-11T10:43:15.099679+0800 ERROR finish command M105
2025-04-11T10:43:15.099679+0800 ERROR SENT: G250 S21
2025-04-11T10:43:15.099679+0800 ERROR write command G250 S21
2025-04-11T10:43:15.099679+0800 ERROR second command G250 S21
2025-04-11T10:43:15.100609+0800 ERROR finish command G250 S21
2025-04-11T10:43:15.100609+0800 ERROR SENT: G250 S800
2025-04-11T10:43:15.100609+0800 ERROR write command G250 S800
2025-04-11T10:43:15.100609+0800 ERROR second command G250 S800
2025-04-11T10:43:15.100609+0800 ERROR finish command G250 S800
2025-04-11T10:43:15.100609+0800 ERROR SENT: M154 S1
2025-04-11T10:43:15.100609+0800 ERROR write command M154 S1
2025-04-11T10:43:15.100609+0800 ERROR second command M154 S1
2025-04-11T10:43:15.101609+0800 ERROR finish command M154 S1
2025-04-11T10:43:18.999103+0800 ERROR SENT: M105
2025-04-11T10:43:18.999103+0800 ERROR write command M105
2025-04-11T10:43:18.999103+0800 ERROR second command M105
2025-04-11T10:43:18.999103+0800 ERROR finish command M105
2025-04-11T10:43:18.999103+0800 ERROR SENT: G250 S21
2025-04-11T10:43:18.999103+0800 ERROR write command G250 S21
2025-04-11T10:43:19.000037+0800 ERROR second command G250 S21
2025-04-11T10:43:19.000037+0800 ERROR finish command G250 S21
2025-04-11T10:43:19.000037+0800 ERROR SENT: G250 S800
2025-04-11T10:43:19.000037+0800 ERROR write command G250 S800
2025-04-11T10:43:19.000037+0800 ERROR second command G250 S800
2025-04-11T10:43:19.000037+0800 ERROR finish command G250 S800
2025-04-11T10:43:19.000037+0800 ERROR SENT: M154 S1
2025-04-11T10:43:19.001142+0800 ERROR write command M154 S1
2025-04-11T10:43:19.001142+0800 ERROR second command M154 S1
2025-04-11T10:43:19.001142+0800 ERROR finish command M154 S1
2025-04-11T10:43:22.885850+0800 ERROR SENT: M105
2025-04-11T10:43:22.885850+0800 ERROR write command M105
2025-04-11T10:43:22.886770+0800 ERROR second command M105
2025-04-11T10:43:22.886770+0800 ERROR finish command M105
2025-04-11T10:43:22.886770+0800 ERROR SENT: G250 S21
2025-04-11T10:43:22.886770+0800 ERROR write command G250 S21
2025-04-11T10:43:22.887770+0800 ERROR second command G250 S21
2025-04-11T10:43:22.887770+0800 ERROR finish command G250 S21
2025-04-11T10:43:22.887770+0800 ERROR SENT: G250 S800
2025-04-11T10:43:22.887770+0800 ERROR write command G250 S800
2025-04-11T10:43:22.887770+0800 ERROR second command G250 S800
2025-04-11T10:43:22.887770+0800 ERROR finish command G250 S800
2025-04-11T10:43:22.887770+0800 ERROR SENT: M154 S1
2025-04-11T10:43:22.888768+0800 ERROR write command M154 S1
2025-04-11T10:43:22.888768+0800 ERROR second command M154 S1
2025-04-11T10:43:22.888768+0800 ERROR finish command M154 S1
2025-04-11T10:43:26.808944+0800 ERROR SENT: M105
2025-04-11T10:43:26.808944+0800 ERROR write command M105
2025-04-11T10:43:26.808944+0800 ERROR second command M105
2025-04-11T10:43:26.809875+0800 ERROR finish command M105
2025-04-11T10:43:26.809875+0800 ERROR SENT: G250 S21
2025-04-11T10:43:26.809875+0800 ERROR write command G250 S21
2025-04-11T10:43:26.809875+0800 ERROR second command G250 S21
2025-04-11T10:43:26.809875+0800 ERROR finish command G250 S21
2025-04-11T10:43:26.810875+0800 ERROR SENT: G250 S800
2025-04-11T10:43:26.810875+0800 ERROR write command G250 S800
2025-04-11T10:43:26.810875+0800 ERROR second command G250 S800
2025-04-11T10:43:26.810875+0800 ERROR finish command G250 S800
2025-04-11T10:43:26.810875+0800 ERROR SENT: M154 S1
2025-04-11T10:43:26.811875+0800 ERROR write command M154 S1
2025-04-11T10:43:26.811875+0800 ERROR second command M154 S1
2025-04-11T10:43:26.811875+0800 ERROR finish command M154 S1
2025-04-11T10:43:30.693755+0800 ERROR SENT: M105
2025-04-11T10:43:30.693755+0800 ERROR write command M105
2025-04-11T10:43:30.693755+0800 ERROR second command M105
2025-04-11T10:43:30.694755+0800 ERROR finish command M105
2025-04-11T10:43:30.694755+0800 ERROR SENT: G250 S21
2025-04-11T10:43:30.694755+0800 ERROR write command G250 S21
2025-04-11T10:43:30.694755+0800 ERROR second command G250 S21
2025-04-11T10:43:30.695755+0800 ERROR finish command G250 S21
2025-04-11T10:43:30.695755+0800 ERROR SENT: G250 S800
2025-04-11T10:43:30.695755+0800 ERROR write command G250 S800
2025-04-11T10:43:30.695755+0800 ERROR second command G250 S800
2025-04-11T10:43:30.696754+0800 ERROR finish command G250 S800
2025-04-11T10:43:30.696754+0800 ERROR SENT: M154 S1
2025-04-11T10:43:30.696754+0800 ERROR write command M154 S1
2025-04-11T10:43:30.696754+0800 ERROR second command M154 S1
2025-04-11T10:43:30.696754+0800 ERROR finish command M154 S1
2025-04-11T10:43:34.978672+0800 ERROR SENT: M105
2025-04-11T10:43:34.980673+0800 ERROR write command M105
2025-04-11T10:43:34.980673+0800 ERROR second command M105
2025-04-11T10:43:34.980673+0800 ERROR finish command M105
2025-04-11T10:43:34.981674+0800 ERROR SENT: G250 S21
2025-04-11T10:43:34.981674+0800 ERROR write command G250 S21
2025-04-11T10:43:34.981674+0800 ERROR second command G250 S21
2025-04-11T10:43:34.981674+0800 ERROR finish command G250 S21
2025-04-11T10:43:34.981674+0800 ERROR SENT: G250 S800
2025-04-11T10:43:34.981674+0800 ERROR write command G250 S800
2025-04-11T10:43:34.982672+0800 ERROR second command G250 S800
2025-04-11T10:43:34.982672+0800 ERROR finish command G250 S800
2025-04-11T10:43:35.146682+0800 ERROR SENT: M154 S1
2025-04-11T10:43:35.147674+0800 ERROR write command M154 S1
2025-04-11T10:43:35.148673+0800 ERROR second command M154 S1
2025-04-11T10:43:35.149673+0800 ERROR finish command M154 S1
