2025-05-20T09:20:39.009129+0800 INFO L109 time:2025/05/20 09:20:39#./GCODE/100方块.gcode#
2025-05-20T09:20:39.009129+0800 INFO Not connected to printer.
2025-05-20T09:20:43.351626+0800 ERROR SENT: G250 S31
2025-05-20T09:20:43.351626+0800 ERROR write command G250 S31
2025-05-20T09:20:43.351626+0800 ERROR socket error Attempting to use a port that is not opencommand G250 S31
2025-05-20T09:20:43.352627+0800 ERROR Can't write to printer (disconnected ?):
Traceback (most recent call last):
  File "D:\INLONG20250501301\printcore.py", line 944, in _send
    self.printer.write((command_temp + "\n").encode('gbk'))
  File "D:\INLONG2025050801\.venv\lib\site-packages\serial\serialwin32.py", line 306, in write
    raise PortNotOpenError()
serial.serialutil.PortNotOpenError: Attempting to use a port that is not open

2025-05-20T09:20:43.353638+0800 INFO M257 S1
2025-05-20T09:20:43.353638+0800 INFO Not connected to printer.
2025-05-20T09:20:43.353638+0800 INFO L110 S81
2025-05-20T09:20:43.353638+0800 INFO Not connected to printer.
2025-05-20T09:20:46.326371+0800 INFO G250 S888

2025-05-20T09:20:46.326371+0800 INFO Not connected to printer.
2025-05-20T09:20:46.326371+0800 INFO M257 S0
2025-05-20T09:20:46.327419+0800 INFO Not connected to printer.
