2025-04-08T14:41:41.650910+0800 INFO 设备已成功连接
2025-04-08T14:41:41.651910+0800 ERROR SENT: M105
2025-04-08T14:41:41.652911+0800 ERROR write command M105
2025-04-08T14:41:41.652911+0800 ERROR second command M105
2025-04-08T14:41:41.652911+0800 ERROR finish command M105
2025-04-08T14:41:41.652911+0800 ERROR SENT: G250 S21
2025-04-08T14:41:41.652911+0800 ERROR write command G250 S21
2025-04-08T14:41:41.652911+0800 ERROR second command G250 S21
2025-04-08T14:41:41.652911+0800 ERROR finish command G250 S21
2025-04-08T14:41:41.652911+0800 ERROR SENT: G250 S800
2025-04-08T14:41:41.652911+0800 ERROR write command G250 S800
2025-04-08T14:41:41.653911+0800 ERROR second command G250 S800
2025-04-08T14:41:41.653911+0800 ERROR finish command G250 S800
2025-04-08T14:41:41.653911+0800 ERROR SENT: M154 S1
2025-04-08T14:41:41.654910+0800 ERROR write command M154 S1
2025-04-08T14:41:41.654910+0800 ERROR second command M154 S1
2025-04-08T14:41:41.654910+0800 ERROR finish command M154 S1
2025-04-08T14:41:45.559717+0800 ERROR SENT: M105
2025-04-08T14:41:45.559717+0800 ERROR write command M105
2025-04-08T14:41:45.559717+0800 ERROR second command M105
2025-04-08T14:41:45.559717+0800 ERROR finish command M105
2025-04-08T14:41:45.560718+0800 ERROR SENT: G250 S21
2025-04-08T14:41:45.560718+0800 ERROR write command G250 S21
2025-04-08T14:41:45.560718+0800 ERROR second command G250 S21
2025-04-08T14:41:45.560718+0800 ERROR finish command G250 S21
2025-04-08T14:41:45.560718+0800 ERROR SENT: G250 S800
2025-04-08T14:41:45.560718+0800 ERROR write command G250 S800
2025-04-08T14:41:45.560718+0800 ERROR second command G250 S800
2025-04-08T14:41:45.560718+0800 ERROR finish command G250 S800
2025-04-08T14:41:45.560718+0800 ERROR SENT: M154 S1
2025-04-08T14:41:45.561717+0800 ERROR write command M154 S1
2025-04-08T14:41:45.561717+0800 ERROR second command M154 S1
2025-04-08T14:41:45.561717+0800 ERROR finish command M154 S1
2025-04-08T14:41:49.528009+0800 ERROR SENT: M105
2025-04-08T14:41:49.529010+0800 ERROR write command M105
2025-04-08T14:41:49.529010+0800 ERROR second command M105
2025-04-08T14:41:49.529010+0800 ERROR finish command M105
2025-04-08T14:41:49.529010+0800 ERROR SENT: G250 S21
2025-04-08T14:41:49.529010+0800 ERROR write command G250 S21
2025-04-08T14:41:49.529010+0800 ERROR second command G250 S21
2025-04-08T14:41:49.530021+0800 ERROR finish command G250 S21
2025-04-08T14:41:49.530021+0800 ERROR SENT: G250 S800
2025-04-08T14:41:49.530021+0800 ERROR write command G250 S800
2025-04-08T14:41:49.530021+0800 ERROR second command G250 S800
2025-04-08T14:41:49.530021+0800 ERROR finish command G250 S800
2025-04-08T14:41:49.530021+0800 ERROR SENT: M154 S1
2025-04-08T14:41:49.530021+0800 ERROR write command M154 S1
2025-04-08T14:41:49.531007+0800 ERROR second command M154 S1
2025-04-08T14:41:49.531007+0800 ERROR finish command M154 S1
2025-04-08T14:41:51.744219+0800 INFO M104 S100
2025-04-08T14:41:51.745218+0800 INFO Not connected to printer.
2025-04-08T14:41:53.467317+0800 ERROR SENT: M105
2025-04-08T14:41:53.467317+0800 ERROR write command M105
2025-04-08T14:41:53.467317+0800 ERROR second command M105
2025-04-08T14:41:53.468318+0800 ERROR finish command M105
2025-04-08T14:41:53.468318+0800 ERROR SENT: G250 S21
2025-04-08T14:41:53.468318+0800 ERROR write command G250 S21
2025-04-08T14:41:53.468318+0800 ERROR second command G250 S21
2025-04-08T14:41:53.468318+0800 ERROR finish command G250 S21
2025-04-08T14:41:53.468318+0800 ERROR SENT: G250 S800
2025-04-08T14:41:53.468318+0800 ERROR write command G250 S800
2025-04-08T14:41:53.468318+0800 ERROR second command G250 S800
2025-04-08T14:41:53.468318+0800 ERROR finish command G250 S800
2025-04-08T14:41:53.469318+0800 ERROR SENT: M154 S1
2025-04-08T14:41:53.469318+0800 ERROR write command M154 S1
2025-04-08T14:41:53.469318+0800 ERROR second command M154 S1
2025-04-08T14:41:53.469318+0800 ERROR finish command M154 S1
2025-04-08T14:41:57.393167+0800 ERROR SENT: M105
2025-04-08T14:41:57.394099+0800 ERROR write command M105
2025-04-08T14:41:57.394099+0800 ERROR second command M105
2025-04-08T14:41:57.394099+0800 ERROR finish command M105
2025-04-08T14:41:57.394099+0800 ERROR SENT: G250 S21
2025-04-08T14:41:57.394099+0800 ERROR write command G250 S21
2025-04-08T14:41:57.394099+0800 ERROR second command G250 S21
2025-04-08T14:41:57.394099+0800 ERROR finish command G250 S21
2025-04-08T14:41:57.394099+0800 ERROR SENT: G250 S800
2025-04-08T14:41:57.394099+0800 ERROR write command G250 S800
2025-04-08T14:41:57.395097+0800 ERROR second command G250 S800
2025-04-08T14:41:57.395097+0800 ERROR finish command G250 S800
2025-04-08T14:41:57.395097+0800 ERROR SENT: M154 S1
2025-04-08T14:41:57.395097+0800 ERROR write command M154 S1
2025-04-08T14:41:57.395097+0800 ERROR second command M154 S1
2025-04-08T14:41:57.396097+0800 ERROR finish command M154 S1
2025-04-08T14:41:59.990230+0800 INFO M104 S100
2025-04-08T14:41:59.990230+0800 INFO Not connected to printer.
2025-04-08T14:42:01.068686+0800 INFO M104 S100
2025-04-08T14:42:01.068686+0800 INFO Not connected to printer.
2025-04-08T14:42:01.277129+0800 ERROR SENT: M105
2025-04-08T14:42:01.277129+0800 ERROR write command M105
2025-04-08T14:42:01.277129+0800 ERROR second command M105
2025-04-08T14:42:01.277129+0800 ERROR finish command M105
2025-04-08T14:42:01.277129+0800 ERROR SENT: G250 S21
2025-04-08T14:42:01.277129+0800 ERROR write command G250 S21
2025-04-08T14:42:01.278033+0800 ERROR second command G250 S21
2025-04-08T14:42:01.278033+0800 ERROR finish command G250 S21
2025-04-08T14:42:01.278033+0800 ERROR SENT: G250 S800
2025-04-08T14:42:01.278033+0800 ERROR write command G250 S800
2025-04-08T14:42:01.278033+0800 ERROR second command G250 S800
2025-04-08T14:42:01.278033+0800 ERROR finish command G250 S800
2025-04-08T14:42:01.279015+0800 ERROR SENT: M154 S1
2025-04-08T14:42:01.279015+0800 ERROR write command M154 S1
2025-04-08T14:42:01.279015+0800 ERROR second command M154 S1
2025-04-08T14:42:01.279015+0800 ERROR finish command M154 S1
2025-04-08T14:42:01.668643+0800 INFO M104 S100
2025-04-08T14:42:01.668643+0800 INFO Not connected to printer.
2025-04-08T14:42:01.968393+0800 INFO M104 S100
2025-04-08T14:42:01.968393+0800 INFO Not connected to printer.
2025-04-08T14:42:02.256434+0800 INFO M104 S100
2025-04-08T14:42:02.256434+0800 INFO Not connected to printer.
2025-04-08T14:42:05.199364+0800 ERROR SENT: M105
2025-04-08T14:42:05.199364+0800 ERROR write command M105
2025-04-08T14:42:05.199364+0800 ERROR second command M105
2025-04-08T14:42:05.199364+0800 ERROR finish command M105
2025-04-08T14:42:05.199364+0800 ERROR SENT: G250 S21
2025-04-08T14:42:05.199364+0800 ERROR write command G250 S21
2025-04-08T14:42:05.200365+0800 ERROR second command G250 S21
2025-04-08T14:42:05.200365+0800 ERROR finish command G250 S21
2025-04-08T14:42:05.200365+0800 ERROR SENT: G250 S800
2025-04-08T14:42:05.200365+0800 ERROR write command G250 S800
2025-04-08T14:42:05.200365+0800 ERROR second command G250 S800
2025-04-08T14:42:05.200365+0800 ERROR finish command G250 S800
2025-04-08T14:42:05.200365+0800 ERROR SENT: M154 S1
2025-04-08T14:42:05.200365+0800 ERROR write command M154 S1
2025-04-08T14:42:05.201364+0800 ERROR second command M154 S1
2025-04-08T14:42:05.201364+0800 ERROR finish command M154 S1
