2025-04-07T15:04:52.128453+0800 INFO 设备已成功连接
2025-04-07T15:04:52.129444+0800 ERROR SENT: M105
2025-04-07T15:04:52.129444+0800 ERROR write command M105
2025-04-07T15:04:52.129444+0800 ERROR second command M105
2025-04-07T15:04:52.129444+0800 ERROR finish command M105
2025-04-07T15:04:52.130444+0800 ERROR SENT: G250 S21
2025-04-07T15:04:52.130444+0800 ERROR write command G250 S21
2025-04-07T15:04:52.130444+0800 ERROR second command G250 S21
2025-04-07T15:04:52.130444+0800 ERROR finish command G250 S21
2025-04-07T15:04:52.130444+0800 ERROR SENT: G250 S800
2025-04-07T15:04:52.130444+0800 ERROR write command G250 S800
2025-04-07T15:04:52.130444+0800 ERROR second command G250 S800
2025-04-07T15:04:52.130444+0800 ERROR finish command G250 S800
2025-04-07T15:04:52.131445+0800 ERROR SENT: M154 S1
2025-04-07T15:04:52.131445+0800 ERROR write command M154 S1
2025-04-07T15:04:52.131445+0800 ERROR second command M154 S1
2025-04-07T15:04:52.131445+0800 ERROR finish command M154 S1
2025-04-07T15:04:56.053609+0800 ERROR SENT: M105
2025-04-07T15:04:56.053609+0800 ERROR write command M105
2025-04-07T15:04:56.053609+0800 ERROR second command M105
2025-04-07T15:04:56.054609+0800 ERROR finish command M105
2025-04-07T15:04:56.054609+0800 ERROR SENT: G250 S21
2025-04-07T15:04:56.054609+0800 ERROR write command G250 S21
2025-04-07T15:04:56.054609+0800 ERROR second command G250 S21
2025-04-07T15:04:56.054609+0800 ERROR finish command G250 S21
2025-04-07T15:04:56.054609+0800 ERROR SENT: G250 S800
2025-04-07T15:04:56.054609+0800 ERROR write command G250 S800
2025-04-07T15:04:56.055608+0800 ERROR second command G250 S800
2025-04-07T15:04:56.055608+0800 ERROR finish command G250 S800
2025-04-07T15:04:56.055608+0800 ERROR SENT: M154 S1
2025-04-07T15:04:56.055608+0800 ERROR write command M154 S1
2025-04-07T15:04:56.055608+0800 ERROR second command M154 S1
2025-04-07T15:04:56.055608+0800 ERROR finish command M154 S1
2025-04-07T15:05:00.342595+0800 ERROR SENT: M105
2025-04-07T15:05:00.342595+0800 ERROR write command M105
2025-04-07T15:05:00.342595+0800 ERROR second command M105
2025-04-07T15:05:00.343526+0800 ERROR finish command M105
2025-04-07T15:05:00.343526+0800 ERROR SENT: G250 S21
2025-04-07T15:05:00.343526+0800 ERROR write command G250 S21
2025-04-07T15:05:00.343526+0800 ERROR second command G250 S21
2025-04-07T15:05:00.344252+0800 ERROR finish command G250 S21
2025-04-07T15:05:00.344252+0800 ERROR SENT: G250 S800
2025-04-07T15:05:00.344252+0800 ERROR write command G250 S800
2025-04-07T15:05:00.344252+0800 ERROR second command G250 S800
2025-04-07T15:05:00.344252+0800 ERROR finish command G250 S800
2025-04-07T15:05:00.344252+0800 ERROR SENT: M154 S1
2025-04-07T15:05:00.344814+0800 ERROR write command M154 S1
2025-04-07T15:05:00.345321+0800 ERROR second command M154 S1
2025-04-07T15:05:00.345424+0800 ERROR finish command M154 S1
2025-04-07T15:05:04.267762+0800 ERROR SENT: M105
2025-04-07T15:05:04.268137+0800 ERROR write command M105
2025-04-07T15:05:04.268137+0800 ERROR second command M105
2025-04-07T15:05:04.268137+0800 ERROR finish command M105
2025-04-07T15:05:04.268137+0800 ERROR SENT: G250 S21
2025-04-07T15:05:04.269140+0800 ERROR write command G250 S21
2025-04-07T15:05:04.269140+0800 ERROR second command G250 S21
2025-04-07T15:05:04.269140+0800 ERROR finish command G250 S21
2025-04-07T15:05:04.269140+0800 ERROR SENT: G250 S800
2025-04-07T15:05:04.269140+0800 ERROR write command G250 S800
2025-04-07T15:05:04.269140+0800 ERROR second command G250 S800
2025-04-07T15:05:04.269140+0800 ERROR finish command G250 S800
2025-04-07T15:05:04.269140+0800 ERROR SENT: M154 S1
2025-04-07T15:05:04.269140+0800 ERROR write command M154 S1
2025-04-07T15:05:04.270140+0800 ERROR second command M154 S1
2025-04-07T15:05:04.270140+0800 ERROR finish command M154 S1
2025-04-07T15:05:08.191214+0800 ERROR SENT: M105
2025-04-07T15:05:08.191214+0800 ERROR write command M105
2025-04-07T15:05:08.191214+0800 ERROR second command M105
2025-04-07T15:05:08.191214+0800 ERROR finish command M105
2025-04-07T15:05:08.191214+0800 ERROR SENT: G250 S21
2025-04-07T15:05:08.192131+0800 ERROR write command G250 S21
2025-04-07T15:05:08.192131+0800 ERROR second command G250 S21
2025-04-07T15:05:08.192131+0800 ERROR finish command G250 S21
2025-04-07T15:05:08.192131+0800 ERROR SENT: G250 S800
2025-04-07T15:05:08.192131+0800 ERROR write command G250 S800
2025-04-07T15:05:08.192131+0800 ERROR second command G250 S800
2025-04-07T15:05:08.192131+0800 ERROR finish command G250 S800
2025-04-07T15:05:08.192131+0800 ERROR SENT: M154 S1
2025-04-07T15:05:08.193134+0800 ERROR write command M154 S1
2025-04-07T15:05:08.193134+0800 ERROR second command M154 S1
2025-04-07T15:05:08.193134+0800 ERROR finish command M154 S1
2025-04-07T15:05:10.818337+0800 INFO M105
2025-04-07T15:05:10.818337+0800 INFO Not connected to printer.
2025-04-07T15:05:12.115843+0800 ERROR SENT: M105
2025-04-07T15:05:12.116776+0800 ERROR write command M105
2025-04-07T15:05:12.116776+0800 ERROR second command M105
2025-04-07T15:05:12.116776+0800 ERROR finish command M105
2025-04-07T15:05:12.116776+0800 ERROR SENT: G250 S21
2025-04-07T15:05:12.117777+0800 ERROR write command G250 S21
2025-04-07T15:05:12.117777+0800 ERROR second command G250 S21
2025-04-07T15:05:12.117777+0800 ERROR finish command G250 S21
2025-04-07T15:05:12.117777+0800 ERROR SENT: G250 S800
2025-04-07T15:05:12.117777+0800 ERROR write command G250 S800
2025-04-07T15:05:12.117777+0800 ERROR second command G250 S800
2025-04-07T15:05:12.117777+0800 ERROR finish command G250 S800
2025-04-07T15:05:12.117777+0800 ERROR SENT: M154 S1
2025-04-07T15:05:12.117777+0800 ERROR write command M154 S1
2025-04-07T15:05:12.118776+0800 ERROR second command M154 S1
2025-04-07T15:05:12.118776+0800 ERROR finish command M154 S1
2025-04-07T15:05:16.003824+0800 ERROR SENT: M105
2025-04-07T15:05:16.003824+0800 ERROR write command M105
2025-04-07T15:05:16.003824+0800 ERROR second command M105
2025-04-07T15:05:16.003824+0800 ERROR finish command M105
2025-04-07T15:05:16.003824+0800 ERROR SENT: G250 S21
2025-04-07T15:05:16.003824+0800 ERROR write command G250 S21
2025-04-07T15:05:16.004841+0800 ERROR second command G250 S21
2025-04-07T15:05:16.004841+0800 ERROR finish command G250 S21
2025-04-07T15:05:16.004841+0800 ERROR SENT: G250 S800
2025-04-07T15:05:16.004841+0800 ERROR write command G250 S800
2025-04-07T15:05:16.004841+0800 ERROR second command G250 S800
2025-04-07T15:05:16.004841+0800 ERROR finish command G250 S800
2025-04-07T15:05:16.004841+0800 ERROR SENT: M154 S1
2025-04-07T15:05:16.005839+0800 ERROR write command M154 S1
2025-04-07T15:05:16.005839+0800 ERROR second command M154 S1
2025-04-07T15:05:16.006839+0800 ERROR finish command M154 S1
2025-04-07T15:05:19.899747+0800 ERROR SENT: M105
2025-04-07T15:05:19.899747+0800 ERROR write command M105
2025-04-07T15:05:19.899747+0800 ERROR second command M105
2025-04-07T15:05:19.899747+0800 ERROR finish command M105
2025-04-07T15:05:19.899747+0800 ERROR SENT: G250 S21
2025-04-07T15:05:19.899747+0800 ERROR write command G250 S21
2025-04-07T15:05:19.900704+0800 ERROR second command G250 S21
2025-04-07T15:05:19.900704+0800 ERROR finish command G250 S21
2025-04-07T15:05:19.900704+0800 ERROR SENT: G250 S800
2025-04-07T15:05:19.900704+0800 ERROR write command G250 S800
2025-04-07T15:05:19.900704+0800 ERROR second command G250 S800
2025-04-07T15:05:19.900704+0800 ERROR finish command G250 S800
2025-04-07T15:05:19.900704+0800 ERROR SENT: M154 S1
2025-04-07T15:05:19.900704+0800 ERROR write command M154 S1
2025-04-07T15:05:19.900704+0800 ERROR second command M154 S1
2025-04-07T15:05:19.901667+0800 ERROR finish command M154 S1
