2025-04-11T12:04:56.436882+0800 INFO 设备已成功连接
2025-04-11T12:04:56.437882+0800 ERROR SENT: M105
2025-04-11T12:04:56.437882+0800 ERROR write command M105
2025-04-11T12:04:56.438882+0800 ERROR second command M105
2025-04-11T12:04:56.438882+0800 ERROR finish command M105
2025-04-11T12:04:56.439883+0800 ERROR SENT: G250 S21
2025-04-11T12:04:56.439883+0800 ERROR write command G250 S21
2025-04-11T12:04:56.439883+0800 ERROR second command G250 S21
2025-04-11T12:04:56.439883+0800 ERROR finish command G250 S21
2025-04-11T12:04:56.440884+0800 ERROR SENT: G250 S800
2025-04-11T12:04:56.440884+0800 ERROR write command G250 S800
2025-04-11T12:04:56.440884+0800 ERROR second command G250 S800
2025-04-11T12:04:56.440884+0800 ERROR finish command G250 S800
2025-04-11T12:04:56.441884+0800 ERROR SENT: M154 S1
2025-04-11T12:04:56.441884+0800 ERROR write command M154 S1
2025-04-11T12:04:56.441884+0800 ERROR second command M154 S1
2025-04-11T12:04:56.441884+0800 ERROR finish command M154 S1
2025-04-11T12:05:00.294520+0800 ERROR SENT: M105
2025-04-11T12:05:00.294520+0800 ERROR write command M105
2025-04-11T12:05:00.294520+0800 ERROR second command M105
2025-04-11T12:05:00.294520+0800 ERROR finish command M105
2025-04-11T12:05:00.294520+0800 ERROR SENT: G250 S21
2025-04-11T12:05:00.295512+0800 ERROR write command G250 S21
2025-04-11T12:05:00.295512+0800 ERROR second command G250 S21
2025-04-11T12:05:00.295512+0800 ERROR finish command G250 S21
2025-04-11T12:05:00.295512+0800 ERROR SENT: G250 S800
2025-04-11T12:05:00.295512+0800 ERROR write command G250 S800
2025-04-11T12:05:00.295512+0800 ERROR second command G250 S800
2025-04-11T12:05:00.295512+0800 ERROR finish command G250 S800
2025-04-11T12:05:00.295512+0800 ERROR SENT: M154 S1
2025-04-11T12:05:00.295512+0800 ERROR write command M154 S1
2025-04-11T12:05:00.295512+0800 ERROR second command M154 S1
2025-04-11T12:05:00.296511+0800 ERROR finish command M154 S1
2025-04-11T12:05:04.379588+0800 ERROR SENT: M105
2025-04-11T12:05:04.379588+0800 ERROR write command M105
2025-04-11T12:05:04.379588+0800 ERROR second command M105
2025-04-11T12:05:04.379588+0800 ERROR finish command M105
2025-04-11T12:05:04.379588+0800 ERROR SENT: G250 S21
2025-04-11T12:05:04.380491+0800 ERROR write command G250 S21
2025-04-11T12:05:04.380491+0800 ERROR second command G250 S21
2025-04-11T12:05:04.380491+0800 ERROR finish command G250 S21
2025-04-11T12:05:04.380491+0800 ERROR SENT: G250 S800
2025-04-11T12:05:04.380491+0800 ERROR write command G250 S800
2025-04-11T12:05:04.380491+0800 ERROR second command G250 S800
2025-04-11T12:05:04.380491+0800 ERROR finish command G250 S800
2025-04-11T12:05:04.380491+0800 ERROR SENT: M154 S1
2025-04-11T12:05:04.380491+0800 ERROR write command M154 S1
2025-04-11T12:05:04.380491+0800 ERROR second command M154 S1
2025-04-11T12:05:04.381491+0800 ERROR finish command M154 S1
2025-04-11T12:05:08.181180+0800 ERROR SENT: M105
2025-04-11T12:05:08.181180+0800 ERROR write command M105
2025-04-11T12:05:08.181180+0800 ERROR second command M105
2025-04-11T12:05:08.181180+0800 ERROR finish command M105
2025-04-11T12:05:08.181180+0800 ERROR SENT: G250 S21
2025-04-11T12:05:08.182178+0800 ERROR write command G250 S21
2025-04-11T12:05:08.182178+0800 ERROR second command G250 S21
2025-04-11T12:05:08.182178+0800 ERROR finish command G250 S21
2025-04-11T12:05:08.182178+0800 ERROR SENT: G250 S800
2025-04-11T12:05:08.182178+0800 ERROR write command G250 S800
2025-04-11T12:05:08.182178+0800 ERROR second command G250 S800
2025-04-11T12:05:08.183179+0800 ERROR finish command G250 S800
2025-04-11T12:05:08.183179+0800 ERROR SENT: M154 S1
2025-04-11T12:05:08.183179+0800 ERROR write command M154 S1
2025-04-11T12:05:08.183179+0800 ERROR second command M154 S1
2025-04-11T12:05:08.183179+0800 ERROR finish command M154 S1
2025-04-11T12:05:12.011765+0800 ERROR SENT: M105
2025-04-11T12:05:12.011765+0800 ERROR write command M105
2025-04-11T12:05:12.012686+0800 ERROR second command M105
2025-04-11T12:05:12.012686+0800 ERROR finish command M105
2025-04-11T12:05:12.012686+0800 ERROR SENT: G250 S21
2025-04-11T12:05:12.012686+0800 ERROR write command G250 S21
2025-04-11T12:05:12.012686+0800 ERROR second command G250 S21
2025-04-11T12:05:12.012686+0800 ERROR finish command G250 S21
2025-04-11T12:05:12.012686+0800 ERROR SENT: G250 S800
2025-04-11T12:05:12.013685+0800 ERROR write command G250 S800
2025-04-11T12:05:12.013685+0800 ERROR second command G250 S800
2025-04-11T12:05:12.013685+0800 ERROR finish command G250 S800
2025-04-11T12:05:12.013685+0800 ERROR SENT: M154 S1
2025-04-11T12:05:12.013685+0800 ERROR write command M154 S1
2025-04-11T12:05:12.013685+0800 ERROR second command M154 S1
2025-04-11T12:05:12.014686+0800 ERROR finish command M154 S1
2025-04-11T12:05:15.908498+0800 ERROR SENT: M105
2025-04-11T12:05:15.909499+0800 ERROR write command M105
2025-04-11T12:05:15.909499+0800 ERROR second command M105
2025-04-11T12:05:15.910500+0800 ERROR finish command M105
2025-04-11T12:05:15.910500+0800 ERROR SENT: G250 S21
2025-04-11T12:05:15.910500+0800 ERROR write command G250 S21
2025-04-11T12:05:15.910500+0800 ERROR second command G250 S21
2025-04-11T12:05:15.910500+0800 ERROR finish command G250 S21
2025-04-11T12:05:15.911500+0800 ERROR SENT: G250 S800
2025-04-11T12:05:15.911500+0800 ERROR write command G250 S800
2025-04-11T12:05:15.911500+0800 ERROR second command G250 S800
2025-04-11T12:05:15.911500+0800 ERROR finish command G250 S800
2025-04-11T12:05:15.911500+0800 ERROR SENT: M154 S1
2025-04-11T12:05:15.911500+0800 ERROR write command M154 S1
2025-04-11T12:05:15.912499+0800 ERROR second command M154 S1
2025-04-11T12:05:15.912499+0800 ERROR finish command M154 S1
2025-04-11T12:05:20.296703+0800 ERROR SENT: M105
2025-04-11T12:05:20.297703+0800 ERROR write command M105
2025-04-11T12:05:20.297703+0800 ERROR second command M105
2025-04-11T12:05:20.297703+0800 ERROR finish command M105
2025-04-11T12:05:20.297703+0800 ERROR SENT: G250 S21
2025-04-11T12:05:20.297703+0800 ERROR write command G250 S21
2025-04-11T12:05:20.298704+0800 ERROR second command G250 S21
2025-04-11T12:05:20.298704+0800 ERROR finish command G250 S21
2025-04-11T12:05:20.298704+0800 ERROR SENT: G250 S800
2025-04-11T12:05:20.298704+0800 ERROR write command G250 S800
2025-04-11T12:05:20.298704+0800 ERROR second command G250 S800
2025-04-11T12:05:20.298704+0800 ERROR finish command G250 S800
2025-04-11T12:05:20.300704+0800 ERROR SENT: M154 S1
2025-04-11T12:05:20.301704+0800 ERROR write command M154 S1
2025-04-11T12:05:20.301704+0800 ERROR second command M154 S1
2025-04-11T12:05:20.301704+0800 ERROR finish command M154 S1
2025-04-11T12:05:24.299342+0800 ERROR SENT: M105
2025-04-11T12:05:24.299342+0800 ERROR write command M105
2025-04-11T12:05:24.299342+0800 ERROR second command M105
2025-04-11T12:05:24.300342+0800 ERROR finish command M105
2025-04-11T12:05:24.300342+0800 ERROR SENT: G250 S21
2025-04-11T12:05:24.300342+0800 ERROR write command G250 S21
2025-04-11T12:05:24.300342+0800 ERROR second command G250 S21
2025-04-11T12:05:24.300342+0800 ERROR finish command G250 S21
2025-04-11T12:05:24.300342+0800 ERROR SENT: G250 S800
2025-04-11T12:05:24.300342+0800 ERROR write command G250 S800
2025-04-11T12:05:24.301343+0800 ERROR second command G250 S800
2025-04-11T12:05:24.301343+0800 ERROR finish command G250 S800
2025-04-11T12:05:24.301343+0800 ERROR SENT: M154 S1
2025-04-11T12:05:24.302342+0800 ERROR write command M154 S1
2025-04-11T12:05:24.302342+0800 ERROR second command M154 S1
2025-04-11T12:05:24.303342+0800 ERROR finish command M154 S1
2025-04-11T12:05:28.233516+0800 ERROR SENT: M105
2025-04-11T12:05:28.233516+0800 ERROR write command M105
2025-04-11T12:05:28.233516+0800 ERROR second command M105
2025-04-11T12:05:28.234447+0800 ERROR finish command M105
2025-04-11T12:05:28.234447+0800 ERROR SENT: G250 S21
2025-04-11T12:05:28.234447+0800 ERROR write command G250 S21
2025-04-11T12:05:28.234447+0800 ERROR second command G250 S21
2025-04-11T12:05:28.234447+0800 ERROR finish command G250 S21
2025-04-11T12:05:28.235447+0800 ERROR SENT: G250 S800
2025-04-11T12:05:28.235447+0800 ERROR write command G250 S800
2025-04-11T12:05:28.235447+0800 ERROR second command G250 S800
2025-04-11T12:05:28.235447+0800 ERROR finish command G250 S800
2025-04-11T12:05:28.235447+0800 ERROR SENT: M154 S1
2025-04-11T12:05:28.235447+0800 ERROR write command M154 S1
2025-04-11T12:05:28.235447+0800 ERROR second command M154 S1
2025-04-11T12:05:28.235447+0800 ERROR finish command M154 S1
2025-04-11T12:05:32.104871+0800 ERROR SENT: M105
2025-04-11T12:05:32.104871+0800 ERROR write command M105
2025-04-11T12:05:32.104871+0800 ERROR second command M105
2025-04-11T12:05:32.105872+0800 ERROR finish command M105
2025-04-11T12:05:32.105872+0800 ERROR SENT: G250 S21
2025-04-11T12:05:32.105872+0800 ERROR write command G250 S21
2025-04-11T12:05:32.105872+0800 ERROR second command G250 S21
2025-04-11T12:05:32.105872+0800 ERROR finish command G250 S21
2025-04-11T12:05:32.105872+0800 ERROR SENT: G250 S800
2025-04-11T12:05:32.105872+0800 ERROR write command G250 S800
2025-04-11T12:05:32.106871+0800 ERROR second command G250 S800
2025-04-11T12:05:32.106871+0800 ERROR finish command G250 S800
2025-04-11T12:05:32.107871+0800 ERROR SENT: M154 S1
2025-04-11T12:05:32.107871+0800 ERROR write command M154 S1
2025-04-11T12:05:32.107871+0800 ERROR second command M154 S1
2025-04-11T12:05:32.108871+0800 ERROR finish command M154 S1
2025-04-11T12:05:36.092353+0800 ERROR SENT: M105
2025-04-11T12:05:36.092353+0800 ERROR write command M105
2025-04-11T12:05:36.093355+0800 ERROR second command M105
2025-04-11T12:05:36.093355+0800 ERROR finish command M105
2025-04-11T12:05:36.093355+0800 ERROR SENT: G250 S21
2025-04-11T12:05:36.093355+0800 ERROR write command G250 S21
2025-04-11T12:05:36.093355+0800 ERROR second command G250 S21
2025-04-11T12:05:36.094353+0800 ERROR finish command G250 S21
2025-04-11T12:05:36.094353+0800 ERROR SENT: G250 S800
2025-04-11T12:05:36.094353+0800 ERROR write command G250 S800
2025-04-11T12:05:36.094353+0800 ERROR second command G250 S800
2025-04-11T12:05:36.094353+0800 ERROR finish command G250 S800
2025-04-11T12:05:36.094353+0800 ERROR SENT: M154 S1
2025-04-11T12:05:36.094353+0800 ERROR write command M154 S1
2025-04-11T12:05:36.095353+0800 ERROR second command M154 S1
2025-04-11T12:05:36.095353+0800 ERROR finish command M154 S1
2025-04-11T12:05:40.060769+0800 ERROR SENT: M105
2025-04-11T12:05:40.061769+0800 ERROR write command M105
2025-04-11T12:05:40.061769+0800 ERROR second command M105
2025-04-11T12:05:40.061769+0800 ERROR finish command M105
2025-04-11T12:05:40.061769+0800 ERROR SENT: G250 S21
2025-04-11T12:05:40.062770+0800 ERROR write command G250 S21
2025-04-11T12:05:40.062770+0800 ERROR second command G250 S21
2025-04-11T12:05:40.062770+0800 ERROR finish command G250 S21
2025-04-11T12:05:40.062770+0800 ERROR SENT: G250 S800
2025-04-11T12:05:40.062770+0800 ERROR write command G250 S800
2025-04-11T12:05:40.063770+0800 ERROR second command G250 S800
2025-04-11T12:05:40.063770+0800 ERROR finish command G250 S800
2025-04-11T12:05:40.064770+0800 ERROR SENT: M154 S1
2025-04-11T12:05:40.065770+0800 ERROR write command M154 S1
2025-04-11T12:05:40.065770+0800 ERROR second command M154 S1
2025-04-11T12:05:40.065770+0800 ERROR finish command M154 S1
2025-04-11T12:05:43.933333+0800 ERROR SENT: M105
2025-04-11T12:05:43.933333+0800 ERROR write command M105
2025-04-11T12:05:43.934265+0800 ERROR second command M105
2025-04-11T12:05:43.934265+0800 ERROR finish command M105
2025-04-11T12:05:43.934265+0800 ERROR SENT: G250 S21
2025-04-11T12:05:43.934265+0800 ERROR write command G250 S21
2025-04-11T12:05:43.934265+0800 ERROR second command G250 S21
2025-04-11T12:05:43.934265+0800 ERROR finish command G250 S21
2025-04-11T12:05:43.934265+0800 ERROR SENT: G250 S800
2025-04-11T12:05:43.934265+0800 ERROR write command G250 S800
2025-04-11T12:05:43.935264+0800 ERROR second command G250 S800
2025-04-11T12:05:43.935264+0800 ERROR finish command G250 S800
2025-04-11T12:05:43.935264+0800 ERROR SENT: M154 S1
2025-04-11T12:05:43.935264+0800 ERROR write command M154 S1
2025-04-11T12:05:43.935264+0800 ERROR second command M154 S1
2025-04-11T12:05:43.935264+0800 ERROR finish command M154 S1
2025-04-11T12:05:47.814630+0800 ERROR SENT: M105
2025-04-11T12:05:47.814630+0800 ERROR write command M105
2025-04-11T12:05:47.814630+0800 ERROR second command M105
2025-04-11T12:05:47.814630+0800 ERROR finish command M105
2025-04-11T12:05:47.814630+0800 ERROR SENT: G250 S21
2025-04-11T12:05:47.815564+0800 ERROR write command G250 S21
2025-04-11T12:05:47.815564+0800 ERROR second command G250 S21
2025-04-11T12:05:47.815564+0800 ERROR finish command G250 S21
2025-04-11T12:05:47.815564+0800 ERROR SENT: G250 S800
2025-04-11T12:05:47.815564+0800 ERROR write command G250 S800
2025-04-11T12:05:47.815564+0800 ERROR second command G250 S800
2025-04-11T12:05:47.815564+0800 ERROR finish command G250 S800
2025-04-11T12:05:47.815564+0800 ERROR SENT: M154 S1
2025-04-11T12:05:47.815564+0800 ERROR write command M154 S1
2025-04-11T12:05:47.816562+0800 ERROR second command M154 S1
2025-04-11T12:05:47.816562+0800 ERROR finish command M154 S1
2025-04-11T12:05:51.731699+0800 ERROR SENT: M105
2025-04-11T12:05:51.731699+0800 ERROR write command M105
2025-04-11T12:05:51.731699+0800 ERROR second command M105
2025-04-11T12:05:51.732700+0800 ERROR finish command M105
2025-04-11T12:05:51.732700+0800 ERROR SENT: G250 S21
2025-04-11T12:05:51.732700+0800 ERROR write command G250 S21
2025-04-11T12:05:51.732700+0800 ERROR second command G250 S21
2025-04-11T12:05:51.733700+0800 ERROR finish command G250 S21
2025-04-11T12:05:51.733700+0800 ERROR SENT: G250 S800
2025-04-11T12:05:51.733700+0800 ERROR write command G250 S800
2025-04-11T12:05:51.734700+0800 ERROR second command G250 S800
2025-04-11T12:05:51.734700+0800 ERROR finish command G250 S800
2025-04-11T12:05:51.734700+0800 ERROR SENT: M154 S1
2025-04-11T12:05:51.734700+0800 ERROR write command M154 S1
2025-04-11T12:05:51.735700+0800 ERROR second command M154 S1
2025-04-11T12:05:51.735700+0800 ERROR finish command M154 S1
2025-04-11T12:05:55.702806+0800 ERROR SENT: M105
2025-04-11T12:05:55.702806+0800 ERROR write command M105
2025-04-11T12:05:55.702806+0800 ERROR second command M105
2025-04-11T12:05:55.703806+0800 ERROR finish command M105
2025-04-11T12:05:55.703806+0800 ERROR SENT: G250 S21
2025-04-11T12:05:55.703806+0800 ERROR write command G250 S21
2025-04-11T12:05:55.703806+0800 ERROR second command G250 S21
2025-04-11T12:05:55.704805+0800 ERROR finish command G250 S21
2025-04-11T12:05:55.704805+0800 ERROR SENT: G250 S800
2025-04-11T12:05:55.704805+0800 ERROR write command G250 S800
2025-04-11T12:05:55.704805+0800 ERROR second command G250 S800
2025-04-11T12:05:55.704805+0800 ERROR finish command G250 S800
2025-04-11T12:05:55.705805+0800 ERROR SENT: M154 S1
2025-04-11T12:05:55.705805+0800 ERROR write command M154 S1
2025-04-11T12:05:55.705805+0800 ERROR second command M154 S1
2025-04-11T12:05:55.705805+0800 ERROR finish command M154 S1
2025-04-11T12:05:59.718037+0800 ERROR SENT: M105
2025-04-11T12:05:59.719037+0800 ERROR write command M105
2025-04-11T12:05:59.719037+0800 ERROR second command M105
2025-04-11T12:05:59.719037+0800 ERROR finish command M105
2025-04-11T12:05:59.719037+0800 ERROR SENT: G250 S21
2025-04-11T12:05:59.719037+0800 ERROR write command G250 S21
2025-04-11T12:05:59.720038+0800 ERROR second command G250 S21
2025-04-11T12:05:59.720038+0800 ERROR finish command G250 S21
2025-04-11T12:05:59.720038+0800 ERROR SENT: G250 S800
2025-04-11T12:05:59.721037+0800 ERROR write command G250 S800
2025-04-11T12:05:59.721037+0800 ERROR second command G250 S800
2025-04-11T12:05:59.721037+0800 ERROR finish command G250 S800
2025-04-11T12:05:59.722038+0800 ERROR SENT: M154 S1
2025-04-11T12:05:59.722038+0800 ERROR write command M154 S1
2025-04-11T12:05:59.722038+0800 ERROR second command M154 S1
2025-04-11T12:05:59.735037+0800 ERROR finish command M154 S1
2025-04-11T12:06:04.200529+0800 ERROR SENT: M105
2025-04-11T12:06:04.201529+0800 ERROR write command M105
2025-04-11T12:06:04.202529+0800 ERROR second command M105
2025-04-11T12:06:04.202529+0800 ERROR finish command M105
2025-04-11T12:06:04.202529+0800 ERROR SENT: G250 S21
2025-04-11T12:06:04.202529+0800 ERROR write command G250 S21
2025-04-11T12:06:04.202529+0800 ERROR second command G250 S21
2025-04-11T12:06:04.203530+0800 ERROR finish command G250 S21
2025-04-11T12:06:04.203530+0800 ERROR SENT: G250 S800
2025-04-11T12:06:04.203530+0800 ERROR write command G250 S800
2025-04-11T12:06:04.203530+0800 ERROR second command G250 S800
2025-04-11T12:06:04.203530+0800 ERROR finish command G250 S800
2025-04-11T12:06:04.204529+0800 ERROR SENT: M154 S1
2025-04-11T12:06:04.204529+0800 ERROR write command M154 S1
2025-04-11T12:06:04.204529+0800 ERROR second command M154 S1
2025-04-11T12:06:04.204529+0800 ERROR finish command M154 S1
2025-04-11T12:06:08.129794+0800 ERROR SENT: M105
2025-04-11T12:06:08.129794+0800 ERROR write command M105
2025-04-11T12:06:08.129794+0800 ERROR second command M105
2025-04-11T12:06:08.130715+0800 ERROR finish command M105
2025-04-11T12:06:08.130715+0800 ERROR SENT: G250 S21
2025-04-11T12:06:08.130715+0800 ERROR write command G250 S21
2025-04-11T12:06:08.130715+0800 ERROR second command G250 S21
2025-04-11T12:06:08.130715+0800 ERROR finish command G250 S21
2025-04-11T12:06:08.131717+0800 ERROR SENT: G250 S800
2025-04-11T12:06:08.131717+0800 ERROR write command G250 S800
2025-04-11T12:06:08.131717+0800 ERROR second command G250 S800
2025-04-11T12:06:08.131717+0800 ERROR finish command G250 S800
2025-04-11T12:06:08.131717+0800 ERROR SENT: M154 S1
2025-04-11T12:06:08.131717+0800 ERROR write command M154 S1
2025-04-11T12:06:08.131717+0800 ERROR second command M154 S1
2025-04-11T12:06:08.131717+0800 ERROR finish command M154 S1
2025-04-11T12:06:12.010974+0800 ERROR SENT: M105
2025-04-11T12:06:12.010974+0800 ERROR write command M105
2025-04-11T12:06:12.010974+0800 ERROR second command M105
2025-04-11T12:06:12.010974+0800 ERROR finish command M105
2025-04-11T12:06:12.011964+0800 ERROR SENT: G250 S21
2025-04-11T12:06:12.011964+0800 ERROR write command G250 S21
2025-04-11T12:06:12.011964+0800 ERROR second command G250 S21
2025-04-11T12:06:12.011964+0800 ERROR finish command G250 S21
2025-04-11T12:06:12.011964+0800 ERROR SENT: G250 S800
2025-04-11T12:06:12.011964+0800 ERROR write command G250 S800
2025-04-11T12:06:12.012965+0800 ERROR second command G250 S800
2025-04-11T12:06:12.012965+0800 ERROR finish command G250 S800
2025-04-11T12:06:12.012965+0800 ERROR SENT: M154 S1
2025-04-11T12:06:12.012965+0800 ERROR write command M154 S1
2025-04-11T12:06:12.012965+0800 ERROR second command M154 S1
2025-04-11T12:06:12.012965+0800 ERROR finish command M154 S1
2025-04-11T12:06:16.012191+0800 ERROR SENT: M105
2025-04-11T12:06:16.013192+0800 ERROR write command M105
2025-04-11T12:06:16.013192+0800 ERROR second command M105
2025-04-11T12:06:16.013192+0800 ERROR finish command M105
2025-04-11T12:06:16.014192+0800 ERROR SENT: G250 S21
2025-04-11T12:06:16.014192+0800 ERROR write command G250 S21
2025-04-11T12:06:16.014192+0800 ERROR second command G250 S21
2025-04-11T12:06:16.014192+0800 ERROR finish command G250 S21
2025-04-11T12:06:16.014192+0800 ERROR SENT: G250 S800
2025-04-11T12:06:16.014192+0800 ERROR write command G250 S800
2025-04-11T12:06:16.015192+0800 ERROR second command G250 S800
2025-04-11T12:06:16.015192+0800 ERROR finish command G250 S800
2025-04-11T12:06:16.016191+0800 ERROR SENT: M154 S1
2025-04-11T12:06:16.016191+0800 ERROR write command M154 S1
2025-04-11T12:06:16.016191+0800 ERROR second command M154 S1
2025-04-11T12:06:16.016191+0800 ERROR finish command M154 S1
2025-04-11T12:06:19.893595+0800 ERROR SENT: M105
2025-04-11T12:06:19.893595+0800 ERROR write command M105
2025-04-11T12:06:19.893595+0800 ERROR second command M105
2025-04-11T12:06:19.893595+0800 ERROR finish command M105
2025-04-11T12:06:19.893595+0800 ERROR SENT: G250 S21
2025-04-11T12:06:19.893595+0800 ERROR write command G250 S21
2025-04-11T12:06:19.894512+0800 ERROR second command G250 S21
2025-04-11T12:06:19.894512+0800 ERROR finish command G250 S21
2025-04-11T12:06:19.894512+0800 ERROR SENT: G250 S800
2025-04-11T12:06:19.894512+0800 ERROR write command G250 S800
2025-04-11T12:06:19.894512+0800 ERROR second command G250 S800
2025-04-11T12:06:19.894512+0800 ERROR finish command G250 S800
2025-04-11T12:06:19.894512+0800 ERROR SENT: M154 S1
2025-04-11T12:06:19.894512+0800 ERROR write command M154 S1
2025-04-11T12:06:19.895514+0800 ERROR second command M154 S1
2025-04-11T12:06:19.895514+0800 ERROR finish command M154 S1
2025-04-11T12:06:23.757578+0800 ERROR SENT: M105
2025-04-11T12:06:23.757578+0800 ERROR write command M105
2025-04-11T12:06:23.757578+0800 ERROR second command M105
2025-04-11T12:06:23.757578+0800 ERROR finish command M105
2025-04-11T12:06:23.757578+0800 ERROR SENT: G250 S21
2025-04-11T12:06:23.758509+0800 ERROR write command G250 S21
2025-04-11T12:06:23.758509+0800 ERROR second command G250 S21
2025-04-11T12:06:23.758509+0800 ERROR finish command G250 S21
2025-04-11T12:06:23.758509+0800 ERROR SENT: G250 S800
2025-04-11T12:06:23.758509+0800 ERROR write command G250 S800
2025-04-11T12:06:23.758509+0800 ERROR second command G250 S800
2025-04-11T12:06:23.758509+0800 ERROR finish command G250 S800
2025-04-11T12:06:23.758509+0800 ERROR SENT: M154 S1
2025-04-11T12:06:23.759509+0800 ERROR write command M154 S1
2025-04-11T12:06:23.759509+0800 ERROR second command M154 S1
2025-04-11T12:06:23.759509+0800 ERROR finish command M154 S1
2025-04-11T12:06:27.675319+0800 ERROR SENT: M105
2025-04-11T12:06:27.675319+0800 ERROR write command M105
2025-04-11T12:06:27.676319+0800 ERROR second command M105
2025-04-11T12:06:27.676319+0800 ERROR finish command M105
2025-04-11T12:06:27.676319+0800 ERROR SENT: G250 S21
2025-04-11T12:06:27.676319+0800 ERROR write command G250 S21
2025-04-11T12:06:27.676319+0800 ERROR second command G250 S21
2025-04-11T12:06:27.676319+0800 ERROR finish command G250 S21
2025-04-11T12:06:27.676319+0800 ERROR SENT: G250 S800
2025-04-11T12:06:27.677319+0800 ERROR write command G250 S800
2025-04-11T12:06:27.677319+0800 ERROR second command G250 S800
2025-04-11T12:06:27.677319+0800 ERROR finish command G250 S800
2025-04-11T12:06:27.677319+0800 ERROR SENT: M154 S1
2025-04-11T12:06:27.677319+0800 ERROR write command M154 S1
2025-04-11T12:06:27.677319+0800 ERROR second command M154 S1
2025-04-11T12:06:27.678318+0800 ERROR finish command M154 S1
2025-04-11T12:06:31.670641+0800 ERROR SENT: M105
2025-04-11T12:06:31.671641+0800 ERROR write command M105
2025-04-11T12:06:31.671641+0800 ERROR second command M105
2025-04-11T12:06:31.671641+0800 ERROR finish command M105
2025-04-11T12:06:31.671641+0800 ERROR SENT: G250 S21
2025-04-11T12:06:31.671641+0800 ERROR write command G250 S21
2025-04-11T12:06:31.672640+0800 ERROR second command G250 S21
2025-04-11T12:06:31.672640+0800 ERROR finish command G250 S21
2025-04-11T12:06:31.672640+0800 ERROR SENT: G250 S800
2025-04-11T12:06:31.672640+0800 ERROR write command G250 S800
2025-04-11T12:06:31.672640+0800 ERROR second command G250 S800
2025-04-11T12:06:31.672640+0800 ERROR finish command G250 S800
2025-04-11T12:06:31.688640+0800 ERROR SENT: M154 S1
2025-04-11T12:06:31.689641+0800 ERROR write command M154 S1
2025-04-11T12:06:31.689641+0800 ERROR second command M154 S1
2025-04-11T12:06:31.689641+0800 ERROR finish command M154 S1
2025-04-11T12:06:35.643721+0800 ERROR SENT: M105
2025-04-11T12:06:35.643721+0800 ERROR write command M105
2025-04-11T12:06:35.643721+0800 ERROR second command M105
2025-04-11T12:06:35.643721+0800 ERROR finish command M105
2025-04-11T12:06:35.643721+0800 ERROR SENT: G250 S21
2025-04-11T12:06:35.644720+0800 ERROR write command G250 S21
2025-04-11T12:06:35.644720+0800 ERROR second command G250 S21
2025-04-11T12:06:35.644720+0800 ERROR finish command G250 S21
2025-04-11T12:06:35.644720+0800 ERROR SENT: G250 S800
2025-04-11T12:06:35.644720+0800 ERROR write command G250 S800
2025-04-11T12:06:35.644720+0800 ERROR second command G250 S800
2025-04-11T12:06:35.645722+0800 ERROR finish command G250 S800
2025-04-11T12:06:35.645722+0800 ERROR SENT: M154 S1
2025-04-11T12:06:35.645722+0800 ERROR write command M154 S1
2025-04-11T12:06:35.645722+0800 ERROR second command M154 S1
2025-04-11T12:06:35.645722+0800 ERROR finish command M154 S1
2025-04-11T12:06:39.555438+0800 ERROR SENT: M105
2025-04-11T12:06:39.555438+0800 ERROR write command M105
2025-04-11T12:06:39.555438+0800 ERROR second command M105
2025-04-11T12:06:39.556438+0800 ERROR finish command M105
2025-04-11T12:06:39.556438+0800 ERROR SENT: G250 S21
2025-04-11T12:06:39.556438+0800 ERROR write command G250 S21
2025-04-11T12:06:39.556438+0800 ERROR second command G250 S21
2025-04-11T12:06:39.556438+0800 ERROR finish command G250 S21
2025-04-11T12:06:39.556438+0800 ERROR SENT: G250 S800
2025-04-11T12:06:39.556438+0800 ERROR write command G250 S800
2025-04-11T12:06:39.556438+0800 ERROR second command G250 S800
2025-04-11T12:06:39.557438+0800 ERROR finish command G250 S800
2025-04-11T12:06:39.557438+0800 ERROR SENT: M154 S1
2025-04-11T12:06:39.557438+0800 ERROR write command M154 S1
2025-04-11T12:06:39.557438+0800 ERROR second command M154 S1
2025-04-11T12:06:39.557438+0800 ERROR finish command M154 S1
2025-04-11T12:06:43.672588+0800 ERROR SENT: M105
2025-04-11T12:06:43.672588+0800 ERROR write command M105
2025-04-11T12:06:43.672588+0800 ERROR second command M105
2025-04-11T12:06:43.673589+0800 ERROR finish command M105
2025-04-11T12:06:43.673589+0800 ERROR SENT: G250 S21
2025-04-11T12:06:43.673589+0800 ERROR write command G250 S21
2025-04-11T12:06:43.674595+0800 ERROR second command G250 S21
2025-04-11T12:06:43.674595+0800 ERROR finish command G250 S21
2025-04-11T12:06:43.674595+0800 ERROR SENT: G250 S800
2025-04-11T12:06:43.674595+0800 ERROR write command G250 S800
2025-04-11T12:06:43.674595+0800 ERROR second command G250 S800
2025-04-11T12:06:43.675589+0800 ERROR finish command G250 S800
2025-04-11T12:06:43.675589+0800 ERROR SENT: M154 S1
2025-04-11T12:06:43.675589+0800 ERROR write command M154 S1
2025-04-11T12:06:43.675589+0800 ERROR second command M154 S1
2025-04-11T12:06:43.675589+0800 ERROR finish command M154 S1
2025-04-11T12:06:47.638687+0800 ERROR SENT: M105
2025-04-11T12:06:47.638687+0800 ERROR write command M105
2025-04-11T12:06:47.638687+0800 ERROR second command M105
2025-04-11T12:06:47.638687+0800 ERROR finish command M105
2025-04-11T12:06:47.638687+0800 ERROR SENT: G250 S21
2025-04-11T12:06:47.639617+0800 ERROR write command G250 S21
2025-04-11T12:06:47.639617+0800 ERROR second command G250 S21
2025-04-11T12:06:47.639617+0800 ERROR finish command G250 S21
2025-04-11T12:06:47.639617+0800 ERROR SENT: G250 S800
2025-04-11T12:06:47.639617+0800 ERROR write command G250 S800
2025-04-11T12:06:47.639617+0800 ERROR second command G250 S800
2025-04-11T12:06:47.639617+0800 ERROR finish command G250 S800
2025-04-11T12:06:47.639617+0800 ERROR SENT: M154 S1
2025-04-11T12:06:47.640617+0800 ERROR write command M154 S1
2025-04-11T12:06:47.640617+0800 ERROR second command M154 S1
2025-04-11T12:06:47.640617+0800 ERROR finish command M154 S1
