2025-04-07T15:12:34.750213+0800 INFO 设备已成功连接
2025-04-07T15:12:34.750213+0800 ERROR SENT: M105
2025-04-07T15:12:34.750213+0800 ERROR write command M105
2025-04-07T15:12:34.751213+0800 ERROR second command M105
2025-04-07T15:12:34.751213+0800 ERROR finish command M105
2025-04-07T15:12:34.751213+0800 ERROR SENT: G250 S21
2025-04-07T15:12:34.751213+0800 ERROR write command G250 S21
2025-04-07T15:12:34.752213+0800 ERROR second command G250 S21
2025-04-07T15:12:34.752213+0800 ERROR finish command G250 S21
2025-04-07T15:12:34.752213+0800 ERROR SENT: G250 S800
2025-04-07T15:12:34.752213+0800 ERROR write command G250 S800
2025-04-07T15:12:34.752213+0800 ERROR second command G250 S800
2025-04-07T15:12:34.752213+0800 ERROR finish command G250 S800
2025-04-07T15:12:34.752213+0800 ERROR SENT: M154 S1
2025-04-07T15:12:34.752213+0800 ERROR write command M154 S1
2025-04-07T15:12:34.753214+0800 ERROR second command M154 S1
2025-04-07T15:12:34.753214+0800 ERROR finish command M154 S1
2025-04-07T15:12:38.640671+0800 ERROR SENT: M105
2025-04-07T15:12:38.640671+0800 ERROR write command M105
2025-04-07T15:12:38.640671+0800 ERROR second command M105
2025-04-07T15:12:38.640671+0800 ERROR finish command M105
2025-04-07T15:12:38.640671+0800 ERROR SENT: G250 S21
2025-04-07T15:12:38.641663+0800 ERROR write command G250 S21
2025-04-07T15:12:38.641663+0800 ERROR second command G250 S21
2025-04-07T15:12:38.641663+0800 ERROR finish command G250 S21
2025-04-07T15:12:38.641663+0800 ERROR SENT: G250 S800
2025-04-07T15:12:38.641663+0800 ERROR write command G250 S800
2025-04-07T15:12:38.641663+0800 ERROR second command G250 S800
2025-04-07T15:12:38.641663+0800 ERROR finish command G250 S800
2025-04-07T15:12:38.641663+0800 ERROR SENT: M154 S1
2025-04-07T15:12:38.641663+0800 ERROR write command M154 S1
2025-04-07T15:12:38.642662+0800 ERROR second command M154 S1
2025-04-07T15:12:38.642662+0800 ERROR finish command M154 S1
2025-04-07T15:12:42.774500+0800 ERROR SENT: M105
2025-04-07T15:12:42.774500+0800 ERROR write command M105
2025-04-07T15:12:42.774500+0800 ERROR second command M105
2025-04-07T15:12:42.774500+0800 ERROR finish command M105
2025-04-07T15:12:42.774500+0800 ERROR SENT: G250 S21
2025-04-07T15:12:42.775427+0800 ERROR write command G250 S21
2025-04-07T15:12:42.775427+0800 ERROR second command G250 S21
2025-04-07T15:12:42.775427+0800 ERROR finish command G250 S21
2025-04-07T15:12:42.775427+0800 ERROR SENT: G250 S800
2025-04-07T15:12:42.775427+0800 ERROR write command G250 S800
2025-04-07T15:12:42.775427+0800 ERROR second command G250 S800
2025-04-07T15:12:42.775427+0800 ERROR finish command G250 S800
2025-04-07T15:12:42.776049+0800 ERROR SENT: M154 S1
2025-04-07T15:12:42.776049+0800 ERROR write command M154 S1
2025-04-07T15:12:42.776049+0800 ERROR second command M154 S1
2025-04-07T15:12:42.776049+0800 ERROR finish command M154 S1
2025-04-07T15:12:46.691913+0800 ERROR SENT: M105
2025-04-07T15:12:46.691913+0800 ERROR write command M105
2025-04-07T15:12:46.692804+0800 ERROR second command M105
2025-04-07T15:12:46.692804+0800 ERROR finish command M105
2025-04-07T15:12:46.692804+0800 ERROR SENT: G250 S21
2025-04-07T15:12:46.692804+0800 ERROR write command G250 S21
2025-04-07T15:12:46.692804+0800 ERROR second command G250 S21
2025-04-07T15:12:46.692804+0800 ERROR finish command G250 S21
2025-04-07T15:12:46.692804+0800 ERROR SENT: G250 S800
2025-04-07T15:12:46.693803+0800 ERROR write command G250 S800
2025-04-07T15:12:46.693803+0800 ERROR second command G250 S800
2025-04-07T15:12:46.693803+0800 ERROR finish command G250 S800
2025-04-07T15:12:46.693803+0800 ERROR SENT: M154 S1
2025-04-07T15:12:46.693803+0800 ERROR write command M154 S1
2025-04-07T15:12:46.693803+0800 ERROR second command M154 S1
2025-04-07T15:12:46.693803+0800 ERROR finish command M154 S1
2025-04-07T15:12:50.596567+0800 ERROR SENT: M105
2025-04-07T15:12:50.596567+0800 ERROR write command M105
2025-04-07T15:12:50.596567+0800 ERROR second command M105
2025-04-07T15:12:50.596567+0800 ERROR finish command M105
2025-04-07T15:12:50.597496+0800 ERROR SENT: G250 S21
2025-04-07T15:12:50.597496+0800 ERROR write command G250 S21
2025-04-07T15:12:50.597496+0800 ERROR second command G250 S21
2025-04-07T15:12:50.597496+0800 ERROR finish command G250 S21
2025-04-07T15:12:50.597496+0800 ERROR SENT: G250 S800
2025-04-07T15:12:50.597496+0800 ERROR write command G250 S800
2025-04-07T15:12:50.597496+0800 ERROR second command G250 S800
2025-04-07T15:12:50.597496+0800 ERROR finish command G250 S800
2025-04-07T15:12:50.597496+0800 ERROR SENT: M154 S1
2025-04-07T15:12:50.598495+0800 ERROR write command M154 S1
2025-04-07T15:12:50.598495+0800 ERROR second command M154 S1
2025-04-07T15:12:50.598495+0800 ERROR finish command M154 S1
2025-04-07T15:12:54.495893+0800 ERROR SENT: M105
2025-04-07T15:12:54.495893+0800 ERROR write command M105
2025-04-07T15:12:54.495893+0800 ERROR second command M105
2025-04-07T15:12:54.495893+0800 ERROR finish command M105
2025-04-07T15:12:54.495893+0800 ERROR SENT: G250 S21
2025-04-07T15:12:54.496907+0800 ERROR write command G250 S21
2025-04-07T15:12:54.496907+0800 ERROR second command G250 S21
2025-04-07T15:12:54.496907+0800 ERROR finish command G250 S21
2025-04-07T15:12:54.496907+0800 ERROR SENT: G250 S800
2025-04-07T15:12:54.496907+0800 ERROR write command G250 S800
2025-04-07T15:12:54.496907+0800 ERROR second command G250 S800
2025-04-07T15:12:54.496907+0800 ERROR finish command G250 S800
2025-04-07T15:12:54.496907+0800 ERROR SENT: M154 S1
2025-04-07T15:12:54.497901+0800 ERROR write command M154 S1
2025-04-07T15:12:54.497901+0800 ERROR second command M154 S1
2025-04-07T15:12:54.497901+0800 ERROR finish command M154 S1
2025-04-07T15:12:58.438905+0800 ERROR SENT: M105
2025-04-07T15:12:58.438905+0800 ERROR write command M105
2025-04-07T15:12:58.438905+0800 ERROR second command M105
2025-04-07T15:12:58.439895+0800 ERROR finish command M105
2025-04-07T15:12:58.439895+0800 ERROR SENT: G250 S21
2025-04-07T15:12:58.439895+0800 ERROR write command G250 S21
2025-04-07T15:12:58.439895+0800 ERROR second command G250 S21
2025-04-07T15:12:58.439895+0800 ERROR finish command G250 S21
2025-04-07T15:12:58.439895+0800 ERROR SENT: G250 S800
2025-04-07T15:12:58.439895+0800 ERROR write command G250 S800
2025-04-07T15:12:58.440895+0800 ERROR second command G250 S800
2025-04-07T15:12:58.440895+0800 ERROR finish command G250 S800
2025-04-07T15:12:58.440895+0800 ERROR SENT: M154 S1
2025-04-07T15:12:58.440895+0800 ERROR write command M154 S1
2025-04-07T15:12:58.440895+0800 ERROR second command M154 S1
2025-04-07T15:12:58.440895+0800 ERROR finish command M154 S1
2025-04-07T15:13:02.359765+0800 ERROR SENT: M105
2025-04-07T15:13:02.359765+0800 ERROR write command M105
2025-04-07T15:13:02.359765+0800 ERROR second command M105
2025-04-07T15:13:02.360657+0800 ERROR finish command M105
2025-04-07T15:13:02.360657+0800 ERROR SENT: G250 S21
2025-04-07T15:13:02.360657+0800 ERROR write command G250 S21
2025-04-07T15:13:02.360657+0800 ERROR second command G250 S21
2025-04-07T15:13:02.360657+0800 ERROR finish command G250 S21
2025-04-07T15:13:02.360657+0800 ERROR SENT: G250 S800
2025-04-07T15:13:02.360657+0800 ERROR write command G250 S800
2025-04-07T15:13:02.360657+0800 ERROR second command G250 S800
2025-04-07T15:13:02.361658+0800 ERROR finish command G250 S800
2025-04-07T15:13:02.361658+0800 ERROR SENT: M154 S1
2025-04-07T15:13:02.361658+0800 ERROR write command M154 S1
2025-04-07T15:13:02.361658+0800 ERROR second command M154 S1
2025-04-07T15:13:02.361658+0800 ERROR finish command M154 S1
2025-04-07T15:13:06.248902+0800 ERROR SENT: M105
2025-04-07T15:13:06.248902+0800 ERROR write command M105
2025-04-07T15:13:06.248902+0800 ERROR second command M105
2025-04-07T15:13:06.248902+0800 ERROR finish command M105
2025-04-07T15:13:06.249902+0800 ERROR SENT: G250 S21
2025-04-07T15:13:06.249902+0800 ERROR write command G250 S21
2025-04-07T15:13:06.249902+0800 ERROR second command G250 S21
2025-04-07T15:13:06.249902+0800 ERROR finish command G250 S21
2025-04-07T15:13:06.249902+0800 ERROR SENT: G250 S800
2025-04-07T15:13:06.249902+0800 ERROR write command G250 S800
2025-04-07T15:13:06.249902+0800 ERROR second command G250 S800
2025-04-07T15:13:06.249902+0800 ERROR finish command G250 S800
2025-04-07T15:13:06.249902+0800 ERROR SENT: M154 S1
2025-04-07T15:13:06.250895+0800 ERROR write command M154 S1
2025-04-07T15:13:06.250895+0800 ERROR second command M154 S1
2025-04-07T15:13:06.250895+0800 ERROR finish command M154 S1
2025-04-07T15:13:10.159658+0800 ERROR SENT: M105
2025-04-07T15:13:10.159658+0800 ERROR write command M105
2025-04-07T15:13:10.159658+0800 ERROR second command M105
2025-04-07T15:13:10.160648+0800 ERROR finish command M105
2025-04-07T15:13:10.160648+0800 ERROR SENT: G250 S21
2025-04-07T15:13:10.160648+0800 ERROR write command G250 S21
2025-04-07T15:13:10.160648+0800 ERROR second command G250 S21
2025-04-07T15:13:10.160648+0800 ERROR finish command G250 S21
2025-04-07T15:13:10.160648+0800 ERROR SENT: G250 S800
2025-04-07T15:13:10.160648+0800 ERROR write command G250 S800
2025-04-07T15:13:10.160648+0800 ERROR second command G250 S800
2025-04-07T15:13:10.160648+0800 ERROR finish command G250 S800
2025-04-07T15:13:10.160648+0800 ERROR SENT: M154 S1
2025-04-07T15:13:10.161648+0800 ERROR write command M154 S1
2025-04-07T15:13:10.161648+0800 ERROR second command M154 S1
2025-04-07T15:13:10.161648+0800 ERROR finish command M154 S1
2025-04-07T15:13:14.045162+0800 ERROR SENT: M105
2025-04-07T15:13:14.045162+0800 ERROR write command M105
2025-04-07T15:13:14.045162+0800 ERROR second command M105
2025-04-07T15:13:14.045162+0800 ERROR finish command M105
2025-04-07T15:13:14.046057+0800 ERROR SENT: G250 S21
2025-04-07T15:13:14.046057+0800 ERROR write command G250 S21
2025-04-07T15:13:14.046057+0800 ERROR second command G250 S21
2025-04-07T15:13:14.046057+0800 ERROR finish command G250 S21
2025-04-07T15:13:14.046057+0800 ERROR SENT: G250 S800
2025-04-07T15:13:14.046057+0800 ERROR write command G250 S800
2025-04-07T15:13:14.046057+0800 ERROR second command G250 S800
2025-04-07T15:13:14.046057+0800 ERROR finish command G250 S800
2025-04-07T15:13:14.046057+0800 ERROR SENT: M154 S1
2025-04-07T15:13:14.047057+0800 ERROR write command M154 S1
2025-04-07T15:13:14.047057+0800 ERROR second command M154 S1
2025-04-07T15:13:14.047057+0800 ERROR finish command M154 S1
2025-04-07T15:13:17.978791+0800 ERROR SENT: M105
2025-04-07T15:13:17.978791+0800 ERROR write command M105
2025-04-07T15:13:17.978791+0800 ERROR second command M105
2025-04-07T15:13:17.979791+0800 ERROR finish command M105
2025-04-07T15:13:17.979791+0800 ERROR SENT: G250 S21
2025-04-07T15:13:17.979791+0800 ERROR write command G250 S21
2025-04-07T15:13:17.979791+0800 ERROR second command G250 S21
2025-04-07T15:13:17.979791+0800 ERROR finish command G250 S21
2025-04-07T15:13:17.980791+0800 ERROR SENT: G250 S800
2025-04-07T15:13:17.980791+0800 ERROR write command G250 S800
2025-04-07T15:13:17.980791+0800 ERROR second command G250 S800
2025-04-07T15:13:17.980791+0800 ERROR finish command G250 S800
2025-04-07T15:13:17.980791+0800 ERROR SENT: M154 S1
2025-04-07T15:13:17.980791+0800 ERROR write command M154 S1
2025-04-07T15:13:17.980791+0800 ERROR second command M154 S1
2025-04-07T15:13:17.981791+0800 ERROR finish command M154 S1
2025-04-07T15:13:21.892097+0800 ERROR SENT: M105
2025-04-07T15:13:21.892097+0800 ERROR write command M105
2025-04-07T15:13:21.892097+0800 ERROR second command M105
2025-04-07T15:13:21.892097+0800 ERROR finish command M105
2025-04-07T15:13:21.892988+0800 ERROR SENT: G250 S21
2025-04-07T15:13:21.892988+0800 ERROR write command G250 S21
2025-04-07T15:13:21.892988+0800 ERROR second command G250 S21
2025-04-07T15:13:21.892988+0800 ERROR finish command G250 S21
2025-04-07T15:13:21.892988+0800 ERROR SENT: G250 S800
2025-04-07T15:13:21.892988+0800 ERROR write command G250 S800
2025-04-07T15:13:21.892988+0800 ERROR second command G250 S800
2025-04-07T15:13:21.892988+0800 ERROR finish command G250 S800
2025-04-07T15:13:21.892988+0800 ERROR SENT: M154 S1
2025-04-07T15:13:21.893988+0800 ERROR write command M154 S1
2025-04-07T15:13:21.893988+0800 ERROR second command M154 S1
2025-04-07T15:13:21.893988+0800 ERROR finish command M154 S1
2025-04-07T15:13:25.830518+0800 ERROR SENT: M105
2025-04-07T15:13:25.830518+0800 ERROR write command M105
2025-04-07T15:13:25.830518+0800 ERROR second command M105
2025-04-07T15:13:25.830518+0800 ERROR finish command M105
2025-04-07T15:13:25.831448+0800 ERROR SENT: G250 S21
2025-04-07T15:13:25.831448+0800 ERROR write command G250 S21
2025-04-07T15:13:25.831448+0800 ERROR second command G250 S21
2025-04-07T15:13:25.831448+0800 ERROR finish command G250 S21
2025-04-07T15:13:25.831448+0800 ERROR SENT: G250 S800
2025-04-07T15:13:25.831448+0800 ERROR write command G250 S800
2025-04-07T15:13:25.832450+0800 ERROR second command G250 S800
2025-04-07T15:13:25.832450+0800 ERROR finish command G250 S800
2025-04-07T15:13:25.832450+0800 ERROR SENT: M154 S1
2025-04-07T15:13:25.832450+0800 ERROR write command M154 S1
2025-04-07T15:13:25.833450+0800 ERROR second command M154 S1
2025-04-07T15:13:25.833450+0800 ERROR finish command M154 S1
2025-04-07T15:13:29.728043+0800 ERROR SENT: M105
2025-04-07T15:13:29.728043+0800 ERROR write command M105
2025-04-07T15:13:29.728043+0800 ERROR second command M105
2025-04-07T15:13:29.728043+0800 ERROR finish command M105
2025-04-07T15:13:29.728043+0800 ERROR SENT: G250 S21
2025-04-07T15:13:29.728043+0800 ERROR write command G250 S21
2025-04-07T15:13:29.728043+0800 ERROR second command G250 S21
2025-04-07T15:13:29.729051+0800 ERROR finish command G250 S21
2025-04-07T15:13:29.729051+0800 ERROR SENT: G250 S800
2025-04-07T15:13:29.729051+0800 ERROR write command G250 S800
2025-04-07T15:13:29.729051+0800 ERROR second command G250 S800
2025-04-07T15:13:29.729051+0800 ERROR finish command G250 S800
2025-04-07T15:13:29.729051+0800 ERROR SENT: M154 S1
2025-04-07T15:13:29.730145+0800 ERROR write command M154 S1
2025-04-07T15:13:29.730145+0800 ERROR second command M154 S1
2025-04-07T15:13:29.730145+0800 ERROR finish command M154 S1
2025-04-07T15:13:33.622952+0800 ERROR SENT: M105
2025-04-07T15:13:33.622952+0800 ERROR write command M105
2025-04-07T15:13:33.622952+0800 ERROR second command M105
2025-04-07T15:13:33.622952+0800 ERROR finish command M105
2025-04-07T15:13:33.622952+0800 ERROR SENT: G250 S21
2025-04-07T15:13:33.623874+0800 ERROR write command G250 S21
2025-04-07T15:13:33.623874+0800 ERROR second command G250 S21
2025-04-07T15:13:33.623874+0800 ERROR finish command G250 S21
2025-04-07T15:13:33.623874+0800 ERROR SENT: G250 S800
2025-04-07T15:13:33.623874+0800 ERROR write command G250 S800
2025-04-07T15:13:33.623874+0800 ERROR second command G250 S800
2025-04-07T15:13:33.623874+0800 ERROR finish command G250 S800
2025-04-07T15:13:33.623874+0800 ERROR SENT: M154 S1
2025-04-07T15:13:33.624877+0800 ERROR write command M154 S1
2025-04-07T15:13:33.624877+0800 ERROR second command M154 S1
2025-04-07T15:13:33.624877+0800 ERROR finish command M154 S1
2025-04-07T15:13:37.523447+0800 ERROR SENT: M105
2025-04-07T15:13:37.523447+0800 ERROR write command M105
2025-04-07T15:13:37.523447+0800 ERROR second command M105
2025-04-07T15:13:37.523447+0800 ERROR finish command M105
2025-04-07T15:13:37.524367+0800 ERROR SENT: G250 S21
2025-04-07T15:13:37.524367+0800 ERROR write command G250 S21
2025-04-07T15:13:37.524367+0800 ERROR second command G250 S21
2025-04-07T15:13:37.524367+0800 ERROR finish command G250 S21
2025-04-07T15:13:37.524367+0800 ERROR SENT: G250 S800
2025-04-07T15:13:37.524367+0800 ERROR write command G250 S800
2025-04-07T15:13:37.524367+0800 ERROR second command G250 S800
2025-04-07T15:13:37.524367+0800 ERROR finish command G250 S800
2025-04-07T15:13:37.524367+0800 ERROR SENT: M154 S1
2025-04-07T15:13:37.525368+0800 ERROR write command M154 S1
2025-04-07T15:13:37.525368+0800 ERROR second command M154 S1
2025-04-07T15:13:37.525368+0800 ERROR finish command M154 S1
2025-04-07T15:13:41.454575+0800 ERROR SENT: M105
2025-04-07T15:13:41.454575+0800 ERROR write command M105
2025-04-07T15:13:41.455483+0800 ERROR second command M105
2025-04-07T15:13:41.455483+0800 ERROR finish command M105
2025-04-07T15:13:41.455483+0800 ERROR SENT: G250 S21
2025-04-07T15:13:41.455483+0800 ERROR write command G250 S21
2025-04-07T15:13:41.455483+0800 ERROR second command G250 S21
2025-04-07T15:13:41.455483+0800 ERROR finish command G250 S21
2025-04-07T15:13:41.455483+0800 ERROR SENT: G250 S800
2025-04-07T15:13:41.455483+0800 ERROR write command G250 S800
2025-04-07T15:13:41.455483+0800 ERROR second command G250 S800
2025-04-07T15:13:41.455483+0800 ERROR finish command G250 S800
2025-04-07T15:13:41.456490+0800 ERROR SENT: M154 S1
2025-04-07T15:13:41.456490+0800 ERROR write command M154 S1
2025-04-07T15:13:41.456490+0800 ERROR second command M154 S1
2025-04-07T15:13:41.456490+0800 ERROR finish command M154 S1
2025-04-07T15:13:45.358441+0800 ERROR SENT: M105
2025-04-07T15:13:45.358441+0800 ERROR write command M105
2025-04-07T15:13:45.358441+0800 ERROR second command M105
2025-04-07T15:13:45.359368+0800 ERROR finish command M105
2025-04-07T15:13:45.359368+0800 ERROR SENT: G250 S21
2025-04-07T15:13:45.359368+0800 ERROR write command G250 S21
2025-04-07T15:13:45.359368+0800 ERROR second command G250 S21
2025-04-07T15:13:45.359368+0800 ERROR finish command G250 S21
2025-04-07T15:13:45.359368+0800 ERROR SENT: G250 S800
2025-04-07T15:13:45.359368+0800 ERROR write command G250 S800
2025-04-07T15:13:45.359368+0800 ERROR second command G250 S800
2025-04-07T15:13:45.359368+0800 ERROR finish command G250 S800
2025-04-07T15:13:45.360369+0800 ERROR SENT: M154 S1
2025-04-07T15:13:45.360369+0800 ERROR write command M154 S1
2025-04-07T15:13:45.360369+0800 ERROR second command M154 S1
2025-04-07T15:13:45.360369+0800 ERROR finish command M154 S1
2025-04-07T15:13:49.263508+0800 ERROR SENT: M105
2025-04-07T15:13:49.263508+0800 ERROR write command M105
2025-04-07T15:13:49.263508+0800 ERROR second command M105
2025-04-07T15:13:49.263508+0800 ERROR finish command M105
2025-04-07T15:13:49.263508+0800 ERROR SENT: G250 S21
2025-04-07T15:13:49.264428+0800 ERROR write command G250 S21
2025-04-07T15:13:49.264428+0800 ERROR second command G250 S21
2025-04-07T15:13:49.264428+0800 ERROR finish command G250 S21
2025-04-07T15:13:49.264428+0800 ERROR SENT: G250 S800
2025-04-07T15:13:49.264428+0800 ERROR write command G250 S800
2025-04-07T15:13:49.264428+0800 ERROR second command G250 S800
2025-04-07T15:13:49.264428+0800 ERROR finish command G250 S800
2025-04-07T15:13:49.264428+0800 ERROR SENT: M154 S1
2025-04-07T15:13:49.264428+0800 ERROR write command M154 S1
2025-04-07T15:13:49.265428+0800 ERROR second command M154 S1
2025-04-07T15:13:49.265428+0800 ERROR finish command M154 S1
2025-04-07T15:13:53.182183+0800 ERROR SENT: M105
2025-04-07T15:13:53.182183+0800 ERROR write command M105
2025-04-07T15:13:53.182183+0800 ERROR second command M105
2025-04-07T15:13:53.182183+0800 ERROR finish command M105
2025-04-07T15:13:53.182183+0800 ERROR SENT: G250 S21
2025-04-07T15:13:53.182183+0800 ERROR write command G250 S21
2025-04-07T15:13:53.183183+0800 ERROR second command G250 S21
2025-04-07T15:13:53.183183+0800 ERROR finish command G250 S21
2025-04-07T15:13:53.183183+0800 ERROR SENT: G250 S800
2025-04-07T15:13:53.183183+0800 ERROR write command G250 S800
2025-04-07T15:13:53.183183+0800 ERROR second command G250 S800
2025-04-07T15:13:53.183183+0800 ERROR finish command G250 S800
2025-04-07T15:13:53.183183+0800 ERROR SENT: M154 S1
2025-04-07T15:13:53.183183+0800 ERROR write command M154 S1
2025-04-07T15:13:53.183183+0800 ERROR second command M154 S1
2025-04-07T15:13:53.184182+0800 ERROR finish command M154 S1
2025-04-07T15:13:57.111837+0800 ERROR SENT: M105
2025-04-07T15:13:57.111837+0800 ERROR write command M105
2025-04-07T15:13:57.111837+0800 ERROR second command M105
2025-04-07T15:13:57.112837+0800 ERROR finish command M105
2025-04-07T15:13:57.112837+0800 ERROR SENT: G250 S21
2025-04-07T15:13:57.112837+0800 ERROR write command G250 S21
2025-04-07T15:13:57.112837+0800 ERROR second command G250 S21
2025-04-07T15:13:57.112837+0800 ERROR finish command G250 S21
2025-04-07T15:13:57.112837+0800 ERROR SENT: G250 S800
2025-04-07T15:13:57.112837+0800 ERROR write command G250 S800
2025-04-07T15:13:57.112837+0800 ERROR second command G250 S800
2025-04-07T15:13:57.112837+0800 ERROR finish command G250 S800
2025-04-07T15:13:57.113838+0800 ERROR SENT: M154 S1
2025-04-07T15:13:57.113838+0800 ERROR write command M154 S1
2025-04-07T15:13:57.113838+0800 ERROR second command M154 S1
2025-04-07T15:13:57.113838+0800 ERROR finish command M154 S1
2025-04-07T15:14:01.041906+0800 ERROR SENT: M105
2025-04-07T15:14:01.041906+0800 ERROR write command M105
2025-04-07T15:14:01.041906+0800 ERROR second command M105
2025-04-07T15:14:01.041906+0800 ERROR finish command M105
2025-04-07T15:14:01.041906+0800 ERROR SENT: G250 S21
2025-04-07T15:14:01.041906+0800 ERROR write command G250 S21
2025-04-07T15:14:01.042839+0800 ERROR second command G250 S21
2025-04-07T15:14:01.042839+0800 ERROR finish command G250 S21
2025-04-07T15:14:01.042839+0800 ERROR SENT: G250 S800
2025-04-07T15:14:01.042839+0800 ERROR write command G250 S800
2025-04-07T15:14:01.042839+0800 ERROR second command G250 S800
2025-04-07T15:14:01.042839+0800 ERROR finish command G250 S800
2025-04-07T15:14:01.042839+0800 ERROR SENT: M154 S1
2025-04-07T15:14:01.043839+0800 ERROR write command M154 S1
2025-04-07T15:14:01.043839+0800 ERROR second command M154 S1
2025-04-07T15:14:01.043839+0800 ERROR finish command M154 S1
2025-04-07T15:14:04.937501+0800 ERROR SENT: M105
2025-04-07T15:14:04.937501+0800 ERROR write command M105
2025-04-07T15:14:04.938414+0800 ERROR second command M105
2025-04-07T15:14:04.938414+0800 ERROR finish command M105
2025-04-07T15:14:04.938414+0800 ERROR SENT: G250 S21
2025-04-07T15:14:04.938414+0800 ERROR write command G250 S21
2025-04-07T15:14:04.938414+0800 ERROR second command G250 S21
2025-04-07T15:14:04.938414+0800 ERROR finish command G250 S21
2025-04-07T15:14:04.938414+0800 ERROR SENT: G250 S800
2025-04-07T15:14:04.938414+0800 ERROR write command G250 S800
2025-04-07T15:14:04.938414+0800 ERROR second command G250 S800
2025-04-07T15:14:04.939412+0800 ERROR finish command G250 S800
2025-04-07T15:14:04.939412+0800 ERROR SENT: M154 S1
2025-04-07T15:14:04.939412+0800 ERROR write command M154 S1
2025-04-07T15:14:04.939412+0800 ERROR second command M154 S1
2025-04-07T15:14:04.939412+0800 ERROR finish command M154 S1
2025-04-07T15:14:08.865688+0800 ERROR SENT: M105
2025-04-07T15:14:08.865688+0800 ERROR write command M105
2025-04-07T15:14:08.865688+0800 ERROR second command M105
2025-04-07T15:14:08.865688+0800 ERROR finish command M105
2025-04-07T15:14:08.866688+0800 ERROR SENT: G250 S21
2025-04-07T15:14:08.866688+0800 ERROR write command G250 S21
2025-04-07T15:14:08.866688+0800 ERROR second command G250 S21
2025-04-07T15:14:08.866688+0800 ERROR finish command G250 S21
2025-04-07T15:14:08.866688+0800 ERROR SENT: G250 S800
2025-04-07T15:14:08.866688+0800 ERROR write command G250 S800
2025-04-07T15:14:08.866688+0800 ERROR second command G250 S800
2025-04-07T15:14:08.866688+0800 ERROR finish command G250 S800
2025-04-07T15:14:08.866688+0800 ERROR SENT: M154 S1
2025-04-07T15:14:08.866688+0800 ERROR write command M154 S1
2025-04-07T15:14:08.867697+0800 ERROR second command M154 S1
2025-04-07T15:14:08.867697+0800 ERROR finish command M154 S1
2025-04-07T15:14:12.820307+0800 ERROR SENT: M105
2025-04-07T15:14:12.820307+0800 ERROR write command M105
2025-04-07T15:14:12.821224+0800 ERROR second command M105
2025-04-07T15:14:12.821224+0800 ERROR finish command M105
2025-04-07T15:14:12.821224+0800 ERROR SENT: G250 S21
2025-04-07T15:14:12.821224+0800 ERROR write command G250 S21
2025-04-07T15:14:12.821224+0800 ERROR second command G250 S21
2025-04-07T15:14:12.821224+0800 ERROR finish command G250 S21
2025-04-07T15:14:12.821224+0800 ERROR SENT: G250 S800
2025-04-07T15:14:12.821224+0800 ERROR write command G250 S800
2025-04-07T15:14:12.821224+0800 ERROR second command G250 S800
2025-04-07T15:14:12.822223+0800 ERROR finish command G250 S800
2025-04-07T15:14:12.822223+0800 ERROR SENT: M154 S1
2025-04-07T15:14:12.822223+0800 ERROR write command M154 S1
2025-04-07T15:14:12.822223+0800 ERROR second command M154 S1
2025-04-07T15:14:12.823225+0800 ERROR finish command M154 S1
2025-04-07T15:14:16.745043+0800 ERROR SENT: M105
2025-04-07T15:14:16.745043+0800 ERROR write command M105
2025-04-07T15:14:16.745043+0800 ERROR second command M105
2025-04-07T15:14:16.745043+0800 ERROR finish command M105
2025-04-07T15:14:16.745043+0800 ERROR SENT: G250 S21
2025-04-07T15:14:16.745043+0800 ERROR write command G250 S21
2025-04-07T15:14:16.746041+0800 ERROR second command G250 S21
2025-04-07T15:14:16.746041+0800 ERROR finish command G250 S21
2025-04-07T15:14:16.746041+0800 ERROR SENT: G250 S800
2025-04-07T15:14:16.746041+0800 ERROR write command G250 S800
2025-04-07T15:14:16.746041+0800 ERROR second command G250 S800
2025-04-07T15:14:16.746041+0800 ERROR finish command G250 S800
2025-04-07T15:14:16.746041+0800 ERROR SENT: M154 S1
2025-04-07T15:14:16.747042+0800 ERROR write command M154 S1
2025-04-07T15:14:16.747042+0800 ERROR second command M154 S1
2025-04-07T15:14:16.747042+0800 ERROR finish command M154 S1
2025-04-07T15:14:20.651752+0800 ERROR SENT: M105
2025-04-07T15:14:20.651752+0800 ERROR write command M105
2025-04-07T15:14:20.651752+0800 ERROR second command M105
2025-04-07T15:14:20.651752+0800 ERROR finish command M105
2025-04-07T15:14:20.652745+0800 ERROR SENT: G250 S21
2025-04-07T15:14:20.652745+0800 ERROR write command G250 S21
2025-04-07T15:14:20.652745+0800 ERROR second command G250 S21
2025-04-07T15:14:20.652745+0800 ERROR finish command G250 S21
2025-04-07T15:14:20.652745+0800 ERROR SENT: G250 S800
2025-04-07T15:14:20.652745+0800 ERROR write command G250 S800
2025-04-07T15:14:20.652745+0800 ERROR second command G250 S800
2025-04-07T15:14:20.652745+0800 ERROR finish command G250 S800
2025-04-07T15:14:20.653743+0800 ERROR SENT: M154 S1
2025-04-07T15:14:20.653743+0800 ERROR write command M154 S1
2025-04-07T15:14:20.653743+0800 ERROR second command M154 S1
2025-04-07T15:14:20.653743+0800 ERROR finish command M154 S1
2025-04-07T15:14:24.581340+0800 ERROR SENT: M105
2025-04-07T15:14:24.581340+0800 ERROR write command M105
2025-04-07T15:14:24.581340+0800 ERROR second command M105
2025-04-07T15:14:24.582299+0800 ERROR finish command M105
2025-04-07T15:14:24.582299+0800 ERROR SENT: G250 S21
2025-04-07T15:14:24.582299+0800 ERROR write command G250 S21
2025-04-07T15:14:24.582299+0800 ERROR second command G250 S21
2025-04-07T15:14:24.582299+0800 ERROR finish command G250 S21
2025-04-07T15:14:24.583225+0800 ERROR SENT: G250 S800
2025-04-07T15:14:24.583225+0800 ERROR write command G250 S800
2025-04-07T15:14:24.583225+0800 ERROR second command G250 S800
2025-04-07T15:14:24.583225+0800 ERROR finish command G250 S800
2025-04-07T15:14:24.583225+0800 ERROR SENT: M154 S1
2025-04-07T15:14:24.583225+0800 ERROR write command M154 S1
2025-04-07T15:14:24.583225+0800 ERROR second command M154 S1
2025-04-07T15:14:24.584222+0800 ERROR finish command M154 S1
2025-04-07T15:14:28.515465+0800 ERROR SENT: M105
2025-04-07T15:14:28.515465+0800 ERROR write command M105
2025-04-07T15:14:28.515465+0800 ERROR second command M105
2025-04-07T15:14:28.515465+0800 ERROR finish command M105
2025-04-07T15:14:28.515465+0800 ERROR SENT: G250 S21
2025-04-07T15:14:28.516393+0800 ERROR write command G250 S21
2025-04-07T15:14:28.516393+0800 ERROR second command G250 S21
2025-04-07T15:14:28.516393+0800 ERROR finish command G250 S21
2025-04-07T15:14:28.516393+0800 ERROR SENT: G250 S800
2025-04-07T15:14:28.516393+0800 ERROR write command G250 S800
2025-04-07T15:14:28.516393+0800 ERROR second command G250 S800
2025-04-07T15:14:28.516393+0800 ERROR finish command G250 S800
2025-04-07T15:14:28.517394+0800 ERROR SENT: M154 S1
2025-04-07T15:14:28.517394+0800 ERROR write command M154 S1
2025-04-07T15:14:28.517394+0800 ERROR second command M154 S1
2025-04-07T15:14:28.517394+0800 ERROR finish command M154 S1
2025-04-07T15:14:32.448349+0800 ERROR SENT: M105
2025-04-07T15:14:32.448349+0800 ERROR write command M105
2025-04-07T15:14:32.448349+0800 ERROR second command M105
2025-04-07T15:14:32.448349+0800 ERROR finish command M105
2025-04-07T15:14:32.449341+0800 ERROR SENT: G250 S21
2025-04-07T15:14:32.449341+0800 ERROR write command G250 S21
2025-04-07T15:14:32.449341+0800 ERROR second command G250 S21
2025-04-07T15:14:32.449341+0800 ERROR finish command G250 S21
2025-04-07T15:14:32.449341+0800 ERROR SENT: G250 S800
2025-04-07T15:14:32.449341+0800 ERROR write command G250 S800
2025-04-07T15:14:32.449341+0800 ERROR second command G250 S800
2025-04-07T15:14:32.449341+0800 ERROR finish command G250 S800
2025-04-07T15:14:32.449341+0800 ERROR SENT: M154 S1
2025-04-07T15:14:32.449341+0800 ERROR write command M154 S1
2025-04-07T15:14:32.450351+0800 ERROR second command M154 S1
2025-04-07T15:14:32.450351+0800 ERROR finish command M154 S1
2025-04-07T15:14:36.332430+0800 ERROR SENT: M105
2025-04-07T15:14:36.332430+0800 ERROR write command M105
2025-04-07T15:14:36.332430+0800 ERROR second command M105
2025-04-07T15:14:36.333427+0800 ERROR finish command M105
2025-04-07T15:14:36.333427+0800 ERROR SENT: G250 S21
2025-04-07T15:14:36.333427+0800 ERROR write command G250 S21
2025-04-07T15:14:36.333427+0800 ERROR second command G250 S21
2025-04-07T15:14:36.333427+0800 ERROR finish command G250 S21
2025-04-07T15:14:36.334426+0800 ERROR SENT: G250 S800
2025-04-07T15:14:36.334426+0800 ERROR write command G250 S800
2025-04-07T15:14:36.334426+0800 ERROR second command G250 S800
2025-04-07T15:14:36.334426+0800 ERROR finish command G250 S800
2025-04-07T15:14:36.334426+0800 ERROR SENT: M154 S1
2025-04-07T15:14:36.334426+0800 ERROR write command M154 S1
2025-04-07T15:14:36.335428+0800 ERROR second command M154 S1
2025-04-07T15:14:36.335428+0800 ERROR finish command M154 S1
2025-04-07T15:14:40.248046+0800 ERROR SENT: M105
2025-04-07T15:14:40.248046+0800 ERROR write command M105
2025-04-07T15:14:40.248046+0800 ERROR second command M105
2025-04-07T15:14:40.248046+0800 ERROR finish command M105
2025-04-07T15:14:40.248046+0800 ERROR SENT: G250 S21
2025-04-07T15:14:40.248046+0800 ERROR write command G250 S21
2025-04-07T15:14:40.248046+0800 ERROR second command G250 S21
2025-04-07T15:14:40.249038+0800 ERROR finish command G250 S21
2025-04-07T15:14:40.249038+0800 ERROR SENT: G250 S800
2025-04-07T15:14:40.249038+0800 ERROR write command G250 S800
2025-04-07T15:14:40.249038+0800 ERROR second command G250 S800
2025-04-07T15:14:40.249038+0800 ERROR finish command G250 S800
2025-04-07T15:14:40.249038+0800 ERROR SENT: M154 S1
2025-04-07T15:14:40.249038+0800 ERROR write command M154 S1
2025-04-07T15:14:40.249038+0800 ERROR second command M154 S1
2025-04-07T15:14:40.250038+0800 ERROR finish command M154 S1
2025-04-07T15:14:44.151050+0800 ERROR SENT: M105
2025-04-07T15:14:44.151050+0800 ERROR write command M105
2025-04-07T15:14:44.151050+0800 ERROR second command M105
2025-04-07T15:14:44.151050+0800 ERROR finish command M105
2025-04-07T15:14:44.151050+0800 ERROR SENT: G250 S21
2025-04-07T15:14:44.151050+0800 ERROR write command G250 S21
2025-04-07T15:14:44.151050+0800 ERROR second command G250 S21
2025-04-07T15:14:44.152041+0800 ERROR finish command G250 S21
2025-04-07T15:14:44.152041+0800 ERROR SENT: G250 S800
2025-04-07T15:14:44.152041+0800 ERROR write command G250 S800
2025-04-07T15:14:44.152041+0800 ERROR second command G250 S800
2025-04-07T15:14:44.152041+0800 ERROR finish command G250 S800
2025-04-07T15:14:44.152041+0800 ERROR SENT: M154 S1
2025-04-07T15:14:44.152041+0800 ERROR write command M154 S1
2025-04-07T15:14:44.152041+0800 ERROR second command M154 S1
2025-04-07T15:14:44.153042+0800 ERROR finish command M154 S1
2025-04-07T15:14:48.090171+0800 ERROR SENT: M105
2025-04-07T15:14:48.090171+0800 ERROR write command M105
2025-04-07T15:14:48.090171+0800 ERROR second command M105
2025-04-07T15:14:48.091096+0800 ERROR finish command M105
2025-04-07T15:14:48.091096+0800 ERROR SENT: G250 S21
2025-04-07T15:14:48.091096+0800 ERROR write command G250 S21
2025-04-07T15:14:48.091096+0800 ERROR second command G250 S21
2025-04-07T15:14:48.091096+0800 ERROR finish command G250 S21
2025-04-07T15:14:48.091096+0800 ERROR SENT: G250 S800
2025-04-07T15:14:48.092095+0800 ERROR write command G250 S800
2025-04-07T15:14:48.092095+0800 ERROR second command G250 S800
2025-04-07T15:14:48.092095+0800 ERROR finish command G250 S800
2025-04-07T15:14:48.092095+0800 ERROR SENT: M154 S1
2025-04-07T15:14:48.092095+0800 ERROR write command M154 S1
2025-04-07T15:14:48.092095+0800 ERROR second command M154 S1
2025-04-07T15:14:48.093128+0800 ERROR finish command M154 S1
2025-04-07T15:14:52.030160+0800 ERROR SENT: M105
2025-04-07T15:14:52.030160+0800 ERROR write command M105
2025-04-07T15:14:52.030160+0800 ERROR second command M105
2025-04-07T15:14:52.031069+0800 ERROR finish command M105
2025-04-07T15:14:52.031069+0800 ERROR SENT: G250 S21
2025-04-07T15:14:52.031069+0800 ERROR write command G250 S21
2025-04-07T15:14:52.031069+0800 ERROR second command G250 S21
2025-04-07T15:14:52.031069+0800 ERROR finish command G250 S21
2025-04-07T15:14:52.031069+0800 ERROR SENT: G250 S800
2025-04-07T15:14:52.031069+0800 ERROR write command G250 S800
2025-04-07T15:14:52.032067+0800 ERROR second command G250 S800
2025-04-07T15:14:52.032067+0800 ERROR finish command G250 S800
2025-04-07T15:14:52.032067+0800 ERROR SENT: M154 S1
2025-04-07T15:14:52.032067+0800 ERROR write command M154 S1
2025-04-07T15:14:52.032067+0800 ERROR second command M154 S1
2025-04-07T15:14:52.032067+0800 ERROR finish command M154 S1
2025-04-07T15:14:55.927692+0800 ERROR SENT: M105
2025-04-07T15:14:55.927692+0800 ERROR write command M105
2025-04-07T15:14:55.927692+0800 ERROR second command M105
2025-04-07T15:14:55.927692+0800 ERROR finish command M105
2025-04-07T15:14:55.928603+0800 ERROR SENT: G250 S21
2025-04-07T15:14:55.928603+0800 ERROR write command G250 S21
2025-04-07T15:14:55.928603+0800 ERROR second command G250 S21
2025-04-07T15:14:55.928603+0800 ERROR finish command G250 S21
2025-04-07T15:14:55.928603+0800 ERROR SENT: G250 S800
2025-04-07T15:14:55.928603+0800 ERROR write command G250 S800
2025-04-07T15:14:55.928603+0800 ERROR second command G250 S800
2025-04-07T15:14:55.928603+0800 ERROR finish command G250 S800
2025-04-07T15:14:55.928603+0800 ERROR SENT: M154 S1
2025-04-07T15:14:55.929603+0800 ERROR write command M154 S1
2025-04-07T15:14:55.929603+0800 ERROR second command M154 S1
2025-04-07T15:14:55.929603+0800 ERROR finish command M154 S1
2025-04-07T15:14:59.840282+0800 ERROR SENT: M105
2025-04-07T15:14:59.840282+0800 ERROR write command M105
2025-04-07T15:14:59.840282+0800 ERROR second command M105
2025-04-07T15:14:59.841283+0800 ERROR finish command M105
2025-04-07T15:14:59.841283+0800 ERROR SENT: G250 S21
2025-04-07T15:14:59.841283+0800 ERROR write command G250 S21
2025-04-07T15:14:59.841283+0800 ERROR second command G250 S21
2025-04-07T15:14:59.841283+0800 ERROR finish command G250 S21
2025-04-07T15:14:59.841283+0800 ERROR SENT: G250 S800
2025-04-07T15:14:59.841283+0800 ERROR write command G250 S800
2025-04-07T15:14:59.841283+0800 ERROR second command G250 S800
2025-04-07T15:14:59.842283+0800 ERROR finish command G250 S800
2025-04-07T15:14:59.842283+0800 ERROR SENT: M154 S1
2025-04-07T15:14:59.842283+0800 ERROR write command M154 S1
2025-04-07T15:14:59.842283+0800 ERROR second command M154 S1
2025-04-07T15:14:59.843283+0800 ERROR finish command M154 S1
2025-04-07T15:15:03.760287+0800 ERROR SENT: M105
2025-04-07T15:15:03.760287+0800 ERROR write command M105
2025-04-07T15:15:03.760287+0800 ERROR second command M105
2025-04-07T15:15:03.760287+0800 ERROR finish command M105
2025-04-07T15:15:03.760287+0800 ERROR SENT: G250 S21
2025-04-07T15:15:03.761288+0800 ERROR write command G250 S21
2025-04-07T15:15:03.761288+0800 ERROR second command G250 S21
2025-04-07T15:15:03.761288+0800 ERROR finish command G250 S21
2025-04-07T15:15:03.761288+0800 ERROR SENT: G250 S800
2025-04-07T15:15:03.761288+0800 ERROR write command G250 S800
2025-04-07T15:15:03.761288+0800 ERROR second command G250 S800
2025-04-07T15:15:03.761288+0800 ERROR finish command G250 S800
2025-04-07T15:15:03.797287+0800 ERROR SENT: M154 S1
2025-04-07T15:15:03.798287+0800 ERROR write command M154 S1
2025-04-07T15:15:03.798287+0800 ERROR second command M154 S1
2025-04-07T15:15:03.799289+0800 ERROR finish command M154 S1
2025-04-07T15:15:07.765763+0800 ERROR SENT: M105
2025-04-07T15:15:07.765763+0800 ERROR write command M105
2025-04-07T15:15:07.765763+0800 ERROR second command M105
2025-04-07T15:15:07.765763+0800 ERROR finish command M105
2025-04-07T15:15:07.766763+0800 ERROR SENT: G250 S21
2025-04-07T15:15:07.766763+0800 ERROR write command G250 S21
2025-04-07T15:15:07.766763+0800 ERROR second command G250 S21
2025-04-07T15:15:07.766763+0800 ERROR finish command G250 S21
2025-04-07T15:15:07.766763+0800 ERROR SENT: G250 S800
2025-04-07T15:15:07.767763+0800 ERROR write command G250 S800
2025-04-07T15:15:07.767763+0800 ERROR second command G250 S800
2025-04-07T15:15:07.767763+0800 ERROR finish command G250 S800
2025-04-07T15:15:07.767763+0800 ERROR SENT: M154 S1
2025-04-07T15:15:07.767763+0800 ERROR write command M154 S1
2025-04-07T15:15:07.767763+0800 ERROR second command M154 S1
2025-04-07T15:15:07.768763+0800 ERROR finish command M154 S1
2025-04-07T15:15:11.654471+0800 ERROR SENT: M105
2025-04-07T15:15:11.654471+0800 ERROR write command M105
2025-04-07T15:15:11.655370+0800 ERROR second command M105
2025-04-07T15:15:11.655370+0800 ERROR finish command M105
2025-04-07T15:15:11.655370+0800 ERROR SENT: G250 S21
2025-04-07T15:15:11.655370+0800 ERROR write command G250 S21
2025-04-07T15:15:11.655370+0800 ERROR second command G250 S21
2025-04-07T15:15:11.655370+0800 ERROR finish command G250 S21
2025-04-07T15:15:11.655370+0800 ERROR SENT: G250 S800
2025-04-07T15:15:11.655370+0800 ERROR write command G250 S800
2025-04-07T15:15:11.655370+0800 ERROR second command G250 S800
2025-04-07T15:15:11.655370+0800 ERROR finish command G250 S800
2025-04-07T15:15:11.656369+0800 ERROR SENT: M154 S1
2025-04-07T15:15:11.656369+0800 ERROR write command M154 S1
2025-04-07T15:15:11.656369+0800 ERROR second command M154 S1
2025-04-07T15:15:11.656369+0800 ERROR finish command M154 S1
2025-04-07T15:15:15.557189+0800 ERROR SENT: M105
2025-04-07T15:15:15.557189+0800 ERROR write command M105
2025-04-07T15:15:15.558187+0800 ERROR second command M105
2025-04-07T15:15:15.558187+0800 ERROR finish command M105
2025-04-07T15:15:15.558187+0800 ERROR SENT: G250 S21
2025-04-07T15:15:15.558187+0800 ERROR write command G250 S21
2025-04-07T15:15:15.558187+0800 ERROR second command G250 S21
2025-04-07T15:15:15.558187+0800 ERROR finish command G250 S21
2025-04-07T15:15:15.559197+0800 ERROR SENT: G250 S800
2025-04-07T15:15:15.559197+0800 ERROR write command G250 S800
2025-04-07T15:15:15.559197+0800 ERROR second command G250 S800
2025-04-07T15:15:15.559197+0800 ERROR finish command G250 S800
2025-04-07T15:15:15.559197+0800 ERROR SENT: M154 S1
2025-04-07T15:15:15.559197+0800 ERROR write command M154 S1
2025-04-07T15:15:15.559197+0800 ERROR second command M154 S1
2025-04-07T15:15:15.559197+0800 ERROR finish command M154 S1
2025-04-07T15:15:19.416089+0800 ERROR SENT: M105
2025-04-07T15:15:19.416089+0800 ERROR write command M105
2025-04-07T15:15:19.416089+0800 ERROR second command M105
2025-04-07T15:15:19.416089+0800 ERROR finish command M105
2025-04-07T15:15:19.416089+0800 ERROR SENT: G250 S21
2025-04-07T15:15:19.416089+0800 ERROR write command G250 S21
2025-04-07T15:15:19.417077+0800 ERROR second command G250 S21
2025-04-07T15:15:19.417077+0800 ERROR finish command G250 S21
2025-04-07T15:15:19.417077+0800 ERROR SENT: G250 S800
2025-04-07T15:15:19.417077+0800 ERROR write command G250 S800
2025-04-07T15:15:19.417077+0800 ERROR second command G250 S800
2025-04-07T15:15:19.417077+0800 ERROR finish command G250 S800
2025-04-07T15:15:19.417077+0800 ERROR SENT: M154 S1
2025-04-07T15:15:19.417077+0800 ERROR write command M154 S1
2025-04-07T15:15:19.418076+0800 ERROR second command M154 S1
2025-04-07T15:15:19.418076+0800 ERROR finish command M154 S1
2025-04-07T15:15:23.345100+0800 ERROR SENT: M105
2025-04-07T15:15:23.345100+0800 ERROR write command M105
2025-04-07T15:15:23.345100+0800 ERROR second command M105
2025-04-07T15:15:23.345100+0800 ERROR finish command M105
2025-04-07T15:15:23.346020+0800 ERROR SENT: G250 S21
2025-04-07T15:15:23.346020+0800 ERROR write command G250 S21
2025-04-07T15:15:23.346020+0800 ERROR second command G250 S21
2025-04-07T15:15:23.346020+0800 ERROR finish command G250 S21
2025-04-07T15:15:23.346020+0800 ERROR SENT: G250 S800
2025-04-07T15:15:23.346020+0800 ERROR write command G250 S800
2025-04-07T15:15:23.346020+0800 ERROR second command G250 S800
2025-04-07T15:15:23.346020+0800 ERROR finish command G250 S800
2025-04-07T15:15:23.347021+0800 ERROR SENT: M154 S1
2025-04-07T15:15:23.347021+0800 ERROR write command M154 S1
2025-04-07T15:15:23.347021+0800 ERROR second command M154 S1
2025-04-07T15:15:23.347021+0800 ERROR finish command M154 S1
2025-04-07T15:15:27.281802+0800 ERROR SENT: M105
2025-04-07T15:15:27.281802+0800 ERROR write command M105
2025-04-07T15:15:27.282806+0800 ERROR second command M105
2025-04-07T15:15:27.282806+0800 ERROR finish command M105
2025-04-07T15:15:27.282806+0800 ERROR SENT: G250 S21
2025-04-07T15:15:27.282806+0800 ERROR write command G250 S21
2025-04-07T15:15:27.282806+0800 ERROR second command G250 S21
2025-04-07T15:15:27.282806+0800 ERROR finish command G250 S21
2025-04-07T15:15:27.282806+0800 ERROR SENT: G250 S800
2025-04-07T15:15:27.282806+0800 ERROR write command G250 S800
2025-04-07T15:15:27.283804+0800 ERROR second command G250 S800
2025-04-07T15:15:27.283804+0800 ERROR finish command G250 S800
2025-04-07T15:15:27.283804+0800 ERROR SENT: M154 S1
2025-04-07T15:15:27.283804+0800 ERROR write command M154 S1
2025-04-07T15:15:27.284803+0800 ERROR second command M154 S1
2025-04-07T15:15:27.284803+0800 ERROR finish command M154 S1
2025-04-07T15:15:31.182826+0800 ERROR SENT: M105
2025-04-07T15:15:31.182826+0800 ERROR write command M105
2025-04-07T15:15:31.182826+0800 ERROR second command M105
2025-04-07T15:15:31.182826+0800 ERROR finish command M105
2025-04-07T15:15:31.182826+0800 ERROR SENT: G250 S21
2025-04-07T15:15:31.183819+0800 ERROR write command G250 S21
2025-04-07T15:15:31.183819+0800 ERROR second command G250 S21
2025-04-07T15:15:31.183819+0800 ERROR finish command G250 S21
2025-04-07T15:15:31.183819+0800 ERROR SENT: G250 S800
2025-04-07T15:15:31.183819+0800 ERROR write command G250 S800
2025-04-07T15:15:31.183819+0800 ERROR second command G250 S800
2025-04-07T15:15:31.183819+0800 ERROR finish command G250 S800
2025-04-07T15:15:31.183819+0800 ERROR SENT: M154 S1
2025-04-07T15:15:31.183819+0800 ERROR write command M154 S1
2025-04-07T15:15:31.183819+0800 ERROR second command M154 S1
2025-04-07T15:15:31.184818+0800 ERROR finish command M154 S1
2025-04-07T15:15:35.124248+0800 ERROR SENT: M105
2025-04-07T15:15:35.124248+0800 ERROR write command M105
2025-04-07T15:15:35.124248+0800 ERROR second command M105
2025-04-07T15:15:35.124248+0800 ERROR finish command M105
2025-04-07T15:15:35.124248+0800 ERROR SENT: G250 S21
2025-04-07T15:15:35.124248+0800 ERROR write command G250 S21
2025-04-07T15:15:35.125248+0800 ERROR second command G250 S21
2025-04-07T15:15:35.125248+0800 ERROR finish command G250 S21
2025-04-07T15:15:35.125248+0800 ERROR SENT: G250 S800
2025-04-07T15:15:35.125248+0800 ERROR write command G250 S800
2025-04-07T15:15:35.125248+0800 ERROR second command G250 S800
2025-04-07T15:15:35.125248+0800 ERROR finish command G250 S800
2025-04-07T15:15:35.125248+0800 ERROR SENT: M154 S1
2025-04-07T15:15:35.125248+0800 ERROR write command M154 S1
2025-04-07T15:15:35.125248+0800 ERROR second command M154 S1
2025-04-07T15:15:35.125248+0800 ERROR finish command M154 S1
