2025-04-07T15:42:03.829222+0800 INFO 设备已成功连接
2025-04-07T15:42:03.829683+0800 ERROR SENT: M105
2025-04-07T15:42:03.829683+0800 ERROR write command M105
2025-04-07T15:42:03.829683+0800 ERROR second command M105
2025-04-07T15:42:03.830695+0800 ERROR finish command M105
2025-04-07T15:42:03.830695+0800 ERROR SENT: G250 S21
2025-04-07T15:42:03.830695+0800 ERROR write command G250 S21
2025-04-07T15:42:03.830695+0800 ERROR second command G250 S21
2025-04-07T15:42:03.830695+0800 ERROR finish command G250 S21
2025-04-07T15:42:03.830695+0800 ERROR SENT: G250 S800
2025-04-07T15:42:03.831694+0800 ERROR write command G250 S800
2025-04-07T15:42:03.831694+0800 ERROR second command G250 S800
2025-04-07T15:42:03.831694+0800 ERROR finish command G250 S800
2025-04-07T15:42:03.831694+0800 ERROR SENT: M154 S1
2025-04-07T15:42:03.831694+0800 ERROR write command M154 S1
2025-04-07T15:42:03.831694+0800 ERROR second command M154 S1
2025-04-07T15:42:03.832695+0800 ERROR finish command M154 S1
2025-04-07T15:42:07.687364+0800 ERROR SENT: M105
2025-04-07T15:42:07.687364+0800 ERROR write command M105
2025-04-07T15:42:07.688365+0800 ERROR second command M105
2025-04-07T15:42:07.688365+0800 ERROR finish command M105
2025-04-07T15:42:07.688365+0800 ERROR SENT: G250 S21
2025-04-07T15:42:07.688365+0800 ERROR write command G250 S21
2025-04-07T15:42:07.689366+0800 ERROR second command G250 S21
2025-04-07T15:42:07.689366+0800 ERROR finish command G250 S21
2025-04-07T15:42:07.689366+0800 ERROR SENT: G250 S800
2025-04-07T15:42:07.689366+0800 ERROR write command G250 S800
2025-04-07T15:42:07.689366+0800 ERROR second command G250 S800
2025-04-07T15:42:07.690366+0800 ERROR finish command G250 S800
2025-04-07T15:42:07.690366+0800 ERROR SENT: M154 S1
2025-04-07T15:42:07.690366+0800 ERROR write command M154 S1
2025-04-07T15:42:07.691365+0800 ERROR second command M154 S1
2025-04-07T15:42:07.691365+0800 ERROR finish command M154 S1
2025-04-07T15:42:14.377310+0800 ERROR SENT: M105
2025-04-07T15:42:14.377817+0800 ERROR write command M105
2025-04-07T15:42:14.377817+0800 ERROR second command M105
2025-04-07T15:42:14.377817+0800 ERROR finish command M105
2025-04-07T15:42:14.377817+0800 ERROR SENT: G250 S21
2025-04-07T15:42:14.378820+0800 ERROR write command G250 S21
2025-04-07T15:42:14.378820+0800 ERROR second command G250 S21
2025-04-07T15:42:14.378820+0800 ERROR finish command G250 S21
2025-04-07T15:42:14.378820+0800 ERROR SENT: G250 S800
2025-04-07T15:42:14.379826+0800 ERROR write command G250 S800
2025-04-07T15:42:14.379826+0800 ERROR second command G250 S800
2025-04-07T15:42:14.380820+0800 ERROR finish command G250 S800
2025-04-07T15:42:14.380820+0800 ERROR SENT: M154 S1
2025-04-07T15:42:14.380820+0800 ERROR write command M154 S1
2025-04-07T15:42:14.380820+0800 ERROR second command M154 S1
2025-04-07T15:42:14.380820+0800 ERROR finish command M154 S1
2025-04-07T15:42:18.287360+0800 ERROR SENT: M105
2025-04-07T15:42:18.287360+0800 ERROR write command M105
2025-04-07T15:42:18.287360+0800 ERROR second command M105
2025-04-07T15:42:18.287360+0800 ERROR finish command M105
2025-04-07T15:42:18.287360+0800 ERROR SENT: G250 S21
2025-04-07T15:42:18.287360+0800 ERROR write command G250 S21
2025-04-07T15:42:18.288360+0800 ERROR second command G250 S21
2025-04-07T15:42:18.288360+0800 ERROR finish command G250 S21
2025-04-07T15:42:18.288360+0800 ERROR SENT: G250 S800
2025-04-07T15:42:18.288360+0800 ERROR write command G250 S800
2025-04-07T15:42:18.288360+0800 ERROR second command G250 S800
2025-04-07T15:42:18.288360+0800 ERROR finish command G250 S800
2025-04-07T15:42:18.288360+0800 ERROR SENT: M154 S1
2025-04-07T15:42:18.288360+0800 ERROR write command M154 S1
2025-04-07T15:42:18.288360+0800 ERROR second command M154 S1
2025-04-07T15:42:18.289359+0800 ERROR finish command M154 S1
2025-04-07T15:42:22.231834+0800 ERROR SENT: M105
2025-04-07T15:42:22.231834+0800 ERROR write command M105
2025-04-07T15:42:22.231834+0800 ERROR second command M105
2025-04-07T15:42:22.232823+0800 ERROR finish command M105
2025-04-07T15:42:22.232823+0800 ERROR SENT: G250 S21
2025-04-07T15:42:22.232823+0800 ERROR write command G250 S21
2025-04-07T15:42:22.232823+0800 ERROR second command G250 S21
2025-04-07T15:42:22.232823+0800 ERROR finish command G250 S21
2025-04-07T15:42:22.233822+0800 ERROR SENT: G250 S800
2025-04-07T15:42:22.233822+0800 ERROR write command G250 S800
2025-04-07T15:42:22.233822+0800 ERROR second command G250 S800
2025-04-07T15:42:22.233822+0800 ERROR finish command G250 S800
2025-04-07T15:42:22.233822+0800 ERROR SENT: M154 S1
2025-04-07T15:42:22.233822+0800 ERROR write command M154 S1
2025-04-07T15:42:22.233822+0800 ERROR second command M154 S1
2025-04-07T15:42:22.233822+0800 ERROR finish command M154 S1
2025-04-07T15:42:26.128399+0800 ERROR SENT: M105
2025-04-07T15:42:26.128399+0800 ERROR write command M105
2025-04-07T15:42:26.128399+0800 ERROR second command M105
2025-04-07T15:42:26.128399+0800 ERROR finish command M105
2025-04-07T15:42:26.128399+0800 ERROR SENT: G250 S21
2025-04-07T15:42:26.129391+0800 ERROR write command G250 S21
2025-04-07T15:42:26.129391+0800 ERROR second command G250 S21
2025-04-07T15:42:26.129391+0800 ERROR finish command G250 S21
2025-04-07T15:42:26.129391+0800 ERROR SENT: G250 S800
2025-04-07T15:42:26.129391+0800 ERROR write command G250 S800
2025-04-07T15:42:26.129391+0800 ERROR second command G250 S800
2025-04-07T15:42:26.129391+0800 ERROR finish command G250 S800
2025-04-07T15:42:26.129391+0800 ERROR SENT: M154 S1
2025-04-07T15:42:26.129391+0800 ERROR write command M154 S1
2025-04-07T15:42:26.130390+0800 ERROR second command M154 S1
2025-04-07T15:42:26.130390+0800 ERROR finish command M154 S1
2025-04-07T15:42:30.027103+0800 ERROR SENT: M105
2025-04-07T15:42:30.027103+0800 ERROR write command M105
2025-04-07T15:42:30.027103+0800 ERROR second command M105
2025-04-07T15:42:30.028112+0800 ERROR finish command M105
2025-04-07T15:42:30.028112+0800 ERROR SENT: G250 S21
2025-04-07T15:42:30.028112+0800 ERROR write command G250 S21
2025-04-07T15:42:30.028112+0800 ERROR second command G250 S21
2025-04-07T15:42:30.028112+0800 ERROR finish command G250 S21
2025-04-07T15:42:30.028112+0800 ERROR SENT: G250 S800
2025-04-07T15:42:30.028112+0800 ERROR write command G250 S800
2025-04-07T15:42:30.028112+0800 ERROR second command G250 S800
2025-04-07T15:42:30.028112+0800 ERROR finish command G250 S800
2025-04-07T15:42:30.028112+0800 ERROR SENT: M154 S1
2025-04-07T15:42:30.029110+0800 ERROR write command M154 S1
2025-04-07T15:42:30.029110+0800 ERROR second command M154 S1
2025-04-07T15:42:30.029110+0800 ERROR finish command M154 S1
2025-04-07T15:42:34.011784+0800 ERROR SENT: M105
2025-04-07T15:42:34.011784+0800 ERROR write command M105
2025-04-07T15:42:34.011784+0800 ERROR second command M105
2025-04-07T15:42:34.012783+0800 ERROR finish command M105
2025-04-07T15:42:34.012783+0800 ERROR SENT: G250 S21
2025-04-07T15:42:34.012783+0800 ERROR write command G250 S21
2025-04-07T15:42:34.012783+0800 ERROR second command G250 S21
2025-04-07T15:42:34.012783+0800 ERROR finish command G250 S21
2025-04-07T15:42:34.012783+0800 ERROR SENT: G250 S800
2025-04-07T15:42:34.013784+0800 ERROR write command G250 S800
2025-04-07T15:42:34.013784+0800 ERROR second command G250 S800
2025-04-07T15:42:34.013784+0800 ERROR finish command G250 S800
2025-04-07T15:42:34.013784+0800 ERROR SENT: M154 S1
2025-04-07T15:42:34.013784+0800 ERROR write command M154 S1
2025-04-07T15:42:34.013784+0800 ERROR second command M154 S1
2025-04-07T15:42:34.013784+0800 ERROR finish command M154 S1
2025-04-07T15:42:37.992710+0800 ERROR SENT: M105
2025-04-07T15:42:37.992710+0800 ERROR write command M105
2025-04-07T15:42:37.993711+0800 ERROR second command M105
2025-04-07T15:42:37.993711+0800 ERROR finish command M105
2025-04-07T15:42:37.993711+0800 ERROR SENT: G250 S21
2025-04-07T15:42:37.993711+0800 ERROR write command G250 S21
2025-04-07T15:42:37.993711+0800 ERROR second command G250 S21
2025-04-07T15:42:37.993711+0800 ERROR finish command G250 S21
2025-04-07T15:42:37.994713+0800 ERROR SENT: G250 S800
2025-04-07T15:42:37.994713+0800 ERROR write command G250 S800
2025-04-07T15:42:37.994713+0800 ERROR second command G250 S800
2025-04-07T15:42:37.994713+0800 ERROR finish command G250 S800
2025-04-07T15:42:37.994713+0800 ERROR SENT: M154 S1
2025-04-07T15:42:37.994713+0800 ERROR write command M154 S1
2025-04-07T15:42:37.995712+0800 ERROR second command M154 S1
2025-04-07T15:42:37.995712+0800 ERROR finish command M154 S1
2025-04-07T15:42:41.902145+0800 ERROR SENT: M105
2025-04-07T15:42:41.902145+0800 ERROR write command M105
2025-04-07T15:42:41.903078+0800 ERROR second command M105
2025-04-07T15:42:41.903078+0800 ERROR finish command M105
2025-04-07T15:42:41.903078+0800 ERROR SENT: G250 S21
2025-04-07T15:42:41.903078+0800 ERROR write command G250 S21
2025-04-07T15:42:41.903078+0800 ERROR second command G250 S21
2025-04-07T15:42:41.903078+0800 ERROR finish command G250 S21
2025-04-07T15:42:41.903078+0800 ERROR SENT: G250 S800
2025-04-07T15:42:41.904138+0800 ERROR write command G250 S800
2025-04-07T15:42:41.904138+0800 ERROR second command G250 S800
2025-04-07T15:42:41.904138+0800 ERROR finish command G250 S800
2025-04-07T15:42:41.904138+0800 ERROR SENT: M154 S1
2025-04-07T15:42:41.904138+0800 ERROR write command M154 S1
2025-04-07T15:42:41.904138+0800 ERROR second command M154 S1
2025-04-07T15:42:41.904138+0800 ERROR finish command M154 S1
2025-04-07T15:42:45.868684+0800 ERROR SENT: M105
2025-04-07T15:42:45.868684+0800 ERROR write command M105
2025-04-07T15:42:45.869686+0800 ERROR second command M105
2025-04-07T15:42:45.869686+0800 ERROR finish command M105
2025-04-07T15:42:45.869686+0800 ERROR SENT: G250 S21
2025-04-07T15:42:45.869686+0800 ERROR write command G250 S21
2025-04-07T15:42:45.869686+0800 ERROR second command G250 S21
2025-04-07T15:42:45.869686+0800 ERROR finish command G250 S21
2025-04-07T15:42:45.870687+0800 ERROR SENT: G250 S800
2025-04-07T15:42:45.870687+0800 ERROR write command G250 S800
2025-04-07T15:42:45.870687+0800 ERROR second command G250 S800
2025-04-07T15:42:45.870687+0800 ERROR finish command G250 S800
2025-04-07T15:42:45.870687+0800 ERROR SENT: M154 S1
2025-04-07T15:42:45.870687+0800 ERROR write command M154 S1
2025-04-07T15:42:45.871686+0800 ERROR second command M154 S1
2025-04-07T15:42:45.871686+0800 ERROR finish command M154 S1
2025-04-07T15:42:49.819830+0800 ERROR SENT: M105
2025-04-07T15:42:49.819830+0800 ERROR write command M105
2025-04-07T15:42:49.819830+0800 ERROR second command M105
2025-04-07T15:42:49.819830+0800 ERROR finish command M105
2025-04-07T15:42:49.820824+0800 ERROR SENT: G250 S21
2025-04-07T15:42:49.820824+0800 ERROR write command G250 S21
2025-04-07T15:42:49.820824+0800 ERROR second command G250 S21
2025-04-07T15:42:49.820824+0800 ERROR finish command G250 S21
2025-04-07T15:42:49.820824+0800 ERROR SENT: G250 S800
2025-04-07T15:42:49.820824+0800 ERROR write command G250 S800
2025-04-07T15:42:49.820824+0800 ERROR second command G250 S800
2025-04-07T15:42:49.820824+0800 ERROR finish command G250 S800
2025-04-07T15:42:49.820824+0800 ERROR SENT: M154 S1
2025-04-07T15:42:49.821823+0800 ERROR write command M154 S1
2025-04-07T15:42:49.821823+0800 ERROR second command M154 S1
2025-04-07T15:42:49.821823+0800 ERROR finish command M154 S1
2025-04-07T15:42:53.750703+0800 ERROR SENT: M105
2025-04-07T15:42:53.750703+0800 ERROR write command M105
2025-04-07T15:42:53.750703+0800 ERROR second command M105
2025-04-07T15:42:53.750703+0800 ERROR finish command M105
2025-04-07T15:42:53.750703+0800 ERROR SENT: G250 S21
2025-04-07T15:42:53.751801+0800 ERROR write command G250 S21
2025-04-07T15:42:53.751801+0800 ERROR second command G250 S21
2025-04-07T15:42:53.751801+0800 ERROR finish command G250 S21
2025-04-07T15:42:53.751801+0800 ERROR SENT: G250 S800
2025-04-07T15:42:53.751801+0800 ERROR write command G250 S800
2025-04-07T15:42:53.751801+0800 ERROR second command G250 S800
2025-04-07T15:42:53.751801+0800 ERROR finish command G250 S800
2025-04-07T15:42:53.751801+0800 ERROR SENT: M154 S1
2025-04-07T15:42:53.752706+0800 ERROR write command M154 S1
2025-04-07T15:42:53.752706+0800 ERROR second command M154 S1
2025-04-07T15:42:53.752706+0800 ERROR finish command M154 S1
