2025-05-19T09:45:20.287554+0800 INFO M290 Z-0.1
2025-05-19T09:45:20.287554+0800 INFO Not connected to printer.
2025-05-19T09:45:20.910951+0800 INFO G91
2025-05-19T09:45:20.911952+0800 INFO Not connected to printer.
2025-05-19T09:45:20.911952+0800 INFO L1 E-0.1 F400
2025-05-19T09:45:20.911952+0800 INFO Not connected to printer.
2025-05-19T09:45:20.911952+0800 INFO G90
2025-05-19T09:45:20.911952+0800 INFO Not connected to printer.
2025-05-19T09:45:21.538532+0800 INFO G91
2025-05-19T09:45:21.538532+0800 INFO Not connected to printer.
2025-05-19T09:45:21.538532+0800 INFO L1 Y0.1 F3000
2025-05-19T09:45:21.538532+0800 INFO Not connected to printer.
2025-05-19T09:45:21.539531+0800 INFO G90
2025-05-19T09:45:21.539531+0800 INFO Not connected to printer.
2025-05-19T09:45:21.796685+0800 INFO G91
2025-05-19T09:45:21.796685+0800 INFO Not connected to printer.
2025-05-19T09:45:21.796685+0800 INFO L1 Y0.1 F3000
2025-05-19T09:45:21.796685+0800 INFO Not connected to printer.
2025-05-19T09:45:21.796685+0800 INFO G90
2025-05-19T09:45:21.796685+0800 INFO Not connected to printer.
2025-05-19T09:45:23.317739+0800 INFO G91
2025-05-19T09:45:23.317739+0800 INFO Not connected to printer.
2025-05-19T09:45:23.317739+0800 INFO L1 E-0.1 F400
2025-05-19T09:45:23.317739+0800 INFO Not connected to printer.
2025-05-19T09:45:23.317739+0800 INFO G90
2025-05-19T09:45:23.317739+0800 INFO Not connected to printer.
