2025-04-07T10:10:50.027043+0800 INFO 设备已成功连接
2025-04-07T10:10:50.027043+0800 ERROR SENT: M105
2025-04-07T10:10:50.028043+0800 ERROR write command M105
2025-04-07T10:10:50.028043+0800 ERROR second command M105
2025-04-07T10:10:50.028043+0800 ERROR finish command M105
2025-04-07T10:10:50.028043+0800 ERROR SENT: G250 S21
2025-04-07T10:10:50.028043+0800 ERROR write command G250 S21
2025-04-07T10:10:50.028043+0800 ERROR second command G250 S21
2025-04-07T10:10:50.028043+0800 ERROR finish command G250 S21
2025-04-07T10:10:50.028043+0800 ERROR SENT: G250 S800
2025-04-07T10:10:50.028043+0800 ERROR write command G250 S800
2025-04-07T10:10:50.029043+0800 ERROR second command G250 S800
2025-04-07T10:10:50.029043+0800 ERROR finish command G250 S800
2025-04-07T10:10:50.029043+0800 ERROR SENT: M154 S1
2025-04-07T10:10:50.029043+0800 ERROR write command M154 S1
2025-04-07T10:10:50.030043+0800 ERROR second command M154 S1
2025-04-07T10:10:50.030043+0800 ERROR finish command M154 S1
2025-04-07T10:10:53.901971+0800 ERROR SENT: M105
2025-04-07T10:10:53.901971+0800 ERROR write command M105
2025-04-07T10:10:53.901971+0800 ERROR second command M105
2025-04-07T10:10:53.901971+0800 ERROR finish command M105
2025-04-07T10:10:53.901971+0800 ERROR SENT: G250 S21
2025-04-07T10:10:53.902902+0800 ERROR write command G250 S21
2025-04-07T10:10:53.902902+0800 ERROR second command G250 S21
2025-04-07T10:10:53.902902+0800 ERROR finish command G250 S21
2025-04-07T10:10:53.902902+0800 ERROR SENT: G250 S800
2025-04-07T10:10:53.902902+0800 ERROR write command G250 S800
2025-04-07T10:10:53.902902+0800 ERROR second command G250 S800
2025-04-07T10:10:53.902902+0800 ERROR finish command G250 S800
2025-04-07T10:10:53.902902+0800 ERROR SENT: M154 S1
2025-04-07T10:10:53.903901+0800 ERROR write command M154 S1
2025-04-07T10:10:53.903901+0800 ERROR second command M154 S1
2025-04-07T10:10:53.903901+0800 ERROR finish command M154 S1
2025-04-07T10:10:58.129207+0800 ERROR SENT: M105
2025-04-07T10:10:58.129207+0800 ERROR write command M105
2025-04-07T10:10:58.129207+0800 ERROR second command M105
2025-04-07T10:10:58.129207+0800 ERROR finish command M105
2025-04-07T10:10:58.129207+0800 ERROR SENT: G250 S21
2025-04-07T10:10:58.130141+0800 ERROR write command G250 S21
2025-04-07T10:10:58.130141+0800 ERROR second command G250 S21
2025-04-07T10:10:58.130141+0800 ERROR finish command G250 S21
2025-04-07T10:10:58.130141+0800 ERROR SENT: G250 S800
2025-04-07T10:10:58.130141+0800 ERROR write command G250 S800
2025-04-07T10:10:58.130141+0800 ERROR second command G250 S800
2025-04-07T10:10:58.130141+0800 ERROR finish command G250 S800
2025-04-07T10:10:58.130141+0800 ERROR SENT: M154 S1
2025-04-07T10:10:58.131137+0800 ERROR write command M154 S1
2025-04-07T10:10:58.131137+0800 ERROR second command M154 S1
2025-04-07T10:10:58.131137+0800 ERROR finish command M154 S1
2025-04-07T10:11:02.091382+0800 ERROR SENT: M105
2025-04-07T10:11:02.091382+0800 ERROR write command M105
2025-04-07T10:11:02.091382+0800 ERROR second command M105
2025-04-07T10:11:02.091382+0800 ERROR finish command M105
2025-04-07T10:11:02.091382+0800 ERROR SENT: G250 S21
2025-04-07T10:11:02.091382+0800 ERROR write command G250 S21
2025-04-07T10:11:02.092315+0800 ERROR second command G250 S21
2025-04-07T10:11:02.092315+0800 ERROR finish command G250 S21
2025-04-07T10:11:02.092315+0800 ERROR SENT: G250 S800
2025-04-07T10:11:02.092315+0800 ERROR write command G250 S800
2025-04-07T10:11:02.092315+0800 ERROR second command G250 S800
2025-04-07T10:11:02.092315+0800 ERROR finish command G250 S800
2025-04-07T10:11:02.092315+0800 ERROR SENT: M154 S1
2025-04-07T10:11:02.092315+0800 ERROR write command M154 S1
2025-04-07T10:11:02.093314+0800 ERROR second command M154 S1
2025-04-07T10:11:02.093314+0800 ERROR finish command M154 S1
2025-04-07T10:11:06.013148+0800 ERROR SENT: M105
2025-04-07T10:11:06.013148+0800 ERROR write command M105
2025-04-07T10:11:06.014148+0800 ERROR second command M105
2025-04-07T10:11:06.014148+0800 ERROR finish command M105
2025-04-07T10:11:06.014148+0800 ERROR SENT: G250 S21
2025-04-07T10:11:06.014148+0800 ERROR write command G250 S21
2025-04-07T10:11:06.014148+0800 ERROR second command G250 S21
2025-04-07T10:11:06.014148+0800 ERROR finish command G250 S21
2025-04-07T10:11:06.014148+0800 ERROR SENT: G250 S800
2025-04-07T10:11:06.015147+0800 ERROR write command G250 S800
2025-04-07T10:11:06.015147+0800 ERROR second command G250 S800
2025-04-07T10:11:06.015147+0800 ERROR finish command G250 S800
2025-04-07T10:11:06.015147+0800 ERROR SENT: M154 S1
2025-04-07T10:11:06.015147+0800 ERROR write command M154 S1
2025-04-07T10:11:06.015147+0800 ERROR second command M154 S1
2025-04-07T10:11:06.015147+0800 ERROR finish command M154 S1
2025-04-07T10:11:09.875899+0800 ERROR SENT: M105
2025-04-07T10:11:09.875899+0800 ERROR write command M105
2025-04-07T10:11:09.875899+0800 ERROR second command M105
2025-04-07T10:11:09.875899+0800 ERROR finish command M105
2025-04-07T10:11:09.876899+0800 ERROR SENT: G250 S21
2025-04-07T10:11:09.876899+0800 ERROR write command G250 S21
2025-04-07T10:11:09.876899+0800 ERROR second command G250 S21
2025-04-07T10:11:09.876899+0800 ERROR finish command G250 S21
2025-04-07T10:11:09.876899+0800 ERROR SENT: G250 S800
2025-04-07T10:11:09.876899+0800 ERROR write command G250 S800
2025-04-07T10:11:09.877899+0800 ERROR second command G250 S800
2025-04-07T10:11:09.877899+0800 ERROR finish command G250 S800
2025-04-07T10:11:09.877899+0800 ERROR SENT: M154 S1
2025-04-07T10:11:09.877899+0800 ERROR write command M154 S1
2025-04-07T10:11:09.877899+0800 ERROR second command M154 S1
2025-04-07T10:11:09.877899+0800 ERROR finish command M154 S1
2025-04-07T10:11:13.801900+0800 ERROR SENT: M105
2025-04-07T10:11:13.801900+0800 ERROR write command M105
2025-04-07T10:11:13.801900+0800 ERROR second command M105
2025-04-07T10:11:13.801900+0800 ERROR finish command M105
2025-04-07T10:11:13.802898+0800 ERROR SENT: G250 S21
2025-04-07T10:11:13.802898+0800 ERROR write command G250 S21
2025-04-07T10:11:13.802898+0800 ERROR second command G250 S21
2025-04-07T10:11:13.802898+0800 ERROR finish command G250 S21
2025-04-07T10:11:13.802898+0800 ERROR SENT: G250 S800
2025-04-07T10:11:13.802898+0800 ERROR write command G250 S800
2025-04-07T10:11:13.803899+0800 ERROR second command G250 S800
2025-04-07T10:11:13.803899+0800 ERROR finish command G250 S800
2025-04-07T10:11:13.803899+0800 ERROR SENT: M154 S1
2025-04-07T10:11:13.803899+0800 ERROR write command M154 S1
2025-04-07T10:11:13.803899+0800 ERROR second command M154 S1
2025-04-07T10:11:13.803899+0800 ERROR finish command M154 S1
2025-04-07T10:11:17.664666+0800 ERROR SENT: M105
2025-04-07T10:11:17.664666+0800 ERROR write command M105
2025-04-07T10:11:17.664666+0800 ERROR second command M105
2025-04-07T10:11:17.664666+0800 ERROR finish command M105
2025-04-07T10:11:17.664666+0800 ERROR SENT: G250 S21
2025-04-07T10:11:17.665667+0800 ERROR write command G250 S21
2025-04-07T10:11:17.665667+0800 ERROR second command G250 S21
2025-04-07T10:11:17.665667+0800 ERROR finish command G250 S21
2025-04-07T10:11:17.665667+0800 ERROR SENT: G250 S800
2025-04-07T10:11:17.666666+0800 ERROR write command G250 S800
2025-04-07T10:11:17.666666+0800 ERROR second command G250 S800
2025-04-07T10:11:17.666666+0800 ERROR finish command G250 S800
2025-04-07T10:11:17.667669+0800 ERROR SENT: M154 S1
2025-04-07T10:11:17.667669+0800 ERROR write command M154 S1
2025-04-07T10:11:17.667669+0800 ERROR second command M154 S1
2025-04-07T10:11:17.668666+0800 ERROR finish command M154 S1
2025-04-07T10:11:21.546265+0800 ERROR SENT: M105
2025-04-07T10:11:21.546265+0800 ERROR write command M105
2025-04-07T10:11:21.547260+0800 ERROR second command M105
2025-04-07T10:11:21.547260+0800 ERROR finish command M105
2025-04-07T10:11:21.547260+0800 ERROR SENT: G250 S21
2025-04-07T10:11:21.547260+0800 ERROR write command G250 S21
2025-04-07T10:11:21.547260+0800 ERROR second command G250 S21
2025-04-07T10:11:21.548260+0800 ERROR finish command G250 S21
2025-04-07T10:11:21.548260+0800 ERROR SENT: G250 S800
2025-04-07T10:11:21.548260+0800 ERROR write command G250 S800
2025-04-07T10:11:21.548260+0800 ERROR second command G250 S800
2025-04-07T10:11:21.548260+0800 ERROR finish command G250 S800
2025-04-07T10:11:21.549260+0800 ERROR SENT: M154 S1
2025-04-07T10:11:21.549260+0800 ERROR write command M154 S1
2025-04-07T10:11:21.549260+0800 ERROR second command M154 S1
2025-04-07T10:11:21.549260+0800 ERROR finish command M154 S1
2025-04-07T10:11:25.438911+0800 ERROR SENT: M105
2025-04-07T10:11:25.438911+0800 ERROR write command M105
2025-04-07T10:11:25.438911+0800 ERROR second command M105
2025-04-07T10:11:25.438911+0800 ERROR finish command M105
2025-04-07T10:11:25.439843+0800 ERROR SENT: G250 S21
2025-04-07T10:11:25.439843+0800 ERROR write command G250 S21
2025-04-07T10:11:25.439843+0800 ERROR second command G250 S21
2025-04-07T10:11:25.439843+0800 ERROR finish command G250 S21
2025-04-07T10:11:25.439843+0800 ERROR SENT: G250 S800
2025-04-07T10:11:25.439843+0800 ERROR write command G250 S800
2025-04-07T10:11:25.439843+0800 ERROR second command G250 S800
2025-04-07T10:11:25.439843+0800 ERROR finish command G250 S800
2025-04-07T10:11:25.439843+0800 ERROR SENT: M154 S1
2025-04-07T10:11:25.440845+0800 ERROR write command M154 S1
2025-04-07T10:11:25.440845+0800 ERROR second command M154 S1
2025-04-07T10:11:25.440845+0800 ERROR finish command M154 S1
2025-04-07T10:11:29.326733+0800 ERROR SENT: M105
2025-04-07T10:11:29.326733+0800 ERROR write command M105
2025-04-07T10:11:29.327653+0800 ERROR second command M105
2025-04-07T10:11:29.327653+0800 ERROR finish command M105
2025-04-07T10:11:29.327653+0800 ERROR SENT: G250 S21
2025-04-07T10:11:29.327653+0800 ERROR write command G250 S21
2025-04-07T10:11:29.328654+0800 ERROR second command G250 S21
2025-04-07T10:11:29.328654+0800 ERROR finish command G250 S21
2025-04-07T10:11:29.328654+0800 ERROR SENT: G250 S800
2025-04-07T10:11:29.328654+0800 ERROR write command G250 S800
2025-04-07T10:11:29.328654+0800 ERROR second command G250 S800
2025-04-07T10:11:29.328654+0800 ERROR finish command G250 S800
2025-04-07T10:11:29.328654+0800 ERROR SENT: M154 S1
2025-04-07T10:11:29.328654+0800 ERROR write command M154 S1
2025-04-07T10:11:29.329683+0800 ERROR second command M154 S1
2025-04-07T10:11:29.329683+0800 ERROR finish command M154 S1
