2025-06-13T12:46:24.005689+0800 INFO INLONG CONNECT FAILED!
2025-06-13T12:46:28.732805+0800 INFO 获取播放库句柄成功
2025-06-13T12:46:32.268484+0800 INFO Login device fail, error code is: 7
2025-06-13T12:46:32.317616+0800 INFO Login device succesed
2025-06-13T12:46:33.949832+0800 INFO Open preview fail, error code is: 3
2025-06-13T12:46:33.951093+0800 INFO Open preview successed
2025-06-13T12:46:34.507172+0800 ERROR could not convert string to float: ''
error file:C:\Users\yinlo\AppData\Local\Temp\_MEI337162\SC12060.py
error line:893
2025-06-13T12:46:35.510103+0800 ERROR could not convert string to float: ''
error file:C:\Users\yinlo\AppData\Local\Temp\_MEI337162\SC12060.py
error line:893
2025-06-13T12:46:36.525172+0800 ERROR could not convert string to float: ''
error file:C:\Users\yinlo\AppData\Local\Temp\_MEI337162\SC12060.py
error line:893
2025-06-13T12:46:37.510473+0800 ERROR could not convert string to float: ''
error file:C:\Users\yinlo\AppData\Local\Temp\_MEI337162\SC12060.py
error line:893
2025-06-13T12:46:38.507583+0800 ERROR could not convert string to float: ''
error file:C:\Users\yinlo\AppData\Local\Temp\_MEI337162\SC12060.py
error line:893
2025-06-13T12:46:39.507151+0800 ERROR could not convert string to float: ''
error file:C:\Users\yinlo\AppData\Local\Temp\_MEI337162\SC12060.py
error line:893
2025-06-13T12:46:40.510690+0800 ERROR could not convert string to float: ''
error file:C:\Users\yinlo\AppData\Local\Temp\_MEI337162\SC12060.py
error line:893
2025-06-13T12:46:41.505518+0800 ERROR could not convert string to float: ''
error file:C:\Users\yinlo\AppData\Local\Temp\_MEI337162\SC12060.py
error line:893
2025-06-13T12:46:42.513068+0800 ERROR could not convert string to float: ''
error file:C:\Users\yinlo\AppData\Local\Temp\_MEI337162\SC12060.py
error line:893
2025-06-13T12:46:43.643342+0800 ERROR could not convert string to float: ''
error file:C:\Users\yinlo\AppData\Local\Temp\_MEI337162\SC12060.py
error line:893
2025-06-13T12:46:45.351090+0800 ERROR could not convert string to float: ''
error file:C:\Users\yinlo\AppData\Local\Temp\_MEI337162\SC12060.py
error line:893
2025-06-13T12:46:45.529993+0800 ERROR could not convert string to float: ''
error file:C:\Users\yinlo\AppData\Local\Temp\_MEI337162\SC12060.py
error line:893
2025-06-13T12:46:46.263697+0800 INFO UPDATE gcode:100方块.gcodeSUCCESS!
2025-06-13T12:46:46.542008+0800 ERROR could not convert string to float: ''
error file:C:\Users\yinlo\AppData\Local\Temp\_MEI337162\SC12060.py
error line:893
2025-06-13T12:46:47.094590+0800 INFO LOAD GCODE SUCCESS!
2025-06-13T12:46:47.512215+0800 ERROR could not convert string to float: ''
error file:C:\Users\yinlo\AppData\Local\Temp\_MEI337162\SC12060.py
error line:893
2025-06-13T12:46:47.650195+0800 ERROR 'NoneType' object has no attribute 'replace'
error file:C:\Users\yinlo\AppData\Local\Temp\_MEI337162\SC12060.py
error line:3381
2025-06-13T12:46:47.679086+0800 INFO total E:45677118.389779635
2025-06-13T12:46:48.507317+0800 ERROR could not convert string to float: ''
error file:C:\Users\yinlo\AppData\Local\Temp\_MEI337162\SC12060.py
error line:893
2025-06-13T12:46:48.625435+0800 INFO 打印开始
2025-06-13T12:46:48.625435+0800 INFO Not connected to printer.
2025-06-13T12:46:49.507119+0800 ERROR could not convert string to float: ''
error file:C:\Users\yinlo\AppData\Local\Temp\_MEI337162\SC12060.py
error line:893
2025-06-13T12:46:50.520986+0800 ERROR could not convert string to float: ''
error file:C:\Users\yinlo\AppData\Local\Temp\_MEI337162\SC12060.py
error line:893
2025-06-13T12:46:51.508372+0800 ERROR could not convert string to float: ''
error file:C:\Users\yinlo\AppData\Local\Temp\_MEI337162\SC12060.py
error line:893
2025-06-13T12:46:52.515416+0800 ERROR could not convert string to float: ''
error file:C:\Users\yinlo\AppData\Local\Temp\_MEI337162\SC12060.py
error line:893
2025-06-13T12:46:53.507699+0800 ERROR could not convert string to float: ''
error file:C:\Users\yinlo\AppData\Local\Temp\_MEI337162\SC12060.py
error line:893
2025-06-13T12:46:54.518960+0800 ERROR could not convert string to float: ''
error file:C:\Users\yinlo\AppData\Local\Temp\_MEI337162\SC12060.py
error line:893
2025-06-13T12:46:55.509905+0800 ERROR could not convert string to float: ''
error file:C:\Users\yinlo\AppData\Local\Temp\_MEI337162\SC12060.py
error line:893
2025-06-13T12:46:56.510907+0800 ERROR could not convert string to float: ''
error file:C:\Users\yinlo\AppData\Local\Temp\_MEI337162\SC12060.py
error line:893
2025-06-13T12:46:57.523444+0800 ERROR could not convert string to float: ''
error file:C:\Users\yinlo\AppData\Local\Temp\_MEI337162\SC12060.py
error line:893
2025-06-13T12:46:58.548297+0800 ERROR could not convert string to float: ''
error file:C:\Users\yinlo\AppData\Local\Temp\_MEI337162\SC12060.py
error line:893
2025-06-13T12:46:59.508840+0800 ERROR could not convert string to float: ''
error file:C:\Users\yinlo\AppData\Local\Temp\_MEI337162\SC12060.py
error line:893
2025-06-13T12:47:00.528580+0800 ERROR could not convert string to float: ''
error file:C:\Users\yinlo\AppData\Local\Temp\_MEI337162\SC12060.py
error line:893
2025-06-13T12:47:01.852073+0800 ERROR could not convert string to float: ''
error file:C:\Users\yinlo\AppData\Local\Temp\_MEI337162\SC12060.py
error line:893
2025-06-13T12:47:02.506584+0800 ERROR could not convert string to float: ''
error file:C:\Users\yinlo\AppData\Local\Temp\_MEI337162\SC12060.py
error line:893
2025-06-13T12:47:03.511226+0800 ERROR could not convert string to float: ''
error file:C:\Users\yinlo\AppData\Local\Temp\_MEI337162\SC12060.py
error line:893
2025-06-13T12:47:04.508501+0800 ERROR could not convert string to float: ''
error file:C:\Users\yinlo\AppData\Local\Temp\_MEI337162\SC12060.py
error line:893
2025-06-13T12:47:05.509910+0800 ERROR could not convert string to float: ''
error file:C:\Users\yinlo\AppData\Local\Temp\_MEI337162\SC12060.py
error line:893
2025-06-13T12:47:06.508242+0800 ERROR could not convert string to float: ''
error file:C:\Users\yinlo\AppData\Local\Temp\_MEI337162\SC12060.py
error line:893
2025-06-13T12:47:07.517496+0800 ERROR could not convert string to float: ''
error file:C:\Users\yinlo\AppData\Local\Temp\_MEI337162\SC12060.py
error line:893
2025-06-13T12:47:08.511575+0800 ERROR could not convert string to float: ''
error file:C:\Users\yinlo\AppData\Local\Temp\_MEI337162\SC12060.py
error line:893
2025-06-13T12:47:09.505168+0800 ERROR could not convert string to float: ''
error file:C:\Users\yinlo\AppData\Local\Temp\_MEI337162\SC12060.py
error line:893
2025-06-13T12:47:10.511007+0800 ERROR could not convert string to float: ''
error file:C:\Users\yinlo\AppData\Local\Temp\_MEI337162\SC12060.py
error line:893
2025-06-13T12:47:11.505407+0800 ERROR could not convert string to float: ''
error file:C:\Users\yinlo\AppData\Local\Temp\_MEI337162\SC12060.py
error line:893
2025-06-13T12:47:12.513939+0800 ERROR could not convert string to float: ''
error file:C:\Users\yinlo\AppData\Local\Temp\_MEI337162\SC12060.py
error line:893
2025-06-13T12:47:12.844641+0800 INFO 点击'CAPTURE'按钮
2025-06-13T12:47:12.845649+0800 INFO 设置截屏标志
2025-06-13T12:47:13.536984+0800 ERROR could not convert string to float: ''
error file:C:\Users\yinlo\AppData\Local\Temp\_MEI337162\SC12060.py
error line:893
2025-06-13T12:47:14.157594+0800 INFO 点击'CAPTURE'按钮
2025-06-13T12:47:14.162627+0800 INFO 设置截屏标志
2025-06-13T12:47:14.665699+0800 ERROR could not convert string to float: ''
error file:C:\Users\yinlo\AppData\Local\Temp\_MEI337162\SC12060.py
error line:893
2025-06-13T12:47:15.524706+0800 ERROR could not convert string to float: ''
error file:C:\Users\yinlo\AppData\Local\Temp\_MEI337162\SC12060.py
error line:893
2025-06-13T12:47:16.551543+0800 ERROR could not convert string to float: ''
error file:C:\Users\yinlo\AppData\Local\Temp\_MEI337162\SC12060.py
error line:893
2025-06-13T12:47:17.518440+0800 ERROR could not convert string to float: ''
error file:C:\Users\yinlo\AppData\Local\Temp\_MEI337162\SC12060.py
error line:893
2025-06-13T12:47:18.506316+0800 ERROR could not convert string to float: ''
error file:C:\Users\yinlo\AppData\Local\Temp\_MEI337162\SC12060.py
error line:893
2025-06-13T12:47:19.508083+0800 ERROR could not convert string to float: ''
error file:C:\Users\yinlo\AppData\Local\Temp\_MEI337162\SC12060.py
error line:893
2025-06-13T12:47:20.507098+0800 ERROR could not convert string to float: ''
error file:C:\Users\yinlo\AppData\Local\Temp\_MEI337162\SC12060.py
error line:893
2025-06-13T12:47:21.506649+0800 ERROR could not convert string to float: ''
error file:C:\Users\yinlo\AppData\Local\Temp\_MEI337162\SC12060.py
error line:893
2025-06-13T12:47:22.505037+0800 ERROR could not convert string to float: ''
error file:C:\Users\yinlo\AppData\Local\Temp\_MEI337162\SC12060.py
error line:893
2025-06-13T12:47:23.512176+0800 ERROR could not convert string to float: ''
error file:C:\Users\yinlo\AppData\Local\Temp\_MEI337162\SC12060.py
error line:893
2025-06-13T12:47:24.510859+0800 ERROR could not convert string to float: ''
error file:C:\Users\yinlo\AppData\Local\Temp\_MEI337162\SC12060.py
error line:893
2025-06-13T12:47:25.512390+0800 ERROR could not convert string to float: ''
error file:C:\Users\yinlo\AppData\Local\Temp\_MEI337162\SC12060.py
error line:893
2025-06-13T12:47:26.514618+0800 ERROR could not convert string to float: ''
error file:C:\Users\yinlo\AppData\Local\Temp\_MEI337162\SC12060.py
error line:893
2025-06-13T12:47:27.515623+0800 ERROR could not convert string to float: ''
error file:C:\Users\yinlo\AppData\Local\Temp\_MEI337162\SC12060.py
error line:893
2025-06-13T12:47:28.518659+0800 ERROR could not convert string to float: ''
error file:C:\Users\yinlo\AppData\Local\Temp\_MEI337162\SC12060.py
error line:893
2025-06-13T12:47:29.526318+0800 ERROR could not convert string to float: ''
error file:C:\Users\yinlo\AppData\Local\Temp\_MEI337162\SC12060.py
error line:893
2025-06-13T12:47:30.541976+0800 ERROR could not convert string to float: ''
error file:C:\Users\yinlo\AppData\Local\Temp\_MEI337162\SC12060.py
error line:893
2025-06-13T12:47:31.507827+0800 ERROR could not convert string to float: ''
error file:C:\Users\yinlo\AppData\Local\Temp\_MEI337162\SC12060.py
error line:893
2025-06-13T12:47:32.519990+0800 ERROR could not convert string to float: ''
error file:C:\Users\yinlo\AppData\Local\Temp\_MEI337162\SC12060.py
error line:893
2025-06-13T12:47:33.508077+0800 ERROR could not convert string to float: ''
error file:C:\Users\yinlo\AppData\Local\Temp\_MEI337162\SC12060.py
error line:893
2025-06-13T12:47:34.510889+0800 ERROR could not convert string to float: ''
error file:C:\Users\yinlo\AppData\Local\Temp\_MEI337162\SC12060.py
error line:893
2025-06-13T12:47:35.519925+0800 ERROR could not convert string to float: ''
error file:C:\Users\yinlo\AppData\Local\Temp\_MEI337162\SC12060.py
error line:893
2025-06-13T12:47:36.509796+0800 ERROR could not convert string to float: ''
error file:C:\Users\yinlo\AppData\Local\Temp\_MEI337162\SC12060.py
error line:893
2025-06-13T12:47:37.512774+0800 ERROR could not convert string to float: ''
error file:C:\Users\yinlo\AppData\Local\Temp\_MEI337162\SC12060.py
error line:893
2025-06-13T12:47:38.506449+0800 ERROR could not convert string to float: ''
error file:C:\Users\yinlo\AppData\Local\Temp\_MEI337162\SC12060.py
error line:893
2025-06-13T12:47:39.514267+0800 ERROR could not convert string to float: ''
error file:C:\Users\yinlo\AppData\Local\Temp\_MEI337162\SC12060.py
error line:893
2025-06-13T12:47:40.512894+0800 ERROR could not convert string to float: ''
error file:C:\Users\yinlo\AppData\Local\Temp\_MEI337162\SC12060.py
error line:893
2025-06-13T12:47:41.507062+0800 ERROR could not convert string to float: ''
error file:C:\Users\yinlo\AppData\Local\Temp\_MEI337162\SC12060.py
error line:893
