2025-06-13T12:52:19.352857+0800 INFO INLONG CONNECT FAILED!
2025-06-13T12:52:24.024047+0800 INFO 获取播放库句柄成功
2025-06-13T12:52:27.533806+0800 INFO Login device fail, error code is: 7
2025-06-13T12:52:27.581296+0800 INFO Login device succesed
2025-06-13T12:52:29.466228+0800 INFO Open preview fail, error code is: 3
2025-06-13T12:52:29.467254+0800 INFO Open preview successed
2025-06-13T12:52:32.772146+0800 ERROR could not convert string to float: ''
error file:C:\Users\yinlo\AppData\Local\Temp\_MEI157962\SC12060.py
error line:893
2025-06-13T12:52:33.780603+0800 ERROR could not convert string to float: ''
error file:C:\Users\yinlo\AppData\Local\Temp\_MEI157962\SC12060.py
error line:893
2025-06-13T12:52:34.772965+0800 ERROR could not convert string to float: ''
error file:C:\Users\yinlo\AppData\Local\Temp\_MEI157962\SC12060.py
error line:893
2025-06-13T12:52:35.778170+0800 ERROR could not convert string to float: ''
error file:C:\Users\yinlo\AppData\Local\Temp\_MEI157962\SC12060.py
error line:893
2025-06-13T12:52:36.775767+0800 ERROR could not convert string to float: ''
error file:C:\Users\yinlo\AppData\Local\Temp\_MEI157962\SC12060.py
error line:893
2025-06-13T12:52:37.784014+0800 ERROR could not convert string to float: ''
error file:C:\Users\yinlo\AppData\Local\Temp\_MEI157962\SC12060.py
error line:893
2025-06-13T12:52:38.786793+0800 ERROR could not convert string to float: ''
error file:C:\Users\yinlo\AppData\Local\Temp\_MEI157962\SC12060.py
error line:893
2025-06-13T12:52:39.776919+0800 ERROR could not convert string to float: ''
error file:C:\Users\yinlo\AppData\Local\Temp\_MEI157962\SC12060.py
error line:893
2025-06-13T12:52:40.777327+0800 ERROR could not convert string to float: ''
error file:C:\Users\yinlo\AppData\Local\Temp\_MEI157962\SC12060.py
error line:893
2025-06-13T12:52:41.784616+0800 ERROR could not convert string to float: ''
error file:C:\Users\yinlo\AppData\Local\Temp\_MEI157962\SC12060.py
error line:893
2025-06-13T12:52:42.780774+0800 ERROR could not convert string to float: ''
error file:C:\Users\yinlo\AppData\Local\Temp\_MEI157962\SC12060.py
error line:893
2025-06-13T12:52:43.778901+0800 ERROR could not convert string to float: ''
error file:C:\Users\yinlo\AppData\Local\Temp\_MEI157962\SC12060.py
error line:893
2025-06-13T12:52:44.772806+0800 ERROR could not convert string to float: ''
error file:C:\Users\yinlo\AppData\Local\Temp\_MEI157962\SC12060.py
error line:893
2025-06-13T12:52:45.777106+0800 ERROR could not convert string to float: ''
error file:C:\Users\yinlo\AppData\Local\Temp\_MEI157962\SC12060.py
error line:893
2025-06-13T12:52:46.777786+0800 ERROR could not convert string to float: ''
error file:C:\Users\yinlo\AppData\Local\Temp\_MEI157962\SC12060.py
error line:893
2025-06-13T12:52:47.772483+0800 ERROR could not convert string to float: ''
error file:C:\Users\yinlo\AppData\Local\Temp\_MEI157962\SC12060.py
error line:893
2025-06-13T12:52:48.778027+0800 ERROR could not convert string to float: ''
error file:C:\Users\yinlo\AppData\Local\Temp\_MEI157962\SC12060.py
error line:893
2025-06-13T12:52:49.774657+0800 ERROR could not convert string to float: ''
error file:C:\Users\yinlo\AppData\Local\Temp\_MEI157962\SC12060.py
error line:893
2025-06-13T12:52:50.802139+0800 ERROR could not convert string to float: ''
error file:C:\Users\yinlo\AppData\Local\Temp\_MEI157962\SC12060.py
error line:893
2025-06-13T12:52:51.773432+0800 ERROR could not convert string to float: ''
error file:C:\Users\yinlo\AppData\Local\Temp\_MEI157962\SC12060.py
error line:893
2025-06-13T12:52:52.774765+0800 ERROR could not convert string to float: ''
error file:C:\Users\yinlo\AppData\Local\Temp\_MEI157962\SC12060.py
error line:893
2025-06-13T12:52:53.771647+0800 ERROR could not convert string to float: ''
error file:C:\Users\yinlo\AppData\Local\Temp\_MEI157962\SC12060.py
error line:893
2025-06-13T12:52:54.778212+0800 ERROR could not convert string to float: ''
error file:C:\Users\yinlo\AppData\Local\Temp\_MEI157962\SC12060.py
error line:893
2025-06-13T12:52:55.782777+0800 ERROR could not convert string to float: ''
error file:C:\Users\yinlo\AppData\Local\Temp\_MEI157962\SC12060.py
error line:893
2025-06-13T12:52:56.773932+0800 ERROR could not convert string to float: ''
error file:C:\Users\yinlo\AppData\Local\Temp\_MEI157962\SC12060.py
error line:893
2025-06-13T12:52:57.778054+0800 ERROR could not convert string to float: ''
error file:C:\Users\yinlo\AppData\Local\Temp\_MEI157962\SC12060.py
error line:893
2025-06-13T12:52:58.771371+0800 ERROR could not convert string to float: ''
error file:C:\Users\yinlo\AppData\Local\Temp\_MEI157962\SC12060.py
error line:893
2025-06-13T12:52:59.779715+0800 ERROR could not convert string to float: ''
error file:C:\Users\yinlo\AppData\Local\Temp\_MEI157962\SC12060.py
error line:893
2025-06-13T12:53:00.782433+0800 ERROR could not convert string to float: ''
error file:C:\Users\yinlo\AppData\Local\Temp\_MEI157962\SC12060.py
error line:893
2025-06-13T12:53:01.773883+0800 ERROR could not convert string to float: ''
error file:C:\Users\yinlo\AppData\Local\Temp\_MEI157962\SC12060.py
error line:893
2025-06-13T12:53:02.782974+0800 ERROR could not convert string to float: ''
error file:C:\Users\yinlo\AppData\Local\Temp\_MEI157962\SC12060.py
error line:893
2025-06-13T12:53:03.781056+0800 ERROR could not convert string to float: ''
error file:C:\Users\yinlo\AppData\Local\Temp\_MEI157962\SC12060.py
error line:893
2025-06-13T12:53:04.775016+0800 ERROR could not convert string to float: ''
error file:C:\Users\yinlo\AppData\Local\Temp\_MEI157962\SC12060.py
error line:893
